{
  "fio version" : "fio-3.32-36-g5932",
  "timestamp" : 1664206469,
  "timestamp_ms" : 1664206469804,
  "time" : "Mon Sep 26 17:34:29 2022",
  "global options" : {
    "size" : "512K",
    "rw" : "randrw",
    "bs" : "4K",
    "numjobs" : "1",
    "iodepth" : "128",
    "runtime" : "300",
    "end_fsync" : "1",
    "lat_percentiles" : "1",
    "slat_percentiles" : "1",
    "clat_percentiles" : "1"
  },
  "jobs" : [
    {
      "jobname" : "random-rw",
      "groupid" : 0,
      "error" : 0,
      "eta" : 0,
      "elapsed" : 301,
      "job options" : {
        "name" : "random-rw"
      },
      "read" : {
        "io_bytes" : 78192148480,
        "io_kbytes" : 76359520,
        "bw_bytes" : 260639626,
        "bw" : 254530,
        "iops" : 63632.721224,
        "runtime" : 300001,
        "total_ios" : 19089880,
        "short_ios" : 0,
        "drop_ios" : 0,
        "slat_ns" : {
          "min" : 0,
          "max" : 0,
          "mean" : 0.000000,
          "stddev" : 0.000000,
          "N" : 0
        },
        "clat_ns" : {
          "min" : 682,
          "max" : 6010011,
          "mean" : 10370.391558,
          "stddev" : 6438.989957,
          "N" : 19089880,
          "percentile" : {
            "1.000000" : 9024,
            "5.000000" : 9152,
            "10.000000" : 9280,
            "20.000000" : 9408,
            "30.000000" : 9664,
            "40.000000" : 10176,
            "50.000000" : 10304,
            "60.000000" : 10304,
            "70.000000" : 10432,
            "80.000000" : 10560,
            "90.000000" : 11200,
            "95.000000" : 11456,
            "99.000000" : 16512,
            "99.500000" : 19840,
            "99.900000" : 27264,
            "99.950000" : 43264,
            "99.990000" : 116224
          },
          "bins" : {
            "684" : 2,
            "700" : 2,
            "708" : 4,
            "716" : 3,
            "724" : 15,
            "732" : 21,
            "740" : 49,
            "748" : 80,
            "756" : 91,
            "764" : 114,
            "772" : 138,
            "780" : 178,
            "788" : 165,
            "796" : 165,
            "804" : 187,
            "812" : 161,
            "820" : 140,
            "828" : 100,
            "836" : 96,
            "844" : 99,
            "852" : 107,
            "860" : 111,
            "868" : 121,
            "876" : 124,
            "884" : 142,
            "892" : 115,
            "900" : 120,
            "908" : 111,
            "916" : 97,
            "924" : 64,
            "932" : 54,
            "940" : 59,
            "948" : 41,
            "956" : 31,
            "964" : 25,
            "972" : 15,
            "980" : 9,
            "988" : 17,
            "996" : 6,
            "1004" : 3,
            "1012" : 4,
            "1020" : 4,
            "1032" : 9,
            "1048" : 9,
            "1064" : 5,
            "1080" : 3,
            "1096" : 4,
            "1112" : 6,
            "1128" : 5,
            "1144" : 3,
            "1160" : 2,
            "1176" : 1,
            "1192" : 1,
            "1208" : 2,
            "1224" : 1,
            "1240" : 1,
            "1256" : 1,
            "1288" : 2,
            "1320" : 2,
            "1352" : 3,
            "1384" : 2,
            "1400" : 3,
            "1416" : 2,
            "1432" : 1,
            "1480" : 2,
            "1512" : 1,
            "1544" : 1,
            "1672" : 2,
            "1688" : 1,
            "1704" : 2,
            "1736" : 1,
            "1912" : 1,
            "1960" : 1,
            "2064" : 1,
            "2096" : 1,
            "2128" : 1,
            "2192" : 1,
            "2256" : 1,
            "2352" : 1,
            "2448" : 1,
            "4192" : 1,
            "6048" : 17,
            "6112" : 564,
            "6176" : 3012,
            "6240" : 6391,
            "6304" : 7839,
            "6368" : 8249,
            "6432" : 6607,
            "6496" : 3762,
            "6560" : 1759,
            "6624" : 822,
            "6688" : 485,
            "6752" : 341,
            "6816" : 233,
            "6880" : 149,
            "6944" : 112,
            "7008" : 89,
            "7072" : 240,
            "7136" : 439,
            "7200" : 617,
            "7264" : 588,
            "7328" : 445,
            "7392" : 244,
            "7456" : 111,
            "7520" : 90,
            "7584" : 49,
            "7648" : 47,
            "7712" : 43,
            "7776" : 54,
            "7840" : 62,
            "7904" : 88,
            "7968" : 76,
            "8032" : 89,
            "8096" : 87,
            "8160" : 72,
            "8256" : 162,
            "8384" : 142,
            "8512" : 113,
            "8640" : 130,
            "8768" : 6578,
            "8896" : 101377,
            "9024" : 372936,
            "9152" : 780768,
            "9280" : 1312442,
            "9408" : 1341790,
            "9536" : 1068963,
            "9664" : 708605,
            "9792" : 326437,
            "9920" : 278589,
            "10048" : 929835,
            "10176" : 1934237,
            "10304" : 2599670,
            "10432" : 2330225,
            "10560" : 1446611,
            "10688" : 615131,
            "10816" : 256208,
            "10944" : 264900,
            "11072" : 393064,
            "11200" : 437768,
            "11328" : 358198,
            "11456" : 224787,
            "11584" : 122349,
            "11712" : 69850,
            "11840" : 52665,
            "11968" : 50729,
            "12096" : 49331,
            "12224" : 41764,
            "12352" : 29911,
            "12480" : 23798,
            "12608" : 20285,
            "12736" : 18572,
            "12864" : 17634,
            "12992" : 16370,
            "13120" : 15407,
            "13248" : 14560,
            "13376" : 13605,
            "13504" : 13104,
            "13632" : 12673,
            "13760" : 12528,
            "13888" : 11866,
            "14016" : 10871,
            "14144" : 10102,
            "14272" : 9498,
            "14400" : 8915,
            "14528" : 8751,
            "14656" : 8293,
            "14784" : 8101,
            "14912" : 7754,
            "15040" : 7410,
            "15168" : 7188,
            "15296" : 6858,
            "15424" : 6781,
            "15552" : 6604,
            "15680" : 6401,
            "15808" : 6318,
            "15936" : 6302,
            "16064" : 6061,
            "16192" : 6111,
            "16320" : 5758,
            "16512" : 11288,
            "16768" : 10730,
            "17024" : 9888,
            "17280" : 9097,
            "17536" : 8472,
            "17792" : 7942,
            "18048" : 7248,
            "18304" : 6809,
            "18560" : 6687,
            "18816" : 6728,
            "19072" : 6826,
            "19328" : 6849,
            "19584" : 6630,
            "19840" : 6499,
            "20096" : 6189,
            "20352" : 5824,
            "20608" : 5564,
            "20864" : 5193,
            "21120" : 4680,
            "21376" : 4363,
            "21632" : 4089,
            "21888" : 3720,
            "22144" : 3469,
            "22400" : 3306,
            "22656" : 2917,
            "22912" : 2648,
            "23168" : 2349,
            "23424" : 2027,
            "23680" : 1832,
            "23936" : 1693,
            "24192" : 1518,
            "24448" : 1337,
            "24704" : 1231,
            "24960" : 1116,
            "25216" : 976,
            "25472" : 866,
            "25728" : 814,
            "25984" : 765,
            "26240" : 729,
            "26496" : 687,
            "26752" : 589,
            "27008" : 523,
            "27264" : 475,
            "27520" : 451,
            "27776" : 417,
            "28032" : 425,
            "28288" : 365,
            "28544" : 331,
            "28800" : 302,
            "29056" : 286,
            "29312" : 256,
            "29568" : 276,
            "29824" : 219,
            "30080" : 233,
            "30336" : 215,
            "30592" : 207,
            "30848" : 163,
            "31104" : 165,
            "31360" : 182,
            "31616" : 165,
            "31872" : 152,
            "32128" : 154,
            "32384" : 136,
            "32640" : 143,
            "33024" : 244,
            "33536" : 232,
            "34048" : 229,
            "34560" : 256,
            "35072" : 202,
            "35584" : 196,
            "36096" : 178,
            "36608" : 172,
            "37120" : 190,
            "37632" : 164,
            "38144" : 209,
            "38656" : 207,
            "39168" : 185,
            "39680" : 203,
            "40192" : 190,
            "40704" : 179,
            "41216" : 190,
            "41728" : 177,
            "42240" : 178,
            "42752" : 170,
            "43264" : 156,
            "43776" : 158,
            "44288" : 145,
            "44800" : 142,
            "45312" : 133,
            "45824" : 114,
            "46336" : 99,
            "46848" : 112,
            "47360" : 117,
            "47872" : 122,
            "48384" : 109,
            "48896" : 98,
            "49408" : 82,
            "49920" : 79,
            "50432" : 80,
            "50944" : 83,
            "51456" : 59,
            "51968" : 67,
            "52480" : 53,
            "52992" : 62,
            "53504" : 47,
            "54016" : 56,
            "54528" : 45,
            "55040" : 47,
            "55552" : 37,
            "56064" : 53,
            "56576" : 46,
            "57088" : 39,
            "57600" : 60,
            "58112" : 52,
            "58624" : 50,
            "59136" : 47,
            "59648" : 46,
            "60160" : 44,
            "60672" : 44,
            "61184" : 53,
            "61696" : 54,
            "62208" : 63,
            "62720" : 51,
            "63232" : 67,
            "63744" : 29,
            "64256" : 53,
            "64768" : 55,
            "65280" : 47,
            "66048" : 93,
            "67072" : 97,
            "68096" : 90,
            "69120" : 100,
            "70144" : 113,
            "71168" : 156,
            "72192" : 319,
            "73216" : 471,
            "74240" : 478,
            "75264" : 384,
            "76288" : 244,
            "77312" : 152,
            "78336" : 104,
            "79360" : 99,
            "80384" : 80,
            "81408" : 62,
            "82432" : 55,
            "83456" : 73,
            "84480" : 79,
            "85504" : 65,
            "86528" : 83,
            "87552" : 77,
            "88576" : 67,
            "89600" : 61,
            "90624" : 48,
            "91648" : 39,
            "92672" : 48,
            "93696" : 47,
            "94720" : 43,
            "95744" : 48,
            "96768" : 33,
            "97792" : 43,
            "98816" : 31,
            "99840" : 38,
            "100864" : 42,
            "101888" : 34,
            "102912" : 34,
            "103936" : 34,
            "104960" : 39,
            "105984" : 33,
            "107008" : 32,
            "108032" : 27,
            "109056" : 24,
            "110080" : 31,
            "111104" : 27,
            "112128" : 19,
            "113152" : 19,
            "114176" : 13,
            "115200" : 16,
            "116224" : 16,
            "117248" : 25,
            "118272" : 15,
            "119296" : 13,
            "120320" : 16,
            "121344" : 14,
            "122368" : 17,
            "123392" : 12,
            "124416" : 16,
            "125440" : 9,
            "126464" : 10,
            "127488" : 17,
            "128512" : 10,
            "129536" : 13,
            "130560" : 6,
            "132096" : 20,
            "134144" : 22,
            "136192" : 25,
            "138240" : 25,
            "140288" : 16,
            "142336" : 11,
            "144384" : 21,
            "146432" : 7,
            "148480" : 8,
            "150528" : 10,
            "152576" : 11,
            "154624" : 9,
            "156672" : 2,
            "158720" : 3,
            "160768" : 5,
            "162816" : 3,
            "164864" : 6,
            "166912" : 4,
            "168960" : 2,
            "171008" : 3,
            "173056" : 3,
            "175104" : 3,
            "177152" : 6,
            "179200" : 3,
            "181248" : 2,
            "183296" : 9,
            "185344" : 7,
            "187392" : 6,
            "189440" : 9,
            "191488" : 7,
            "193536" : 7,
            "195584" : 6,
            "197632" : 4,
            "199680" : 7,
            "201728" : 7,
            "203776" : 10,
            "205824" : 11,
            "207872" : 7,
            "209920" : 6,
            "211968" : 10,
            "214016" : 3,
            "216064" : 7,
            "218112" : 5,
            "220160" : 4,
            "222208" : 7,
            "224256" : 10,
            "226304" : 14,
            "228352" : 15,
            "230400" : 9,
            "232448" : 14,
            "234496" : 8,
            "236544" : 6,
            "238592" : 12,
            "240640" : 19,
            "242688" : 21,
            "244736" : 19,
            "246784" : 20,
            "248832" : 25,
            "250880" : 21,
            "252928" : 13,
            "254976" : 15,
            "257024" : 20,
            "259072" : 12,
            "261120" : 13,
            "264192" : 16,
            "268288" : 25,
            "272384" : 17,
            "276480" : 11,
            "280576" : 13,
            "284672" : 13,
            "288768" : 5,
            "292864" : 5,
            "296960" : 8,
            "301056" : 1,
            "305152" : 3,
            "309248" : 2,
            "313344" : 4,
            "317440" : 7,
            "321536" : 9,
            "325632" : 4,
            "329728" : 1,
            "333824" : 2,
            "337920" : 5,
            "342016" : 6,
            "346112" : 1,
            "366592" : 1,
            "370688" : 1,
            "374784" : 1,
            "378880" : 2,
            "382976" : 4,
            "387072" : 9,
            "391168" : 6,
            "395264" : 7,
            "399360" : 10,
            "403456" : 28,
            "407552" : 48,
            "411648" : 45,
            "415744" : 35,
            "419840" : 16,
            "423936" : 5,
            "428032" : 20,
            "432128" : 18,
            "436224" : 19,
            "440320" : 8,
            "444416" : 6,
            "448512" : 1,
            "464896" : 2,
            "489472" : 1,
            "501760" : 1,
            "518144" : 2,
            "536576" : 1,
            "552960" : 2,
            "577536" : 1,
            "585728" : 3,
            "593920" : 3,
            "602112" : 3,
            "610304" : 3,
            "618496" : 2,
            "626688" : 3,
            "634880" : 1,
            "643072" : 1,
            "667648" : 2,
            "684032" : 1,
            "700416" : 2,
            "708608" : 4,
            "716800" : 9,
            "724992" : 10,
            "733184" : 13,
            "741376" : 10,
            "749568" : 24,
            "757760" : 34,
            "765952" : 43,
            "774144" : 38,
            "782336" : 50,
            "790528" : 53,
            "798720" : 53,
            "806912" : 59,
            "815104" : 41,
            "823296" : 27,
            "831488" : 25,
            "839680" : 11,
            "847872" : 4,
            "856064" : 4,
            "864256" : 5,
            "872448" : 1,
            "880640" : 3,
            "897024" : 1,
            "946176" : 1,
            "978944" : 2,
            "1003520" : 1,
            "1019904" : 1,
            "1028096" : 1,
            "1089536" : 2,
            "1122304" : 1,
            "1155072" : 1,
            "1171456" : 1,
            "1187840" : 2,
            "1220608" : 1,
            "1236992" : 1,
            "1400832" : 1,
            "1482752" : 1,
            "1630208" : 1,
            "1662976" : 1,
            "1990656" : 1,
            "2007040" : 2,
            "2211840" : 1,
            "2310144" : 2,
            "2375680" : 1,
            "2572288" : 2,
            "2801664" : 1,
            "2834432" : 1,
            "2867200" : 1,
            "3293184" : 1,
            "3325952" : 1,
            "3391488" : 2,
            "3424256" : 1,
            "3686400" : 1,
            "3981312" : 1,
            "4112384" : 1,
            "4358144" : 1,
            "5079040" : 1,
            "5603328" : 1,
            "5996544" : 1
          }
        },
        "lat_ns" : {
          "min" : 716,
          "max" : 6010058,
          "mean" : 10410.920756,
          "stddev" : 6442.140017,
          "N" : 19089880,
          "percentile" : {
            "1.000000" : 9024,
            "5.000000" : 9152,
            "10.000000" : 9280,
            "20.000000" : 9536,
            "30.000000" : 9792,
            "40.000000" : 10176,
            "50.000000" : 10304,
            "60.000000" : 10432,
            "70.000000" : 10432,
            "80.000000" : 10688,
            "90.000000" : 11200,
            "95.000000" : 11584,
            "99.000000" : 16768,
            "99.500000" : 19840,
            "99.900000" : 27264,
            "99.950000" : 43264,
            "99.990000" : 116224
          },
          "bins" : {
            "716" : 2,
            "732" : 2,
            "740" : 2,
            "748" : 5,
            "756" : 12,
            "764" : 17,
            "772" : 47,
            "780" : 63,
            "788" : 84,
            "796" : 92,
            "804" : 106,
            "812" : 145,
            "820" : 149,
            "828" : 162,
            "836" : 167,
            "844" : 166,
            "852" : 161,
            "860" : 128,
            "868" : 114,
            "876" : 93,
            "884" : 95,
            "892" : 106,
            "900" : 111,
            "908" : 120,
            "916" : 120,
            "924" : 131,
            "932" : 135,
            "940" : 115,
            "948" : 110,
            "956" : 93,
            "964" : 65,
            "972" : 63,
            "980" : 54,
            "988" : 40,
            "996" : 24,
            "1004" : 19,
            "1012" : 19,
            "1020" : 16,
            "1032" : 17,
            "1048" : 10,
            "1064" : 9,
            "1080" : 6,
            "1096" : 9,
            "1112" : 5,
            "1128" : 4,
            "1144" : 5,
            "1160" : 6,
            "1176" : 1,
            "1192" : 3,
            "1208" : 2,
            "1224" : 5,
            "1240" : 1,
            "1256" : 1,
            "1288" : 3,
            "1320" : 1,
            "1336" : 2,
            "1368" : 1,
            "1384" : 1,
            "1400" : 1,
            "1448" : 1,
            "1464" : 1,
            "1496" : 2,
            "1528" : 1,
            "1544" : 2,
            "1560" : 2,
            "1576" : 1,
            "1592" : 1,
            "1608" : 1,
            "1656" : 2,
            "1672" : 1,
            "1704" : 1,
            "1800" : 1,
            "1848" : 2,
            "1864" : 1,
            "1880" : 1,
            "1896" : 1,
            "2128" : 1,
            "2160" : 1,
            "2192" : 1,
            "2256" : 1,
            "2320" : 1,
            "2384" : 2,
            "2480" : 1,
            "2544" : 1,
            "4768" : 1,
            "6048" : 1,
            "6112" : 91,
            "6176" : 1266,
            "6240" : 4419,
            "6304" : 7131,
            "6368" : 8330,
            "6432" : 7984,
            "6496" : 5447,
            "6560" : 2724,
            "6624" : 1187,
            "6688" : 658,
            "6752" : 435,
            "6816" : 273,
            "6880" : 208,
            "6944" : 124,
            "7008" : 84,
            "7072" : 141,
            "7136" : 306,
            "7200" : 513,
            "7264" : 668,
            "7328" : 552,
            "7392" : 346,
            "7456" : 169,
            "7520" : 95,
            "7584" : 75,
            "7648" : 50,
            "7712" : 41,
            "7776" : 43,
            "7840" : 57,
            "7904" : 67,
            "7968" : 78,
            "8032" : 65,
            "8096" : 81,
            "8160" : 66,
            "8256" : 134,
            "8384" : 163,
            "8512" : 143,
            "8640" : 99,
            "8768" : 2055,
            "8896" : 53269,
            "9024" : 278422,
            "9152" : 634657,
            "9280" : 1176628,
            "9408" : 1394310,
            "9536" : 1153286,
            "9664" : 831638,
            "9792" : 423805,
            "9920" : 230506,
            "10048" : 664878,
            "10176" : 1629576,
            "10304" : 2489713,
            "10432" : 2499652,
            "10560" : 1738365,
            "10688" : 823246,
            "10816" : 316400,
            "10944" : 238938,
            "11072" : 356592,
            "11200" : 436824,
            "11328" : 387587,
            "11456" : 259281,
            "11584" : 145479,
            "11712" : 81630,
            "11840" : 58559,
            "11968" : 54692,
            "12096" : 53004,
            "12224" : 46180,
            "12352" : 33486,
            "12480" : 25694,
            "12608" : 21699,
            "12736" : 19544,
            "12864" : 18091,
            "12992" : 16976,
            "13120" : 15876,
            "13248" : 14755,
            "13376" : 13877,
            "13504" : 13176,
            "13632" : 12820,
            "13760" : 12669,
            "13888" : 12261,
            "14016" : 11369,
            "14144" : 10388,
            "14272" : 9621,
            "14400" : 9178,
            "14528" : 8865,
            "14656" : 8439,
            "14784" : 8236,
            "14912" : 7934,
            "15040" : 7654,
            "15168" : 7180,
            "15296" : 7056,
            "15424" : 6744,
            "15552" : 6687,
            "15680" : 6471,
            "15808" : 6372,
            "15936" : 6229,
            "16064" : 6253,
            "16192" : 6058,
            "16320" : 5973,
            "16512" : 11384,
            "16768" : 10890,
            "17024" : 10144,
            "17280" : 9324,
            "17536" : 8582,
            "17792" : 8041,
            "18048" : 7514,
            "18304" : 6904,
            "18560" : 6684,
            "18816" : 6806,
            "19072" : 6860,
            "19328" : 6870,
            "19584" : 6708,
            "19840" : 6597,
            "20096" : 6269,
            "20352" : 5898,
            "20608" : 5746,
            "20864" : 5252,
            "21120" : 4853,
            "21376" : 4434,
            "21632" : 4185,
            "21888" : 3835,
            "22144" : 3547,
            "22400" : 3385,
            "22656" : 3030,
            "22912" : 2702,
            "23168" : 2447,
            "23424" : 2076,
            "23680" : 1895,
            "23936" : 1716,
            "24192" : 1549,
            "24448" : 1401,
            "24704" : 1229,
            "24960" : 1144,
            "25216" : 1041,
            "25472" : 894,
            "25728" : 807,
            "25984" : 805,
            "26240" : 709,
            "26496" : 688,
            "26752" : 637,
            "27008" : 557,
            "27264" : 458,
            "27520" : 463,
            "27776" : 445,
            "28032" : 427,
            "28288" : 388,
            "28544" : 326,
            "28800" : 310,
            "29056" : 294,
            "29312" : 265,
            "29568" : 279,
            "29824" : 225,
            "30080" : 233,
            "30336" : 209,
            "30592" : 217,
            "30848" : 169,
            "31104" : 168,
            "31360" : 185,
            "31616" : 163,
            "31872" : 153,
            "32128" : 155,
            "32384" : 152,
            "32640" : 140,
            "33024" : 240,
            "33536" : 243,
            "34048" : 231,
            "34560" : 235,
            "35072" : 217,
            "35584" : 205,
            "36096" : 177,
            "36608" : 173,
            "37120" : 193,
            "37632" : 158,
            "38144" : 211,
            "38656" : 207,
            "39168" : 183,
            "39680" : 205,
            "40192" : 192,
            "40704" : 186,
            "41216" : 192,
            "41728" : 176,
            "42240" : 174,
            "42752" : 177,
            "43264" : 150,
            "43776" : 161,
            "44288" : 150,
            "44800" : 136,
            "45312" : 143,
            "45824" : 110,
            "46336" : 103,
            "46848" : 109,
            "47360" : 120,
            "47872" : 123,
            "48384" : 105,
            "48896" : 103,
            "49408" : 80,
            "49920" : 83,
            "50432" : 81,
            "50944" : 78,
            "51456" : 66,
            "51968" : 66,
            "52480" : 57,
            "52992" : 62,
            "53504" : 49,
            "54016" : 56,
            "54528" : 43,
            "55040" : 46,
            "55552" : 38,
            "56064" : 50,
            "56576" : 47,
            "57088" : 42,
            "57600" : 59,
            "58112" : 48,
            "58624" : 55,
            "59136" : 46,
            "59648" : 44,
            "60160" : 44,
            "60672" : 45,
            "61184" : 52,
            "61696" : 56,
            "62208" : 61,
            "62720" : 54,
            "63232" : 64,
            "63744" : 32,
            "64256" : 54,
            "64768" : 55,
            "65280" : 46,
            "66048" : 93,
            "67072" : 97,
            "68096" : 88,
            "69120" : 105,
            "70144" : 108,
            "71168" : 160,
            "72192" : 300,
            "73216" : 471,
            "74240" : 487,
            "75264" : 384,
            "76288" : 252,
            "77312" : 157,
            "78336" : 108,
            "79360" : 96,
            "80384" : 84,
            "81408" : 64,
            "82432" : 51,
            "83456" : 75,
            "84480" : 81,
            "85504" : 62,
            "86528" : 85,
            "87552" : 78,
            "88576" : 68,
            "89600" : 58,
            "90624" : 50,
            "91648" : 39,
            "92672" : 50,
            "93696" : 46,
            "94720" : 44,
            "95744" : 45,
            "96768" : 36,
            "97792" : 39,
            "98816" : 36,
            "99840" : 39,
            "100864" : 42,
            "101888" : 33,
            "102912" : 34,
            "103936" : 34,
            "104960" : 38,
            "105984" : 30,
            "107008" : 34,
            "108032" : 30,
            "109056" : 23,
            "110080" : 29,
            "111104" : 29,
            "112128" : 20,
            "113152" : 20,
            "114176" : 12,
            "115200" : 15,
            "116224" : 18,
            "117248" : 26,
            "118272" : 12,
            "119296" : 15,
            "120320" : 16,
            "121344" : 14,
            "122368" : 15,
            "123392" : 12,
            "124416" : 18,
            "125440" : 10,
            "126464" : 8,
            "127488" : 17,
            "128512" : 10,
            "129536" : 13,
            "130560" : 8,
            "132096" : 20,
            "134144" : 19,
            "136192" : 26,
            "138240" : 27,
            "140288" : 15,
            "142336" : 12,
            "144384" : 20,
            "146432" : 8,
            "148480" : 8,
            "150528" : 11,
            "152576" : 11,
            "154624" : 7,
            "156672" : 4,
            "158720" : 3,
            "160768" : 5,
            "162816" : 3,
            "164864" : 6,
            "166912" : 4,
            "168960" : 2,
            "171008" : 3,
            "173056" : 3,
            "175104" : 3,
            "177152" : 6,
            "179200" : 3,
            "181248" : 2,
            "183296" : 9,
            "185344" : 6,
            "187392" : 7,
            "189440" : 9,
            "191488" : 7,
            "193536" : 6,
            "195584" : 7,
            "197632" : 4,
            "199680" : 6,
            "201728" : 8,
            "203776" : 10,
            "205824" : 10,
            "207872" : 8,
            "209920" : 6,
            "211968" : 10,
            "214016" : 3,
            "216064" : 7,
            "218112" : 5,
            "220160" : 4,
            "222208" : 7,
            "224256" : 10,
            "226304" : 13,
            "228352" : 16,
            "230400" : 8,
            "232448" : 15,
            "234496" : 7,
            "236544" : 7,
            "238592" : 12,
            "240640" : 19,
            "242688" : 21,
            "244736" : 19,
            "246784" : 20,
            "248832" : 25,
            "250880" : 21,
            "252928" : 13,
            "254976" : 15,
            "257024" : 20,
            "259072" : 11,
            "261120" : 13,
            "264192" : 16,
            "268288" : 24,
            "272384" : 18,
            "276480" : 12,
            "280576" : 13,
            "284672" : 13,
            "288768" : 5,
            "292864" : 5,
            "296960" : 8,
            "301056" : 1,
            "305152" : 3,
            "309248" : 2,
            "313344" : 4,
            "317440" : 7,
            "321536" : 9,
            "325632" : 4,
            "329728" : 1,
            "333824" : 2,
            "337920" : 5,
            "342016" : 6,
            "346112" : 1,
            "366592" : 1,
            "370688" : 1,
            "374784" : 1,
            "378880" : 2,
            "382976" : 4,
            "387072" : 9,
            "391168" : 6,
            "395264" : 7,
            "399360" : 10,
            "403456" : 28,
            "407552" : 47,
            "411648" : 46,
            "415744" : 35,
            "419840" : 15,
            "423936" : 6,
            "428032" : 18,
            "432128" : 20,
            "436224" : 19,
            "440320" : 8,
            "444416" : 6,
            "448512" : 1,
            "464896" : 2,
            "489472" : 1,
            "501760" : 1,
            "518144" : 2,
            "536576" : 1,
            "552960" : 1,
            "561152" : 1,
            "577536" : 1,
            "585728" : 3,
            "593920" : 3,
            "602112" : 3,
            "610304" : 4,
            "618496" : 2,
            "626688" : 3,
            "634880" : 1,
            "643072" : 1,
            "667648" : 2,
            "692224" : 1,
            "700416" : 2,
            "708608" : 4,
            "716800" : 9,
            "724992" : 10,
            "733184" : 12,
            "741376" : 11,
            "749568" : 24,
            "757760" : 34,
            "765952" : 42,
            "774144" : 39,
            "782336" : 50,
            "790528" : 53,
            "798720" : 53,
            "806912" : 59,
            "815104" : 41,
            "823296" : 27,
            "831488" : 24,
            "839680" : 12,
            "847872" : 4,
            "856064" : 4,
            "864256" : 5,
            "872448" : 1,
            "880640" : 3,
            "897024" : 1,
            "946176" : 1,
            "978944" : 2,
            "1003520" : 1,
            "1019904" : 1,
            "1028096" : 1,
            "1089536" : 2,
            "1122304" : 1,
            "1155072" : 1,
            "1171456" : 1,
            "1187840" : 2,
            "1220608" : 1,
            "1236992" : 1,
            "1400832" : 1,
            "1482752" : 1,
            "1630208" : 1,
            "1662976" : 1,
            "1990656" : 1,
            "2007040" : 2,
            "2211840" : 1,
            "2310144" : 2,
            "2375680" : 1,
            "2572288" : 2,
            "2801664" : 1,
            "2834432" : 1,
            "2867200" : 1,
            "3293184" : 1,
            "3325952" : 1,
            "3391488" : 2,
            "3424256" : 1,
            "3686400" : 1,
            "3981312" : 1,
            "4112384" : 1,
            "4358144" : 1,
            "5079040" : 1,
            "5603328" : 1,
            "5996544" : 1
          }
        },
        "bw_min" : 217264,
        "bw_max" : 303296,
        "bw_agg" : 100.000000,
        "bw_mean" : 254604.687813,
        "bw_dev" : 3590.955406,
        "bw_samples" : 599,
        "iops_min" : 54316,
        "iops_max" : 75824,
        "iops_mean" : 63651.171953,
        "iops_stddev" : 897.738852,
        "iops_samples" : 599
      },
      "write" : {
        "io_bytes" : 78171369472,
        "io_kbytes" : 76339228,
        "bw_bytes" : 260570363,
        "bw" : 254463,
        "iops" : 63615.811281,
        "runtime" : 300001,
        "total_ios" : 19084807,
        "short_ios" : 0,
        "drop_ios" : 0,
        "slat_ns" : {
          "min" : 0,
          "max" : 0,
          "mean" : 0.000000,
          "stddev" : 0.000000,
          "N" : 0
        },
        "clat_ns" : {
          "min" : 1034,
          "max" : 1392988,
          "mean" : 1943.217603,
          "stddev" : 924.262757,
          "N" : 19084807,
          "percentile" : {
            "1.000000" : 1448,
            "5.000000" : 1464,
            "10.000000" : 1480,
            "20.000000" : 1496,
            "30.000000" : 1512,
            "40.000000" : 1544,
            "50.000000" : 2096,
            "60.000000" : 2128,
            "70.000000" : 2160,
            "80.000000" : 2224,
            "90.000000" : 2320,
            "95.000000" : 2736,
            "99.000000" : 3216,
            "99.500000" : 3824,
            "99.900000" : 7392,
            "99.950000" : 11456,
            "99.990000" : 16768
          },
          "bins" : {
            "1032" : 1,
            "1080" : 6,
            "1096" : 75,
            "1112" : 179,
            "1128" : 207,
            "1144" : 243,
            "1160" : 302,
            "1176" : 220,
            "1192" : 166,
            "1208" : 101,
            "1224" : 57,
            "1240" : 53,
            "1256" : 30,
            "1272" : 25,
            "1288" : 24,
            "1304" : 25,
            "1320" : 15,
            "1336" : 22,
            "1352" : 11,
            "1368" : 34,
            "1384" : 443,
            "1400" : 1791,
            "1416" : 4546,
            "1432" : 34523,
            "1448" : 304207,
            "1464" : 1131509,
            "1480" : 1571015,
            "1496" : 1468509,
            "1512" : 1265100,
            "1528" : 1107174,
            "1544" : 766165,
            "1560" : 423732,
            "1576" : 232963,
            "1592" : 125879,
            "1608" : 80228,
            "1624" : 57561,
            "1640" : 44704,
            "1656" : 36802,
            "1672" : 27132,
            "1688" : 20763,
            "1704" : 15182,
            "1720" : 11115,
            "1736" : 8782,
            "1752" : 6964,
            "1768" : 6575,
            "1784" : 6164,
            "1800" : 5742,
            "1816" : 5564,
            "1832" : 4937,
            "1848" : 4480,
            "1864" : 3711,
            "1880" : 3058,
            "1896" : 2550,
            "1912" : 1965,
            "1928" : 1601,
            "1944" : 1225,
            "1960" : 1015,
            "1976" : 1108,
            "1992" : 2165,
            "2008" : 6866,
            "2024" : 21059,
            "2040" : 54667,
            "2064" : 347207,
            "2096" : 937265,
            "2128" : 1568713,
            "2160" : 1815406,
            "2192" : 1553820,
            "2224" : 1027529,
            "2256" : 572289,
            "2288" : 291369,
            "2320" : 185887,
            "2352" : 179517,
            "2384" : 183852,
            "2416" : 157340,
            "2448" : 105798,
            "2480" : 63904,
            "2512" : 41955,
            "2544" : 34480,
            "2576" : 33951,
            "2608" : 34243,
            "2640" : 33903,
            "2672" : 32891,
            "2704" : 29892,
            "2736" : 26595,
            "2768" : 22560,
            "2800" : 19270,
            "2832" : 17089,
            "2864" : 17520,
            "2896" : 24941,
            "2928" : 43968,
            "2960" : 74699,
            "2992" : 105043,
            "3024" : 119267,
            "3056" : 111087,
            "3088" : 84023,
            "3120" : 55998,
            "3152" : 34762,
            "3184" : 21802,
            "3216" : 14289,
            "3248" : 10040,
            "3280" : 7850,
            "3312" : 6467,
            "3344" : 5620,
            "3376" : 5146,
            "3408" : 4699,
            "3440" : 4385,
            "3472" : 4192,
            "3504" : 4020,
            "3536" : 3831,
            "3568" : 3510,
            "3600" : 3360,
            "3632" : 3276,
            "3664" : 3080,
            "3696" : 2914,
            "3728" : 2865,
            "3760" : 2719,
            "3792" : 2608,
            "3824" : 2428,
            "3856" : 2388,
            "3888" : 2165,
            "3920" : 2116,
            "3952" : 1977,
            "3984" : 1980,
            "4016" : 1849,
            "4048" : 1723,
            "4080" : 1708,
            "4128" : 3170,
            "4192" : 3030,
            "4256" : 2850,
            "4320" : 2823,
            "4384" : 2673,
            "4448" : 2479,
            "4512" : 2211,
            "4576" : 2196,
            "4640" : 2010,
            "4704" : 1887,
            "4768" : 1770,
            "4832" : 1692,
            "4896" : 1566,
            "4960" : 1471,
            "5024" : 1362,
            "5088" : 1247,
            "5152" : 1259,
            "5216" : 1175,
            "5280" : 1111,
            "5344" : 1100,
            "5408" : 1044,
            "5472" : 1001,
            "5536" : 1068,
            "5600" : 1008,
            "5664" : 964,
            "5728" : 873,
            "5792" : 830,
            "5856" : 764,
            "5920" : 709,
            "5984" : 746,
            "6048" : 714,
            "6112" : 603,
            "6176" : 563,
            "6240" : 489,
            "6304" : 523,
            "6368" : 505,
            "6432" : 542,
            "6496" : 556,
            "6560" : 588,
            "6624" : 546,
            "6688" : 584,
            "6752" : 577,
            "6816" : 544,
            "6880" : 542,
            "6944" : 519,
            "7008" : 507,
            "7072" : 539,
            "7136" : 514,
            "7200" : 472,
            "7264" : 428,
            "7328" : 404,
            "7392" : 363,
            "7456" : 379,
            "7520" : 333,
            "7584" : 311,
            "7648" : 279,
            "7712" : 284,
            "7776" : 270,
            "7840" : 252,
            "7904" : 267,
            "7968" : 200,
            "8032" : 197,
            "8096" : 207,
            "8160" : 186,
            "8256" : 377,
            "8384" : 346,
            "8512" : 338,
            "8640" : 267,
            "8768" : 305,
            "8896" : 297,
            "9024" : 294,
            "9152" : 292,
            "9280" : 287,
            "9408" : 298,
            "9536" : 273,
            "9664" : 272,
            "9792" : 226,
            "9920" : 199,
            "10048" : 194,
            "10176" : 181,
            "10304" : 133,
            "10432" : 166,
            "10560" : 186,
            "10688" : 163,
            "10816" : 160,
            "10944" : 189,
            "11072" : 219,
            "11200" : 230,
            "11328" : 236,
            "11456" : 278,
            "11584" : 304,
            "11712" : 316,
            "11840" : 325,
            "11968" : 378,
            "12096" : 376,
            "12224" : 386,
            "12352" : 380,
            "12480" : 371,
            "12608" : 359,
            "12736" : 385,
            "12864" : 328,
            "12992" : 345,
            "13120" : 295,
            "13248" : 305,
            "13376" : 239,
            "13504" : 260,
            "13632" : 256,
            "13760" : 253,
            "13888" : 186,
            "14016" : 188,
            "14144" : 151,
            "14272" : 146,
            "14400" : 143,
            "14528" : 108,
            "14656" : 93,
            "14784" : 97,
            "14912" : 65,
            "15040" : 58,
            "15168" : 47,
            "15296" : 56,
            "15424" : 44,
            "15552" : 46,
            "15680" : 34,
            "15808" : 36,
            "15936" : 25,
            "16064" : 21,
            "16192" : 26,
            "16320" : 26,
            "16512" : 39,
            "16768" : 56,
            "17024" : 59,
            "17280" : 52,
            "17536" : 46,
            "17792" : 31,
            "18048" : 37,
            "18304" : 29,
            "18560" : 27,
            "18816" : 41,
            "19072" : 29,
            "19328" : 21,
            "19584" : 31,
            "19840" : 30,
            "20096" : 23,
            "20352" : 27,
            "20608" : 22,
            "20864" : 13,
            "21120" : 15,
            "21376" : 14,
            "21632" : 16,
            "21888" : 14,
            "22144" : 11,
            "22400" : 11,
            "22656" : 6,
            "22912" : 7,
            "23168" : 7,
            "23424" : 7,
            "23680" : 9,
            "23936" : 3,
            "24192" : 6,
            "24448" : 5,
            "24704" : 4,
            "24960" : 6,
            "25216" : 4,
            "25472" : 9,
            "25728" : 7,
            "25984" : 7,
            "26240" : 2,
            "26496" : 9,
            "26752" : 5,
            "27008" : 6,
            "27264" : 5,
            "27520" : 5,
            "27776" : 6,
            "28032" : 8,
            "28288" : 12,
            "28544" : 6,
            "28800" : 7,
            "29056" : 9,
            "29312" : 7,
            "29568" : 7,
            "29824" : 4,
            "30080" : 3,
            "30336" : 3,
            "30592" : 8,
            "30848" : 6,
            "31104" : 6,
            "31360" : 9,
            "31616" : 7,
            "31872" : 12,
            "32128" : 10,
            "32384" : 4,
            "32640" : 7,
            "33024" : 20,
            "33536" : 20,
            "34048" : 19,
            "34560" : 18,
            "35072" : 14,
            "35584" : 8,
            "36096" : 16,
            "36608" : 19,
            "37120" : 14,
            "37632" : 12,
            "38144" : 14,
            "38656" : 9,
            "39168" : 9,
            "39680" : 8,
            "40192" : 12,
            "40704" : 12,
            "41216" : 7,
            "41728" : 10,
            "42240" : 6,
            "42752" : 7,
            "43264" : 6,
            "43776" : 11,
            "44288" : 7,
            "44800" : 14,
            "45312" : 8,
            "45824" : 8,
            "46336" : 8,
            "46848" : 4,
            "47360" : 4,
            "47872" : 2,
            "48384" : 6,
            "48896" : 4,
            "49408" : 3,
            "49920" : 2,
            "50432" : 5,
            "50944" : 4,
            "51456" : 2,
            "51968" : 1,
            "52480" : 5,
            "52992" : 4,
            "53504" : 3,
            "54528" : 6,
            "55040" : 4,
            "55552" : 2,
            "56064" : 6,
            "56576" : 4,
            "57088" : 4,
            "57600" : 4,
            "58112" : 2,
            "58624" : 3,
            "59136" : 3,
            "59648" : 3,
            "60160" : 2,
            "60672" : 2,
            "61184" : 2,
            "61696" : 4,
            "62208" : 3,
            "62720" : 1,
            "63232" : 4,
            "63744" : 11,
            "64256" : 23,
            "64768" : 44,
            "65280" : 66,
            "66048" : 144,
            "67072" : 67,
            "68096" : 37,
            "69120" : 19,
            "70144" : 4,
            "71168" : 4,
            "72192" : 6,
            "73216" : 9,
            "74240" : 8,
            "75264" : 8,
            "76288" : 6,
            "77312" : 9,
            "78336" : 6,
            "79360" : 11,
            "80384" : 9,
            "81408" : 9,
            "82432" : 6,
            "83456" : 7,
            "84480" : 7,
            "85504" : 7,
            "86528" : 5,
            "87552" : 1,
            "88576" : 4,
            "89600" : 4,
            "90624" : 2,
            "91648" : 2,
            "92672" : 1,
            "93696" : 2,
            "94720" : 2,
            "95744" : 3,
            "96768" : 2,
            "97792" : 1,
            "98816" : 3,
            "99840" : 4,
            "100864" : 1,
            "101888" : 1,
            "104960" : 1,
            "105984" : 1,
            "107008" : 2,
            "109056" : 1,
            "110080" : 1,
            "111104" : 1,
            "112128" : 1,
            "113152" : 1,
            "122368" : 1,
            "132096" : 1,
            "138240" : 1,
            "152576" : 1,
            "158720" : 1,
            "162816" : 1,
            "164864" : 1,
            "166912" : 2,
            "171008" : 1,
            "175104" : 1,
            "179200" : 2,
            "181248" : 1,
            "185344" : 1,
            "189440" : 1,
            "195584" : 2,
            "203776" : 1,
            "317440" : 1,
            "337920" : 1,
            "346112" : 1,
            "354304" : 1,
            "362496" : 2,
            "366592" : 1,
            "374784" : 1,
            "378880" : 2,
            "411648" : 1,
            "456704" : 1,
            "468992" : 1,
            "528384" : 1,
            "569344" : 1,
            "593920" : 2,
            "610304" : 1,
            "880640" : 1,
            "1400832" : 1
          }
        },
        "lat_ns" : {
          "min" : 1098,
          "max" : 1393050,
          "mean" : 2014.402771,
          "stddev" : 942.129800,
          "N" : 19084807,
          "percentile" : {
            "1.000000" : 1512,
            "5.000000" : 1528,
            "10.000000" : 1544,
            "20.000000" : 1560,
            "30.000000" : 1576,
            "40.000000" : 1608,
            "50.000000" : 2160,
            "60.000000" : 2224,
            "70.000000" : 2256,
            "80.000000" : 2288,
            "90.000000" : 2416,
            "95.000000" : 2864,
            "99.000000" : 3344,
            "99.500000" : 3984,
            "99.900000" : 7648,
            "99.950000" : 11712,
            "99.990000" : 17280
          },
          "bins" : {
            "1096" : 1,
            "1144" : 14,
            "1160" : 80,
            "1176" : 198,
            "1192" : 195,
            "1208" : 250,
            "1224" : 304,
            "1240" : 222,
            "1256" : 153,
            "1272" : 90,
            "1288" : 59,
            "1304" : 50,
            "1320" : 24,
            "1336" : 29,
            "1352" : 20,
            "1368" : 27,
            "1384" : 17,
            "1400" : 17,
            "1416" : 13,
            "1432" : 43,
            "1448" : 460,
            "1464" : 1903,
            "1480" : 4564,
            "1496" : 44233,
            "1512" : 346190,
            "1528" : 1224275,
            "1544" : 1641644,
            "1560" : 1390982,
            "1576" : 1282450,
            "1592" : 1056446,
            "1608" : 719197,
            "1624" : 403840,
            "1640" : 211321,
            "1656" : 121318,
            "1672" : 74933,
            "1688" : 55897,
            "1704" : 44984,
            "1720" : 34931,
            "1736" : 26777,
            "1752" : 19553,
            "1768" : 14699,
            "1784" : 11018,
            "1800" : 8233,
            "1816" : 6798,
            "1832" : 6063,
            "1848" : 5946,
            "1864" : 5648,
            "1880" : 5286,
            "1896" : 5074,
            "1912" : 4360,
            "1928" : 3795,
            "1944" : 3232,
            "1960" : 2559,
            "1976" : 2111,
            "1992" : 1671,
            "2008" : 1287,
            "2024" : 1036,
            "2040" : 979,
            "2064" : 5685,
            "2096" : 47356,
            "2128" : 239335,
            "2160" : 704296,
            "2192" : 1346486,
            "2224" : 1755208,
            "2256" : 1689017,
            "2288" : 1214358,
            "2320" : 715871,
            "2352" : 384205,
            "2384" : 232589,
            "2416" : 204976,
            "2448" : 194817,
            "2480" : 158662,
            "2512" : 106200,
            "2544" : 62918,
            "2576" : 39950,
            "2608" : 31037,
            "2640" : 28712,
            "2672" : 29080,
            "2704" : 28439,
            "2736" : 27684,
            "2768" : 26537,
            "2800" : 25305,
            "2832" : 24303,
            "2864" : 23001,
            "2896" : 21414,
            "2928" : 20102,
            "2960" : 23150,
            "2992" : 36297,
            "3024" : 61320,
            "3056" : 92748,
            "3088" : 112641,
            "3120" : 112503,
            "3152" : 94339,
            "3184" : 67070,
            "3216" : 45280,
            "3248" : 28843,
            "3280" : 19992,
            "3312" : 14426,
            "3344" : 11416,
            "3376" : 9423,
            "3408" : 7745,
            "3440" : 6677,
            "3472" : 5860,
            "3504" : 5127,
            "3536" : 4787,
            "3568" : 4559,
            "3600" : 4286,
            "3632" : 4023,
            "3664" : 3734,
            "3696" : 3604,
            "3728" : 3401,
            "3760" : 3248,
            "3792" : 3087,
            "3824" : 2922,
            "3856" : 2930,
            "3888" : 2663,
            "3920" : 2549,
            "3952" : 2474,
            "3984" : 2337,
            "4016" : 2265,
            "4048" : 2106,
            "4080" : 1970,
            "4128" : 3801,
            "4192" : 3470,
            "4256" : 3133,
            "4320" : 2934,
            "4384" : 2884,
            "4448" : 2850,
            "4512" : 2633,
            "4576" : 2511,
            "4640" : 2310,
            "4704" : 2233,
            "4768" : 1979,
            "4832" : 1819,
            "4896" : 1728,
            "4960" : 1637,
            "5024" : 1472,
            "5088" : 1462,
            "5152" : 1419,
            "5216" : 1344,
            "5280" : 1218,
            "5344" : 1225,
            "5408" : 1138,
            "5472" : 1113,
            "5536" : 1103,
            "5600" : 1099,
            "5664" : 1062,
            "5728" : 1005,
            "5792" : 931,
            "5856" : 877,
            "5920" : 880,
            "5984" : 877,
            "6048" : 756,
            "6112" : 809,
            "6176" : 743,
            "6240" : 640,
            "6304" : 600,
            "6368" : 565,
            "6432" : 621,
            "6496" : 579,
            "6560" : 588,
            "6624" : 656,
            "6688" : 632,
            "6752" : 627,
            "6816" : 611,
            "6880" : 603,
            "6944" : 565,
            "7008" : 550,
            "7072" : 562,
            "7136" : 567,
            "7200" : 548,
            "7264" : 540,
            "7328" : 498,
            "7392" : 454,
            "7456" : 436,
            "7520" : 436,
            "7584" : 359,
            "7648" : 363,
            "7712" : 337,
            "7776" : 296,
            "7840" : 296,
            "7904" : 264,
            "7968" : 282,
            "8032" : 245,
            "8096" : 218,
            "8160" : 210,
            "8256" : 391,
            "8384" : 350,
            "8512" : 351,
            "8640" : 323,
            "8768" : 321,
            "8896" : 304,
            "9024" : 314,
            "9152" : 319,
            "9280" : 309,
            "9408" : 315,
            "9536" : 296,
            "9664" : 290,
            "9792" : 283,
            "9920" : 227,
            "10048" : 205,
            "10176" : 214,
            "10304" : 174,
            "10432" : 148,
            "10560" : 181,
            "10688" : 192,
            "10816" : 165,
            "10944" : 170,
            "11072" : 215,
            "11200" : 234,
            "11328" : 246,
            "11456" : 245,
            "11584" : 302,
            "11712" : 329,
            "11840" : 329,
            "11968" : 358,
            "12096" : 384,
            "12224" : 398,
            "12352" : 390,
            "12480" : 381,
            "12608" : 375,
            "12736" : 393,
            "12864" : 365,
            "12992" : 358,
            "13120" : 353,
            "13248" : 304,
            "13376" : 267,
            "13504" : 262,
            "13632" : 260,
            "13760" : 276,
            "13888" : 256,
            "14016" : 184,
            "14144" : 176,
            "14272" : 166,
            "14400" : 127,
            "14528" : 143,
            "14656" : 112,
            "14784" : 112,
            "14912" : 77,
            "15040" : 66,
            "15168" : 55,
            "15296" : 51,
            "15424" : 51,
            "15552" : 46,
            "15680" : 42,
            "15808" : 38,
            "15936" : 38,
            "16064" : 26,
            "16192" : 18,
            "16320" : 29,
            "16512" : 45,
            "16768" : 47,
            "17024" : 70,
            "17280" : 58,
            "17536" : 46,
            "17792" : 39,
            "18048" : 39,
            "18304" : 28,
            "18560" : 29,
            "18816" : 37,
            "19072" : 33,
            "19328" : 27,
            "19584" : 24,
            "19840" : 29,
            "20096" : 28,
            "20352" : 32,
            "20608" : 19,
            "20864" : 24,
            "21120" : 11,
            "21376" : 15,
            "21632" : 18,
            "21888" : 16,
            "22144" : 14,
            "22400" : 10,
            "22656" : 8,
            "22912" : 8,
            "23168" : 8,
            "23424" : 6,
            "23680" : 5,
            "23936" : 7,
            "24192" : 3,
            "24448" : 7,
            "24704" : 6,
            "24960" : 7,
            "25216" : 2,
            "25472" : 10,
            "25728" : 8,
            "25984" : 6,
            "26240" : 4,
            "26496" : 5,
            "26752" : 9,
            "27008" : 5,
            "27264" : 5,
            "27520" : 7,
            "27776" : 5,
            "28032" : 7,
            "28288" : 11,
            "28544" : 9,
            "28800" : 10,
            "29056" : 7,
            "29312" : 7,
            "29568" : 6,
            "29824" : 5,
            "30080" : 3,
            "30336" : 4,
            "30592" : 7,
            "30848" : 7,
            "31104" : 8,
            "31360" : 9,
            "31616" : 6,
            "31872" : 13,
            "32128" : 7,
            "32384" : 7,
            "32640" : 5,
            "33024" : 23,
            "33536" : 18,
            "34048" : 17,
            "34560" : 22,
            "35072" : 13,
            "35584" : 9,
            "36096" : 14,
            "36608" : 21,
            "37120" : 14,
            "37632" : 12,
            "38144" : 18,
            "38656" : 9,
            "39168" : 9,
            "39680" : 7,
            "40192" : 10,
            "40704" : 12,
            "41216" : 11,
            "41728" : 9,
            "42240" : 6,
            "42752" : 8,
            "43264" : 7,
            "43776" : 10,
            "44288" : 9,
            "44800" : 13,
            "45312" : 9,
            "45824" : 6,
            "46336" : 10,
            "46848" : 4,
            "47360" : 4,
            "47872" : 2,
            "48384" : 6,
            "48896" : 3,
            "49408" : 5,
            "49920" : 2,
            "50432" : 4,
            "50944" : 4,
            "51456" : 3,
            "51968" : 1,
            "52480" : 4,
            "52992" : 5,
            "53504" : 3,
            "54528" : 6,
            "55040" : 1,
            "55552" : 5,
            "56064" : 5,
            "56576" : 4,
            "57088" : 3,
            "57600" : 5,
            "58112" : 1,
            "58624" : 4,
            "59136" : 5,
            "59648" : 3,
            "60160" : 1,
            "60672" : 3,
            "61184" : 2,
            "61696" : 4,
            "62208" : 3,
            "62720" : 2,
            "63232" : 4,
            "63744" : 10,
            "64256" : 19,
            "64768" : 44,
            "65280" : 60,
            "66048" : 153,
            "67072" : 76,
            "68096" : 39,
            "69120" : 19,
            "70144" : 7,
            "71168" : 5,
            "72192" : 6,
            "73216" : 9,
            "74240" : 8,
            "75264" : 8,
            "76288" : 6,
            "77312" : 10,
            "78336" : 6,
            "79360" : 11,
            "80384" : 9,
            "81408" : 9,
            "82432" : 7,
            "83456" : 8,
            "84480" : 7,
            "85504" : 7,
            "86528" : 4,
            "87552" : 2,
            "88576" : 4,
            "89600" : 4,
            "90624" : 1,
            "91648" : 3,
            "92672" : 1,
            "93696" : 2,
            "94720" : 2,
            "95744" : 3,
            "96768" : 3,
            "97792" : 1,
            "98816" : 3,
            "99840" : 2,
            "100864" : 3,
            "101888" : 1,
            "102912" : 1,
            "104960" : 1,
            "105984" : 2,
            "107008" : 2,
            "109056" : 1,
            "111104" : 1,
            "112128" : 1,
            "113152" : 2,
            "122368" : 1,
            "123392" : 1,
            "132096" : 1,
            "138240" : 1,
            "152576" : 1,
            "158720" : 1,
            "162816" : 1,
            "164864" : 1,
            "166912" : 2,
            "171008" : 1,
            "175104" : 1,
            "179200" : 2,
            "181248" : 2,
            "185344" : 1,
            "189440" : 1,
            "191488" : 1,
            "195584" : 3,
            "203776" : 1,
            "317440" : 1,
            "337920" : 1,
            "346112" : 1,
            "354304" : 1,
            "358400" : 1,
            "362496" : 2,
            "366592" : 1,
            "374784" : 1,
            "378880" : 2,
            "411648" : 1,
            "456704" : 1,
            "468992" : 1,
            "528384" : 1,
            "569344" : 1,
            "593920" : 2,
            "610304" : 1,
            "880640" : 1,
            "1400832" : 1
          }
        },
        "bw_min" : 219072,
        "bw_max" : 303376,
        "bw_agg" : 100.000000,
        "bw_mean" : 254539.285476,
        "bw_dev" : 3851.484984,
        "bw_samples" : 599,
        "iops_min" : 54768,
        "iops_max" : 75844,
        "iops_mean" : 63634.821369,
        "iops_stddev" : 962.871246,
        "iops_samples" : 599
      },
      "trim" : {
        "io_bytes" : 0,
        "io_kbytes" : 0,
        "bw_bytes" : 0,
        "bw" : 0,
        "iops" : 0.000000,
        "runtime" : 0,
        "total_ios" : 0,
        "short_ios" : 0,
        "drop_ios" : 0,
        "slat_ns" : {
          "min" : 0,
          "max" : 0,
          "mean" : 0.000000,
          "stddev" : 0.000000,
          "N" : 0
        },
        "clat_ns" : {
          "min" : 0,
          "max" : 0,
          "mean" : 0.000000,
          "stddev" : 0.000000,
          "N" : 0
        },
        "lat_ns" : {
          "min" : 0,
          "max" : 0,
          "mean" : 0.000000,
          "stddev" : 0.000000,
          "N" : 0
        },
        "bw_min" : 0,
        "bw_max" : 0,
        "bw_agg" : 0.000000,
        "bw_mean" : 0.000000,
        "bw_dev" : 0.000000,
        "bw_samples" : 0,
        "iops_min" : 0,
        "iops_max" : 0,
        "iops_mean" : 0.000000,
        "iops_stddev" : 0.000000,
        "iops_samples" : 0
      },
      "sync" : {
        "total_ios" : 0,
        "lat_ns" : {
          "min" : 0,
          "max" : 0,
          "mean" : 0.000000,
          "stddev" : 0.000000,
          "N" : 0
        }
      },
      "job_runtime" : 300000,
      "usr_cpu" : 12.654333,
      "sys_cpu" : 61.503333,
      "ctx" : 19110096,
      "majf" : 0,
      "minf" : 18,
      "iodepth_level" : {
        "1" : 100.000000,
        "2" : 0.000000,
        "4" : 0.000000,
        "8" : 0.000000,
        "16" : 0.000000,
        "32" : 0.000000,
        ">=64" : 0.000000
      },
      "iodepth_submit" : {
        "0" : 0.000000,
        "4" : 100.000000,
        "8" : 0.000000,
        "16" : 0.000000,
        "32" : 0.000000,
        "64" : 0.000000,
        ">=64" : 0.000000
      },
      "iodepth_complete" : {
        "0" : 0.000000,
        "4" : 100.000000,
        "8" : 0.000000,
        "16" : 0.000000,
        "32" : 0.000000,
        "64" : 0.000000,
        ">=64" : 0.000000
      },
      "latency_ns" : {
        "2" : 0.000000,
        "4" : 0.000000,
        "10" : 0.000000,
        "20" : 0.000000,
        "50" : 0.000000,
        "100" : 0.000000,
        "250" : 0.000000,
        "500" : 0.000000,
        "750" : 0.010000,
        "1000" : 0.010000
      },
      "latency_us" : {
        "2" : 23.053329,
        "4" : 26.720216,
        "10" : 16.974869,
        "20" : 33.004884,
        "50" : 0.215685,
        "100" : 0.016396,
        "250" : 0.010000,
        "500" : 0.010000,
        "750" : 0.010000,
        "1000" : 0.010000
      },
      "latency_ms" : {
        "2" : 0.010000,
        "4" : 0.010000,
        "10" : 0.010000,
        "20" : 0.000000,
        "50" : 0.000000,
        "100" : 0.000000,
        "250" : 0.000000,
        "500" : 0.000000,
        "750" : 0.000000,
        "1000" : 0.000000,
        "2000" : 0.000000,
        ">=2000" : 0.000000
      },
      "latency_depth" : 128,
      "latency_target" : 0,
      "latency_percentile" : 100.000000,
      "latency_window" : 0
    }
  ],
  "disk_util" : [
    {
      "name" : "loop25",
      "read_ios" : 19079924,
      "write_ios" : 19080066,
      "read_merges" : 0,
      "write_merges" : 0,
      "read_ticks" : 134796,
      "write_ticks" : 462701,
      "in_queue" : 0,
      "util" : 99.997999
    }
  ]
}
