{
  "fio version" : "fio-3.32-36-g5932",
  "timestamp" : 1664231721,
  "timestamp_ms" : 1664231721593,
  "time" : "Tue Sep 27 00:35:21 2022",
  "global options" : {
    "size" : "128K",
    "rw" : "randrw",
    "bs" : "4K",
    "numjobs" : "1",
    "iodepth" : "128",
    "runtime" : "15",
    "end_fsync" : "1",
    "lat_percentiles" : "1",
    "slat_percentiles" : "1",
    "clat_percentiles" : "1"
  },
  "jobs" : [
    {
      "jobname" : "random-rw",
      "groupid" : 0,
      "error" : 0,
      "eta" : 0,
      "elapsed" : 16,
      "job options" : {
        "name" : "random-rw"
      },
      "read" : {
        "io_bytes" : 3661778944,
        "io_kbytes" : 3575956,
        "bw_bytes" : 244102322,
        "bw" : 238381,
        "iops" : 59595.293647,
        "runtime" : 15001,
        "total_ios" : 893989,
        "short_ios" : 0,
        "drop_ios" : 0,
        "slat_ns" : {
          "min" : 0,
          "max" : 0,
          "mean" : 0.000000,
          "stddev" : 0.000000,
          "N" : 0
        },
        "clat_ns" : {
          "min" : 668,
          "max" : 7107212,
          "mean" : 10824.695118,
          "stddev" : 19435.811975,
          "N" : 893989,
          "percentile" : {
            "1.000000" : 6048,
            "5.000000" : 6240,
            "10.000000" : 6624,
            "20.000000" : 9536,
            "30.000000" : 9792,
            "40.000000" : 10176,
            "50.000000" : 10432,
            "60.000000" : 10560,
            "70.000000" : 10688,
            "80.000000" : 11200,
            "90.000000" : 12864,
            "95.000000" : 16064,
            "99.000000" : 21376,
            "99.500000" : 24448,
            "99.900000" : 54016,
            "99.950000" : 99840,
            "99.990000" : 593920
          },
          "bins" : {
            "668" : 1,
            "684" : 1,
            "692" : 2,
            "700" : 1,
            "708" : 12,
            "716" : 13,
            "724" : 16,
            "732" : 32,
            "740" : 49,
            "748" : 74,
            "756" : 81,
            "764" : 101,
            "772" : 97,
            "780" : 90,
            "788" : 98,
            "796" : 74,
            "804" : 91,
            "812" : 87,
            "820" : 103,
            "828" : 108,
            "836" : 96,
            "844" : 88,
            "852" : 95,
            "860" : 84,
            "868" : 96,
            "876" : 98,
            "884" : 84,
            "892" : 85,
            "900" : 82,
            "908" : 75,
            "916" : 53,
            "924" : 66,
            "932" : 55,
            "940" : 41,
            "948" : 52,
            "956" : 28,
            "964" : 31,
            "972" : 24,
            "980" : 19,
            "988" : 21,
            "996" : 16,
            "1004" : 16,
            "1012" : 17,
            "1020" : 17,
            "1032" : 21,
            "1048" : 21,
            "1064" : 12,
            "1080" : 12,
            "1096" : 13,
            "1112" : 12,
            "1128" : 13,
            "1144" : 13,
            "1160" : 6,
            "1176" : 7,
            "1192" : 9,
            "1208" : 14,
            "1224" : 12,
            "1240" : 9,
            "1256" : 8,
            "1272" : 18,
            "1288" : 15,
            "1304" : 8,
            "1320" : 17,
            "1336" : 15,
            "1352" : 11,
            "1368" : 21,
            "1384" : 5,
            "1400" : 7,
            "1416" : 7,
            "1432" : 4,
            "1448" : 3,
            "1464" : 11,
            "1480" : 7,
            "1496" : 9,
            "1512" : 4,
            "1528" : 5,
            "1544" : 3,
            "1560" : 3,
            "1576" : 2,
            "1592" : 2,
            "1624" : 3,
            "1640" : 2,
            "1672" : 1,
            "1688" : 2,
            "1704" : 2,
            "1720" : 1,
            "1736" : 2,
            "1768" : 2,
            "1784" : 1,
            "1800" : 2,
            "1832" : 1,
            "1896" : 2,
            "1912" : 1,
            "1944" : 2,
            "1960" : 3,
            "1976" : 1,
            "1992" : 3,
            "2008" : 1,
            "2064" : 1,
            "2192" : 1,
            "2288" : 2,
            "2384" : 2,
            "2672" : 1,
            "2768" : 1,
            "3120" : 1,
            "5856" : 13,
            "5920" : 505,
            "5984" : 3876,
            "6048" : 9192,
            "6112" : 11833,
            "6176" : 10162,
            "6240" : 9486,
            "6304" : 12115,
            "6368" : 12469,
            "6432" : 8707,
            "6496" : 4949,
            "6560" : 2404,
            "6624" : 1186,
            "6688" : 604,
            "6752" : 389,
            "6816" : 254,
            "6880" : 323,
            "6944" : 696,
            "7008" : 894,
            "7072" : 1119,
            "7136" : 1150,
            "7200" : 1466,
            "7264" : 1513,
            "7328" : 1401,
            "7392" : 1013,
            "7456" : 802,
            "7520" : 644,
            "7584" : 457,
            "7648" : 289,
            "7712" : 212,
            "7776" : 161,
            "7840" : 113,
            "7904" : 109,
            "7968" : 76,
            "8032" : 76,
            "8096" : 84,
            "8160" : 73,
            "8256" : 134,
            "8384" : 206,
            "8512" : 244,
            "8640" : 206,
            "8768" : 241,
            "8896" : 466,
            "9024" : 1324,
            "9152" : 4312,
            "9280" : 12784,
            "9408" : 29473,
            "9536" : 45744,
            "9664" : 54532,
            "9792" : 52587,
            "9920" : 34005,
            "10048" : 16223,
            "10176" : 18551,
            "10304" : 48403,
            "10432" : 82555,
            "10560" : 84798,
            "10688" : 49175,
            "10816" : 21579,
            "10944" : 15190,
            "11072" : 19260,
            "11200" : 23750,
            "11328" : 23932,
            "11456" : 17208,
            "11584" : 8925,
            "11712" : 4871,
            "11840" : 4016,
            "11968" : 4217,
            "12096" : 4795,
            "12224" : 4542,
            "12352" : 3796,
            "12480" : 3237,
            "12608" : 2904,
            "12736" : 2686,
            "12864" : 2510,
            "12992" : 2405,
            "13120" : 2484,
            "13248" : 2434,
            "13376" : 2287,
            "13504" : 2270,
            "13632" : 2139,
            "13760" : 2018,
            "13888" : 1847,
            "14016" : 1754,
            "14144" : 1677,
            "14272" : 1539,
            "14400" : 1544,
            "14528" : 1463,
            "14656" : 1471,
            "14784" : 1466,
            "14912" : 1359,
            "15040" : 1409,
            "15168" : 1460,
            "15296" : 1417,
            "15424" : 1328,
            "15552" : 1415,
            "15680" : 1401,
            "15808" : 1421,
            "15936" : 1367,
            "16064" : 1392,
            "16192" : 1361,
            "16320" : 1358,
            "16512" : 2723,
            "16768" : 2504,
            "17024" : 2429,
            "17280" : 2265,
            "17536" : 2163,
            "17792" : 2109,
            "18048" : 2067,
            "18304" : 1996,
            "18560" : 1856,
            "18816" : 1798,
            "19072" : 1692,
            "19328" : 1593,
            "19584" : 1402,
            "19840" : 1214,
            "20096" : 1122,
            "20352" : 998,
            "20608" : 910,
            "20864" : 756,
            "21120" : 755,
            "21376" : 618,
            "21632" : 548,
            "21888" : 533,
            "22144" : 445,
            "22400" : 430,
            "22656" : 347,
            "22912" : 338,
            "23168" : 266,
            "23424" : 240,
            "23680" : 248,
            "23936" : 215,
            "24192" : 221,
            "24448" : 179,
            "24704" : 174,
            "24960" : 161,
            "25216" : 141,
            "25472" : 134,
            "25728" : 119,
            "25984" : 119,
            "26240" : 112,
            "26496" : 103,
            "26752" : 96,
            "27008" : 91,
            "27264" : 89,
            "27520" : 76,
            "27776" : 78,
            "28032" : 71,
            "28288" : 71,
            "28544" : 69,
            "28800" : 59,
            "29056" : 47,
            "29312" : 63,
            "29568" : 52,
            "29824" : 49,
            "30080" : 48,
            "30336" : 34,
            "30592" : 36,
            "30848" : 37,
            "31104" : 43,
            "31360" : 38,
            "31616" : 46,
            "31872" : 34,
            "32128" : 36,
            "32384" : 36,
            "32640" : 33,
            "33024" : 65,
            "33536" : 50,
            "34048" : 59,
            "34560" : 54,
            "35072" : 41,
            "35584" : 47,
            "36096" : 43,
            "36608" : 42,
            "37120" : 36,
            "37632" : 41,
            "38144" : 35,
            "38656" : 43,
            "39168" : 39,
            "39680" : 41,
            "40192" : 32,
            "40704" : 26,
            "41216" : 31,
            "41728" : 20,
            "42240" : 20,
            "42752" : 28,
            "43264" : 27,
            "43776" : 19,
            "44288" : 24,
            "44800" : 22,
            "45312" : 15,
            "45824" : 19,
            "46336" : 14,
            "46848" : 21,
            "47360" : 19,
            "47872" : 19,
            "48384" : 15,
            "48896" : 20,
            "49408" : 15,
            "49920" : 12,
            "50432" : 20,
            "50944" : 14,
            "51456" : 12,
            "51968" : 18,
            "52480" : 16,
            "52992" : 17,
            "53504" : 10,
            "54016" : 10,
            "54528" : 4,
            "55040" : 13,
            "55552" : 16,
            "56064" : 12,
            "56576" : 15,
            "57088" : 7,
            "57600" : 5,
            "58112" : 8,
            "58624" : 4,
            "59136" : 11,
            "59648" : 9,
            "60160" : 7,
            "60672" : 7,
            "61184" : 5,
            "61696" : 10,
            "62208" : 8,
            "62720" : 6,
            "63232" : 5,
            "63744" : 5,
            "64256" : 4,
            "64768" : 7,
            "65280" : 7,
            "66048" : 14,
            "67072" : 18,
            "68096" : 16,
            "69120" : 8,
            "70144" : 14,
            "71168" : 10,
            "72192" : 10,
            "73216" : 15,
            "74240" : 10,
            "75264" : 5,
            "76288" : 11,
            "77312" : 9,
            "78336" : 8,
            "79360" : 9,
            "80384" : 11,
            "81408" : 9,
            "82432" : 8,
            "83456" : 10,
            "84480" : 8,
            "85504" : 5,
            "86528" : 9,
            "87552" : 6,
            "88576" : 5,
            "89600" : 6,
            "90624" : 3,
            "91648" : 3,
            "92672" : 2,
            "93696" : 3,
            "94720" : 2,
            "95744" : 5,
            "96768" : 6,
            "97792" : 4,
            "98816" : 3,
            "99840" : 5,
            "100864" : 2,
            "101888" : 10,
            "102912" : 6,
            "103936" : 6,
            "104960" : 8,
            "105984" : 5,
            "107008" : 3,
            "108032" : 8,
            "109056" : 8,
            "110080" : 9,
            "111104" : 7,
            "112128" : 5,
            "113152" : 6,
            "114176" : 1,
            "115200" : 5,
            "116224" : 5,
            "117248" : 6,
            "118272" : 3,
            "119296" : 6,
            "120320" : 4,
            "121344" : 5,
            "122368" : 6,
            "123392" : 7,
            "124416" : 3,
            "125440" : 4,
            "126464" : 3,
            "127488" : 3,
            "128512" : 4,
            "129536" : 1,
            "130560" : 2,
            "132096" : 8,
            "134144" : 4,
            "136192" : 9,
            "138240" : 4,
            "140288" : 5,
            "142336" : 3,
            "144384" : 5,
            "146432" : 3,
            "148480" : 2,
            "150528" : 3,
            "152576" : 1,
            "154624" : 4,
            "156672" : 2,
            "160768" : 2,
            "162816" : 3,
            "164864" : 2,
            "166912" : 1,
            "168960" : 1,
            "171008" : 3,
            "173056" : 2,
            "175104" : 2,
            "177152" : 1,
            "179200" : 1,
            "181248" : 6,
            "183296" : 1,
            "185344" : 2,
            "195584" : 2,
            "197632" : 1,
            "199680" : 2,
            "203776" : 2,
            "205824" : 1,
            "207872" : 2,
            "209920" : 1,
            "211968" : 3,
            "214016" : 4,
            "216064" : 1,
            "218112" : 3,
            "222208" : 2,
            "224256" : 1,
            "226304" : 5,
            "232448" : 1,
            "234496" : 1,
            "238592" : 1,
            "240640" : 1,
            "242688" : 1,
            "248832" : 1,
            "250880" : 2,
            "259072" : 1,
            "261120" : 1,
            "264192" : 1,
            "272384" : 1,
            "276480" : 3,
            "284672" : 2,
            "288768" : 1,
            "296960" : 1,
            "305152" : 4,
            "309248" : 3,
            "313344" : 1,
            "317440" : 3,
            "325632" : 1,
            "333824" : 1,
            "337920" : 1,
            "342016" : 2,
            "346112" : 4,
            "350208" : 4,
            "354304" : 1,
            "358400" : 3,
            "362496" : 2,
            "366592" : 2,
            "370688" : 1,
            "374784" : 2,
            "382976" : 2,
            "387072" : 1,
            "391168" : 2,
            "395264" : 1,
            "399360" : 2,
            "403456" : 2,
            "407552" : 2,
            "415744" : 2,
            "423936" : 2,
            "432128" : 1,
            "448512" : 1,
            "456704" : 1,
            "464896" : 1,
            "468992" : 1,
            "473088" : 2,
            "501760" : 2,
            "509952" : 1,
            "518144" : 1,
            "528384" : 2,
            "536576" : 3,
            "552960" : 1,
            "561152" : 1,
            "569344" : 3,
            "585728" : 4,
            "593920" : 3,
            "602112" : 1,
            "610304" : 2,
            "634880" : 2,
            "675840" : 1,
            "692224" : 1,
            "741376" : 1,
            "749568" : 1,
            "757760" : 1,
            "765952" : 3,
            "806912" : 1,
            "815104" : 1,
            "823296" : 1,
            "856064" : 1,
            "864256" : 1,
            "872448" : 1,
            "929792" : 2,
            "946176" : 1,
            "954368" : 2,
            "970752" : 1,
            "987136" : 2,
            "995328" : 3,
            "1003520" : 2,
            "1011712" : 1,
            "1019904" : 1,
            "1028096" : 2,
            "1036288" : 1,
            "1220608" : 1,
            "1236992" : 1,
            "1253376" : 1,
            "1269760" : 1,
            "1286144" : 1,
            "1302528" : 1,
            "1368064" : 2,
            "1466368" : 1,
            "1482752" : 3,
            "1499136" : 2,
            "1515520" : 2,
            "1548288" : 1,
            "1646592" : 1,
            "1662976" : 1,
            "1679360" : 1,
            "1695744" : 1,
            "1744896" : 1,
            "1810432" : 1,
            "1908736" : 1,
            "1941504" : 1,
            "1957888" : 1,
            "1974272" : 2,
            "2023424" : 3,
            "2056192" : 2,
            "2072576" : 3,
            "2088960" : 1,
            "2179072" : 1,
            "2310144" : 1,
            "2572288" : 1,
            "2637824" : 1,
            "2703360" : 1,
            "2899968" : 1,
            "2932736" : 1,
            "3194880" : 1,
            "3424256" : 1,
            "3522560" : 1,
            "4292608" : 1,
            "4947968" : 1,
            "7110656" : 1
          }
        },
        "lat_ns" : {
          "min" : 701,
          "max" : 7107312,
          "mean" : 10903.743715,
          "stddev" : 19682.298457,
          "N" : 893989,
          "percentile" : {
            "1.000000" : 6112,
            "5.000000" : 6304,
            "10.000000" : 6688,
            "20.000000" : 9664,
            "30.000000" : 9792,
            "40.000000" : 10176,
            "50.000000" : 10432,
            "60.000000" : 10560,
            "70.000000" : 10816,
            "80.000000" : 11328,
            "90.000000" : 12864,
            "95.000000" : 16192,
            "99.000000" : 21376,
            "99.500000" : 24704,
            "99.900000" : 54528,
            "99.950000" : 100864,
            "99.990000" : 593920
          },
          "bins" : {
            "700" : 1,
            "716" : 1,
            "724" : 1,
            "732" : 2,
            "740" : 7,
            "748" : 8,
            "756" : 11,
            "764" : 24,
            "772" : 32,
            "780" : 67,
            "788" : 66,
            "796" : 87,
            "804" : 97,
            "812" : 88,
            "820" : 99,
            "828" : 78,
            "836" : 70,
            "844" : 78,
            "852" : 86,
            "860" : 83,
            "868" : 98,
            "876" : 95,
            "884" : 84,
            "892" : 69,
            "900" : 57,
            "908" : 51,
            "916" : 42,
            "924" : 29,
            "932" : 35,
            "940" : 25,
            "948" : 33,
            "956" : 32,
            "964" : 45,
            "972" : 48,
            "980" : 76,
            "988" : 75,
            "996" : 70,
            "1004" : 80,
            "1012" : 82,
            "1020" : 57,
            "1032" : 103,
            "1048" : 77,
            "1064" : 63,
            "1080" : 39,
            "1096" : 33,
            "1112" : 22,
            "1128" : 14,
            "1144" : 13,
            "1160" : 7,
            "1176" : 10,
            "1192" : 11,
            "1208" : 14,
            "1224" : 8,
            "1240" : 9,
            "1256" : 3,
            "1272" : 11,
            "1288" : 7,
            "1304" : 13,
            "1320" : 3,
            "1336" : 7,
            "1352" : 10,
            "1368" : 11,
            "1384" : 2,
            "1400" : 9,
            "1416" : 14,
            "1432" : 11,
            "1448" : 13,
            "1464" : 11,
            "1480" : 18,
            "1496" : 6,
            "1512" : 13,
            "1528" : 8,
            "1544" : 7,
            "1560" : 7,
            "1576" : 4,
            "1592" : 8,
            "1608" : 10,
            "1624" : 8,
            "1640" : 5,
            "1656" : 3,
            "1672" : 4,
            "1688" : 3,
            "1704" : 4,
            "1720" : 2,
            "1736" : 2,
            "1752" : 1,
            "1784" : 2,
            "1800" : 2,
            "1832" : 1,
            "1848" : 3,
            "1880" : 3,
            "1896" : 1,
            "1912" : 3,
            "1960" : 1,
            "2040" : 1,
            "2064" : 1,
            "2096" : 2,
            "2128" : 3,
            "2160" : 3,
            "2192" : 2,
            "2224" : 1,
            "2256" : 1,
            "2288" : 2,
            "2384" : 1,
            "2448" : 2,
            "2640" : 1,
            "2672" : 1,
            "2736" : 1,
            "3056" : 1,
            "3472" : 1,
            "5920" : 12,
            "5984" : 502,
            "6048" : 3808,
            "6112" : 9080,
            "6176" : 11694,
            "6240" : 10993,
            "6304" : 11567,
            "6368" : 13497,
            "6432" : 11713,
            "6496" : 7462,
            "6560" : 3907,
            "6624" : 1928,
            "6688" : 937,
            "6752" : 535,
            "6816" : 321,
            "6880" : 216,
            "6944" : 311,
            "7008" : 633,
            "7072" : 849,
            "7136" : 1121,
            "7200" : 1317,
            "7264" : 1524,
            "7328" : 1499,
            "7392" : 1248,
            "7456" : 986,
            "7520" : 749,
            "7584" : 601,
            "7648" : 476,
            "7712" : 329,
            "7776" : 218,
            "7840" : 172,
            "7904" : 137,
            "7968" : 119,
            "8032" : 88,
            "8096" : 86,
            "8160" : 82,
            "8256" : 145,
            "8384" : 168,
            "8512" : 235,
            "8640" : 204,
            "8768" : 200,
            "8896" : 237,
            "9024" : 589,
            "9152" : 1830,
            "9280" : 5921,
            "9408" : 17313,
            "9536" : 34892,
            "9664" : 54126,
            "9792" : 62199,
            "9920" : 46669,
            "10048" : 21542,
            "10176" : 11287,
            "10304" : 23479,
            "10432" : 64230,
            "10560" : 98061,
            "10688" : 73230,
            "10816" : 32006,
            "10944" : 14754,
            "11072" : 14806,
            "11200" : 21929,
            "11328" : 26461,
            "11456" : 22348,
            "11584" : 12938,
            "11712" : 6379,
            "11840" : 4174,
            "11968" : 3908,
            "12096" : 4559,
            "12224" : 4842,
            "12352" : 4245,
            "12480" : 3507,
            "12608" : 3021,
            "12736" : 2843,
            "12864" : 2595,
            "12992" : 2510,
            "13120" : 2379,
            "13248" : 2457,
            "13376" : 2330,
            "13504" : 2304,
            "13632" : 2179,
            "13760" : 2125,
            "13888" : 1948,
            "14016" : 1783,
            "14144" : 1717,
            "14272" : 1601,
            "14400" : 1527,
            "14528" : 1520,
            "14656" : 1446,
            "14784" : 1489,
            "14912" : 1382,
            "15040" : 1353,
            "15168" : 1432,
            "15296" : 1443,
            "15424" : 1336,
            "15552" : 1368,
            "15680" : 1436,
            "15808" : 1368,
            "15936" : 1379,
            "16064" : 1376,
            "16192" : 1367,
            "16320" : 1347,
            "16512" : 2730,
            "16768" : 2574,
            "17024" : 2459,
            "17280" : 2280,
            "17536" : 2256,
            "17792" : 2136,
            "18048" : 2073,
            "18304" : 2064,
            "18560" : 1871,
            "18816" : 1832,
            "19072" : 1741,
            "19328" : 1662,
            "19584" : 1440,
            "19840" : 1277,
            "20096" : 1171,
            "20352" : 1043,
            "20608" : 943,
            "20864" : 837,
            "21120" : 789,
            "21376" : 649,
            "21632" : 570,
            "21888" : 553,
            "22144" : 476,
            "22400" : 444,
            "22656" : 392,
            "22912" : 332,
            "23168" : 328,
            "23424" : 248,
            "23680" : 245,
            "23936" : 223,
            "24192" : 234,
            "24448" : 203,
            "24704" : 162,
            "24960" : 170,
            "25216" : 156,
            "25472" : 138,
            "25728" : 123,
            "25984" : 121,
            "26240" : 123,
            "26496" : 112,
            "26752" : 100,
            "27008" : 98,
            "27264" : 85,
            "27520" : 89,
            "27776" : 74,
            "28032" : 75,
            "28288" : 65,
            "28544" : 77,
            "28800" : 57,
            "29056" : 55,
            "29312" : 69,
            "29568" : 50,
            "29824" : 51,
            "30080" : 42,
            "30336" : 38,
            "30592" : 36,
            "30848" : 43,
            "31104" : 38,
            "31360" : 42,
            "31616" : 38,
            "31872" : 40,
            "32128" : 37,
            "32384" : 37,
            "32640" : 34,
            "33024" : 69,
            "33536" : 50,
            "34048" : 54,
            "34560" : 58,
            "35072" : 42,
            "35584" : 45,
            "36096" : 45,
            "36608" : 44,
            "37120" : 34,
            "37632" : 42,
            "38144" : 35,
            "38656" : 40,
            "39168" : 42,
            "39680" : 37,
            "40192" : 37,
            "40704" : 30,
            "41216" : 26,
            "41728" : 26,
            "42240" : 19,
            "42752" : 24,
            "43264" : 25,
            "43776" : 22,
            "44288" : 30,
            "44800" : 19,
            "45312" : 17,
            "45824" : 15,
            "46336" : 16,
            "46848" : 23,
            "47360" : 13,
            "47872" : 22,
            "48384" : 17,
            "48896" : 19,
            "49408" : 15,
            "49920" : 12,
            "50432" : 20,
            "50944" : 11,
            "51456" : 15,
            "51968" : 19,
            "52480" : 15,
            "52992" : 17,
            "53504" : 8,
            "54016" : 13,
            "54528" : 5,
            "55040" : 9,
            "55552" : 16,
            "56064" : 15,
            "56576" : 13,
            "57088" : 10,
            "57600" : 6,
            "58112" : 6,
            "58624" : 6,
            "59136" : 10,
            "59648" : 10,
            "60160" : 7,
            "60672" : 5,
            "61184" : 7,
            "61696" : 9,
            "62208" : 6,
            "62720" : 10,
            "63232" : 4,
            "63744" : 5,
            "64256" : 4,
            "64768" : 8,
            "65280" : 5,
            "66048" : 16,
            "67072" : 16,
            "68096" : 18,
            "69120" : 9,
            "70144" : 12,
            "71168" : 12,
            "72192" : 9,
            "73216" : 14,
            "74240" : 12,
            "75264" : 3,
            "76288" : 13,
            "77312" : 8,
            "78336" : 7,
            "79360" : 9,
            "80384" : 12,
            "81408" : 10,
            "82432" : 7,
            "83456" : 10,
            "84480" : 8,
            "85504" : 6,
            "86528" : 9,
            "87552" : 6,
            "88576" : 5,
            "89600" : 6,
            "90624" : 3,
            "91648" : 2,
            "92672" : 3,
            "93696" : 3,
            "94720" : 2,
            "95744" : 4,
            "96768" : 7,
            "97792" : 4,
            "98816" : 2,
            "99840" : 6,
            "100864" : 2,
            "101888" : 10,
            "102912" : 6,
            "103936" : 7,
            "104960" : 8,
            "105984" : 5,
            "107008" : 3,
            "108032" : 8,
            "109056" : 7,
            "110080" : 9,
            "111104" : 8,
            "112128" : 5,
            "113152" : 6,
            "114176" : 1,
            "115200" : 5,
            "116224" : 5,
            "117248" : 5,
            "118272" : 4,
            "119296" : 6,
            "120320" : 4,
            "121344" : 3,
            "122368" : 8,
            "123392" : 6,
            "124416" : 3,
            "125440" : 4,
            "126464" : 4,
            "127488" : 3,
            "128512" : 3,
            "129536" : 2,
            "130560" : 2,
            "132096" : 8,
            "134144" : 4,
            "136192" : 9,
            "138240" : 4,
            "140288" : 4,
            "142336" : 4,
            "144384" : 5,
            "146432" : 3,
            "148480" : 2,
            "150528" : 3,
            "152576" : 1,
            "154624" : 4,
            "156672" : 2,
            "160768" : 2,
            "162816" : 3,
            "164864" : 2,
            "166912" : 1,
            "168960" : 1,
            "171008" : 3,
            "173056" : 1,
            "175104" : 3,
            "177152" : 1,
            "179200" : 1,
            "181248" : 6,
            "183296" : 1,
            "185344" : 2,
            "195584" : 2,
            "197632" : 1,
            "199680" : 2,
            "203776" : 2,
            "205824" : 1,
            "207872" : 2,
            "209920" : 1,
            "211968" : 2,
            "214016" : 5,
            "216064" : 1,
            "218112" : 3,
            "222208" : 1,
            "224256" : 2,
            "226304" : 5,
            "234496" : 2,
            "238592" : 1,
            "240640" : 1,
            "242688" : 1,
            "248832" : 1,
            "250880" : 2,
            "259072" : 1,
            "261120" : 1,
            "264192" : 1,
            "272384" : 1,
            "276480" : 3,
            "284672" : 2,
            "288768" : 1,
            "296960" : 1,
            "305152" : 4,
            "309248" : 3,
            "313344" : 1,
            "317440" : 3,
            "325632" : 1,
            "333824" : 1,
            "337920" : 1,
            "342016" : 2,
            "346112" : 4,
            "350208" : 4,
            "354304" : 1,
            "358400" : 3,
            "362496" : 2,
            "366592" : 2,
            "370688" : 1,
            "374784" : 2,
            "382976" : 2,
            "387072" : 1,
            "391168" : 2,
            "395264" : 1,
            "399360" : 2,
            "403456" : 2,
            "407552" : 2,
            "415744" : 1,
            "419840" : 1,
            "423936" : 2,
            "432128" : 1,
            "448512" : 1,
            "456704" : 1,
            "464896" : 1,
            "468992" : 1,
            "473088" : 2,
            "501760" : 2,
            "509952" : 1,
            "518144" : 1,
            "528384" : 2,
            "536576" : 3,
            "552960" : 1,
            "561152" : 1,
            "569344" : 3,
            "585728" : 4,
            "593920" : 3,
            "602112" : 1,
            "610304" : 2,
            "634880" : 2,
            "675840" : 1,
            "692224" : 1,
            "741376" : 1,
            "749568" : 1,
            "757760" : 1,
            "765952" : 3,
            "806912" : 1,
            "815104" : 1,
            "823296" : 1,
            "856064" : 1,
            "864256" : 1,
            "872448" : 1,
            "929792" : 2,
            "946176" : 1,
            "954368" : 2,
            "970752" : 1,
            "987136" : 2,
            "995328" : 3,
            "1003520" : 2,
            "1011712" : 1,
            "1019904" : 1,
            "1028096" : 2,
            "1036288" : 1,
            "1220608" : 1,
            "1236992" : 1,
            "1253376" : 1,
            "1269760" : 1,
            "1286144" : 1,
            "1368064" : 2,
            "1466368" : 1,
            "1482752" : 3,
            "1499136" : 2,
            "1515520" : 2,
            "1548288" : 1,
            "1646592" : 1,
            "1662976" : 1,
            "1679360" : 1,
            "1695744" : 1,
            "1744896" : 1,
            "1810432" : 1,
            "1908736" : 1,
            "1941504" : 1,
            "1957888" : 1,
            "1974272" : 2,
            "2023424" : 3,
            "2056192" : 2,
            "2072576" : 3,
            "2088960" : 1,
            "2179072" : 1,
            "2310144" : 1,
            "2572288" : 1,
            "2637824" : 1,
            "2703360" : 1,
            "2899968" : 1,
            "2932736" : 1,
            "3194880" : 2,
            "3424256" : 1,
            "3522560" : 1,
            "4292608" : 1,
            "4947968" : 1,
            "7110656" : 1
          }
        },
        "bw_min" : 218672,
        "bw_max" : 323296,
        "bw_agg" : 100.000000,
        "bw_mean" : 238595.310345,
        "bw_dev" : 21766.631922,
        "bw_samples" : 29,
        "iops_min" : 54668,
        "iops_max" : 80824,
        "iops_mean" : 59648.827586,
        "iops_stddev" : 5441.657980,
        "iops_samples" : 29
      },
      "write" : {
        "io_bytes" : 3656466432,
        "io_kbytes" : 3570768,
        "bw_bytes" : 243748178,
        "bw" : 238035,
        "iops" : 59508.832744,
        "runtime" : 15001,
        "total_ios" : 892692,
        "short_ios" : 0,
        "drop_ios" : 0,
        "slat_ns" : {
          "min" : 0,
          "max" : 0,
          "mean" : 0.000000,
          "stddev" : 0.000000,
          "N" : 0
        },
        "clat_ns" : {
          "min" : 994,
          "max" : 2821171,
          "mean" : 2039.733406,
          "stddev" : 6445.627812,
          "N" : 892692,
          "percentile" : {
            "1.000000" : 1352,
            "5.000000" : 1400,
            "10.000000" : 1400,
            "20.000000" : 1416,
            "30.000000" : 1448,
            "40.000000" : 1496,
            "50.000000" : 2040,
            "60.000000" : 2096,
            "70.000000" : 2160,
            "80.000000" : 2256,
            "90.000000" : 2640,
            "95.000000" : 3120,
            "99.000000" : 5024,
            "99.500000" : 5728,
            "99.900000" : 10688,
            "99.950000" : 15680,
            "99.990000" : 73216
          },
          "bins" : {
            "996" : 2,
            "1004" : 1,
            "1020" : 2,
            "1032" : 5,
            "1048" : 9,
            "1064" : 58,
            "1080" : 119,
            "1096" : 100,
            "1112" : 72,
            "1128" : 51,
            "1144" : 45,
            "1160" : 22,
            "1176" : 62,
            "1192" : 156,
            "1208" : 222,
            "1224" : 169,
            "1240" : 123,
            "1256" : 73,
            "1272" : 51,
            "1288" : 43,
            "1304" : 41,
            "1320" : 640,
            "1336" : 3223,
            "1352" : 5399,
            "1368" : 8692,
            "1384" : 23427,
            "1400" : 72500,
            "1416" : 81549,
            "1432" : 59491,
            "1448" : 43568,
            "1464" : 30063,
            "1480" : 17345,
            "1496" : 10498,
            "1512" : 6433,
            "1528" : 4039,
            "1544" : 2419,
            "1560" : 1593,
            "1576" : 1139,
            "1592" : 870,
            "1608" : 634,
            "1624" : 617,
            "1640" : 520,
            "1656" : 437,
            "1672" : 415,
            "1688" : 372,
            "1704" : 316,
            "1720" : 341,
            "1736" : 570,
            "1752" : 1189,
            "1768" : 2345,
            "1784" : 3758,
            "1800" : 4816,
            "1816" : 5528,
            "1832" : 5394,
            "1848" : 5047,
            "1864" : 4001,
            "1880" : 2898,
            "1896" : 2265,
            "1912" : 1675,
            "1928" : 1489,
            "1944" : 1442,
            "1960" : 1843,
            "1976" : 2949,
            "1992" : 4377,
            "2008" : 6968,
            "2024" : 9566,
            "2040" : 12293,
            "2064" : 34234,
            "2096" : 46308,
            "2128" : 51247,
            "2160" : 48432,
            "2192" : 39598,
            "2224" : 26414,
            "2256" : 16224,
            "2288" : 12516,
            "2320" : 12129,
            "2352" : 10235,
            "2384" : 7982,
            "2416" : 7090,
            "2448" : 6821,
            "2480" : 6528,
            "2512" : 5968,
            "2544" : 4921,
            "2576" : 4191,
            "2608" : 3308,
            "2640" : 3032,
            "2672" : 3004,
            "2704" : 2796,
            "2736" : 2846,
            "2768" : 2565,
            "2800" : 2222,
            "2832" : 2027,
            "2864" : 1823,
            "2896" : 2071,
            "2928" : 2577,
            "2960" : 3410,
            "2992" : 4191,
            "3024" : 4560,
            "3056" : 4388,
            "3088" : 3525,
            "3120" : 2614,
            "3152" : 1757,
            "3184" : 1335,
            "3216" : 1071,
            "3248" : 940,
            "3280" : 790,
            "3312" : 772,
            "3344" : 663,
            "3376" : 687,
            "3408" : 628,
            "3440" : 650,
            "3472" : 613,
            "3504" : 638,
            "3536" : 627,
            "3568" : 588,
            "3600" : 595,
            "3632" : 588,
            "3664" : 612,
            "3696" : 610,
            "3728" : 563,
            "3760" : 594,
            "3792" : 651,
            "3824" : 621,
            "3856" : 571,
            "3888" : 587,
            "3920" : 539,
            "3952" : 584,
            "3984" : 582,
            "4016" : 565,
            "4048" : 524,
            "4080" : 531,
            "4128" : 966,
            "4192" : 995,
            "4256" : 939,
            "4320" : 935,
            "4384" : 963,
            "4448" : 891,
            "4512" : 898,
            "4576" : 853,
            "4640" : 872,
            "4704" : 829,
            "4768" : 774,
            "4832" : 737,
            "4896" : 689,
            "4960" : 646,
            "5024" : 642,
            "5088" : 579,
            "5152" : 530,
            "5216" : 515,
            "5280" : 458,
            "5344" : 456,
            "5408" : 417,
            "5472" : 397,
            "5536" : 353,
            "5600" : 300,
            "5664" : 261,
            "5728" : 247,
            "5792" : 214,
            "5856" : 230,
            "5920" : 201,
            "5984" : 192,
            "6048" : 180,
            "6112" : 139,
            "6176" : 132,
            "6240" : 150,
            "6304" : 137,
            "6368" : 109,
            "6432" : 104,
            "6496" : 107,
            "6560" : 94,
            "6624" : 82,
            "6688" : 83,
            "6752" : 93,
            "6816" : 86,
            "6880" : 60,
            "6944" : 52,
            "7008" : 80,
            "7072" : 48,
            "7136" : 51,
            "7200" : 46,
            "7264" : 43,
            "7328" : 43,
            "7392" : 40,
            "7456" : 38,
            "7520" : 37,
            "7584" : 26,
            "7648" : 14,
            "7712" : 22,
            "7776" : 24,
            "7840" : 21,
            "7904" : 24,
            "7968" : 17,
            "8032" : 17,
            "8096" : 8,
            "8160" : 7,
            "8256" : 23,
            "8384" : 23,
            "8512" : 16,
            "8640" : 20,
            "8768" : 15,
            "8896" : 18,
            "9024" : 19,
            "9152" : 19,
            "9280" : 22,
            "9408" : 13,
            "9536" : 20,
            "9664" : 21,
            "9792" : 18,
            "9920" : 11,
            "10048" : 16,
            "10176" : 15,
            "10304" : 20,
            "10432" : 15,
            "10560" : 11,
            "10688" : 24,
            "10816" : 14,
            "10944" : 13,
            "11072" : 10,
            "11200" : 13,
            "11328" : 20,
            "11456" : 11,
            "11584" : 16,
            "11712" : 5,
            "11840" : 15,
            "11968" : 16,
            "12096" : 10,
            "12224" : 17,
            "12352" : 16,
            "12480" : 11,
            "12608" : 13,
            "12736" : 19,
            "12864" : 3,
            "12992" : 8,
            "13120" : 13,
            "13248" : 8,
            "13376" : 10,
            "13504" : 17,
            "13632" : 7,
            "13760" : 11,
            "13888" : 9,
            "14016" : 15,
            "14144" : 11,
            "14272" : 11,
            "14400" : 12,
            "14528" : 15,
            "14656" : 9,
            "14784" : 8,
            "14912" : 2,
            "15040" : 7,
            "15168" : 13,
            "15296" : 5,
            "15424" : 15,
            "15552" : 8,
            "15680" : 9,
            "15808" : 6,
            "15936" : 4,
            "16064" : 6,
            "16192" : 5,
            "16320" : 8,
            "16512" : 12,
            "16768" : 8,
            "17024" : 9,
            "17280" : 7,
            "17536" : 16,
            "17792" : 14,
            "18048" : 11,
            "18304" : 8,
            "18560" : 7,
            "18816" : 6,
            "19072" : 6,
            "19328" : 5,
            "19584" : 6,
            "19840" : 3,
            "20096" : 4,
            "20352" : 1,
            "20608" : 2,
            "20864" : 2,
            "21120" : 5,
            "21376" : 5,
            "21632" : 3,
            "21888" : 6,
            "22144" : 3,
            "22400" : 6,
            "22656" : 1,
            "22912" : 1,
            "23168" : 3,
            "23424" : 3,
            "23680" : 5,
            "23936" : 5,
            "24192" : 4,
            "24448" : 2,
            "24704" : 4,
            "24960" : 3,
            "25216" : 3,
            "25728" : 1,
            "25984" : 2,
            "26240" : 2,
            "26496" : 3,
            "26752" : 1,
            "27008" : 1,
            "27264" : 1,
            "27776" : 2,
            "28032" : 2,
            "28544" : 5,
            "28800" : 2,
            "29312" : 4,
            "29568" : 1,
            "29824" : 2,
            "30080" : 1,
            "30336" : 1,
            "30592" : 1,
            "30848" : 1,
            "31104" : 1,
            "31360" : 1,
            "31616" : 6,
            "31872" : 1,
            "32128" : 1,
            "32384" : 2,
            "32640" : 2,
            "33024" : 2,
            "34048" : 2,
            "34560" : 2,
            "35072" : 2,
            "35584" : 5,
            "36096" : 4,
            "37120" : 1,
            "37632" : 1,
            "38144" : 1,
            "38656" : 1,
            "39168" : 2,
            "39680" : 3,
            "40192" : 1,
            "40704" : 1,
            "41728" : 4,
            "42752" : 3,
            "43264" : 3,
            "44288" : 1,
            "44800" : 2,
            "45312" : 2,
            "45824" : 2,
            "46336" : 3,
            "48384" : 1,
            "48896" : 1,
            "49920" : 1,
            "50944" : 2,
            "51968" : 1,
            "52480" : 1,
            "52992" : 2,
            "54528" : 2,
            "56064" : 2,
            "56576" : 1,
            "57600" : 1,
            "58624" : 2,
            "59648" : 1,
            "60160" : 1,
            "61696" : 3,
            "63744" : 1,
            "64256" : 2,
            "64768" : 1,
            "66048" : 2,
            "67072" : 2,
            "69120" : 6,
            "70144" : 2,
            "73216" : 3,
            "75264" : 1,
            "76288" : 3,
            "77312" : 2,
            "78336" : 2,
            "79360" : 3,
            "80384" : 1,
            "81408" : 4,
            "86528" : 1,
            "87552" : 1,
            "90624" : 2,
            "91648" : 1,
            "95744" : 1,
            "97792" : 1,
            "101888" : 1,
            "102912" : 2,
            "103936" : 1,
            "104960" : 1,
            "107008" : 1,
            "108032" : 1,
            "109056" : 3,
            "110080" : 1,
            "115200" : 1,
            "117248" : 1,
            "118272" : 1,
            "120320" : 1,
            "124416" : 1,
            "125440" : 2,
            "128512" : 1,
            "130560" : 2,
            "134144" : 1,
            "138240" : 1,
            "154624" : 1,
            "158720" : 1,
            "164864" : 1,
            "166912" : 1,
            "187392" : 1,
            "232448" : 1,
            "248832" : 1,
            "259072" : 2,
            "261120" : 1,
            "268288" : 1,
            "276480" : 1,
            "296960" : 1,
            "305152" : 1,
            "313344" : 1,
            "317440" : 1,
            "329728" : 1,
            "337920" : 2,
            "350208" : 2,
            "354304" : 1,
            "395264" : 1,
            "403456" : 1,
            "436224" : 1,
            "528384" : 1,
            "552960" : 1,
            "569344" : 1,
            "675840" : 1,
            "684032" : 1,
            "692224" : 1,
            "708608" : 2,
            "757760" : 1,
            "897024" : 1,
            "962560" : 2,
            "1044480" : 1,
            "1925120" : 1,
            "2056192" : 1,
            "2211840" : 1,
            "2310144" : 1,
            "2834432" : 1
          }
        },
        "lat_ns" : {
          "min" : 1038,
          "max" : 2821219,
          "mean" : 2130.456976,
          "stddev" : 6525.874662,
          "N" : 892692,
          "percentile" : {
            "1.000000" : 1400,
            "5.000000" : 1448,
            "10.000000" : 1448,
            "20.000000" : 1464,
            "30.000000" : 1496,
            "40.000000" : 1544,
            "50.000000" : 2160,
            "60.000000" : 2224,
            "70.000000" : 2288,
            "80.000000" : 2352,
            "90.000000" : 2768,
            "95.000000" : 3248,
            "99.000000" : 5280,
            "99.500000" : 5984,
            "99.900000" : 11328,
            "99.950000" : 16192,
            "99.990000" : 76288
          },
          "bins" : {
            "1032" : 1,
            "1048" : 2,
            "1064" : 1,
            "1080" : 6,
            "1096" : 6,
            "1112" : 60,
            "1128" : 115,
            "1144" : 105,
            "1160" : 67,
            "1176" : 52,
            "1192" : 45,
            "1208" : 29,
            "1224" : 67,
            "1240" : 164,
            "1256" : 200,
            "1272" : 169,
            "1288" : 132,
            "1304" : 67,
            "1320" : 54,
            "1336" : 40,
            "1352" : 48,
            "1368" : 597,
            "1384" : 2977,
            "1400" : 5280,
            "1416" : 8550,
            "1432" : 22529,
            "1448" : 72595,
            "1464" : 81393,
            "1480" : 59995,
            "1496" : 43831,
            "1512" : 29421,
            "1528" : 17937,
            "1544" : 10802,
            "1560" : 6503,
            "1576" : 4091,
            "1592" : 2459,
            "1608" : 1687,
            "1624" : 1175,
            "1640" : 879,
            "1656" : 650,
            "1672" : 573,
            "1688" : 506,
            "1704" : 447,
            "1720" : 377,
            "1736" : 353,
            "1752" : 296,
            "1768" : 257,
            "1784" : 230,
            "1800" : 338,
            "1816" : 597,
            "1832" : 1230,
            "1848" : 2353,
            "1864" : 3618,
            "1880" : 4710,
            "1896" : 5382,
            "1912" : 5303,
            "1928" : 4998,
            "1944" : 4059,
            "1960" : 2941,
            "1976" : 2281,
            "1992" : 1686,
            "2008" : 1315,
            "2024" : 1033,
            "2040" : 849,
            "2064" : 2223,
            "2096" : 6144,
            "2128" : 14490,
            "2160" : 25675,
            "2192" : 38092,
            "2224" : 47991,
            "2256" : 52000,
            "2288" : 46824,
            "2320" : 37387,
            "2352" : 27732,
            "2384" : 18862,
            "2416" : 11549,
            "2448" : 7120,
            "2480" : 5550,
            "2512" : 5192,
            "2544" : 5654,
            "2576" : 6205,
            "2608" : 6105,
            "2640" : 5513,
            "2672" : 4956,
            "2704" : 4100,
            "2736" : 3424,
            "2768" : 2852,
            "2800" : 2347,
            "2832" : 2192,
            "2864" : 2052,
            "2896" : 2230,
            "2928" : 2270,
            "2960" : 2089,
            "2992" : 2218,
            "3024" : 2452,
            "3056" : 2998,
            "3088" : 3787,
            "3120" : 4494,
            "3152" : 4577,
            "3184" : 4170,
            "3216" : 3351,
            "3248" : 2403,
            "3280" : 1645,
            "3312" : 1294,
            "3344" : 1014,
            "3376" : 897,
            "3408" : 809,
            "3440" : 745,
            "3472" : 686,
            "3504" : 665,
            "3536" : 686,
            "3568" : 638,
            "3600" : 619,
            "3632" : 612,
            "3664" : 613,
            "3696" : 652,
            "3728" : 589,
            "3760" : 587,
            "3792" : 590,
            "3824" : 568,
            "3856" : 609,
            "3888" : 570,
            "3920" : 583,
            "3952" : 608,
            "3984" : 622,
            "4016" : 545,
            "4048" : 563,
            "4080" : 531,
            "4128" : 1108,
            "4192" : 1015,
            "4256" : 1012,
            "4320" : 921,
            "4384" : 947,
            "4448" : 876,
            "4512" : 863,
            "4576" : 922,
            "4640" : 858,
            "4704" : 876,
            "4768" : 881,
            "4832" : 815,
            "4896" : 824,
            "4960" : 747,
            "5024" : 723,
            "5088" : 668,
            "5152" : 643,
            "5216" : 583,
            "5280" : 596,
            "5344" : 553,
            "5408" : 505,
            "5472" : 448,
            "5536" : 456,
            "5600" : 396,
            "5664" : 374,
            "5728" : 367,
            "5792" : 346,
            "5856" : 250,
            "5920" : 251,
            "5984" : 228,
            "6048" : 228,
            "6112" : 189,
            "6176" : 185,
            "6240" : 188,
            "6304" : 164,
            "6368" : 141,
            "6432" : 140,
            "6496" : 124,
            "6560" : 109,
            "6624" : 122,
            "6688" : 95,
            "6752" : 96,
            "6816" : 101,
            "6880" : 87,
            "6944" : 90,
            "7008" : 79,
            "7072" : 61,
            "7136" : 68,
            "7200" : 76,
            "7264" : 63,
            "7328" : 56,
            "7392" : 67,
            "7456" : 58,
            "7520" : 42,
            "7584" : 32,
            "7648" : 47,
            "7712" : 37,
            "7776" : 26,
            "7840" : 32,
            "7904" : 24,
            "7968" : 40,
            "8032" : 41,
            "8096" : 20,
            "8160" : 16,
            "8256" : 39,
            "8384" : 27,
            "8512" : 29,
            "8640" : 13,
            "8768" : 23,
            "8896" : 27,
            "9024" : 22,
            "9152" : 16,
            "9280" : 22,
            "9408" : 18,
            "9536" : 21,
            "9664" : 17,
            "9792" : 20,
            "9920" : 25,
            "10048" : 11,
            "10176" : 19,
            "10304" : 15,
            "10432" : 24,
            "10560" : 12,
            "10688" : 18,
            "10816" : 18,
            "10944" : 14,
            "11072" : 15,
            "11200" : 10,
            "11328" : 15,
            "11456" : 22,
            "11584" : 10,
            "11712" : 19,
            "11840" : 7,
            "11968" : 20,
            "12096" : 12,
            "12224" : 10,
            "12352" : 19,
            "12480" : 15,
            "12608" : 14,
            "12736" : 17,
            "12864" : 13,
            "12992" : 3,
            "13120" : 13,
            "13248" : 12,
            "13376" : 9,
            "13504" : 11,
            "13632" : 13,
            "13760" : 11,
            "13888" : 8,
            "14016" : 14,
            "14144" : 15,
            "14272" : 13,
            "14400" : 14,
            "14528" : 10,
            "14656" : 15,
            "14784" : 8,
            "14912" : 7,
            "15040" : 7,
            "15168" : 6,
            "15296" : 14,
            "15424" : 8,
            "15552" : 10,
            "15680" : 9,
            "15808" : 9,
            "15936" : 8,
            "16064" : 5,
            "16192" : 9,
            "16320" : 5,
            "16512" : 14,
            "16768" : 12,
            "17024" : 8,
            "17280" : 8,
            "17536" : 14,
            "17792" : 14,
            "18048" : 12,
            "18304" : 12,
            "18560" : 7,
            "18816" : 7,
            "19072" : 4,
            "19328" : 8,
            "19584" : 8,
            "19840" : 3,
            "20096" : 2,
            "20352" : 4,
            "20608" : 2,
            "20864" : 3,
            "21120" : 2,
            "21376" : 7,
            "21632" : 4,
            "21888" : 2,
            "22144" : 8,
            "22400" : 4,
            "22656" : 4,
            "23168" : 3,
            "23424" : 2,
            "23680" : 7,
            "23936" : 5,
            "24192" : 1,
            "24448" : 4,
            "24704" : 3,
            "24960" : 4,
            "25216" : 2,
            "25472" : 2,
            "25728" : 2,
            "25984" : 2,
            "26240" : 2,
            "26496" : 2,
            "26752" : 1,
            "27008" : 2,
            "27520" : 1,
            "27776" : 1,
            "28032" : 2,
            "28288" : 1,
            "28544" : 2,
            "28800" : 3,
            "29056" : 2,
            "29312" : 1,
            "29568" : 4,
            "30080" : 2,
            "30336" : 2,
            "30592" : 1,
            "30848" : 1,
            "31104" : 1,
            "31360" : 1,
            "31616" : 4,
            "31872" : 3,
            "32384" : 1,
            "32640" : 3,
            "33024" : 2,
            "33536" : 1,
            "34048" : 1,
            "34560" : 3,
            "35072" : 2,
            "35584" : 3,
            "36096" : 6,
            "37120" : 1,
            "38144" : 2,
            "38656" : 1,
            "39168" : 2,
            "39680" : 3,
            "40192" : 1,
            "40704" : 2,
            "41728" : 3,
            "42240" : 1,
            "42752" : 2,
            "43264" : 4,
            "44288" : 1,
            "44800" : 2,
            "45312" : 2,
            "45824" : 1,
            "46336" : 4,
            "47360" : 1,
            "48384" : 1,
            "48896" : 1,
            "49920" : 1,
            "50944" : 1,
            "51456" : 1,
            "51968" : 2,
            "52480" : 1,
            "52992" : 2,
            "54528" : 1,
            "55040" : 2,
            "56064" : 1,
            "56576" : 1,
            "57088" : 1,
            "57600" : 1,
            "58624" : 1,
            "59136" : 1,
            "60160" : 1,
            "61696" : 3,
            "63232" : 1,
            "63744" : 1,
            "64256" : 2,
            "64768" : 1,
            "66048" : 3,
            "67072" : 2,
            "69120" : 6,
            "70144" : 2,
            "73216" : 3,
            "75264" : 1,
            "76288" : 3,
            "77312" : 2,
            "78336" : 2,
            "79360" : 2,
            "80384" : 2,
            "81408" : 3,
            "82432" : 1,
            "86528" : 1,
            "87552" : 1,
            "90624" : 2,
            "91648" : 1,
            "95744" : 1,
            "97792" : 1,
            "102912" : 3,
            "103936" : 1,
            "104960" : 1,
            "107008" : 1,
            "108032" : 1,
            "109056" : 3,
            "110080" : 1,
            "111104" : 1,
            "115200" : 1,
            "117248" : 1,
            "118272" : 1,
            "120320" : 1,
            "124416" : 1,
            "125440" : 2,
            "128512" : 1,
            "130560" : 2,
            "134144" : 1,
            "138240" : 1,
            "154624" : 1,
            "158720" : 1,
            "164864" : 1,
            "166912" : 1,
            "187392" : 1,
            "232448" : 1,
            "248832" : 1,
            "259072" : 2,
            "261120" : 1,
            "268288" : 1,
            "276480" : 1,
            "296960" : 1,
            "305152" : 1,
            "313344" : 1,
            "317440" : 1,
            "329728" : 1,
            "337920" : 2,
            "350208" : 2,
            "354304" : 1,
            "395264" : 1,
            "403456" : 1,
            "440320" : 1,
            "528384" : 1,
            "552960" : 1,
            "569344" : 1,
            "675840" : 1,
            "684032" : 2,
            "692224" : 1,
            "708608" : 2,
            "757760" : 1,
            "897024" : 1,
            "962560" : 1,
            "1044480" : 1,
            "1138688" : 1,
            "1925120" : 1,
            "2056192" : 1,
            "2211840" : 1,
            "2310144" : 1,
            "2834432" : 1
          }
        },
        "bw_min" : 215992,
        "bw_max" : 324472,
        "bw_agg" : 100.000000,
        "bw_mean" : 238252.689655,
        "bw_dev" : 22189.642013,
        "bw_samples" : 29,
        "iops_min" : 53998,
        "iops_max" : 81118,
        "iops_mean" : 59563.172414,
        "iops_stddev" : 5547.393893,
        "iops_samples" : 29
      },
      "trim" : {
        "io_bytes" : 0,
        "io_kbytes" : 0,
        "bw_bytes" : 0,
        "bw" : 0,
        "iops" : 0.000000,
        "runtime" : 0,
        "total_ios" : 0,
        "short_ios" : 0,
        "drop_ios" : 0,
        "slat_ns" : {
          "min" : 0,
          "max" : 0,
          "mean" : 0.000000,
          "stddev" : 0.000000,
          "N" : 0
        },
        "clat_ns" : {
          "min" : 0,
          "max" : 0,
          "mean" : 0.000000,
          "stddev" : 0.000000,
          "N" : 0
        },
        "lat_ns" : {
          "min" : 0,
          "max" : 0,
          "mean" : 0.000000,
          "stddev" : 0.000000,
          "N" : 0
        },
        "bw_min" : 0,
        "bw_max" : 0,
        "bw_agg" : 0.000000,
        "bw_mean" : 0.000000,
        "bw_dev" : 0.000000,
        "bw_samples" : 0,
        "iops_min" : 0,
        "iops_max" : 0,
        "iops_mean" : 0.000000,
        "iops_stddev" : 0.000000,
        "iops_samples" : 0
      },
      "sync" : {
        "total_ios" : 0,
        "lat_ns" : {
          "min" : 0,
          "max" : 0,
          "mean" : 0.000000,
          "stddev" : 0.000000,
          "N" : 0
        }
      },
      "job_runtime" : 15000,
      "usr_cpu" : 12.846667,
      "sys_cpu" : 58.366667,
      "ctx" : 912362,
      "majf" : 0,
      "minf" : 20,
      "iodepth_level" : {
        "1" : 100.000000,
        "2" : 0.000000,
        "4" : 0.000000,
        "8" : 0.000000,
        "16" : 0.000000,
        "32" : 0.000000,
        ">=64" : 0.000000
      },
      "iodepth_submit" : {
        "0" : 0.000000,
        "4" : 100.000000,
        "8" : 0.000000,
        "16" : 0.000000,
        "32" : 0.000000,
        "64" : 0.000000,
        ">=64" : 0.000000
      },
      "iodepth_complete" : {
        "0" : 0.000000,
        "4" : 100.000000,
        "8" : 0.000000,
        "16" : 0.000000,
        "32" : 0.000000,
        "64" : 0.000000,
        ">=64" : 0.000000
      },
      "latency_ns" : {
        "2" : 0.000000,
        "4" : 0.000000,
        "10" : 0.000000,
        "20" : 0.000000,
        "50" : 0.000000,
        "100" : 0.000000,
        "250" : 0.000000,
        "500" : 0.000000,
        "750" : 0.010000,
        "1000" : 0.125596
      },
      "latency_us" : {
        "2" : 24.066411,
        "4" : 24.631705,
        "10" : 20.251517,
        "20" : 30.143490,
        "50" : 0.707569,
        "100" : 0.035093,
        "250" : 0.016623,
        "500" : 0.010000,
        "750" : 0.010000,
        "1000" : 0.010000
      },
      "latency_ms" : {
        "2" : 0.010000,
        "4" : 0.010000,
        "10" : 0.010000,
        "20" : 0.000000,
        "50" : 0.000000,
        "100" : 0.000000,
        "250" : 0.000000,
        "500" : 0.000000,
        "750" : 0.000000,
        "1000" : 0.000000,
        "2000" : 0.000000,
        ">=2000" : 0.000000
      },
      "latency_depth" : 128,
      "latency_target" : 0,
      "latency_percentile" : 100.000000,
      "latency_window" : 0
    }
  ],
  "disk_util" : [
    {
      "name" : "loop25",
      "read_ios" : 885366,
      "write_ios" : 887002,
      "read_merges" : 0,
      "write_merges" : 0,
      "read_ticks" : 6371,
      "write_ticks" : 20654,
      "in_queue" : 0,
      "util" : 99.252935
    }
  ]
}
