{
  "fio version" : "fio-3.32-36-g5932",
  "timestamp" : 1664231373,
  "timestamp_ms" : 1664231373917,
  "time" : "Tue Sep 27 00:29:33 2022",
  "global options" : {
    "size" : "2M",
    "rw" : "randrw",
    "bs" : "4K",
    "numjobs" : "1",
    "iodepth" : "1",
    "runtime" : "15",
    "end_fsync" : "1",
    "lat_percentiles" : "1",
    "slat_percentiles" : "1",
    "clat_percentiles" : "1"
  },
  "jobs" : [
    {
      "jobname" : "random-rw",
      "groupid" : 0,
      "error" : 0,
      "eta" : 0,
      "elapsed" : 16,
      "job options" : {
        "name" : "random-rw"
      },
      "read" : {
        "io_bytes" : 4119134208,
        "io_kbytes" : 4022592,
        "bw_bytes" : 274590641,
        "bw" : 268154,
        "iops" : 67038.730751,
        "runtime" : 15001,
        "total_ios" : 1005648,
        "short_ios" : 0,
        "drop_ios" : 0,
        "slat_ns" : {
          "min" : 0,
          "max" : 0,
          "mean" : 0.000000,
          "stddev" : 0.000000,
          "N" : 0
        },
        "clat_ns" : {
          "min" : 636,
          "max" : 9238889,
          "mean" : 9395.144734,
          "stddev" : 20857.762465,
          "N" : 1005648,
          "percentile" : {
            "1.000000" : 6048,
            "5.000000" : 6176,
            "10.000000" : 6240,
            "20.000000" : 6368,
            "30.000000" : 6560,
            "40.000000" : 9408,
            "50.000000" : 9792,
            "60.000000" : 10432,
            "70.000000" : 10560,
            "80.000000" : 10816,
            "90.000000" : 11456,
            "95.000000" : 12352,
            "99.000000" : 18560,
            "99.500000" : 21632,
            "99.900000" : 39168,
            "99.950000" : 58112,
            "99.990000" : 342016
          },
          "bins" : {
            "636" : 1,
            "700" : 1,
            "740" : 3,
            "756" : 1,
            "764" : 3,
            "772" : 1,
            "780" : 1,
            "812" : 2,
            "820" : 3,
            "828" : 1,
            "844" : 1,
            "852" : 1,
            "868" : 1,
            "876" : 3,
            "892" : 1,
            "900" : 1,
            "908" : 3,
            "924" : 1,
            "932" : 1,
            "988" : 1,
            "1020" : 1,
            "1032" : 1,
            "1192" : 1,
            "1304" : 1,
            "5792" : 2,
            "5856" : 45,
            "5920" : 569,
            "5984" : 3351,
            "6048" : 9495,
            "6112" : 19475,
            "6176" : 32363,
            "6240" : 46475,
            "6304" : 56148,
            "6368" : 54983,
            "6432" : 44433,
            "6496" : 31449,
            "6560" : 20887,
            "6624" : 13192,
            "6688" : 8227,
            "6752" : 5051,
            "6816" : 2981,
            "6880" : 2010,
            "6944" : 1473,
            "7008" : 1587,
            "7072" : 2342,
            "7136" : 3367,
            "7200" : 4261,
            "7264" : 4597,
            "7328" : 3933,
            "7392" : 2938,
            "7456" : 2072,
            "7520" : 1474,
            "7584" : 932,
            "7648" : 729,
            "7712" : 476,
            "7776" : 361,
            "7840" : 301,
            "7904" : 260,
            "7968" : 186,
            "8032" : 193,
            "8096" : 173,
            "8160" : 174,
            "8256" : 321,
            "8384" : 313,
            "8512" : 317,
            "8640" : 348,
            "8768" : 358,
            "8896" : 359,
            "9024" : 459,
            "9152" : 1116,
            "9280" : 5602,
            "9408" : 17857,
            "9536" : 33811,
            "9664" : 44966,
            "9792" : 41683,
            "9920" : 26645,
            "10048" : 14574,
            "10176" : 9574,
            "10304" : 20770,
            "10432" : 51455,
            "10560" : 72181,
            "10688" : 59275,
            "10816" : 35072,
            "10944" : 16856,
            "11072" : 9714,
            "11200" : 13582,
            "11328" : 23610,
            "11456" : 25817,
            "11584" : 18690,
            "11712" : 10588,
            "11840" : 5500,
            "11968" : 3138,
            "12096" : 2536,
            "12224" : 3053,
            "12352" : 3436,
            "12480" : 3061,
            "12608" : 2475,
            "12736" : 1826,
            "12864" : 1598,
            "12992" : 1420,
            "13120" : 1355,
            "13248" : 1227,
            "13376" : 1226,
            "13504" : 1128,
            "13632" : 1176,
            "13760" : 1049,
            "13888" : 962,
            "14016" : 974,
            "14144" : 937,
            "14272" : 886,
            "14400" : 802,
            "14528" : 782,
            "14656" : 708,
            "14784" : 672,
            "14912" : 693,
            "15040" : 638,
            "15168" : 659,
            "15296" : 615,
            "15424" : 631,
            "15552" : 642,
            "15680" : 628,
            "15808" : 704,
            "15936" : 695,
            "16064" : 696,
            "16192" : 678,
            "16320" : 600,
            "16512" : 1166,
            "16768" : 950,
            "17024" : 861,
            "17280" : 751,
            "17536" : 782,
            "17792" : 850,
            "18048" : 670,
            "18304" : 646,
            "18560" : 624,
            "18816" : 654,
            "19072" : 627,
            "19328" : 578,
            "19584" : 465,
            "19840" : 397,
            "20096" : 370,
            "20352" : 334,
            "20608" : 324,
            "20864" : 291,
            "21120" : 244,
            "21376" : 249,
            "21632" : 225,
            "21888" : 188,
            "22144" : 174,
            "22400" : 170,
            "22656" : 180,
            "22912" : 170,
            "23168" : 137,
            "23424" : 155,
            "23680" : 161,
            "23936" : 120,
            "24192" : 136,
            "24448" : 134,
            "24704" : 117,
            "24960" : 95,
            "25216" : 113,
            "25472" : 85,
            "25728" : 71,
            "25984" : 71,
            "26240" : 70,
            "26496" : 68,
            "26752" : 54,
            "27008" : 51,
            "27264" : 56,
            "27520" : 59,
            "27776" : 41,
            "28032" : 50,
            "28288" : 46,
            "28544" : 39,
            "28800" : 42,
            "29056" : 28,
            "29312" : 39,
            "29568" : 35,
            "29824" : 32,
            "30080" : 20,
            "30336" : 19,
            "30592" : 29,
            "30848" : 28,
            "31104" : 33,
            "31360" : 29,
            "31616" : 28,
            "31872" : 29,
            "32128" : 22,
            "32384" : 19,
            "32640" : 31,
            "33024" : 41,
            "33536" : 46,
            "34048" : 50,
            "34560" : 58,
            "35072" : 59,
            "35584" : 37,
            "36096" : 42,
            "36608" : 30,
            "37120" : 50,
            "37632" : 43,
            "38144" : 46,
            "38656" : 45,
            "39168" : 46,
            "39680" : 36,
            "40192" : 48,
            "40704" : 31,
            "41216" : 48,
            "41728" : 21,
            "42240" : 22,
            "42752" : 17,
            "43264" : 20,
            "43776" : 20,
            "44288" : 8,
            "44800" : 15,
            "45312" : 13,
            "45824" : 16,
            "46336" : 17,
            "46848" : 12,
            "47360" : 11,
            "47872" : 6,
            "48384" : 5,
            "48896" : 9,
            "49408" : 6,
            "49920" : 17,
            "50432" : 10,
            "50944" : 3,
            "51456" : 9,
            "51968" : 10,
            "52480" : 13,
            "52992" : 6,
            "53504" : 5,
            "54016" : 4,
            "54528" : 8,
            "55040" : 7,
            "55552" : 8,
            "56064" : 6,
            "56576" : 6,
            "57088" : 2,
            "57600" : 4,
            "58112" : 5,
            "58624" : 1,
            "59136" : 5,
            "59648" : 3,
            "60160" : 2,
            "60672" : 3,
            "61184" : 6,
            "61696" : 1,
            "62208" : 3,
            "62720" : 4,
            "63232" : 2,
            "63744" : 5,
            "64768" : 4,
            "65280" : 4,
            "66048" : 5,
            "67072" : 10,
            "68096" : 5,
            "69120" : 9,
            "70144" : 7,
            "71168" : 8,
            "72192" : 10,
            "73216" : 8,
            "74240" : 5,
            "75264" : 10,
            "76288" : 5,
            "77312" : 4,
            "78336" : 4,
            "79360" : 5,
            "80384" : 7,
            "81408" : 4,
            "82432" : 5,
            "83456" : 5,
            "84480" : 5,
            "85504" : 6,
            "86528" : 5,
            "87552" : 3,
            "88576" : 2,
            "90624" : 5,
            "92672" : 2,
            "93696" : 1,
            "95744" : 3,
            "96768" : 4,
            "97792" : 3,
            "98816" : 5,
            "99840" : 5,
            "100864" : 3,
            "101888" : 6,
            "102912" : 2,
            "103936" : 2,
            "104960" : 1,
            "105984" : 1,
            "107008" : 2,
            "108032" : 6,
            "109056" : 3,
            "110080" : 1,
            "111104" : 2,
            "112128" : 1,
            "113152" : 3,
            "114176" : 3,
            "115200" : 2,
            "116224" : 3,
            "117248" : 1,
            "118272" : 2,
            "119296" : 1,
            "120320" : 1,
            "121344" : 2,
            "122368" : 5,
            "123392" : 1,
            "125440" : 1,
            "126464" : 2,
            "128512" : 3,
            "132096" : 2,
            "134144" : 3,
            "136192" : 3,
            "138240" : 4,
            "140288" : 3,
            "142336" : 3,
            "144384" : 1,
            "146432" : 2,
            "148480" : 4,
            "150528" : 4,
            "152576" : 5,
            "154624" : 1,
            "156672" : 3,
            "160768" : 4,
            "164864" : 3,
            "168960" : 2,
            "171008" : 2,
            "173056" : 1,
            "175104" : 2,
            "177152" : 2,
            "179200" : 2,
            "185344" : 1,
            "187392" : 1,
            "191488" : 2,
            "193536" : 2,
            "197632" : 1,
            "201728" : 1,
            "207872" : 1,
            "209920" : 2,
            "214016" : 2,
            "216064" : 2,
            "218112" : 1,
            "220160" : 2,
            "222208" : 2,
            "224256" : 1,
            "226304" : 1,
            "228352" : 2,
            "232448" : 5,
            "236544" : 2,
            "240640" : 1,
            "242688" : 3,
            "244736" : 1,
            "248832" : 1,
            "250880" : 2,
            "252928" : 1,
            "254976" : 1,
            "257024" : 1,
            "259072" : 1,
            "261120" : 2,
            "264192" : 1,
            "268288" : 1,
            "272384" : 1,
            "276480" : 1,
            "284672" : 2,
            "292864" : 1,
            "301056" : 1,
            "305152" : 1,
            "309248" : 3,
            "313344" : 1,
            "317440" : 3,
            "321536" : 4,
            "325632" : 1,
            "329728" : 4,
            "333824" : 1,
            "337920" : 4,
            "342016" : 1,
            "350208" : 2,
            "354304" : 3,
            "358400" : 3,
            "362496" : 3,
            "370688" : 1,
            "374784" : 1,
            "378880" : 2,
            "382976" : 1,
            "391168" : 2,
            "395264" : 1,
            "399360" : 2,
            "407552" : 1,
            "411648" : 1,
            "415744" : 1,
            "423936" : 2,
            "432128" : 2,
            "436224" : 1,
            "440320" : 1,
            "444416" : 2,
            "456704" : 1,
            "460800" : 2,
            "464896" : 1,
            "473088" : 1,
            "493568" : 1,
            "509952" : 1,
            "522240" : 1,
            "552960" : 1,
            "569344" : 1,
            "577536" : 3,
            "585728" : 2,
            "593920" : 1,
            "602112" : 1,
            "610304" : 1,
            "659456" : 2,
            "667648" : 1,
            "675840" : 1,
            "684032" : 1,
            "692224" : 1,
            "700416" : 1,
            "708608" : 1,
            "716800" : 2,
            "733184" : 1,
            "741376" : 1,
            "749568" : 3,
            "806912" : 1,
            "823296" : 1,
            "864256" : 1,
            "962560" : 1,
            "978944" : 1,
            "1028096" : 1,
            "1105920" : 1,
            "1138688" : 1,
            "1269760" : 1,
            "1302528" : 1,
            "1318912" : 1,
            "1368064" : 1,
            "1400832" : 2,
            "1466368" : 1,
            "1761280" : 1,
            "1810432" : 1,
            "1826816" : 1,
            "1957888" : 1,
            "1974272" : 1,
            "2007040" : 2,
            "2146304" : 1,
            "2408448" : 1,
            "2670592" : 1,
            "3424256" : 1,
            "3883008" : 1,
            "3915776" : 1,
            "4145152" : 1,
            "4423680" : 1,
            "4816896" : 1,
            "6717440" : 1,
            "7045120" : 1,
            "7831552" : 1,
            "9240576" : 1
          }
        },
        "lat_ns" : {
          "min" : 670,
          "max" : 9238973,
          "mean" : 9454.239976,
          "stddev" : 20860.380737,
          "N" : 1005648,
          "percentile" : {
            "1.000000" : 6112,
            "5.000000" : 6240,
            "10.000000" : 6304,
            "20.000000" : 6432,
            "30.000000" : 6560,
            "40.000000" : 9536,
            "50.000000" : 9792,
            "60.000000" : 10432,
            "70.000000" : 10688,
            "80.000000" : 10816,
            "90.000000" : 11584,
            "95.000000" : 12480,
            "99.000000" : 18560,
            "99.500000" : 21632,
            "99.900000" : 39680,
            "99.950000" : 58624,
            "99.990000" : 342016
          },
          "bins" : {
            "668" : 1,
            "732" : 1,
            "780" : 1,
            "788" : 2,
            "804" : 1,
            "812" : 2,
            "820" : 2,
            "836" : 1,
            "860" : 3,
            "868" : 1,
            "876" : 1,
            "884" : 2,
            "908" : 2,
            "924" : 3,
            "932" : 1,
            "940" : 1,
            "948" : 1,
            "988" : 2,
            "1004" : 1,
            "1012" : 1,
            "1048" : 1,
            "1064" : 1,
            "1096" : 1,
            "1256" : 1,
            "1416" : 1,
            "5856" : 4,
            "5920" : 87,
            "5984" : 858,
            "6048" : 4181,
            "6112" : 11152,
            "6176" : 21930,
            "6240" : 36364,
            "6304" : 50060,
            "6368" : 58056,
            "6432" : 53859,
            "6496" : 40800,
            "6560" : 28329,
            "6624" : 18367,
            "6688" : 11533,
            "6752" : 7212,
            "6816" : 4324,
            "6880" : 2658,
            "6944" : 1739,
            "7008" : 1445,
            "7072" : 1655,
            "7136" : 2559,
            "7200" : 3651,
            "7264" : 4457,
            "7328" : 4564,
            "7392" : 3687,
            "7456" : 2710,
            "7520" : 1907,
            "7584" : 1309,
            "7648" : 845,
            "7712" : 648,
            "7776" : 432,
            "7840" : 348,
            "7904" : 294,
            "7968" : 241,
            "8032" : 187,
            "8096" : 182,
            "8160" : 182,
            "8256" : 331,
            "8384" : 313,
            "8512" : 297,
            "8640" : 336,
            "8768" : 352,
            "8896" : 355,
            "9024" : 350,
            "9152" : 556,
            "9280" : 2183,
            "9408" : 9815,
            "9536" : 25669,
            "9664" : 43030,
            "9792" : 46455,
            "9920" : 34232,
            "10048" : 19522,
            "10176" : 9983,
            "10304" : 11478,
            "10432" : 34518,
            "10560" : 67150,
            "10688" : 70027,
            "10816" : 46766,
            "10944" : 24172,
            "11072" : 11284,
            "11200" : 9950,
            "11328" : 18968,
            "11456" : 26635,
            "11584" : 23010,
            "11712" : 14113,
            "11840" : 7476,
            "11968" : 3904,
            "12096" : 2624,
            "12224" : 2663,
            "12352" : 3359,
            "12480" : 3277,
            "12608" : 2808,
            "12736" : 2112,
            "12864" : 1655,
            "12992" : 1556,
            "13120" : 1366,
            "13248" : 1230,
            "13376" : 1257,
            "13504" : 1177,
            "13632" : 1178,
            "13760" : 1093,
            "13888" : 1021,
            "14016" : 944,
            "14144" : 935,
            "14272" : 931,
            "14400" : 816,
            "14528" : 817,
            "14656" : 766,
            "14784" : 696,
            "14912" : 663,
            "15040" : 674,
            "15168" : 643,
            "15296" : 647,
            "15424" : 612,
            "15552" : 641,
            "15680" : 587,
            "15808" : 661,
            "15936" : 705,
            "16064" : 698,
            "16192" : 683,
            "16320" : 694,
            "16512" : 1183,
            "16768" : 1020,
            "17024" : 898,
            "17280" : 752,
            "17536" : 737,
            "17792" : 892,
            "18048" : 729,
            "18304" : 664,
            "18560" : 608,
            "18816" : 628,
            "19072" : 666,
            "19328" : 618,
            "19584" : 494,
            "19840" : 428,
            "20096" : 362,
            "20352" : 340,
            "20608" : 350,
            "20864" : 308,
            "21120" : 242,
            "21376" : 233,
            "21632" : 252,
            "21888" : 203,
            "22144" : 182,
            "22400" : 168,
            "22656" : 175,
            "22912" : 181,
            "23168" : 142,
            "23424" : 148,
            "23680" : 172,
            "23936" : 125,
            "24192" : 132,
            "24448" : 135,
            "24704" : 128,
            "24960" : 106,
            "25216" : 104,
            "25472" : 94,
            "25728" : 71,
            "25984" : 75,
            "26240" : 66,
            "26496" : 71,
            "26752" : 61,
            "27008" : 57,
            "27264" : 53,
            "27520" : 68,
            "27776" : 40,
            "28032" : 47,
            "28288" : 47,
            "28544" : 41,
            "28800" : 42,
            "29056" : 29,
            "29312" : 41,
            "29568" : 37,
            "29824" : 35,
            "30080" : 26,
            "30336" : 17,
            "30592" : 26,
            "30848" : 24,
            "31104" : 29,
            "31360" : 31,
            "31616" : 35,
            "31872" : 26,
            "32128" : 26,
            "32384" : 19,
            "32640" : 25,
            "33024" : 41,
            "33536" : 47,
            "34048" : 55,
            "34560" : 59,
            "35072" : 54,
            "35584" : 42,
            "36096" : 43,
            "36608" : 29,
            "37120" : 50,
            "37632" : 43,
            "38144" : 39,
            "38656" : 53,
            "39168" : 47,
            "39680" : 37,
            "40192" : 46,
            "40704" : 33,
            "41216" : 47,
            "41728" : 21,
            "42240" : 25,
            "42752" : 17,
            "43264" : 21,
            "43776" : 16,
            "44288" : 13,
            "44800" : 14,
            "45312" : 10,
            "45824" : 19,
            "46336" : 14,
            "46848" : 14,
            "47360" : 10,
            "47872" : 7,
            "48384" : 7,
            "48896" : 10,
            "49408" : 5,
            "49920" : 16,
            "50432" : 11,
            "50944" : 5,
            "51456" : 7,
            "51968" : 12,
            "52480" : 11,
            "52992" : 4,
            "53504" : 7,
            "54016" : 4,
            "54528" : 9,
            "55040" : 7,
            "55552" : 8,
            "56064" : 5,
            "56576" : 4,
            "57088" : 5,
            "57600" : 4,
            "58112" : 3,
            "58624" : 4,
            "59136" : 5,
            "59648" : 2,
            "60160" : 3,
            "60672" : 3,
            "61184" : 5,
            "61696" : 2,
            "62208" : 3,
            "62720" : 1,
            "63232" : 5,
            "63744" : 4,
            "64256" : 1,
            "64768" : 3,
            "65280" : 5,
            "66048" : 5,
            "67072" : 10,
            "68096" : 5,
            "69120" : 8,
            "70144" : 6,
            "71168" : 9,
            "72192" : 9,
            "73216" : 8,
            "74240" : 7,
            "75264" : 10,
            "76288" : 5,
            "77312" : 4,
            "78336" : 3,
            "79360" : 6,
            "80384" : 6,
            "81408" : 5,
            "82432" : 4,
            "83456" : 6,
            "84480" : 5,
            "85504" : 5,
            "86528" : 6,
            "87552" : 3,
            "88576" : 2,
            "90624" : 5,
            "92672" : 2,
            "93696" : 1,
            "95744" : 3,
            "96768" : 4,
            "97792" : 3,
            "98816" : 4,
            "99840" : 6,
            "100864" : 3,
            "101888" : 5,
            "102912" : 3,
            "103936" : 2,
            "104960" : 1,
            "105984" : 1,
            "107008" : 2,
            "108032" : 6,
            "109056" : 2,
            "110080" : 2,
            "111104" : 2,
            "112128" : 1,
            "113152" : 3,
            "114176" : 2,
            "115200" : 3,
            "116224" : 3,
            "117248" : 1,
            "118272" : 2,
            "119296" : 1,
            "120320" : 1,
            "121344" : 2,
            "122368" : 5,
            "123392" : 1,
            "125440" : 1,
            "126464" : 2,
            "128512" : 3,
            "132096" : 2,
            "134144" : 3,
            "136192" : 3,
            "138240" : 4,
            "140288" : 3,
            "142336" : 3,
            "144384" : 1,
            "146432" : 2,
            "148480" : 4,
            "150528" : 4,
            "152576" : 5,
            "154624" : 1,
            "156672" : 3,
            "160768" : 2,
            "162816" : 2,
            "164864" : 3,
            "168960" : 2,
            "171008" : 2,
            "173056" : 1,
            "175104" : 2,
            "177152" : 1,
            "179200" : 3,
            "185344" : 1,
            "187392" : 1,
            "191488" : 1,
            "193536" : 3,
            "197632" : 1,
            "201728" : 1,
            "205824" : 1,
            "207872" : 1,
            "209920" : 1,
            "211968" : 1,
            "214016" : 2,
            "216064" : 2,
            "218112" : 1,
            "220160" : 2,
            "222208" : 2,
            "224256" : 1,
            "226304" : 1,
            "228352" : 2,
            "232448" : 5,
            "236544" : 2,
            "240640" : 1,
            "242688" : 3,
            "244736" : 1,
            "248832" : 1,
            "250880" : 2,
            "252928" : 1,
            "254976" : 1,
            "257024" : 1,
            "259072" : 1,
            "261120" : 2,
            "264192" : 1,
            "268288" : 1,
            "272384" : 1,
            "276480" : 1,
            "284672" : 2,
            "292864" : 1,
            "301056" : 1,
            "305152" : 1,
            "309248" : 3,
            "313344" : 1,
            "317440" : 3,
            "321536" : 4,
            "325632" : 1,
            "329728" : 4,
            "333824" : 1,
            "337920" : 4,
            "342016" : 1,
            "350208" : 2,
            "354304" : 3,
            "358400" : 3,
            "362496" : 3,
            "370688" : 1,
            "374784" : 1,
            "378880" : 2,
            "382976" : 1,
            "391168" : 2,
            "395264" : 1,
            "399360" : 2,
            "407552" : 1,
            "411648" : 1,
            "415744" : 1,
            "423936" : 2,
            "432128" : 2,
            "436224" : 1,
            "440320" : 1,
            "444416" : 2,
            "456704" : 1,
            "460800" : 2,
            "464896" : 1,
            "473088" : 1,
            "493568" : 1,
            "509952" : 1,
            "522240" : 1,
            "552960" : 1,
            "569344" : 1,
            "577536" : 3,
            "585728" : 2,
            "593920" : 1,
            "602112" : 1,
            "610304" : 1,
            "659456" : 2,
            "667648" : 1,
            "675840" : 1,
            "684032" : 1,
            "692224" : 1,
            "700416" : 1,
            "708608" : 1,
            "716800" : 2,
            "733184" : 1,
            "741376" : 1,
            "749568" : 3,
            "806912" : 1,
            "823296" : 1,
            "872448" : 1,
            "962560" : 1,
            "978944" : 1,
            "1028096" : 1,
            "1105920" : 1,
            "1138688" : 1,
            "1269760" : 1,
            "1302528" : 1,
            "1318912" : 1,
            "1368064" : 1,
            "1400832" : 2,
            "1466368" : 1,
            "1761280" : 1,
            "1810432" : 1,
            "1826816" : 1,
            "1957888" : 1,
            "1974272" : 1,
            "2007040" : 2,
            "2146304" : 1,
            "2408448" : 1,
            "2670592" : 1,
            "3424256" : 1,
            "3883008" : 1,
            "3915776" : 1,
            "4145152" : 1,
            "4423680" : 1,
            "4816896" : 1,
            "6717440" : 1,
            "7045120" : 1,
            "7831552" : 1,
            "9240576" : 1
          }
        },
        "bw_min" : 228832,
        "bw_max" : 351192,
        "bw_agg" : 98.961077,
        "bw_mean" : 265369.931034,
        "bw_dev" : 41529.545815,
        "bw_samples" : 29,
        "iops_min" : 57208,
        "iops_max" : 87798,
        "iops_mean" : 66342.482759,
        "iops_stddev" : 10382.386454,
        "iops_samples" : 29
      },
      "write" : {
        "io_bytes" : 4113612800,
        "io_kbytes" : 4017200,
        "bw_bytes" : 274222571,
        "bw" : 267795,
        "iops" : 66948.870075,
        "runtime" : 15001,
        "total_ios" : 1004300,
        "short_ios" : 0,
        "drop_ios" : 0,
        "slat_ns" : {
          "min" : 0,
          "max" : 0,
          "mean" : 0.000000,
          "stddev" : 0.000000,
          "N" : 0
        },
        "clat_ns" : {
          "min" : 1118,
          "max" : 6595597,
          "mean" : 2018.623059,
          "stddev" : 9723.384718,
          "N" : 1004300,
          "percentile" : {
            "1.000000" : 1416,
            "5.000000" : 1448,
            "10.000000" : 1464,
            "20.000000" : 1512,
            "30.000000" : 1544,
            "40.000000" : 1624,
            "50.000000" : 1896,
            "60.000000" : 2024,
            "70.000000" : 2224,
            "80.000000" : 2288,
            "90.000000" : 2448,
            "95.000000" : 2960,
            "99.000000" : 4192,
            "99.500000" : 4960,
            "99.900000" : 11072,
            "99.950000" : 15552,
            "99.990000" : 41216
          },
          "bins" : {
            "1112" : 1,
            "1144" : 2,
            "1160" : 1,
            "1176" : 2,
            "1192" : 2,
            "1208" : 2,
            "1224" : 2,
            "1240" : 1,
            "1256" : 1,
            "1288" : 1,
            "1336" : 2,
            "1352" : 61,
            "1368" : 747,
            "1384" : 2609,
            "1400" : 5604,
            "1416" : 11200,
            "1432" : 19520,
            "1448" : 28174,
            "1464" : 33585,
            "1480" : 39154,
            "1496" : 46843,
            "1512" : 47957,
            "1528" : 46401,
            "1544" : 38915,
            "1560" : 29540,
            "1576" : 22072,
            "1592" : 16014,
            "1608" : 12353,
            "1624" : 9403,
            "1640" : 6980,
            "1656" : 5540,
            "1672" : 4294,
            "1688" : 3557,
            "1704" : 2855,
            "1720" : 2308,
            "1736" : 1966,
            "1752" : 1628,
            "1768" : 1494,
            "1784" : 1538,
            "1800" : 1985,
            "1816" : 3108,
            "1832" : 5204,
            "1848" : 8506,
            "1864" : 12825,
            "1880" : 16359,
            "1896" : 18940,
            "1912" : 19019,
            "1928" : 17924,
            "1944" : 15413,
            "1960" : 12930,
            "1976" : 10392,
            "1992" : 8072,
            "2008" : 6440,
            "2024" : 5002,
            "2040" : 3597,
            "2064" : 5254,
            "2096" : 4404,
            "2128" : 6724,
            "2160" : 14566,
            "2192" : 28447,
            "2224" : 43175,
            "2256" : 50862,
            "2288" : 46467,
            "2320" : 35724,
            "2352" : 23965,
            "2384" : 16286,
            "2416" : 12042,
            "2448" : 9626,
            "2480" : 7816,
            "2512" : 6097,
            "2544" : 4602,
            "2576" : 3474,
            "2608" : 2812,
            "2640" : 2232,
            "2672" : 2142,
            "2704" : 2349,
            "2736" : 2677,
            "2768" : 3022,
            "2800" : 3039,
            "2832" : 2793,
            "2864" : 2207,
            "2896" : 1757,
            "2928" : 1360,
            "2960" : 1027,
            "2992" : 999,
            "3024" : 1015,
            "3056" : 1319,
            "3088" : 1931,
            "3120" : 2616,
            "3152" : 3272,
            "3184" : 3558,
            "3216" : 3348,
            "3248" : 2811,
            "3280" : 2101,
            "3312" : 1536,
            "3344" : 1173,
            "3376" : 988,
            "3408" : 846,
            "3440" : 726,
            "3472" : 706,
            "3504" : 614,
            "3536" : 574,
            "3568" : 564,
            "3600" : 526,
            "3632" : 475,
            "3664" : 468,
            "3696" : 484,
            "3728" : 478,
            "3760" : 444,
            "3792" : 482,
            "3824" : 496,
            "3856" : 481,
            "3888" : 514,
            "3920" : 461,
            "3952" : 487,
            "3984" : 483,
            "4016" : 381,
            "4048" : 403,
            "4080" : 367,
            "4128" : 682,
            "4192" : 697,
            "4256" : 583,
            "4320" : 587,
            "4384" : 523,
            "4448" : 465,
            "4512" : 420,
            "4576" : 419,
            "4640" : 387,
            "4704" : 344,
            "4768" : 311,
            "4832" : 307,
            "4896" : 284,
            "4960" : 253,
            "5024" : 238,
            "5088" : 219,
            "5152" : 217,
            "5216" : 182,
            "5280" : 200,
            "5344" : 166,
            "5408" : 179,
            "5472" : 125,
            "5536" : 124,
            "5600" : 133,
            "5664" : 112,
            "5728" : 117,
            "5792" : 98,
            "5856" : 85,
            "5920" : 93,
            "5984" : 66,
            "6048" : 75,
            "6112" : 57,
            "6176" : 60,
            "6240" : 62,
            "6304" : 40,
            "6368" : 36,
            "6432" : 39,
            "6496" : 27,
            "6560" : 28,
            "6624" : 35,
            "6688" : 28,
            "6752" : 36,
            "6816" : 27,
            "6880" : 25,
            "6944" : 22,
            "7008" : 29,
            "7072" : 30,
            "7136" : 18,
            "7200" : 23,
            "7264" : 19,
            "7328" : 15,
            "7392" : 19,
            "7456" : 17,
            "7520" : 14,
            "7584" : 17,
            "7648" : 14,
            "7712" : 16,
            "7776" : 15,
            "7840" : 17,
            "7904" : 16,
            "7968" : 16,
            "8032" : 17,
            "8096" : 14,
            "8160" : 12,
            "8256" : 40,
            "8384" : 43,
            "8512" : 34,
            "8640" : 19,
            "8768" : 38,
            "8896" : 35,
            "9024" : 29,
            "9152" : 44,
            "9280" : 29,
            "9408" : 30,
            "9536" : 20,
            "9664" : 19,
            "9792" : 18,
            "9920" : 27,
            "10048" : 18,
            "10176" : 25,
            "10304" : 32,
            "10432" : 21,
            "10560" : 29,
            "10688" : 22,
            "10816" : 16,
            "10944" : 28,
            "11072" : 22,
            "11200" : 27,
            "11328" : 16,
            "11456" : 19,
            "11584" : 18,
            "11712" : 13,
            "11840" : 19,
            "11968" : 17,
            "12096" : 12,
            "12224" : 14,
            "12352" : 15,
            "12480" : 9,
            "12608" : 14,
            "12736" : 18,
            "12864" : 14,
            "12992" : 15,
            "13120" : 8,
            "13248" : 13,
            "13376" : 9,
            "13504" : 8,
            "13632" : 16,
            "13760" : 5,
            "13888" : 17,
            "14016" : 12,
            "14144" : 16,
            "14272" : 15,
            "14400" : 6,
            "14528" : 16,
            "14656" : 17,
            "14784" : 13,
            "14912" : 15,
            "15040" : 10,
            "15168" : 14,
            "15296" : 10,
            "15424" : 13,
            "15552" : 17,
            "15680" : 12,
            "15808" : 9,
            "15936" : 15,
            "16064" : 13,
            "16192" : 10,
            "16320" : 13,
            "16512" : 15,
            "16768" : 14,
            "17024" : 16,
            "17280" : 18,
            "17536" : 11,
            "17792" : 10,
            "18048" : 8,
            "18304" : 15,
            "18560" : 5,
            "18816" : 13,
            "19072" : 5,
            "19328" : 4,
            "19584" : 6,
            "19840" : 2,
            "20096" : 4,
            "20352" : 3,
            "20608" : 3,
            "20864" : 3,
            "21120" : 1,
            "21376" : 2,
            "21632" : 4,
            "21888" : 1,
            "22144" : 3,
            "22400" : 4,
            "22656" : 3,
            "22912" : 4,
            "23168" : 3,
            "23424" : 6,
            "23680" : 1,
            "23936" : 2,
            "24192" : 1,
            "24448" : 1,
            "24704" : 1,
            "24960" : 2,
            "25216" : 1,
            "25472" : 4,
            "25728" : 3,
            "25984" : 3,
            "26240" : 3,
            "26496" : 5,
            "26752" : 1,
            "27008" : 2,
            "27264" : 1,
            "27520" : 2,
            "28032" : 1,
            "28288" : 2,
            "28544" : 6,
            "28800" : 4,
            "29056" : 1,
            "29312" : 3,
            "29568" : 7,
            "29824" : 3,
            "30080" : 3,
            "30336" : 2,
            "30592" : 4,
            "30848" : 5,
            "31104" : 1,
            "31360" : 8,
            "31616" : 4,
            "31872" : 2,
            "32128" : 4,
            "32384" : 2,
            "32640" : 3,
            "33024" : 9,
            "33536" : 12,
            "34048" : 4,
            "34560" : 5,
            "35072" : 2,
            "35584" : 1,
            "36608" : 2,
            "37120" : 1,
            "37632" : 2,
            "38144" : 2,
            "39168" : 2,
            "40192" : 1,
            "40704" : 1,
            "41216" : 2,
            "41728" : 2,
            "42240" : 1,
            "43264" : 1,
            "44288" : 1,
            "44800" : 2,
            "45312" : 2,
            "45824" : 1,
            "46848" : 1,
            "47360" : 1,
            "47872" : 1,
            "48896" : 1,
            "49920" : 1,
            "50432" : 1,
            "50944" : 1,
            "51456" : 1,
            "53504" : 1,
            "54016" : 1,
            "54528" : 1,
            "55040" : 1,
            "56064" : 1,
            "57600" : 1,
            "59648" : 1,
            "61184" : 1,
            "61696" : 1,
            "63232" : 1,
            "64256" : 2,
            "64768" : 1,
            "66048" : 1,
            "67072" : 1,
            "68096" : 3,
            "70144" : 1,
            "71168" : 3,
            "72192" : 1,
            "74240" : 2,
            "76288" : 1,
            "77312" : 2,
            "78336" : 1,
            "79360" : 1,
            "81408" : 1,
            "82432" : 1,
            "83456" : 1,
            "85504" : 2,
            "88576" : 1,
            "89600" : 1,
            "92672" : 2,
            "93696" : 2,
            "94720" : 3,
            "96768" : 2,
            "103936" : 1,
            "123392" : 1,
            "140288" : 2,
            "146432" : 2,
            "148480" : 1,
            "152576" : 1,
            "154624" : 2,
            "162816" : 1,
            "164864" : 1,
            "191488" : 2,
            "236544" : 1,
            "296960" : 1,
            "313344" : 1,
            "325632" : 1,
            "329728" : 1,
            "342016" : 1,
            "350208" : 1,
            "370688" : 1,
            "387072" : 1,
            "428032" : 1,
            "436224" : 1,
            "528384" : 1,
            "626688" : 1,
            "700416" : 1,
            "765952" : 1,
            "1253376" : 1,
            "1482752" : 1,
            "2113536" : 1,
            "2506752" : 1,
            "5734400" : 1,
            "6586368" : 1
          }
        },
        "lat_ns" : {
          "min" : 1169,
          "max" : 6595709,
          "mean" : 2097.502194,
          "stddev" : 9966.159900,
          "N" : 1004300,
          "percentile" : {
            "1.000000" : 1464,
            "5.000000" : 1496,
            "10.000000" : 1528,
            "20.000000" : 1560,
            "30.000000" : 1608,
            "40.000000" : 1672,
            "50.000000" : 1976,
            "60.000000" : 2096,
            "70.000000" : 2320,
            "80.000000" : 2384,
            "90.000000" : 2544,
            "95.000000" : 3056,
            "99.000000" : 4384,
            "99.500000" : 5152,
            "99.900000" : 11456,
            "99.950000" : 15936,
            "99.990000" : 43264
          },
          "bins" : {
            "1176" : 1,
            "1192" : 1,
            "1208" : 2,
            "1224" : 1,
            "1240" : 2,
            "1256" : 3,
            "1272" : 2,
            "1288" : 1,
            "1304" : 1,
            "1336" : 1,
            "1400" : 11,
            "1416" : 268,
            "1432" : 1360,
            "1448" : 3656,
            "1464" : 7844,
            "1480" : 14299,
            "1496" : 23420,
            "1512" : 29210,
            "1528" : 35153,
            "1544" : 42756,
            "1560" : 47065,
            "1576" : 48632,
            "1592" : 43019,
            "1608" : 36023,
            "1624" : 27171,
            "1640" : 19496,
            "1656" : 14771,
            "1672" : 10901,
            "1688" : 8279,
            "1704" : 6381,
            "1720" : 4873,
            "1736" : 4024,
            "1752" : 3107,
            "1768" : 2511,
            "1784" : 2215,
            "1800" : 1806,
            "1816" : 1599,
            "1832" : 1361,
            "1848" : 1404,
            "1864" : 1575,
            "1880" : 2344,
            "1896" : 4094,
            "1912" : 6647,
            "1928" : 10406,
            "1944" : 14780,
            "1960" : 17392,
            "1976" : 19003,
            "1992" : 18174,
            "2008" : 16570,
            "2024" : 14242,
            "2040" : 11574,
            "2064" : 16546,
            "2096" : 10144,
            "2128" : 5824,
            "2160" : 3993,
            "2192" : 3676,
            "2224" : 6050,
            "2256" : 13441,
            "2288" : 26740,
            "2320" : 41687,
            "2352" : 50067,
            "2384" : 47598,
            "2416" : 38087,
            "2448" : 26081,
            "2480" : 17963,
            "2512" : 12958,
            "2544" : 9317,
            "2576" : 6899,
            "2608" : 5105,
            "2640" : 3755,
            "2672" : 3058,
            "2704" : 2414,
            "2736" : 2310,
            "2768" : 2320,
            "2800" : 2697,
            "2832" : 2943,
            "2864" : 3087,
            "2896" : 2915,
            "2928" : 2367,
            "2960" : 1854,
            "2992" : 1509,
            "3024" : 1119,
            "3056" : 1002,
            "3088" : 873,
            "3120" : 930,
            "3152" : 1243,
            "3184" : 1804,
            "3216" : 2481,
            "3248" : 3197,
            "3280" : 3506,
            "3312" : 3267,
            "3344" : 2830,
            "3376" : 2165,
            "3408" : 1606,
            "3440" : 1215,
            "3472" : 981,
            "3504" : 855,
            "3536" : 761,
            "3568" : 645,
            "3600" : 644,
            "3632" : 589,
            "3664" : 585,
            "3696" : 504,
            "3728" : 445,
            "3760" : 481,
            "3792" : 490,
            "3824" : 428,
            "3856" : 464,
            "3888" : 451,
            "3920" : 421,
            "3952" : 441,
            "3984" : 465,
            "4016" : 453,
            "4048" : 454,
            "4080" : 474,
            "4128" : 896,
            "4192" : 814,
            "4256" : 712,
            "4320" : 618,
            "4384" : 619,
            "4448" : 571,
            "4512" : 522,
            "4576" : 465,
            "4640" : 430,
            "4704" : 427,
            "4768" : 406,
            "4832" : 357,
            "4896" : 297,
            "4960" : 300,
            "5024" : 301,
            "5088" : 273,
            "5152" : 237,
            "5216" : 225,
            "5280" : 207,
            "5344" : 197,
            "5408" : 208,
            "5472" : 184,
            "5536" : 158,
            "5600" : 165,
            "5664" : 138,
            "5728" : 118,
            "5792" : 132,
            "5856" : 136,
            "5920" : 102,
            "5984" : 93,
            "6048" : 86,
            "6112" : 75,
            "6176" : 84,
            "6240" : 67,
            "6304" : 54,
            "6368" : 65,
            "6432" : 43,
            "6496" : 44,
            "6560" : 53,
            "6624" : 35,
            "6688" : 34,
            "6752" : 28,
            "6816" : 38,
            "6880" : 30,
            "6944" : 34,
            "7008" : 27,
            "7072" : 25,
            "7136" : 32,
            "7200" : 27,
            "7264" : 22,
            "7328" : 18,
            "7392" : 26,
            "7456" : 21,
            "7520" : 20,
            "7584" : 17,
            "7648" : 24,
            "7712" : 17,
            "7776" : 13,
            "7840" : 21,
            "7904" : 14,
            "7968" : 12,
            "8032" : 16,
            "8096" : 12,
            "8160" : 19,
            "8256" : 35,
            "8384" : 43,
            "8512" : 42,
            "8640" : 36,
            "8768" : 37,
            "8896" : 28,
            "9024" : 41,
            "9152" : 34,
            "9280" : 44,
            "9408" : 29,
            "9536" : 24,
            "9664" : 23,
            "9792" : 14,
            "9920" : 28,
            "10048" : 21,
            "10176" : 26,
            "10304" : 25,
            "10432" : 28,
            "10560" : 22,
            "10688" : 27,
            "10816" : 23,
            "10944" : 24,
            "11072" : 25,
            "11200" : 30,
            "11328" : 19,
            "11456" : 19,
            "11584" : 21,
            "11712" : 15,
            "11840" : 20,
            "11968" : 18,
            "12096" : 13,
            "12224" : 14,
            "12352" : 16,
            "12480" : 11,
            "12608" : 14,
            "12736" : 16,
            "12864" : 18,
            "12992" : 15,
            "13120" : 18,
            "13248" : 12,
            "13376" : 14,
            "13504" : 6,
            "13632" : 13,
            "13760" : 10,
            "13888" : 11,
            "14016" : 13,
            "14144" : 17,
            "14272" : 12,
            "14400" : 10,
            "14528" : 11,
            "14656" : 16,
            "14784" : 15,
            "14912" : 14,
            "15040" : 14,
            "15168" : 14,
            "15296" : 12,
            "15424" : 12,
            "15552" : 11,
            "15680" : 17,
            "15808" : 13,
            "15936" : 10,
            "16064" : 16,
            "16192" : 9,
            "16320" : 15,
            "16512" : 19,
            "16768" : 15,
            "17024" : 14,
            "17280" : 20,
            "17536" : 12,
            "17792" : 13,
            "18048" : 9,
            "18304" : 15,
            "18560" : 6,
            "18816" : 11,
            "19072" : 7,
            "19328" : 5,
            "19584" : 7,
            "19840" : 5,
            "20096" : 3,
            "20352" : 2,
            "20608" : 3,
            "20864" : 4,
            "21120" : 2,
            "21376" : 2,
            "21632" : 2,
            "21888" : 3,
            "22144" : 2,
            "22400" : 5,
            "22656" : 1,
            "22912" : 5,
            "23168" : 3,
            "23424" : 5,
            "23680" : 2,
            "23936" : 2,
            "24192" : 1,
            "24448" : 2,
            "24960" : 3,
            "25472" : 3,
            "25728" : 4,
            "25984" : 5,
            "26496" : 6,
            "26752" : 3,
            "27008" : 1,
            "27264" : 2,
            "27520" : 2,
            "28032" : 1,
            "28544" : 9,
            "28800" : 5,
            "29312" : 2,
            "29568" : 7,
            "29824" : 4,
            "30080" : 5,
            "30336" : 1,
            "30592" : 3,
            "30848" : 4,
            "31104" : 3,
            "31360" : 8,
            "31616" : 6,
            "31872" : 3,
            "32128" : 4,
            "32384" : 2,
            "32640" : 4,
            "33024" : 9,
            "33536" : 12,
            "34048" : 2,
            "34560" : 8,
            "35072" : 2,
            "35584" : 2,
            "36608" : 2,
            "37120" : 1,
            "37632" : 1,
            "38144" : 4,
            "39168" : 1,
            "39680" : 2,
            "40192" : 1,
            "40704" : 1,
            "41216" : 1,
            "41728" : 2,
            "42240" : 2,
            "43264" : 1,
            "44288" : 1,
            "44800" : 2,
            "45312" : 2,
            "45824" : 1,
            "46848" : 2,
            "47360" : 1,
            "48384" : 1,
            "48896" : 1,
            "49920" : 1,
            "50432" : 1,
            "50944" : 1,
            "51456" : 2,
            "53504" : 1,
            "54016" : 1,
            "54528" : 1,
            "55040" : 1,
            "55552" : 1,
            "56064" : 1,
            "57600" : 1,
            "59136" : 1,
            "59648" : 1,
            "61696" : 2,
            "63232" : 1,
            "64256" : 2,
            "64768" : 1,
            "66048" : 1,
            "67072" : 1,
            "68096" : 1,
            "69120" : 2,
            "70144" : 1,
            "71168" : 3,
            "73216" : 1,
            "74240" : 2,
            "76288" : 1,
            "77312" : 2,
            "78336" : 1,
            "79360" : 1,
            "81408" : 1,
            "82432" : 1,
            "83456" : 1,
            "85504" : 2,
            "88576" : 1,
            "89600" : 1,
            "92672" : 1,
            "93696" : 3,
            "94720" : 3,
            "96768" : 2,
            "103936" : 1,
            "123392" : 1,
            "140288" : 2,
            "146432" : 2,
            "148480" : 1,
            "152576" : 1,
            "154624" : 2,
            "162816" : 1,
            "164864" : 1,
            "191488" : 2,
            "236544" : 1,
            "296960" : 1,
            "313344" : 1,
            "325632" : 1,
            "329728" : 1,
            "342016" : 1,
            "350208" : 1,
            "370688" : 1,
            "387072" : 1,
            "428032" : 1,
            "436224" : 1,
            "528384" : 1,
            "626688" : 1,
            "700416" : 1,
            "765952" : 1,
            "1253376" : 1,
            "1482752" : 1,
            "2113536" : 1,
            "2179072" : 1,
            "2506752" : 1,
            "5734400" : 1,
            "6586368" : 1
          }
        },
        "bw_min" : 229296,
        "bw_max" : 349424,
        "bw_agg" : 98.961715,
        "bw_mean" : 265015.724138,
        "bw_dev" : 41227.070080,
        "bw_samples" : 29,
        "iops_min" : 57324,
        "iops_max" : 87356,
        "iops_mean" : 66253.931034,
        "iops_stddev" : 10306.767520,
        "iops_samples" : 29
      },
      "trim" : {
        "io_bytes" : 0,
        "io_kbytes" : 0,
        "bw_bytes" : 0,
        "bw" : 0,
        "iops" : 0.000000,
        "runtime" : 0,
        "total_ios" : 0,
        "short_ios" : 0,
        "drop_ios" : 0,
        "slat_ns" : {
          "min" : 0,
          "max" : 0,
          "mean" : 0.000000,
          "stddev" : 0.000000,
          "N" : 0
        },
        "clat_ns" : {
          "min" : 0,
          "max" : 0,
          "mean" : 0.000000,
          "stddev" : 0.000000,
          "N" : 0
        },
        "lat_ns" : {
          "min" : 0,
          "max" : 0,
          "mean" : 0.000000,
          "stddev" : 0.000000,
          "N" : 0
        },
        "bw_min" : 0,
        "bw_max" : 0,
        "bw_agg" : 0.000000,
        "bw_mean" : 0.000000,
        "bw_dev" : 0.000000,
        "bw_samples" : 0,
        "iops_min" : 0,
        "iops_max" : 0,
        "iops_mean" : 0.000000,
        "iops_stddev" : 0.000000,
        "iops_samples" : 0
      },
      "sync" : {
        "total_ios" : 0,
        "lat_ns" : {
          "min" : 0,
          "max" : 0,
          "mean" : 0.000000,
          "stddev" : 0.000000,
          "N" : 0
        }
      },
      "job_runtime" : 15000,
      "usr_cpu" : 12.913333,
      "sys_cpu" : 55.273333,
      "ctx" : 1033697,
      "majf" : 0,
      "minf" : 20,
      "iodepth_level" : {
        "1" : 100.000000,
        "2" : 0.000000,
        "4" : 0.000000,
        "8" : 0.000000,
        "16" : 0.000000,
        "32" : 0.000000,
        ">=64" : 0.000000
      },
      "iodepth_submit" : {
        "0" : 0.000000,
        "4" : 100.000000,
        "8" : 0.000000,
        "16" : 0.000000,
        "32" : 0.000000,
        "64" : 0.000000,
        ">=64" : 0.000000
      },
      "iodepth_complete" : {
        "0" : 0.000000,
        "4" : 100.000000,
        "8" : 0.000000,
        "16" : 0.000000,
        "32" : 0.000000,
        "64" : 0.000000,
        ">=64" : 0.000000
      },
      "latency_ns" : {
        "2" : 0.000000,
        "4" : 0.000000,
        "10" : 0.000000,
        "20" : 0.000000,
        "50" : 0.000000,
        "100" : 0.000000,
        "250" : 0.000000,
        "500" : 0.000000,
        "750" : 0.010000,
        "1000" : 0.010000
      },
      "latency_us" : {
        "2" : 29.503748,
        "4" : 19.849419,
        "10" : 28.388894,
        "20" : 21.900069,
        "50" : 0.321700,
        "100" : 0.018259,
        "250" : 0.010000,
        "500" : 0.010000,
        "750" : 0.010000,
        "1000" : 0.010000
      },
      "latency_ms" : {
        "2" : 0.010000,
        "4" : 0.010000,
        "10" : 0.010000,
        "20" : 0.000000,
        "50" : 0.000000,
        "100" : 0.000000,
        "250" : 0.000000,
        "500" : 0.000000,
        "750" : 0.000000,
        "1000" : 0.000000,
        "2000" : 0.000000,
        ">=2000" : 0.000000
      },
      "latency_depth" : 1,
      "latency_target" : 0,
      "latency_percentile" : 100.000000,
      "latency_window" : 0
    }
  ],
  "disk_util" : [
    {
      "name" : "loop25",
      "read_ios" : 996095,
      "write_ios" : 994704,
      "read_merges" : 0,
      "write_merges" : 0,
      "read_ticks" : 5989,
      "write_ticks" : 25922,
      "in_queue" : 60,
      "util" : 99.205979
    }
  ]
}
