{
  "fio version" : "fio-3.32-36-g5932",
  "timestamp" : 1663481573,
  "timestamp_ms" : 1663481573272,
  "time" : "Sun Sep 18 08:12:53 2022",
  "global options" : {
    "size" : "1M",
    "rw" : "randrw",
    "bs" : "4K",
    "numjobs" : "1",
    "iodepth" : "128",
    "runtime" : "300",
    "end_fsync" : "1",
    "lat_percentiles" : "1",
    "slat_percentiles" : "1",
    "clat_percentiles" : "1"
  },
  "jobs" : [
    {
      "jobname" : "random-rw",
      "groupid" : 0,
      "error" : 0,
      "eta" : 0,
      "elapsed" : 301,
      "job options" : {
        "name" : "random-rw"
      },
      "read" : {
        "io_bytes" : 69275705344,
        "io_kbytes" : 67652056,
        "bw_bytes" : 230918248,
        "bw" : 225506,
        "iops" : 56376.525412,
        "runtime" : 300001,
        "total_ios" : 16913014,
        "short_ios" : 0,
        "drop_ios" : 0,
        "slat_ns" : {
          "min" : 0,
          "max" : 0,
          "mean" : 0.000000,
          "stddev" : 0.000000,
          "N" : 0
        },
        "clat_ns" : {
          "min" : 720,
          "max" : 5490148,
          "mean" : 11684.237516,
          "stddev" : 6935.375072,
          "N" : 16913014,
          "percentile" : {
            "1.000000" : 9536,
            "5.000000" : 9664,
            "10.000000" : 9792,
            "20.000000" : 10048,
            "30.000000" : 10176,
            "40.000000" : 10560,
            "50.000000" : 10816,
            "60.000000" : 11072,
            "70.000000" : 11328,
            "80.000000" : 11968,
            "90.000000" : 14656,
            "95.000000" : 17536,
            "99.000000" : 23168,
            "99.500000" : 26496,
            "99.900000" : 43264,
            "99.950000" : 58624,
            "99.990000" : 140288
          },
          "bins" : {
            "724" : 1,
            "732" : 1,
            "740" : 1,
            "748" : 3,
            "756" : 1,
            "764" : 7,
            "772" : 7,
            "780" : 5,
            "788" : 4,
            "796" : 7,
            "804" : 9,
            "812" : 17,
            "820" : 16,
            "828" : 22,
            "836" : 26,
            "844" : 26,
            "852" : 32,
            "860" : 25,
            "868" : 29,
            "876" : 27,
            "884" : 23,
            "892" : 38,
            "900" : 45,
            "908" : 36,
            "916" : 40,
            "924" : 58,
            "932" : 41,
            "940" : 47,
            "948" : 40,
            "956" : 34,
            "964" : 35,
            "972" : 34,
            "980" : 38,
            "988" : 38,
            "996" : 29,
            "1004" : 25,
            "1012" : 24,
            "1020" : 19,
            "1032" : 24,
            "1048" : 24,
            "1064" : 12,
            "1080" : 8,
            "1096" : 16,
            "1112" : 10,
            "1128" : 4,
            "1144" : 8,
            "1160" : 2,
            "1176" : 3,
            "1192" : 9,
            "1208" : 3,
            "1224" : 1,
            "1240" : 4,
            "1256" : 1,
            "1272" : 4,
            "1288" : 2,
            "1320" : 3,
            "1336" : 2,
            "1352" : 4,
            "1368" : 2,
            "1384" : 2,
            "1400" : 1,
            "1416" : 7,
            "1432" : 4,
            "1448" : 2,
            "1464" : 7,
            "1480" : 2,
            "1496" : 2,
            "1512" : 3,
            "1528" : 7,
            "1544" : 2,
            "1560" : 3,
            "1576" : 1,
            "1592" : 5,
            "1608" : 1,
            "1624" : 1,
            "1640" : 1,
            "1672" : 1,
            "1688" : 1,
            "1704" : 3,
            "1720" : 1,
            "1736" : 2,
            "1768" : 2,
            "1784" : 1,
            "1800" : 1,
            "1816" : 2,
            "1880" : 2,
            "1896" : 1,
            "1912" : 1,
            "1960" : 1,
            "2064" : 1,
            "2096" : 1,
            "2128" : 1,
            "2224" : 3,
            "2256" : 2,
            "3888" : 1,
            "6176" : 1,
            "6240" : 33,
            "6304" : 418,
            "6368" : 1794,
            "6432" : 3950,
            "6496" : 5094,
            "6560" : 6022,
            "6624" : 6665,
            "6688" : 6499,
            "6752" : 5183,
            "6816" : 3783,
            "6880" : 2470,
            "6944" : 1604,
            "7008" : 1013,
            "7072" : 629,
            "7136" : 404,
            "7200" : 280,
            "7264" : 230,
            "7328" : 245,
            "7392" : 367,
            "7456" : 475,
            "7520" : 565,
            "7584" : 558,
            "7648" : 533,
            "7712" : 422,
            "7776" : 298,
            "7840" : 222,
            "7904" : 141,
            "7968" : 94,
            "8032" : 90,
            "8096" : 70,
            "8160" : 47,
            "8256" : 87,
            "8384" : 86,
            "8512" : 85,
            "8640" : 135,
            "8768" : 143,
            "8896" : 147,
            "9024" : 128,
            "9152" : 412,
            "9280" : 10328,
            "9408" : 93307,
            "9536" : 329901,
            "9664" : 681290,
            "9792" : 913444,
            "9920" : 989141,
            "10048" : 1068123,
            "10176" : 1019438,
            "10304" : 677478,
            "10432" : 442706,
            "10560" : 551259,
            "10688" : 754772,
            "10816" : 979237,
            "10944" : 1195647,
            "11072" : 1095632,
            "11200" : 733735,
            "11328" : 432457,
            "11456" : 314430,
            "11584" : 327337,
            "11712" : 380117,
            "11840" : 365190,
            "11968" : 277920,
            "12096" : 183601,
            "12224" : 122840,
            "12352" : 93751,
            "12480" : 84427,
            "12608" : 84385,
            "12736" : 86514,
            "12864" : 82335,
            "12992" : 75309,
            "13120" : 70527,
            "13248" : 65910,
            "13376" : 62262,
            "13504" : 59929,
            "13632" : 58973,
            "13760" : 58427,
            "13888" : 57319,
            "14016" : 56738,
            "14144" : 56147,
            "14272" : 54087,
            "14400" : 52059,
            "14528" : 50865,
            "14656" : 49179,
            "14784" : 48627,
            "14912" : 46977,
            "15040" : 45436,
            "15168" : 43583,
            "15296" : 41922,
            "15424" : 40284,
            "15552" : 39222,
            "15680" : 37665,
            "15808" : 37500,
            "15936" : 37383,
            "16064" : 38568,
            "16192" : 38358,
            "16320" : 38026,
            "16512" : 75059,
            "16768" : 72466,
            "17024" : 69504,
            "17280" : 65067,
            "17536" : 61545,
            "17792" : 56523,
            "18048" : 51604,
            "18304" : 47271,
            "18560" : 43641,
            "18816" : 40873,
            "19072" : 38460,
            "19328" : 35430,
            "19584" : 33003,
            "19840" : 31083,
            "20096" : 28988,
            "20352" : 26624,
            "20608" : 24348,
            "20864" : 22702,
            "21120" : 21075,
            "21376" : 19669,
            "21632" : 18273,
            "21888" : 16752,
            "22144" : 15413,
            "22400" : 13778,
            "22656" : 12881,
            "22912" : 11658,
            "23168" : 10685,
            "23424" : 9935,
            "23680" : 8895,
            "23936" : 8273,
            "24192" : 7676,
            "24448" : 6814,
            "24704" : 6388,
            "24960" : 5761,
            "25216" : 5536,
            "25472" : 5009,
            "25728" : 4681,
            "25984" : 4336,
            "26240" : 3884,
            "26496" : 3803,
            "26752" : 3315,
            "27008" : 3143,
            "27264" : 2867,
            "27520" : 2682,
            "27776" : 2544,
            "28032" : 2347,
            "28288" : 2247,
            "28544" : 2114,
            "28800" : 1944,
            "29056" : 1894,
            "29312" : 1785,
            "29568" : 1681,
            "29824" : 1606,
            "30080" : 1445,
            "30336" : 1494,
            "30592" : 1318,
            "30848" : 1278,
            "31104" : 1174,
            "31360" : 1152,
            "31616" : 1102,
            "31872" : 1128,
            "32128" : 992,
            "32384" : 979,
            "32640" : 946,
            "33024" : 1748,
            "33536" : 1672,
            "34048" : 1488,
            "34560" : 1441,
            "35072" : 1382,
            "35584" : 1310,
            "36096" : 1267,
            "36608" : 1195,
            "37120" : 1226,
            "37632" : 1079,
            "38144" : 1116,
            "38656" : 1082,
            "39168" : 1058,
            "39680" : 1055,
            "40192" : 970,
            "40704" : 928,
            "41216" : 836,
            "41728" : 763,
            "42240" : 691,
            "42752" : 607,
            "43264" : 542,
            "43776" : 500,
            "44288" : 449,
            "44800" : 429,
            "45312" : 409,
            "45824" : 356,
            "46336" : 362,
            "46848" : 299,
            "47360" : 307,
            "47872" : 294,
            "48384" : 292,
            "48896" : 253,
            "49408" : 269,
            "49920" : 274,
            "50432" : 264,
            "50944" : 211,
            "51456" : 228,
            "51968" : 244,
            "52480" : 221,
            "52992" : 213,
            "53504" : 228,
            "54016" : 244,
            "54528" : 243,
            "55040" : 218,
            "55552" : 228,
            "56064" : 183,
            "56576" : 183,
            "57088" : 183,
            "57600" : 188,
            "58112" : 141,
            "58624" : 157,
            "59136" : 143,
            "59648" : 122,
            "60160" : 128,
            "60672" : 94,
            "61184" : 120,
            "61696" : 103,
            "62208" : 111,
            "62720" : 131,
            "63232" : 104,
            "63744" : 108,
            "64256" : 98,
            "64768" : 90,
            "65280" : 95,
            "66048" : 163,
            "67072" : 157,
            "68096" : 132,
            "69120" : 143,
            "70144" : 178,
            "71168" : 139,
            "72192" : 146,
            "73216" : 141,
            "74240" : 145,
            "75264" : 115,
            "76288" : 129,
            "77312" : 125,
            "78336" : 124,
            "79360" : 118,
            "80384" : 101,
            "81408" : 109,
            "82432" : 102,
            "83456" : 106,
            "84480" : 104,
            "85504" : 90,
            "86528" : 91,
            "87552" : 95,
            "88576" : 103,
            "89600" : 110,
            "90624" : 109,
            "91648" : 103,
            "92672" : 86,
            "93696" : 59,
            "94720" : 63,
            "95744" : 39,
            "96768" : 49,
            "97792" : 42,
            "98816" : 46,
            "99840" : 54,
            "100864" : 40,
            "101888" : 55,
            "102912" : 53,
            "103936" : 43,
            "104960" : 40,
            "105984" : 40,
            "107008" : 47,
            "108032" : 45,
            "109056" : 54,
            "110080" : 51,
            "111104" : 62,
            "112128" : 52,
            "113152" : 61,
            "114176" : 64,
            "115200" : 56,
            "116224" : 67,
            "117248" : 79,
            "118272" : 65,
            "119296" : 50,
            "120320" : 57,
            "121344" : 45,
            "122368" : 44,
            "123392" : 24,
            "124416" : 32,
            "125440" : 36,
            "126464" : 40,
            "127488" : 28,
            "128512" : 33,
            "129536" : 22,
            "130560" : 24,
            "132096" : 47,
            "134144" : 44,
            "136192" : 45,
            "138240" : 36,
            "140288" : 33,
            "142336" : 26,
            "144384" : 24,
            "146432" : 28,
            "148480" : 27,
            "150528" : 25,
            "152576" : 31,
            "154624" : 32,
            "156672" : 27,
            "158720" : 26,
            "160768" : 21,
            "162816" : 30,
            "164864" : 34,
            "166912" : 28,
            "168960" : 24,
            "171008" : 15,
            "173056" : 16,
            "175104" : 8,
            "177152" : 11,
            "179200" : 9,
            "181248" : 4,
            "183296" : 7,
            "185344" : 8,
            "187392" : 5,
            "189440" : 6,
            "191488" : 5,
            "193536" : 12,
            "195584" : 8,
            "197632" : 2,
            "199680" : 3,
            "201728" : 6,
            "203776" : 6,
            "205824" : 5,
            "207872" : 9,
            "209920" : 2,
            "211968" : 3,
            "214016" : 3,
            "216064" : 1,
            "218112" : 4,
            "220160" : 4,
            "222208" : 7,
            "224256" : 6,
            "226304" : 4,
            "228352" : 2,
            "230400" : 1,
            "232448" : 6,
            "234496" : 2,
            "236544" : 2,
            "238592" : 4,
            "240640" : 5,
            "242688" : 4,
            "244736" : 2,
            "246784" : 6,
            "248832" : 8,
            "250880" : 20,
            "252928" : 19,
            "254976" : 17,
            "257024" : 20,
            "259072" : 14,
            "261120" : 9,
            "264192" : 19,
            "268288" : 20,
            "272384" : 15,
            "276480" : 13,
            "280576" : 11,
            "284672" : 11,
            "288768" : 9,
            "292864" : 6,
            "296960" : 4,
            "301056" : 6,
            "305152" : 7,
            "309248" : 4,
            "313344" : 10,
            "317440" : 6,
            "321536" : 4,
            "325632" : 4,
            "329728" : 3,
            "333824" : 6,
            "337920" : 13,
            "342016" : 8,
            "346112" : 5,
            "350208" : 7,
            "354304" : 8,
            "358400" : 5,
            "362496" : 4,
            "366592" : 7,
            "370688" : 13,
            "374784" : 15,
            "378880" : 9,
            "382976" : 8,
            "387072" : 3,
            "391168" : 3,
            "395264" : 3,
            "399360" : 5,
            "403456" : 1,
            "407552" : 2,
            "411648" : 8,
            "415744" : 2,
            "419840" : 5,
            "423936" : 3,
            "428032" : 5,
            "432128" : 3,
            "436224" : 3,
            "440320" : 16,
            "444416" : 34,
            "448512" : 29,
            "452608" : 19,
            "456704" : 15,
            "460800" : 24,
            "464896" : 14,
            "468992" : 9,
            "473088" : 6,
            "477184" : 7,
            "481280" : 4,
            "485376" : 3,
            "489472" : 1,
            "497664" : 4,
            "501760" : 3,
            "509952" : 2,
            "518144" : 4,
            "522240" : 3,
            "528384" : 1,
            "536576" : 1,
            "544768" : 1,
            "552960" : 2,
            "561152" : 2,
            "569344" : 2,
            "577536" : 2,
            "593920" : 6,
            "602112" : 10,
            "610304" : 11,
            "618496" : 6,
            "626688" : 7,
            "634880" : 4,
            "643072" : 4,
            "651264" : 9,
            "659456" : 8,
            "667648" : 5,
            "675840" : 7,
            "684032" : 5,
            "692224" : 4,
            "700416" : 5,
            "708608" : 4,
            "716800" : 6,
            "724992" : 6,
            "733184" : 10,
            "741376" : 9,
            "749568" : 1,
            "757760" : 8,
            "765952" : 7,
            "774144" : 9,
            "782336" : 8,
            "790528" : 8,
            "798720" : 9,
            "806912" : 6,
            "815104" : 10,
            "823296" : 3,
            "831488" : 7,
            "847872" : 4,
            "856064" : 4,
            "864256" : 1,
            "872448" : 5,
            "880640" : 1,
            "888832" : 1,
            "897024" : 2,
            "905216" : 3,
            "921600" : 2,
            "929792" : 3,
            "937984" : 2,
            "946176" : 3,
            "954368" : 3,
            "962560" : 6,
            "970752" : 4,
            "978944" : 11,
            "987136" : 15,
            "995328" : 6,
            "1003520" : 12,
            "1011712" : 19,
            "1019904" : 18,
            "1028096" : 12,
            "1036288" : 10,
            "1044480" : 11,
            "1056768" : 16,
            "1073152" : 11,
            "1089536" : 2,
            "1105920" : 10,
            "1122304" : 8,
            "1138688" : 4,
            "1155072" : 3,
            "1171456" : 3,
            "1187840" : 2,
            "1204224" : 2,
            "1220608" : 2,
            "1236992" : 3,
            "1253376" : 2,
            "1269760" : 2,
            "1286144" : 2,
            "1302528" : 1,
            "1318912" : 2,
            "1335296" : 1,
            "1351680" : 1,
            "1368064" : 1,
            "1384448" : 1,
            "1400832" : 1,
            "1466368" : 1,
            "1564672" : 1,
            "1597440" : 1,
            "1695744" : 1,
            "1777664" : 2,
            "1843200" : 2,
            "1859584" : 1,
            "1875968" : 1,
            "1892352" : 3,
            "1941504" : 3,
            "2007040" : 1,
            "2056192" : 1,
            "2113536" : 3,
            "2277376" : 1,
            "2342912" : 1,
            "2375680" : 1,
            "2408448" : 1,
            "2506752" : 1,
            "3915776" : 1,
            "4112384" : 1,
            "4423680" : 1,
            "5472256" : 1
          }
        },
        "lat_ns" : {
          "min" : 751,
          "max" : 5490188,
          "mean" : 11740.758893,
          "stddev" : 6942.351955,
          "N" : 16913014,
          "percentile" : {
            "1.000000" : 9536,
            "5.000000" : 9664,
            "10.000000" : 9792,
            "20.000000" : 10048,
            "30.000000" : 10304,
            "40.000000" : 10688,
            "50.000000" : 10944,
            "60.000000" : 11072,
            "70.000000" : 11328,
            "80.000000" : 11968,
            "90.000000" : 14784,
            "95.000000" : 17536,
            "99.000000" : 23424,
            "99.500000" : 26752,
            "99.900000" : 43264,
            "99.950000" : 58624,
            "99.990000" : 140288
          },
          "bins" : {
            "748" : 1,
            "764" : 2,
            "780" : 3,
            "796" : 5,
            "804" : 7,
            "812" : 8,
            "820" : 1,
            "828" : 5,
            "836" : 4,
            "844" : 9,
            "852" : 8,
            "860" : 13,
            "868" : 13,
            "876" : 15,
            "884" : 22,
            "892" : 26,
            "900" : 24,
            "908" : 30,
            "916" : 27,
            "924" : 30,
            "932" : 23,
            "940" : 42,
            "948" : 34,
            "956" : 43,
            "964" : 48,
            "972" : 53,
            "980" : 47,
            "988" : 49,
            "996" : 37,
            "1004" : 42,
            "1012" : 30,
            "1020" : 37,
            "1032" : 75,
            "1048" : 60,
            "1064" : 34,
            "1080" : 26,
            "1096" : 24,
            "1112" : 10,
            "1128" : 8,
            "1144" : 12,
            "1160" : 12,
            "1176" : 8,
            "1192" : 6,
            "1208" : 4,
            "1224" : 6,
            "1240" : 3,
            "1256" : 3,
            "1272" : 2,
            "1288" : 2,
            "1304" : 2,
            "1320" : 1,
            "1336" : 5,
            "1352" : 2,
            "1368" : 1,
            "1384" : 2,
            "1416" : 2,
            "1432" : 1,
            "1448" : 5,
            "1464" : 1,
            "1480" : 3,
            "1496" : 3,
            "1512" : 4,
            "1528" : 5,
            "1544" : 6,
            "1560" : 2,
            "1576" : 2,
            "1592" : 4,
            "1608" : 3,
            "1624" : 3,
            "1640" : 2,
            "1656" : 2,
            "1672" : 4,
            "1688" : 3,
            "1704" : 1,
            "1720" : 2,
            "1736" : 2,
            "1752" : 1,
            "1768" : 1,
            "1784" : 1,
            "1800" : 2,
            "1816" : 1,
            "1848" : 2,
            "1864" : 2,
            "1896" : 1,
            "1944" : 1,
            "1976" : 2,
            "1992" : 1,
            "2008" : 2,
            "2024" : 1,
            "2064" : 2,
            "2256" : 2,
            "2288" : 1,
            "2352" : 2,
            "2384" : 1,
            "2416" : 1,
            "2448" : 1,
            "4192" : 1,
            "6240" : 5,
            "6304" : 86,
            "6368" : 723,
            "6432" : 2431,
            "6496" : 4431,
            "6560" : 5220,
            "6624" : 6139,
            "6688" : 6660,
            "6752" : 6264,
            "6816" : 4766,
            "6880" : 3421,
            "6944" : 2217,
            "7008" : 1430,
            "7072" : 915,
            "7136" : 548,
            "7200" : 360,
            "7264" : 279,
            "7328" : 230,
            "7392" : 281,
            "7456" : 402,
            "7520" : 496,
            "7584" : 548,
            "7648" : 560,
            "7712" : 530,
            "7776" : 377,
            "7840" : 267,
            "7904" : 210,
            "7968" : 127,
            "8032" : 85,
            "8096" : 80,
            "8160" : 67,
            "8256" : 91,
            "8384" : 92,
            "8512" : 73,
            "8640" : 121,
            "8768" : 137,
            "8896" : 132,
            "9024" : 140,
            "9152" : 177,
            "9280" : 3695,
            "9408" : 49590,
            "9536" : 221051,
            "9664" : 536243,
            "9792" : 846676,
            "9920" : 973839,
            "10048" : 1027340,
            "10176" : 1065022,
            "10304" : 830080,
            "10432" : 499896,
            "10560" : 483233,
            "10688" : 676434,
            "10816" : 887164,
            "10944" : 1127799,
            "11072" : 1172500,
            "11200" : 882629,
            "11328" : 532067,
            "11456" : 343932,
            "11584" : 314504,
            "11712" : 361287,
            "11840" : 380503,
            "11968" : 315943,
            "12096" : 217250,
            "12224" : 142813,
            "12352" : 102538,
            "12480" : 86824,
            "12608" : 83429,
            "12736" : 86060,
            "12864" : 84633,
            "12992" : 77773,
            "13120" : 71990,
            "13248" : 67322,
            "13376" : 63239,
            "13504" : 60430,
            "13632" : 58507,
            "13760" : 58210,
            "13888" : 56912,
            "14016" : 56290,
            "14144" : 55757,
            "14272" : 54716,
            "14400" : 52440,
            "14528" : 50999,
            "14656" : 49096,
            "14784" : 48364,
            "14912" : 47205,
            "15040" : 46040,
            "15168" : 44339,
            "15296" : 42530,
            "15424" : 41079,
            "15552" : 39976,
            "15680" : 38156,
            "15808" : 37406,
            "15936" : 36954,
            "16064" : 37543,
            "16192" : 38164,
            "16320" : 38008,
            "16512" : 75362,
            "16768" : 73274,
            "17024" : 70259,
            "17280" : 66326,
            "17536" : 62800,
            "17792" : 58173,
            "18048" : 53456,
            "18304" : 48802,
            "18560" : 45043,
            "18816" : 41837,
            "19072" : 39183,
            "19328" : 36702,
            "19584" : 33702,
            "19840" : 31696,
            "20096" : 29729,
            "20352" : 27534,
            "20608" : 24906,
            "20864" : 23380,
            "21120" : 21581,
            "21376" : 20208,
            "21632" : 18695,
            "21888" : 17539,
            "22144" : 15919,
            "22400" : 14469,
            "22656" : 13289,
            "22912" : 12242,
            "23168" : 11098,
            "23424" : 10321,
            "23680" : 9255,
            "23936" : 8629,
            "24192" : 8009,
            "24448" : 7214,
            "24704" : 6549,
            "24960" : 6051,
            "25216" : 5644,
            "25472" : 5239,
            "25728" : 4919,
            "25984" : 4492,
            "26240" : 4056,
            "26496" : 3828,
            "26752" : 3630,
            "27008" : 3196,
            "27264" : 2960,
            "27520" : 2755,
            "27776" : 2643,
            "28032" : 2388,
            "28288" : 2342,
            "28544" : 2176,
            "28800" : 2002,
            "29056" : 1965,
            "29312" : 1845,
            "29568" : 1735,
            "29824" : 1611,
            "30080" : 1489,
            "30336" : 1512,
            "30592" : 1392,
            "30848" : 1277,
            "31104" : 1256,
            "31360" : 1172,
            "31616" : 1118,
            "31872" : 1161,
            "32128" : 970,
            "32384" : 1019,
            "32640" : 976,
            "33024" : 1772,
            "33536" : 1709,
            "34048" : 1547,
            "34560" : 1422,
            "35072" : 1413,
            "35584" : 1345,
            "36096" : 1259,
            "36608" : 1223,
            "37120" : 1256,
            "37632" : 1089,
            "38144" : 1115,
            "38656" : 1092,
            "39168" : 1064,
            "39680" : 1058,
            "40192" : 991,
            "40704" : 943,
            "41216" : 837,
            "41728" : 788,
            "42240" : 693,
            "42752" : 627,
            "43264" : 536,
            "43776" : 510,
            "44288" : 455,
            "44800" : 437,
            "45312" : 414,
            "45824" : 360,
            "46336" : 363,
            "46848" : 293,
            "47360" : 325,
            "47872" : 297,
            "48384" : 284,
            "48896" : 266,
            "49408" : 275,
            "49920" : 269,
            "50432" : 270,
            "50944" : 206,
            "51456" : 230,
            "51968" : 256,
            "52480" : 213,
            "52992" : 210,
            "53504" : 233,
            "54016" : 242,
            "54528" : 249,
            "55040" : 228,
            "55552" : 215,
            "56064" : 194,
            "56576" : 183,
            "57088" : 173,
            "57600" : 197,
            "58112" : 148,
            "58624" : 147,
            "59136" : 155,
            "59648" : 125,
            "60160" : 121,
            "60672" : 99,
            "61184" : 114,
            "61696" : 112,
            "62208" : 104,
            "62720" : 137,
            "63232" : 105,
            "63744" : 107,
            "64256" : 100,
            "64768" : 92,
            "65280" : 95,
            "66048" : 165,
            "67072" : 161,
            "68096" : 132,
            "69120" : 141,
            "70144" : 176,
            "71168" : 140,
            "72192" : 142,
            "73216" : 147,
            "74240" : 145,
            "75264" : 123,
            "76288" : 122,
            "77312" : 122,
            "78336" : 129,
            "79360" : 118,
            "80384" : 105,
            "81408" : 110,
            "82432" : 100,
            "83456" : 105,
            "84480" : 104,
            "85504" : 96,
            "86528" : 89,
            "87552" : 92,
            "88576" : 104,
            "89600" : 107,
            "90624" : 111,
            "91648" : 104,
            "92672" : 87,
            "93696" : 60,
            "94720" : 64,
            "95744" : 44,
            "96768" : 50,
            "97792" : 40,
            "98816" : 47,
            "99840" : 51,
            "100864" : 46,
            "101888" : 53,
            "102912" : 55,
            "103936" : 43,
            "104960" : 37,
            "105984" : 43,
            "107008" : 49,
            "108032" : 44,
            "109056" : 53,
            "110080" : 52,
            "111104" : 62,
            "112128" : 52,
            "113152" : 59,
            "114176" : 70,
            "115200" : 55,
            "116224" : 66,
            "117248" : 80,
            "118272" : 64,
            "119296" : 52,
            "120320" : 56,
            "121344" : 48,
            "122368" : 48,
            "123392" : 23,
            "124416" : 31,
            "125440" : 36,
            "126464" : 43,
            "127488" : 29,
            "128512" : 31,
            "129536" : 23,
            "130560" : 22,
            "132096" : 48,
            "134144" : 46,
            "136192" : 45,
            "138240" : 34,
            "140288" : 36,
            "142336" : 24,
            "144384" : 27,
            "146432" : 27,
            "148480" : 26,
            "150528" : 26,
            "152576" : 30,
            "154624" : 30,
            "156672" : 30,
            "158720" : 25,
            "160768" : 21,
            "162816" : 32,
            "164864" : 33,
            "166912" : 28,
            "168960" : 24,
            "171008" : 16,
            "173056" : 16,
            "175104" : 7,
            "177152" : 12,
            "179200" : 9,
            "181248" : 4,
            "183296" : 7,
            "185344" : 7,
            "187392" : 6,
            "189440" : 6,
            "191488" : 4,
            "193536" : 12,
            "195584" : 9,
            "197632" : 2,
            "199680" : 3,
            "201728" : 6,
            "203776" : 6,
            "205824" : 5,
            "207872" : 9,
            "209920" : 2,
            "211968" : 3,
            "214016" : 3,
            "216064" : 1,
            "218112" : 3,
            "220160" : 5,
            "222208" : 6,
            "224256" : 7,
            "226304" : 4,
            "228352" : 2,
            "230400" : 1,
            "232448" : 5,
            "234496" : 3,
            "236544" : 2,
            "238592" : 4,
            "240640" : 5,
            "242688" : 4,
            "244736" : 2,
            "246784" : 6,
            "248832" : 8,
            "250880" : 20,
            "252928" : 19,
            "254976" : 17,
            "257024" : 20,
            "259072" : 13,
            "261120" : 9,
            "264192" : 20,
            "268288" : 20,
            "272384" : 15,
            "276480" : 13,
            "280576" : 11,
            "284672" : 11,
            "288768" : 9,
            "292864" : 5,
            "296960" : 5,
            "301056" : 6,
            "305152" : 7,
            "309248" : 4,
            "313344" : 10,
            "317440" : 6,
            "321536" : 4,
            "325632" : 4,
            "329728" : 3,
            "333824" : 6,
            "337920" : 13,
            "342016" : 8,
            "346112" : 5,
            "350208" : 7,
            "354304" : 8,
            "358400" : 5,
            "362496" : 4,
            "366592" : 7,
            "370688" : 12,
            "374784" : 16,
            "378880" : 9,
            "382976" : 8,
            "387072" : 3,
            "391168" : 3,
            "395264" : 3,
            "399360" : 5,
            "403456" : 1,
            "407552" : 2,
            "411648" : 8,
            "415744" : 2,
            "419840" : 5,
            "423936" : 3,
            "428032" : 5,
            "432128" : 3,
            "436224" : 3,
            "440320" : 16,
            "444416" : 34,
            "448512" : 29,
            "452608" : 19,
            "456704" : 15,
            "460800" : 24,
            "464896" : 14,
            "468992" : 9,
            "473088" : 6,
            "477184" : 7,
            "481280" : 3,
            "485376" : 4,
            "489472" : 1,
            "497664" : 4,
            "501760" : 3,
            "509952" : 2,
            "518144" : 4,
            "522240" : 3,
            "528384" : 1,
            "536576" : 1,
            "544768" : 1,
            "552960" : 2,
            "561152" : 2,
            "569344" : 2,
            "577536" : 2,
            "593920" : 6,
            "602112" : 10,
            "610304" : 10,
            "618496" : 7,
            "626688" : 7,
            "634880" : 4,
            "643072" : 4,
            "651264" : 9,
            "659456" : 7,
            "667648" : 6,
            "675840" : 7,
            "684032" : 5,
            "692224" : 4,
            "700416" : 5,
            "708608" : 4,
            "716800" : 6,
            "724992" : 6,
            "733184" : 10,
            "741376" : 9,
            "749568" : 1,
            "757760" : 8,
            "765952" : 7,
            "774144" : 9,
            "782336" : 8,
            "790528" : 8,
            "798720" : 9,
            "806912" : 6,
            "815104" : 10,
            "823296" : 3,
            "831488" : 7,
            "847872" : 3,
            "856064" : 5,
            "864256" : 1,
            "872448" : 5,
            "880640" : 1,
            "888832" : 1,
            "897024" : 2,
            "905216" : 3,
            "921600" : 2,
            "929792" : 3,
            "937984" : 2,
            "946176" : 3,
            "954368" : 3,
            "962560" : 6,
            "970752" : 4,
            "978944" : 11,
            "987136" : 15,
            "995328" : 6,
            "1003520" : 12,
            "1011712" : 19,
            "1019904" : 17,
            "1028096" : 13,
            "1036288" : 10,
            "1044480" : 11,
            "1056768" : 16,
            "1073152" : 11,
            "1089536" : 2,
            "1105920" : 10,
            "1122304" : 8,
            "1138688" : 4,
            "1155072" : 3,
            "1171456" : 3,
            "1187840" : 2,
            "1204224" : 2,
            "1220608" : 2,
            "1236992" : 3,
            "1253376" : 2,
            "1269760" : 2,
            "1286144" : 2,
            "1302528" : 1,
            "1318912" : 1,
            "1335296" : 2,
            "1351680" : 1,
            "1368064" : 1,
            "1384448" : 1,
            "1400832" : 1,
            "1466368" : 1,
            "1564672" : 1,
            "1597440" : 1,
            "1695744" : 1,
            "1777664" : 2,
            "1843200" : 2,
            "1859584" : 1,
            "1875968" : 1,
            "1892352" : 3,
            "1941504" : 3,
            "2007040" : 1,
            "2056192" : 1,
            "2113536" : 3,
            "2277376" : 1,
            "2342912" : 1,
            "2375680" : 1,
            "2408448" : 1,
            "2506752" : 1,
            "3915776" : 1,
            "4112384" : 1,
            "4423680" : 1,
            "5472256" : 1
          }
        },
        "bw_min" : 199600,
        "bw_max" : 292808,
        "bw_agg" : 100.000000,
        "bw_mean" : 225595.272120,
        "bw_dev" : 4899.615829,
        "bw_samples" : 599,
        "iops_min" : 49900,
        "iops_max" : 73202,
        "iops_mean" : 56398.818030,
        "iops_stddev" : 1224.903957,
        "iops_samples" : 599
      },
      "write" : {
        "io_bytes" : 69251121152,
        "io_kbytes" : 67628048,
        "bw_bytes" : 230836301,
        "bw" : 225426,
        "iops" : 56356.518812,
        "runtime" : 300001,
        "total_ios" : 16907012,
        "short_ios" : 0,
        "drop_ios" : 0,
        "slat_ns" : {
          "min" : 0,
          "max" : 0,
          "mean" : 0.000000,
          "stddev" : 0.000000,
          "N" : 0
        },
        "clat_ns" : {
          "min" : 1075,
          "max" : 3366798,
          "mean" : 2208.231501,
          "stddev" : 1939.816192,
          "N" : 16907012,
          "percentile" : {
            "1.000000" : 1464,
            "5.000000" : 1496,
            "10.000000" : 1512,
            "20.000000" : 1544,
            "30.000000" : 1576,
            "40.000000" : 1672,
            "50.000000" : 2288,
            "60.000000" : 2320,
            "70.000000" : 2384,
            "80.000000" : 2448,
            "90.000000" : 2960,
            "95.000000" : 3664,
            "99.000000" : 5472,
            "99.500000" : 6048,
            "99.900000" : 11072,
            "99.950000" : 15168,
            "99.990000" : 26496
          },
          "bins" : {
            "1080" : 1,
            "1112" : 3,
            "1128" : 8,
            "1144" : 19,
            "1160" : 40,
            "1176" : 34,
            "1192" : 70,
            "1208" : 78,
            "1224" : 79,
            "1240" : 58,
            "1256" : 34,
            "1272" : 37,
            "1288" : 25,
            "1304" : 21,
            "1320" : 13,
            "1336" : 14,
            "1352" : 7,
            "1368" : 9,
            "1384" : 31,
            "1400" : 206,
            "1416" : 730,
            "1432" : 4869,
            "1448" : 58860,
            "1464" : 230652,
            "1480" : 381199,
            "1496" : 527132,
            "1512" : 790295,
            "1528" : 1054470,
            "1544" : 1023918,
            "1560" : 816494,
            "1576" : 641125,
            "1592" : 449425,
            "1608" : 307273,
            "1624" : 199218,
            "1640" : 127932,
            "1656" : 89750,
            "1672" : 64769,
            "1688" : 52630,
            "1704" : 44218,
            "1720" : 37508,
            "1736" : 34160,
            "1752" : 30291,
            "1768" : 27660,
            "1784" : 24807,
            "1800" : 21054,
            "1816" : 18455,
            "1832" : 15038,
            "1848" : 13002,
            "1864" : 11128,
            "1880" : 9348,
            "1896" : 8021,
            "1912" : 6524,
            "1928" : 6033,
            "1944" : 5206,
            "1960" : 4745,
            "1976" : 4622,
            "1992" : 4464,
            "2008" : 4499,
            "2024" : 4675,
            "2040" : 4723,
            "2064" : 9767,
            "2096" : 9355,
            "2128" : 11584,
            "2160" : 37728,
            "2192" : 140113,
            "2224" : 363373,
            "2256" : 698037,
            "2288" : 997991,
            "2320" : 1156669,
            "2352" : 1135763,
            "2384" : 953104,
            "2416" : 721318,
            "2448" : 490331,
            "2480" : 323772,
            "2512" : 217780,
            "2544" : 152355,
            "2576" : 114063,
            "2608" : 89050,
            "2640" : 72607,
            "2672" : 60696,
            "2704" : 51751,
            "2736" : 44914,
            "2768" : 39311,
            "2800" : 35819,
            "2832" : 33084,
            "2864" : 30602,
            "2896" : 29052,
            "2928" : 26872,
            "2960" : 24493,
            "2992" : 22952,
            "3024" : 21577,
            "3056" : 22346,
            "3088" : 27232,
            "3120" : 39044,
            "3152" : 56111,
            "3184" : 74222,
            "3216" : 85593,
            "3248" : 85668,
            "3280" : 74985,
            "3312" : 60713,
            "3344" : 45675,
            "3376" : 35846,
            "3408" : 28472,
            "3440" : 24087,
            "3472" : 22096,
            "3504" : 20512,
            "3536" : 20164,
            "3568" : 19606,
            "3600" : 19041,
            "3632" : 19485,
            "3664" : 19572,
            "3696" : 20025,
            "3728" : 19715,
            "3760" : 19732,
            "3792" : 19808,
            "3824" : 19531,
            "3856" : 19398,
            "3888" : 19070,
            "3920" : 18863,
            "3952" : 18372,
            "3984" : 17787,
            "4016" : 17428,
            "4048" : 16740,
            "4080" : 15970,
            "4128" : 31371,
            "4192" : 29933,
            "4256" : 28551,
            "4320" : 27480,
            "4384" : 25791,
            "4448" : 24504,
            "4512" : 23406,
            "4576" : 22680,
            "4640" : 21224,
            "4704" : 20115,
            "4768" : 18998,
            "4832" : 17765,
            "4896" : 16626,
            "4960" : 15528,
            "5024" : 14809,
            "5088" : 14226,
            "5152" : 13794,
            "5216" : 13264,
            "5280" : 12819,
            "5344" : 12238,
            "5408" : 12069,
            "5472" : 11730,
            "5536" : 10940,
            "5600" : 10371,
            "5664" : 9516,
            "5728" : 8863,
            "5792" : 8103,
            "5856" : 7209,
            "5920" : 6706,
            "5984" : 6063,
            "6048" : 5508,
            "6112" : 5052,
            "6176" : 4669,
            "6240" : 4333,
            "6304" : 3770,
            "6368" : 3414,
            "6432" : 3157,
            "6496" : 2872,
            "6560" : 2545,
            "6624" : 2301,
            "6688" : 2171,
            "6752" : 1962,
            "6816" : 1810,
            "6880" : 1699,
            "6944" : 1584,
            "7008" : 1559,
            "7072" : 1419,
            "7136" : 1308,
            "7200" : 1212,
            "7264" : 1154,
            "7328" : 1016,
            "7392" : 979,
            "7456" : 897,
            "7520" : 860,
            "7584" : 769,
            "7648" : 734,
            "7712" : 708,
            "7776" : 626,
            "7840" : 620,
            "7904" : 517,
            "7968" : 454,
            "8032" : 425,
            "8096" : 366,
            "8160" : 374,
            "8256" : 670,
            "8384" : 551,
            "8512" : 467,
            "8640" : 485,
            "8768" : 459,
            "8896" : 412,
            "9024" : 421,
            "9152" : 418,
            "9280" : 420,
            "9408" : 368,
            "9536" : 436,
            "9664" : 407,
            "9792" : 401,
            "9920" : 395,
            "10048" : 405,
            "10176" : 393,
            "10304" : 430,
            "10432" : 388,
            "10560" : 452,
            "10688" : 395,
            "10816" : 415,
            "10944" : 430,
            "11072" : 460,
            "11200" : 418,
            "11328" : 451,
            "11456" : 416,
            "11584" : 410,
            "11712" : 374,
            "11840" : 380,
            "11968" : 337,
            "12096" : 378,
            "12224" : 282,
            "12352" : 317,
            "12480" : 294,
            "12608" : 299,
            "12736" : 294,
            "12864" : 259,
            "12992" : 243,
            "13120" : 263,
            "13248" : 240,
            "13376" : 249,
            "13504" : 215,
            "13632" : 194,
            "13760" : 208,
            "13888" : 206,
            "14016" : 196,
            "14144" : 180,
            "14272" : 181,
            "14400" : 175,
            "14528" : 159,
            "14656" : 202,
            "14784" : 177,
            "14912" : 202,
            "15040" : 168,
            "15168" : 177,
            "15296" : 183,
            "15424" : 189,
            "15552" : 195,
            "15680" : 141,
            "15808" : 170,
            "15936" : 181,
            "16064" : 187,
            "16192" : 163,
            "16320" : 161,
            "16512" : 310,
            "16768" : 284,
            "17024" : 291,
            "17280" : 269,
            "17536" : 233,
            "17792" : 270,
            "18048" : 245,
            "18304" : 238,
            "18560" : 226,
            "18816" : 194,
            "19072" : 209,
            "19328" : 171,
            "19584" : 200,
            "19840" : 131,
            "20096" : 154,
            "20352" : 136,
            "20608" : 130,
            "20864" : 112,
            "21120" : 115,
            "21376" : 99,
            "21632" : 91,
            "21888" : 89,
            "22144" : 74,
            "22400" : 74,
            "22656" : 62,
            "22912" : 78,
            "23168" : 48,
            "23424" : 45,
            "23680" : 50,
            "23936" : 45,
            "24192" : 51,
            "24448" : 39,
            "24704" : 49,
            "24960" : 56,
            "25216" : 31,
            "25472" : 42,
            "25728" : 51,
            "25984" : 46,
            "26240" : 37,
            "26496" : 31,
            "26752" : 28,
            "27008" : 36,
            "27264" : 35,
            "27520" : 40,
            "27776" : 35,
            "28032" : 28,
            "28288" : 26,
            "28544" : 15,
            "28800" : 21,
            "29056" : 21,
            "29312" : 20,
            "29568" : 13,
            "29824" : 16,
            "30080" : 21,
            "30336" : 14,
            "30592" : 17,
            "30848" : 14,
            "31104" : 11,
            "31360" : 14,
            "31616" : 7,
            "31872" : 13,
            "32128" : 12,
            "32384" : 8,
            "32640" : 4,
            "33024" : 12,
            "33536" : 9,
            "34048" : 14,
            "34560" : 8,
            "35072" : 12,
            "35584" : 3,
            "36096" : 14,
            "36608" : 14,
            "37120" : 9,
            "37632" : 10,
            "38144" : 14,
            "38656" : 10,
            "39168" : 7,
            "39680" : 13,
            "40192" : 11,
            "40704" : 13,
            "41216" : 3,
            "41728" : 8,
            "42240" : 7,
            "42752" : 12,
            "43264" : 13,
            "43776" : 6,
            "44288" : 9,
            "44800" : 9,
            "45312" : 13,
            "45824" : 10,
            "46336" : 16,
            "46848" : 24,
            "47360" : 18,
            "47872" : 17,
            "48384" : 10,
            "48896" : 17,
            "49408" : 17,
            "49920" : 17,
            "50432" : 13,
            "50944" : 20,
            "51456" : 16,
            "51968" : 21,
            "52480" : 13,
            "52992" : 8,
            "53504" : 3,
            "54016" : 7,
            "54528" : 16,
            "55040" : 11,
            "55552" : 8,
            "56064" : 9,
            "56576" : 9,
            "57088" : 4,
            "57600" : 8,
            "58112" : 10,
            "58624" : 5,
            "59136" : 8,
            "59648" : 5,
            "60160" : 9,
            "60672" : 7,
            "61184" : 9,
            "61696" : 6,
            "62208" : 4,
            "62720" : 13,
            "63232" : 10,
            "63744" : 7,
            "64256" : 14,
            "64768" : 5,
            "65280" : 10,
            "66048" : 9,
            "67072" : 18,
            "68096" : 18,
            "69120" : 13,
            "70144" : 14,
            "71168" : 14,
            "72192" : 18,
            "73216" : 10,
            "74240" : 17,
            "75264" : 10,
            "76288" : 7,
            "77312" : 8,
            "78336" : 5,
            "79360" : 4,
            "80384" : 6,
            "81408" : 6,
            "82432" : 6,
            "83456" : 11,
            "84480" : 7,
            "85504" : 7,
            "86528" : 5,
            "87552" : 3,
            "88576" : 5,
            "89600" : 6,
            "90624" : 2,
            "91648" : 4,
            "92672" : 5,
            "93696" : 2,
            "94720" : 4,
            "95744" : 5,
            "96768" : 8,
            "97792" : 3,
            "98816" : 7,
            "99840" : 10,
            "100864" : 11,
            "101888" : 2,
            "102912" : 6,
            "103936" : 8,
            "104960" : 6,
            "105984" : 6,
            "107008" : 7,
            "108032" : 14,
            "109056" : 12,
            "110080" : 7,
            "111104" : 8,
            "112128" : 1,
            "113152" : 7,
            "114176" : 2,
            "115200" : 2,
            "116224" : 5,
            "117248" : 3,
            "118272" : 2,
            "120320" : 2,
            "121344" : 3,
            "122368" : 2,
            "123392" : 2,
            "124416" : 1,
            "125440" : 2,
            "127488" : 2,
            "128512" : 1,
            "129536" : 1,
            "130560" : 1,
            "134144" : 2,
            "138240" : 3,
            "140288" : 1,
            "142336" : 2,
            "146432" : 1,
            "152576" : 1,
            "154624" : 1,
            "156672" : 1,
            "158720" : 2,
            "168960" : 2,
            "175104" : 1,
            "189440" : 1,
            "193536" : 1,
            "195584" : 1,
            "203776" : 1,
            "207872" : 1,
            "236544" : 2,
            "242688" : 3,
            "246784" : 2,
            "248832" : 5,
            "250880" : 1,
            "252928" : 2,
            "254976" : 2,
            "257024" : 2,
            "259072" : 1,
            "261120" : 2,
            "264192" : 2,
            "268288" : 2,
            "272384" : 2,
            "276480" : 2,
            "280576" : 1,
            "284672" : 2,
            "346112" : 1,
            "354304" : 1,
            "358400" : 1,
            "366592" : 1,
            "370688" : 1,
            "374784" : 1,
            "378880" : 2,
            "391168" : 1,
            "432128" : 3,
            "436224" : 9,
            "440320" : 11,
            "444416" : 2,
            "448512" : 4,
            "452608" : 3,
            "456704" : 2,
            "460800" : 7,
            "464896" : 1,
            "477184" : 1,
            "489472" : 2,
            "522240" : 1,
            "577536" : 1,
            "593920" : 1,
            "618496" : 1,
            "1269760" : 1,
            "2342912" : 2,
            "2670592" : 1,
            "3358720" : 1
          }
        },
        "lat_ns" : {
          "min" : 1121,
          "max" : 3366859,
          "mean" : 2282.336610,
          "stddev" : 1954.662110,
          "N" : 16907012,
          "percentile" : {
            "1.000000" : 1528,
            "5.000000" : 1560,
            "10.000000" : 1576,
            "20.000000" : 1608,
            "30.000000" : 1640,
            "40.000000" : 1752,
            "50.000000" : 2352,
            "60.000000" : 2384,
            "70.000000" : 2448,
            "80.000000" : 2512,
            "90.000000" : 3056,
            "95.000000" : 3792,
            "99.000000" : 5664,
            "99.500000" : 6304,
            "99.900000" : 11456,
            "99.950000" : 15424,
            "99.990000" : 27264
          },
          "bins" : {
            "1128" : 1,
            "1160" : 2,
            "1176" : 5,
            "1192" : 14,
            "1208" : 31,
            "1224" : 26,
            "1240" : 41,
            "1256" : 52,
            "1272" : 81,
            "1288" : 64,
            "1304" : 59,
            "1320" : 43,
            "1336" : 43,
            "1352" : 24,
            "1368" : 16,
            "1384" : 19,
            "1400" : 12,
            "1416" : 8,
            "1432" : 10,
            "1448" : 56,
            "1464" : 301,
            "1480" : 1189,
            "1496" : 11669,
            "1512" : 73336,
            "1528" : 213544,
            "1544" : 352939,
            "1560" : 511137,
            "1576" : 776270,
            "1592" : 939520,
            "1608" : 980154,
            "1624" : 864918,
            "1640" : 665766,
            "1656" : 500969,
            "1672" : 332557,
            "1688" : 222471,
            "1704" : 145203,
            "1720" : 95239,
            "1736" : 70249,
            "1752" : 53314,
            "1768" : 45588,
            "1784" : 39126,
            "1800" : 34037,
            "1816" : 31251,
            "1832" : 27500,
            "1848" : 25217,
            "1864" : 22103,
            "1880" : 18371,
            "1896" : 16191,
            "1912" : 12936,
            "1928" : 11575,
            "1944" : 9903,
            "1960" : 8188,
            "1976" : 6890,
            "1992" : 6012,
            "2008" : 5346,
            "2024" : 5020,
            "2040" : 4501,
            "2064" : 9012,
            "2096" : 9559,
            "2128" : 9645,
            "2160" : 9141,
            "2192" : 11198,
            "2224" : 36439,
            "2256" : 136523,
            "2288" : 352766,
            "2320" : 668750,
            "2352" : 978562,
            "2384" : 1145011,
            "2416" : 1139905,
            "2448" : 951382,
            "2480" : 711693,
            "2512" : 493889,
            "2544" : 329320,
            "2576" : 224806,
            "2608" : 157338,
            "2640" : 118059,
            "2672" : 94561,
            "2704" : 77803,
            "2736" : 66192,
            "2768" : 54969,
            "2800" : 47448,
            "2832" : 42352,
            "2864" : 37776,
            "2896" : 34980,
            "2928" : 32168,
            "2960" : 30150,
            "2992" : 28346,
            "3024" : 25930,
            "3056" : 24566,
            "3088" : 22727,
            "3120" : 23045,
            "3152" : 27609,
            "3184" : 38882,
            "3216" : 56146,
            "3248" : 73197,
            "3280" : 84366,
            "3312" : 85266,
            "3344" : 75575,
            "3376" : 61284,
            "3408" : 46184,
            "3440" : 34874,
            "3472" : 28193,
            "3504" : 23504,
            "3536" : 21214,
            "3568" : 19177,
            "3600" : 18154,
            "3632" : 17876,
            "3664" : 17692,
            "3696" : 17937,
            "3728" : 18032,
            "3760" : 18327,
            "3792" : 18762,
            "3824" : 18944,
            "3856" : 19276,
            "3888" : 18825,
            "3920" : 19085,
            "3952" : 18924,
            "3984" : 18630,
            "4016" : 18803,
            "4048" : 18248,
            "4080" : 17745,
            "4128" : 34093,
            "4192" : 32287,
            "4256" : 30579,
            "4320" : 29179,
            "4384" : 27524,
            "4448" : 25955,
            "4512" : 25059,
            "4576" : 23735,
            "4640" : 22846,
            "4704" : 22138,
            "4768" : 21153,
            "4832" : 19961,
            "4896" : 18918,
            "4960" : 17907,
            "5024" : 16869,
            "5088" : 15780,
            "5152" : 15158,
            "5216" : 14273,
            "5280" : 13759,
            "5344" : 12827,
            "5408" : 12667,
            "5472" : 12250,
            "5536" : 11651,
            "5600" : 11682,
            "5664" : 10845,
            "5728" : 10551,
            "5792" : 9982,
            "5856" : 9270,
            "5920" : 8711,
            "5984" : 8079,
            "6048" : 7458,
            "6112" : 6692,
            "6176" : 6163,
            "6240" : 5756,
            "6304" : 5214,
            "6368" : 4898,
            "6432" : 4262,
            "6496" : 3915,
            "6560" : 3600,
            "6624" : 3176,
            "6688" : 2910,
            "6752" : 2664,
            "6816" : 2384,
            "6880" : 2209,
            "6944" : 1995,
            "7008" : 1910,
            "7072" : 1774,
            "7136" : 1623,
            "7200" : 1596,
            "7264" : 1461,
            "7328" : 1377,
            "7392" : 1256,
            "7456" : 1147,
            "7520" : 1093,
            "7584" : 972,
            "7648" : 963,
            "7712" : 887,
            "7776" : 821,
            "7840" : 773,
            "7904" : 739,
            "7968" : 678,
            "8032" : 640,
            "8096" : 556,
            "8160" : 467,
            "8256" : 907,
            "8384" : 740,
            "8512" : 641,
            "8640" : 587,
            "8768" : 518,
            "8896" : 467,
            "9024" : 446,
            "9152" : 482,
            "9280" : 411,
            "9408" : 398,
            "9536" : 413,
            "9664" : 419,
            "9792" : 421,
            "9920" : 447,
            "10048" : 420,
            "10176" : 447,
            "10304" : 446,
            "10432" : 429,
            "10560" : 474,
            "10688" : 468,
            "10816" : 448,
            "10944" : 451,
            "11072" : 488,
            "11200" : 467,
            "11328" : 462,
            "11456" : 438,
            "11584" : 486,
            "11712" : 439,
            "11840" : 390,
            "11968" : 422,
            "12096" : 378,
            "12224" : 371,
            "12352" : 323,
            "12480" : 341,
            "12608" : 306,
            "12736" : 313,
            "12864" : 294,
            "12992" : 260,
            "13120" : 262,
            "13248" : 269,
            "13376" : 267,
            "13504" : 239,
            "13632" : 233,
            "13760" : 213,
            "13888" : 219,
            "14016" : 202,
            "14144" : 195,
            "14272" : 171,
            "14400" : 200,
            "14528" : 170,
            "14656" : 187,
            "14784" : 201,
            "14912" : 181,
            "15040" : 188,
            "15168" : 185,
            "15296" : 205,
            "15424" : 178,
            "15552" : 214,
            "15680" : 163,
            "15808" : 151,
            "15936" : 195,
            "16064" : 186,
            "16192" : 185,
            "16320" : 171,
            "16512" : 310,
            "16768" : 324,
            "17024" : 292,
            "17280" : 290,
            "17536" : 257,
            "17792" : 280,
            "18048" : 262,
            "18304" : 261,
            "18560" : 227,
            "18816" : 215,
            "19072" : 232,
            "19328" : 176,
            "19584" : 194,
            "19840" : 155,
            "20096" : 156,
            "20352" : 134,
            "20608" : 144,
            "20864" : 133,
            "21120" : 98,
            "21376" : 125,
            "21632" : 90,
            "21888" : 95,
            "22144" : 76,
            "22400" : 79,
            "22656" : 72,
            "22912" : 74,
            "23168" : 61,
            "23424" : 48,
            "23680" : 49,
            "23936" : 53,
            "24192" : 43,
            "24448" : 46,
            "24704" : 37,
            "24960" : 64,
            "25216" : 39,
            "25472" : 42,
            "25728" : 52,
            "25984" : 52,
            "26240" : 34,
            "26496" : 42,
            "26752" : 30,
            "27008" : 24,
            "27264" : 39,
            "27520" : 35,
            "27776" : 37,
            "28032" : 41,
            "28288" : 25,
            "28544" : 26,
            "28800" : 18,
            "29056" : 22,
            "29312" : 20,
            "29568" : 18,
            "29824" : 17,
            "30080" : 21,
            "30336" : 11,
            "30592" : 19,
            "30848" : 20,
            "31104" : 11,
            "31360" : 13,
            "31616" : 12,
            "31872" : 10,
            "32128" : 11,
            "32384" : 12,
            "32640" : 6,
            "33024" : 12,
            "33536" : 11,
            "34048" : 15,
            "34560" : 8,
            "35072" : 11,
            "35584" : 4,
            "36096" : 13,
            "36608" : 17,
            "37120" : 10,
            "37632" : 8,
            "38144" : 14,
            "38656" : 11,
            "39168" : 3,
            "39680" : 13,
            "40192" : 14,
            "40704" : 11,
            "41216" : 4,
            "41728" : 6,
            "42240" : 7,
            "42752" : 11,
            "43264" : 14,
            "43776" : 9,
            "44288" : 11,
            "44800" : 8,
            "45312" : 14,
            "45824" : 10,
            "46336" : 17,
            "46848" : 23,
            "47360" : 22,
            "47872" : 15,
            "48384" : 13,
            "48896" : 16,
            "49408" : 15,
            "49920" : 19,
            "50432" : 16,
            "50944" : 19,
            "51456" : 18,
            "51968" : 20,
            "52480" : 14,
            "52992" : 10,
            "53504" : 4,
            "54016" : 7,
            "54528" : 16,
            "55040" : 9,
            "55552" : 9,
            "56064" : 10,
            "56576" : 8,
            "57088" : 4,
            "57600" : 8,
            "58112" : 10,
            "58624" : 7,
            "59136" : 8,
            "59648" : 5,
            "60160" : 8,
            "60672" : 6,
            "61184" : 11,
            "61696" : 7,
            "62208" : 3,
            "62720" : 14,
            "63232" : 10,
            "63744" : 6,
            "64256" : 15,
            "64768" : 6,
            "65280" : 11,
            "66048" : 8,
            "67072" : 16,
            "68096" : 22,
            "69120" : 15,
            "70144" : 13,
            "71168" : 16,
            "72192" : 15,
            "73216" : 14,
            "74240" : 16,
            "75264" : 10,
            "76288" : 9,
            "77312" : 8,
            "78336" : 5,
            "79360" : 3,
            "80384" : 6,
            "81408" : 9,
            "82432" : 6,
            "83456" : 10,
            "84480" : 9,
            "85504" : 7,
            "86528" : 5,
            "87552" : 3,
            "88576" : 7,
            "89600" : 7,
            "90624" : 2,
            "91648" : 4,
            "92672" : 4,
            "93696" : 3,
            "94720" : 4,
            "95744" : 3,
            "96768" : 9,
            "97792" : 3,
            "98816" : 6,
            "99840" : 10,
            "100864" : 12,
            "101888" : 2,
            "102912" : 6,
            "103936" : 7,
            "104960" : 8,
            "105984" : 7,
            "107008" : 7,
            "108032" : 13,
            "109056" : 10,
            "110080" : 9,
            "111104" : 8,
            "112128" : 3,
            "113152" : 6,
            "114176" : 3,
            "115200" : 2,
            "116224" : 5,
            "117248" : 2,
            "118272" : 3,
            "120320" : 2,
            "121344" : 2,
            "122368" : 4,
            "123392" : 2,
            "124416" : 1,
            "125440" : 2,
            "127488" : 2,
            "128512" : 1,
            "129536" : 1,
            "130560" : 1,
            "134144" : 2,
            "138240" : 3,
            "140288" : 1,
            "142336" : 1,
            "144384" : 1,
            "146432" : 1,
            "152576" : 1,
            "154624" : 1,
            "156672" : 1,
            "158720" : 2,
            "168960" : 2,
            "175104" : 1,
            "189440" : 1,
            "193536" : 1,
            "195584" : 1,
            "197632" : 1,
            "199680" : 1,
            "203776" : 1,
            "207872" : 1,
            "236544" : 2,
            "242688" : 3,
            "246784" : 2,
            "248832" : 5,
            "250880" : 1,
            "252928" : 2,
            "254976" : 2,
            "257024" : 1,
            "259072" : 2,
            "261120" : 2,
            "264192" : 2,
            "268288" : 2,
            "272384" : 2,
            "276480" : 2,
            "280576" : 2,
            "284672" : 2,
            "346112" : 1,
            "354304" : 1,
            "358400" : 1,
            "366592" : 1,
            "370688" : 1,
            "374784" : 1,
            "378880" : 2,
            "391168" : 1,
            "432128" : 3,
            "436224" : 9,
            "440320" : 11,
            "444416" : 2,
            "448512" : 4,
            "452608" : 3,
            "456704" : 2,
            "460800" : 7,
            "464896" : 1,
            "477184" : 1,
            "489472" : 2,
            "522240" : 1,
            "577536" : 1,
            "593920" : 1,
            "618496" : 1,
            "1269760" : 1,
            "2342912" : 2,
            "2670592" : 1,
            "3358720" : 1
          }
        },
        "bw_min" : 199408,
        "bw_max" : 293688,
        "bw_agg" : 100.000000,
        "bw_mean" : 225515.472454,
        "bw_dev" : 5084.789748,
        "bw_samples" : 599,
        "iops_min" : 49852,
        "iops_max" : 73422,
        "iops_mean" : 56378.868114,
        "iops_stddev" : 1271.198079,
        "iops_samples" : 599
      },
      "trim" : {
        "io_bytes" : 0,
        "io_kbytes" : 0,
        "bw_bytes" : 0,
        "bw" : 0,
        "iops" : 0.000000,
        "runtime" : 0,
        "total_ios" : 0,
        "short_ios" : 0,
        "drop_ios" : 0,
        "slat_ns" : {
          "min" : 0,
          "max" : 0,
          "mean" : 0.000000,
          "stddev" : 0.000000,
          "N" : 0
        },
        "clat_ns" : {
          "min" : 0,
          "max" : 0,
          "mean" : 0.000000,
          "stddev" : 0.000000,
          "N" : 0
        },
        "lat_ns" : {
          "min" : 0,
          "max" : 0,
          "mean" : 0.000000,
          "stddev" : 0.000000,
          "N" : 0
        },
        "bw_min" : 0,
        "bw_max" : 0,
        "bw_agg" : 0.000000,
        "bw_mean" : 0.000000,
        "bw_dev" : 0.000000,
        "bw_samples" : 0,
        "iops_min" : 0,
        "iops_max" : 0,
        "iops_mean" : 0.000000,
        "iops_stddev" : 0.000000,
        "iops_samples" : 0
      },
      "sync" : {
        "total_ios" : 0,
        "lat_ns" : {
          "min" : 0,
          "max" : 0,
          "mean" : 0.000000,
          "stddev" : 0.000000,
          "N" : 0
        }
      },
      "job_runtime" : 300000,
      "usr_cpu" : 12.197667,
      "sys_cpu" : 61.651333,
      "ctx" : 16930455,
      "majf" : 0,
      "minf" : 19,
      "iodepth_level" : {
        "1" : 100.000000,
        "2" : 0.000000,
        "4" : 0.000000,
        "8" : 0.000000,
        "16" : 0.000000,
        "32" : 0.000000,
        ">=64" : 0.000000
      },
      "iodepth_submit" : {
        "0" : 0.000000,
        "4" : 100.000000,
        "8" : 0.000000,
        "16" : 0.000000,
        "32" : 0.000000,
        "64" : 0.000000,
        ">=64" : 0.000000
      },
      "iodepth_complete" : {
        "0" : 0.000000,
        "4" : 100.000000,
        "8" : 0.000000,
        "16" : 0.000000,
        "32" : 0.000000,
        "64" : 0.000000,
        ">=64" : 0.000000
      },
      "latency_ns" : {
        "2" : 0.000000,
        "4" : 0.000000,
        "10" : 0.000000,
        "20" : 0.000000,
        "50" : 0.000000,
        "100" : 0.000000,
        "250" : 0.000000,
        "500" : 0.000000,
        "750" : 0.010000,
        "1000" : 0.010000
      },
      "latency_us" : {
        "2" : 21.135690,
        "4" : 26.973841,
        "10" : 11.268551,
        "20" : 39.417255,
        "50" : 1.164201,
        "100" : 0.027413,
        "250" : 0.010000,
        "500" : 0.010000,
        "750" : 0.010000,
        "1000" : 0.010000
      },
      "latency_ms" : {
        "2" : 0.010000,
        "4" : 0.010000,
        "10" : 0.010000,
        "20" : 0.000000,
        "50" : 0.000000,
        "100" : 0.000000,
        "250" : 0.000000,
        "500" : 0.000000,
        "750" : 0.000000,
        "1000" : 0.000000,
        "2000" : 0.000000,
        ">=2000" : 0.000000
      },
      "latency_depth" : 128,
      "latency_target" : 0,
      "latency_percentile" : 100.000000,
      "latency_window" : 0
    }
  ],
  "disk_util" : [
    {
      "name" : "loop26",
      "read_ios" : 16905706,
      "write_ios" : 16901355,
      "read_merges" : 0,
      "write_merges" : 0,
      "read_ticks" : 134456,
      "write_ticks" : 492496,
      "in_queue" : 0,
      "util" : 100.000000
    }
  ]
}
