{
  "fio version" : "fio-3.32-36-g5932",
  "timestamp" : 1663481260,
  "timestamp_ms" : 1663481260180,
  "time" : "Sun Sep 18 08:07:40 2022",
  "global options" : {
    "size" : "512K",
    "rw" : "randrw",
    "bs" : "4K",
    "numjobs" : "1",
    "iodepth" : "128",
    "runtime" : "300",
    "end_fsync" : "1",
    "lat_percentiles" : "1",
    "slat_percentiles" : "1",
    "clat_percentiles" : "1"
  },
  "jobs" : [
    {
      "jobname" : "random-rw",
      "groupid" : 0,
      "error" : 0,
      "eta" : 0,
      "elapsed" : 301,
      "job options" : {
        "name" : "random-rw"
      },
      "read" : {
        "io_bytes" : 71463968768,
        "io_kbytes" : 69789032,
        "bw_bytes" : 238212435,
        "bw" : 232629,
        "iops" : 58157.332809,
        "runtime" : 300001,
        "total_ios" : 17447258,
        "short_ios" : 0,
        "drop_ios" : 0,
        "slat_ns" : {
          "min" : 0,
          "max" : 0,
          "mean" : 0.000000,
          "stddev" : 0.000000,
          "N" : 0
        },
        "clat_ns" : {
          "min" : 687,
          "max" : 6187823,
          "mean" : 11374.268081,
          "stddev" : 7044.240619,
          "N" : 17447258,
          "percentile" : {
            "1.000000" : 6496,
            "5.000000" : 9408,
            "10.000000" : 9536,
            "20.000000" : 9792,
            "30.000000" : 9920,
            "40.000000" : 10304,
            "50.000000" : 10560,
            "60.000000" : 10816,
            "70.000000" : 11072,
            "80.000000" : 11712,
            "90.000000" : 14272,
            "95.000000" : 17024,
            "99.000000" : 22912,
            "99.500000" : 25984,
            "99.900000" : 42240,
            "99.950000" : 59136,
            "99.990000" : 148480
          },
          "bins" : {
            "684" : 1,
            "700" : 1,
            "708" : 2,
            "716" : 4,
            "724" : 10,
            "732" : 10,
            "740" : 24,
            "748" : 26,
            "756" : 42,
            "764" : 46,
            "772" : 44,
            "780" : 43,
            "788" : 27,
            "796" : 61,
            "804" : 55,
            "812" : 66,
            "820" : 80,
            "828" : 85,
            "836" : 82,
            "844" : 125,
            "852" : 107,
            "860" : 129,
            "868" : 161,
            "876" : 177,
            "884" : 196,
            "892" : 190,
            "900" : 186,
            "908" : 205,
            "916" : 173,
            "924" : 137,
            "932" : 126,
            "940" : 112,
            "948" : 81,
            "956" : 72,
            "964" : 59,
            "972" : 43,
            "980" : 36,
            "988" : 47,
            "996" : 30,
            "1004" : 22,
            "1012" : 15,
            "1020" : 14,
            "1032" : 20,
            "1048" : 27,
            "1064" : 7,
            "1080" : 10,
            "1096" : 19,
            "1112" : 8,
            "1128" : 20,
            "1144" : 13,
            "1160" : 11,
            "1176" : 14,
            "1192" : 16,
            "1208" : 12,
            "1224" : 15,
            "1240" : 13,
            "1256" : 22,
            "1272" : 16,
            "1288" : 13,
            "1304" : 15,
            "1320" : 16,
            "1336" : 17,
            "1352" : 13,
            "1368" : 13,
            "1384" : 11,
            "1400" : 12,
            "1416" : 11,
            "1432" : 8,
            "1448" : 7,
            "1464" : 4,
            "1480" : 6,
            "1496" : 7,
            "1512" : 15,
            "1528" : 7,
            "1544" : 6,
            "1560" : 6,
            "1576" : 2,
            "1592" : 10,
            "1608" : 3,
            "1624" : 8,
            "1640" : 4,
            "1656" : 2,
            "1672" : 4,
            "1688" : 3,
            "1704" : 3,
            "1720" : 3,
            "1736" : 4,
            "1752" : 3,
            "1768" : 2,
            "1784" : 1,
            "1800" : 1,
            "1848" : 2,
            "1864" : 1,
            "1880" : 1,
            "1928" : 1,
            "1960" : 1,
            "1976" : 2,
            "2040" : 1,
            "2064" : 1,
            "2128" : 2,
            "2288" : 2,
            "2320" : 2,
            "2352" : 1,
            "2416" : 1,
            "2544" : 1,
            "2736" : 1,
            "2800" : 1,
            "2896" : 1,
            "2960" : 2,
            "4016" : 1,
            "5984" : 2,
            "6048" : 151,
            "6112" : 2176,
            "6176" : 11306,
            "6240" : 26050,
            "6304" : 33140,
            "6368" : 34060,
            "6432" : 36561,
            "6496" : 33031,
            "6560" : 23370,
            "6624" : 13877,
            "6688" : 7715,
            "6752" : 4468,
            "6816" : 2735,
            "6880" : 1787,
            "6944" : 1183,
            "7008" : 983,
            "7072" : 1189,
            "7136" : 1888,
            "7200" : 2434,
            "7264" : 2507,
            "7328" : 2564,
            "7392" : 2620,
            "7456" : 2025,
            "7520" : 1566,
            "7584" : 898,
            "7648" : 591,
            "7712" : 380,
            "7776" : 280,
            "7840" : 229,
            "7904" : 218,
            "7968" : 208,
            "8032" : 222,
            "8096" : 271,
            "8160" : 364,
            "8256" : 922,
            "8384" : 908,
            "8512" : 787,
            "8640" : 651,
            "8768" : 497,
            "8896" : 842,
            "9024" : 19052,
            "9152" : 127621,
            "9280" : 350597,
            "9408" : 606324,
            "9536" : 880580,
            "9664" : 1074346,
            "9792" : 1055362,
            "9920" : 960772,
            "10048" : 740075,
            "10176" : 513637,
            "10304" : 535351,
            "10432" : 726466,
            "10560" : 949187,
            "10688" : 1134515,
            "10816" : 1074840,
            "10944" : 763235,
            "11072" : 465575,
            "11200" : 341877,
            "11328" : 363239,
            "11456" : 432424,
            "11584" : 424163,
            "11712" : 320325,
            "11840" : 206866,
            "11968" : 137148,
            "12096" : 105414,
            "12224" : 96149,
            "12352" : 94548,
            "12480" : 96346,
            "12608" : 89700,
            "12736" : 81117,
            "12864" : 73468,
            "12992" : 67789,
            "13120" : 64356,
            "13248" : 60769,
            "13376" : 59488,
            "13504" : 59065,
            "13632" : 58161,
            "13760" : 57570,
            "13888" : 55357,
            "14016" : 52933,
            "14144" : 50439,
            "14272" : 48014,
            "14400" : 46696,
            "14528" : 45814,
            "14656" : 44896,
            "14784" : 44575,
            "14912" : 43585,
            "15040" : 42488,
            "15168" : 40906,
            "15296" : 39486,
            "15424" : 38348,
            "15552" : 37821,
            "15680" : 37656,
            "15808" : 38676,
            "15936" : 39140,
            "16064" : 38623,
            "16192" : 38456,
            "16320" : 38158,
            "16512" : 74739,
            "16768" : 71020,
            "17024" : 65657,
            "17280" : 60356,
            "17536" : 54716,
            "17792" : 49367,
            "18048" : 45925,
            "18304" : 43361,
            "18560" : 40916,
            "18816" : 38330,
            "19072" : 35731,
            "19328" : 33451,
            "19584" : 31928,
            "19840" : 29127,
            "20096" : 26505,
            "20352" : 24253,
            "20608" : 22671,
            "20864" : 21133,
            "21120" : 19694,
            "21376" : 18494,
            "21632" : 17032,
            "21888" : 15973,
            "22144" : 14580,
            "22400" : 13094,
            "22656" : 12189,
            "22912" : 11059,
            "23168" : 10198,
            "23424" : 9357,
            "23680" : 8425,
            "23936" : 7760,
            "24192" : 7330,
            "24448" : 6536,
            "24704" : 6171,
            "24960" : 5844,
            "25216" : 5182,
            "25472" : 4857,
            "25728" : 4402,
            "25984" : 4174,
            "26240" : 3725,
            "26496" : 3461,
            "26752" : 3179,
            "27008" : 3032,
            "27264" : 2812,
            "27520" : 2604,
            "27776" : 2326,
            "28032" : 2272,
            "28288" : 2084,
            "28544" : 1974,
            "28800" : 1856,
            "29056" : 1755,
            "29312" : 1705,
            "29568" : 1516,
            "29824" : 1473,
            "30080" : 1371,
            "30336" : 1277,
            "30592" : 1177,
            "30848" : 1083,
            "31104" : 1045,
            "31360" : 1015,
            "31616" : 1023,
            "31872" : 929,
            "32128" : 910,
            "32384" : 919,
            "32640" : 830,
            "33024" : 1670,
            "33536" : 1564,
            "34048" : 1448,
            "34560" : 1399,
            "35072" : 1380,
            "35584" : 1257,
            "36096" : 1238,
            "36608" : 1125,
            "37120" : 1132,
            "37632" : 1101,
            "38144" : 1080,
            "38656" : 986,
            "39168" : 951,
            "39680" : 871,
            "40192" : 803,
            "40704" : 697,
            "41216" : 614,
            "41728" : 549,
            "42240" : 572,
            "42752" : 461,
            "43264" : 444,
            "43776" : 446,
            "44288" : 376,
            "44800" : 377,
            "45312" : 352,
            "45824" : 343,
            "46336" : 344,
            "46848" : 287,
            "47360" : 306,
            "47872" : 275,
            "48384" : 237,
            "48896" : 226,
            "49408" : 234,
            "49920" : 219,
            "50432" : 211,
            "50944" : 188,
            "51456" : 204,
            "51968" : 205,
            "52480" : 231,
            "52992" : 237,
            "53504" : 242,
            "54016" : 218,
            "54528" : 235,
            "55040" : 225,
            "55552" : 189,
            "56064" : 185,
            "56576" : 172,
            "57088" : 150,
            "57600" : 161,
            "58112" : 117,
            "58624" : 116,
            "59136" : 128,
            "59648" : 112,
            "60160" : 117,
            "60672" : 95,
            "61184" : 87,
            "61696" : 76,
            "62208" : 105,
            "62720" : 88,
            "63232" : 91,
            "63744" : 81,
            "64256" : 92,
            "64768" : 87,
            "65280" : 77,
            "66048" : 168,
            "67072" : 167,
            "68096" : 156,
            "69120" : 204,
            "70144" : 176,
            "71168" : 190,
            "72192" : 156,
            "73216" : 136,
            "74240" : 145,
            "75264" : 172,
            "76288" : 160,
            "77312" : 153,
            "78336" : 131,
            "79360" : 139,
            "80384" : 148,
            "81408" : 133,
            "82432" : 117,
            "83456" : 102,
            "84480" : 98,
            "85504" : 107,
            "86528" : 105,
            "87552" : 86,
            "88576" : 107,
            "89600" : 89,
            "90624" : 71,
            "91648" : 92,
            "92672" : 81,
            "93696" : 79,
            "94720" : 93,
            "95744" : 89,
            "96768" : 71,
            "97792" : 94,
            "98816" : 73,
            "99840" : 81,
            "100864" : 67,
            "101888" : 51,
            "102912" : 48,
            "103936" : 70,
            "104960" : 54,
            "105984" : 73,
            "107008" : 54,
            "108032" : 55,
            "109056" : 71,
            "110080" : 60,
            "111104" : 63,
            "112128" : 51,
            "113152" : 58,
            "114176" : 53,
            "115200" : 45,
            "116224" : 54,
            "117248" : 34,
            "118272" : 55,
            "119296" : 50,
            "120320" : 42,
            "121344" : 32,
            "122368" : 34,
            "123392" : 30,
            "124416" : 27,
            "125440" : 18,
            "126464" : 32,
            "127488" : 17,
            "128512" : 19,
            "129536" : 14,
            "130560" : 24,
            "132096" : 36,
            "134144" : 34,
            "136192" : 35,
            "138240" : 19,
            "140288" : 46,
            "142336" : 24,
            "144384" : 36,
            "146432" : 37,
            "148480" : 47,
            "150528" : 43,
            "152576" : 25,
            "154624" : 30,
            "156672" : 33,
            "158720" : 26,
            "160768" : 30,
            "162816" : 26,
            "164864" : 15,
            "166912" : 21,
            "168960" : 10,
            "171008" : 8,
            "173056" : 7,
            "175104" : 16,
            "177152" : 9,
            "179200" : 10,
            "181248" : 7,
            "183296" : 6,
            "185344" : 5,
            "187392" : 2,
            "189440" : 7,
            "191488" : 1,
            "193536" : 5,
            "195584" : 5,
            "197632" : 3,
            "199680" : 5,
            "201728" : 9,
            "203776" : 14,
            "205824" : 4,
            "207872" : 7,
            "209920" : 3,
            "211968" : 7,
            "214016" : 3,
            "216064" : 8,
            "218112" : 6,
            "220160" : 6,
            "222208" : 5,
            "224256" : 4,
            "226304" : 10,
            "228352" : 4,
            "230400" : 3,
            "232448" : 8,
            "234496" : 5,
            "236544" : 11,
            "238592" : 6,
            "240640" : 6,
            "242688" : 9,
            "244736" : 6,
            "246784" : 7,
            "248832" : 6,
            "250880" : 6,
            "252928" : 12,
            "254976" : 12,
            "257024" : 11,
            "259072" : 18,
            "261120" : 16,
            "264192" : 32,
            "268288" : 32,
            "272384" : 41,
            "276480" : 28,
            "280576" : 27,
            "284672" : 23,
            "288768" : 15,
            "292864" : 8,
            "296960" : 16,
            "301056" : 14,
            "305152" : 5,
            "309248" : 6,
            "313344" : 7,
            "317440" : 15,
            "321536" : 10,
            "325632" : 3,
            "329728" : 8,
            "333824" : 11,
            "337920" : 11,
            "342016" : 9,
            "346112" : 6,
            "350208" : 5,
            "354304" : 8,
            "358400" : 10,
            "362496" : 7,
            "366592" : 9,
            "370688" : 2,
            "374784" : 4,
            "378880" : 10,
            "382976" : 11,
            "387072" : 4,
            "391168" : 3,
            "395264" : 10,
            "399360" : 4,
            "403456" : 8,
            "407552" : 8,
            "411648" : 7,
            "415744" : 18,
            "419840" : 27,
            "423936" : 27,
            "428032" : 26,
            "432128" : 11,
            "436224" : 19,
            "440320" : 15,
            "444416" : 27,
            "448512" : 21,
            "452608" : 14,
            "456704" : 16,
            "460800" : 7,
            "464896" : 5,
            "468992" : 8,
            "473088" : 2,
            "477184" : 6,
            "481280" : 3,
            "489472" : 3,
            "501760" : 4,
            "505856" : 1,
            "509952" : 3,
            "514048" : 1,
            "518144" : 1,
            "528384" : 2,
            "536576" : 2,
            "544768" : 1,
            "552960" : 1,
            "561152" : 4,
            "569344" : 1,
            "577536" : 1,
            "585728" : 4,
            "593920" : 7,
            "602112" : 7,
            "610304" : 10,
            "618496" : 7,
            "626688" : 2,
            "634880" : 6,
            "643072" : 8,
            "651264" : 1,
            "659456" : 14,
            "667648" : 8,
            "675840" : 7,
            "684032" : 14,
            "692224" : 3,
            "700416" : 5,
            "708608" : 7,
            "716800" : 6,
            "724992" : 7,
            "733184" : 4,
            "741376" : 1,
            "749568" : 2,
            "757760" : 4,
            "765952" : 3,
            "774144" : 5,
            "782336" : 3,
            "790528" : 3,
            "798720" : 5,
            "806912" : 2,
            "815104" : 2,
            "823296" : 4,
            "831488" : 6,
            "839680" : 4,
            "847872" : 4,
            "856064" : 3,
            "864256" : 1,
            "872448" : 2,
            "880640" : 3,
            "888832" : 4,
            "897024" : 5,
            "905216" : 5,
            "913408" : 4,
            "921600" : 5,
            "929792" : 1,
            "937984" : 3,
            "946176" : 2,
            "954368" : 1,
            "962560" : 4,
            "970752" : 5,
            "978944" : 9,
            "987136" : 15,
            "995328" : 18,
            "1003520" : 15,
            "1011712" : 8,
            "1019904" : 23,
            "1028096" : 11,
            "1036288" : 13,
            "1044480" : 9,
            "1056768" : 11,
            "1073152" : 15,
            "1089536" : 9,
            "1105920" : 8,
            "1122304" : 8,
            "1138688" : 3,
            "1155072" : 1,
            "1171456" : 2,
            "1187840" : 3,
            "1204224" : 1,
            "1220608" : 1,
            "1236992" : 2,
            "1253376" : 3,
            "1269760" : 2,
            "1286144" : 2,
            "1302528" : 3,
            "1318912" : 1,
            "1368064" : 1,
            "1384448" : 1,
            "1400832" : 1,
            "1449984" : 1,
            "1515520" : 1,
            "1597440" : 1,
            "1728512" : 1,
            "1794048" : 1,
            "1826816" : 1,
            "1843200" : 2,
            "1859584" : 1,
            "1875968" : 1,
            "1925120" : 1,
            "1941504" : 1,
            "2244608" : 1,
            "2768896" : 1,
            "3031040" : 1,
            "3981312" : 1,
            "4489216" : 1,
            "4816896" : 1,
            "5210112" : 1,
            "6127616" : 1,
            "6193152" : 1
          }
        },
        "lat_ns" : {
          "min" : 717,
          "max" : 6187866,
          "mean" : 11423.403956,
          "stddev" : 7051.272745,
          "N" : 17447258,
          "percentile" : {
            "1.000000" : 6560,
            "5.000000" : 9408,
            "10.000000" : 9536,
            "20.000000" : 9792,
            "30.000000" : 10048,
            "40.000000" : 10432,
            "50.000000" : 10688,
            "60.000000" : 10816,
            "70.000000" : 11200,
            "80.000000" : 11712,
            "90.000000" : 14272,
            "95.000000" : 17024,
            "99.000000" : 22912,
            "99.500000" : 25984,
            "99.900000" : 42240,
            "99.950000" : 59648,
            "99.990000" : 150528
          },
          "bins" : {
            "716" : 1,
            "740" : 4,
            "748" : 4,
            "756" : 9,
            "764" : 11,
            "772" : 22,
            "780" : 29,
            "788" : 42,
            "796" : 38,
            "804" : 42,
            "812" : 35,
            "820" : 28,
            "828" : 51,
            "836" : 43,
            "844" : 64,
            "852" : 48,
            "860" : 79,
            "868" : 67,
            "876" : 95,
            "884" : 99,
            "892" : 116,
            "900" : 118,
            "908" : 158,
            "916" : 163,
            "924" : 198,
            "932" : 189,
            "940" : 187,
            "948" : 200,
            "956" : 166,
            "964" : 165,
            "972" : 112,
            "980" : 118,
            "988" : 97,
            "996" : 60,
            "1004" : 61,
            "1012" : 43,
            "1020" : 43,
            "1032" : 72,
            "1048" : 37,
            "1064" : 30,
            "1080" : 33,
            "1096" : 17,
            "1112" : 8,
            "1128" : 7,
            "1144" : 9,
            "1160" : 13,
            "1176" : 15,
            "1192" : 18,
            "1208" : 14,
            "1224" : 7,
            "1240" : 7,
            "1256" : 19,
            "1272" : 12,
            "1288" : 10,
            "1304" : 9,
            "1320" : 13,
            "1336" : 13,
            "1352" : 18,
            "1368" : 15,
            "1384" : 14,
            "1400" : 14,
            "1416" : 12,
            "1432" : 12,
            "1448" : 15,
            "1464" : 11,
            "1480" : 8,
            "1496" : 7,
            "1512" : 14,
            "1528" : 7,
            "1544" : 10,
            "1560" : 5,
            "1576" : 4,
            "1592" : 6,
            "1608" : 8,
            "1624" : 7,
            "1640" : 5,
            "1656" : 11,
            "1672" : 2,
            "1688" : 6,
            "1704" : 7,
            "1720" : 3,
            "1736" : 7,
            "1752" : 8,
            "1768" : 5,
            "1784" : 2,
            "1800" : 3,
            "1816" : 6,
            "1832" : 1,
            "1848" : 2,
            "1864" : 1,
            "1880" : 2,
            "1896" : 2,
            "1912" : 2,
            "1928" : 2,
            "1944" : 2,
            "1976" : 2,
            "2024" : 1,
            "2040" : 1,
            "2064" : 1,
            "2096" : 3,
            "2128" : 1,
            "2224" : 1,
            "2256" : 1,
            "2320" : 1,
            "2416" : 1,
            "2448" : 2,
            "2480" : 1,
            "2512" : 1,
            "2576" : 1,
            "2640" : 2,
            "2800" : 1,
            "2992" : 2,
            "3056" : 1,
            "3120" : 1,
            "4448" : 1,
            "6048" : 20,
            "6112" : 474,
            "6176" : 4503,
            "6240" : 16770,
            "6304" : 29524,
            "6368" : 32791,
            "6432" : 35159,
            "6496" : 36186,
            "6560" : 30436,
            "6624" : 19808,
            "6688" : 11247,
            "6752" : 6325,
            "6816" : 3737,
            "6880" : 2305,
            "6944" : 1549,
            "7008" : 1071,
            "7072" : 1022,
            "7136" : 1389,
            "7200" : 2177,
            "7264" : 2438,
            "7328" : 2518,
            "7392" : 2612,
            "7456" : 2479,
            "7520" : 1896,
            "7584" : 1285,
            "7648" : 776,
            "7712" : 516,
            "7776" : 317,
            "7840" : 263,
            "7904" : 230,
            "7968" : 193,
            "8032" : 207,
            "8096" : 197,
            "8160" : 274,
            "8256" : 746,
            "8384" : 905,
            "8512" : 844,
            "8640" : 738,
            "8768" : 564,
            "8896" : 560,
            "9024" : 7899,
            "9152" : 79869,
            "9280" : 271780,
            "9408" : 519734,
            "9536" : 786037,
            "9664" : 1035586,
            "9792" : 1074843,
            "9920" : 993217,
            "10048" : 828608,
            "10176" : 570471,
            "10304" : 503584,
            "10432" : 654811,
            "10560" : 873699,
            "10688" : 1087846,
            "10816" : 1125227,
            "10944" : 879230,
            "11072" : 548706,
            "11200" : 364724,
            "11328" : 345538,
            "11456" : 412344,
            "11584" : 437802,
            "11712" : 358455,
            "11840" : 240314,
            "11968" : 155206,
            "12096" : 113318,
            "12224" : 97995,
            "12352" : 95100,
            "12480" : 96876,
            "12608" : 92516,
            "12736" : 83683,
            "12864" : 75975,
            "12992" : 69604,
            "13120" : 65066,
            "13248" : 61759,
            "13376" : 59236,
            "13504" : 58460,
            "13632" : 57984,
            "13760" : 57343,
            "13888" : 55874,
            "14016" : 53262,
            "14144" : 51019,
            "14272" : 48351,
            "14400" : 46808,
            "14528" : 45316,
            "14656" : 44314,
            "14784" : 44351,
            "14912" : 43638,
            "15040" : 42579,
            "15168" : 41733,
            "15296" : 40051,
            "15424" : 38665,
            "15552" : 37815,
            "15680" : 37398,
            "15808" : 37661,
            "15936" : 38319,
            "16064" : 39035,
            "16192" : 38303,
            "16320" : 38165,
            "16512" : 74682,
            "16768" : 72291,
            "17024" : 67358,
            "17280" : 62101,
            "17536" : 56920,
            "17792" : 51244,
            "18048" : 46862,
            "18304" : 44203,
            "18560" : 41553,
            "18816" : 39707,
            "19072" : 36523,
            "19328" : 34209,
            "19584" : 32321,
            "19840" : 30084,
            "20096" : 27280,
            "20352" : 25183,
            "20608" : 22957,
            "20864" : 21527,
            "21120" : 20351,
            "21376" : 18883,
            "21632" : 17622,
            "21888" : 16361,
            "22144" : 15060,
            "22400" : 13785,
            "22656" : 12556,
            "22912" : 11557,
            "23168" : 10495,
            "23424" : 9730,
            "23680" : 8907,
            "23936" : 8090,
            "24192" : 7488,
            "24448" : 6861,
            "24704" : 6420,
            "24960" : 6001,
            "25216" : 5458,
            "25472" : 4960,
            "25728" : 4663,
            "25984" : 4302,
            "26240" : 3876,
            "26496" : 3687,
            "26752" : 3255,
            "27008" : 3137,
            "27264" : 2925,
            "27520" : 2670,
            "27776" : 2480,
            "28032" : 2327,
            "28288" : 2149,
            "28544" : 2104,
            "28800" : 1900,
            "29056" : 1806,
            "29312" : 1711,
            "29568" : 1622,
            "29824" : 1517,
            "30080" : 1409,
            "30336" : 1352,
            "30592" : 1211,
            "30848" : 1105,
            "31104" : 1116,
            "31360" : 995,
            "31616" : 1043,
            "31872" : 965,
            "32128" : 929,
            "32384" : 891,
            "32640" : 879,
            "33024" : 1688,
            "33536" : 1612,
            "34048" : 1456,
            "34560" : 1401,
            "35072" : 1417,
            "35584" : 1267,
            "36096" : 1252,
            "36608" : 1137,
            "37120" : 1112,
            "37632" : 1102,
            "38144" : 1097,
            "38656" : 1026,
            "39168" : 956,
            "39680" : 889,
            "40192" : 785,
            "40704" : 737,
            "41216" : 606,
            "41728" : 560,
            "42240" : 574,
            "42752" : 473,
            "43264" : 451,
            "43776" : 421,
            "44288" : 410,
            "44800" : 367,
            "45312" : 355,
            "45824" : 356,
            "46336" : 347,
            "46848" : 299,
            "47360" : 307,
            "47872" : 268,
            "48384" : 255,
            "48896" : 224,
            "49408" : 233,
            "49920" : 219,
            "50432" : 207,
            "50944" : 198,
            "51456" : 201,
            "51968" : 201,
            "52480" : 235,
            "52992" : 225,
            "53504" : 245,
            "54016" : 232,
            "54528" : 232,
            "55040" : 218,
            "55552" : 198,
            "56064" : 182,
            "56576" : 174,
            "57088" : 158,
            "57600" : 164,
            "58112" : 122,
            "58624" : 118,
            "59136" : 124,
            "59648" : 109,
            "60160" : 119,
            "60672" : 99,
            "61184" : 87,
            "61696" : 77,
            "62208" : 106,
            "62720" : 88,
            "63232" : 87,
            "63744" : 86,
            "64256" : 98,
            "64768" : 80,
            "65280" : 89,
            "66048" : 163,
            "67072" : 166,
            "68096" : 156,
            "69120" : 198,
            "70144" : 188,
            "71168" : 183,
            "72192" : 159,
            "73216" : 144,
            "74240" : 131,
            "75264" : 179,
            "76288" : 158,
            "77312" : 161,
            "78336" : 137,
            "79360" : 137,
            "80384" : 145,
            "81408" : 134,
            "82432" : 118,
            "83456" : 106,
            "84480" : 97,
            "85504" : 105,
            "86528" : 106,
            "87552" : 86,
            "88576" : 112,
            "89600" : 87,
            "90624" : 71,
            "91648" : 91,
            "92672" : 86,
            "93696" : 76,
            "94720" : 94,
            "95744" : 88,
            "96768" : 71,
            "97792" : 92,
            "98816" : 73,
            "99840" : 84,
            "100864" : 71,
            "101888" : 52,
            "102912" : 47,
            "103936" : 68,
            "104960" : 53,
            "105984" : 78,
            "107008" : 53,
            "108032" : 59,
            "109056" : 65,
            "110080" : 63,
            "111104" : 65,
            "112128" : 49,
            "113152" : 56,
            "114176" : 58,
            "115200" : 43,
            "116224" : 56,
            "117248" : 31,
            "118272" : 57,
            "119296" : 48,
            "120320" : 45,
            "121344" : 33,
            "122368" : 33,
            "123392" : 32,
            "124416" : 27,
            "125440" : 18,
            "126464" : 29,
            "127488" : 22,
            "128512" : 19,
            "129536" : 14,
            "130560" : 22,
            "132096" : 38,
            "134144" : 35,
            "136192" : 35,
            "138240" : 20,
            "140288" : 46,
            "142336" : 25,
            "144384" : 34,
            "146432" : 37,
            "148480" : 48,
            "150528" : 44,
            "152576" : 25,
            "154624" : 29,
            "156672" : 33,
            "158720" : 27,
            "160768" : 30,
            "162816" : 25,
            "164864" : 16,
            "166912" : 20,
            "168960" : 10,
            "171008" : 9,
            "173056" : 7,
            "175104" : 16,
            "177152" : 9,
            "179200" : 10,
            "181248" : 6,
            "183296" : 7,
            "185344" : 4,
            "187392" : 3,
            "189440" : 7,
            "191488" : 1,
            "193536" : 5,
            "195584" : 5,
            "197632" : 3,
            "199680" : 5,
            "201728" : 8,
            "203776" : 15,
            "205824" : 4,
            "207872" : 6,
            "209920" : 4,
            "211968" : 6,
            "214016" : 4,
            "216064" : 8,
            "218112" : 5,
            "220160" : 7,
            "222208" : 4,
            "224256" : 5,
            "226304" : 10,
            "228352" : 4,
            "230400" : 3,
            "232448" : 8,
            "234496" : 5,
            "236544" : 11,
            "238592" : 6,
            "240640" : 6,
            "242688" : 9,
            "244736" : 6,
            "246784" : 7,
            "248832" : 6,
            "250880" : 6,
            "252928" : 12,
            "254976" : 12,
            "257024" : 11,
            "259072" : 18,
            "261120" : 15,
            "264192" : 33,
            "268288" : 31,
            "272384" : 42,
            "276480" : 27,
            "280576" : 27,
            "284672" : 24,
            "288768" : 14,
            "292864" : 9,
            "296960" : 16,
            "301056" : 13,
            "305152" : 5,
            "309248" : 7,
            "313344" : 7,
            "317440" : 15,
            "321536" : 10,
            "325632" : 3,
            "329728" : 6,
            "333824" : 13,
            "337920" : 11,
            "342016" : 9,
            "346112" : 6,
            "350208" : 5,
            "354304" : 8,
            "358400" : 10,
            "362496" : 7,
            "366592" : 9,
            "370688" : 2,
            "374784" : 4,
            "378880" : 10,
            "382976" : 10,
            "387072" : 5,
            "391168" : 3,
            "395264" : 10,
            "399360" : 4,
            "403456" : 8,
            "407552" : 8,
            "411648" : 7,
            "415744" : 18,
            "419840" : 27,
            "423936" : 27,
            "428032" : 25,
            "432128" : 12,
            "436224" : 19,
            "440320" : 15,
            "444416" : 27,
            "448512" : 21,
            "452608" : 14,
            "456704" : 16,
            "460800" : 7,
            "464896" : 5,
            "468992" : 8,
            "473088" : 2,
            "477184" : 6,
            "481280" : 3,
            "489472" : 3,
            "501760" : 4,
            "505856" : 1,
            "509952" : 3,
            "514048" : 1,
            "518144" : 1,
            "528384" : 2,
            "536576" : 2,
            "544768" : 1,
            "552960" : 1,
            "561152" : 4,
            "569344" : 1,
            "577536" : 1,
            "585728" : 4,
            "593920" : 7,
            "602112" : 7,
            "610304" : 10,
            "618496" : 7,
            "626688" : 2,
            "634880" : 6,
            "643072" : 8,
            "651264" : 1,
            "659456" : 14,
            "667648" : 8,
            "675840" : 7,
            "684032" : 14,
            "692224" : 3,
            "700416" : 5,
            "708608" : 7,
            "716800" : 6,
            "724992" : 7,
            "733184" : 4,
            "741376" : 1,
            "749568" : 2,
            "757760" : 4,
            "765952" : 3,
            "774144" : 5,
            "782336" : 3,
            "790528" : 3,
            "798720" : 5,
            "806912" : 2,
            "815104" : 2,
            "823296" : 4,
            "831488" : 6,
            "839680" : 4,
            "847872" : 4,
            "856064" : 3,
            "864256" : 1,
            "872448" : 2,
            "880640" : 3,
            "888832" : 4,
            "897024" : 5,
            "905216" : 5,
            "913408" : 4,
            "921600" : 5,
            "929792" : 1,
            "937984" : 3,
            "946176" : 2,
            "954368" : 1,
            "962560" : 4,
            "970752" : 5,
            "978944" : 9,
            "987136" : 15,
            "995328" : 18,
            "1003520" : 15,
            "1011712" : 8,
            "1019904" : 22,
            "1028096" : 12,
            "1036288" : 13,
            "1044480" : 9,
            "1056768" : 11,
            "1073152" : 15,
            "1089536" : 9,
            "1105920" : 8,
            "1122304" : 8,
            "1138688" : 3,
            "1155072" : 1,
            "1171456" : 2,
            "1187840" : 3,
            "1204224" : 1,
            "1220608" : 1,
            "1236992" : 2,
            "1253376" : 3,
            "1269760" : 2,
            "1286144" : 2,
            "1302528" : 3,
            "1318912" : 1,
            "1368064" : 1,
            "1384448" : 1,
            "1400832" : 1,
            "1449984" : 1,
            "1515520" : 1,
            "1597440" : 1,
            "1728512" : 1,
            "1794048" : 1,
            "1826816" : 1,
            "1843200" : 2,
            "1859584" : 1,
            "1875968" : 1,
            "1925120" : 1,
            "1941504" : 1,
            "2244608" : 1,
            "2768896" : 1,
            "3031040" : 1,
            "3981312" : 1,
            "4489216" : 1,
            "4816896" : 1,
            "5210112" : 1,
            "6127616" : 1,
            "6193152" : 1
          }
        },
        "bw_min" : 210424,
        "bw_max" : 340000,
        "bw_agg" : 100.000000,
        "bw_mean" : 232714.804674,
        "bw_dev" : 10185.187195,
        "bw_samples" : 599,
        "iops_min" : 52608,
        "iops_max" : 85000,
        "iops_mean" : 58178.701169,
        "iops_stddev" : 2546.294345,
        "iops_samples" : 599
      },
      "write" : {
        "io_bytes" : 71442698240,
        "io_kbytes" : 69768260,
        "bw_bytes" : 238141533,
        "bw" : 232560,
        "iops" : 58140.022867,
        "runtime" : 300001,
        "total_ios" : 17442065,
        "short_ios" : 0,
        "drop_ios" : 0,
        "slat_ns" : {
          "min" : 0,
          "max" : 0,
          "mean" : 0.000000,
          "stddev" : 0.000000,
          "N" : 0
        },
        "clat_ns" : {
          "min" : 1077,
          "max" : 4009987,
          "mean" : 2139.680694,
          "stddev" : 1714.522608,
          "N" : 17442065,
          "percentile" : {
            "1.000000" : 1432,
            "5.000000" : 1448,
            "10.000000" : 1464,
            "20.000000" : 1496,
            "30.000000" : 1544,
            "40.000000" : 1656,
            "50.000000" : 2192,
            "60.000000" : 2224,
            "70.000000" : 2288,
            "80.000000" : 2352,
            "90.000000" : 2864,
            "95.000000" : 3504,
            "99.000000" : 5344,
            "99.500000" : 6048,
            "99.900000" : 10688,
            "99.950000" : 15296,
            "99.990000" : 30080
          },
          "bins" : {
            "1080" : 4,
            "1096" : 8,
            "1112" : 42,
            "1128" : 99,
            "1144" : 143,
            "1160" : 196,
            "1176" : 219,
            "1192" : 222,
            "1208" : 196,
            "1224" : 172,
            "1240" : 127,
            "1256" : 96,
            "1272" : 87,
            "1288" : 61,
            "1304" : 45,
            "1320" : 39,
            "1336" : 34,
            "1352" : 297,
            "1368" : 3096,
            "1384" : 8166,
            "1400" : 16096,
            "1416" : 122543,
            "1432" : 455162,
            "1448" : 596341,
            "1464" : 685738,
            "1480" : 880267,
            "1496" : 948934,
            "1512" : 802227,
            "1528" : 671982,
            "1544" : 536967,
            "1560" : 382810,
            "1576" : 269827,
            "1592" : 185312,
            "1608" : 144542,
            "1624" : 116116,
            "1640" : 96010,
            "1656" : 84632,
            "1672" : 72059,
            "1688" : 62767,
            "1704" : 51777,
            "1720" : 41395,
            "1736" : 34469,
            "1752" : 26424,
            "1768" : 21675,
            "1784" : 17012,
            "1800" : 13322,
            "1816" : 11185,
            "1832" : 8920,
            "1848" : 7745,
            "1864" : 6858,
            "1880" : 5744,
            "1896" : 5790,
            "1912" : 6078,
            "1928" : 7574,
            "1944" : 9429,
            "1960" : 10788,
            "1976" : 12788,
            "1992" : 13287,
            "2008" : 13938,
            "2024" : 13801,
            "2040" : 13392,
            "2064" : 35059,
            "2096" : 106391,
            "2128" : 293087,
            "2160" : 586716,
            "2192" : 913846,
            "2224" : 1138359,
            "2256" : 1172291,
            "2288" : 979251,
            "2320" : 723656,
            "2352" : 519332,
            "2384" : 386308,
            "2416" : 301263,
            "2448" : 225744,
            "2480" : 164846,
            "2512" : 120331,
            "2544" : 91461,
            "2576" : 74478,
            "2608" : 61413,
            "2640" : 52762,
            "2672" : 47558,
            "2704" : 43708,
            "2736" : 41849,
            "2768" : 39691,
            "2800" : 37656,
            "2832" : 36046,
            "2864" : 33436,
            "2896" : 30674,
            "2928" : 27904,
            "2960" : 28327,
            "2992" : 34441,
            "3024" : 47011,
            "3056" : 64445,
            "3088" : 78852,
            "3120" : 85530,
            "3152" : 82700,
            "3184" : 72217,
            "3216" : 58277,
            "3248" : 44533,
            "3280" : 36170,
            "3312" : 29491,
            "3344" : 25558,
            "3376" : 23295,
            "3408" : 21430,
            "3440" : 20199,
            "3472" : 19754,
            "3504" : 19394,
            "3536" : 19493,
            "3568" : 19401,
            "3600" : 19402,
            "3632" : 19412,
            "3664" : 19684,
            "3696" : 19946,
            "3728" : 19838,
            "3760" : 19740,
            "3792" : 19723,
            "3824" : 19236,
            "3856" : 18761,
            "3888" : 18048,
            "3920" : 17452,
            "3952" : 16616,
            "3984" : 16043,
            "4016" : 15890,
            "4048" : 14966,
            "4080" : 14492,
            "4128" : 28056,
            "4192" : 26836,
            "4256" : 25237,
            "4320" : 24537,
            "4384" : 23094,
            "4448" : 22255,
            "4512" : 21708,
            "4576" : 20492,
            "4640" : 19573,
            "4704" : 18427,
            "4768" : 17359,
            "4832" : 16311,
            "4896" : 15200,
            "4960" : 14493,
            "5024" : 13846,
            "5088" : 12867,
            "5152" : 12573,
            "5216" : 12047,
            "5280" : 11992,
            "5344" : 11370,
            "5408" : 10760,
            "5472" : 10424,
            "5536" : 9997,
            "5600" : 9244,
            "5664" : 8888,
            "5728" : 8074,
            "5792" : 7502,
            "5856" : 7004,
            "5920" : 6471,
            "5984" : 5892,
            "6048" : 5369,
            "6112" : 4919,
            "6176" : 4528,
            "6240" : 3998,
            "6304" : 3579,
            "6368" : 3213,
            "6432" : 2807,
            "6496" : 2620,
            "6560" : 2347,
            "6624" : 2101,
            "6688" : 1854,
            "6752" : 1708,
            "6816" : 1684,
            "6880" : 1587,
            "6944" : 1473,
            "7008" : 1442,
            "7072" : 1298,
            "7136" : 1259,
            "7200" : 1239,
            "7264" : 1154,
            "7328" : 1068,
            "7392" : 1055,
            "7456" : 922,
            "7520" : 885,
            "7584" : 766,
            "7648" : 759,
            "7712" : 766,
            "7776" : 629,
            "7840" : 582,
            "7904" : 526,
            "7968" : 486,
            "8032" : 470,
            "8096" : 508,
            "8160" : 445,
            "8256" : 765,
            "8384" : 695,
            "8512" : 682,
            "8640" : 655,
            "8768" : 584,
            "8896" : 553,
            "9024" : 544,
            "9152" : 547,
            "9280" : 480,
            "9408" : 470,
            "9536" : 407,
            "9664" : 428,
            "9792" : 435,
            "9920" : 405,
            "10048" : 432,
            "10176" : 426,
            "10304" : 372,
            "10432" : 406,
            "10560" : 414,
            "10688" : 402,
            "10816" : 404,
            "10944" : 396,
            "11072" : 356,
            "11200" : 367,
            "11328" : 361,
            "11456" : 360,
            "11584" : 356,
            "11712" : 348,
            "11840" : 322,
            "11968" : 313,
            "12096" : 285,
            "12224" : 273,
            "12352" : 278,
            "12480" : 289,
            "12608" : 253,
            "12736" : 245,
            "12864" : 216,
            "12992" : 211,
            "13120" : 237,
            "13248" : 190,
            "13376" : 183,
            "13504" : 175,
            "13632" : 208,
            "13760" : 169,
            "13888" : 181,
            "14016" : 198,
            "14144" : 175,
            "14272" : 169,
            "14400" : 145,
            "14528" : 176,
            "14656" : 155,
            "14784" : 170,
            "14912" : 161,
            "15040" : 163,
            "15168" : 173,
            "15296" : 134,
            "15424" : 138,
            "15552" : 139,
            "15680" : 170,
            "15808" : 158,
            "15936" : 157,
            "16064" : 140,
            "16192" : 148,
            "16320" : 153,
            "16512" : 297,
            "16768" : 297,
            "17024" : 293,
            "17280" : 253,
            "17536" : 261,
            "17792" : 264,
            "18048" : 249,
            "18304" : 261,
            "18560" : 217,
            "18816" : 220,
            "19072" : 182,
            "19328" : 183,
            "19584" : 199,
            "19840" : 176,
            "20096" : 142,
            "20352" : 141,
            "20608" : 121,
            "20864" : 133,
            "21120" : 113,
            "21376" : 98,
            "21632" : 97,
            "21888" : 75,
            "22144" : 62,
            "22400" : 74,
            "22656" : 60,
            "22912" : 59,
            "23168" : 56,
            "23424" : 67,
            "23680" : 50,
            "23936" : 67,
            "24192" : 53,
            "24448" : 53,
            "24704" : 55,
            "24960" : 59,
            "25216" : 44,
            "25472" : 49,
            "25728" : 51,
            "25984" : 50,
            "26240" : 45,
            "26496" : 36,
            "26752" : 42,
            "27008" : 35,
            "27264" : 42,
            "27520" : 41,
            "27776" : 27,
            "28032" : 34,
            "28288" : 34,
            "28544" : 35,
            "28800" : 30,
            "29056" : 19,
            "29312" : 27,
            "29568" : 19,
            "29824" : 23,
            "30080" : 22,
            "30336" : 21,
            "30592" : 16,
            "30848" : 15,
            "31104" : 11,
            "31360" : 14,
            "31616" : 13,
            "31872" : 12,
            "32128" : 12,
            "32384" : 7,
            "32640" : 11,
            "33024" : 27,
            "33536" : 27,
            "34048" : 24,
            "34560" : 37,
            "35072" : 25,
            "35584" : 16,
            "36096" : 27,
            "36608" : 23,
            "37120" : 23,
            "37632" : 20,
            "38144" : 19,
            "38656" : 16,
            "39168" : 6,
            "39680" : 10,
            "40192" : 12,
            "40704" : 20,
            "41216" : 10,
            "41728" : 8,
            "42240" : 13,
            "42752" : 14,
            "43264" : 18,
            "43776" : 13,
            "44288" : 14,
            "44800" : 19,
            "45312" : 16,
            "45824" : 22,
            "46336" : 24,
            "46848" : 19,
            "47360" : 21,
            "47872" : 15,
            "48384" : 20,
            "48896" : 20,
            "49408" : 22,
            "49920" : 33,
            "50432" : 36,
            "50944" : 18,
            "51456" : 19,
            "51968" : 19,
            "52480" : 17,
            "52992" : 16,
            "53504" : 13,
            "54016" : 13,
            "54528" : 8,
            "55040" : 10,
            "55552" : 12,
            "56064" : 11,
            "56576" : 11,
            "57088" : 10,
            "57600" : 8,
            "58112" : 6,
            "58624" : 13,
            "59136" : 9,
            "59648" : 10,
            "60160" : 7,
            "60672" : 11,
            "61184" : 9,
            "61696" : 15,
            "62208" : 11,
            "62720" : 14,
            "63232" : 10,
            "63744" : 10,
            "64256" : 12,
            "64768" : 11,
            "65280" : 16,
            "66048" : 16,
            "67072" : 22,
            "68096" : 19,
            "69120" : 24,
            "70144" : 17,
            "71168" : 12,
            "72192" : 19,
            "73216" : 10,
            "74240" : 14,
            "75264" : 7,
            "76288" : 11,
            "77312" : 9,
            "78336" : 12,
            "79360" : 7,
            "80384" : 18,
            "81408" : 10,
            "82432" : 13,
            "83456" : 10,
            "84480" : 17,
            "85504" : 16,
            "86528" : 13,
            "87552" : 17,
            "88576" : 20,
            "89600" : 10,
            "90624" : 10,
            "91648" : 16,
            "92672" : 10,
            "93696" : 12,
            "94720" : 3,
            "95744" : 6,
            "96768" : 9,
            "97792" : 7,
            "98816" : 6,
            "99840" : 6,
            "100864" : 6,
            "101888" : 3,
            "102912" : 5,
            "103936" : 7,
            "104960" : 5,
            "105984" : 5,
            "107008" : 9,
            "108032" : 5,
            "109056" : 6,
            "110080" : 1,
            "111104" : 5,
            "112128" : 4,
            "113152" : 3,
            "114176" : 7,
            "115200" : 5,
            "116224" : 5,
            "117248" : 3,
            "118272" : 2,
            "119296" : 2,
            "120320" : 1,
            "121344" : 2,
            "122368" : 1,
            "124416" : 2,
            "128512" : 1,
            "156672" : 2,
            "160768" : 1,
            "168960" : 2,
            "193536" : 1,
            "201728" : 1,
            "216064" : 1,
            "218112" : 1,
            "234496" : 1,
            "236544" : 1,
            "238592" : 1,
            "246784" : 1,
            "248832" : 1,
            "257024" : 1,
            "259072" : 1,
            "261120" : 1,
            "292864" : 1,
            "329728" : 2,
            "337920" : 1,
            "358400" : 1,
            "362496" : 1,
            "366592" : 1,
            "378880" : 1,
            "382976" : 1,
            "391168" : 2,
            "407552" : 2,
            "436224" : 2,
            "440320" : 1,
            "448512" : 1,
            "452608" : 1,
            "460800" : 1,
            "505856" : 1,
            "552960" : 1,
            "593920" : 1,
            "610304" : 2,
            "634880" : 1,
            "741376" : 1,
            "962560" : 1,
            "995328" : 1,
            "1003520" : 1,
            "1028096" : 1,
            "1466368" : 1,
            "1826816" : 1,
            "4014080" : 1
          }
        },
        "lat_ns" : {
          "min" : 1123,
          "max" : 4010214,
          "mean" : 2202.310539,
          "stddev" : 1736.474664,
          "N" : 17442065,
          "percentile" : {
            "1.000000" : 1480,
            "5.000000" : 1496,
            "10.000000" : 1528,
            "20.000000" : 1560,
            "30.000000" : 1592,
            "40.000000" : 1704,
            "50.000000" : 2224,
            "60.000000" : 2288,
            "70.000000" : 2352,
            "80.000000" : 2416,
            "90.000000" : 2928,
            "95.000000" : 3632,
            "99.000000" : 5536,
            "99.500000" : 6240,
            "99.900000" : 11072,
            "99.950000" : 15552,
            "99.990000" : 31104
          },
          "bins" : {
            "1128" : 4,
            "1144" : 14,
            "1160" : 49,
            "1176" : 90,
            "1192" : 134,
            "1208" : 200,
            "1224" : 204,
            "1240" : 212,
            "1256" : 189,
            "1272" : 174,
            "1288" : 136,
            "1304" : 98,
            "1320" : 87,
            "1336" : 65,
            "1352" : 45,
            "1368" : 39,
            "1384" : 48,
            "1400" : 324,
            "1416" : 2719,
            "1432" : 6835,
            "1448" : 17175,
            "1464" : 116003,
            "1480" : 417184,
            "1496" : 539645,
            "1512" : 610189,
            "1528" : 838047,
            "1544" : 908481,
            "1560" : 806566,
            "1576" : 698367,
            "1592" : 561697,
            "1608" : 444195,
            "1624" : 316039,
            "1640" : 216986,
            "1656" : 162642,
            "1672" : 123073,
            "1688" : 103693,
            "1704" : 88935,
            "1720" : 74750,
            "1736" : 66100,
            "1752" : 53799,
            "1768" : 45476,
            "1784" : 37139,
            "1800" : 28936,
            "1816" : 23491,
            "1832" : 18289,
            "1848" : 14911,
            "1864" : 12036,
            "1880" : 9573,
            "1896" : 8249,
            "1912" : 7021,
            "1928" : 6174,
            "1944" : 5774,
            "1960" : 5878,
            "1976" : 6855,
            "1992" : 8272,
            "2008" : 10087,
            "2024" : 11868,
            "2040" : 12707,
            "2064" : 26999,
            "2096" : 27484,
            "2128" : 47399,
            "2160" : 146575,
            "2192" : 368222,
            "2224" : 679883,
            "2256" : 1000104,
            "2288" : 1158199,
            "2320" : 1108671,
            "2352" : 902700,
            "2384" : 654467,
            "2416" : 473164,
            "2448" : 351695,
            "2480" : 271527,
            "2512" : 206884,
            "2544" : 153481,
            "2576" : 116556,
            "2608" : 88940,
            "2640" : 72756,
            "2672" : 61410,
            "2704" : 52325,
            "2736" : 47404,
            "2768" : 43211,
            "2800" : 41203,
            "2832" : 40114,
            "2864" : 38955,
            "2896" : 37057,
            "2928" : 34082,
            "2960" : 31304,
            "2992" : 29355,
            "3024" : 30819,
            "3056" : 38406,
            "3088" : 52068,
            "3120" : 67490,
            "3152" : 81397,
            "3184" : 85134,
            "3216" : 80943,
            "3248" : 67773,
            "3280" : 53696,
            "3312" : 42162,
            "3344" : 33829,
            "3376" : 28253,
            "3408" : 23810,
            "3440" : 21506,
            "3472" : 19831,
            "3504" : 18849,
            "3536" : 18469,
            "3568" : 17965,
            "3600" : 17870,
            "3632" : 18212,
            "3664" : 18326,
            "3696" : 18579,
            "3728" : 18810,
            "3760" : 18440,
            "3792" : 18919,
            "3824" : 19063,
            "3856" : 19482,
            "3888" : 18993,
            "3920" : 19127,
            "3952" : 18492,
            "3984" : 18017,
            "4016" : 17931,
            "4048" : 16868,
            "4080" : 15999,
            "4128" : 30929,
            "4192" : 28999,
            "4256" : 26923,
            "4320" : 25457,
            "4384" : 24065,
            "4448" : 23140,
            "4512" : 22620,
            "4576" : 21522,
            "4640" : 21047,
            "4704" : 20145,
            "4768" : 19225,
            "4832" : 18502,
            "4896" : 17702,
            "4960" : 16645,
            "5024" : 15342,
            "5088" : 14565,
            "5152" : 13960,
            "5216" : 13408,
            "5280" : 12632,
            "5344" : 12065,
            "5408" : 11603,
            "5472" : 11285,
            "5536" : 10855,
            "5600" : 10450,
            "5664" : 10081,
            "5728" : 9515,
            "5792" : 9207,
            "5856" : 8621,
            "5920" : 8143,
            "5984" : 7473,
            "6048" : 6880,
            "6112" : 6628,
            "6176" : 5897,
            "6240" : 5473,
            "6304" : 5106,
            "6368" : 4529,
            "6432" : 4163,
            "6496" : 3782,
            "6560" : 3362,
            "6624" : 3027,
            "6688" : 2639,
            "6752" : 2476,
            "6816" : 2236,
            "6880" : 2016,
            "6944" : 1655,
            "7008" : 1737,
            "7072" : 1626,
            "7136" : 1511,
            "7200" : 1472,
            "7264" : 1331,
            "7328" : 1294,
            "7392" : 1241,
            "7456" : 1178,
            "7520" : 1081,
            "7584" : 1048,
            "7648" : 942,
            "7712" : 897,
            "7776" : 806,
            "7840" : 808,
            "7904" : 771,
            "7968" : 632,
            "8032" : 624,
            "8096" : 573,
            "8160" : 521,
            "8256" : 954,
            "8384" : 903,
            "8512" : 773,
            "8640" : 762,
            "8768" : 697,
            "8896" : 651,
            "9024" : 620,
            "9152" : 645,
            "9280" : 552,
            "9408" : 556,
            "9536" : 538,
            "9664" : 534,
            "9792" : 479,
            "9920" : 471,
            "10048" : 467,
            "10176" : 489,
            "10304" : 480,
            "10432" : 448,
            "10560" : 499,
            "10688" : 473,
            "10816" : 440,
            "10944" : 430,
            "11072" : 423,
            "11200" : 361,
            "11328" : 403,
            "11456" : 409,
            "11584" : 382,
            "11712" : 358,
            "11840" : 356,
            "11968" : 319,
            "12096" : 323,
            "12224" : 300,
            "12352" : 278,
            "12480" : 295,
            "12608" : 280,
            "12736" : 248,
            "12864" : 237,
            "12992" : 233,
            "13120" : 234,
            "13248" : 217,
            "13376" : 197,
            "13504" : 178,
            "13632" : 199,
            "13760" : 195,
            "13888" : 176,
            "14016" : 194,
            "14144" : 191,
            "14272" : 170,
            "14400" : 166,
            "14528" : 173,
            "14656" : 173,
            "14784" : 157,
            "14912" : 180,
            "15040" : 156,
            "15168" : 177,
            "15296" : 160,
            "15424" : 142,
            "15552" : 149,
            "15680" : 159,
            "15808" : 157,
            "15936" : 172,
            "16064" : 157,
            "16192" : 151,
            "16320" : 162,
            "16512" : 305,
            "16768" : 310,
            "17024" : 291,
            "17280" : 278,
            "17536" : 271,
            "17792" : 265,
            "18048" : 256,
            "18304" : 279,
            "18560" : 227,
            "18816" : 228,
            "19072" : 204,
            "19328" : 186,
            "19584" : 194,
            "19840" : 184,
            "20096" : 146,
            "20352" : 158,
            "20608" : 117,
            "20864" : 148,
            "21120" : 122,
            "21376" : 103,
            "21632" : 104,
            "21888" : 94,
            "22144" : 58,
            "22400" : 72,
            "22656" : 67,
            "22912" : 61,
            "23168" : 60,
            "23424" : 59,
            "23680" : 62,
            "23936" : 63,
            "24192" : 59,
            "24448" : 51,
            "24704" : 54,
            "24960" : 65,
            "25216" : 44,
            "25472" : 56,
            "25728" : 48,
            "25984" : 50,
            "26240" : 52,
            "26496" : 40,
            "26752" : 37,
            "27008" : 39,
            "27264" : 48,
            "27520" : 47,
            "27776" : 29,
            "28032" : 31,
            "28288" : 37,
            "28544" : 37,
            "28800" : 28,
            "29056" : 27,
            "29312" : 28,
            "29568" : 16,
            "29824" : 29,
            "30080" : 16,
            "30336" : 25,
            "30592" : 18,
            "30848" : 15,
            "31104" : 17,
            "31360" : 11,
            "31616" : 13,
            "31872" : 14,
            "32128" : 10,
            "32384" : 11,
            "32640" : 8,
            "33024" : 33,
            "33536" : 24,
            "34048" : 28,
            "34560" : 37,
            "35072" : 27,
            "35584" : 16,
            "36096" : 25,
            "36608" : 27,
            "37120" : 22,
            "37632" : 23,
            "38144" : 18,
            "38656" : 17,
            "39168" : 8,
            "39680" : 10,
            "40192" : 8,
            "40704" : 20,
            "41216" : 14,
            "41728" : 9,
            "42240" : 12,
            "42752" : 16,
            "43264" : 20,
            "43776" : 12,
            "44288" : 15,
            "44800" : 19,
            "45312" : 18,
            "45824" : 21,
            "46336" : 24,
            "46848" : 20,
            "47360" : 23,
            "47872" : 14,
            "48384" : 17,
            "48896" : 21,
            "49408" : 21,
            "49920" : 36,
            "50432" : 32,
            "50944" : 25,
            "51456" : 18,
            "51968" : 19,
            "52480" : 20,
            "52992" : 12,
            "53504" : 16,
            "54016" : 15,
            "54528" : 10,
            "55040" : 12,
            "55552" : 8,
            "56064" : 13,
            "56576" : 11,
            "57088" : 10,
            "57600" : 10,
            "58112" : 6,
            "58624" : 13,
            "59136" : 10,
            "59648" : 8,
            "60160" : 10,
            "60672" : 9,
            "61184" : 10,
            "61696" : 12,
            "62208" : 12,
            "62720" : 15,
            "63232" : 10,
            "63744" : 9,
            "64256" : 12,
            "64768" : 12,
            "65280" : 19,
            "66048" : 13,
            "67072" : 23,
            "68096" : 17,
            "69120" : 25,
            "70144" : 20,
            "71168" : 12,
            "72192" : 16,
            "73216" : 14,
            "74240" : 14,
            "75264" : 6,
            "76288" : 12,
            "77312" : 8,
            "78336" : 13,
            "79360" : 8,
            "80384" : 18,
            "81408" : 12,
            "82432" : 12,
            "83456" : 11,
            "84480" : 17,
            "85504" : 18,
            "86528" : 13,
            "87552" : 15,
            "88576" : 19,
            "89600" : 16,
            "90624" : 12,
            "91648" : 16,
            "92672" : 9,
            "93696" : 12,
            "94720" : 4,
            "95744" : 6,
            "96768" : 9,
            "97792" : 8,
            "98816" : 6,
            "99840" : 5,
            "100864" : 6,
            "101888" : 4,
            "102912" : 5,
            "103936" : 7,
            "104960" : 6,
            "105984" : 5,
            "107008" : 7,
            "108032" : 7,
            "109056" : 6,
            "110080" : 2,
            "111104" : 5,
            "112128" : 4,
            "113152" : 2,
            "114176" : 8,
            "115200" : 5,
            "116224" : 5,
            "117248" : 4,
            "118272" : 2,
            "119296" : 2,
            "120320" : 1,
            "121344" : 1,
            "122368" : 2,
            "124416" : 2,
            "128512" : 1,
            "140288" : 1,
            "152576" : 1,
            "156672" : 2,
            "160768" : 1,
            "168960" : 2,
            "193536" : 1,
            "201728" : 1,
            "216064" : 1,
            "218112" : 1,
            "234496" : 1,
            "236544" : 1,
            "238592" : 1,
            "246784" : 1,
            "248832" : 1,
            "257024" : 1,
            "259072" : 1,
            "261120" : 1,
            "292864" : 1,
            "329728" : 2,
            "337920" : 1,
            "358400" : 1,
            "362496" : 1,
            "366592" : 1,
            "378880" : 1,
            "382976" : 1,
            "391168" : 2,
            "407552" : 1,
            "411648" : 1,
            "419840" : 1,
            "432128" : 1,
            "436224" : 2,
            "440320" : 1,
            "448512" : 1,
            "452608" : 1,
            "460800" : 1,
            "505856" : 1,
            "552960" : 1,
            "593920" : 1,
            "610304" : 2,
            "634880" : 1,
            "741376" : 1,
            "962560" : 1,
            "995328" : 1,
            "1003520" : 1,
            "1028096" : 1,
            "1466368" : 1,
            "1826816" : 1,
            "4014080" : 1
          }
        },
        "bw_min" : 210272,
        "bw_max" : 335768,
        "bw_agg" : 100.000000,
        "bw_mean" : 232644.460768,
        "bw_dev" : 10126.485464,
        "bw_samples" : 599,
        "iops_min" : 52568,
        "iops_max" : 83942,
        "iops_mean" : 58161.115192,
        "iops_stddev" : 2531.591782,
        "iops_samples" : 599
      },
      "trim" : {
        "io_bytes" : 0,
        "io_kbytes" : 0,
        "bw_bytes" : 0,
        "bw" : 0,
        "iops" : 0.000000,
        "runtime" : 0,
        "total_ios" : 0,
        "short_ios" : 0,
        "drop_ios" : 0,
        "slat_ns" : {
          "min" : 0,
          "max" : 0,
          "mean" : 0.000000,
          "stddev" : 0.000000,
          "N" : 0
        },
        "clat_ns" : {
          "min" : 0,
          "max" : 0,
          "mean" : 0.000000,
          "stddev" : 0.000000,
          "N" : 0
        },
        "lat_ns" : {
          "min" : 0,
          "max" : 0,
          "mean" : 0.000000,
          "stddev" : 0.000000,
          "N" : 0
        },
        "bw_min" : 0,
        "bw_max" : 0,
        "bw_agg" : 0.000000,
        "bw_mean" : 0.000000,
        "bw_dev" : 0.000000,
        "bw_samples" : 0,
        "iops_min" : 0,
        "iops_max" : 0,
        "iops_mean" : 0.000000,
        "iops_stddev" : 0.000000,
        "iops_samples" : 0
      },
      "sync" : {
        "total_ios" : 0,
        "lat_ns" : {
          "min" : 0,
          "max" : 0,
          "mean" : 0.000000,
          "stddev" : 0.000000,
          "N" : 0
        }
      },
      "job_runtime" : 300000,
      "usr_cpu" : 12.323333,
      "sys_cpu" : 61.298333,
      "ctx" : 17480441,
      "majf" : 0,
      "minf" : 19,
      "iodepth_level" : {
        "1" : 100.000000,
        "2" : 0.000000,
        "4" : 0.000000,
        "8" : 0.000000,
        "16" : 0.000000,
        "32" : 0.000000,
        ">=64" : 0.000000
      },
      "iodepth_submit" : {
        "0" : 0.000000,
        "4" : 100.000000,
        "8" : 0.000000,
        "16" : 0.000000,
        "32" : 0.000000,
        "64" : 0.000000,
        ">=64" : 0.000000
      },
      "iodepth_complete" : {
        "0" : 0.000000,
        "4" : 100.000000,
        "8" : 0.000000,
        "16" : 0.000000,
        "32" : 0.000000,
        "64" : 0.000000,
        ">=64" : 0.000000
      },
      "latency_ns" : {
        "2" : 0.000000,
        "4" : 0.000000,
        "10" : 0.000000,
        "20" : 0.000000,
        "50" : 0.000000,
        "100" : 0.000000,
        "250" : 0.000000,
        "500" : 0.000000,
        "750" : 0.010000,
        "1000" : 0.010000
      },
      "latency_us" : {
        "2" : 21.371819,
        "4" : 26.944295,
        "10" : 17.208686,
        "20" : 33.370332,
        "50" : 1.058278,
        "100" : 0.027412,
        "250" : 0.010000,
        "500" : 0.010000,
        "750" : 0.010000,
        "1000" : 0.010000
      },
      "latency_ms" : {
        "2" : 0.010000,
        "4" : 0.010000,
        "10" : 0.010000,
        "20" : 0.000000,
        "50" : 0.000000,
        "100" : 0.000000,
        "250" : 0.000000,
        "500" : 0.000000,
        "750" : 0.000000,
        "1000" : 0.000000,
        "2000" : 0.000000,
        ">=2000" : 0.000000
      },
      "latency_depth" : 128,
      "latency_target" : 0,
      "latency_percentile" : 100.000000,
      "latency_window" : 0
    }
  ],
  "disk_util" : [
    {
      "name" : "loop26",
      "read_ios" : 17437305,
      "write_ios" : 17436258,
      "read_merges" : 0,
      "write_merges" : 0,
      "read_ticks" : 135109,
      "write_ticks" : 473245,
      "in_queue" : 0,
      "util" : 100.000000
    }
  ]
}
