{
  "fio version" : "fio-3.32-36-g5932",
  "timestamp" : 1663480008,
  "timestamp_ms" : 1663480008343,
  "time" : "Sun Sep 18 07:46:48 2022",
  "global options" : {
    "size" : "32K",
    "rw" : "randrw",
    "bs" : "4K",
    "numjobs" : "1",
    "iodepth" : "128",
    "runtime" : "300",
    "end_fsync" : "1",
    "lat_percentiles" : "1",
    "slat_percentiles" : "1",
    "clat_percentiles" : "1"
  },
  "jobs" : [
    {
      "jobname" : "random-rw",
      "groupid" : 0,
      "error" : 0,
      "eta" : 0,
      "elapsed" : 301,
      "job options" : {
        "name" : "random-rw"
      },
      "read" : {
        "io_bytes" : 80850092032,
        "io_kbytes" : 78955168,
        "bw_bytes" : 269499408,
        "bw" : 263183,
        "iops" : 65795.754014,
        "runtime" : 300001,
        "total_ios" : 19738792,
        "short_ios" : 0,
        "drop_ios" : 0,
        "slat_ns" : {
          "min" : 0,
          "max" : 0,
          "mean" : 0.000000,
          "stddev" : 0.000000,
          "N" : 0
        },
        "clat_ns" : {
          "min" : 613,
          "max" : 6808519,
          "mean" : 8058.788416,
          "stddev" : 8890.283832,
          "N" : 19738792,
          "percentile" : {
            "1.000000" : 732,
            "5.000000" : 772,
            "10.000000" : 828,
            "20.000000" : 932,
            "30.000000" : 6112,
            "40.000000" : 7584,
            "50.000000" : 9792,
            "60.000000" : 10304,
            "70.000000" : 10816,
            "80.000000" : 11328,
            "90.000000" : 12480,
            "95.000000" : 16064,
            "99.000000" : 21888,
            "99.500000" : 24704,
            "99.900000" : 42240,
            "99.950000" : 57088,
            "99.990000" : 127488
          },
          "bins" : {
            "612" : 1,
            "620" : 13,
            "628" : 33,
            "636" : 170,
            "644" : 553,
            "652" : 1043,
            "660" : 1509,
            "668" : 2055,
            "676" : 2728,
            "684" : 4002,
            "692" : 6249,
            "700" : 11517,
            "708" : 22271,
            "716" : 39205,
            "724" : 68118,
            "732" : 99694,
            "740" : 132388,
            "748" : 154336,
            "756" : 158916,
            "764" : 170495,
            "772" : 166642,
            "780" : 163801,
            "788" : 153562,
            "796" : 138859,
            "804" : 139373,
            "812" : 133952,
            "820" : 134768,
            "828" : 132763,
            "836" : 126758,
            "844" : 135440,
            "852" : 136885,
            "860" : 143540,
            "868" : 148920,
            "876" : 148338,
            "884" : 161564,
            "892" : 164072,
            "900" : 168331,
            "908" : 166387,
            "916" : 153670,
            "924" : 155290,
            "932" : 145550,
            "940" : 135096,
            "948" : 120745,
            "956" : 101298,
            "964" : 91753,
            "972" : 77152,
            "980" : 65281,
            "988" : 54657,
            "996" : 44950,
            "1004" : 41535,
            "1012" : 37278,
            "1020" : 35592,
            "1032" : 67956,
            "1048" : 72694,
            "1064" : 79814,
            "1080" : 82859,
            "1096" : 82448,
            "1112" : 71674,
            "1128" : 60234,
            "1144" : 45408,
            "1160" : 31430,
            "1176" : 22570,
            "1192" : 15702,
            "1208" : 12109,
            "1224" : 9780,
            "1240" : 8282,
            "1256" : 7618,
            "1272" : 6803,
            "1288" : 6826,
            "1304" : 6758,
            "1320" : 6344,
            "1336" : 6470,
            "1352" : 6194,
            "1368" : 6024,
            "1384" : 5833,
            "1400" : 5327,
            "1416" : 5225,
            "1432" : 5042,
            "1448" : 5340,
            "1464" : 5250,
            "1480" : 5152,
            "1496" : 5021,
            "1512" : 4770,
            "1528" : 4697,
            "1544" : 4383,
            "1560" : 3849,
            "1576" : 3699,
            "1592" : 3382,
            "1608" : 3192,
            "1624" : 2950,
            "1640" : 2699,
            "1656" : 2492,
            "1672" : 2351,
            "1688" : 2340,
            "1704" : 2129,
            "1720" : 2016,
            "1736" : 2080,
            "1752" : 1787,
            "1768" : 1715,
            "1784" : 1728,
            "1800" : 1614,
            "1816" : 1494,
            "1832" : 1489,
            "1848" : 1359,
            "1864" : 1357,
            "1880" : 1213,
            "1896" : 1167,
            "1912" : 1025,
            "1928" : 1054,
            "1944" : 885,
            "1960" : 841,
            "1976" : 825,
            "1992" : 733,
            "2008" : 689,
            "2024" : 663,
            "2040" : 623,
            "2064" : 1196,
            "2096" : 1055,
            "2128" : 964,
            "2160" : 898,
            "2192" : 878,
            "2224" : 784,
            "2256" : 776,
            "2288" : 693,
            "2320" : 633,
            "2352" : 658,
            "2384" : 586,
            "2416" : 562,
            "2448" : 538,
            "2480" : 498,
            "2512" : 495,
            "2544" : 464,
            "2576" : 399,
            "2608" : 418,
            "2640" : 393,
            "2672" : 339,
            "2704" : 353,
            "2736" : 356,
            "2768" : 302,
            "2800" : 305,
            "2832" : 309,
            "2864" : 259,
            "2896" : 271,
            "2928" : 260,
            "2960" : 186,
            "2992" : 206,
            "3024" : 178,
            "3056" : 185,
            "3088" : 143,
            "3120" : 139,
            "3152" : 115,
            "3184" : 114,
            "3216" : 112,
            "3248" : 79,
            "3280" : 84,
            "3312" : 73,
            "3344" : 69,
            "3376" : 73,
            "3408" : 59,
            "3440" : 39,
            "3472" : 30,
            "3504" : 50,
            "3536" : 39,
            "3568" : 41,
            "3600" : 41,
            "3632" : 42,
            "3664" : 44,
            "3696" : 44,
            "3728" : 37,
            "3760" : 47,
            "3792" : 38,
            "3824" : 36,
            "3856" : 28,
            "3888" : 35,
            "3920" : 40,
            "3952" : 28,
            "3984" : 40,
            "4016" : 29,
            "4048" : 38,
            "4080" : 36,
            "4128" : 137,
            "4192" : 173,
            "4256" : 246,
            "4320" : 329,
            "4384" : 415,
            "4448" : 334,
            "4512" : 417,
            "4576" : 867,
            "4640" : 1595,
            "4704" : 2122,
            "4768" : 1916,
            "4832" : 1260,
            "4896" : 1055,
            "4960" : 1594,
            "5024" : 2699,
            "5088" : 3492,
            "5152" : 3198,
            "5216" : 2036,
            "5280" : 1491,
            "5344" : 1613,
            "5408" : 1776,
            "5472" : 1421,
            "5536" : 1013,
            "5600" : 898,
            "5664" : 1421,
            "5728" : 2263,
            "5792" : 2711,
            "5856" : 2205,
            "5920" : 1718,
            "5984" : 12592,
            "6048" : 97550,
            "6112" : 239652,
            "6176" : 248401,
            "6240" : 204245,
            "6304" : 219894,
            "6368" : 205966,
            "6432" : 158257,
            "6496" : 115420,
            "6560" : 85544,
            "6624" : 67956,
            "6688" : 53417,
            "6752" : 34207,
            "6816" : 18454,
            "6880" : 11516,
            "6944" : 10316,
            "7008" : 14157,
            "7072" : 21372,
            "7136" : 29997,
            "7200" : 38646,
            "7264" : 44061,
            "7328" : 50906,
            "7392" : 62299,
            "7456" : 72412,
            "7520" : 72904,
            "7584" : 60128,
            "7648" : 42615,
            "7712" : 27859,
            "7776" : 17993,
            "7840" : 12344,
            "7904" : 8642,
            "7968" : 6407,
            "8032" : 5164,
            "8096" : 4132,
            "8160" : 3499,
            "8256" : 5841,
            "8384" : 4894,
            "8512" : 4590,
            "8640" : 4843,
            "8768" : 4913,
            "8896" : 5585,
            "9024" : 19612,
            "9152" : 96468,
            "9280" : 211218,
            "9408" : 308226,
            "9536" : 455611,
            "9664" : 534084,
            "9792" : 480309,
            "9920" : 458968,
            "10048" : 399749,
            "10176" : 383942,
            "10304" : 431118,
            "10432" : 455819,
            "10560" : 492625,
            "10688" : 530700,
            "10816" : 547182,
            "10944" : 562413,
            "11072" : 576043,
            "11200" : 546791,
            "11328" : 479113,
            "11456" : 400347,
            "11584" : 320834,
            "11712" : 256667,
            "11840" : 225372,
            "11968" : 186022,
            "12096" : 130574,
            "12224" : 90955,
            "12352" : 63132,
            "12480" : 48547,
            "12608" : 43319,
            "12736" : 40658,
            "12864" : 39390,
            "12992" : 38512,
            "13120" : 38261,
            "13248" : 38138,
            "13376" : 37438,
            "13504" : 37548,
            "13632" : 36603,
            "13760" : 35892,
            "13888" : 35237,
            "14016" : 33841,
            "14144" : 32756,
            "14272" : 32103,
            "14400" : 31568,
            "14528" : 31563,
            "14656" : 32296,
            "14784" : 33435,
            "14912" : 33554,
            "15040" : 34518,
            "15168" : 35467,
            "15296" : 34724,
            "15424" : 33227,
            "15552" : 33268,
            "15680" : 32548,
            "15808" : 31801,
            "15936" : 31205,
            "16064" : 31062,
            "16192" : 30753,
            "16320" : 30249,
            "16512" : 58675,
            "16768" : 53509,
            "17024" : 49384,
            "17280" : 45681,
            "17536" : 42744,
            "17792" : 40326,
            "18048" : 38886,
            "18304" : 37334,
            "18560" : 36968,
            "18816" : 36025,
            "19072" : 34237,
            "19328" : 32138,
            "19584" : 29839,
            "19840" : 27463,
            "20096" : 25397,
            "20352" : 23396,
            "20608" : 21433,
            "20864" : 19799,
            "21120" : 18752,
            "21376" : 17278,
            "21632" : 15808,
            "21888" : 14577,
            "22144" : 13184,
            "22400" : 11887,
            "22656" : 10636,
            "22912" : 9442,
            "23168" : 8692,
            "23424" : 7814,
            "23680" : 6896,
            "23936" : 6392,
            "24192" : 5774,
            "24448" : 5256,
            "24704" : 5017,
            "24960" : 4397,
            "25216" : 3991,
            "25472" : 3724,
            "25728" : 3443,
            "25984" : 3095,
            "26240" : 2854,
            "26496" : 2732,
            "26752" : 2472,
            "27008" : 2435,
            "27264" : 2207,
            "27520" : 2023,
            "27776" : 2029,
            "28032" : 1794,
            "28288" : 1784,
            "28544" : 1744,
            "28800" : 1623,
            "29056" : 1490,
            "29312" : 1416,
            "29568" : 1326,
            "29824" : 1233,
            "30080" : 1277,
            "30336" : 1120,
            "30592" : 1088,
            "30848" : 1063,
            "31104" : 1081,
            "31360" : 982,
            "31616" : 972,
            "31872" : 867,
            "32128" : 893,
            "32384" : 831,
            "32640" : 796,
            "33024" : 1536,
            "33536" : 1557,
            "34048" : 1387,
            "34560" : 1283,
            "35072" : 1296,
            "35584" : 1254,
            "36096" : 1136,
            "36608" : 1110,
            "37120" : 1053,
            "37632" : 1053,
            "38144" : 962,
            "38656" : 961,
            "39168" : 900,
            "39680" : 871,
            "40192" : 853,
            "40704" : 782,
            "41216" : 706,
            "41728" : 698,
            "42240" : 682,
            "42752" : 553,
            "43264" : 482,
            "43776" : 451,
            "44288" : 473,
            "44800" : 414,
            "45312" : 429,
            "45824" : 398,
            "46336" : 345,
            "46848" : 369,
            "47360" : 370,
            "47872" : 337,
            "48384" : 313,
            "48896" : 257,
            "49408" : 284,
            "49920" : 308,
            "50432" : 257,
            "50944" : 266,
            "51456" : 256,
            "51968" : 248,
            "52480" : 265,
            "52992" : 272,
            "53504" : 258,
            "54016" : 263,
            "54528" : 274,
            "55040" : 229,
            "55552" : 227,
            "56064" : 219,
            "56576" : 218,
            "57088" : 187,
            "57600" : 168,
            "58112" : 162,
            "58624" : 174,
            "59136" : 154,
            "59648" : 145,
            "60160" : 139,
            "60672" : 124,
            "61184" : 136,
            "61696" : 125,
            "62208" : 106,
            "62720" : 134,
            "63232" : 120,
            "63744" : 114,
            "64256" : 139,
            "64768" : 96,
            "65280" : 90,
            "66048" : 204,
            "67072" : 191,
            "68096" : 190,
            "69120" : 179,
            "70144" : 181,
            "71168" : 145,
            "72192" : 161,
            "73216" : 149,
            "74240" : 176,
            "75264" : 173,
            "76288" : 163,
            "77312" : 185,
            "78336" : 158,
            "79360" : 172,
            "80384" : 133,
            "81408" : 146,
            "82432" : 128,
            "83456" : 137,
            "84480" : 108,
            "85504" : 98,
            "86528" : 103,
            "87552" : 91,
            "88576" : 84,
            "89600" : 86,
            "90624" : 69,
            "91648" : 88,
            "92672" : 85,
            "93696" : 89,
            "94720" : 75,
            "95744" : 98,
            "96768" : 83,
            "97792" : 87,
            "98816" : 85,
            "99840" : 77,
            "100864" : 74,
            "101888" : 85,
            "102912" : 77,
            "103936" : 67,
            "104960" : 71,
            "105984" : 45,
            "107008" : 65,
            "108032" : 54,
            "109056" : 59,
            "110080" : 44,
            "111104" : 61,
            "112128" : 62,
            "113152" : 77,
            "114176" : 73,
            "115200" : 64,
            "116224" : 51,
            "117248" : 47,
            "118272" : 50,
            "119296" : 33,
            "120320" : 41,
            "121344" : 29,
            "122368" : 33,
            "123392" : 39,
            "124416" : 23,
            "125440" : 28,
            "126464" : 22,
            "127488" : 31,
            "128512" : 19,
            "129536" : 22,
            "130560" : 19,
            "132096" : 40,
            "134144" : 27,
            "136192" : 31,
            "138240" : 38,
            "140288" : 26,
            "142336" : 29,
            "144384" : 37,
            "146432" : 29,
            "148480" : 31,
            "150528" : 36,
            "152576" : 26,
            "154624" : 21,
            "156672" : 26,
            "158720" : 26,
            "160768" : 15,
            "162816" : 10,
            "164864" : 13,
            "166912" : 9,
            "168960" : 7,
            "171008" : 17,
            "173056" : 11,
            "175104" : 9,
            "177152" : 9,
            "179200" : 7,
            "181248" : 12,
            "183296" : 12,
            "185344" : 6,
            "187392" : 8,
            "189440" : 8,
            "191488" : 7,
            "193536" : 8,
            "195584" : 5,
            "197632" : 2,
            "199680" : 5,
            "201728" : 5,
            "203776" : 6,
            "205824" : 5,
            "207872" : 4,
            "209920" : 8,
            "211968" : 2,
            "214016" : 7,
            "216064" : 2,
            "218112" : 4,
            "220160" : 5,
            "222208" : 3,
            "224256" : 4,
            "226304" : 7,
            "228352" : 7,
            "230400" : 10,
            "232448" : 4,
            "234496" : 10,
            "236544" : 2,
            "238592" : 7,
            "240640" : 8,
            "242688" : 2,
            "244736" : 9,
            "246784" : 4,
            "248832" : 4,
            "250880" : 12,
            "252928" : 4,
            "254976" : 7,
            "257024" : 10,
            "259072" : 13,
            "261120" : 14,
            "264192" : 33,
            "268288" : 33,
            "272384" : 27,
            "276480" : 28,
            "280576" : 21,
            "284672" : 20,
            "288768" : 17,
            "292864" : 18,
            "296960" : 14,
            "301056" : 11,
            "305152" : 8,
            "309248" : 5,
            "313344" : 6,
            "317440" : 4,
            "321536" : 3,
            "325632" : 6,
            "329728" : 6,
            "333824" : 1,
            "337920" : 7,
            "342016" : 4,
            "346112" : 13,
            "350208" : 8,
            "354304" : 9,
            "358400" : 8,
            "362496" : 11,
            "366592" : 8,
            "370688" : 4,
            "374784" : 6,
            "378880" : 5,
            "382976" : 7,
            "387072" : 8,
            "391168" : 3,
            "395264" : 7,
            "399360" : 7,
            "403456" : 11,
            "407552" : 10,
            "411648" : 13,
            "415744" : 11,
            "419840" : 23,
            "423936" : 18,
            "428032" : 11,
            "432128" : 14,
            "436224" : 14,
            "440320" : 7,
            "444416" : 11,
            "448512" : 7,
            "452608" : 7,
            "456704" : 3,
            "460800" : 3,
            "464896" : 3,
            "468992" : 7,
            "473088" : 3,
            "477184" : 3,
            "481280" : 1,
            "485376" : 2,
            "489472" : 1,
            "493568" : 3,
            "497664" : 3,
            "501760" : 1,
            "505856" : 1,
            "514048" : 1,
            "522240" : 2,
            "536576" : 5,
            "544768" : 4,
            "552960" : 4,
            "561152" : 1,
            "569344" : 6,
            "577536" : 5,
            "585728" : 6,
            "593920" : 5,
            "602112" : 8,
            "610304" : 7,
            "618496" : 11,
            "626688" : 9,
            "634880" : 3,
            "643072" : 4,
            "651264" : 8,
            "659456" : 3,
            "667648" : 1,
            "675840" : 7,
            "684032" : 5,
            "692224" : 1,
            "700416" : 4,
            "708608" : 8,
            "716800" : 9,
            "724992" : 5,
            "733184" : 1,
            "741376" : 6,
            "749568" : 8,
            "757760" : 9,
            "765952" : 4,
            "774144" : 3,
            "782336" : 4,
            "790528" : 6,
            "798720" : 25,
            "806912" : 24,
            "815104" : 18,
            "823296" : 17,
            "831488" : 11,
            "839680" : 21,
            "847872" : 12,
            "856064" : 8,
            "864256" : 6,
            "872448" : 5,
            "880640" : 6,
            "888832" : 3,
            "897024" : 4,
            "905216" : 3,
            "913408" : 1,
            "921600" : 1,
            "929792" : 1,
            "937984" : 3,
            "946176" : 2,
            "954368" : 2,
            "970752" : 3,
            "978944" : 5,
            "987136" : 4,
            "995328" : 4,
            "1003520" : 10,
            "1011712" : 8,
            "1019904" : 6,
            "1028096" : 7,
            "1036288" : 6,
            "1044480" : 5,
            "1056768" : 7,
            "1073152" : 7,
            "1089536" : 8,
            "1105920" : 7,
            "1122304" : 6,
            "1138688" : 5,
            "1155072" : 3,
            "1171456" : 6,
            "1187840" : 3,
            "1204224" : 2,
            "1220608" : 2,
            "1236992" : 3,
            "1253376" : 1,
            "1269760" : 1,
            "1302528" : 3,
            "1335296" : 2,
            "1368064" : 2,
            "1400832" : 4,
            "1433600" : 2,
            "1449984" : 2,
            "1466368" : 2,
            "1482752" : 2,
            "1531904" : 1,
            "1548288" : 1,
            "1564672" : 3,
            "1581056" : 1,
            "1679360" : 1,
            "1728512" : 1,
            "1777664" : 1,
            "1794048" : 1,
            "1810432" : 1,
            "1826816" : 1,
            "1859584" : 1,
            "1875968" : 1,
            "1925120" : 2,
            "1957888" : 1,
            "2072576" : 1,
            "2244608" : 1,
            "2408448" : 1,
            "2441216" : 1,
            "2605056" : 1,
            "2637824" : 1,
            "2670592" : 1,
            "2768896" : 1,
            "2867200" : 1,
            "2932736" : 2,
            "3031040" : 1,
            "3293184" : 1,
            "3522560" : 1,
            "3850240" : 1,
            "3948544" : 1,
            "4292608" : 1,
            "4816896" : 5,
            "5013504" : 1,
            "5603328" : 1,
            "5668864" : 1,
            "5734400" : 1,
            "6782976" : 1
          }
        },
        "lat_ns" : {
          "min" : 645,
          "max" : 6808710,
          "mean" : 8126.593206,
          "stddev" : 8913.293135,
          "N" : 19738792,
          "percentile" : {
            "1.000000" : 764,
            "5.000000" : 812,
            "10.000000" : 868,
            "20.000000" : 980,
            "30.000000" : 6176,
            "40.000000" : 7648,
            "50.000000" : 9792,
            "60.000000" : 10432,
            "70.000000" : 10944,
            "80.000000" : 11328,
            "90.000000" : 12608,
            "95.000000" : 16192,
            "99.000000" : 22144,
            "99.500000" : 24960,
            "99.900000" : 42240,
            "99.950000" : 57600,
            "99.990000" : 127488
          },
          "bins" : {
            "644" : 2,
            "652" : 9,
            "660" : 32,
            "668" : 183,
            "676" : 500,
            "684" : 944,
            "692" : 1369,
            "700" : 1949,
            "708" : 2756,
            "716" : 3585,
            "724" : 5905,
            "732" : 10443,
            "740" : 20670,
            "748" : 37940,
            "756" : 59519,
            "764" : 92061,
            "772" : 120200,
            "780" : 143791,
            "788" : 154338,
            "796" : 150059,
            "804" : 156580,
            "812" : 151238,
            "820" : 146644,
            "828" : 139268,
            "836" : 127562,
            "844" : 130230,
            "852" : 125821,
            "860" : 126296,
            "868" : 125792,
            "876" : 120001,
            "884" : 128034,
            "892" : 127384,
            "900" : 132509,
            "908" : 134223,
            "916" : 133414,
            "924" : 145812,
            "932" : 149763,
            "940" : 157633,
            "948" : 159656,
            "956" : 151757,
            "964" : 156122,
            "972" : 148106,
            "980" : 138980,
            "988" : 125562,
            "996" : 107153,
            "1004" : 98060,
            "1012" : 82633,
            "1020" : 69712,
            "1032" : 101981,
            "1048" : 71173,
            "1064" : 54276,
            "1080" : 46607,
            "1096" : 48617,
            "1112" : 51988,
            "1128" : 59529,
            "1144" : 67882,
            "1160" : 72146,
            "1176" : 74941,
            "1192" : 68374,
            "1208" : 59899,
            "1224" : 47409,
            "1240" : 34508,
            "1256" : 25559,
            "1272" : 18092,
            "1288" : 13863,
            "1304" : 10588,
            "1320" : 8354,
            "1336" : 7434,
            "1352" : 6535,
            "1368" : 6409,
            "1384" : 6294,
            "1400" : 5857,
            "1416" : 6094,
            "1432" : 5809,
            "1448" : 5656,
            "1464" : 5557,
            "1480" : 5123,
            "1496" : 4929,
            "1512" : 4622,
            "1528" : 4593,
            "1544" : 4486,
            "1560" : 4331,
            "1576" : 4429,
            "1592" : 4271,
            "1608" : 4395,
            "1624" : 4456,
            "1640" : 4156,
            "1656" : 3967,
            "1672" : 3642,
            "1688" : 3579,
            "1704" : 3238,
            "1720" : 2967,
            "1736" : 2836,
            "1752" : 2563,
            "1768" : 2360,
            "1784" : 2356,
            "1800" : 2204,
            "1816" : 2156,
            "1832" : 2012,
            "1848" : 1844,
            "1864" : 1829,
            "1880" : 1755,
            "1896" : 1707,
            "1912" : 1547,
            "1928" : 1550,
            "1944" : 1504,
            "1960" : 1353,
            "1976" : 1400,
            "1992" : 1295,
            "2008" : 1230,
            "2024" : 1206,
            "2040" : 1142,
            "2064" : 2108,
            "2096" : 1938,
            "2128" : 1641,
            "2160" : 1409,
            "2192" : 1232,
            "2224" : 1107,
            "2256" : 990,
            "2288" : 892,
            "2320" : 889,
            "2352" : 792,
            "2384" : 723,
            "2416" : 743,
            "2448" : 685,
            "2480" : 710,
            "2512" : 626,
            "2544" : 607,
            "2576" : 604,
            "2608" : 594,
            "2640" : 567,
            "2672" : 523,
            "2704" : 536,
            "2736" : 521,
            "2768" : 484,
            "2800" : 438,
            "2832" : 455,
            "2864" : 406,
            "2896" : 423,
            "2928" : 386,
            "2960" : 385,
            "2992" : 366,
            "3024" : 280,
            "3056" : 284,
            "3088" : 271,
            "3120" : 229,
            "3152" : 223,
            "3184" : 211,
            "3216" : 173,
            "3248" : 169,
            "3280" : 137,
            "3312" : 136,
            "3344" : 114,
            "3376" : 109,
            "3408" : 102,
            "3440" : 97,
            "3472" : 73,
            "3504" : 74,
            "3536" : 65,
            "3568" : 61,
            "3600" : 62,
            "3632" : 56,
            "3664" : 49,
            "3696" : 46,
            "3728" : 52,
            "3760" : 68,
            "3792" : 30,
            "3824" : 56,
            "3856" : 56,
            "3888" : 45,
            "3920" : 38,
            "3952" : 45,
            "3984" : 34,
            "4016" : 41,
            "4048" : 43,
            "4080" : 35,
            "4128" : 88,
            "4192" : 127,
            "4256" : 162,
            "4320" : 255,
            "4384" : 377,
            "4448" : 523,
            "4512" : 482,
            "4576" : 451,
            "4640" : 810,
            "4704" : 1428,
            "4768" : 1996,
            "4832" : 2092,
            "4896" : 1414,
            "4960" : 1173,
            "5024" : 1487,
            "5088" : 2466,
            "5152" : 3449,
            "5216" : 3312,
            "5280" : 2528,
            "5344" : 1997,
            "5408" : 2309,
            "5472" : 2679,
            "5536" : 2112,
            "5600" : 1596,
            "5664" : 1520,
            "5728" : 2671,
            "5792" : 4302,
            "5856" : 4654,
            "5920" : 3538,
            "5984" : 3396,
            "6048" : 29138,
            "6112" : 147461,
            "6176" : 255859,
            "6240" : 227429,
            "6304" : 204513,
            "6368" : 223365,
            "6432" : 194313,
            "6496" : 144220,
            "6560" : 105376,
            "6624" : 78163,
            "6688" : 63822,
            "6752" : 47243,
            "6816" : 28086,
            "6880" : 14959,
            "6944" : 9438,
            "7008" : 8214,
            "7072" : 11278,
            "7136" : 17131,
            "7200" : 25751,
            "7264" : 35018,
            "7328" : 44572,
            "7392" : 56443,
            "7456" : 69481,
            "7520" : 78700,
            "7584" : 74080,
            "7648" : 58842,
            "7712" : 41090,
            "7776" : 26487,
            "7840" : 17384,
            "7904" : 12314,
            "7968" : 8981,
            "8032" : 6902,
            "8096" : 5752,
            "8160" : 4942,
            "8256" : 7763,
            "8384" : 5952,
            "8512" : 4895,
            "8640" : 4808,
            "8768" : 5123,
            "8896" : 5285,
            "9024" : 11463,
            "9152" : 64085,
            "9280" : 173424,
            "9408" : 269052,
            "9536" : 399081,
            "9664" : 526716,
            "9792" : 494993,
            "9920" : 459620,
            "10048" : 419972,
            "10176" : 377789,
            "10304" : 417498,
            "10432" : 446273,
            "10560" : 471620,
            "10688" : 507589,
            "10816" : 541083,
            "10944" : 549608,
            "11072" : 562109,
            "11200" : 571775,
            "11328" : 519046,
            "11456" : 435359,
            "11584" : 352596,
            "11712" : 277169,
            "11840" : 229381,
            "11968" : 201129,
            "12096" : 149780,
            "12224" : 104119,
            "12352" : 71283,
            "12480" : 52524,
            "12608" : 44344,
            "12736" : 41192,
            "12864" : 39832,
            "12992" : 38917,
            "13120" : 38054,
            "13248" : 37524,
            "13376" : 37519,
            "13504" : 37170,
            "13632" : 36732,
            "13760" : 36103,
            "13888" : 35460,
            "14016" : 34549,
            "14144" : 33290,
            "14272" : 32393,
            "14400" : 31869,
            "14528" : 31276,
            "14656" : 31452,
            "14784" : 32289,
            "14912" : 33558,
            "15040" : 33784,
            "15168" : 34640,
            "15296" : 35178,
            "15424" : 34177,
            "15552" : 32825,
            "15680" : 33300,
            "15808" : 32581,
            "15936" : 32023,
            "16064" : 32605,
            "16192" : 32868,
            "16320" : 32342,
            "16512" : 63472,
            "16768" : 56017,
            "17024" : 50798,
            "17280" : 47100,
            "17536" : 43726,
            "17792" : 41573,
            "18048" : 39745,
            "18304" : 38072,
            "18560" : 37775,
            "18816" : 37394,
            "19072" : 35185,
            "19328" : 33132,
            "19584" : 30788,
            "19840" : 28410,
            "20096" : 26228,
            "20352" : 24292,
            "20608" : 22421,
            "20864" : 20290,
            "21120" : 19148,
            "21376" : 17980,
            "21632" : 16486,
            "21888" : 15303,
            "22144" : 13978,
            "22400" : 12447,
            "22656" : 11289,
            "22912" : 10038,
            "23168" : 8993,
            "23424" : 8329,
            "23680" : 7351,
            "23936" : 6663,
            "24192" : 6089,
            "24448" : 5486,
            "24704" : 5217,
            "24960" : 4692,
            "25216" : 4216,
            "25472" : 3833,
            "25728" : 3659,
            "25984" : 3291,
            "26240" : 3013,
            "26496" : 2820,
            "26752" : 2645,
            "27008" : 2492,
            "27264" : 2393,
            "27520" : 2086,
            "27776" : 2075,
            "28032" : 1920,
            "28288" : 1878,
            "28544" : 1797,
            "28800" : 1704,
            "29056" : 1582,
            "29312" : 1505,
            "29568" : 1385,
            "29824" : 1295,
            "30080" : 1302,
            "30336" : 1200,
            "30592" : 1168,
            "30848" : 1109,
            "31104" : 1099,
            "31360" : 1042,
            "31616" : 1023,
            "31872" : 912,
            "32128" : 912,
            "32384" : 880,
            "32640" : 800,
            "33024" : 1635,
            "33536" : 1579,
            "34048" : 1445,
            "34560" : 1334,
            "35072" : 1298,
            "35584" : 1305,
            "36096" : 1148,
            "36608" : 1168,
            "37120" : 1067,
            "37632" : 1047,
            "38144" : 985,
            "38656" : 985,
            "39168" : 922,
            "39680" : 874,
            "40192" : 876,
            "40704" : 770,
            "41216" : 749,
            "41728" : 693,
            "42240" : 678,
            "42752" : 576,
            "43264" : 499,
            "43776" : 463,
            "44288" : 475,
            "44800" : 423,
            "45312" : 424,
            "45824" : 414,
            "46336" : 351,
            "46848" : 369,
            "47360" : 378,
            "47872" : 352,
            "48384" : 320,
            "48896" : 253,
            "49408" : 300,
            "49920" : 296,
            "50432" : 279,
            "50944" : 270,
            "51456" : 247,
            "51968" : 263,
            "52480" : 251,
            "52992" : 276,
            "53504" : 265,
            "54016" : 266,
            "54528" : 275,
            "55040" : 241,
            "55552" : 232,
            "56064" : 213,
            "56576" : 225,
            "57088" : 187,
            "57600" : 176,
            "58112" : 166,
            "58624" : 164,
            "59136" : 160,
            "59648" : 149,
            "60160" : 149,
            "60672" : 127,
            "61184" : 124,
            "61696" : 133,
            "62208" : 111,
            "62720" : 123,
            "63232" : 130,
            "63744" : 114,
            "64256" : 132,
            "64768" : 111,
            "65280" : 86,
            "66048" : 211,
            "67072" : 200,
            "68096" : 184,
            "69120" : 184,
            "70144" : 180,
            "71168" : 151,
            "72192" : 158,
            "73216" : 155,
            "74240" : 171,
            "75264" : 177,
            "76288" : 161,
            "77312" : 182,
            "78336" : 162,
            "79360" : 177,
            "80384" : 134,
            "81408" : 140,
            "82432" : 139,
            "83456" : 136,
            "84480" : 114,
            "85504" : 94,
            "86528" : 111,
            "87552" : 88,
            "88576" : 83,
            "89600" : 82,
            "90624" : 73,
            "91648" : 95,
            "92672" : 81,
            "93696" : 91,
            "94720" : 72,
            "95744" : 99,
            "96768" : 89,
            "97792" : 84,
            "98816" : 90,
            "99840" : 75,
            "100864" : 74,
            "101888" : 88,
            "102912" : 76,
            "103936" : 69,
            "104960" : 70,
            "105984" : 45,
            "107008" : 66,
            "108032" : 53,
            "109056" : 61,
            "110080" : 46,
            "111104" : 60,
            "112128" : 59,
            "113152" : 80,
            "114176" : 72,
            "115200" : 67,
            "116224" : 51,
            "117248" : 50,
            "118272" : 49,
            "119296" : 32,
            "120320" : 42,
            "121344" : 29,
            "122368" : 35,
            "123392" : 35,
            "124416" : 26,
            "125440" : 26,
            "126464" : 23,
            "127488" : 32,
            "128512" : 19,
            "129536" : 22,
            "130560" : 19,
            "132096" : 40,
            "134144" : 27,
            "136192" : 34,
            "138240" : 37,
            "140288" : 28,
            "142336" : 26,
            "144384" : 39,
            "146432" : 28,
            "148480" : 32,
            "150528" : 33,
            "152576" : 29,
            "154624" : 21,
            "156672" : 26,
            "158720" : 26,
            "160768" : 16,
            "162816" : 9,
            "164864" : 14,
            "166912" : 10,
            "168960" : 7,
            "171008" : 15,
            "173056" : 13,
            "175104" : 7,
            "177152" : 10,
            "179200" : 8,
            "181248" : 12,
            "183296" : 11,
            "185344" : 7,
            "187392" : 8,
            "189440" : 8,
            "191488" : 7,
            "193536" : 8,
            "195584" : 5,
            "197632" : 2,
            "199680" : 4,
            "201728" : 6,
            "203776" : 6,
            "205824" : 5,
            "207872" : 4,
            "209920" : 8,
            "211968" : 2,
            "214016" : 7,
            "216064" : 2,
            "218112" : 4,
            "220160" : 4,
            "222208" : 4,
            "224256" : 4,
            "226304" : 6,
            "228352" : 8,
            "230400" : 10,
            "232448" : 4,
            "234496" : 10,
            "236544" : 2,
            "238592" : 7,
            "240640" : 8,
            "242688" : 2,
            "244736" : 9,
            "246784" : 4,
            "248832" : 4,
            "250880" : 12,
            "252928" : 4,
            "254976" : 7,
            "257024" : 10,
            "259072" : 13,
            "261120" : 14,
            "264192" : 32,
            "268288" : 34,
            "272384" : 27,
            "276480" : 28,
            "280576" : 21,
            "284672" : 20,
            "288768" : 17,
            "292864" : 17,
            "296960" : 14,
            "301056" : 12,
            "305152" : 8,
            "309248" : 5,
            "313344" : 6,
            "317440" : 4,
            "321536" : 3,
            "325632" : 7,
            "329728" : 6,
            "333824" : 1,
            "337920" : 7,
            "342016" : 4,
            "346112" : 13,
            "350208" : 8,
            "354304" : 8,
            "358400" : 9,
            "362496" : 11,
            "366592" : 8,
            "370688" : 4,
            "374784" : 6,
            "378880" : 5,
            "382976" : 7,
            "387072" : 8,
            "391168" : 3,
            "395264" : 7,
            "399360" : 7,
            "403456" : 11,
            "407552" : 10,
            "411648" : 13,
            "415744" : 11,
            "419840" : 23,
            "423936" : 18,
            "428032" : 11,
            "432128" : 14,
            "436224" : 14,
            "440320" : 7,
            "444416" : 11,
            "448512" : 7,
            "452608" : 7,
            "456704" : 3,
            "460800" : 3,
            "464896" : 3,
            "468992" : 7,
            "473088" : 3,
            "477184" : 3,
            "481280" : 1,
            "485376" : 2,
            "489472" : 1,
            "493568" : 3,
            "497664" : 3,
            "501760" : 1,
            "505856" : 1,
            "514048" : 1,
            "522240" : 2,
            "536576" : 5,
            "544768" : 4,
            "552960" : 4,
            "561152" : 1,
            "569344" : 6,
            "577536" : 5,
            "585728" : 5,
            "593920" : 6,
            "602112" : 8,
            "610304" : 6,
            "618496" : 11,
            "626688" : 9,
            "634880" : 3,
            "643072" : 4,
            "651264" : 7,
            "659456" : 3,
            "667648" : 1,
            "675840" : 7,
            "684032" : 5,
            "692224" : 1,
            "700416" : 4,
            "708608" : 7,
            "716800" : 10,
            "724992" : 5,
            "733184" : 1,
            "741376" : 6,
            "749568" : 8,
            "757760" : 8,
            "765952" : 5,
            "774144" : 3,
            "782336" : 4,
            "790528" : 6,
            "798720" : 26,
            "806912" : 23,
            "815104" : 19,
            "823296" : 18,
            "831488" : 11,
            "839680" : 21,
            "847872" : 12,
            "856064" : 8,
            "864256" : 6,
            "872448" : 5,
            "880640" : 6,
            "888832" : 3,
            "897024" : 4,
            "905216" : 3,
            "913408" : 1,
            "921600" : 1,
            "929792" : 1,
            "937984" : 3,
            "946176" : 2,
            "954368" : 3,
            "970752" : 3,
            "978944" : 5,
            "987136" : 4,
            "995328" : 5,
            "1003520" : 10,
            "1011712" : 9,
            "1019904" : 6,
            "1028096" : 7,
            "1036288" : 6,
            "1044480" : 5,
            "1056768" : 7,
            "1073152" : 8,
            "1089536" : 8,
            "1105920" : 7,
            "1122304" : 6,
            "1138688" : 5,
            "1155072" : 3,
            "1171456" : 6,
            "1187840" : 2,
            "1204224" : 3,
            "1220608" : 2,
            "1236992" : 3,
            "1253376" : 1,
            "1269760" : 1,
            "1302528" : 3,
            "1335296" : 2,
            "1368064" : 2,
            "1400832" : 4,
            "1433600" : 2,
            "1449984" : 2,
            "1466368" : 2,
            "1482752" : 2,
            "1531904" : 1,
            "1548288" : 1,
            "1564672" : 3,
            "1581056" : 1,
            "1679360" : 1,
            "1728512" : 1,
            "1777664" : 1,
            "1794048" : 1,
            "1810432" : 1,
            "1826816" : 1,
            "1859584" : 1,
            "1875968" : 1,
            "1925120" : 2,
            "1957888" : 1,
            "2072576" : 1,
            "2244608" : 1,
            "2408448" : 1,
            "2441216" : 1,
            "2605056" : 1,
            "2637824" : 1,
            "2670592" : 1,
            "2768896" : 1,
            "2867200" : 1,
            "2932736" : 2,
            "3031040" : 1,
            "3293184" : 1,
            "3522560" : 1,
            "3850240" : 1,
            "3948544" : 1,
            "4292608" : 1,
            "4816896" : 5,
            "5013504" : 1,
            "5603328" : 1,
            "5668864" : 1,
            "5734400" : 1,
            "6782976" : 1
          }
        },
        "bw_min" : 235456,
        "bw_max" : 295312,
        "bw_agg" : 100.000000,
        "bw_mean" : 263302.746244,
        "bw_dev" : 11034.898805,
        "bw_samples" : 599,
        "iops_min" : 58864,
        "iops_max" : 73828,
        "iops_mean" : 65825.689482,
        "iops_stddev" : 2758.726608,
        "iops_samples" : 599
      },
      "write" : {
        "io_bytes" : 80834658304,
        "io_kbytes" : 78940096,
        "bw_bytes" : 269447962,
        "bw" : 263132,
        "iops" : 65783.194056,
        "runtime" : 300001,
        "total_ios" : 19735024,
        "short_ios" : 0,
        "drop_ios" : 0,
        "slat_ns" : {
          "min" : 0,
          "max" : 0,
          "mean" : 0.000000,
          "stddev" : 0.000000,
          "N" : 0
        },
        "clat_ns" : {
          "min" : 847,
          "max" : 4832620,
          "mean" : 2049.214243,
          "stddev" : 2597.761015,
          "N" : 19735024,
          "percentile" : {
            "1.000000" : 1080,
            "5.000000" : 1112,
            "10.000000" : 1144,
            "20.000000" : 1432,
            "30.000000" : 1480,
            "40.000000" : 1544,
            "50.000000" : 1720,
            "60.000000" : 1992,
            "70.000000" : 2224,
            "80.000000" : 2416,
            "90.000000" : 2768,
            "95.000000" : 3632,
            "99.000000" : 7008,
            "99.500000" : 9536,
            "99.900000" : 14528,
            "99.950000" : 17792,
            "99.990000" : 42240
          },
          "bins" : {
            "844" : 1,
            "852" : 7,
            "860" : 73,
            "868" : 712,
            "876" : 2761,
            "884" : 6044,
            "892" : 7760,
            "900" : 7629,
            "908" : 5277,
            "916" : 2688,
            "924" : 1531,
            "932" : 661,
            "940" : 310,
            "948" : 117,
            "956" : 84,
            "964" : 52,
            "972" : 76,
            "980" : 95,
            "988" : 134,
            "996" : 173,
            "1004" : 336,
            "1012" : 571,
            "1020" : 978,
            "1032" : 2495,
            "1048" : 4383,
            "1064" : 42583,
            "1080" : 234802,
            "1096" : 467784,
            "1112" : 515782,
            "1128" : 463674,
            "1144" : 349015,
            "1160" : 216518,
            "1176" : 145847,
            "1192" : 105599,
            "1208" : 98360,
            "1224" : 87257,
            "1240" : 63437,
            "1256" : 45459,
            "1272" : 32676,
            "1288" : 25208,
            "1304" : 19183,
            "1320" : 14432,
            "1336" : 14971,
            "1352" : 31809,
            "1368" : 89826,
            "1384" : 166436,
            "1400" : 197686,
            "1416" : 307649,
            "1432" : 451237,
            "1448" : 548280,
            "1464" : 613861,
            "1480" : 602579,
            "1496" : 596295,
            "1512" : 532336,
            "1528" : 468421,
            "1544" : 401163,
            "1560" : 336823,
            "1576" : 306749,
            "1592" : 266791,
            "1608" : 231454,
            "1624" : 189127,
            "1640" : 147242,
            "1656" : 120396,
            "1672" : 96934,
            "1688" : 86717,
            "1704" : 82264,
            "1720" : 82220,
            "1736" : 91587,
            "1752" : 98021,
            "1768" : 111971,
            "1784" : 122523,
            "1800" : 127238,
            "1816" : 134053,
            "1832" : 131231,
            "1848" : 131917,
            "1864" : 130499,
            "1880" : 126431,
            "1896" : 125688,
            "1912" : 116577,
            "1928" : 111996,
            "1944" : 105478,
            "1960" : 97705,
            "1976" : 95058,
            "1992" : 87922,
            "2008" : 85554,
            "2024" : 79473,
            "2040" : 73186,
            "2064" : 143799,
            "2096" : 171890,
            "2128" : 239197,
            "2160" : 339294,
            "2192" : 425005,
            "2224" : 459445,
            "2256" : 446750,
            "2288" : 391819,
            "2320" : 346247,
            "2352" : 316220,
            "2384" : 294326,
            "2416" : 270088,
            "2448" : 232044,
            "2480" : 197451,
            "2512" : 169680,
            "2544" : 155078,
            "2576" : 158706,
            "2608" : 167620,
            "2640" : 174982,
            "2672" : 172704,
            "2704" : 158727,
            "2736" : 138670,
            "2768" : 113872,
            "2800" : 94565,
            "2832" : 84092,
            "2864" : 76938,
            "2896" : 71171,
            "2928" : 63610,
            "2960" : 54246,
            "2992" : 46778,
            "3024" : 40422,
            "3056" : 36403,
            "3088" : 32532,
            "3120" : 30163,
            "3152" : 28682,
            "3184" : 26982,
            "3216" : 25614,
            "3248" : 23101,
            "3280" : 21428,
            "3312" : 20096,
            "3344" : 19068,
            "3376" : 18336,
            "3408" : 17622,
            "3440" : 16969,
            "3472" : 16935,
            "3504" : 16766,
            "3536" : 16768,
            "3568" : 16449,
            "3600" : 16190,
            "3632" : 16024,
            "3664" : 15625,
            "3696" : 15412,
            "3728" : 14960,
            "3760" : 14797,
            "3792" : 14670,
            "3824" : 14164,
            "3856" : 14046,
            "3888" : 13668,
            "3920" : 13395,
            "3952" : 13190,
            "3984" : 12860,
            "4016" : 12786,
            "4048" : 12419,
            "4080" : 12206,
            "4128" : 23554,
            "4192" : 23122,
            "4256" : 21959,
            "4320" : 21056,
            "4384" : 19949,
            "4448" : 19268,
            "4512" : 18756,
            "4576" : 18058,
            "4640" : 17403,
            "4704" : 16469,
            "4768" : 15881,
            "4832" : 15159,
            "4896" : 14616,
            "4960" : 14170,
            "5024" : 13667,
            "5088" : 13566,
            "5152" : 13111,
            "5216" : 12785,
            "5280" : 12805,
            "5344" : 12461,
            "5408" : 12514,
            "5472" : 12388,
            "5536" : 12474,
            "5600" : 12140,
            "5664" : 11917,
            "5728" : 12214,
            "5792" : 12464,
            "5856" : 12027,
            "5920" : 11136,
            "5984" : 10655,
            "6048" : 10515,
            "6112" : 11157,
            "6176" : 11264,
            "6240" : 11177,
            "6304" : 10374,
            "6368" : 9772,
            "6432" : 9678,
            "6496" : 9012,
            "6560" : 8102,
            "6624" : 6816,
            "6688" : 6086,
            "6752" : 5546,
            "6816" : 5311,
            "6880" : 5197,
            "6944" : 4641,
            "7008" : 4260,
            "7072" : 4065,
            "7136" : 3963,
            "7200" : 4062,
            "7264" : 3810,
            "7328" : 3499,
            "7392" : 2921,
            "7456" : 2568,
            "7520" : 2322,
            "7584" : 2346,
            "7648" : 2260,
            "7712" : 2189,
            "7776" : 1999,
            "7840" : 2009,
            "7904" : 1939,
            "7968" : 1992,
            "8032" : 2096,
            "8096" : 2161,
            "8160" : 2015,
            "8256" : 4321,
            "8384" : 4465,
            "8512" : 4561,
            "8640" : 5222,
            "8768" : 5661,
            "8896" : 5625,
            "9024" : 5241,
            "9152" : 5164,
            "9280" : 4775,
            "9408" : 4229,
            "9536" : 4094,
            "9664" : 3655,
            "9792" : 3302,
            "9920" : 3311,
            "10048" : 2972,
            "10176" : 2801,
            "10304" : 2911,
            "10432" : 2963,
            "10560" : 3047,
            "10688" : 2917,
            "10816" : 2797,
            "10944" : 2592,
            "11072" : 2643,
            "11200" : 2646,
            "11328" : 2656,
            "11456" : 2556,
            "11584" : 2599,
            "11712" : 2477,
            "11840" : 2189,
            "11968" : 2056,
            "12096" : 1831,
            "12224" : 1782,
            "12352" : 1534,
            "12480" : 1496,
            "12608" : 1347,
            "12736" : 1310,
            "12864" : 1271,
            "12992" : 1203,
            "13120" : 1155,
            "13248" : 1064,
            "13376" : 963,
            "13504" : 914,
            "13632" : 925,
            "13760" : 923,
            "13888" : 877,
            "14016" : 844,
            "14144" : 807,
            "14272" : 748,
            "14400" : 716,
            "14528" : 641,
            "14656" : 656,
            "14784" : 629,
            "14912" : 540,
            "15040" : 529,
            "15168" : 511,
            "15296" : 494,
            "15424" : 467,
            "15552" : 454,
            "15680" : 447,
            "15808" : 396,
            "15936" : 418,
            "16064" : 405,
            "16192" : 357,
            "16320" : 386,
            "16512" : 637,
            "16768" : 557,
            "17024" : 561,
            "17280" : 534,
            "17536" : 435,
            "17792" : 416,
            "18048" : 357,
            "18304" : 322,
            "18560" : 286,
            "18816" : 276,
            "19072" : 284,
            "19328" : 211,
            "19584" : 205,
            "19840" : 204,
            "20096" : 207,
            "20352" : 174,
            "20608" : 132,
            "20864" : 127,
            "21120" : 119,
            "21376" : 113,
            "21632" : 119,
            "21888" : 99,
            "22144" : 108,
            "22400" : 80,
            "22656" : 88,
            "22912" : 108,
            "23168" : 117,
            "23424" : 84,
            "23680" : 91,
            "23936" : 90,
            "24192" : 81,
            "24448" : 73,
            "24704" : 93,
            "24960" : 87,
            "25216" : 71,
            "25472" : 79,
            "25728" : 82,
            "25984" : 78,
            "26240" : 80,
            "26496" : 68,
            "26752" : 89,
            "27008" : 90,
            "27264" : 76,
            "27520" : 78,
            "27776" : 79,
            "28032" : 74,
            "28288" : 76,
            "28544" : 70,
            "28800" : 54,
            "29056" : 68,
            "29312" : 75,
            "29568" : 38,
            "29824" : 52,
            "30080" : 65,
            "30336" : 60,
            "30592" : 60,
            "30848" : 67,
            "31104" : 70,
            "31360" : 52,
            "31616" : 69,
            "31872" : 67,
            "32128" : 68,
            "32384" : 78,
            "32640" : 61,
            "33024" : 121,
            "33536" : 104,
            "34048" : 94,
            "34560" : 114,
            "35072" : 111,
            "35584" : 87,
            "36096" : 82,
            "36608" : 87,
            "37120" : 89,
            "37632" : 75,
            "38144" : 65,
            "38656" : 53,
            "39168" : 63,
            "39680" : 57,
            "40192" : 50,
            "40704" : 40,
            "41216" : 53,
            "41728" : 49,
            "42240" : 47,
            "42752" : 41,
            "43264" : 35,
            "43776" : 39,
            "44288" : 43,
            "44800" : 29,
            "45312" : 51,
            "45824" : 34,
            "46336" : 38,
            "46848" : 38,
            "47360" : 47,
            "47872" : 44,
            "48384" : 39,
            "48896" : 37,
            "49408" : 46,
            "49920" : 22,
            "50432" : 28,
            "50944" : 31,
            "51456" : 25,
            "51968" : 27,
            "52480" : 24,
            "52992" : 22,
            "53504" : 26,
            "54016" : 20,
            "54528" : 24,
            "55040" : 16,
            "55552" : 17,
            "56064" : 14,
            "56576" : 17,
            "57088" : 23,
            "57600" : 13,
            "58112" : 27,
            "58624" : 19,
            "59136" : 17,
            "59648" : 15,
            "60160" : 14,
            "60672" : 16,
            "61184" : 7,
            "61696" : 14,
            "62208" : 14,
            "62720" : 6,
            "63232" : 10,
            "63744" : 7,
            "64256" : 7,
            "64768" : 15,
            "65280" : 11,
            "66048" : 21,
            "67072" : 22,
            "68096" : 38,
            "69120" : 30,
            "70144" : 31,
            "71168" : 32,
            "72192" : 18,
            "73216" : 21,
            "74240" : 25,
            "75264" : 16,
            "76288" : 12,
            "77312" : 15,
            "78336" : 8,
            "79360" : 11,
            "80384" : 12,
            "81408" : 18,
            "82432" : 13,
            "83456" : 14,
            "84480" : 15,
            "85504" : 9,
            "86528" : 13,
            "87552" : 19,
            "88576" : 12,
            "89600" : 21,
            "90624" : 11,
            "91648" : 11,
            "92672" : 10,
            "93696" : 19,
            "94720" : 14,
            "95744" : 7,
            "96768" : 10,
            "97792" : 8,
            "98816" : 5,
            "99840" : 14,
            "100864" : 5,
            "101888" : 9,
            "102912" : 9,
            "103936" : 7,
            "104960" : 13,
            "105984" : 11,
            "107008" : 7,
            "108032" : 7,
            "109056" : 8,
            "110080" : 6,
            "111104" : 9,
            "112128" : 7,
            "113152" : 3,
            "114176" : 4,
            "115200" : 3,
            "116224" : 6,
            "117248" : 2,
            "118272" : 1,
            "119296" : 5,
            "121344" : 3,
            "122368" : 3,
            "123392" : 1,
            "124416" : 2,
            "125440" : 1,
            "126464" : 3,
            "127488" : 1,
            "128512" : 1,
            "130560" : 1,
            "132096" : 2,
            "134144" : 3,
            "136192" : 4,
            "138240" : 1,
            "140288" : 3,
            "142336" : 2,
            "144384" : 4,
            "146432" : 5,
            "148480" : 1,
            "150528" : 1,
            "152576" : 2,
            "156672" : 1,
            "162816" : 1,
            "164864" : 2,
            "168960" : 1,
            "171008" : 4,
            "173056" : 1,
            "179200" : 1,
            "181248" : 2,
            "191488" : 1,
            "195584" : 1,
            "201728" : 1,
            "203776" : 1,
            "205824" : 1,
            "209920" : 1,
            "211968" : 1,
            "222208" : 2,
            "230400" : 1,
            "232448" : 1,
            "234496" : 1,
            "238592" : 2,
            "242688" : 1,
            "246784" : 1,
            "254976" : 2,
            "257024" : 4,
            "259072" : 2,
            "261120" : 1,
            "264192" : 3,
            "268288" : 1,
            "272384" : 2,
            "276480" : 1,
            "280576" : 1,
            "284672" : 1,
            "296960" : 1,
            "309248" : 1,
            "317440" : 1,
            "321536" : 1,
            "329728" : 1,
            "333824" : 1,
            "337920" : 1,
            "346112" : 2,
            "350208" : 2,
            "358400" : 1,
            "362496" : 2,
            "374784" : 1,
            "387072" : 1,
            "395264" : 3,
            "399360" : 2,
            "419840" : 1,
            "428032" : 1,
            "518144" : 1,
            "561152" : 1,
            "577536" : 1,
            "585728" : 1,
            "593920" : 2,
            "602112" : 1,
            "659456" : 1,
            "684032" : 1,
            "692224" : 1,
            "724992" : 1,
            "757760" : 1,
            "790528" : 1,
            "798720" : 5,
            "806912" : 3,
            "815104" : 3,
            "823296" : 2,
            "831488" : 1,
            "929792" : 1,
            "937984" : 1,
            "970752" : 2,
            "978944" : 2,
            "987136" : 2,
            "995328" : 1,
            "1003520" : 1,
            "1011712" : 1,
            "1028096" : 1,
            "1036288" : 1,
            "1056768" : 1,
            "1073152" : 3,
            "1171456" : 1,
            "1204224" : 1,
            "1220608" : 2,
            "1253376" : 1,
            "1302528" : 1,
            "1335296" : 1,
            "1433600" : 1,
            "1581056" : 1,
            "1679360" : 3,
            "3129344" : 1,
            "4816896" : 1
          }
        },
        "lat_ns" : {
          "min" : 894,
          "max" : 8229646,
          "mean" : 2133.774149,
          "stddev" : 3236.880842,
          "N" : 19735024,
          "percentile" : {
            "1.000000" : 1128,
            "5.000000" : 1160,
            "10.000000" : 1192,
            "20.000000" : 1480,
            "30.000000" : 1544,
            "40.000000" : 1608,
            "50.000000" : 1784,
            "60.000000" : 2064,
            "70.000000" : 2288,
            "80.000000" : 2480,
            "90.000000" : 2864,
            "95.000000" : 3888,
            "99.000000" : 7456,
            "99.500000" : 9792,
            "99.900000" : 15040,
            "99.950000" : 18304,
            "99.990000" : 43776
          },
          "bins" : {
            "892" : 2,
            "900" : 64,
            "908" : 647,
            "916" : 2310,
            "924" : 4957,
            "932" : 7138,
            "940" : 7903,
            "948" : 5584,
            "956" : 2927,
            "964" : 1797,
            "972" : 1116,
            "980" : 624,
            "988" : 330,
            "996" : 151,
            "1004" : 91,
            "1012" : 83,
            "1020" : 94,
            "1032" : 252,
            "1048" : 490,
            "1064" : 1287,
            "1080" : 2292,
            "1096" : 6624,
            "1112" : 60743,
            "1128" : 258043,
            "1144" : 449396,
            "1160" : 472629,
            "1176" : 426466,
            "1192" : 318456,
            "1208" : 232491,
            "1224" : 170253,
            "1240" : 127338,
            "1256" : 108877,
            "1272" : 86050,
            "1288" : 64957,
            "1304" : 46482,
            "1320" : 34470,
            "1336" : 27683,
            "1352" : 20718,
            "1368" : 16422,
            "1384" : 16749,
            "1400" : 33641,
            "1416" : 89272,
            "1432" : 155608,
            "1448" : 194879,
            "1464" : 288331,
            "1480" : 427616,
            "1496" : 523447,
            "1512" : 571412,
            "1528" : 577890,
            "1544" : 549192,
            "1560" : 506063,
            "1576" : 456606,
            "1592" : 381549,
            "1608" : 336369,
            "1624" : 298177,
            "1640" : 266558,
            "1656" : 248468,
            "1672" : 211862,
            "1688" : 182206,
            "1704" : 151440,
            "1720" : 121268,
            "1736" : 103863,
            "1752" : 88590,
            "1768" : 84897,
            "1784" : 87045,
            "1800" : 91712,
            "1816" : 104960,
            "1832" : 113128,
            "1848" : 124713,
            "1864" : 130677,
            "1880" : 131004,
            "1896" : 134569,
            "1912" : 131345,
            "1928" : 134555,
            "1944" : 134107,
            "1960" : 124949,
            "1976" : 120335,
            "1992" : 108530,
            "2008" : 104246,
            "2024" : 98699,
            "2040" : 90394,
            "2064" : 164966,
            "2096" : 148228,
            "2128" : 148683,
            "2160" : 184662,
            "2192" : 254284,
            "2224" : 339474,
            "2256" : 407270,
            "2288" : 425257,
            "2320" : 409348,
            "2352" : 370455,
            "2384" : 333867,
            "2416" : 313822,
            "2448" : 289336,
            "2480" : 260664,
            "2512" : 227073,
            "2544" : 191926,
            "2576" : 165006,
            "2608" : 142575,
            "2640" : 139374,
            "2672" : 153539,
            "2704" : 171426,
            "2736" : 183486,
            "2768" : 172679,
            "2800" : 149511,
            "2832" : 123613,
            "2864" : 98377,
            "2896" : 83573,
            "2928" : 73229,
            "2960" : 68874,
            "2992" : 66307,
            "3024" : 61642,
            "3056" : 55997,
            "3088" : 48635,
            "3120" : 42606,
            "3152" : 37352,
            "3184" : 33432,
            "3216" : 30712,
            "3248" : 29060,
            "3280" : 27002,
            "3312" : 25416,
            "3344" : 23530,
            "3376" : 21952,
            "3408" : 20404,
            "3440" : 19262,
            "3472" : 18120,
            "3504" : 17595,
            "3536" : 16914,
            "3568" : 16460,
            "3600" : 16334,
            "3632" : 15883,
            "3664" : 15898,
            "3696" : 15968,
            "3728" : 15425,
            "3760" : 15055,
            "3792" : 14949,
            "3824" : 14384,
            "3856" : 14281,
            "3888" : 14025,
            "3920" : 13669,
            "3952" : 13421,
            "3984" : 13135,
            "4016" : 13314,
            "4048" : 12775,
            "4080" : 12401,
            "4128" : 24431,
            "4192" : 23961,
            "4256" : 23120,
            "4320" : 22415,
            "4384" : 21464,
            "4448" : 20455,
            "4512" : 19777,
            "4576" : 18801,
            "4640" : 18295,
            "4704" : 17779,
            "4768" : 17200,
            "4832" : 16761,
            "4896" : 15772,
            "4960" : 15327,
            "5024" : 14869,
            "5088" : 14374,
            "5152" : 14087,
            "5216" : 13780,
            "5280" : 13555,
            "5344" : 13164,
            "5408" : 12671,
            "5472" : 13046,
            "5536" : 12950,
            "5600" : 12949,
            "5664" : 12709,
            "5728" : 12540,
            "5792" : 12829,
            "5856" : 13350,
            "5920" : 13863,
            "5984" : 13914,
            "6048" : 13241,
            "6112" : 12628,
            "6176" : 12894,
            "6240" : 13344,
            "6304" : 13915,
            "6368" : 13623,
            "6432" : 12908,
            "6496" : 12180,
            "6560" : 11705,
            "6624" : 10609,
            "6688" : 9558,
            "6752" : 8365,
            "6816" : 7463,
            "6880" : 7205,
            "6944" : 7171,
            "7008" : 7209,
            "7072" : 6511,
            "7136" : 5986,
            "7200" : 5815,
            "7264" : 5634,
            "7328" : 5365,
            "7392" : 4770,
            "7456" : 3881,
            "7520" : 3227,
            "7584" : 2769,
            "7648" : 2623,
            "7712" : 2524,
            "7776" : 2436,
            "7840" : 2284,
            "7904" : 2218,
            "7968" : 2057,
            "8032" : 2149,
            "8096" : 2238,
            "8160" : 2329,
            "8256" : 4438,
            "8384" : 4935,
            "8512" : 5217,
            "8640" : 5762,
            "8768" : 6588,
            "8896" : 6756,
            "9024" : 6314,
            "9152" : 5820,
            "9280" : 5935,
            "9408" : 5441,
            "9536" : 4873,
            "9664" : 4743,
            "9792" : 4170,
            "9920" : 3608,
            "10048" : 3557,
            "10176" : 3221,
            "10304" : 3112,
            "10432" : 3088,
            "10560" : 3294,
            "10688" : 3114,
            "10816" : 3046,
            "10944" : 2895,
            "11072" : 2835,
            "11200" : 2746,
            "11328" : 2903,
            "11456" : 2756,
            "11584" : 2729,
            "11712" : 2633,
            "11840" : 2608,
            "11968" : 2336,
            "12096" : 2098,
            "12224" : 1937,
            "12352" : 1895,
            "12480" : 1645,
            "12608" : 1485,
            "12736" : 1425,
            "12864" : 1405,
            "12992" : 1392,
            "13120" : 1290,
            "13248" : 1250,
            "13376" : 1067,
            "13504" : 1056,
            "13632" : 967,
            "13760" : 1007,
            "13888" : 1004,
            "14016" : 941,
            "14144" : 938,
            "14272" : 812,
            "14400" : 830,
            "14528" : 787,
            "14656" : 736,
            "14784" : 665,
            "14912" : 684,
            "15040" : 634,
            "15168" : 575,
            "15296" : 562,
            "15424" : 555,
            "15552" : 510,
            "15680" : 520,
            "15808" : 496,
            "15936" : 479,
            "16064" : 479,
            "16192" : 424,
            "16320" : 424,
            "16512" : 804,
            "16768" : 697,
            "17024" : 635,
            "17280" : 630,
            "17536" : 564,
            "17792" : 477,
            "18048" : 432,
            "18304" : 379,
            "18560" : 325,
            "18816" : 319,
            "19072" : 320,
            "19328" : 269,
            "19584" : 224,
            "19840" : 231,
            "20096" : 220,
            "20352" : 204,
            "20608" : 176,
            "20864" : 142,
            "21120" : 137,
            "21376" : 133,
            "21632" : 115,
            "21888" : 109,
            "22144" : 113,
            "22400" : 95,
            "22656" : 109,
            "22912" : 93,
            "23168" : 123,
            "23424" : 106,
            "23680" : 90,
            "23936" : 98,
            "24192" : 90,
            "24448" : 78,
            "24704" : 100,
            "24960" : 82,
            "25216" : 84,
            "25472" : 75,
            "25728" : 91,
            "25984" : 81,
            "26240" : 86,
            "26496" : 82,
            "26752" : 74,
            "27008" : 91,
            "27264" : 85,
            "27520" : 70,
            "27776" : 91,
            "28032" : 83,
            "28288" : 81,
            "28544" : 72,
            "28800" : 67,
            "29056" : 64,
            "29312" : 74,
            "29568" : 49,
            "29824" : 54,
            "30080" : 61,
            "30336" : 60,
            "30592" : 63,
            "30848" : 73,
            "31104" : 66,
            "31360" : 68,
            "31616" : 64,
            "31872" : 70,
            "32128" : 65,
            "32384" : 70,
            "32640" : 74,
            "33024" : 123,
            "33536" : 103,
            "34048" : 104,
            "34560" : 122,
            "35072" : 111,
            "35584" : 104,
            "36096" : 73,
            "36608" : 88,
            "37120" : 88,
            "37632" : 95,
            "38144" : 69,
            "38656" : 61,
            "39168" : 63,
            "39680" : 67,
            "40192" : 58,
            "40704" : 38,
            "41216" : 52,
            "41728" : 47,
            "42240" : 56,
            "42752" : 47,
            "43264" : 27,
            "43776" : 42,
            "44288" : 49,
            "44800" : 36,
            "45312" : 42,
            "45824" : 44,
            "46336" : 30,
            "46848" : 50,
            "47360" : 46,
            "47872" : 46,
            "48384" : 42,
            "48896" : 41,
            "49408" : 41,
            "49920" : 32,
            "50432" : 25,
            "50944" : 37,
            "51456" : 24,
            "51968" : 34,
            "52480" : 22,
            "52992" : 23,
            "53504" : 26,
            "54016" : 24,
            "54528" : 22,
            "55040" : 19,
            "55552" : 16,
            "56064" : 15,
            "56576" : 19,
            "57088" : 21,
            "57600" : 18,
            "58112" : 24,
            "58624" : 21,
            "59136" : 20,
            "59648" : 15,
            "60160" : 12,
            "60672" : 17,
            "61184" : 10,
            "61696" : 11,
            "62208" : 17,
            "62720" : 7,
            "63232" : 8,
            "63744" : 10,
            "64256" : 11,
            "64768" : 14,
            "65280" : 11,
            "66048" : 20,
            "67072" : 20,
            "68096" : 41,
            "69120" : 33,
            "70144" : 34,
            "71168" : 36,
            "72192" : 18,
            "73216" : 22,
            "74240" : 24,
            "75264" : 18,
            "76288" : 12,
            "77312" : 15,
            "78336" : 9,
            "79360" : 11,
            "80384" : 11,
            "81408" : 20,
            "82432" : 15,
            "83456" : 12,
            "84480" : 16,
            "85504" : 9,
            "86528" : 14,
            "87552" : 16,
            "88576" : 15,
            "89600" : 20,
            "90624" : 11,
            "91648" : 13,
            "92672" : 9,
            "93696" : 18,
            "94720" : 15,
            "95744" : 8,
            "96768" : 10,
            "97792" : 11,
            "98816" : 4,
            "99840" : 14,
            "100864" : 7,
            "101888" : 8,
            "102912" : 9,
            "103936" : 6,
            "104960" : 13,
            "105984" : 15,
            "107008" : 7,
            "108032" : 7,
            "109056" : 9,
            "110080" : 6,
            "111104" : 8,
            "112128" : 7,
            "113152" : 4,
            "114176" : 3,
            "115200" : 4,
            "116224" : 4,
            "117248" : 4,
            "118272" : 2,
            "119296" : 5,
            "121344" : 4,
            "122368" : 3,
            "123392" : 1,
            "124416" : 2,
            "125440" : 1,
            "126464" : 3,
            "127488" : 1,
            "128512" : 1,
            "129536" : 1,
            "130560" : 2,
            "132096" : 1,
            "134144" : 4,
            "136192" : 4,
            "138240" : 2,
            "140288" : 3,
            "142336" : 2,
            "144384" : 5,
            "146432" : 5,
            "148480" : 1,
            "150528" : 1,
            "152576" : 2,
            "156672" : 1,
            "162816" : 1,
            "164864" : 1,
            "166912" : 1,
            "168960" : 1,
            "171008" : 4,
            "173056" : 1,
            "177152" : 1,
            "179200" : 1,
            "181248" : 2,
            "183296" : 1,
            "191488" : 1,
            "195584" : 1,
            "201728" : 1,
            "203776" : 1,
            "205824" : 1,
            "209920" : 1,
            "211968" : 1,
            "222208" : 2,
            "230400" : 1,
            "232448" : 1,
            "234496" : 1,
            "238592" : 2,
            "242688" : 1,
            "246784" : 1,
            "254976" : 2,
            "257024" : 4,
            "259072" : 2,
            "261120" : 1,
            "264192" : 3,
            "268288" : 2,
            "272384" : 2,
            "276480" : 1,
            "280576" : 1,
            "284672" : 1,
            "296960" : 1,
            "309248" : 2,
            "317440" : 1,
            "321536" : 1,
            "329728" : 1,
            "333824" : 1,
            "337920" : 1,
            "346112" : 2,
            "350208" : 3,
            "358400" : 1,
            "362496" : 2,
            "374784" : 2,
            "387072" : 1,
            "395264" : 3,
            "399360" : 2,
            "419840" : 1,
            "428032" : 1,
            "518144" : 1,
            "561152" : 1,
            "577536" : 1,
            "585728" : 1,
            "593920" : 2,
            "602112" : 1,
            "659456" : 1,
            "684032" : 1,
            "692224" : 1,
            "724992" : 1,
            "757760" : 1,
            "790528" : 1,
            "798720" : 5,
            "806912" : 3,
            "815104" : 4,
            "823296" : 2,
            "831488" : 1,
            "929792" : 1,
            "937984" : 1,
            "970752" : 2,
            "978944" : 2,
            "987136" : 2,
            "995328" : 1,
            "1003520" : 1,
            "1011712" : 1,
            "1028096" : 1,
            "1036288" : 1,
            "1056768" : 1,
            "1073152" : 3,
            "1089536" : 1,
            "1171456" : 1,
            "1204224" : 1,
            "1220608" : 2,
            "1253376" : 1,
            "1302528" : 1,
            "1335296" : 1,
            "1433600" : 1,
            "1581056" : 1,
            "1679360" : 3,
            "3129344" : 1,
            "4816896" : 1,
            "8224768" : 1
          }
        },
        "bw_min" : 232936,
        "bw_max" : 296208,
        "bw_agg" : 100.000000,
        "bw_mean" : 263250.874791,
        "bw_dev" : 11007.127392,
        "bw_samples" : 599,
        "iops_min" : 58234,
        "iops_max" : 74052,
        "iops_mean" : 65812.717863,
        "iops_stddev" : 2751.777775,
        "iops_samples" : 599
      },
      "trim" : {
        "io_bytes" : 0,
        "io_kbytes" : 0,
        "bw_bytes" : 0,
        "bw" : 0,
        "iops" : 0.000000,
        "runtime" : 0,
        "total_ios" : 0,
        "short_ios" : 0,
        "drop_ios" : 0,
        "slat_ns" : {
          "min" : 0,
          "max" : 0,
          "mean" : 0.000000,
          "stddev" : 0.000000,
          "N" : 0
        },
        "clat_ns" : {
          "min" : 0,
          "max" : 0,
          "mean" : 0.000000,
          "stddev" : 0.000000,
          "N" : 0
        },
        "lat_ns" : {
          "min" : 0,
          "max" : 0,
          "mean" : 0.000000,
          "stddev" : 0.000000,
          "N" : 0
        },
        "bw_min" : 0,
        "bw_max" : 0,
        "bw_agg" : 0.000000,
        "bw_mean" : 0.000000,
        "bw_dev" : 0.000000,
        "bw_samples" : 0,
        "iops_min" : 0,
        "iops_max" : 0,
        "iops_mean" : 0.000000,
        "iops_stddev" : 0.000000,
        "iops_samples" : 0
      },
      "sync" : {
        "total_ios" : 0,
        "lat_ns" : {
          "min" : 0,
          "max" : 0,
          "mean" : 0.000000,
          "stddev" : 0.000000,
          "N" : 0
        }
      },
      "job_runtime" : 300000,
      "usr_cpu" : 13.376667,
      "sys_cpu" : 62.846333,
      "ctx" : 16495096,
      "majf" : 0,
      "minf" : 21,
      "iodepth_level" : {
        "1" : 100.000000,
        "2" : 0.000000,
        "4" : 0.000000,
        "8" : 0.000000,
        "16" : 0.000000,
        "32" : 0.000000,
        ">=64" : 0.000000
      },
      "iodepth_submit" : {
        "0" : 0.000000,
        "4" : 100.000000,
        "8" : 0.000000,
        "16" : 0.000000,
        "32" : 0.000000,
        "64" : 0.000000,
        ">=64" : 0.000000
      },
      "iodepth_complete" : {
        "0" : 0.000000,
        "4" : 100.000000,
        "8" : 0.000000,
        "16" : 0.000000,
        "32" : 0.000000,
        "64" : 0.000000,
        ">=64" : 0.000000
      },
      "latency_ns" : {
        "2" : 0.000000,
        "4" : 0.000000,
        "10" : 0.000000,
        "20" : 0.000000,
        "50" : 0.000000,
        "100" : 0.000000,
        "250" : 0.000000,
        "500" : 0.000000,
        "750" : 1.265826,
        "1000" : 10.693691
      },
      "latency_us" : {
        "2" : 32.404891,
        "4" : 17.851568,
        "10" : 14.707180,
        "20" : 22.190788,
        "50" : 0.848573,
        "100" : 0.028171,
        "250" : 0.010000,
        "500" : 0.010000,
        "750" : 0.010000,
        "1000" : 0.010000
      },
      "latency_ms" : {
        "2" : 0.010000,
        "4" : 0.010000,
        "10" : 0.010000,
        "20" : 0.000000,
        "50" : 0.000000,
        "100" : 0.000000,
        "250" : 0.000000,
        "500" : 0.000000,
        "750" : 0.000000,
        "1000" : 0.000000,
        "2000" : 0.000000,
        ">=2000" : 0.000000
      },
      "latency_depth" : 128,
      "latency_target" : 0,
      "latency_percentile" : 100.000000,
      "latency_window" : 0
    }
  ],
  "disk_util" : [
    {
      "name" : "loop26",
      "read_ios" : 13987817,
      "write_ios" : 19690659,
      "read_merges" : 0,
      "write_merges" : 0,
      "read_ticks" : 101089,
      "write_ticks" : 242100,
      "in_queue" : 16,
      "util" : 99.988996
    }
  ]
}
