{
  "fio version" : "fio-3.32-36-g5932",
  "timestamp" : 1664235950,
  "timestamp_ms" : 1664235950413,
  "time" : "Tue Sep 27 01:45:50 2022",
  "global options" : {
    "size" : "256M",
    "rw" : "randrw",
    "bs" : "4K",
    "numjobs" : "1",
    "iodepth" : "128",
    "runtime" : "15",
    "end_fsync" : "1",
    "lat_percentiles" : "1",
    "slat_percentiles" : "1",
    "clat_percentiles" : "1"
  },
  "jobs" : [
    {
      "jobname" : "random-rw",
      "groupid" : 0,
      "error" : 0,
      "eta" : 0,
      "elapsed" : 16,
      "job options" : {
        "name" : "random-rw"
      },
      "read" : {
        "io_bytes" : 1231699968,
        "io_kbytes" : 1202832,
        "bw_bytes" : 81343281,
        "bw" : 79436,
        "iops" : 19859.199577,
        "runtime" : 15142,
        "total_ios" : 300708,
        "short_ios" : 0,
        "drop_ios" : 0,
        "slat_ns" : {
          "min" : 0,
          "max" : 0,
          "mean" : 0.000000,
          "stddev" : 0.000000,
          "N" : 0
        },
        "clat_ns" : {
          "min" : 11524,
          "max" : 7769994,
          "mean" : 25636.360922,
          "stddev" : 44648.027720,
          "N" : 300708,
          "percentile" : {
            "1.000000" : 13504,
            "5.000000" : 14400,
            "10.000000" : 15296,
            "20.000000" : 18304,
            "30.000000" : 19584,
            "40.000000" : 20864,
            "50.000000" : 22144,
            "60.000000" : 23424,
            "70.000000" : 25472,
            "80.000000" : 29568,
            "90.000000" : 35072,
            "95.000000" : 39168,
            "99.000000" : 72192,
            "99.500000" : 123392,
            "99.900000" : 325632,
            "99.950000" : 493568,
            "99.990000" : 1794048
          },
          "bins" : {
            "11584" : 1,
            "11840" : 2,
            "11968" : 7,
            "12096" : 9,
            "12224" : 16,
            "12352" : 26,
            "12480" : 35,
            "12608" : 66,
            "12736" : 94,
            "12864" : 168,
            "12992" : 232,
            "13120" : 373,
            "13248" : 535,
            "13376" : 728,
            "13504" : 946,
            "13632" : 1227,
            "13760" : 1484,
            "13888" : 1729,
            "14016" : 1924,
            "14144" : 2119,
            "14272" : 2306,
            "14400" : 2490,
            "14528" : 2352,
            "14656" : 2388,
            "14784" : 2281,
            "14912" : 2155,
            "15040" : 2006,
            "15168" : 1785,
            "15296" : 1626,
            "15424" : 1434,
            "15552" : 1249,
            "15680" : 1064,
            "15808" : 876,
            "15936" : 829,
            "16064" : 780,
            "16192" : 665,
            "16320" : 603,
            "16512" : 1187,
            "16768" : 1275,
            "17024" : 1597,
            "17280" : 2177,
            "17536" : 2970,
            "17792" : 3742,
            "18048" : 4671,
            "18304" : 5276,
            "18560" : 6157,
            "18816" : 6179,
            "19072" : 6339,
            "19328" : 6406,
            "19584" : 6111,
            "19840" : 6061,
            "20096" : 6095,
            "20352" : 6134,
            "20608" : 6499,
            "20864" : 6525,
            "21120" : 6697,
            "21376" : 6537,
            "21632" : 6421,
            "21888" : 6422,
            "22144" : 6037,
            "22400" : 5649,
            "22656" : 5404,
            "22912" : 5296,
            "23168" : 4880,
            "23424" : 4572,
            "23680" : 4444,
            "23936" : 4370,
            "24192" : 4108,
            "24448" : 3756,
            "24704" : 3501,
            "24960" : 3270,
            "25216" : 2946,
            "25472" : 2754,
            "25728" : 2602,
            "25984" : 2505,
            "26240" : 2411,
            "26496" : 2270,
            "26752" : 2220,
            "27008" : 2071,
            "27264" : 1976,
            "27520" : 1827,
            "27776" : 1760,
            "28032" : 1810,
            "28288" : 1729,
            "28544" : 1675,
            "28800" : 1559,
            "29056" : 1504,
            "29312" : 1496,
            "29568" : 1492,
            "29824" : 1383,
            "30080" : 1426,
            "30336" : 1386,
            "30592" : 1397,
            "30848" : 1382,
            "31104" : 1367,
            "31360" : 1348,
            "31616" : 1468,
            "31872" : 1341,
            "32128" : 1312,
            "32384" : 1363,
            "32640" : 1312,
            "33024" : 2729,
            "33536" : 2838,
            "34048" : 2872,
            "34560" : 3001,
            "35072" : 2694,
            "35584" : 2403,
            "36096" : 2252,
            "36608" : 1896,
            "37120" : 1841,
            "37632" : 1610,
            "38144" : 1482,
            "38656" : 1276,
            "39168" : 1107,
            "39680" : 1017,
            "40192" : 937,
            "40704" : 816,
            "41216" : 755,
            "41728" : 692,
            "42240" : 652,
            "42752" : 536,
            "43264" : 517,
            "43776" : 442,
            "44288" : 408,
            "44800" : 365,
            "45312" : 342,
            "45824" : 312,
            "46336" : 268,
            "46848" : 235,
            "47360" : 221,
            "47872" : 171,
            "48384" : 153,
            "48896" : 166,
            "49408" : 120,
            "49920" : 114,
            "50432" : 122,
            "50944" : 101,
            "51456" : 90,
            "51968" : 93,
            "52480" : 78,
            "52992" : 91,
            "53504" : 95,
            "54016" : 76,
            "54528" : 74,
            "55040" : 68,
            "55552" : 62,
            "56064" : 55,
            "56576" : 51,
            "57088" : 51,
            "57600" : 46,
            "58112" : 50,
            "58624" : 40,
            "59136" : 44,
            "59648" : 36,
            "60160" : 49,
            "60672" : 39,
            "61184" : 39,
            "61696" : 41,
            "62208" : 30,
            "62720" : 21,
            "63232" : 29,
            "63744" : 35,
            "64256" : 25,
            "64768" : 30,
            "65280" : 28,
            "66048" : 58,
            "67072" : 40,
            "68096" : 52,
            "69120" : 48,
            "70144" : 38,
            "71168" : 37,
            "72192" : 45,
            "73216" : 41,
            "74240" : 41,
            "75264" : 38,
            "76288" : 38,
            "77312" : 35,
            "78336" : 46,
            "79360" : 46,
            "80384" : 33,
            "81408" : 31,
            "82432" : 36,
            "83456" : 41,
            "84480" : 38,
            "85504" : 34,
            "86528" : 43,
            "87552" : 26,
            "88576" : 34,
            "89600" : 30,
            "90624" : 28,
            "91648" : 30,
            "92672" : 26,
            "93696" : 33,
            "94720" : 29,
            "95744" : 29,
            "96768" : 23,
            "97792" : 32,
            "98816" : 32,
            "99840" : 23,
            "100864" : 22,
            "101888" : 21,
            "102912" : 27,
            "103936" : 14,
            "104960" : 25,
            "105984" : 26,
            "107008" : 24,
            "108032" : 23,
            "109056" : 22,
            "110080" : 25,
            "111104" : 37,
            "112128" : 29,
            "113152" : 21,
            "114176" : 30,
            "115200" : 22,
            "116224" : 20,
            "117248" : 29,
            "118272" : 21,
            "119296" : 27,
            "120320" : 32,
            "121344" : 24,
            "122368" : 29,
            "123392" : 28,
            "124416" : 31,
            "125440" : 27,
            "126464" : 24,
            "127488" : 17,
            "128512" : 30,
            "129536" : 24,
            "130560" : 18,
            "132096" : 40,
            "134144" : 26,
            "136192" : 38,
            "138240" : 37,
            "140288" : 33,
            "142336" : 25,
            "144384" : 24,
            "146432" : 18,
            "148480" : 16,
            "150528" : 16,
            "152576" : 17,
            "154624" : 15,
            "156672" : 12,
            "158720" : 11,
            "160768" : 17,
            "162816" : 15,
            "164864" : 11,
            "166912" : 10,
            "168960" : 8,
            "171008" : 10,
            "173056" : 12,
            "175104" : 11,
            "177152" : 14,
            "179200" : 7,
            "181248" : 6,
            "183296" : 6,
            "185344" : 6,
            "187392" : 4,
            "189440" : 4,
            "191488" : 8,
            "193536" : 5,
            "195584" : 4,
            "197632" : 10,
            "199680" : 8,
            "201728" : 7,
            "203776" : 4,
            "205824" : 6,
            "207872" : 5,
            "209920" : 11,
            "211968" : 8,
            "214016" : 8,
            "216064" : 4,
            "218112" : 7,
            "220160" : 11,
            "222208" : 7,
            "224256" : 12,
            "226304" : 14,
            "228352" : 10,
            "230400" : 10,
            "232448" : 6,
            "234496" : 11,
            "236544" : 11,
            "238592" : 10,
            "240640" : 10,
            "242688" : 8,
            "244736" : 5,
            "246784" : 16,
            "248832" : 8,
            "250880" : 8,
            "252928" : 15,
            "254976" : 21,
            "257024" : 7,
            "259072" : 14,
            "261120" : 19,
            "264192" : 26,
            "268288" : 24,
            "272384" : 25,
            "276480" : 22,
            "280576" : 24,
            "284672" : 27,
            "288768" : 13,
            "292864" : 13,
            "296960" : 16,
            "301056" : 11,
            "305152" : 13,
            "309248" : 5,
            "313344" : 3,
            "317440" : 3,
            "321536" : 4,
            "325632" : 6,
            "329728" : 9,
            "333824" : 13,
            "337920" : 6,
            "342016" : 4,
            "346112" : 6,
            "350208" : 5,
            "354304" : 3,
            "358400" : 1,
            "362496" : 4,
            "366592" : 4,
            "370688" : 5,
            "378880" : 2,
            "382976" : 3,
            "387072" : 3,
            "391168" : 2,
            "395264" : 2,
            "399360" : 2,
            "403456" : 1,
            "407552" : 4,
            "411648" : 2,
            "415744" : 3,
            "419840" : 1,
            "423936" : 4,
            "428032" : 5,
            "432128" : 3,
            "436224" : 7,
            "440320" : 3,
            "444416" : 3,
            "448512" : 3,
            "452608" : 5,
            "456704" : 5,
            "460800" : 8,
            "464896" : 4,
            "468992" : 3,
            "473088" : 3,
            "477184" : 1,
            "481280" : 2,
            "489472" : 1,
            "493568" : 6,
            "497664" : 2,
            "501760" : 1,
            "505856" : 1,
            "509952" : 2,
            "514048" : 2,
            "518144" : 1,
            "522240" : 2,
            "528384" : 6,
            "536576" : 2,
            "544768" : 3,
            "552960" : 3,
            "561152" : 3,
            "569344" : 1,
            "577536" : 3,
            "585728" : 4,
            "593920" : 1,
            "602112" : 2,
            "610304" : 2,
            "618496" : 6,
            "626688" : 2,
            "643072" : 1,
            "651264" : 2,
            "659456" : 2,
            "667648" : 3,
            "684032" : 1,
            "692224" : 2,
            "716800" : 1,
            "724992" : 1,
            "749568" : 2,
            "757760" : 3,
            "765952" : 1,
            "774144" : 3,
            "790528" : 1,
            "798720" : 3,
            "806912" : 1,
            "823296" : 4,
            "831488" : 1,
            "839680" : 1,
            "856064" : 1,
            "864256" : 1,
            "888832" : 1,
            "905216" : 1,
            "913408" : 2,
            "954368" : 1,
            "962560" : 1,
            "970752" : 3,
            "978944" : 1,
            "995328" : 1,
            "1003520" : 2,
            "1019904" : 1,
            "1028096" : 1,
            "1036288" : 1,
            "1122304" : 2,
            "1204224" : 2,
            "1220608" : 1,
            "1335296" : 2,
            "1384448" : 1,
            "1400832" : 1,
            "1433600" : 1,
            "1499136" : 1,
            "1613824" : 1,
            "1662976" : 2,
            "1744896" : 1,
            "1794048" : 1,
            "1892352" : 1,
            "1908736" : 1,
            "1957888" : 1,
            "2039808" : 1,
            "2088960" : 2,
            "2342912" : 1,
            "2375680" : 1,
            "2408448" : 1,
            "2506752" : 1,
            "2605056" : 1,
            "2670592" : 1,
            "2768896" : 1,
            "2932736" : 1,
            "2998272" : 1,
            "3063808" : 1,
            "3096576" : 1,
            "3325952" : 1,
            "3489792" : 1,
            "3588096" : 1,
            "3653632" : 1,
            "3948544" : 1,
            "4046848" : 1,
            "4177920" : 1,
            "4620288" : 1,
            "5144576" : 1,
            "5406720" : 1,
            "6914048" : 1,
            "7045120" : 1,
            "7766016" : 1
          }
        },
        "lat_ns" : {
          "min" : 11588,
          "max" : 7770381,
          "mean" : 25713.161645,
          "stddev" : 44653.302082,
          "N" : 300708,
          "percentile" : {
            "1.000000" : 13632,
            "5.000000" : 14400,
            "10.000000" : 15296,
            "20.000000" : 18304,
            "30.000000" : 19584,
            "40.000000" : 20864,
            "50.000000" : 22144,
            "60.000000" : 23424,
            "70.000000" : 25728,
            "80.000000" : 29568,
            "90.000000" : 35072,
            "95.000000" : 39168,
            "99.000000" : 72192,
            "99.500000" : 124416,
            "99.900000" : 325632,
            "99.950000" : 493568,
            "99.990000" : 1794048
          },
          "bins" : {
            "11584" : 1,
            "11840" : 1,
            "11968" : 7,
            "12096" : 5,
            "12224" : 12,
            "12352" : 19,
            "12480" : 32,
            "12608" : 46,
            "12736" : 75,
            "12864" : 135,
            "12992" : 174,
            "13120" : 318,
            "13248" : 451,
            "13376" : 645,
            "13504" : 844,
            "13632" : 1079,
            "13760" : 1322,
            "13888" : 1652,
            "14016" : 1844,
            "14144" : 2057,
            "14272" : 2201,
            "14400" : 2412,
            "14528" : 2451,
            "14656" : 2379,
            "14784" : 2357,
            "14912" : 2222,
            "15040" : 2100,
            "15168" : 1901,
            "15296" : 1657,
            "15424" : 1542,
            "15552" : 1331,
            "15680" : 1131,
            "15808" : 938,
            "15936" : 860,
            "16064" : 825,
            "16192" : 686,
            "16320" : 621,
            "16512" : 1199,
            "16768" : 1207,
            "17024" : 1475,
            "17280" : 2075,
            "17536" : 2772,
            "17792" : 3546,
            "18048" : 4451,
            "18304" : 5163,
            "18560" : 5943,
            "18816" : 6228,
            "19072" : 6349,
            "19328" : 6323,
            "19584" : 6170,
            "19840" : 6062,
            "20096" : 6002,
            "20352" : 6217,
            "20608" : 6347,
            "20864" : 6525,
            "21120" : 6626,
            "21376" : 6656,
            "21632" : 6467,
            "21888" : 6365,
            "22144" : 6163,
            "22400" : 5741,
            "22656" : 5433,
            "22912" : 5339,
            "23168" : 4919,
            "23424" : 4651,
            "23680" : 4516,
            "23936" : 4382,
            "24192" : 4133,
            "24448" : 3874,
            "24704" : 3566,
            "24960" : 3353,
            "25216" : 2999,
            "25472" : 2740,
            "25728" : 2640,
            "25984" : 2490,
            "26240" : 2479,
            "26496" : 2276,
            "26752" : 2188,
            "27008" : 2086,
            "27264" : 2015,
            "27520" : 1905,
            "27776" : 1769,
            "28032" : 1751,
            "28288" : 1734,
            "28544" : 1653,
            "28800" : 1601,
            "29056" : 1517,
            "29312" : 1526,
            "29568" : 1469,
            "29824" : 1415,
            "30080" : 1393,
            "30336" : 1383,
            "30592" : 1369,
            "30848" : 1406,
            "31104" : 1325,
            "31360" : 1392,
            "31616" : 1391,
            "31872" : 1370,
            "32128" : 1319,
            "32384" : 1341,
            "32640" : 1358,
            "33024" : 2688,
            "33536" : 2770,
            "34048" : 2847,
            "34560" : 3029,
            "35072" : 2772,
            "35584" : 2484,
            "36096" : 2257,
            "36608" : 1981,
            "37120" : 1874,
            "37632" : 1642,
            "38144" : 1530,
            "38656" : 1315,
            "39168" : 1130,
            "39680" : 1020,
            "40192" : 995,
            "40704" : 824,
            "41216" : 764,
            "41728" : 726,
            "42240" : 639,
            "42752" : 576,
            "43264" : 509,
            "43776" : 467,
            "44288" : 409,
            "44800" : 381,
            "45312" : 328,
            "45824" : 335,
            "46336" : 283,
            "46848" : 241,
            "47360" : 225,
            "47872" : 196,
            "48384" : 154,
            "48896" : 161,
            "49408" : 139,
            "49920" : 109,
            "50432" : 121,
            "50944" : 112,
            "51456" : 94,
            "51968" : 92,
            "52480" : 83,
            "52992" : 84,
            "53504" : 91,
            "54016" : 87,
            "54528" : 72,
            "55040" : 67,
            "55552" : 63,
            "56064" : 60,
            "56576" : 44,
            "57088" : 57,
            "57600" : 51,
            "58112" : 44,
            "58624" : 49,
            "59136" : 39,
            "59648" : 38,
            "60160" : 45,
            "60672" : 44,
            "61184" : 37,
            "61696" : 36,
            "62208" : 44,
            "62720" : 19,
            "63232" : 24,
            "63744" : 36,
            "64256" : 26,
            "64768" : 31,
            "65280" : 26,
            "66048" : 62,
            "67072" : 40,
            "68096" : 50,
            "69120" : 49,
            "70144" : 43,
            "71168" : 32,
            "72192" : 46,
            "73216" : 41,
            "74240" : 41,
            "75264" : 34,
            "76288" : 41,
            "77312" : 39,
            "78336" : 44,
            "79360" : 50,
            "80384" : 30,
            "81408" : 30,
            "82432" : 36,
            "83456" : 39,
            "84480" : 39,
            "85504" : 37,
            "86528" : 41,
            "87552" : 26,
            "88576" : 32,
            "89600" : 34,
            "90624" : 28,
            "91648" : 27,
            "92672" : 30,
            "93696" : 32,
            "94720" : 27,
            "95744" : 27,
            "96768" : 28,
            "97792" : 31,
            "98816" : 32,
            "99840" : 21,
            "100864" : 26,
            "101888" : 19,
            "102912" : 26,
            "103936" : 15,
            "104960" : 26,
            "105984" : 26,
            "107008" : 25,
            "108032" : 21,
            "109056" : 22,
            "110080" : 24,
            "111104" : 36,
            "112128" : 27,
            "113152" : 23,
            "114176" : 27,
            "115200" : 28,
            "116224" : 18,
            "117248" : 29,
            "118272" : 23,
            "119296" : 26,
            "120320" : 31,
            "121344" : 26,
            "122368" : 29,
            "123392" : 25,
            "124416" : 35,
            "125440" : 22,
            "126464" : 28,
            "127488" : 17,
            "128512" : 29,
            "129536" : 25,
            "130560" : 19,
            "132096" : 38,
            "134144" : 28,
            "136192" : 37,
            "138240" : 35,
            "140288" : 35,
            "142336" : 26,
            "144384" : 20,
            "146432" : 22,
            "148480" : 16,
            "150528" : 16,
            "152576" : 17,
            "154624" : 15,
            "156672" : 11,
            "158720" : 12,
            "160768" : 15,
            "162816" : 17,
            "164864" : 10,
            "166912" : 10,
            "168960" : 8,
            "171008" : 9,
            "173056" : 13,
            "175104" : 11,
            "177152" : 14,
            "179200" : 8,
            "181248" : 6,
            "183296" : 6,
            "185344" : 6,
            "187392" : 3,
            "189440" : 5,
            "191488" : 8,
            "193536" : 5,
            "195584" : 4,
            "197632" : 9,
            "199680" : 9,
            "201728" : 7,
            "203776" : 3,
            "205824" : 7,
            "207872" : 5,
            "209920" : 11,
            "211968" : 7,
            "214016" : 9,
            "216064" : 4,
            "218112" : 5,
            "220160" : 13,
            "222208" : 7,
            "224256" : 11,
            "226304" : 14,
            "228352" : 10,
            "230400" : 10,
            "232448" : 7,
            "234496" : 10,
            "236544" : 11,
            "238592" : 11,
            "240640" : 10,
            "242688" : 8,
            "244736" : 5,
            "246784" : 16,
            "248832" : 8,
            "250880" : 8,
            "252928" : 14,
            "254976" : 21,
            "257024" : 7,
            "259072" : 15,
            "261120" : 19,
            "264192" : 25,
            "268288" : 24,
            "272384" : 26,
            "276480" : 21,
            "280576" : 25,
            "284672" : 25,
            "288768" : 15,
            "292864" : 13,
            "296960" : 16,
            "301056" : 11,
            "305152" : 12,
            "309248" : 6,
            "313344" : 2,
            "317440" : 4,
            "321536" : 3,
            "325632" : 7,
            "329728" : 8,
            "333824" : 14,
            "337920" : 6,
            "342016" : 4,
            "346112" : 6,
            "350208" : 5,
            "354304" : 3,
            "358400" : 1,
            "362496" : 4,
            "366592" : 4,
            "370688" : 5,
            "378880" : 2,
            "382976" : 3,
            "387072" : 3,
            "391168" : 2,
            "395264" : 2,
            "399360" : 2,
            "403456" : 1,
            "407552" : 4,
            "411648" : 2,
            "415744" : 3,
            "419840" : 1,
            "423936" : 4,
            "428032" : 5,
            "432128" : 3,
            "436224" : 7,
            "440320" : 3,
            "444416" : 3,
            "448512" : 3,
            "452608" : 5,
            "456704" : 5,
            "460800" : 8,
            "464896" : 4,
            "468992" : 3,
            "473088" : 3,
            "477184" : 1,
            "481280" : 2,
            "489472" : 1,
            "493568" : 6,
            "497664" : 2,
            "501760" : 1,
            "505856" : 1,
            "509952" : 2,
            "514048" : 2,
            "518144" : 1,
            "522240" : 2,
            "528384" : 6,
            "536576" : 1,
            "544768" : 3,
            "552960" : 4,
            "561152" : 3,
            "569344" : 1,
            "577536" : 3,
            "585728" : 4,
            "593920" : 1,
            "602112" : 2,
            "610304" : 2,
            "618496" : 6,
            "626688" : 2,
            "643072" : 1,
            "651264" : 2,
            "659456" : 2,
            "667648" : 3,
            "684032" : 1,
            "692224" : 2,
            "716800" : 1,
            "724992" : 1,
            "749568" : 2,
            "757760" : 3,
            "765952" : 1,
            "774144" : 1,
            "782336" : 2,
            "790528" : 1,
            "798720" : 3,
            "806912" : 1,
            "823296" : 4,
            "831488" : 1,
            "839680" : 1,
            "856064" : 1,
            "864256" : 1,
            "888832" : 1,
            "905216" : 1,
            "913408" : 2,
            "954368" : 1,
            "962560" : 1,
            "970752" : 3,
            "978944" : 1,
            "995328" : 1,
            "1003520" : 2,
            "1019904" : 1,
            "1028096" : 1,
            "1036288" : 1,
            "1122304" : 2,
            "1204224" : 2,
            "1220608" : 1,
            "1335296" : 2,
            "1384448" : 1,
            "1400832" : 1,
            "1433600" : 1,
            "1499136" : 1,
            "1613824" : 1,
            "1662976" : 2,
            "1744896" : 1,
            "1794048" : 1,
            "1892352" : 1,
            "1908736" : 1,
            "1957888" : 1,
            "2039808" : 1,
            "2088960" : 2,
            "2342912" : 1,
            "2375680" : 1,
            "2408448" : 1,
            "2506752" : 1,
            "2605056" : 1,
            "2670592" : 1,
            "2768896" : 1,
            "2932736" : 1,
            "2998272" : 1,
            "3063808" : 1,
            "3096576" : 1,
            "3325952" : 1,
            "3489792" : 1,
            "3588096" : 1,
            "3653632" : 1,
            "3948544" : 1,
            "4046848" : 1,
            "4177920" : 1,
            "4620288" : 1,
            "5144576" : 1,
            "5406720" : 1,
            "6914048" : 1,
            "7045120" : 1,
            "7766016" : 1
          }
        },
        "bw_min" : 57208,
        "bw_max" : 116944,
        "bw_agg" : 100.000000,
        "bw_mean" : 79507.586207,
        "bw_dev" : 11088.976578,
        "bw_samples" : 29,
        "iops_min" : 14302,
        "iops_max" : 29236,
        "iops_mean" : 19876.896552,
        "iops_stddev" : 2772.244144,
        "iops_samples" : 29
      },
      "write" : {
        "io_bytes" : 1231302656,
        "io_kbytes" : 1202444,
        "bw_bytes" : 81317042,
        "bw" : 79411,
        "iops" : 19852.793554,
        "runtime" : 15142,
        "total_ios" : 300611,
        "short_ios" : 0,
        "drop_ios" : 0,
        "slat_ns" : {
          "min" : 0,
          "max" : 0,
          "mean" : 0.000000,
          "stddev" : 0.000000,
          "N" : 0
        },
        "clat_ns" : {
          "min" : 2416,
          "max" : 196182358,
          "mean" : 19463.210644,
          "stddev" : 1353854.484743,
          "N" : 300611,
          "percentile" : {
            "1.000000" : 3248,
            "5.000000" : 3696,
            "10.000000" : 3952,
            "20.000000" : 4320,
            "30.000000" : 4704,
            "40.000000" : 5408,
            "50.000000" : 5920,
            "60.000000" : 6304,
            "70.000000" : 6688,
            "80.000000" : 7264,
            "90.000000" : 9152,
            "95.000000" : 10688,
            "99.000000" : 14016,
            "99.500000" : 17536,
            "99.900000" : 54528,
            "99.950000" : 218112,
            "99.990000" : 26345472
          },
          "bins" : {
            "2416" : 3,
            "2448" : 4,
            "2480" : 5,
            "2512" : 12,
            "2544" : 17,
            "2576" : 29,
            "2608" : 38,
            "2640" : 48,
            "2672" : 62,
            "2704" : 62,
            "2736" : 81,
            "2768" : 57,
            "2800" : 81,
            "2832" : 75,
            "2864" : 76,
            "2896" : 92,
            "2928" : 109,
            "2960" : 112,
            "2992" : 127,
            "3024" : 148,
            "3056" : 174,
            "3088" : 192,
            "3120" : 218,
            "3152" : 226,
            "3184" : 302,
            "3216" : 314,
            "3248" : 353,
            "3280" : 416,
            "3312" : 438,
            "3344" : 490,
            "3376" : 616,
            "3408" : 632,
            "3440" : 757,
            "3472" : 758,
            "3504" : 821,
            "3536" : 946,
            "3568" : 1090,
            "3600" : 1132,
            "3632" : 1303,
            "3664" : 1336,
            "3696" : 1490,
            "3728" : 1578,
            "3760" : 1774,
            "3792" : 1805,
            "3824" : 1971,
            "3856" : 2177,
            "3888" : 2198,
            "3920" : 2275,
            "3952" : 2398,
            "3984" : 2502,
            "4016" : 2557,
            "4048" : 2634,
            "4080" : 2706,
            "4128" : 5721,
            "4192" : 5662,
            "4256" : 5571,
            "4320" : 5567,
            "4384" : 5334,
            "4448" : 5061,
            "4512" : 4777,
            "4576" : 4391,
            "4640" : 4249,
            "4704" : 3661,
            "4768" : 3389,
            "4832" : 3127,
            "4896" : 2979,
            "4960" : 2841,
            "5024" : 2544,
            "5088" : 2471,
            "5152" : 2543,
            "5216" : 2528,
            "5280" : 2630,
            "5344" : 2679,
            "5408" : 2886,
            "5472" : 3022,
            "5536" : 3385,
            "5600" : 3503,
            "5664" : 3768,
            "5728" : 4060,
            "5792" : 4408,
            "5856" : 4438,
            "5920" : 4820,
            "5984" : 5123,
            "6048" : 5135,
            "6112" : 5383,
            "6176" : 5475,
            "6240" : 5296,
            "6304" : 5339,
            "6368" : 5323,
            "6432" : 5241,
            "6496" : 4892,
            "6560" : 4773,
            "6624" : 4386,
            "6688" : 4281,
            "6752" : 4101,
            "6816" : 3769,
            "6880" : 3514,
            "6944" : 3068,
            "7008" : 2867,
            "7072" : 2586,
            "7136" : 2372,
            "7200" : 2182,
            "7264" : 2064,
            "7328" : 1952,
            "7392" : 1762,
            "7456" : 1598,
            "7520" : 1534,
            "7584" : 1323,
            "7648" : 1277,
            "7712" : 1247,
            "7776" : 1187,
            "7840" : 1037,
            "7904" : 979,
            "7968" : 992,
            "8032" : 972,
            "8096" : 912,
            "8160" : 927,
            "8256" : 1629,
            "8384" : 1629,
            "8512" : 1610,
            "8640" : 1570,
            "8768" : 1486,
            "8896" : 1420,
            "9024" : 1425,
            "9152" : 1384,
            "9280" : 1363,
            "9408" : 1420,
            "9536" : 1447,
            "9664" : 1461,
            "9792" : 1321,
            "9920" : 1255,
            "10048" : 1283,
            "10176" : 1226,
            "10304" : 1215,
            "10432" : 1090,
            "10560" : 992,
            "10688" : 977,
            "10816" : 918,
            "10944" : 871,
            "11072" : 819,
            "11200" : 806,
            "11328" : 738,
            "11456" : 681,
            "11584" : 669,
            "11712" : 628,
            "11840" : 626,
            "11968" : 569,
            "12096" : 485,
            "12224" : 443,
            "12352" : 422,
            "12480" : 387,
            "12608" : 374,
            "12736" : 331,
            "12864" : 300,
            "12992" : 267,
            "13120" : 230,
            "13248" : 198,
            "13376" : 225,
            "13504" : 154,
            "13632" : 163,
            "13760" : 144,
            "13888" : 127,
            "14016" : 133,
            "14144" : 116,
            "14272" : 116,
            "14400" : 109,
            "14528" : 93,
            "14656" : 75,
            "14784" : 73,
            "14912" : 68,
            "15040" : 65,
            "15168" : 69,
            "15296" : 50,
            "15424" : 51,
            "15552" : 50,
            "15680" : 47,
            "15808" : 51,
            "15936" : 42,
            "16064" : 39,
            "16192" : 40,
            "16320" : 48,
            "16512" : 95,
            "16768" : 88,
            "17024" : 56,
            "17280" : 49,
            "17536" : 51,
            "17792" : 43,
            "18048" : 47,
            "18304" : 32,
            "18560" : 45,
            "18816" : 38,
            "19072" : 45,
            "19328" : 43,
            "19584" : 35,
            "19840" : 43,
            "20096" : 34,
            "20352" : 25,
            "20608" : 32,
            "20864" : 22,
            "21120" : 23,
            "21376" : 22,
            "21632" : 19,
            "21888" : 17,
            "22144" : 19,
            "22400" : 15,
            "22656" : 17,
            "22912" : 11,
            "23168" : 14,
            "23424" : 20,
            "23680" : 13,
            "23936" : 16,
            "24192" : 19,
            "24448" : 9,
            "24704" : 8,
            "24960" : 15,
            "25216" : 9,
            "25472" : 12,
            "25728" : 6,
            "25984" : 5,
            "26240" : 6,
            "26496" : 8,
            "26752" : 10,
            "27008" : 9,
            "27264" : 14,
            "27520" : 8,
            "27776" : 6,
            "28032" : 12,
            "28288" : 9,
            "28544" : 10,
            "28800" : 12,
            "29056" : 12,
            "29312" : 9,
            "29568" : 4,
            "29824" : 4,
            "30080" : 5,
            "30336" : 10,
            "30592" : 4,
            "30848" : 3,
            "31104" : 6,
            "31360" : 3,
            "31616" : 5,
            "31872" : 4,
            "32128" : 4,
            "32384" : 6,
            "32640" : 8,
            "33024" : 5,
            "33536" : 10,
            "34048" : 7,
            "34560" : 5,
            "35072" : 4,
            "35584" : 5,
            "36096" : 10,
            "36608" : 11,
            "37120" : 13,
            "37632" : 5,
            "38144" : 6,
            "38656" : 10,
            "39168" : 4,
            "39680" : 5,
            "40192" : 4,
            "40704" : 4,
            "41216" : 7,
            "41728" : 3,
            "42240" : 6,
            "42752" : 3,
            "43264" : 1,
            "43776" : 4,
            "44288" : 1,
            "44800" : 6,
            "45312" : 3,
            "45824" : 2,
            "46336" : 3,
            "46848" : 1,
            "47360" : 6,
            "47872" : 3,
            "48384" : 3,
            "48896" : 6,
            "49408" : 3,
            "49920" : 2,
            "50944" : 5,
            "51456" : 3,
            "51968" : 2,
            "52480" : 5,
            "52992" : 2,
            "53504" : 3,
            "54016" : 1,
            "54528" : 4,
            "55040" : 3,
            "55552" : 3,
            "56064" : 3,
            "56576" : 3,
            "57088" : 2,
            "57600" : 6,
            "58112" : 6,
            "59136" : 1,
            "59648" : 3,
            "60160" : 3,
            "60672" : 3,
            "61696" : 2,
            "62208" : 3,
            "62720" : 1,
            "63232" : 1,
            "63744" : 3,
            "64256" : 2,
            "64768" : 6,
            "65280" : 1,
            "66048" : 6,
            "67072" : 1,
            "68096" : 2,
            "69120" : 2,
            "70144" : 5,
            "71168" : 2,
            "72192" : 3,
            "73216" : 3,
            "74240" : 2,
            "75264" : 4,
            "76288" : 3,
            "77312" : 2,
            "78336" : 1,
            "79360" : 3,
            "81408" : 1,
            "82432" : 1,
            "84480" : 3,
            "85504" : 2,
            "86528" : 1,
            "87552" : 3,
            "89600" : 1,
            "90624" : 1,
            "91648" : 1,
            "93696" : 2,
            "95744" : 1,
            "96768" : 1,
            "100864" : 1,
            "103936" : 1,
            "104960" : 2,
            "105984" : 1,
            "110080" : 2,
            "112128" : 1,
            "113152" : 1,
            "114176" : 1,
            "121344" : 1,
            "125440" : 1,
            "127488" : 1,
            "128512" : 2,
            "130560" : 1,
            "132096" : 1,
            "134144" : 1,
            "136192" : 1,
            "142336" : 1,
            "144384" : 1,
            "146432" : 1,
            "148480" : 1,
            "150528" : 2,
            "152576" : 1,
            "154624" : 1,
            "164864" : 1,
            "166912" : 1,
            "171008" : 1,
            "195584" : 2,
            "216064" : 3,
            "218112" : 1,
            "224256" : 1,
            "226304" : 1,
            "230400" : 2,
            "234496" : 1,
            "236544" : 1,
            "238592" : 1,
            "242688" : 2,
            "244736" : 6,
            "246784" : 5,
            "248832" : 3,
            "250880" : 2,
            "252928" : 2,
            "254976" : 4,
            "257024" : 2,
            "259072" : 3,
            "261120" : 3,
            "264192" : 4,
            "268288" : 7,
            "272384" : 5,
            "276480" : 8,
            "280576" : 3,
            "284672" : 3,
            "288768" : 4,
            "292864" : 3,
            "301056" : 2,
            "305152" : 1,
            "313344" : 1,
            "317440" : 1,
            "321536" : 1,
            "325632" : 1,
            "354304" : 1,
            "378880" : 1,
            "387072" : 1,
            "391168" : 2,
            "399360" : 1,
            "403456" : 1,
            "407552" : 2,
            "419840" : 2,
            "423936" : 2,
            "440320" : 1,
            "444416" : 1,
            "464896" : 1,
            "468992" : 1,
            "477184" : 1,
            "481280" : 1,
            "585728" : 1,
            "684032" : 1,
            "692224" : 1,
            "724992" : 1,
            "806912" : 1,
            "839680" : 1,
            "1122304" : 2,
            "1138688" : 1,
            "1761280" : 1,
            "2605056" : 1,
            "2703360" : 1,
            "3620864" : 1,
            "10551296" : 1,
            "20316160" : 1,
            "22413312" : 1,
            "25296896" : 1,
            "26345472" : 1,
            "26869760" : 1,
            "31850496" : 1,
            "35913728" : 1,
            "73924608" : 1,
            "83361792" : 1,
            "100139008" : 1,
            "106430464" : 1,
            "107479040" : 1,
            "108527616" : 1,
            "109576192" : 2,
            "111673344" : 1,
            "117964800" : 1,
            "122159104" : 2,
            "128450560" : 1,
            "135266304" : 1,
            "139460608" : 1,
            "149946368" : 2,
            "156237824" : 2,
            "158334976" : 1,
            "160432128" : 1,
            "166723584" : 1,
            "185597952" : 2,
            "191889408" : 1,
            "193986560" : 1,
            "196083712" : 1
          }
        },
        "lat_ns" : {
          "min" : 2471,
          "max" : 196182503,
          "mean" : 19571.016473,
          "stddev" : 1353854.996384,
          "N" : 300611,
          "percentile" : {
            "1.000000" : 3312,
            "5.000000" : 3760,
            "10.000000" : 4016,
            "20.000000" : 4384,
            "30.000000" : 4768,
            "40.000000" : 5472,
            "50.000000" : 5984,
            "60.000000" : 6368,
            "70.000000" : 6752,
            "80.000000" : 7392,
            "90.000000" : 9408,
            "95.000000" : 10944,
            "99.000000" : 14272,
            "99.500000" : 17792,
            "99.900000" : 55552,
            "99.950000" : 230400,
            "99.990000" : 26345472
          },
          "bins" : {
            "2480" : 5,
            "2512" : 3,
            "2544" : 7,
            "2576" : 12,
            "2608" : 16,
            "2640" : 33,
            "2672" : 37,
            "2704" : 52,
            "2736" : 64,
            "2768" : 59,
            "2800" : 80,
            "2832" : 55,
            "2864" : 78,
            "2896" : 82,
            "2928" : 82,
            "2960" : 88,
            "2992" : 111,
            "3024" : 109,
            "3056" : 126,
            "3088" : 157,
            "3120" : 177,
            "3152" : 199,
            "3184" : 225,
            "3216" : 227,
            "3248" : 300,
            "3280" : 315,
            "3312" : 374,
            "3344" : 404,
            "3376" : 470,
            "3408" : 482,
            "3440" : 607,
            "3472" : 665,
            "3504" : 738,
            "3536" : 789,
            "3568" : 820,
            "3600" : 949,
            "3632" : 1062,
            "3664" : 1171,
            "3696" : 1302,
            "3728" : 1389,
            "3760" : 1465,
            "3792" : 1572,
            "3824" : 1762,
            "3856" : 1825,
            "3888" : 2009,
            "3920" : 2194,
            "3952" : 2154,
            "3984" : 2275,
            "4016" : 2456,
            "4048" : 2478,
            "4080" : 2551,
            "4128" : 5276,
            "4192" : 5728,
            "4256" : 5622,
            "4320" : 5617,
            "4384" : 5467,
            "4448" : 5270,
            "4512" : 5071,
            "4576" : 4650,
            "4640" : 4397,
            "4704" : 4173,
            "4768" : 3640,
            "4832" : 3345,
            "4896" : 3043,
            "4960" : 2972,
            "5024" : 2722,
            "5088" : 2508,
            "5152" : 2394,
            "5216" : 2381,
            "5280" : 2466,
            "5344" : 2407,
            "5408" : 2580,
            "5472" : 2678,
            "5536" : 2891,
            "5600" : 3078,
            "5664" : 3332,
            "5728" : 3461,
            "5792" : 3939,
            "5856" : 4136,
            "5920" : 4371,
            "5984" : 4502,
            "6048" : 4938,
            "6112" : 5143,
            "6176" : 5216,
            "6240" : 5430,
            "6304" : 5326,
            "6368" : 5242,
            "6432" : 5393,
            "6496" : 5181,
            "6560" : 5164,
            "6624" : 4781,
            "6688" : 4589,
            "6752" : 4424,
            "6816" : 4167,
            "6880" : 3926,
            "6944" : 3622,
            "7008" : 3394,
            "7072" : 2974,
            "7136" : 2776,
            "7200" : 2470,
            "7264" : 2290,
            "7328" : 2081,
            "7392" : 2074,
            "7456" : 1866,
            "7520" : 1739,
            "7584" : 1567,
            "7648" : 1399,
            "7712" : 1371,
            "7776" : 1226,
            "7840" : 1204,
            "7904" : 1076,
            "7968" : 1062,
            "8032" : 942,
            "8096" : 927,
            "8160" : 942,
            "8256" : 1796,
            "8384" : 1622,
            "8512" : 1497,
            "8640" : 1565,
            "8768" : 1531,
            "8896" : 1427,
            "9024" : 1393,
            "9152" : 1427,
            "9280" : 1328,
            "9408" : 1327,
            "9536" : 1390,
            "9664" : 1389,
            "9792" : 1383,
            "9920" : 1394,
            "10048" : 1291,
            "10176" : 1236,
            "10304" : 1220,
            "10432" : 1247,
            "10560" : 1144,
            "10688" : 1022,
            "10816" : 1009,
            "10944" : 902,
            "11072" : 876,
            "11200" : 848,
            "11328" : 784,
            "11456" : 760,
            "11584" : 740,
            "11712" : 663,
            "11840" : 631,
            "11968" : 614,
            "12096" : 638,
            "12224" : 540,
            "12352" : 449,
            "12480" : 442,
            "12608" : 413,
            "12736" : 381,
            "12864" : 353,
            "12992" : 329,
            "13120" : 290,
            "13248" : 237,
            "13376" : 243,
            "13504" : 211,
            "13632" : 201,
            "13760" : 176,
            "13888" : 155,
            "14016" : 134,
            "14144" : 157,
            "14272" : 120,
            "14400" : 119,
            "14528" : 119,
            "14656" : 96,
            "14784" : 95,
            "14912" : 67,
            "15040" : 66,
            "15168" : 80,
            "15296" : 67,
            "15424" : 63,
            "15552" : 46,
            "15680" : 49,
            "15808" : 55,
            "15936" : 50,
            "16064" : 47,
            "16192" : 39,
            "16320" : 46,
            "16512" : 84,
            "16768" : 105,
            "17024" : 69,
            "17280" : 65,
            "17536" : 52,
            "17792" : 41,
            "18048" : 48,
            "18304" : 42,
            "18560" : 30,
            "18816" : 43,
            "19072" : 49,
            "19328" : 45,
            "19584" : 41,
            "19840" : 39,
            "20096" : 40,
            "20352" : 26,
            "20608" : 36,
            "20864" : 28,
            "21120" : 16,
            "21376" : 27,
            "21632" : 20,
            "21888" : 25,
            "22144" : 14,
            "22400" : 17,
            "22656" : 13,
            "22912" : 14,
            "23168" : 12,
            "23424" : 18,
            "23680" : 17,
            "23936" : 20,
            "24192" : 11,
            "24448" : 20,
            "24704" : 3,
            "24960" : 11,
            "25216" : 12,
            "25472" : 16,
            "25728" : 9,
            "25984" : 3,
            "26240" : 4,
            "26496" : 9,
            "26752" : 7,
            "27008" : 10,
            "27264" : 13,
            "27520" : 11,
            "27776" : 7,
            "28032" : 9,
            "28288" : 8,
            "28544" : 9,
            "28800" : 16,
            "29056" : 8,
            "29312" : 10,
            "29568" : 9,
            "29824" : 6,
            "30080" : 4,
            "30336" : 9,
            "30592" : 5,
            "30848" : 3,
            "31104" : 5,
            "31360" : 5,
            "31616" : 3,
            "31872" : 8,
            "32128" : 2,
            "32384" : 6,
            "32640" : 8,
            "33024" : 7,
            "33536" : 8,
            "34048" : 7,
            "34560" : 7,
            "35072" : 5,
            "35584" : 4,
            "36096" : 10,
            "36608" : 11,
            "37120" : 10,
            "37632" : 9,
            "38144" : 5,
            "38656" : 9,
            "39168" : 7,
            "39680" : 3,
            "40192" : 6,
            "40704" : 4,
            "41216" : 5,
            "41728" : 3,
            "42240" : 4,
            "42752" : 5,
            "43264" : 2,
            "43776" : 2,
            "44288" : 1,
            "44800" : 7,
            "45312" : 3,
            "45824" : 1,
            "46336" : 4,
            "46848" : 2,
            "47360" : 3,
            "47872" : 6,
            "48384" : 1,
            "48896" : 7,
            "49408" : 3,
            "49920" : 3,
            "50432" : 1,
            "50944" : 3,
            "51456" : 4,
            "51968" : 2,
            "52480" : 4,
            "52992" : 3,
            "53504" : 3,
            "54016" : 3,
            "54528" : 2,
            "55040" : 5,
            "55552" : 2,
            "56064" : 4,
            "56576" : 2,
            "57088" : 3,
            "57600" : 6,
            "58112" : 4,
            "58624" : 3,
            "59136" : 1,
            "59648" : 3,
            "60160" : 2,
            "60672" : 2,
            "61184" : 3,
            "61696" : 2,
            "62208" : 2,
            "62720" : 1,
            "63232" : 1,
            "63744" : 2,
            "64256" : 2,
            "64768" : 4,
            "65280" : 4,
            "66048" : 3,
            "67072" : 4,
            "68096" : 2,
            "69120" : 3,
            "70144" : 5,
            "71168" : 2,
            "72192" : 2,
            "73216" : 3,
            "74240" : 3,
            "75264" : 2,
            "76288" : 5,
            "77312" : 2,
            "78336" : 1,
            "79360" : 3,
            "81408" : 1,
            "82432" : 1,
            "84480" : 2,
            "85504" : 3,
            "87552" : 2,
            "88576" : 1,
            "89600" : 2,
            "90624" : 1,
            "92672" : 1,
            "93696" : 2,
            "96768" : 2,
            "100864" : 1,
            "103936" : 1,
            "104960" : 2,
            "105984" : 1,
            "110080" : 2,
            "111104" : 1,
            "112128" : 1,
            "113152" : 1,
            "114176" : 1,
            "119296" : 1,
            "121344" : 1,
            "125440" : 1,
            "127488" : 1,
            "128512" : 2,
            "130560" : 1,
            "132096" : 1,
            "134144" : 1,
            "136192" : 1,
            "142336" : 1,
            "144384" : 1,
            "146432" : 1,
            "148480" : 1,
            "150528" : 2,
            "152576" : 1,
            "154624" : 1,
            "164864" : 1,
            "166912" : 1,
            "171008" : 1,
            "195584" : 2,
            "216064" : 2,
            "218112" : 2,
            "224256" : 1,
            "226304" : 1,
            "230400" : 2,
            "234496" : 1,
            "236544" : 1,
            "238592" : 1,
            "242688" : 2,
            "244736" : 6,
            "246784" : 5,
            "248832" : 3,
            "250880" : 1,
            "252928" : 3,
            "254976" : 4,
            "257024" : 2,
            "259072" : 3,
            "261120" : 2,
            "264192" : 5,
            "268288" : 7,
            "272384" : 7,
            "276480" : 8,
            "280576" : 3,
            "284672" : 3,
            "288768" : 4,
            "292864" : 3,
            "301056" : 2,
            "305152" : 1,
            "313344" : 1,
            "317440" : 2,
            "321536" : 1,
            "325632" : 1,
            "354304" : 1,
            "378880" : 1,
            "387072" : 1,
            "391168" : 2,
            "399360" : 1,
            "403456" : 1,
            "407552" : 2,
            "419840" : 1,
            "423936" : 3,
            "440320" : 1,
            "444416" : 1,
            "464896" : 1,
            "468992" : 1,
            "477184" : 1,
            "481280" : 1,
            "585728" : 1,
            "684032" : 1,
            "692224" : 1,
            "724992" : 1,
            "806912" : 1,
            "839680" : 1,
            "1122304" : 2,
            "1138688" : 1,
            "1761280" : 1,
            "2605056" : 1,
            "2703360" : 1,
            "3620864" : 1,
            "10551296" : 1,
            "20316160" : 1,
            "22413312" : 1,
            "25296896" : 1,
            "26345472" : 1,
            "26869760" : 1,
            "31850496" : 1,
            "35913728" : 1,
            "73924608" : 1,
            "83361792" : 1,
            "100139008" : 1,
            "106430464" : 1,
            "107479040" : 1,
            "108527616" : 1,
            "109576192" : 2,
            "111673344" : 1,
            "117964800" : 1,
            "122159104" : 2,
            "128450560" : 1,
            "135266304" : 1,
            "139460608" : 1,
            "149946368" : 2,
            "156237824" : 2,
            "158334976" : 1,
            "160432128" : 1,
            "166723584" : 1,
            "185597952" : 2,
            "191889408" : 1,
            "193986560" : 1,
            "196083712" : 1
          }
        },
        "bw_min" : 59136,
        "bw_max" : 117648,
        "bw_agg" : 100.000000,
        "bw_mean" : 79501.241379,
        "bw_dev" : 11042.051212,
        "bw_samples" : 29,
        "iops_min" : 14784,
        "iops_max" : 29412,
        "iops_mean" : 19875.310345,
        "iops_stddev" : 2760.512803,
        "iops_samples" : 29
      },
      "trim" : {
        "io_bytes" : 0,
        "io_kbytes" : 0,
        "bw_bytes" : 0,
        "bw" : 0,
        "iops" : 0.000000,
        "runtime" : 0,
        "total_ios" : 0,
        "short_ios" : 0,
        "drop_ios" : 0,
        "slat_ns" : {
          "min" : 0,
          "max" : 0,
          "mean" : 0.000000,
          "stddev" : 0.000000,
          "N" : 0
        },
        "clat_ns" : {
          "min" : 0,
          "max" : 0,
          "mean" : 0.000000,
          "stddev" : 0.000000,
          "N" : 0
        },
        "lat_ns" : {
          "min" : 0,
          "max" : 0,
          "mean" : 0.000000,
          "stddev" : 0.000000,
          "N" : 0
        },
        "bw_min" : 0,
        "bw_max" : 0,
        "bw_agg" : 0.000000,
        "bw_mean" : 0.000000,
        "bw_dev" : 0.000000,
        "bw_samples" : 0,
        "iops_min" : 0,
        "iops_max" : 0,
        "iops_mean" : 0.000000,
        "iops_stddev" : 0.000000,
        "iops_samples" : 0
      },
      "sync" : {
        "total_ios" : 0,
        "lat_ns" : {
          "min" : 0,
          "max" : 0,
          "mean" : 0.000000,
          "stddev" : 0.000000,
          "N" : 0
        }
      },
      "job_runtime" : 15141,
      "usr_cpu" : 6.921604,
      "sys_cpu" : 36.278978,
      "ctx" : 328729,
      "majf" : 0,
      "minf" : 17,
      "iodepth_level" : {
        "1" : 100.000000,
        "2" : 0.000000,
        "4" : 0.000000,
        "8" : 0.000000,
        "16" : 0.000000,
        "32" : 0.000000,
        ">=64" : 0.000000
      },
      "iodepth_submit" : {
        "0" : 0.000000,
        "4" : 100.000000,
        "8" : 0.000000,
        "16" : 0.000000,
        "32" : 0.000000,
        "64" : 0.000000,
        ">=64" : 0.000000
      },
      "iodepth_complete" : {
        "0" : 0.000000,
        "4" : 100.000000,
        "8" : 0.000000,
        "16" : 0.000000,
        "32" : 0.000000,
        "64" : 0.000000,
        ">=64" : 0.000000
      },
      "latency_ns" : {
        "2" : 0.000000,
        "4" : 0.000000,
        "10" : 0.000000,
        "20" : 0.000000,
        "50" : 0.000000,
        "100" : 0.000000,
        "250" : 0.000000,
        "500" : 0.000000,
        "750" : 0.000000,
        "1000" : 0.000000
      },
      "latency_us" : {
        "2" : 0.000000,
        "4" : 5.640933,
        "10" : 40.805463,
        "20" : 19.908235,
        "50" : 32.754661,
        "100" : 0.512706,
        "250" : 0.254607,
        "500" : 0.091466,
        "750" : 0.010810,
        "1000" : 0.010000
      },
      "latency_ms" : {
        "2" : 0.010000,
        "4" : 0.010000,
        "10" : 0.010000,
        "20" : 0.010000,
        "50" : 0.010000,
        "100" : 0.010000,
        "250" : 0.010000,
        "500" : 0.000000,
        "750" : 0.000000,
        "1000" : 0.000000,
        "2000" : 0.000000,
        ">=2000" : 0.000000
      },
      "latency_depth" : 128,
      "latency_target" : 0,
      "latency_percentile" : 100.000000,
      "latency_window" : 0
    }
  ]
}
