{
  "fio version" : "fio-3.32-36-g5932",
  "timestamp" : 1664235855,
  "timestamp_ms" : 1664235855285,
  "time" : "Tue Sep 27 01:44:15 2022",
  "global options" : {
    "size" : "4M",
    "rw" : "randrw",
    "bs" : "4K",
    "numjobs" : "1",
    "iodepth" : "128",
    "runtime" : "15",
    "end_fsync" : "1",
    "lat_percentiles" : "1",
    "slat_percentiles" : "1",
    "clat_percentiles" : "1"
  },
  "jobs" : [
    {
      "jobname" : "random-rw",
      "groupid" : 0,
      "error" : 0,
      "eta" : 0,
      "elapsed" : 16,
      "job options" : {
        "name" : "random-rw"
      },
      "read" : {
        "io_bytes" : 1905795072,
        "io_kbytes" : 1861128,
        "bw_bytes" : 126942987,
        "bw" : 123967,
        "iops" : 30991.940318,
        "runtime" : 15013,
        "total_ios" : 465282,
        "short_ios" : 0,
        "drop_ios" : 0,
        "slat_ns" : {
          "min" : 0,
          "max" : 0,
          "mean" : 0.000000,
          "stddev" : 0.000000,
          "N" : 0
        },
        "clat_ns" : {
          "min" : 687,
          "max" : 9341274,
          "mean" : 19708.634645,
          "stddev" : 52721.280718,
          "N" : 465282,
          "percentile" : {
            "1.000000" : 964,
            "5.000000" : 1272,
            "10.000000" : 12736,
            "20.000000" : 16064,
            "30.000000" : 16512,
            "40.000000" : 17024,
            "50.000000" : 17280,
            "60.000000" : 17792,
            "70.000000" : 18560,
            "80.000000" : 21120,
            "90.000000" : 27264,
            "95.000000" : 30592,
            "99.000000" : 50432,
            "99.500000" : 76288,
            "99.900000" : 301056,
            "99.950000" : 585728,
            "99.990000" : 2146304
          },
          "bins" : {
            "684" : 1,
            "732" : 3,
            "740" : 3,
            "748" : 6,
            "756" : 5,
            "764" : 20,
            "772" : 23,
            "780" : 40,
            "788" : 43,
            "796" : 68,
            "804" : 67,
            "812" : 74,
            "820" : 87,
            "828" : 88,
            "836" : 105,
            "844" : 120,
            "852" : 132,
            "860" : 149,
            "868" : 148,
            "876" : 179,
            "884" : 220,
            "892" : 226,
            "900" : 227,
            "908" : 282,
            "916" : 271,
            "924" : 312,
            "932" : 362,
            "940" : 389,
            "948" : 389,
            "956" : 425,
            "964" : 452,
            "972" : 481,
            "980" : 510,
            "988" : 499,
            "996" : 489,
            "1004" : 593,
            "1012" : 558,
            "1020" : 621,
            "1032" : 1271,
            "1048" : 1229,
            "1064" : 1229,
            "1080" : 1207,
            "1096" : 1188,
            "1112" : 1123,
            "1128" : 1220,
            "1144" : 1032,
            "1160" : 1002,
            "1176" : 908,
            "1192" : 864,
            "1208" : 690,
            "1224" : 634,
            "1240" : 512,
            "1256" : 425,
            "1272" : 372,
            "1288" : 314,
            "1304" : 284,
            "1320" : 204,
            "1336" : 199,
            "1352" : 163,
            "1368" : 150,
            "1384" : 154,
            "1400" : 124,
            "1416" : 136,
            "1432" : 106,
            "1448" : 107,
            "1464" : 122,
            "1480" : 119,
            "1496" : 104,
            "1512" : 91,
            "1528" : 106,
            "1544" : 95,
            "1560" : 95,
            "1576" : 84,
            "1592" : 86,
            "1608" : 79,
            "1624" : 101,
            "1640" : 74,
            "1656" : 68,
            "1672" : 89,
            "1688" : 74,
            "1704" : 70,
            "1720" : 80,
            "1736" : 75,
            "1752" : 58,
            "1768" : 60,
            "1784" : 73,
            "1800" : 50,
            "1816" : 42,
            "1832" : 54,
            "1848" : 54,
            "1864" : 65,
            "1880" : 47,
            "1896" : 32,
            "1912" : 43,
            "1928" : 45,
            "1944" : 38,
            "1960" : 27,
            "1976" : 31,
            "1992" : 26,
            "2008" : 32,
            "2024" : 30,
            "2040" : 26,
            "2064" : 41,
            "2096" : 41,
            "2128" : 34,
            "2160" : 25,
            "2192" : 28,
            "2224" : 16,
            "2256" : 24,
            "2288" : 18,
            "2320" : 13,
            "2352" : 7,
            "2384" : 10,
            "2416" : 5,
            "2448" : 10,
            "2480" : 6,
            "2512" : 3,
            "2544" : 3,
            "2576" : 6,
            "2608" : 4,
            "2640" : 8,
            "2672" : 6,
            "2704" : 6,
            "2736" : 3,
            "2768" : 4,
            "2800" : 2,
            "2832" : 3,
            "2864" : 6,
            "2896" : 4,
            "2928" : 3,
            "2960" : 5,
            "2992" : 1,
            "3024" : 2,
            "3056" : 2,
            "3088" : 3,
            "3120" : 2,
            "3152" : 2,
            "3184" : 1,
            "3248" : 1,
            "3280" : 3,
            "3376" : 1,
            "3408" : 1,
            "3440" : 2,
            "3472" : 1,
            "3568" : 3,
            "3600" : 2,
            "3664" : 2,
            "3696" : 2,
            "3728" : 1,
            "3824" : 2,
            "3888" : 1,
            "3920" : 1,
            "3952" : 1,
            "4048" : 1,
            "4080" : 4,
            "4192" : 1,
            "4320" : 2,
            "4384" : 2,
            "4448" : 2,
            "4576" : 2,
            "4640" : 2,
            "4704" : 1,
            "4768" : 2,
            "4832" : 3,
            "4896" : 3,
            "4960" : 4,
            "5024" : 1,
            "5216" : 2,
            "5280" : 2,
            "5344" : 2,
            "5408" : 1,
            "5472" : 1,
            "5664" : 1,
            "5728" : 5,
            "5792" : 2,
            "5856" : 2,
            "5984" : 2,
            "6048" : 4,
            "6176" : 1,
            "6368" : 2,
            "6432" : 1,
            "6560" : 1,
            "6752" : 1,
            "6880" : 1,
            "7200" : 2,
            "7712" : 2,
            "7840" : 1,
            "8160" : 1,
            "8256" : 2,
            "8384" : 1,
            "8512" : 1,
            "9024" : 3,
            "9280" : 2,
            "9536" : 1,
            "9664" : 1,
            "9792" : 1,
            "9920" : 1,
            "10304" : 1,
            "10560" : 6,
            "10688" : 30,
            "10816" : 33,
            "10944" : 48,
            "11072" : 52,
            "11200" : 124,
            "11328" : 334,
            "11456" : 729,
            "11584" : 1219,
            "11712" : 1660,
            "11840" : 1910,
            "11968" : 2097,
            "12096" : 2142,
            "12224" : 2179,
            "12352" : 2076,
            "12480" : 1706,
            "12608" : 1414,
            "12736" : 1174,
            "12864" : 928,
            "12992" : 799,
            "13120" : 685,
            "13248" : 640,
            "13376" : 553,
            "13504" : 473,
            "13632" : 412,
            "13760" : 339,
            "13888" : 262,
            "14016" : 231,
            "14144" : 252,
            "14272" : 251,
            "14400" : 249,
            "14528" : 386,
            "14656" : 480,
            "14784" : 565,
            "14912" : 838,
            "15040" : 1446,
            "15168" : 2547,
            "15296" : 3968,
            "15424" : 4721,
            "15552" : 5253,
            "15680" : 5576,
            "15808" : 5742,
            "15936" : 6231,
            "16064" : 7534,
            "16192" : 9744,
            "16320" : 12704,
            "16512" : 31121,
            "16768" : 32082,
            "17024" : 30662,
            "17280" : 29961,
            "17536" : 26440,
            "17792" : 19491,
            "18048" : 14153,
            "18304" : 11221,
            "18560" : 9712,
            "18816" : 9563,
            "19072" : 9067,
            "19328" : 6903,
            "19584" : 4756,
            "19840" : 3867,
            "20096" : 3327,
            "20352" : 2983,
            "20608" : 2833,
            "20864" : 2696,
            "21120" : 2549,
            "21376" : 2314,
            "21632" : 2210,
            "21888" : 2124,
            "22144" : 2020,
            "22400" : 1837,
            "22656" : 1888,
            "22912" : 1740,
            "23168" : 1654,
            "23424" : 1729,
            "23680" : 1774,
            "23936" : 1832,
            "24192" : 1868,
            "24448" : 1804,
            "24704" : 1816,
            "24960" : 1863,
            "25216" : 1964,
            "25472" : 1968,
            "25728" : 2037,
            "25984" : 2039,
            "26240" : 1938,
            "26496" : 1784,
            "26752" : 1782,
            "27008" : 1735,
            "27264" : 1642,
            "27520" : 1745,
            "27776" : 1734,
            "28032" : 1875,
            "28288" : 2018,
            "28544" : 2153,
            "28800" : 1988,
            "29056" : 1932,
            "29312" : 1762,
            "29568" : 1677,
            "29824" : 1590,
            "30080" : 1417,
            "30336" : 1292,
            "30592" : 1199,
            "30848" : 1130,
            "31104" : 1022,
            "31360" : 949,
            "31616" : 909,
            "31872" : 845,
            "32128" : 715,
            "32384" : 682,
            "32640" : 658,
            "33024" : 1185,
            "33536" : 1044,
            "34048" : 910,
            "34560" : 795,
            "35072" : 716,
            "35584" : 608,
            "36096" : 488,
            "36608" : 436,
            "37120" : 409,
            "37632" : 378,
            "38144" : 355,
            "38656" : 365,
            "39168" : 314,
            "39680" : 276,
            "40192" : 235,
            "40704" : 219,
            "41216" : 192,
            "41728" : 197,
            "42240" : 198,
            "42752" : 180,
            "43264" : 215,
            "43776" : 170,
            "44288" : 156,
            "44800" : 160,
            "45312" : 138,
            "45824" : 125,
            "46336" : 115,
            "46848" : 115,
            "47360" : 127,
            "47872" : 97,
            "48384" : 119,
            "48896" : 127,
            "49408" : 113,
            "49920" : 123,
            "50432" : 84,
            "50944" : 95,
            "51456" : 98,
            "51968" : 87,
            "52480" : 90,
            "52992" : 87,
            "53504" : 78,
            "54016" : 76,
            "54528" : 54,
            "55040" : 70,
            "55552" : 62,
            "56064" : 70,
            "56576" : 72,
            "57088" : 66,
            "57600" : 55,
            "58112" : 69,
            "58624" : 61,
            "59136" : 42,
            "59648" : 44,
            "60160" : 38,
            "60672" : 46,
            "61184" : 51,
            "61696" : 49,
            "62208" : 54,
            "62720" : 49,
            "63232" : 43,
            "63744" : 51,
            "64256" : 28,
            "64768" : 40,
            "65280" : 30,
            "66048" : 56,
            "67072" : 47,
            "68096" : 63,
            "69120" : 60,
            "70144" : 53,
            "71168" : 54,
            "72192" : 45,
            "73216" : 43,
            "74240" : 48,
            "75264" : 42,
            "76288" : 44,
            "77312" : 37,
            "78336" : 45,
            "79360" : 40,
            "80384" : 39,
            "81408" : 26,
            "82432" : 33,
            "83456" : 36,
            "84480" : 15,
            "85504" : 27,
            "86528" : 36,
            "87552" : 39,
            "88576" : 26,
            "89600" : 31,
            "90624" : 28,
            "91648" : 21,
            "92672" : 19,
            "93696" : 18,
            "94720" : 26,
            "95744" : 25,
            "96768" : 24,
            "97792" : 23,
            "98816" : 27,
            "99840" : 15,
            "100864" : 12,
            "101888" : 13,
            "102912" : 25,
            "103936" : 22,
            "104960" : 20,
            "105984" : 28,
            "107008" : 20,
            "108032" : 19,
            "109056" : 25,
            "110080" : 17,
            "111104" : 13,
            "112128" : 19,
            "113152" : 17,
            "114176" : 19,
            "115200" : 16,
            "116224" : 19,
            "117248" : 11,
            "118272" : 8,
            "119296" : 13,
            "120320" : 16,
            "121344" : 13,
            "122368" : 15,
            "123392" : 4,
            "124416" : 17,
            "125440" : 14,
            "126464" : 15,
            "127488" : 13,
            "128512" : 13,
            "129536" : 16,
            "130560" : 8,
            "132096" : 21,
            "134144" : 25,
            "136192" : 24,
            "138240" : 29,
            "140288" : 23,
            "142336" : 17,
            "144384" : 18,
            "146432" : 21,
            "148480" : 18,
            "150528" : 21,
            "152576" : 21,
            "154624" : 13,
            "156672" : 8,
            "158720" : 13,
            "160768" : 12,
            "162816" : 12,
            "164864" : 14,
            "166912" : 10,
            "168960" : 9,
            "171008" : 8,
            "173056" : 12,
            "175104" : 7,
            "177152" : 10,
            "179200" : 15,
            "181248" : 5,
            "183296" : 10,
            "185344" : 7,
            "187392" : 9,
            "189440" : 5,
            "191488" : 6,
            "193536" : 5,
            "195584" : 7,
            "197632" : 13,
            "199680" : 9,
            "201728" : 7,
            "203776" : 2,
            "205824" : 5,
            "207872" : 5,
            "209920" : 5,
            "211968" : 5,
            "214016" : 10,
            "216064" : 7,
            "218112" : 6,
            "220160" : 12,
            "222208" : 7,
            "224256" : 5,
            "226304" : 5,
            "228352" : 3,
            "230400" : 5,
            "232448" : 1,
            "234496" : 3,
            "236544" : 8,
            "238592" : 8,
            "240640" : 5,
            "242688" : 4,
            "244736" : 5,
            "246784" : 5,
            "250880" : 9,
            "252928" : 6,
            "254976" : 6,
            "257024" : 3,
            "259072" : 3,
            "261120" : 2,
            "264192" : 12,
            "268288" : 5,
            "272384" : 17,
            "276480" : 11,
            "280576" : 4,
            "284672" : 4,
            "288768" : 4,
            "292864" : 6,
            "296960" : 2,
            "301056" : 4,
            "305152" : 7,
            "309248" : 8,
            "313344" : 3,
            "317440" : 8,
            "321536" : 4,
            "325632" : 2,
            "329728" : 6,
            "333824" : 5,
            "337920" : 8,
            "342016" : 1,
            "346112" : 5,
            "350208" : 6,
            "354304" : 5,
            "358400" : 4,
            "362496" : 5,
            "366592" : 6,
            "370688" : 6,
            "374784" : 6,
            "378880" : 5,
            "382976" : 4,
            "387072" : 2,
            "391168" : 4,
            "395264" : 2,
            "399360" : 4,
            "403456" : 1,
            "407552" : 4,
            "411648" : 3,
            "415744" : 5,
            "419840" : 3,
            "423936" : 5,
            "428032" : 5,
            "432128" : 1,
            "436224" : 1,
            "440320" : 3,
            "444416" : 3,
            "448512" : 3,
            "452608" : 5,
            "456704" : 2,
            "460800" : 4,
            "464896" : 6,
            "468992" : 5,
            "473088" : 4,
            "477184" : 2,
            "481280" : 2,
            "485376" : 2,
            "489472" : 1,
            "493568" : 1,
            "497664" : 2,
            "501760" : 1,
            "505856" : 1,
            "509952" : 2,
            "514048" : 3,
            "518144" : 3,
            "522240" : 3,
            "528384" : 7,
            "536576" : 2,
            "544768" : 2,
            "552960" : 5,
            "561152" : 5,
            "569344" : 2,
            "577536" : 5,
            "585728" : 6,
            "593920" : 2,
            "602112" : 1,
            "610304" : 8,
            "618496" : 3,
            "626688" : 9,
            "634880" : 4,
            "643072" : 2,
            "651264" : 2,
            "659456" : 2,
            "667648" : 3,
            "675840" : 6,
            "684032" : 5,
            "692224" : 2,
            "708608" : 2,
            "716800" : 2,
            "724992" : 1,
            "733184" : 1,
            "741376" : 2,
            "749568" : 2,
            "757760" : 1,
            "765952" : 1,
            "774144" : 2,
            "782336" : 2,
            "798720" : 2,
            "806912" : 2,
            "815104" : 6,
            "823296" : 3,
            "831488" : 5,
            "839680" : 1,
            "847872" : 4,
            "856064" : 3,
            "864256" : 1,
            "872448" : 3,
            "880640" : 2,
            "888832" : 2,
            "905216" : 3,
            "921600" : 2,
            "929792" : 1,
            "937984" : 3,
            "946176" : 1,
            "954368" : 1,
            "962560" : 1,
            "970752" : 1,
            "978944" : 1,
            "987136" : 3,
            "995328" : 1,
            "1003520" : 1,
            "1028096" : 1,
            "1056768" : 2,
            "1073152" : 1,
            "1089536" : 4,
            "1122304" : 1,
            "1155072" : 1,
            "1171456" : 4,
            "1187840" : 2,
            "1204224" : 3,
            "1253376" : 5,
            "1269760" : 2,
            "1286144" : 2,
            "1351680" : 1,
            "1368064" : 1,
            "1384448" : 4,
            "1417216" : 2,
            "1449984" : 1,
            "1466368" : 2,
            "1499136" : 3,
            "1531904" : 1,
            "1564672" : 1,
            "1581056" : 1,
            "1630208" : 1,
            "1695744" : 2,
            "1728512" : 1,
            "1777664" : 1,
            "1810432" : 2,
            "1826816" : 1,
            "1941504" : 4,
            "1957888" : 3,
            "2007040" : 1,
            "2072576" : 1,
            "2088960" : 1,
            "2113536" : 1,
            "2146304" : 1,
            "2179072" : 2,
            "2211840" : 1,
            "2244608" : 1,
            "2277376" : 3,
            "2342912" : 1,
            "2375680" : 1,
            "2441216" : 2,
            "2473984" : 1,
            "2637824" : 2,
            "2703360" : 1,
            "2768896" : 2,
            "3031040" : 1,
            "3129344" : 1,
            "3194880" : 1,
            "3260416" : 1,
            "3325952" : 1,
            "3358720" : 1,
            "3391488" : 1,
            "3457024" : 1,
            "3588096" : 1,
            "4079616" : 1,
            "4358144" : 1,
            "4423680" : 1,
            "4554752" : 1,
            "4685824" : 1,
            "5275648" : 1,
            "5341184" : 2,
            "5603328" : 1,
            "6062080" : 2,
            "6455296" : 1,
            "6848512" : 1,
            "6979584" : 1,
            "7045120" : 2,
            "7569408" : 1,
            "8028160" : 2,
            "9371648" : 1
          }
        },
        "lat_ns" : {
          "min" : 720,
          "max" : 9341322,
          "mean" : 19780.389804,
          "stddev" : 52739.003479,
          "N" : 465282,
          "percentile" : {
            "1.000000" : 1012,
            "5.000000" : 1336,
            "10.000000" : 12736,
            "20.000000" : 16064,
            "30.000000" : 16512,
            "40.000000" : 17024,
            "50.000000" : 17280,
            "60.000000" : 17792,
            "70.000000" : 18816,
            "80.000000" : 21120,
            "90.000000" : 27264,
            "95.000000" : 30848,
            "99.000000" : 50432,
            "99.500000" : 76288,
            "99.900000" : 305152,
            "99.950000" : 585728,
            "99.990000" : 2146304
          },
          "bins" : {
            "724" : 1,
            "764" : 4,
            "780" : 2,
            "788" : 6,
            "796" : 16,
            "804" : 24,
            "812" : 19,
            "820" : 40,
            "828" : 68,
            "836" : 62,
            "844" : 63,
            "852" : 72,
            "860" : 84,
            "868" : 105,
            "876" : 87,
            "884" : 117,
            "892" : 136,
            "900" : 137,
            "908" : 149,
            "916" : 162,
            "924" : 221,
            "932" : 215,
            "940" : 228,
            "948" : 245,
            "956" : 238,
            "964" : 305,
            "972" : 306,
            "980" : 358,
            "988" : 359,
            "996" : 352,
            "1004" : 409,
            "1012" : 442,
            "1020" : 452,
            "1032" : 909,
            "1048" : 977,
            "1064" : 1071,
            "1080" : 1153,
            "1096" : 1151,
            "1112" : 1169,
            "1128" : 1206,
            "1144" : 1156,
            "1160" : 1091,
            "1176" : 1099,
            "1192" : 1022,
            "1208" : 1009,
            "1224" : 953,
            "1240" : 852,
            "1256" : 821,
            "1272" : 636,
            "1288" : 601,
            "1304" : 468,
            "1320" : 429,
            "1336" : 360,
            "1352" : 303,
            "1368" : 262,
            "1384" : 193,
            "1400" : 199,
            "1416" : 144,
            "1432" : 146,
            "1448" : 116,
            "1464" : 153,
            "1480" : 119,
            "1496" : 102,
            "1512" : 111,
            "1528" : 93,
            "1544" : 108,
            "1560" : 102,
            "1576" : 100,
            "1592" : 81,
            "1608" : 92,
            "1624" : 88,
            "1640" : 94,
            "1656" : 78,
            "1672" : 82,
            "1688" : 72,
            "1704" : 84,
            "1720" : 70,
            "1736" : 62,
            "1752" : 81,
            "1768" : 79,
            "1784" : 58,
            "1800" : 69,
            "1816" : 73,
            "1832" : 61,
            "1848" : 61,
            "1864" : 59,
            "1880" : 53,
            "1896" : 49,
            "1912" : 43,
            "1928" : 56,
            "1944" : 54,
            "1960" : 35,
            "1976" : 41,
            "1992" : 50,
            "2008" : 46,
            "2024" : 46,
            "2040" : 30,
            "2064" : 73,
            "2096" : 53,
            "2128" : 57,
            "2160" : 51,
            "2192" : 42,
            "2224" : 50,
            "2256" : 35,
            "2288" : 18,
            "2320" : 17,
            "2352" : 16,
            "2384" : 17,
            "2416" : 23,
            "2448" : 17,
            "2480" : 8,
            "2512" : 8,
            "2544" : 7,
            "2576" : 6,
            "2608" : 11,
            "2640" : 4,
            "2672" : 11,
            "2704" : 1,
            "2736" : 7,
            "2768" : 4,
            "2800" : 2,
            "2832" : 6,
            "2864" : 4,
            "2896" : 6,
            "2928" : 6,
            "2960" : 4,
            "2992" : 3,
            "3024" : 1,
            "3056" : 2,
            "3088" : 2,
            "3120" : 5,
            "3152" : 2,
            "3184" : 3,
            "3216" : 2,
            "3280" : 2,
            "3312" : 4,
            "3344" : 1,
            "3376" : 2,
            "3440" : 1,
            "3472" : 1,
            "3504" : 1,
            "3536" : 2,
            "3568" : 1,
            "3632" : 1,
            "3664" : 1,
            "3696" : 3,
            "3760" : 3,
            "3856" : 1,
            "3888" : 2,
            "3920" : 1,
            "3952" : 2,
            "3984" : 2,
            "4016" : 2,
            "4128" : 3,
            "4192" : 1,
            "4320" : 1,
            "4384" : 1,
            "4448" : 2,
            "4512" : 1,
            "4576" : 2,
            "4640" : 2,
            "4704" : 2,
            "4768" : 3,
            "4832" : 1,
            "4896" : 1,
            "4960" : 3,
            "5024" : 3,
            "5088" : 1,
            "5152" : 1,
            "5216" : 2,
            "5280" : 3,
            "5344" : 2,
            "5408" : 1,
            "5472" : 2,
            "5536" : 1,
            "5600" : 1,
            "5728" : 2,
            "5792" : 2,
            "5920" : 2,
            "5984" : 2,
            "6048" : 1,
            "6112" : 2,
            "6176" : 2,
            "6240" : 3,
            "6368" : 1,
            "6496" : 1,
            "6560" : 1,
            "6624" : 2,
            "6944" : 1,
            "7008" : 1,
            "7328" : 1,
            "7392" : 1,
            "7840" : 1,
            "7904" : 1,
            "8160" : 1,
            "8256" : 1,
            "8384" : 2,
            "8512" : 2,
            "9152" : 1,
            "9408" : 2,
            "9536" : 1,
            "9664" : 2,
            "9920" : 3,
            "10304" : 1,
            "10432" : 1,
            "10560" : 2,
            "10688" : 12,
            "10816" : 37,
            "10944" : 43,
            "11072" : 48,
            "11200" : 76,
            "11328" : 209,
            "11456" : 513,
            "11584" : 978,
            "11712" : 1478,
            "11840" : 1838,
            "11968" : 2059,
            "12096" : 2148,
            "12224" : 2247,
            "12352" : 2207,
            "12480" : 1824,
            "12608" : 1515,
            "12736" : 1266,
            "12864" : 980,
            "12992" : 872,
            "13120" : 694,
            "13248" : 660,
            "13376" : 576,
            "13504" : 532,
            "13632" : 448,
            "13760" : 357,
            "13888" : 299,
            "14016" : 227,
            "14144" : 262,
            "14272" : 239,
            "14400" : 248,
            "14528" : 291,
            "14656" : 461,
            "14784" : 505,
            "14912" : 672,
            "15040" : 1093,
            "15168" : 1967,
            "15296" : 3301,
            "15424" : 4374,
            "15552" : 5040,
            "15680" : 5398,
            "15808" : 5656,
            "15936" : 5851,
            "16064" : 6858,
            "16192" : 8608,
            "16320" : 11501,
            "16512" : 29799,
            "16768" : 32708,
            "17024" : 30819,
            "17280" : 30270,
            "17536" : 27485,
            "17792" : 21257,
            "18048" : 15014,
            "18304" : 11730,
            "18560" : 9877,
            "18816" : 9474,
            "19072" : 9465,
            "19328" : 7404,
            "19584" : 5102,
            "19840" : 3969,
            "20096" : 3481,
            "20352" : 3015,
            "20608" : 2876,
            "20864" : 2713,
            "21120" : 2570,
            "21376" : 2358,
            "21632" : 2230,
            "21888" : 2143,
            "22144" : 2093,
            "22400" : 1853,
            "22656" : 1823,
            "22912" : 1756,
            "23168" : 1707,
            "23424" : 1653,
            "23680" : 1768,
            "23936" : 1816,
            "24192" : 1807,
            "24448" : 1831,
            "24704" : 1772,
            "24960" : 1854,
            "25216" : 1904,
            "25472" : 1943,
            "25728" : 2063,
            "25984" : 1962,
            "26240" : 1993,
            "26496" : 1844,
            "26752" : 1771,
            "27008" : 1783,
            "27264" : 1642,
            "27520" : 1656,
            "27776" : 1714,
            "28032" : 1816,
            "28288" : 1972,
            "28544" : 2083,
            "28800" : 2094,
            "29056" : 1958,
            "29312" : 1842,
            "29568" : 1688,
            "29824" : 1604,
            "30080" : 1508,
            "30336" : 1352,
            "30592" : 1254,
            "30848" : 1124,
            "31104" : 1071,
            "31360" : 958,
            "31616" : 967,
            "31872" : 860,
            "32128" : 734,
            "32384" : 718,
            "32640" : 656,
            "33024" : 1240,
            "33536" : 1061,
            "34048" : 930,
            "34560" : 809,
            "35072" : 761,
            "35584" : 618,
            "36096" : 503,
            "36608" : 443,
            "37120" : 428,
            "37632" : 368,
            "38144" : 373,
            "38656" : 368,
            "39168" : 313,
            "39680" : 290,
            "40192" : 248,
            "40704" : 227,
            "41216" : 189,
            "41728" : 183,
            "42240" : 216,
            "42752" : 178,
            "43264" : 206,
            "43776" : 180,
            "44288" : 162,
            "44800" : 157,
            "45312" : 142,
            "45824" : 127,
            "46336" : 111,
            "46848" : 118,
            "47360" : 122,
            "47872" : 104,
            "48384" : 115,
            "48896" : 126,
            "49408" : 108,
            "49920" : 129,
            "50432" : 89,
            "50944" : 99,
            "51456" : 96,
            "51968" : 90,
            "52480" : 84,
            "52992" : 81,
            "53504" : 94,
            "54016" : 65,
            "54528" : 68,
            "55040" : 60,
            "55552" : 70,
            "56064" : 62,
            "56576" : 66,
            "57088" : 72,
            "57600" : 59,
            "58112" : 65,
            "58624" : 69,
            "59136" : 40,
            "59648" : 42,
            "60160" : 41,
            "60672" : 45,
            "61184" : 51,
            "61696" : 50,
            "62208" : 48,
            "62720" : 53,
            "63232" : 43,
            "63744" : 41,
            "64256" : 43,
            "64768" : 31,
            "65280" : 34,
            "66048" : 56,
            "67072" : 54,
            "68096" : 57,
            "69120" : 60,
            "70144" : 60,
            "71168" : 54,
            "72192" : 40,
            "73216" : 39,
            "74240" : 47,
            "75264" : 47,
            "76288" : 48,
            "77312" : 41,
            "78336" : 38,
            "79360" : 46,
            "80384" : 38,
            "81408" : 29,
            "82432" : 27,
            "83456" : 36,
            "84480" : 20,
            "85504" : 25,
            "86528" : 38,
            "87552" : 38,
            "88576" : 21,
            "89600" : 31,
            "90624" : 28,
            "91648" : 24,
            "92672" : 19,
            "93696" : 14,
            "94720" : 25,
            "95744" : 25,
            "96768" : 24,
            "97792" : 23,
            "98816" : 25,
            "99840" : 22,
            "100864" : 11,
            "101888" : 13,
            "102912" : 25,
            "103936" : 23,
            "104960" : 22,
            "105984" : 29,
            "107008" : 20,
            "108032" : 21,
            "109056" : 23,
            "110080" : 18,
            "111104" : 16,
            "112128" : 20,
            "113152" : 18,
            "114176" : 16,
            "115200" : 14,
            "116224" : 18,
            "117248" : 14,
            "118272" : 9,
            "119296" : 10,
            "120320" : 17,
            "121344" : 13,
            "122368" : 17,
            "123392" : 4,
            "124416" : 16,
            "125440" : 15,
            "126464" : 15,
            "127488" : 13,
            "128512" : 12,
            "129536" : 17,
            "130560" : 9,
            "132096" : 22,
            "134144" : 23,
            "136192" : 24,
            "138240" : 34,
            "140288" : 20,
            "142336" : 17,
            "144384" : 15,
            "146432" : 21,
            "148480" : 18,
            "150528" : 21,
            "152576" : 22,
            "154624" : 13,
            "156672" : 13,
            "158720" : 13,
            "160768" : 13,
            "162816" : 11,
            "164864" : 13,
            "166912" : 10,
            "168960" : 10,
            "171008" : 9,
            "173056" : 12,
            "175104" : 6,
            "177152" : 6,
            "179200" : 16,
            "181248" : 6,
            "183296" : 9,
            "185344" : 6,
            "187392" : 8,
            "189440" : 5,
            "191488" : 7,
            "193536" : 3,
            "195584" : 10,
            "197632" : 14,
            "199680" : 9,
            "201728" : 7,
            "203776" : 6,
            "205824" : 3,
            "207872" : 6,
            "209920" : 5,
            "211968" : 5,
            "214016" : 9,
            "216064" : 8,
            "218112" : 5,
            "220160" : 13,
            "222208" : 9,
            "224256" : 5,
            "226304" : 4,
            "228352" : 4,
            "230400" : 5,
            "232448" : 1,
            "234496" : 4,
            "236544" : 7,
            "238592" : 10,
            "240640" : 5,
            "242688" : 2,
            "244736" : 7,
            "246784" : 5,
            "250880" : 9,
            "252928" : 6,
            "254976" : 6,
            "257024" : 2,
            "259072" : 3,
            "261120" : 1,
            "264192" : 10,
            "268288" : 6,
            "272384" : 19,
            "276480" : 12,
            "280576" : 4,
            "284672" : 4,
            "288768" : 4,
            "292864" : 6,
            "296960" : 3,
            "301056" : 4,
            "305152" : 6,
            "309248" : 9,
            "313344" : 2,
            "317440" : 8,
            "321536" : 4,
            "325632" : 2,
            "329728" : 6,
            "333824" : 4,
            "337920" : 7,
            "342016" : 3,
            "346112" : 5,
            "350208" : 6,
            "354304" : 6,
            "358400" : 3,
            "362496" : 6,
            "366592" : 5,
            "370688" : 7,
            "374784" : 6,
            "378880" : 5,
            "382976" : 4,
            "387072" : 3,
            "391168" : 4,
            "395264" : 2,
            "399360" : 4,
            "403456" : 1,
            "407552" : 4,
            "411648" : 3,
            "415744" : 5,
            "419840" : 3,
            "423936" : 5,
            "428032" : 5,
            "432128" : 1,
            "436224" : 1,
            "440320" : 3,
            "444416" : 3,
            "448512" : 2,
            "452608" : 5,
            "456704" : 2,
            "460800" : 4,
            "464896" : 6,
            "468992" : 5,
            "473088" : 4,
            "477184" : 3,
            "481280" : 2,
            "485376" : 2,
            "493568" : 2,
            "497664" : 1,
            "501760" : 2,
            "505856" : 1,
            "509952" : 1,
            "514048" : 3,
            "518144" : 2,
            "522240" : 3,
            "528384" : 7,
            "536576" : 4,
            "544768" : 2,
            "552960" : 5,
            "561152" : 3,
            "569344" : 4,
            "577536" : 5,
            "585728" : 6,
            "593920" : 2,
            "602112" : 1,
            "610304" : 8,
            "618496" : 3,
            "626688" : 8,
            "634880" : 5,
            "643072" : 2,
            "651264" : 2,
            "659456" : 2,
            "667648" : 3,
            "675840" : 6,
            "684032" : 5,
            "692224" : 2,
            "708608" : 2,
            "716800" : 2,
            "724992" : 1,
            "733184" : 1,
            "741376" : 2,
            "749568" : 2,
            "757760" : 1,
            "765952" : 1,
            "774144" : 2,
            "782336" : 2,
            "798720" : 2,
            "806912" : 2,
            "815104" : 6,
            "823296" : 2,
            "831488" : 6,
            "839680" : 1,
            "847872" : 4,
            "856064" : 2,
            "864256" : 2,
            "872448" : 3,
            "880640" : 2,
            "888832" : 2,
            "905216" : 3,
            "921600" : 2,
            "929792" : 1,
            "937984" : 3,
            "946176" : 1,
            "954368" : 1,
            "962560" : 1,
            "970752" : 1,
            "978944" : 1,
            "987136" : 3,
            "995328" : 1,
            "1003520" : 1,
            "1028096" : 1,
            "1056768" : 2,
            "1073152" : 1,
            "1089536" : 4,
            "1122304" : 1,
            "1155072" : 1,
            "1171456" : 4,
            "1187840" : 2,
            "1204224" : 3,
            "1253376" : 5,
            "1269760" : 2,
            "1286144" : 2,
            "1351680" : 1,
            "1368064" : 1,
            "1384448" : 4,
            "1417216" : 2,
            "1449984" : 1,
            "1466368" : 2,
            "1499136" : 3,
            "1531904" : 1,
            "1564672" : 1,
            "1581056" : 1,
            "1630208" : 1,
            "1695744" : 2,
            "1728512" : 1,
            "1777664" : 1,
            "1810432" : 2,
            "1826816" : 1,
            "1941504" : 4,
            "1957888" : 3,
            "2007040" : 1,
            "2072576" : 1,
            "2088960" : 1,
            "2113536" : 1,
            "2146304" : 1,
            "2179072" : 2,
            "2211840" : 1,
            "2244608" : 1,
            "2277376" : 3,
            "2342912" : 1,
            "2375680" : 1,
            "2441216" : 2,
            "2473984" : 1,
            "2637824" : 2,
            "2703360" : 1,
            "2768896" : 2,
            "3031040" : 1,
            "3129344" : 1,
            "3194880" : 1,
            "3260416" : 1,
            "3325952" : 1,
            "3358720" : 1,
            "3391488" : 1,
            "3457024" : 1,
            "3588096" : 1,
            "4079616" : 1,
            "4358144" : 1,
            "4423680" : 1,
            "4554752" : 1,
            "4685824" : 1,
            "5275648" : 1,
            "5341184" : 2,
            "5603328" : 1,
            "6062080" : 2,
            "6455296" : 1,
            "6848512" : 1,
            "6979584" : 1,
            "7045120" : 2,
            "7569408" : 1,
            "8028160" : 2,
            "9371648" : 1
          }
        },
        "bw_min" : 93584,
        "bw_max" : 143064,
        "bw_agg" : 100.000000,
        "bw_mean" : 124022.620690,
        "bw_dev" : 11987.637645,
        "bw_samples" : 29,
        "iops_min" : 23396,
        "iops_max" : 35766,
        "iops_mean" : 31005.655172,
        "iops_stddev" : 2996.909411,
        "iops_samples" : 29
      },
      "write" : {
        "io_bytes" : 1903202304,
        "io_kbytes" : 1858596,
        "bw_bytes" : 126770286,
        "bw" : 123799,
        "iops" : 30949.776860,
        "runtime" : 15013,
        "total_ios" : 464649,
        "short_ios" : 0,
        "drop_ios" : 0,
        "slat_ns" : {
          "min" : 0,
          "max" : 0,
          "mean" : 0.000000,
          "stddev" : 0.000000,
          "N" : 0
        },
        "clat_ns" : {
          "min" : 1849,
          "max" : 7679416,
          "mean" : 6052.634076,
          "stddev" : 32504.934837,
          "N" : 464649,
          "percentile" : {
            "1.000000" : 2288,
            "5.000000" : 2448,
            "10.000000" : 2544,
            "20.000000" : 2704,
            "30.000000" : 3728,
            "40.000000" : 4320,
            "50.000000" : 4576,
            "60.000000" : 4768,
            "70.000000" : 5536,
            "80.000000" : 6752,
            "90.000000" : 9408,
            "95.000000" : 13120,
            "99.000000" : 22400,
            "99.500000" : 28800,
            "99.900000" : 113152,
            "99.950000" : 288768,
            "99.990000" : 962560
          },
          "bins" : {
            "1848" : 1,
            "1896" : 1,
            "1912" : 1,
            "1928" : 3,
            "1944" : 4,
            "1960" : 2,
            "1976" : 6,
            "1992" : 12,
            "2008" : 14,
            "2024" : 18,
            "2040" : 29,
            "2064" : 87,
            "2096" : 178,
            "2128" : 266,
            "2160" : 365,
            "2192" : 529,
            "2224" : 693,
            "2256" : 1110,
            "2288" : 1508,
            "2320" : 2260,
            "2352" : 3228,
            "2384" : 4535,
            "2416" : 6002,
            "2448" : 7326,
            "2480" : 8452,
            "2512" : 9050,
            "2544" : 9332,
            "2576" : 9381,
            "2608" : 8699,
            "2640" : 7972,
            "2672" : 7109,
            "2704" : 6225,
            "2736" : 5409,
            "2768" : 4557,
            "2800" : 3856,
            "2832" : 3270,
            "2864" : 2662,
            "2896" : 2284,
            "2928" : 2047,
            "2960" : 1702,
            "2992" : 1454,
            "3024" : 1250,
            "3056" : 1020,
            "3088" : 981,
            "3120" : 834,
            "3152" : 757,
            "3184" : 628,
            "3216" : 571,
            "3248" : 527,
            "3280" : 511,
            "3312" : 501,
            "3344" : 574,
            "3376" : 619,
            "3408" : 646,
            "3440" : 714,
            "3472" : 825,
            "3504" : 748,
            "3536" : 904,
            "3568" : 902,
            "3600" : 987,
            "3632" : 983,
            "3664" : 1045,
            "3696" : 1057,
            "3728" : 1054,
            "3760" : 1155,
            "3792" : 1274,
            "3824" : 1337,
            "3856" : 1403,
            "3888" : 1553,
            "3920" : 1543,
            "3952" : 1591,
            "3984" : 1739,
            "4016" : 1812,
            "4048" : 1817,
            "4080" : 2055,
            "4128" : 4925,
            "4192" : 7000,
            "4256" : 9328,
            "4320" : 11617,
            "4384" : 12873,
            "4448" : 13831,
            "4512" : 14146,
            "4576" : 13677,
            "4640" : 12731,
            "4704" : 11843,
            "4768" : 9852,
            "4832" : 8472,
            "4896" : 6800,
            "4960" : 5650,
            "5024" : 4571,
            "5088" : 3819,
            "5152" : 3321,
            "5216" : 2894,
            "5280" : 2607,
            "5344" : 2338,
            "5408" : 2197,
            "5472" : 2099,
            "5536" : 1952,
            "5600" : 1857,
            "5664" : 1805,
            "5728" : 1668,
            "5792" : 1590,
            "5856" : 1411,
            "5920" : 1465,
            "5984" : 1523,
            "6048" : 1836,
            "6112" : 2259,
            "6176" : 2536,
            "6240" : 2667,
            "6304" : 2784,
            "6368" : 3060,
            "6432" : 3211,
            "6496" : 3588,
            "6560" : 3972,
            "6624" : 4049,
            "6688" : 4025,
            "6752" : 3993,
            "6816" : 3641,
            "6880" : 3229,
            "6944" : 2819,
            "7008" : 2408,
            "7072" : 2158,
            "7136" : 1897,
            "7200" : 1585,
            "7264" : 1518,
            "7328" : 1387,
            "7392" : 1231,
            "7456" : 1185,
            "7520" : 1184,
            "7584" : 1097,
            "7648" : 1051,
            "7712" : 1026,
            "7776" : 941,
            "7840" : 898,
            "7904" : 813,
            "7968" : 802,
            "8032" : 697,
            "8096" : 726,
            "8160" : 706,
            "8256" : 1258,
            "8384" : 1213,
            "8512" : 1086,
            "8640" : 1164,
            "8768" : 1091,
            "8896" : 1035,
            "9024" : 994,
            "9152" : 884,
            "9280" : 859,
            "9408" : 838,
            "9536" : 770,
            "9664" : 713,
            "9792" : 695,
            "9920" : 674,
            "10048" : 680,
            "10176" : 733,
            "10304" : 711,
            "10432" : 803,
            "10560" : 847,
            "10688" : 837,
            "10816" : 892,
            "10944" : 878,
            "11072" : 850,
            "11200" : 749,
            "11328" : 725,
            "11456" : 734,
            "11584" : 784,
            "11712" : 734,
            "11840" : 733,
            "11968" : 845,
            "12096" : 780,
            "12224" : 850,
            "12352" : 864,
            "12480" : 865,
            "12608" : 836,
            "12736" : 817,
            "12864" : 757,
            "12992" : 729,
            "13120" : 790,
            "13248" : 823,
            "13376" : 747,
            "13504" : 740,
            "13632" : 655,
            "13760" : 678,
            "13888" : 631,
            "14016" : 655,
            "14144" : 631,
            "14272" : 638,
            "14400" : 524,
            "14528" : 482,
            "14656" : 508,
            "14784" : 447,
            "14912" : 422,
            "15040" : 394,
            "15168" : 391,
            "15296" : 349,
            "15424" : 362,
            "15552" : 359,
            "15680" : 307,
            "15808" : 293,
            "15936" : 267,
            "16064" : 262,
            "16192" : 272,
            "16320" : 259,
            "16512" : 466,
            "16768" : 452,
            "17024" : 427,
            "17280" : 358,
            "17536" : 353,
            "17792" : 374,
            "18048" : 350,
            "18304" : 324,
            "18560" : 316,
            "18816" : 292,
            "19072" : 256,
            "19328" : 274,
            "19584" : 206,
            "19840" : 256,
            "20096" : 243,
            "20352" : 208,
            "20608" : 182,
            "20864" : 201,
            "21120" : 173,
            "21376" : 165,
            "21632" : 175,
            "21888" : 135,
            "22144" : 145,
            "22400" : 153,
            "22656" : 136,
            "22912" : 137,
            "23168" : 115,
            "23424" : 117,
            "23680" : 121,
            "23936" : 128,
            "24192" : 115,
            "24448" : 92,
            "24704" : 90,
            "24960" : 109,
            "25216" : 99,
            "25472" : 87,
            "25728" : 94,
            "25984" : 84,
            "26240" : 84,
            "26496" : 90,
            "26752" : 99,
            "27008" : 88,
            "27264" : 75,
            "27520" : 56,
            "27776" : 48,
            "28032" : 61,
            "28288" : 60,
            "28544" : 55,
            "28800" : 52,
            "29056" : 57,
            "29312" : 56,
            "29568" : 65,
            "29824" : 47,
            "30080" : 46,
            "30336" : 45,
            "30592" : 46,
            "30848" : 36,
            "31104" : 34,
            "31360" : 34,
            "31616" : 22,
            "31872" : 32,
            "32128" : 26,
            "32384" : 33,
            "32640" : 26,
            "33024" : 54,
            "33536" : 43,
            "34048" : 48,
            "34560" : 35,
            "35072" : 33,
            "35584" : 41,
            "36096" : 41,
            "36608" : 37,
            "37120" : 22,
            "37632" : 27,
            "38144" : 29,
            "38656" : 23,
            "39168" : 19,
            "39680" : 16,
            "40192" : 25,
            "40704" : 14,
            "41216" : 15,
            "41728" : 18,
            "42240" : 17,
            "42752" : 12,
            "43264" : 13,
            "43776" : 18,
            "44288" : 14,
            "44800" : 12,
            "45312" : 14,
            "45824" : 10,
            "46336" : 7,
            "46848" : 8,
            "47360" : 7,
            "47872" : 10,
            "48384" : 5,
            "48896" : 3,
            "49408" : 9,
            "49920" : 7,
            "50432" : 10,
            "50944" : 13,
            "51456" : 8,
            "51968" : 6,
            "52480" : 9,
            "52992" : 10,
            "53504" : 4,
            "54016" : 13,
            "54528" : 11,
            "55040" : 7,
            "55552" : 9,
            "56064" : 9,
            "56576" : 13,
            "57088" : 11,
            "57600" : 8,
            "58112" : 12,
            "58624" : 4,
            "59136" : 5,
            "59648" : 7,
            "60160" : 4,
            "60672" : 6,
            "61184" : 4,
            "61696" : 5,
            "62208" : 4,
            "62720" : 5,
            "63232" : 7,
            "63744" : 3,
            "64256" : 5,
            "64768" : 3,
            "65280" : 7,
            "66048" : 9,
            "67072" : 12,
            "68096" : 12,
            "69120" : 10,
            "70144" : 6,
            "71168" : 10,
            "72192" : 12,
            "73216" : 8,
            "74240" : 5,
            "75264" : 4,
            "76288" : 4,
            "77312" : 8,
            "78336" : 7,
            "79360" : 9,
            "80384" : 7,
            "81408" : 4,
            "82432" : 12,
            "83456" : 4,
            "84480" : 7,
            "85504" : 3,
            "86528" : 5,
            "87552" : 2,
            "88576" : 4,
            "89600" : 9,
            "90624" : 8,
            "91648" : 4,
            "92672" : 5,
            "93696" : 6,
            "94720" : 4,
            "95744" : 3,
            "96768" : 7,
            "97792" : 8,
            "98816" : 4,
            "99840" : 8,
            "100864" : 3,
            "101888" : 3,
            "102912" : 10,
            "103936" : 5,
            "104960" : 2,
            "105984" : 6,
            "107008" : 3,
            "108032" : 4,
            "109056" : 4,
            "110080" : 4,
            "111104" : 3,
            "112128" : 6,
            "113152" : 5,
            "114176" : 4,
            "115200" : 8,
            "116224" : 4,
            "117248" : 6,
            "118272" : 1,
            "119296" : 6,
            "121344" : 2,
            "122368" : 5,
            "123392" : 4,
            "124416" : 3,
            "125440" : 5,
            "126464" : 2,
            "127488" : 3,
            "128512" : 1,
            "129536" : 4,
            "130560" : 2,
            "132096" : 4,
            "134144" : 2,
            "136192" : 2,
            "138240" : 6,
            "140288" : 6,
            "142336" : 4,
            "144384" : 2,
            "148480" : 5,
            "150528" : 8,
            "152576" : 4,
            "154624" : 1,
            "156672" : 3,
            "158720" : 2,
            "160768" : 4,
            "162816" : 2,
            "164864" : 3,
            "166912" : 5,
            "168960" : 4,
            "171008" : 3,
            "173056" : 1,
            "175104" : 1,
            "177152" : 3,
            "179200" : 1,
            "181248" : 2,
            "183296" : 2,
            "185344" : 1,
            "187392" : 3,
            "189440" : 3,
            "191488" : 1,
            "195584" : 5,
            "197632" : 3,
            "199680" : 2,
            "201728" : 1,
            "203776" : 3,
            "205824" : 1,
            "207872" : 3,
            "209920" : 3,
            "214016" : 2,
            "216064" : 5,
            "218112" : 1,
            "220160" : 2,
            "222208" : 2,
            "224256" : 2,
            "226304" : 1,
            "228352" : 2,
            "230400" : 2,
            "232448" : 6,
            "238592" : 1,
            "240640" : 2,
            "242688" : 2,
            "246784" : 1,
            "248832" : 2,
            "250880" : 1,
            "252928" : 1,
            "257024" : 3,
            "259072" : 4,
            "261120" : 1,
            "264192" : 3,
            "268288" : 3,
            "272384" : 4,
            "276480" : 2,
            "280576" : 2,
            "284672" : 2,
            "288768" : 3,
            "296960" : 1,
            "301056" : 4,
            "305152" : 6,
            "309248" : 1,
            "313344" : 3,
            "317440" : 3,
            "325632" : 3,
            "329728" : 3,
            "333824" : 4,
            "337920" : 1,
            "342016" : 4,
            "346112" : 3,
            "350208" : 2,
            "354304" : 3,
            "362496" : 2,
            "366592" : 2,
            "370688" : 1,
            "374784" : 5,
            "378880" : 3,
            "382976" : 4,
            "387072" : 3,
            "391168" : 4,
            "395264" : 2,
            "399360" : 1,
            "403456" : 1,
            "407552" : 2,
            "411648" : 1,
            "415744" : 1,
            "419840" : 2,
            "423936" : 2,
            "428032" : 2,
            "432128" : 2,
            "436224" : 1,
            "444416" : 2,
            "448512" : 2,
            "452608" : 4,
            "456704" : 1,
            "460800" : 2,
            "464896" : 1,
            "468992" : 3,
            "473088" : 2,
            "477184" : 2,
            "481280" : 1,
            "485376" : 2,
            "489472" : 1,
            "493568" : 3,
            "497664" : 2,
            "505856" : 1,
            "514048" : 1,
            "518144" : 1,
            "528384" : 3,
            "544768" : 1,
            "552960" : 2,
            "569344" : 2,
            "577536" : 2,
            "585728" : 3,
            "593920" : 2,
            "602112" : 1,
            "618496" : 4,
            "626688" : 1,
            "634880" : 1,
            "643072" : 2,
            "651264" : 4,
            "659456" : 1,
            "667648" : 1,
            "675840" : 1,
            "684032" : 1,
            "692224" : 2,
            "700416" : 3,
            "708608" : 1,
            "716800" : 1,
            "724992" : 2,
            "741376" : 2,
            "749568" : 4,
            "765952" : 2,
            "774144" : 3,
            "782336" : 1,
            "815104" : 1,
            "823296" : 4,
            "831488" : 1,
            "839680" : 1,
            "847872" : 1,
            "856064" : 3,
            "864256" : 1,
            "872448" : 1,
            "888832" : 1,
            "946176" : 1,
            "954368" : 2,
            "962560" : 2,
            "978944" : 2,
            "987136" : 1,
            "1028096" : 1,
            "1036288" : 1,
            "1044480" : 1,
            "1105920" : 1,
            "1122304" : 1,
            "1138688" : 1,
            "1155072" : 1,
            "1171456" : 2,
            "1187840" : 1,
            "1236992" : 1,
            "1318912" : 1,
            "1351680" : 1,
            "1368064" : 1,
            "1384448" : 1,
            "1417216" : 1,
            "1466368" : 1,
            "1499136" : 3,
            "1597440" : 1,
            "1630208" : 1,
            "1662976" : 1,
            "1679360" : 2,
            "1695744" : 1,
            "1810432" : 2,
            "1826816" : 1,
            "2072576" : 1,
            "2244608" : 1,
            "2801664" : 1,
            "2998272" : 1,
            "3817472" : 1,
            "3915776" : 2,
            "4079616" : 1,
            "4145152" : 1,
            "6324224" : 1,
            "6848512" : 1,
            "7307264" : 1,
            "7438336" : 1,
            "7700480" : 1
          }
        },
        "lat_ns" : {
          "min" : 1903,
          "max" : 7679547,
          "mean" : 6148.984993,
          "stddev" : 32535.251166,
          "N" : 464649,
          "percentile" : {
            "1.000000" : 2352,
            "5.000000" : 2480,
            "10.000000" : 2576,
            "20.000000" : 2768,
            "30.000000" : 3792,
            "40.000000" : 4448,
            "50.000000" : 4640,
            "60.000000" : 4896,
            "70.000000" : 5664,
            "80.000000" : 6816,
            "90.000000" : 9536,
            "95.000000" : 13248,
            "99.000000" : 22656,
            "99.500000" : 29056,
            "99.900000" : 115200,
            "99.950000" : 288768,
            "99.990000" : 962560
          },
          "bins" : {
            "1896" : 1,
            "1944" : 1,
            "1960" : 1,
            "1976" : 3,
            "1992" : 3,
            "2008" : 2,
            "2024" : 9,
            "2040" : 7,
            "2064" : 30,
            "2096" : 70,
            "2128" : 121,
            "2160" : 206,
            "2192" : 300,
            "2224" : 431,
            "2256" : 576,
            "2288" : 818,
            "2320" : 1251,
            "2352" : 1815,
            "2384" : 2508,
            "2416" : 3786,
            "2448" : 4968,
            "2480" : 6397,
            "2512" : 7535,
            "2544" : 8687,
            "2576" : 9193,
            "2608" : 9178,
            "2640" : 9065,
            "2672" : 8443,
            "2704" : 7590,
            "2736" : 6988,
            "2768" : 5880,
            "2800" : 5186,
            "2832" : 4289,
            "2864" : 3745,
            "2896" : 3124,
            "2928" : 2523,
            "2960" : 2227,
            "2992" : 1952,
            "3024" : 1601,
            "3056" : 1455,
            "3088" : 1152,
            "3120" : 1025,
            "3152" : 917,
            "3184" : 816,
            "3216" : 724,
            "3248" : 602,
            "3280" : 547,
            "3312" : 522,
            "3344" : 540,
            "3376" : 486,
            "3408" : 609,
            "3440" : 589,
            "3472" : 682,
            "3504" : 755,
            "3536" : 777,
            "3568" : 776,
            "3600" : 819,
            "3632" : 884,
            "3664" : 882,
            "3696" : 943,
            "3728" : 847,
            "3760" : 986,
            "3792" : 963,
            "3824" : 998,
            "3856" : 1057,
            "3888" : 1262,
            "3920" : 1293,
            "3952" : 1373,
            "3984" : 1439,
            "4016" : 1592,
            "4048" : 1634,
            "4080" : 1747,
            "4128" : 3751,
            "4192" : 4507,
            "4256" : 6146,
            "4320" : 8383,
            "4384" : 10509,
            "4448" : 12163,
            "4512" : 13589,
            "4576" : 14015,
            "4640" : 13876,
            "4704" : 13093,
            "4768" : 12258,
            "4832" : 10913,
            "4896" : 8970,
            "4960" : 7576,
            "5024" : 6114,
            "5088" : 4888,
            "5152" : 4125,
            "5216" : 3435,
            "5280" : 3051,
            "5344" : 2673,
            "5408" : 2440,
            "5472" : 2279,
            "5536" : 2107,
            "5600" : 2019,
            "5664" : 1833,
            "5728" : 1869,
            "5792" : 1728,
            "5856" : 1608,
            "5920" : 1484,
            "5984" : 1396,
            "6048" : 1419,
            "6112" : 1688,
            "6176" : 2004,
            "6240" : 2395,
            "6304" : 2548,
            "6368" : 2608,
            "6432" : 2905,
            "6496" : 3191,
            "6560" : 3384,
            "6624" : 3756,
            "6688" : 4029,
            "6752" : 4078,
            "6816" : 3926,
            "6880" : 3791,
            "6944" : 3371,
            "7008" : 2915,
            "7072" : 2592,
            "7136" : 2225,
            "7200" : 2008,
            "7264" : 1648,
            "7328" : 1539,
            "7392" : 1457,
            "7456" : 1349,
            "7520" : 1212,
            "7584" : 1203,
            "7648" : 1176,
            "7712" : 1179,
            "7776" : 1050,
            "7840" : 988,
            "7904" : 942,
            "7968" : 886,
            "8032" : 837,
            "8096" : 732,
            "8160" : 750,
            "8256" : 1421,
            "8384" : 1189,
            "8512" : 1189,
            "8640" : 1113,
            "8768" : 1128,
            "8896" : 1110,
            "9024" : 1017,
            "9152" : 959,
            "9280" : 928,
            "9408" : 828,
            "9536" : 869,
            "9664" : 750,
            "9792" : 722,
            "9920" : 678,
            "10048" : 758,
            "10176" : 671,
            "10304" : 769,
            "10432" : 726,
            "10560" : 822,
            "10688" : 845,
            "10816" : 934,
            "10944" : 929,
            "11072" : 905,
            "11200" : 845,
            "11328" : 807,
            "11456" : 698,
            "11584" : 773,
            "11712" : 790,
            "11840" : 744,
            "11968" : 757,
            "12096" : 823,
            "12224" : 845,
            "12352" : 838,
            "12480" : 853,
            "12608" : 859,
            "12736" : 836,
            "12864" : 810,
            "12992" : 762,
            "13120" : 719,
            "13248" : 800,
            "13376" : 809,
            "13504" : 726,
            "13632" : 730,
            "13760" : 694,
            "13888" : 675,
            "14016" : 610,
            "14144" : 654,
            "14272" : 639,
            "14400" : 612,
            "14528" : 521,
            "14656" : 503,
            "14784" : 505,
            "14912" : 408,
            "15040" : 438,
            "15168" : 374,
            "15296" : 403,
            "15424" : 349,
            "15552" : 357,
            "15680" : 340,
            "15808" : 302,
            "15936" : 286,
            "16064" : 281,
            "16192" : 257,
            "16320" : 269,
            "16512" : 504,
            "16768" : 475,
            "17024" : 416,
            "17280" : 377,
            "17536" : 359,
            "17792" : 353,
            "18048" : 364,
            "18304" : 334,
            "18560" : 325,
            "18816" : 311,
            "19072" : 263,
            "19328" : 271,
            "19584" : 230,
            "19840" : 236,
            "20096" : 249,
            "20352" : 215,
            "20608" : 190,
            "20864" : 197,
            "21120" : 179,
            "21376" : 168,
            "21632" : 178,
            "21888" : 150,
            "22144" : 132,
            "22400" : 142,
            "22656" : 134,
            "22912" : 144,
            "23168" : 133,
            "23424" : 121,
            "23680" : 128,
            "23936" : 118,
            "24192" : 119,
            "24448" : 99,
            "24704" : 96,
            "24960" : 102,
            "25216" : 111,
            "25472" : 75,
            "25728" : 103,
            "25984" : 83,
            "26240" : 84,
            "26496" : 90,
            "26752" : 89,
            "27008" : 88,
            "27264" : 81,
            "27520" : 74,
            "27776" : 53,
            "28032" : 52,
            "28288" : 64,
            "28544" : 55,
            "28800" : 54,
            "29056" : 51,
            "29312" : 56,
            "29568" : 68,
            "29824" : 53,
            "30080" : 48,
            "30336" : 43,
            "30592" : 50,
            "30848" : 45,
            "31104" : 33,
            "31360" : 34,
            "31616" : 25,
            "31872" : 28,
            "32128" : 28,
            "32384" : 25,
            "32640" : 35,
            "33024" : 51,
            "33536" : 53,
            "34048" : 46,
            "34560" : 34,
            "35072" : 38,
            "35584" : 40,
            "36096" : 33,
            "36608" : 44,
            "37120" : 30,
            "37632" : 23,
            "38144" : 24,
            "38656" : 29,
            "39168" : 19,
            "39680" : 13,
            "40192" : 27,
            "40704" : 16,
            "41216" : 13,
            "41728" : 15,
            "42240" : 17,
            "42752" : 12,
            "43264" : 14,
            "43776" : 19,
            "44288" : 15,
            "44800" : 11,
            "45312" : 12,
            "45824" : 9,
            "46336" : 5,
            "46848" : 12,
            "47360" : 6,
            "47872" : 12,
            "48384" : 6,
            "48896" : 3,
            "49408" : 7,
            "49920" : 7,
            "50432" : 8,
            "50944" : 10,
            "51456" : 14,
            "51968" : 3,
            "52480" : 7,
            "52992" : 8,
            "53504" : 6,
            "54016" : 10,
            "54528" : 11,
            "55040" : 9,
            "55552" : 9,
            "56064" : 10,
            "56576" : 9,
            "57088" : 12,
            "57600" : 10,
            "58112" : 9,
            "58624" : 5,
            "59136" : 7,
            "59648" : 7,
            "60160" : 7,
            "60672" : 6,
            "61184" : 3,
            "61696" : 5,
            "62208" : 3,
            "62720" : 6,
            "63232" : 4,
            "63744" : 5,
            "64256" : 4,
            "64768" : 6,
            "65280" : 9,
            "66048" : 10,
            "67072" : 13,
            "68096" : 17,
            "69120" : 9,
            "70144" : 7,
            "71168" : 8,
            "72192" : 12,
            "73216" : 11,
            "74240" : 6,
            "75264" : 4,
            "76288" : 2,
            "77312" : 7,
            "78336" : 9,
            "79360" : 7,
            "80384" : 8,
            "81408" : 7,
            "82432" : 8,
            "83456" : 6,
            "84480" : 10,
            "85504" : 3,
            "86528" : 7,
            "87552" : 4,
            "88576" : 2,
            "89600" : 10,
            "90624" : 7,
            "91648" : 4,
            "92672" : 6,
            "93696" : 7,
            "94720" : 3,
            "95744" : 4,
            "96768" : 7,
            "97792" : 9,
            "98816" : 5,
            "99840" : 3,
            "100864" : 3,
            "101888" : 5,
            "102912" : 5,
            "103936" : 10,
            "104960" : 3,
            "105984" : 4,
            "107008" : 4,
            "108032" : 4,
            "109056" : 5,
            "110080" : 4,
            "111104" : 5,
            "112128" : 4,
            "113152" : 6,
            "114176" : 5,
            "115200" : 9,
            "116224" : 4,
            "117248" : 8,
            "118272" : 3,
            "119296" : 4,
            "120320" : 2,
            "121344" : 2,
            "122368" : 3,
            "123392" : 3,
            "124416" : 3,
            "125440" : 5,
            "126464" : 3,
            "127488" : 2,
            "128512" : 2,
            "129536" : 3,
            "130560" : 2,
            "132096" : 6,
            "134144" : 2,
            "136192" : 2,
            "138240" : 5,
            "140288" : 7,
            "142336" : 2,
            "144384" : 4,
            "146432" : 1,
            "148480" : 4,
            "150528" : 7,
            "152576" : 6,
            "154624" : 3,
            "156672" : 1,
            "158720" : 5,
            "160768" : 4,
            "162816" : 1,
            "164864" : 2,
            "166912" : 4,
            "168960" : 4,
            "171008" : 3,
            "173056" : 2,
            "175104" : 1,
            "177152" : 3,
            "181248" : 2,
            "183296" : 2,
            "185344" : 2,
            "187392" : 2,
            "189440" : 3,
            "191488" : 1,
            "195584" : 4,
            "197632" : 3,
            "199680" : 2,
            "201728" : 2,
            "203776" : 3,
            "205824" : 2,
            "207872" : 2,
            "209920" : 2,
            "211968" : 2,
            "214016" : 2,
            "216064" : 6,
            "218112" : 2,
            "220160" : 2,
            "222208" : 3,
            "224256" : 1,
            "226304" : 1,
            "228352" : 2,
            "230400" : 3,
            "232448" : 5,
            "238592" : 1,
            "240640" : 2,
            "242688" : 1,
            "244736" : 1,
            "246784" : 1,
            "248832" : 1,
            "250880" : 1,
            "252928" : 1,
            "254976" : 1,
            "257024" : 2,
            "259072" : 5,
            "261120" : 1,
            "264192" : 4,
            "268288" : 4,
            "272384" : 5,
            "276480" : 2,
            "280576" : 3,
            "284672" : 2,
            "288768" : 3,
            "296960" : 1,
            "301056" : 3,
            "305152" : 6,
            "309248" : 1,
            "313344" : 1,
            "317440" : 4,
            "325632" : 5,
            "329728" : 3,
            "333824" : 4,
            "337920" : 1,
            "342016" : 4,
            "346112" : 3,
            "350208" : 2,
            "354304" : 2,
            "358400" : 1,
            "362496" : 1,
            "366592" : 2,
            "370688" : 1,
            "374784" : 5,
            "378880" : 4,
            "382976" : 4,
            "387072" : 3,
            "391168" : 4,
            "395264" : 2,
            "399360" : 1,
            "403456" : 1,
            "407552" : 1,
            "411648" : 2,
            "415744" : 1,
            "419840" : 2,
            "423936" : 2,
            "428032" : 2,
            "432128" : 2,
            "436224" : 1,
            "444416" : 2,
            "448512" : 2,
            "452608" : 4,
            "456704" : 1,
            "460800" : 2,
            "464896" : 1,
            "468992" : 2,
            "473088" : 1,
            "477184" : 2,
            "481280" : 1,
            "485376" : 3,
            "489472" : 1,
            "493568" : 3,
            "497664" : 1,
            "505856" : 1,
            "509952" : 1,
            "514048" : 1,
            "518144" : 1,
            "528384" : 4,
            "544768" : 1,
            "552960" : 2,
            "569344" : 2,
            "577536" : 1,
            "585728" : 4,
            "593920" : 1,
            "602112" : 1,
            "618496" : 5,
            "634880" : 2,
            "643072" : 2,
            "651264" : 4,
            "667648" : 2,
            "675840" : 1,
            "684032" : 1,
            "692224" : 2,
            "700416" : 3,
            "708608" : 1,
            "716800" : 1,
            "724992" : 2,
            "741376" : 2,
            "749568" : 4,
            "765952" : 2,
            "774144" : 3,
            "782336" : 1,
            "815104" : 1,
            "823296" : 4,
            "831488" : 1,
            "839680" : 1,
            "847872" : 1,
            "856064" : 1,
            "864256" : 2,
            "872448" : 2,
            "897024" : 1,
            "946176" : 1,
            "954368" : 2,
            "962560" : 2,
            "978944" : 2,
            "987136" : 1,
            "1028096" : 1,
            "1036288" : 1,
            "1044480" : 1,
            "1105920" : 1,
            "1122304" : 1,
            "1138688" : 1,
            "1155072" : 1,
            "1171456" : 2,
            "1187840" : 1,
            "1236992" : 1,
            "1318912" : 1,
            "1351680" : 1,
            "1368064" : 1,
            "1384448" : 1,
            "1417216" : 1,
            "1466368" : 1,
            "1499136" : 3,
            "1597440" : 1,
            "1630208" : 1,
            "1662976" : 1,
            "1679360" : 2,
            "1695744" : 1,
            "1810432" : 2,
            "1826816" : 1,
            "2072576" : 1,
            "2244608" : 1,
            "2801664" : 1,
            "2998272" : 1,
            "3817472" : 1,
            "3915776" : 2,
            "4079616" : 1,
            "4145152" : 1,
            "6324224" : 1,
            "6848512" : 1,
            "7307264" : 1,
            "7438336" : 1,
            "7700480" : 1
          }
        },
        "bw_min" : 94832,
        "bw_max" : 139728,
        "bw_agg" : 100.000000,
        "bw_mean" : 123899.310345,
        "bw_dev" : 11548.966067,
        "bw_samples" : 29,
        "iops_min" : 23708,
        "iops_max" : 34932,
        "iops_mean" : 30974.827586,
        "iops_stddev" : 2887.241517,
        "iops_samples" : 29
      },
      "trim" : {
        "io_bytes" : 0,
        "io_kbytes" : 0,
        "bw_bytes" : 0,
        "bw" : 0,
        "iops" : 0.000000,
        "runtime" : 0,
        "total_ios" : 0,
        "short_ios" : 0,
        "drop_ios" : 0,
        "slat_ns" : {
          "min" : 0,
          "max" : 0,
          "mean" : 0.000000,
          "stddev" : 0.000000,
          "N" : 0
        },
        "clat_ns" : {
          "min" : 0,
          "max" : 0,
          "mean" : 0.000000,
          "stddev" : 0.000000,
          "N" : 0
        },
        "lat_ns" : {
          "min" : 0,
          "max" : 0,
          "mean" : 0.000000,
          "stddev" : 0.000000,
          "N" : 0
        },
        "bw_min" : 0,
        "bw_max" : 0,
        "bw_agg" : 0.000000,
        "bw_mean" : 0.000000,
        "bw_dev" : 0.000000,
        "bw_samples" : 0,
        "iops_min" : 0,
        "iops_max" : 0,
        "iops_mean" : 0.000000,
        "iops_stddev" : 0.000000,
        "iops_samples" : 0
      },
      "sync" : {
        "total_ios" : 0,
        "lat_ns" : {
          "min" : 0,
          "max" : 0,
          "mean" : 0.000000,
          "stddev" : 0.000000,
          "N" : 0
        }
      },
      "job_runtime" : 15012,
      "usr_cpu" : 7.813749,
      "sys_cpu" : 47.248868,
      "ctx" : 579092,
      "majf" : 0,
      "minf" : 18,
      "iodepth_level" : {
        "1" : 100.000000,
        "2" : 0.000000,
        "4" : 0.000000,
        "8" : 0.000000,
        "16" : 0.000000,
        "32" : 0.000000,
        ">=64" : 0.000000
      },
      "iodepth_submit" : {
        "0" : 0.000000,
        "4" : 100.000000,
        "8" : 0.000000,
        "16" : 0.000000,
        "32" : 0.000000,
        "64" : 0.000000,
        ">=64" : 0.000000
      },
      "iodepth_complete" : {
        "0" : 0.000000,
        "4" : 100.000000,
        "8" : 0.000000,
        "16" : 0.000000,
        "32" : 0.000000,
        "64" : 0.000000,
        ">=64" : 0.000000
      },
      "latency_ns" : {
        "2" : 0.000000,
        "4" : 0.000000,
        "10" : 0.000000,
        "20" : 0.000000,
        "50" : 0.000000,
        "100" : 0.000000,
        "250" : 0.000000,
        "500" : 0.000000,
        "750" : 0.010000,
        "1000" : 0.740378
      },
      "latency_us" : {
        "2" : 2.258877,
        "4" : 16.378742,
        "10" : 29.030756,
        "20" : 39.657243,
        "50" : 11.321055,
        "100" : 0.380028,
        "250" : 0.143344,
        "500" : 0.045810,
        "750" : 0.016560,
        "1000" : 0.010000
      },
      "latency_ms" : {
        "2" : 0.010000,
        "4" : 0.010000,
        "10" : 0.010000,
        "20" : 0.000000,
        "50" : 0.000000,
        "100" : 0.000000,
        "250" : 0.000000,
        "500" : 0.000000,
        "750" : 0.000000,
        "1000" : 0.000000,
        "2000" : 0.000000,
        ">=2000" : 0.000000
      },
      "latency_depth" : 128,
      "latency_target" : 0,
      "latency_percentile" : 100.000000,
      "latency_window" : 0
    }
  ]
}
