{
  "fio version" : "fio-3.32-36-g5932",
  "timestamp" : 1664232137,
  "timestamp_ms" : 1664232137128,
  "time" : "Tue Sep 27 00:42:17 2022",
  "global options" : {
    "size" : "32K",
    "rw" : "randrw",
    "bs" : "4K",
    "numjobs" : "1",
    "iodepth" : "1",
    "runtime" : "15",
    "end_fsync" : "1",
    "lat_percentiles" : "1",
    "slat_percentiles" : "1",
    "clat_percentiles" : "1"
  },
  "jobs" : [
    {
      "jobname" : "random-rw",
      "groupid" : 0,
      "error" : 0,
      "eta" : 0,
      "elapsed" : 16,
      "job options" : {
        "name" : "random-rw"
      },
      "read" : {
        "io_bytes" : 4300750848,
        "io_kbytes" : 4199952,
        "bw_bytes" : 286697610,
        "bw" : 279978,
        "iops" : 69994.533698,
        "runtime" : 15001,
        "total_ios" : 1049988,
        "short_ios" : 0,
        "drop_ios" : 0,
        "slat_ns" : {
          "min" : 0,
          "max" : 0,
          "mean" : 0.000000,
          "stddev" : 0.000000,
          "N" : 0
        },
        "clat_ns" : {
          "min" : 584,
          "max" : 7766596,
          "mean" : 7484.908465,
          "stddev" : 16842.435910,
          "N" : 1049988,
          "percentile" : {
            "1.000000" : 620,
            "5.000000" : 636,
            "10.000000" : 668,
            "20.000000" : 788,
            "30.000000" : 956,
            "40.000000" : 7008,
            "50.000000" : 9664,
            "60.000000" : 10176,
            "70.000000" : 10560,
            "80.000000" : 11072,
            "90.000000" : 11584,
            "95.000000" : 14528,
            "99.000000" : 19840,
            "99.500000" : 21888,
            "99.900000" : 37120,
            "99.950000" : 50944,
            "99.990000" : 211968
          },
          "bins" : {
            "588" : 24,
            "596" : 76,
            "604" : 1638,
            "612" : 8450,
            "620" : 15085,
            "628" : 15906,
            "636" : 14479,
            "644" : 14600,
            "652" : 13298,
            "660" : 12870,
            "668" : 12878,
            "676" : 11646,
            "684" : 11639,
            "692" : 10408,
            "700" : 9382,
            "708" : 8017,
            "716" : 6449,
            "724" : 5487,
            "732" : 4401,
            "740" : 4028,
            "748" : 3884,
            "756" : 4207,
            "764" : 5406,
            "772" : 6716,
            "780" : 8357,
            "788" : 9963,
            "796" : 10983,
            "804" : 11876,
            "812" : 11688,
            "820" : 11018,
            "828" : 9848,
            "836" : 7587,
            "844" : 6561,
            "852" : 5013,
            "860" : 3776,
            "868" : 2731,
            "876" : 1899,
            "884" : 1544,
            "892" : 1271,
            "900" : 1172,
            "908" : 1134,
            "916" : 1109,
            "924" : 1287,
            "932" : 1290,
            "940" : 1451,
            "948" : 1703,
            "956" : 1771,
            "964" : 2050,
            "972" : 2281,
            "980" : 2367,
            "988" : 2310,
            "996" : 2150,
            "1004" : 2084,
            "1012" : 1950,
            "1020" : 1800,
            "1032" : 3157,
            "1048" : 2684,
            "1064" : 1965,
            "1080" : 1288,
            "1096" : 882,
            "1112" : 650,
            "1128" : 483,
            "1144" : 433,
            "1160" : 397,
            "1176" : 330,
            "1192" : 299,
            "1208" : 279,
            "1224" : 217,
            "1240" : 213,
            "1256" : 191,
            "1272" : 182,
            "1288" : 196,
            "1304" : 159,
            "1320" : 182,
            "1336" : 148,
            "1352" : 134,
            "1368" : 157,
            "1384" : 117,
            "1400" : 116,
            "1416" : 116,
            "1432" : 93,
            "1448" : 108,
            "1464" : 102,
            "1480" : 84,
            "1496" : 88,
            "1512" : 81,
            "1528" : 83,
            "1544" : 74,
            "1560" : 71,
            "1576" : 65,
            "1592" : 45,
            "1608" : 70,
            "1624" : 58,
            "1640" : 58,
            "1656" : 55,
            "1672" : 39,
            "1688" : 46,
            "1704" : 39,
            "1720" : 33,
            "1736" : 38,
            "1752" : 33,
            "1768" : 48,
            "1784" : 29,
            "1800" : 30,
            "1816" : 31,
            "1832" : 21,
            "1848" : 28,
            "1864" : 24,
            "1880" : 24,
            "1896" : 21,
            "1912" : 19,
            "1928" : 25,
            "1944" : 16,
            "1960" : 29,
            "1976" : 23,
            "1992" : 21,
            "2008" : 16,
            "2024" : 12,
            "2040" : 10,
            "2064" : 29,
            "2096" : 28,
            "2128" : 18,
            "2160" : 18,
            "2192" : 20,
            "2224" : 19,
            "2256" : 20,
            "2288" : 12,
            "2320" : 10,
            "2352" : 13,
            "2384" : 7,
            "2416" : 17,
            "2448" : 14,
            "2480" : 10,
            "2512" : 7,
            "2544" : 3,
            "2576" : 10,
            "2608" : 4,
            "2640" : 5,
            "2672" : 6,
            "2704" : 2,
            "2736" : 1,
            "2768" : 4,
            "2800" : 3,
            "2832" : 1,
            "2864" : 2,
            "2928" : 2,
            "2992" : 2,
            "3024" : 2,
            "3056" : 1,
            "3088" : 1,
            "3120" : 1,
            "3184" : 2,
            "3216" : 1,
            "3280" : 1,
            "3312" : 2,
            "3344" : 1,
            "3408" : 2,
            "3472" : 1,
            "3504" : 1,
            "3568" : 4,
            "3600" : 3,
            "3664" : 2,
            "3696" : 2,
            "3792" : 1,
            "3856" : 1,
            "3888" : 1,
            "3920" : 2,
            "3952" : 2,
            "3984" : 3,
            "4016" : 6,
            "4048" : 10,
            "4080" : 9,
            "4128" : 20,
            "4192" : 23,
            "4256" : 15,
            "4320" : 13,
            "4384" : 34,
            "4448" : 113,
            "4512" : 201,
            "4576" : 150,
            "4640" : 150,
            "4704" : 126,
            "4768" : 185,
            "4832" : 406,
            "4896" : 484,
            "4960" : 401,
            "5024" : 260,
            "5088" : 208,
            "5152" : 200,
            "5216" : 262,
            "5280" : 258,
            "5344" : 185,
            "5408" : 118,
            "5472" : 143,
            "5536" : 159,
            "5600" : 210,
            "5664" : 187,
            "5728" : 123,
            "5792" : 105,
            "5856" : 621,
            "5920" : 2585,
            "5984" : 5359,
            "6048" : 6760,
            "6112" : 6957,
            "6176" : 7594,
            "6240" : 8691,
            "6304" : 7667,
            "6368" : 5169,
            "6432" : 2762,
            "6496" : 1141,
            "6560" : 569,
            "6624" : 378,
            "6688" : 315,
            "6752" : 405,
            "6816" : 786,
            "6880" : 1730,
            "6944" : 2991,
            "7008" : 3731,
            "7072" : 3403,
            "7136" : 2421,
            "7200" : 1491,
            "7264" : 848,
            "7328" : 535,
            "7392" : 411,
            "7456" : 349,
            "7520" : 296,
            "7584" : 209,
            "7648" : 165,
            "7712" : 170,
            "7776" : 165,
            "7840" : 151,
            "7904" : 145,
            "7968" : 147,
            "8032" : 148,
            "8096" : 128,
            "8160" : 128,
            "8256" : 240,
            "8384" : 221,
            "8512" : 223,
            "8640" : 173,
            "8768" : 169,
            "8896" : 264,
            "9024" : 1308,
            "9152" : 4867,
            "9280" : 10421,
            "9408" : 20320,
            "9536" : 33175,
            "9664" : 37751,
            "9792" : 35187,
            "9920" : 28181,
            "10048" : 15014,
            "10176" : 11182,
            "10304" : 22858,
            "10432" : 44303,
            "10560" : 54292,
            "10688" : 39916,
            "10816" : 21607,
            "10944" : 13065,
            "11072" : 16550,
            "11200" : 29166,
            "11328" : 35766,
            "11456" : 24879,
            "11584" : 13490,
            "11712" : 6627,
            "11840" : 3785,
            "11968" : 2922,
            "12096" : 2589,
            "12224" : 2486,
            "12352" : 2367,
            "12480" : 2325,
            "12608" : 2157,
            "12736" : 2068,
            "12864" : 1891,
            "12992" : 1901,
            "13120" : 1815,
            "13248" : 1758,
            "13376" : 1895,
            "13504" : 1701,
            "13632" : 1712,
            "13760" : 1588,
            "13888" : 1536,
            "14016" : 1640,
            "14144" : 1669,
            "14272" : 1626,
            "14400" : 1889,
            "14528" : 1990,
            "14656" : 1929,
            "14784" : 1957,
            "14912" : 2275,
            "15040" : 1989,
            "15168" : 1700,
            "15296" : 1474,
            "15424" : 1416,
            "15552" : 1345,
            "15680" : 1306,
            "15808" : 1221,
            "15936" : 1181,
            "16064" : 1122,
            "16192" : 1148,
            "16320" : 1024,
            "16512" : 1732,
            "16768" : 1619,
            "17024" : 1665,
            "17280" : 1646,
            "17536" : 1617,
            "17792" : 1576,
            "18048" : 1535,
            "18304" : 1535,
            "18560" : 1389,
            "18816" : 1331,
            "19072" : 1259,
            "19328" : 1239,
            "19584" : 1110,
            "19840" : 913,
            "20096" : 851,
            "20352" : 771,
            "20608" : 740,
            "20864" : 670,
            "21120" : 549,
            "21376" : 478,
            "21632" : 429,
            "21888" : 376,
            "22144" : 326,
            "22400" : 284,
            "22656" : 262,
            "22912" : 209,
            "23168" : 197,
            "23424" : 192,
            "23680" : 156,
            "23936" : 118,
            "24192" : 139,
            "24448" : 100,
            "24704" : 105,
            "24960" : 85,
            "25216" : 77,
            "25472" : 73,
            "25728" : 63,
            "25984" : 67,
            "26240" : 72,
            "26496" : 72,
            "26752" : 62,
            "27008" : 58,
            "27264" : 58,
            "27520" : 58,
            "27776" : 55,
            "28032" : 55,
            "28288" : 50,
            "28544" : 47,
            "28800" : 48,
            "29056" : 49,
            "29312" : 42,
            "29568" : 40,
            "29824" : 27,
            "30080" : 49,
            "30336" : 26,
            "30592" : 28,
            "30848" : 27,
            "31104" : 34,
            "31360" : 38,
            "31616" : 30,
            "31872" : 35,
            "32128" : 41,
            "32384" : 25,
            "32640" : 28,
            "33024" : 57,
            "33536" : 40,
            "34048" : 43,
            "34560" : 44,
            "35072" : 32,
            "35584" : 32,
            "36096" : 32,
            "36608" : 31,
            "37120" : 33,
            "37632" : 26,
            "38144" : 33,
            "38656" : 32,
            "39168" : 21,
            "39680" : 27,
            "40192" : 20,
            "40704" : 25,
            "41216" : 23,
            "41728" : 19,
            "42240" : 24,
            "42752" : 21,
            "43264" : 15,
            "43776" : 16,
            "44288" : 17,
            "44800" : 21,
            "45312" : 11,
            "45824" : 9,
            "46336" : 19,
            "46848" : 12,
            "47360" : 17,
            "47872" : 20,
            "48384" : 13,
            "48896" : 18,
            "49408" : 12,
            "49920" : 15,
            "50432" : 7,
            "50944" : 10,
            "51456" : 15,
            "51968" : 9,
            "52480" : 5,
            "52992" : 4,
            "53504" : 9,
            "54016" : 11,
            "54528" : 7,
            "55040" : 8,
            "55552" : 9,
            "56064" : 6,
            "56576" : 7,
            "57088" : 4,
            "57600" : 6,
            "58112" : 1,
            "58624" : 5,
            "59136" : 5,
            "59648" : 9,
            "60160" : 4,
            "60672" : 7,
            "61184" : 8,
            "61696" : 6,
            "62208" : 3,
            "62720" : 8,
            "63232" : 5,
            "63744" : 3,
            "64256" : 2,
            "64768" : 5,
            "65280" : 4,
            "66048" : 12,
            "67072" : 4,
            "68096" : 3,
            "69120" : 7,
            "70144" : 5,
            "71168" : 6,
            "72192" : 5,
            "73216" : 4,
            "74240" : 10,
            "75264" : 5,
            "76288" : 8,
            "77312" : 4,
            "78336" : 4,
            "79360" : 1,
            "80384" : 5,
            "81408" : 7,
            "82432" : 3,
            "83456" : 6,
            "84480" : 6,
            "85504" : 6,
            "86528" : 2,
            "87552" : 2,
            "88576" : 3,
            "90624" : 3,
            "91648" : 4,
            "92672" : 2,
            "93696" : 4,
            "94720" : 3,
            "95744" : 2,
            "96768" : 4,
            "97792" : 3,
            "98816" : 4,
            "99840" : 2,
            "100864" : 1,
            "101888" : 2,
            "102912" : 2,
            "103936" : 3,
            "104960" : 4,
            "107008" : 2,
            "108032" : 2,
            "109056" : 2,
            "110080" : 2,
            "111104" : 2,
            "113152" : 1,
            "115200" : 1,
            "116224" : 2,
            "117248" : 1,
            "119296" : 2,
            "120320" : 1,
            "121344" : 1,
            "122368" : 1,
            "123392" : 1,
            "124416" : 2,
            "126464" : 2,
            "129536" : 1,
            "132096" : 2,
            "134144" : 5,
            "136192" : 3,
            "138240" : 4,
            "142336" : 5,
            "144384" : 3,
            "146432" : 3,
            "148480" : 1,
            "154624" : 4,
            "156672" : 1,
            "158720" : 2,
            "162816" : 1,
            "164864" : 1,
            "166912" : 2,
            "168960" : 1,
            "173056" : 2,
            "177152" : 3,
            "181248" : 2,
            "183296" : 1,
            "195584" : 2,
            "197632" : 1,
            "199680" : 1,
            "205824" : 2,
            "207872" : 1,
            "211968" : 2,
            "214016" : 3,
            "216064" : 1,
            "220160" : 6,
            "226304" : 1,
            "230400" : 1,
            "232448" : 3,
            "236544" : 1,
            "246784" : 2,
            "250880" : 1,
            "272384" : 2,
            "288768" : 2,
            "292864" : 2,
            "296960" : 2,
            "301056" : 2,
            "309248" : 1,
            "313344" : 2,
            "317440" : 2,
            "329728" : 2,
            "337920" : 1,
            "350208" : 1,
            "358400" : 2,
            "362496" : 1,
            "378880" : 1,
            "382976" : 1,
            "395264" : 1,
            "403456" : 1,
            "407552" : 1,
            "411648" : 1,
            "415744" : 2,
            "423936" : 1,
            "428032" : 1,
            "432128" : 2,
            "436224" : 2,
            "444416" : 3,
            "481280" : 1,
            "493568" : 1,
            "528384" : 1,
            "610304" : 1,
            "626688" : 1,
            "675840" : 1,
            "724992" : 1,
            "733184" : 4,
            "741376" : 1,
            "749568" : 2,
            "798720" : 1,
            "806912" : 1,
            "815104" : 1,
            "823296" : 1,
            "872448" : 1,
            "954368" : 1,
            "970752" : 1,
            "1019904" : 2,
            "1122304" : 1,
            "1138688" : 2,
            "1155072" : 1,
            "1335296" : 1,
            "1449984" : 1,
            "1482752" : 2,
            "1499136" : 1,
            "1941504" : 1,
            "2088960" : 2,
            "2113536" : 1,
            "2146304" : 1,
            "2211840" : 1,
            "2637824" : 1,
            "4046848" : 1,
            "4112384" : 1,
            "4489216" : 1,
            "5079040" : 1,
            "7700480" : 1,
            "7766016" : 1
          }
        },
        "lat_ns" : {
          "min" : 615,
          "max" : 7766632,
          "mean" : 7556.923377,
          "stddev" : 16846.676894,
          "N" : 1049988,
          "percentile" : {
            "1.000000" : 652,
            "5.000000" : 676,
            "10.000000" : 700,
            "20.000000" : 828,
            "30.000000" : 1048,
            "40.000000" : 7136,
            "50.000000" : 9664,
            "60.000000" : 10304,
            "70.000000" : 10688,
            "80.000000" : 11200,
            "90.000000" : 11712,
            "95.000000" : 14656,
            "99.000000" : 19840,
            "99.500000" : 21888,
            "99.900000" : 37120,
            "99.950000" : 50944,
            "99.990000" : 211968
          },
          "bins" : {
            "612" : 1,
            "620" : 19,
            "628" : 82,
            "636" : 1167,
            "644" : 5715,
            "652" : 11132,
            "660" : 15380,
            "668" : 16167,
            "676" : 15269,
            "684" : 14527,
            "692" : 13372,
            "700" : 13284,
            "708" : 12383,
            "716" : 11193,
            "724" : 10635,
            "732" : 9397,
            "740" : 8377,
            "748" : 7023,
            "756" : 5304,
            "764" : 4402,
            "772" : 3595,
            "780" : 3087,
            "788" : 3118,
            "796" : 3529,
            "804" : 4193,
            "812" : 5571,
            "820" : 7170,
            "828" : 8608,
            "836" : 9715,
            "844" : 11267,
            "852" : 11871,
            "860" : 11536,
            "868" : 10701,
            "876" : 8661,
            "884" : 7533,
            "892" : 5630,
            "900" : 4335,
            "908" : 3049,
            "916" : 2166,
            "924" : 1573,
            "932" : 1089,
            "940" : 863,
            "948" : 742,
            "956" : 604,
            "964" : 650,
            "972" : 631,
            "980" : 641,
            "988" : 753,
            "996" : 804,
            "1004" : 875,
            "1012" : 996,
            "1020" : 1144,
            "1032" : 2624,
            "1048" : 3331,
            "1064" : 3860,
            "1080" : 3924,
            "1096" : 3873,
            "1112" : 3290,
            "1128" : 2846,
            "1144" : 2216,
            "1160" : 1525,
            "1176" : 1088,
            "1192" : 724,
            "1208" : 640,
            "1224" : 547,
            "1240" : 420,
            "1256" : 382,
            "1272" : 315,
            "1288" : 301,
            "1304" : 260,
            "1320" : 245,
            "1336" : 203,
            "1352" : 194,
            "1368" : 178,
            "1384" : 170,
            "1400" : 160,
            "1416" : 143,
            "1432" : 148,
            "1448" : 109,
            "1464" : 142,
            "1480" : 133,
            "1496" : 94,
            "1512" : 101,
            "1528" : 90,
            "1544" : 103,
            "1560" : 98,
            "1576" : 86,
            "1592" : 89,
            "1608" : 93,
            "1624" : 69,
            "1640" : 63,
            "1656" : 66,
            "1672" : 73,
            "1688" : 50,
            "1704" : 67,
            "1720" : 59,
            "1736" : 55,
            "1752" : 44,
            "1768" : 55,
            "1784" : 53,
            "1800" : 40,
            "1816" : 43,
            "1832" : 23,
            "1848" : 41,
            "1864" : 23,
            "1880" : 38,
            "1896" : 30,
            "1912" : 21,
            "1928" : 34,
            "1944" : 28,
            "1960" : 30,
            "1976" : 35,
            "1992" : 35,
            "2008" : 31,
            "2024" : 21,
            "2040" : 20,
            "2064" : 30,
            "2096" : 38,
            "2128" : 31,
            "2160" : 31,
            "2192" : 34,
            "2224" : 24,
            "2256" : 25,
            "2288" : 19,
            "2320" : 17,
            "2352" : 13,
            "2384" : 20,
            "2416" : 20,
            "2448" : 10,
            "2480" : 10,
            "2512" : 12,
            "2544" : 12,
            "2576" : 18,
            "2608" : 8,
            "2640" : 10,
            "2672" : 9,
            "2704" : 5,
            "2736" : 14,
            "2768" : 5,
            "2800" : 10,
            "2832" : 7,
            "2864" : 9,
            "2896" : 4,
            "2928" : 5,
            "2960" : 1,
            "2992" : 5,
            "3024" : 2,
            "3056" : 3,
            "3088" : 1,
            "3120" : 1,
            "3152" : 1,
            "3184" : 3,
            "3216" : 1,
            "3248" : 1,
            "3280" : 1,
            "3312" : 2,
            "3344" : 2,
            "3376" : 1,
            "3472" : 3,
            "3504" : 1,
            "3536" : 1,
            "3600" : 3,
            "3664" : 2,
            "3696" : 1,
            "3728" : 1,
            "3760" : 2,
            "3792" : 3,
            "3824" : 1,
            "3856" : 1,
            "3920" : 1,
            "3952" : 3,
            "3984" : 1,
            "4016" : 2,
            "4048" : 2,
            "4080" : 7,
            "4128" : 13,
            "4192" : 25,
            "4256" : 32,
            "4320" : 31,
            "4384" : 15,
            "4448" : 20,
            "4512" : 90,
            "4576" : 171,
            "4640" : 188,
            "4704" : 147,
            "4768" : 131,
            "4832" : 157,
            "4896" : 317,
            "4960" : 501,
            "5024" : 450,
            "5088" : 319,
            "5152" : 213,
            "5216" : 220,
            "5280" : 280,
            "5344" : 277,
            "5408" : 270,
            "5472" : 236,
            "5536" : 329,
            "5600" : 390,
            "5664" : 367,
            "5728" : 318,
            "5792" : 175,
            "5856" : 154,
            "5920" : 827,
            "5984" : 3037,
            "6048" : 5686,
            "6112" : 7032,
            "6176" : 7639,
            "6240" : 8706,
            "6304" : 8915,
            "6368" : 6715,
            "6432" : 4240,
            "6496" : 1904,
            "6560" : 798,
            "6624" : 476,
            "6688" : 344,
            "6752" : 280,
            "6816" : 310,
            "6880" : 693,
            "6944" : 1761,
            "7008" : 3082,
            "7072" : 3736,
            "7136" : 3349,
            "7200" : 2398,
            "7264" : 1499,
            "7328" : 890,
            "7392" : 550,
            "7456" : 428,
            "7520" : 349,
            "7584" : 314,
            "7648" : 245,
            "7712" : 203,
            "7776" : 191,
            "7840" : 241,
            "7904" : 255,
            "7968" : 297,
            "8032" : 272,
            "8096" : 218,
            "8160" : 194,
            "8256" : 276,
            "8384" : 277,
            "8512" : 251,
            "8640" : 243,
            "8768" : 228,
            "8896" : 218,
            "9024" : 685,
            "9152" : 3190,
            "9280" : 7860,
            "9408" : 15938,
            "9536" : 29089,
            "9664" : 38581,
            "9792" : 37244,
            "9920" : 31377,
            "10048" : 18342,
            "10176" : 9909,
            "10304" : 16013,
            "10432" : 35977,
            "10560" : 54188,
            "10688" : 47857,
            "10816" : 27794,
            "10944" : 14613,
            "11072" : 13905,
            "11200" : 24212,
            "11328" : 35644,
            "11456" : 29589,
            "11584" : 16489,
            "11712" : 8148,
            "11840" : 4269,
            "11968" : 3067,
            "12096" : 2659,
            "12224" : 2514,
            "12352" : 2331,
            "12480" : 2368,
            "12608" : 2258,
            "12736" : 2031,
            "12864" : 1955,
            "12992" : 1957,
            "13120" : 1800,
            "13248" : 1744,
            "13376" : 1790,
            "13504" : 1906,
            "13632" : 1681,
            "13760" : 1676,
            "13888" : 1552,
            "14016" : 1574,
            "14144" : 1654,
            "14272" : 1634,
            "14400" : 1656,
            "14528" : 1932,
            "14656" : 1987,
            "14784" : 1895,
            "14912" : 2066,
            "15040" : 2262,
            "15168" : 1851,
            "15296" : 1552,
            "15424" : 1510,
            "15552" : 1481,
            "15680" : 1497,
            "15808" : 1601,
            "15936" : 1389,
            "16064" : 1248,
            "16192" : 1170,
            "16320" : 1119,
            "16512" : 1846,
            "16768" : 1617,
            "17024" : 1621,
            "17280" : 1671,
            "17536" : 1653,
            "17792" : 1632,
            "18048" : 1734,
            "18304" : 1745,
            "18560" : 1482,
            "18816" : 1336,
            "19072" : 1330,
            "19328" : 1260,
            "19584" : 1157,
            "19840" : 974,
            "20096" : 906,
            "20352" : 772,
            "20608" : 771,
            "20864" : 688,
            "21120" : 608,
            "21376" : 514,
            "21632" : 464,
            "21888" : 385,
            "22144" : 364,
            "22400" : 315,
            "22656" : 263,
            "22912" : 247,
            "23168" : 201,
            "23424" : 179,
            "23680" : 189,
            "23936" : 128,
            "24192" : 140,
            "24448" : 122,
            "24704" : 102,
            "24960" : 96,
            "25216" : 84,
            "25472" : 80,
            "25728" : 61,
            "25984" : 59,
            "26240" : 74,
            "26496" : 78,
            "26752" : 65,
            "27008" : 59,
            "27264" : 57,
            "27520" : 64,
            "27776" : 54,
            "28032" : 57,
            "28288" : 53,
            "28544" : 51,
            "28800" : 49,
            "29056" : 43,
            "29312" : 47,
            "29568" : 38,
            "29824" : 38,
            "30080" : 39,
            "30336" : 36,
            "30592" : 28,
            "30848" : 29,
            "31104" : 30,
            "31360" : 37,
            "31616" : 38,
            "31872" : 32,
            "32128" : 38,
            "32384" : 30,
            "32640" : 29,
            "33024" : 56,
            "33536" : 38,
            "34048" : 48,
            "34560" : 43,
            "35072" : 37,
            "35584" : 28,
            "36096" : 37,
            "36608" : 32,
            "37120" : 33,
            "37632" : 29,
            "38144" : 31,
            "38656" : 35,
            "39168" : 17,
            "39680" : 30,
            "40192" : 21,
            "40704" : 24,
            "41216" : 21,
            "41728" : 22,
            "42240" : 21,
            "42752" : 24,
            "43264" : 17,
            "43776" : 16,
            "44288" : 18,
            "44800" : 18,
            "45312" : 15,
            "45824" : 9,
            "46336" : 19,
            "46848" : 11,
            "47360" : 18,
            "47872" : 18,
            "48384" : 12,
            "48896" : 18,
            "49408" : 15,
            "49920" : 14,
            "50432" : 9,
            "50944" : 11,
            "51456" : 9,
            "51968" : 13,
            "52480" : 4,
            "52992" : 5,
            "53504" : 7,
            "54016" : 13,
            "54528" : 6,
            "55040" : 9,
            "55552" : 8,
            "56064" : 7,
            "56576" : 8,
            "57088" : 5,
            "57600" : 5,
            "58112" : 2,
            "58624" : 3,
            "59136" : 5,
            "59648" : 9,
            "60160" : 5,
            "60672" : 6,
            "61184" : 7,
            "61696" : 7,
            "62208" : 2,
            "62720" : 8,
            "63232" : 6,
            "63744" : 4,
            "64256" : 2,
            "64768" : 5,
            "65280" : 4,
            "66048" : 12,
            "67072" : 4,
            "68096" : 3,
            "69120" : 7,
            "70144" : 5,
            "71168" : 6,
            "72192" : 5,
            "73216" : 4,
            "74240" : 9,
            "75264" : 4,
            "76288" : 9,
            "77312" : 3,
            "78336" : 5,
            "79360" : 2,
            "80384" : 3,
            "81408" : 9,
            "82432" : 3,
            "83456" : 6,
            "84480" : 6,
            "85504" : 6,
            "86528" : 2,
            "87552" : 2,
            "88576" : 3,
            "90624" : 3,
            "91648" : 4,
            "93696" : 6,
            "94720" : 2,
            "95744" : 3,
            "96768" : 4,
            "97792" : 3,
            "98816" : 4,
            "99840" : 2,
            "100864" : 1,
            "101888" : 2,
            "102912" : 2,
            "103936" : 2,
            "104960" : 4,
            "105984" : 1,
            "107008" : 2,
            "108032" : 1,
            "109056" : 3,
            "110080" : 2,
            "111104" : 1,
            "112128" : 1,
            "113152" : 1,
            "115200" : 1,
            "116224" : 1,
            "117248" : 2,
            "119296" : 2,
            "120320" : 1,
            "121344" : 1,
            "122368" : 1,
            "123392" : 1,
            "124416" : 2,
            "126464" : 2,
            "130560" : 1,
            "132096" : 2,
            "134144" : 6,
            "136192" : 3,
            "138240" : 4,
            "142336" : 5,
            "144384" : 3,
            "146432" : 3,
            "148480" : 1,
            "154624" : 4,
            "156672" : 1,
            "158720" : 2,
            "162816" : 1,
            "164864" : 1,
            "166912" : 2,
            "168960" : 1,
            "173056" : 2,
            "177152" : 2,
            "179200" : 1,
            "181248" : 2,
            "183296" : 1,
            "195584" : 2,
            "197632" : 1,
            "199680" : 1,
            "205824" : 2,
            "207872" : 1,
            "211968" : 2,
            "214016" : 3,
            "216064" : 1,
            "220160" : 6,
            "226304" : 1,
            "230400" : 1,
            "232448" : 3,
            "236544" : 1,
            "246784" : 2,
            "250880" : 1,
            "272384" : 2,
            "288768" : 2,
            "292864" : 2,
            "296960" : 2,
            "301056" : 2,
            "309248" : 1,
            "313344" : 2,
            "317440" : 2,
            "329728" : 2,
            "337920" : 1,
            "350208" : 1,
            "358400" : 2,
            "362496" : 1,
            "378880" : 1,
            "382976" : 1,
            "395264" : 1,
            "403456" : 1,
            "407552" : 1,
            "411648" : 1,
            "415744" : 2,
            "423936" : 1,
            "428032" : 1,
            "432128" : 2,
            "436224" : 2,
            "444416" : 3,
            "481280" : 1,
            "493568" : 1,
            "528384" : 1,
            "610304" : 1,
            "626688" : 1,
            "675840" : 1,
            "724992" : 1,
            "733184" : 4,
            "741376" : 1,
            "749568" : 2,
            "798720" : 1,
            "806912" : 1,
            "815104" : 1,
            "823296" : 1,
            "872448" : 1,
            "954368" : 1,
            "970752" : 1,
            "1019904" : 2,
            "1122304" : 1,
            "1138688" : 2,
            "1155072" : 1,
            "1335296" : 1,
            "1449984" : 1,
            "1482752" : 2,
            "1499136" : 1,
            "1941504" : 1,
            "2088960" : 2,
            "2113536" : 1,
            "2146304" : 1,
            "2211840" : 1,
            "2637824" : 1,
            "4046848" : 1,
            "4112384" : 1,
            "4489216" : 1,
            "5079040" : 1,
            "7700480" : 1,
            "7766016" : 1
          }
        },
        "bw_min" : 243544,
        "bw_max" : 307184,
        "bw_agg" : 100.000000,
        "bw_mean" : 280215.724138,
        "bw_dev" : 15655.054133,
        "bw_samples" : 29,
        "iops_min" : 60886,
        "iops_max" : 76796,
        "iops_mean" : 70054.000000,
        "iops_stddev" : 3913.746579,
        "iops_samples" : 29
      },
      "write" : {
        "io_bytes" : 4295880704,
        "io_kbytes" : 4195196,
        "bw_bytes" : 286372955,
        "bw" : 279661,
        "iops" : 69915.272315,
        "runtime" : 15001,
        "total_ios" : 1048799,
        "short_ios" : 0,
        "drop_ios" : 0,
        "slat_ns" : {
          "min" : 0,
          "max" : 0,
          "mean" : 0.000000,
          "stddev" : 0.000000,
          "N" : 0
        },
        "clat_ns" : {
          "min" : 856,
          "max" : 2063295,
          "mean" : 1940.261883,
          "stddev" : 3028.207554,
          "N" : 1048799,
          "percentile" : {
            "1.000000" : 1064,
            "5.000000" : 1080,
            "10.000000" : 1096,
            "20.000000" : 1368,
            "30.000000" : 1416,
            "40.000000" : 1464,
            "50.000000" : 1656,
            "60.000000" : 1816,
            "70.000000" : 2192,
            "80.000000" : 2288,
            "90.000000" : 2544,
            "95.000000" : 3088,
            "99.000000" : 7072,
            "99.500000" : 8768,
            "99.900000" : 12736,
            "99.950000" : 15808,
            "99.990000" : 36096
          },
          "bins" : {
            "860" : 2,
            "868" : 11,
            "876" : 29,
            "884" : 50,
            "892" : 53,
            "900" : 31,
            "908" : 11,
            "916" : 11,
            "924" : 5,
            "932" : 3,
            "940" : 5,
            "948" : 5,
            "956" : 1,
            "964" : 7,
            "972" : 5,
            "980" : 10,
            "988" : 14,
            "996" : 16,
            "1004" : 39,
            "1012" : 59,
            "1020" : 63,
            "1032" : 236,
            "1048" : 5673,
            "1064" : 26688,
            "1080" : 45579,
            "1096" : 44821,
            "1112" : 24964,
            "1128" : 12678,
            "1144" : 6482,
            "1160" : 4809,
            "1176" : 4941,
            "1192" : 4374,
            "1208" : 3268,
            "1224" : 2200,
            "1240" : 1341,
            "1256" : 990,
            "1272" : 708,
            "1288" : 634,
            "1304" : 1209,
            "1320" : 2723,
            "1336" : 4165,
            "1352" : 5421,
            "1368" : 10735,
            "1384" : 25066,
            "1400" : 40658,
            "1416" : 48176,
            "1432" : 41056,
            "1448" : 30295,
            "1464" : 20431,
            "1480" : 13413,
            "1496" : 9808,
            "1512" : 7707,
            "1528" : 6601,
            "1544" : 6033,
            "1560" : 5592,
            "1576" : 6142,
            "1592" : 7253,
            "1608" : 9129,
            "1624" : 11793,
            "1640" : 13659,
            "1656" : 15933,
            "1672" : 16019,
            "1688" : 15623,
            "1704" : 13843,
            "1720" : 11081,
            "1736" : 9375,
            "1752" : 7634,
            "1768" : 7050,
            "1784" : 7178,
            "1800" : 7076,
            "1816" : 7454,
            "1832" : 7334,
            "1848" : 7197,
            "1864" : 6599,
            "1880" : 5851,
            "1896" : 5345,
            "1912" : 4396,
            "1928" : 4021,
            "1944" : 3446,
            "1960" : 2933,
            "1976" : 2584,
            "1992" : 2278,
            "2008" : 2173,
            "2024" : 2064,
            "2040" : 1931,
            "2064" : 4628,
            "2096" : 6974,
            "2128" : 11031,
            "2160" : 17130,
            "2192" : 24393,
            "2224" : 30989,
            "2256" : 31993,
            "2288" : 26144,
            "2320" : 19201,
            "2352" : 15061,
            "2384" : 12972,
            "2416" : 12993,
            "2448" : 13150,
            "2480" : 12261,
            "2512" : 10606,
            "2544" : 8486,
            "2576" : 7057,
            "2608" : 5420,
            "2640" : 4204,
            "2672" : 3543,
            "2704" : 3252,
            "2736" : 3353,
            "2768" : 3149,
            "2800" : 2750,
            "2832" : 2394,
            "2864" : 2000,
            "2896" : 1626,
            "2928" : 1339,
            "2960" : 1064,
            "2992" : 1013,
            "3024" : 947,
            "3056" : 843,
            "3088" : 756,
            "3120" : 698,
            "3152" : 627,
            "3184" : 604,
            "3216" : 547,
            "3248" : 549,
            "3280" : 543,
            "3312" : 494,
            "3344" : 494,
            "3376" : 473,
            "3408" : 405,
            "3440" : 427,
            "3472" : 389,
            "3504" : 415,
            "3536" : 419,
            "3568" : 348,
            "3600" : 396,
            "3632" : 392,
            "3664" : 400,
            "3696" : 367,
            "3728" : 353,
            "3760" : 329,
            "3792" : 313,
            "3824" : 316,
            "3856" : 329,
            "3888" : 385,
            "3920" : 342,
            "3952" : 347,
            "3984" : 327,
            "4016" : 322,
            "4048" : 319,
            "4080" : 271,
            "4128" : 620,
            "4192" : 610,
            "4256" : 594,
            "4320" : 582,
            "4384" : 523,
            "4448" : 541,
            "4512" : 547,
            "4576" : 532,
            "4640" : 544,
            "4704" : 491,
            "4768" : 530,
            "4832" : 507,
            "4896" : 485,
            "4960" : 476,
            "5024" : 498,
            "5088" : 515,
            "5152" : 495,
            "5216" : 530,
            "5280" : 545,
            "5344" : 641,
            "5408" : 701,
            "5472" : 625,
            "5536" : 674,
            "5600" : 714,
            "5664" : 822,
            "5728" : 921,
            "5792" : 965,
            "5856" : 806,
            "5920" : 816,
            "5984" : 922,
            "6048" : 1024,
            "6112" : 1011,
            "6176" : 824,
            "6240" : 718,
            "6304" : 737,
            "6368" : 770,
            "6432" : 745,
            "6496" : 578,
            "6560" : 487,
            "6624" : 398,
            "6688" : 396,
            "6752" : 452,
            "6816" : 409,
            "6880" : 389,
            "6944" : 339,
            "7008" : 289,
            "7072" : 302,
            "7136" : 304,
            "7200" : 326,
            "7264" : 309,
            "7328" : 258,
            "7392" : 170,
            "7456" : 143,
            "7520" : 128,
            "7584" : 169,
            "7648" : 139,
            "7712" : 131,
            "7776" : 119,
            "7840" : 104,
            "7904" : 126,
            "7968" : 139,
            "8032" : 176,
            "8096" : 156,
            "8160" : 164,
            "8256" : 309,
            "8384" : 379,
            "8512" : 425,
            "8640" : 444,
            "8768" : 425,
            "8896" : 366,
            "9024" : 376,
            "9152" : 277,
            "9280" : 259,
            "9408" : 249,
            "9536" : 202,
            "9664" : 165,
            "9792" : 155,
            "9920" : 141,
            "10048" : 110,
            "10176" : 108,
            "10304" : 110,
            "10432" : 122,
            "10560" : 111,
            "10688" : 114,
            "10816" : 126,
            "10944" : 100,
            "11072" : 115,
            "11200" : 128,
            "11328" : 102,
            "11456" : 98,
            "11584" : 85,
            "11712" : 86,
            "11840" : 76,
            "11968" : 66,
            "12096" : 59,
            "12224" : 48,
            "12352" : 44,
            "12480" : 34,
            "12608" : 46,
            "12736" : 38,
            "12864" : 42,
            "12992" : 39,
            "13120" : 40,
            "13248" : 26,
            "13376" : 22,
            "13504" : 35,
            "13632" : 24,
            "13760" : 20,
            "13888" : 26,
            "14016" : 22,
            "14144" : 26,
            "14272" : 24,
            "14400" : 18,
            "14528" : 9,
            "14656" : 20,
            "14784" : 19,
            "14912" : 21,
            "15040" : 16,
            "15168" : 12,
            "15296" : 15,
            "15424" : 11,
            "15552" : 12,
            "15680" : 8,
            "15808" : 11,
            "15936" : 9,
            "16064" : 9,
            "16192" : 2,
            "16320" : 9,
            "16512" : 15,
            "16768" : 15,
            "17024" : 9,
            "17280" : 10,
            "17536" : 10,
            "17792" : 14,
            "18048" : 6,
            "18304" : 12,
            "18560" : 11,
            "18816" : 15,
            "19072" : 7,
            "19328" : 9,
            "19584" : 10,
            "19840" : 8,
            "20096" : 3,
            "20352" : 8,
            "20608" : 6,
            "20864" : 6,
            "21120" : 7,
            "21376" : 13,
            "21632" : 4,
            "21888" : 6,
            "22144" : 4,
            "22400" : 9,
            "22656" : 12,
            "22912" : 7,
            "23168" : 6,
            "23424" : 6,
            "23680" : 5,
            "23936" : 4,
            "24192" : 3,
            "24448" : 6,
            "24704" : 9,
            "24960" : 6,
            "25216" : 3,
            "25472" : 7,
            "25728" : 9,
            "25984" : 3,
            "26240" : 5,
            "26496" : 5,
            "27008" : 3,
            "27264" : 1,
            "27520" : 6,
            "27776" : 3,
            "28032" : 3,
            "28288" : 2,
            "28544" : 3,
            "29056" : 2,
            "29312" : 3,
            "29568" : 2,
            "30080" : 2,
            "30336" : 2,
            "30592" : 2,
            "30848" : 2,
            "31104" : 5,
            "31360" : 4,
            "31616" : 6,
            "32128" : 4,
            "32384" : 1,
            "32640" : 1,
            "33024" : 2,
            "33536" : 3,
            "34048" : 3,
            "35072" : 3,
            "35584" : 5,
            "36096" : 4,
            "36608" : 1,
            "37120" : 2,
            "37632" : 3,
            "38656" : 4,
            "39168" : 1,
            "39680" : 2,
            "40192" : 2,
            "40704" : 3,
            "41216" : 5,
            "42240" : 1,
            "42752" : 1,
            "43776" : 1,
            "44288" : 3,
            "44800" : 1,
            "45312" : 2,
            "45824" : 1,
            "47360" : 1,
            "47872" : 1,
            "48384" : 1,
            "48896" : 1,
            "49408" : 1,
            "50944" : 1,
            "53504" : 1,
            "54528" : 1,
            "55040" : 2,
            "55552" : 1,
            "56576" : 1,
            "59648" : 1,
            "62720" : 1,
            "66048" : 2,
            "67072" : 2,
            "68096" : 2,
            "71168" : 1,
            "72192" : 1,
            "73216" : 1,
            "74240" : 1,
            "75264" : 1,
            "78336" : 2,
            "81408" : 2,
            "82432" : 1,
            "83456" : 2,
            "85504" : 3,
            "86528" : 2,
            "95744" : 1,
            "98816" : 1,
            "99840" : 1,
            "107008" : 1,
            "109056" : 1,
            "116224" : 1,
            "120320" : 1,
            "156672" : 1,
            "162816" : 2,
            "168960" : 1,
            "181248" : 1,
            "185344" : 1,
            "187392" : 1,
            "197632" : 1,
            "216064" : 1,
            "240640" : 1,
            "242688" : 1,
            "268288" : 1,
            "288768" : 1,
            "292864" : 1,
            "296960" : 1,
            "333824" : 1,
            "374784" : 1,
            "391168" : 1,
            "428032" : 1,
            "436224" : 1,
            "509952" : 1,
            "700416" : 1,
            "757760" : 1,
            "905216" : 1,
            "2056192" : 1
          }
        },
        "lat_ns" : {
          "min" : 905,
          "max" : 2063338,
          "mean" : 2037.069472,
          "stddev" : 3076.738730,
          "N" : 1048799,
          "percentile" : {
            "1.000000" : 1096,
            "5.000000" : 1128,
            "10.000000" : 1144,
            "20.000000" : 1416,
            "30.000000" : 1464,
            "40.000000" : 1512,
            "50.000000" : 1720,
            "60.000000" : 1880,
            "70.000000" : 2256,
            "80.000000" : 2384,
            "90.000000" : 2640,
            "95.000000" : 3504,
            "99.000000" : 7712,
            "99.500000" : 9280,
            "99.900000" : 13120,
            "99.950000" : 16512,
            "99.990000" : 37120
          },
          "bins" : {
            "908" : 4,
            "916" : 20,
            "924" : 52,
            "932" : 55,
            "940" : 40,
            "948" : 13,
            "956" : 11,
            "964" : 7,
            "972" : 1,
            "980" : 3,
            "988" : 6,
            "996" : 2,
            "1004" : 5,
            "1012" : 7,
            "1020" : 4,
            "1032" : 26,
            "1048" : 75,
            "1064" : 123,
            "1080" : 642,
            "1096" : 9684,
            "1112" : 30462,
            "1128" : 46167,
            "1144" : 40635,
            "1160" : 22454,
            "1176" : 11315,
            "1192" : 6027,
            "1208" : 4973,
            "1224" : 4889,
            "1240" : 4193,
            "1256" : 3213,
            "1272" : 2053,
            "1288" : 1317,
            "1304" : 963,
            "1320" : 654,
            "1336" : 619,
            "1352" : 1351,
            "1368" : 2895,
            "1384" : 4180,
            "1400" : 5811,
            "1416" : 12731,
            "1432" : 27584,
            "1448" : 41892,
            "1464" : 46912,
            "1480" : 38884,
            "1496" : 28472,
            "1512" : 18731,
            "1528" : 13085,
            "1544" : 9470,
            "1560" : 7227,
            "1576" : 6239,
            "1592" : 5016,
            "1608" : 4699,
            "1624" : 4655,
            "1640" : 5142,
            "1656" : 6554,
            "1672" : 8380,
            "1688" : 11073,
            "1704" : 13969,
            "1720" : 15619,
            "1736" : 16437,
            "1752" : 14796,
            "1768" : 13185,
            "1784" : 10844,
            "1800" : 8883,
            "1816" : 7871,
            "1832" : 7153,
            "1848" : 7187,
            "1864" : 7002,
            "1880" : 6872,
            "1896" : 6835,
            "1912" : 6189,
            "1928" : 6180,
            "1944" : 5572,
            "1960" : 5058,
            "1976" : 4542,
            "1992" : 3951,
            "2008" : 3734,
            "2024" : 3471,
            "2040" : 3004,
            "2064" : 5498,
            "2096" : 4556,
            "2128" : 4242,
            "2160" : 5543,
            "2192" : 9063,
            "2224" : 14292,
            "2256" : 21311,
            "2288" : 28387,
            "2320" : 31685,
            "2352" : 28257,
            "2384" : 21086,
            "2416" : 15852,
            "2448" : 12755,
            "2480" : 11977,
            "2512" : 12239,
            "2544" : 12191,
            "2576" : 10843,
            "2608" : 8845,
            "2640" : 7259,
            "2672" : 6092,
            "2704" : 5269,
            "2736" : 4381,
            "2768" : 3528,
            "2800" : 3091,
            "2832" : 2940,
            "2864" : 3076,
            "2896" : 3045,
            "2928" : 2720,
            "2960" : 2336,
            "2992" : 1947,
            "3024" : 1573,
            "3056" : 1331,
            "3088" : 1070,
            "3120" : 1014,
            "3152" : 861,
            "3184" : 815,
            "3216" : 722,
            "3248" : 672,
            "3280" : 629,
            "3312" : 566,
            "3344" : 532,
            "3376" : 511,
            "3408" : 523,
            "3440" : 487,
            "3472" : 474,
            "3504" : 428,
            "3536" : 411,
            "3568" : 419,
            "3600" : 417,
            "3632" : 401,
            "3664" : 351,
            "3696" : 381,
            "3728" : 356,
            "3760" : 385,
            "3792" : 364,
            "3824" : 376,
            "3856" : 327,
            "3888" : 316,
            "3920" : 312,
            "3952" : 319,
            "3984" : 308,
            "4016" : 337,
            "4048" : 329,
            "4080" : 342,
            "4128" : 617,
            "4192" : 605,
            "4256" : 576,
            "4320" : 625,
            "4384" : 586,
            "4448" : 544,
            "4512" : 537,
            "4576" : 527,
            "4640" : 565,
            "4704" : 513,
            "4768" : 532,
            "4832" : 502,
            "4896" : 479,
            "4960" : 507,
            "5024" : 528,
            "5088" : 451,
            "5152" : 527,
            "5216" : 528,
            "5280" : 539,
            "5344" : 523,
            "5408" : 563,
            "5472" : 638,
            "5536" : 683,
            "5600" : 744,
            "5664" : 682,
            "5728" : 752,
            "5792" : 886,
            "5856" : 991,
            "5920" : 1038,
            "5984" : 877,
            "6048" : 881,
            "6112" : 1096,
            "6176" : 1183,
            "6240" : 1200,
            "6304" : 1049,
            "6368" : 926,
            "6432" : 965,
            "6496" : 1005,
            "6560" : 898,
            "6624" : 664,
            "6688" : 585,
            "6752" : 565,
            "6816" : 661,
            "6880" : 624,
            "6944" : 599,
            "7008" : 509,
            "7072" : 445,
            "7136" : 408,
            "7200" : 405,
            "7264" : 420,
            "7328" : 359,
            "7392" : 323,
            "7456" : 266,
            "7520" : 168,
            "7584" : 148,
            "7648" : 132,
            "7712" : 166,
            "7776" : 154,
            "7840" : 128,
            "7904" : 114,
            "7968" : 131,
            "8032" : 134,
            "8096" : 175,
            "8160" : 179,
            "8256" : 315,
            "8384" : 400,
            "8512" : 557,
            "8640" : 682,
            "8768" : 656,
            "8896" : 600,
            "9024" : 513,
            "9152" : 473,
            "9280" : 438,
            "9408" : 387,
            "9536" : 343,
            "9664" : 306,
            "9792" : 217,
            "9920" : 175,
            "10048" : 139,
            "10176" : 128,
            "10304" : 146,
            "10432" : 130,
            "10560" : 137,
            "10688" : 128,
            "10816" : 115,
            "10944" : 129,
            "11072" : 116,
            "11200" : 125,
            "11328" : 139,
            "11456" : 118,
            "11584" : 108,
            "11712" : 81,
            "11840" : 98,
            "11968" : 71,
            "12096" : 77,
            "12224" : 59,
            "12352" : 65,
            "12480" : 39,
            "12608" : 40,
            "12736" : 43,
            "12864" : 46,
            "12992" : 52,
            "13120" : 39,
            "13248" : 38,
            "13376" : 32,
            "13504" : 22,
            "13632" : 33,
            "13760" : 23,
            "13888" : 30,
            "14016" : 27,
            "14144" : 26,
            "14272" : 25,
            "14400" : 22,
            "14528" : 13,
            "14656" : 21,
            "14784" : 16,
            "14912" : 13,
            "15040" : 17,
            "15168" : 23,
            "15296" : 12,
            "15424" : 16,
            "15552" : 16,
            "15680" : 10,
            "15808" : 9,
            "15936" : 13,
            "16064" : 12,
            "16192" : 8,
            "16320" : 7,
            "16512" : 17,
            "16768" : 14,
            "17024" : 13,
            "17280" : 12,
            "17536" : 12,
            "17792" : 15,
            "18048" : 12,
            "18304" : 8,
            "18560" : 14,
            "18816" : 14,
            "19072" : 10,
            "19328" : 8,
            "19584" : 10,
            "19840" : 12,
            "20096" : 5,
            "20352" : 8,
            "20608" : 6,
            "20864" : 7,
            "21120" : 6,
            "21376" : 11,
            "21632" : 7,
            "21888" : 3,
            "22144" : 5,
            "22400" : 14,
            "22656" : 9,
            "22912" : 10,
            "23168" : 7,
            "23424" : 5,
            "23680" : 5,
            "23936" : 8,
            "24192" : 4,
            "24448" : 4,
            "24704" : 9,
            "24960" : 6,
            "25216" : 5,
            "25472" : 9,
            "25728" : 8,
            "25984" : 5,
            "26240" : 5,
            "26496" : 3,
            "26752" : 2,
            "27008" : 3,
            "27264" : 1,
            "27520" : 5,
            "27776" : 4,
            "28032" : 2,
            "28288" : 2,
            "28544" : 2,
            "28800" : 3,
            "29056" : 3,
            "29312" : 2,
            "29568" : 4,
            "30080" : 1,
            "30336" : 2,
            "30592" : 2,
            "30848" : 4,
            "31104" : 7,
            "31360" : 2,
            "31616" : 8,
            "31872" : 1,
            "32128" : 3,
            "32384" : 1,
            "32640" : 2,
            "33024" : 2,
            "33536" : 3,
            "34048" : 5,
            "35072" : 3,
            "35584" : 5,
            "36096" : 4,
            "37120" : 2,
            "37632" : 4,
            "38656" : 2,
            "39168" : 3,
            "39680" : 2,
            "40192" : 2,
            "40704" : 4,
            "41216" : 5,
            "41728" : 1,
            "42240" : 1,
            "42752" : 1,
            "44288" : 4,
            "44800" : 1,
            "45312" : 2,
            "46336" : 2,
            "47360" : 1,
            "47872" : 1,
            "48384" : 1,
            "48896" : 1,
            "49408" : 1,
            "50944" : 1,
            "53504" : 1,
            "55040" : 2,
            "55552" : 1,
            "56576" : 1,
            "59136" : 1,
            "59648" : 1,
            "62720" : 1,
            "66048" : 2,
            "67072" : 2,
            "68096" : 2,
            "71168" : 1,
            "72192" : 1,
            "73216" : 1,
            "74240" : 1,
            "75264" : 1,
            "78336" : 2,
            "81408" : 1,
            "82432" : 2,
            "83456" : 2,
            "85504" : 3,
            "86528" : 1,
            "87552" : 1,
            "95744" : 1,
            "98816" : 1,
            "99840" : 1,
            "107008" : 1,
            "109056" : 1,
            "117248" : 1,
            "120320" : 1,
            "156672" : 1,
            "162816" : 2,
            "168960" : 1,
            "181248" : 1,
            "185344" : 1,
            "187392" : 1,
            "197632" : 1,
            "216064" : 1,
            "240640" : 1,
            "242688" : 1,
            "248832" : 1,
            "268288" : 1,
            "288768" : 1,
            "292864" : 1,
            "301056" : 1,
            "333824" : 1,
            "374784" : 1,
            "391168" : 1,
            "428032" : 1,
            "436224" : 1,
            "509952" : 1,
            "700416" : 1,
            "757760" : 1,
            "905216" : 1,
            "2056192" : 1
          }
        },
        "bw_min" : 242832,
        "bw_max" : 305328,
        "bw_agg" : 100.000000,
        "bw_mean" : 279793.103448,
        "bw_dev" : 16082.386564,
        "bw_samples" : 29,
        "iops_min" : 60708,
        "iops_max" : 76332,
        "iops_mean" : 69948.275862,
        "iops_stddev" : 4020.596641,
        "iops_samples" : 29
      },
      "trim" : {
        "io_bytes" : 0,
        "io_kbytes" : 0,
        "bw_bytes" : 0,
        "bw" : 0,
        "iops" : 0.000000,
        "runtime" : 0,
        "total_ios" : 0,
        "short_ios" : 0,
        "drop_ios" : 0,
        "slat_ns" : {
          "min" : 0,
          "max" : 0,
          "mean" : 0.000000,
          "stddev" : 0.000000,
          "N" : 0
        },
        "clat_ns" : {
          "min" : 0,
          "max" : 0,
          "mean" : 0.000000,
          "stddev" : 0.000000,
          "N" : 0
        },
        "lat_ns" : {
          "min" : 0,
          "max" : 0,
          "mean" : 0.000000,
          "stddev" : 0.000000,
          "N" : 0
        },
        "bw_min" : 0,
        "bw_max" : 0,
        "bw_agg" : 0.000000,
        "bw_mean" : 0.000000,
        "bw_dev" : 0.000000,
        "bw_samples" : 0,
        "iops_min" : 0,
        "iops_max" : 0,
        "iops_mean" : 0.000000,
        "iops_stddev" : 0.000000,
        "iops_samples" : 0
      },
      "sync" : {
        "total_ios" : 0,
        "lat_ns" : {
          "min" : 0,
          "max" : 0,
          "mean" : 0.000000,
          "stddev" : 0.000000,
          "N" : 0
        }
      },
      "job_runtime" : 15000,
      "usr_cpu" : 13.480000,
      "sys_cpu" : 62.813333,
      "ctx" : 792166,
      "majf" : 0,
      "minf" : 19,
      "iodepth_level" : {
        "1" : 100.000000,
        "2" : 0.000000,
        "4" : 0.000000,
        "8" : 0.000000,
        "16" : 0.000000,
        "32" : 0.000000,
        ">=64" : 0.000000
      },
      "iodepth_submit" : {
        "0" : 0.000000,
        "4" : 100.000000,
        "8" : 0.000000,
        "16" : 0.000000,
        "32" : 0.000000,
        "64" : 0.000000,
        ">=64" : 0.000000
      },
      "iodepth_complete" : {
        "0" : 0.000000,
        "4" : 100.000000,
        "8" : 0.000000,
        "16" : 0.000000,
        "32" : 0.000000,
        "64" : 0.000000,
        ">=64" : 0.000000
      },
      "latency_ns" : {
        "2" : 0.000000,
        "4" : 0.000000,
        "10" : 0.000000,
        "20" : 0.000000,
        "50" : 0.000000,
        "100" : 0.000000,
        "250" : 0.000000,
        "500" : 0.000000,
        "750" : 8.742621,
        "1000" : 6.858438
      },
      "latency_us" : {
        "2" : 33.849219,
        "4" : 15.307890,
        "10" : 14.015905,
        "20" : 20.745840,
        "50" : 0.451308,
        "100" : 0.018058,
        "250" : 0.010000,
        "500" : 0.010000,
        "750" : 0.010000,
        "1000" : 0.010000
      },
      "latency_ms" : {
        "2" : 0.010000,
        "4" : 0.010000,
        "10" : 0.010000,
        "20" : 0.000000,
        "50" : 0.000000,
        "100" : 0.000000,
        "250" : 0.000000,
        "500" : 0.000000,
        "750" : 0.000000,
        "1000" : 0.000000,
        "2000" : 0.000000,
        ">=2000" : 0.000000
      },
      "latency_depth" : 1,
      "latency_target" : 0,
      "latency_percentile" : 100.000000,
      "latency_window" : 0
    }
  ],
  "disk_util" : [
    {
      "name" : "loop25",
      "read_ios" : 686459,
      "write_ios" : 1040344,
      "read_merges" : 0,
      "write_merges" : 0,
      "read_ticks" : 4982,
      "write_ticks" : 12737,
      "in_queue" : 0,
      "util" : 99.353031
    }
  ]
}
