{
  "fio version" : "fio-3.32-36-g5932",
  "timestamp" : 1664225692,
  "timestamp_ms" : 1664225692766,
  "time" : "Mon Sep 26 22:54:52 2022",
  "global options" : {
    "size" : "16M",
    "rw" : "randrw",
    "bs" : "4K",
    "numjobs" : "1",
    "iodepth" : "1",
    "runtime" : "15",
    "end_fsync" : "1",
    "lat_percentiles" : "1",
    "slat_percentiles" : "1",
    "clat_percentiles" : "1"
  },
  "jobs" : [
    {
      "jobname" : "random-rw",
      "groupid" : 0,
      "error" : 0,
      "eta" : 0,
      "elapsed" : 16,
      "job options" : {
        "name" : "random-rw"
      },
      "read" : {
        "io_bytes" : 1674137600,
        "io_kbytes" : 1634900,
        "bw_bytes" : 111475402,
        "bw" : 108862,
        "iops" : 27215.674524,
        "runtime" : 15018,
        "total_ios" : 408725,
        "short_ios" : 0,
        "drop_ios" : 0,
        "slat_ns" : {
          "min" : 0,
          "max" : 0,
          "mean" : 0.000000,
          "stddev" : 0.000000,
          "N" : 0
        },
        "clat_ns" : {
          "min" : 789,
          "max" : 7761586,
          "mean" : 23055.013929,
          "stddev" : 37287.259915,
          "N" : 408725,
          "percentile" : {
            "1.000000" : 12096,
            "5.000000" : 12864,
            "10.000000" : 16192,
            "20.000000" : 17536,
            "30.000000" : 18048,
            "40.000000" : 18816,
            "50.000000" : 19840,
            "60.000000" : 21376,
            "70.000000" : 23424,
            "80.000000" : 28032,
            "90.000000" : 33536,
            "95.000000" : 37632,
            "99.000000" : 50432,
            "99.500000" : 61696,
            "99.900000" : 148480,
            "99.950000" : 254976,
            "99.990000" : 1466368
          },
          "bins" : {
            "788" : 1,
            "908" : 2,
            "932" : 1,
            "940" : 4,
            "956" : 3,
            "964" : 1,
            "972" : 4,
            "980" : 2,
            "988" : 1,
            "996" : 5,
            "1004" : 9,
            "1012" : 11,
            "1020" : 4,
            "1032" : 23,
            "1048" : 24,
            "1064" : 20,
            "1080" : 20,
            "1096" : 28,
            "1112" : 30,
            "1128" : 34,
            "1144" : 61,
            "1160" : 41,
            "1176" : 39,
            "1192" : 37,
            "1208" : 46,
            "1224" : 39,
            "1240" : 49,
            "1256" : 52,
            "1272" : 52,
            "1288" : 54,
            "1304" : 43,
            "1320" : 48,
            "1336" : 42,
            "1352" : 32,
            "1368" : 51,
            "1384" : 35,
            "1400" : 36,
            "1416" : 23,
            "1432" : 29,
            "1448" : 33,
            "1464" : 30,
            "1480" : 16,
            "1496" : 26,
            "1512" : 23,
            "1528" : 14,
            "1544" : 22,
            "1560" : 21,
            "1576" : 12,
            "1592" : 9,
            "1608" : 18,
            "1624" : 24,
            "1640" : 18,
            "1656" : 19,
            "1672" : 20,
            "1688" : 16,
            "1704" : 18,
            "1720" : 15,
            "1736" : 15,
            "1752" : 8,
            "1768" : 27,
            "1784" : 17,
            "1800" : 13,
            "1816" : 15,
            "1832" : 19,
            "1848" : 21,
            "1864" : 13,
            "1880" : 18,
            "1896" : 18,
            "1912" : 14,
            "1928" : 22,
            "1944" : 15,
            "1960" : 22,
            "1976" : 20,
            "1992" : 17,
            "2008" : 11,
            "2024" : 12,
            "2040" : 16,
            "2064" : 21,
            "2096" : 12,
            "2128" : 20,
            "2160" : 12,
            "2192" : 18,
            "2224" : 15,
            "2256" : 12,
            "2288" : 9,
            "2320" : 10,
            "2352" : 8,
            "2384" : 9,
            "2416" : 8,
            "2448" : 6,
            "2480" : 6,
            "2512" : 6,
            "2544" : 2,
            "2576" : 3,
            "2608" : 1,
            "2640" : 2,
            "2672" : 2,
            "2704" : 4,
            "2736" : 3,
            "2768" : 2,
            "2800" : 1,
            "3024" : 1,
            "3120" : 1,
            "3184" : 1,
            "3216" : 3,
            "3280" : 2,
            "3344" : 1,
            "3504" : 1,
            "3536" : 1,
            "3632" : 1,
            "3696" : 1,
            "3792" : 1,
            "4016" : 1,
            "5216" : 1,
            "5280" : 1,
            "9792" : 1,
            "11200" : 2,
            "11328" : 8,
            "11456" : 45,
            "11584" : 118,
            "11712" : 320,
            "11840" : 580,
            "11968" : 996,
            "12096" : 1438,
            "12224" : 1930,
            "12352" : 2363,
            "12480" : 2701,
            "12608" : 2968,
            "12736" : 3001,
            "12864" : 2722,
            "12992" : 2540,
            "13120" : 2074,
            "13248" : 1694,
            "13376" : 1333,
            "13504" : 1058,
            "13632" : 827,
            "13760" : 740,
            "13888" : 646,
            "14016" : 553,
            "14144" : 503,
            "14272" : 490,
            "14400" : 406,
            "14528" : 380,
            "14656" : 350,
            "14784" : 299,
            "14912" : 360,
            "15040" : 320,
            "15168" : 344,
            "15296" : 360,
            "15424" : 428,
            "15552" : 491,
            "15680" : 590,
            "15808" : 698,
            "15936" : 858,
            "16064" : 1076,
            "16192" : 1404,
            "16320" : 1817,
            "16512" : 5008,
            "16768" : 7551,
            "17024" : 10644,
            "17280" : 13880,
            "17536" : 15887,
            "17792" : 17752,
            "18048" : 18095,
            "18304" : 16012,
            "18560" : 13311,
            "18816" : 10686,
            "19072" : 9568,
            "19328" : 9302,
            "19584" : 9338,
            "19840" : 9103,
            "20096" : 8295,
            "20352" : 7456,
            "20608" : 6942,
            "20864" : 6441,
            "21120" : 6064,
            "21376" : 5882,
            "21632" : 5580,
            "21888" : 5230,
            "22144" : 5001,
            "22400" : 4726,
            "22656" : 4491,
            "22912" : 4223,
            "23168" : 3841,
            "23424" : 3448,
            "23680" : 3212,
            "23936" : 2982,
            "24192" : 2691,
            "24448" : 2489,
            "24704" : 2367,
            "24960" : 2373,
            "25216" : 2103,
            "25472" : 2082,
            "25728" : 2152,
            "25984" : 2140,
            "26240" : 2211,
            "26496" : 2229,
            "26752" : 2132,
            "27008" : 2115,
            "27264" : 2033,
            "27520" : 2003,
            "27776" : 1952,
            "28032" : 1936,
            "28288" : 2017,
            "28544" : 2109,
            "28800" : 1962,
            "29056" : 1934,
            "29312" : 1973,
            "29568" : 1926,
            "29824" : 1903,
            "30080" : 1944,
            "30336" : 1897,
            "30592" : 1868,
            "30848" : 1689,
            "31104" : 1740,
            "31360" : 1767,
            "31616" : 1665,
            "31872" : 1738,
            "32128" : 1676,
            "32384" : 1689,
            "32640" : 1725,
            "33024" : 3617,
            "33536" : 3537,
            "34048" : 3324,
            "34560" : 3181,
            "35072" : 2864,
            "35584" : 2576,
            "36096" : 2367,
            "36608" : 2350,
            "37120" : 2036,
            "37632" : 1809,
            "38144" : 1532,
            "38656" : 1417,
            "39168" : 1285,
            "39680" : 1146,
            "40192" : 1147,
            "40704" : 1001,
            "41216" : 898,
            "41728" : 838,
            "42240" : 727,
            "42752" : 624,
            "43264" : 586,
            "43776" : 541,
            "44288" : 443,
            "44800" : 411,
            "45312" : 333,
            "45824" : 324,
            "46336" : 240,
            "46848" : 272,
            "47360" : 242,
            "47872" : 244,
            "48384" : 238,
            "48896" : 181,
            "49408" : 205,
            "49920" : 153,
            "50432" : 146,
            "50944" : 127,
            "51456" : 152,
            "51968" : 136,
            "52480" : 120,
            "52992" : 126,
            "53504" : 97,
            "54016" : 94,
            "54528" : 105,
            "55040" : 74,
            "55552" : 87,
            "56064" : 88,
            "56576" : 77,
            "57088" : 75,
            "57600" : 86,
            "58112" : 73,
            "58624" : 72,
            "59136" : 72,
            "59648" : 65,
            "60160" : 46,
            "60672" : 56,
            "61184" : 47,
            "61696" : 43,
            "62208" : 42,
            "62720" : 44,
            "63232" : 47,
            "63744" : 32,
            "64256" : 47,
            "64768" : 38,
            "65280" : 50,
            "66048" : 75,
            "67072" : 64,
            "68096" : 81,
            "69120" : 66,
            "70144" : 61,
            "71168" : 47,
            "72192" : 53,
            "73216" : 35,
            "74240" : 42,
            "75264" : 37,
            "76288" : 38,
            "77312" : 34,
            "78336" : 38,
            "79360" : 25,
            "80384" : 31,
            "81408" : 37,
            "82432" : 23,
            "83456" : 24,
            "84480" : 22,
            "85504" : 28,
            "86528" : 21,
            "87552" : 11,
            "88576" : 15,
            "89600" : 9,
            "90624" : 11,
            "91648" : 14,
            "92672" : 15,
            "93696" : 12,
            "94720" : 14,
            "95744" : 11,
            "96768" : 4,
            "97792" : 10,
            "98816" : 13,
            "99840" : 16,
            "100864" : 13,
            "101888" : 8,
            "102912" : 10,
            "103936" : 12,
            "104960" : 10,
            "105984" : 10,
            "107008" : 5,
            "108032" : 6,
            "109056" : 13,
            "110080" : 2,
            "111104" : 7,
            "112128" : 6,
            "113152" : 9,
            "114176" : 10,
            "115200" : 13,
            "116224" : 4,
            "117248" : 6,
            "118272" : 5,
            "119296" : 6,
            "120320" : 7,
            "121344" : 1,
            "122368" : 5,
            "123392" : 4,
            "124416" : 4,
            "125440" : 5,
            "126464" : 3,
            "127488" : 7,
            "128512" : 8,
            "129536" : 7,
            "130560" : 5,
            "132096" : 9,
            "134144" : 9,
            "136192" : 8,
            "138240" : 10,
            "140288" : 6,
            "142336" : 13,
            "144384" : 7,
            "146432" : 5,
            "148480" : 9,
            "150528" : 8,
            "152576" : 7,
            "154624" : 12,
            "156672" : 12,
            "158720" : 9,
            "160768" : 8,
            "162816" : 7,
            "164864" : 3,
            "166912" : 6,
            "168960" : 3,
            "171008" : 4,
            "173056" : 6,
            "175104" : 5,
            "177152" : 7,
            "179200" : 4,
            "181248" : 5,
            "183296" : 5,
            "185344" : 5,
            "187392" : 6,
            "189440" : 4,
            "191488" : 8,
            "193536" : 4,
            "195584" : 1,
            "197632" : 4,
            "199680" : 3,
            "201728" : 5,
            "203776" : 4,
            "205824" : 2,
            "207872" : 1,
            "209920" : 2,
            "211968" : 2,
            "214016" : 2,
            "216064" : 1,
            "218112" : 3,
            "220160" : 2,
            "222208" : 2,
            "224256" : 1,
            "226304" : 3,
            "228352" : 2,
            "230400" : 2,
            "232448" : 2,
            "234496" : 2,
            "236544" : 2,
            "238592" : 1,
            "240640" : 3,
            "242688" : 1,
            "244736" : 1,
            "246784" : 1,
            "248832" : 2,
            "250880" : 3,
            "254976" : 3,
            "257024" : 1,
            "259072" : 3,
            "264192" : 4,
            "268288" : 1,
            "272384" : 3,
            "276480" : 2,
            "280576" : 2,
            "288768" : 2,
            "292864" : 3,
            "296960" : 2,
            "301056" : 3,
            "305152" : 2,
            "309248" : 1,
            "313344" : 3,
            "317440" : 2,
            "321536" : 1,
            "325632" : 2,
            "329728" : 1,
            "337920" : 1,
            "342016" : 1,
            "346112" : 2,
            "358400" : 6,
            "366592" : 2,
            "370688" : 2,
            "374784" : 2,
            "378880" : 1,
            "382976" : 2,
            "395264" : 3,
            "411648" : 2,
            "415744" : 1,
            "423936" : 2,
            "432128" : 1,
            "440320" : 1,
            "444416" : 1,
            "460800" : 2,
            "464896" : 2,
            "473088" : 1,
            "485376" : 2,
            "497664" : 2,
            "522240" : 1,
            "528384" : 2,
            "536576" : 1,
            "544768" : 2,
            "552960" : 3,
            "577536" : 1,
            "585728" : 1,
            "593920" : 3,
            "602112" : 2,
            "610304" : 4,
            "618496" : 2,
            "626688" : 2,
            "634880" : 1,
            "643072" : 1,
            "659456" : 2,
            "667648" : 1,
            "675840" : 2,
            "692224" : 1,
            "700416" : 3,
            "708608" : 2,
            "716800" : 1,
            "741376" : 1,
            "757760" : 2,
            "765952" : 1,
            "774144" : 2,
            "790528" : 1,
            "823296" : 2,
            "839680" : 1,
            "847872" : 1,
            "856064" : 1,
            "897024" : 2,
            "905216" : 1,
            "929792" : 1,
            "937984" : 1,
            "946176" : 1,
            "954368" : 2,
            "962560" : 1,
            "995328" : 2,
            "1003520" : 1,
            "1011712" : 2,
            "1036288" : 1,
            "1056768" : 2,
            "1089536" : 1,
            "1105920" : 1,
            "1122304" : 2,
            "1138688" : 1,
            "1155072" : 1,
            "1187840" : 1,
            "1204224" : 1,
            "1220608" : 1,
            "1236992" : 1,
            "1253376" : 1,
            "1286144" : 1,
            "1302528" : 1,
            "1368064" : 1,
            "1449984" : 1,
            "1466368" : 3,
            "1515520" : 2,
            "1531904" : 1,
            "1548288" : 1,
            "1646592" : 1,
            "1679360" : 5,
            "1777664" : 1,
            "1826816" : 2,
            "1843200" : 1,
            "1908736" : 1,
            "1941504" : 1,
            "2146304" : 1,
            "2211840" : 1,
            "2277376" : 1,
            "2310144" : 1,
            "2506752" : 1,
            "2572288" : 1,
            "2768896" : 1,
            "2899968" : 1,
            "2932736" : 2,
            "2998272" : 1,
            "3096576" : 1,
            "3457024" : 1,
            "3620864" : 1,
            "3850240" : 1,
            "3981312" : 1,
            "4489216" : 1,
            "4620288" : 1,
            "4882432" : 1,
            "5144576" : 1,
            "5668864" : 1,
            "6258688" : 1,
            "7503872" : 1,
            "7766016" : 1
          }
        },
        "lat_ns" : {
          "min" : 825,
          "max" : 7761646,
          "mean" : 23148.004318,
          "stddev" : 37295.841580,
          "N" : 408725,
          "percentile" : {
            "1.000000" : 12096,
            "5.000000" : 12992,
            "10.000000" : 16192,
            "20.000000" : 17536,
            "30.000000" : 18048,
            "40.000000" : 18816,
            "50.000000" : 19840,
            "60.000000" : 21376,
            "70.000000" : 23424,
            "80.000000" : 28032,
            "90.000000" : 33536,
            "95.000000" : 37632,
            "99.000000" : 50432,
            "99.500000" : 62208,
            "99.900000" : 148480,
            "99.950000" : 254976,
            "99.990000" : 1466368
          },
          "bins" : {
            "828" : 1,
            "940" : 2,
            "964" : 1,
            "972" : 1,
            "988" : 1,
            "996" : 2,
            "1004" : 3,
            "1012" : 2,
            "1020" : 4,
            "1032" : 10,
            "1048" : 7,
            "1064" : 27,
            "1080" : 14,
            "1096" : 19,
            "1112" : 20,
            "1128" : 14,
            "1144" : 31,
            "1160" : 27,
            "1176" : 41,
            "1192" : 32,
            "1208" : 42,
            "1224" : 35,
            "1240" : 37,
            "1256" : 42,
            "1272" : 33,
            "1288" : 42,
            "1304" : 35,
            "1320" : 50,
            "1336" : 43,
            "1352" : 36,
            "1368" : 33,
            "1384" : 40,
            "1400" : 56,
            "1416" : 32,
            "1432" : 55,
            "1448" : 30,
            "1464" : 35,
            "1480" : 37,
            "1496" : 25,
            "1512" : 29,
            "1528" : 27,
            "1544" : 31,
            "1560" : 21,
            "1576" : 24,
            "1592" : 23,
            "1608" : 18,
            "1624" : 26,
            "1640" : 20,
            "1656" : 12,
            "1672" : 12,
            "1688" : 14,
            "1704" : 13,
            "1720" : 16,
            "1736" : 18,
            "1752" : 18,
            "1768" : 18,
            "1784" : 16,
            "1800" : 7,
            "1816" : 15,
            "1832" : 13,
            "1848" : 10,
            "1864" : 15,
            "1880" : 18,
            "1896" : 17,
            "1912" : 11,
            "1928" : 16,
            "1944" : 14,
            "1960" : 15,
            "1976" : 12,
            "1992" : 12,
            "2008" : 16,
            "2024" : 21,
            "2040" : 20,
            "2064" : 31,
            "2096" : 43,
            "2128" : 30,
            "2160" : 29,
            "2192" : 20,
            "2224" : 9,
            "2256" : 11,
            "2288" : 19,
            "2320" : 14,
            "2352" : 14,
            "2384" : 12,
            "2416" : 13,
            "2448" : 15,
            "2480" : 10,
            "2512" : 7,
            "2544" : 8,
            "2576" : 4,
            "2608" : 9,
            "2640" : 2,
            "2672" : 7,
            "2704" : 2,
            "2736" : 3,
            "2768" : 2,
            "2800" : 1,
            "2832" : 2,
            "2864" : 2,
            "2896" : 4,
            "2928" : 4,
            "2960" : 2,
            "3024" : 1,
            "3216" : 1,
            "3344" : 1,
            "3376" : 1,
            "3408" : 1,
            "3440" : 1,
            "3472" : 1,
            "3504" : 1,
            "3632" : 1,
            "3728" : 2,
            "3824" : 1,
            "3888" : 1,
            "4128" : 2,
            "4192" : 1,
            "5280" : 1,
            "5344" : 1,
            "9920" : 1,
            "11328" : 4,
            "11456" : 14,
            "11584" : 60,
            "11712" : 164,
            "11840" : 393,
            "11968" : 694,
            "12096" : 1124,
            "12224" : 1638,
            "12352" : 2131,
            "12480" : 2604,
            "12608" : 2913,
            "12736" : 3051,
            "12864" : 2945,
            "12992" : 2715,
            "13120" : 2324,
            "13248" : 1889,
            "13376" : 1484,
            "13504" : 1199,
            "13632" : 912,
            "13760" : 828,
            "13888" : 680,
            "14016" : 570,
            "14144" : 541,
            "14272" : 500,
            "14400" : 450,
            "14528" : 394,
            "14656" : 357,
            "14784" : 331,
            "14912" : 324,
            "15040" : 342,
            "15168" : 329,
            "15296" : 363,
            "15424" : 381,
            "15552" : 464,
            "15680" : 528,
            "15808" : 612,
            "15936" : 716,
            "16064" : 918,
            "16192" : 1142,
            "16320" : 1499,
            "16512" : 4273,
            "16768" : 6604,
            "17024" : 9654,
            "17280" : 13174,
            "17536" : 15538,
            "17792" : 17391,
            "18048" : 18465,
            "18304" : 16740,
            "18560" : 14109,
            "18816" : 11140,
            "19072" : 9722,
            "19328" : 9149,
            "19584" : 9371,
            "19840" : 9185,
            "20096" : 8659,
            "20352" : 7713,
            "20608" : 7020,
            "20864" : 6560,
            "21120" : 6247,
            "21376" : 6026,
            "21632" : 5588,
            "21888" : 5397,
            "22144" : 4981,
            "22400" : 4872,
            "22656" : 4585,
            "22912" : 4280,
            "23168" : 3984,
            "23424" : 3511,
            "23680" : 3284,
            "23936" : 3026,
            "24192" : 2741,
            "24448" : 2558,
            "24704" : 2389,
            "24960" : 2362,
            "25216" : 2124,
            "25472" : 2104,
            "25728" : 2114,
            "25984" : 2099,
            "26240" : 2197,
            "26496" : 2243,
            "26752" : 2120,
            "27008" : 2129,
            "27264" : 2058,
            "27520" : 1994,
            "27776" : 1987,
            "28032" : 1941,
            "28288" : 1942,
            "28544" : 2072,
            "28800" : 2047,
            "29056" : 1904,
            "29312" : 1987,
            "29568" : 1919,
            "29824" : 1866,
            "30080" : 1977,
            "30336" : 1904,
            "30592" : 1872,
            "30848" : 1766,
            "31104" : 1675,
            "31360" : 1741,
            "31616" : 1778,
            "31872" : 1659,
            "32128" : 1706,
            "32384" : 1730,
            "32640" : 1645,
            "33024" : 3564,
            "33536" : 3628,
            "34048" : 3318,
            "34560" : 3252,
            "35072" : 2935,
            "35584" : 2610,
            "36096" : 2416,
            "36608" : 2351,
            "37120" : 2136,
            "37632" : 1878,
            "38144" : 1582,
            "38656" : 1456,
            "39168" : 1339,
            "39680" : 1124,
            "40192" : 1168,
            "40704" : 1046,
            "41216" : 912,
            "41728" : 850,
            "42240" : 757,
            "42752" : 662,
            "43264" : 621,
            "43776" : 529,
            "44288" : 467,
            "44800" : 431,
            "45312" : 349,
            "45824" : 325,
            "46336" : 273,
            "46848" : 251,
            "47360" : 254,
            "47872" : 240,
            "48384" : 249,
            "48896" : 197,
            "49408" : 192,
            "49920" : 175,
            "50432" : 143,
            "50944" : 130,
            "51456" : 154,
            "51968" : 142,
            "52480" : 120,
            "52992" : 130,
            "53504" : 94,
            "54016" : 100,
            "54528" : 100,
            "55040" : 84,
            "55552" : 83,
            "56064" : 87,
            "56576" : 77,
            "57088" : 80,
            "57600" : 77,
            "58112" : 76,
            "58624" : 78,
            "59136" : 74,
            "59648" : 61,
            "60160" : 51,
            "60672" : 53,
            "61184" : 51,
            "61696" : 34,
            "62208" : 49,
            "62720" : 40,
            "63232" : 57,
            "63744" : 26,
            "64256" : 43,
            "64768" : 41,
            "65280" : 44,
            "66048" : 88,
            "67072" : 61,
            "68096" : 79,
            "69120" : 70,
            "70144" : 64,
            "71168" : 44,
            "72192" : 54,
            "73216" : 40,
            "74240" : 41,
            "75264" : 38,
            "76288" : 37,
            "77312" : 32,
            "78336" : 38,
            "79360" : 29,
            "80384" : 27,
            "81408" : 37,
            "82432" : 22,
            "83456" : 29,
            "84480" : 23,
            "85504" : 25,
            "86528" : 25,
            "87552" : 11,
            "88576" : 14,
            "89600" : 12,
            "90624" : 9,
            "91648" : 15,
            "92672" : 14,
            "93696" : 14,
            "94720" : 10,
            "95744" : 13,
            "96768" : 6,
            "97792" : 9,
            "98816" : 13,
            "99840" : 15,
            "100864" : 10,
            "101888" : 10,
            "102912" : 12,
            "103936" : 11,
            "104960" : 11,
            "105984" : 10,
            "107008" : 5,
            "108032" : 6,
            "109056" : 10,
            "110080" : 5,
            "111104" : 6,
            "112128" : 8,
            "113152" : 9,
            "114176" : 8,
            "115200" : 13,
            "116224" : 6,
            "117248" : 4,
            "118272" : 5,
            "119296" : 6,
            "120320" : 6,
            "121344" : 2,
            "122368" : 6,
            "123392" : 4,
            "124416" : 5,
            "125440" : 6,
            "126464" : 1,
            "127488" : 7,
            "128512" : 8,
            "129536" : 7,
            "130560" : 6,
            "132096" : 8,
            "134144" : 9,
            "136192" : 8,
            "138240" : 10,
            "140288" : 6,
            "142336" : 14,
            "144384" : 7,
            "146432" : 4,
            "148480" : 11,
            "150528" : 8,
            "152576" : 6,
            "154624" : 12,
            "156672" : 10,
            "158720" : 10,
            "160768" : 9,
            "162816" : 6,
            "164864" : 3,
            "166912" : 4,
            "168960" : 4,
            "171008" : 5,
            "173056" : 4,
            "175104" : 6,
            "177152" : 10,
            "179200" : 3,
            "181248" : 6,
            "183296" : 5,
            "185344" : 5,
            "187392" : 5,
            "189440" : 5,
            "191488" : 6,
            "193536" : 6,
            "195584" : 1,
            "197632" : 4,
            "199680" : 3,
            "201728" : 5,
            "203776" : 4,
            "205824" : 2,
            "207872" : 1,
            "209920" : 2,
            "211968" : 2,
            "214016" : 2,
            "218112" : 4,
            "220160" : 2,
            "222208" : 1,
            "224256" : 2,
            "226304" : 2,
            "228352" : 3,
            "230400" : 2,
            "232448" : 2,
            "234496" : 1,
            "236544" : 3,
            "238592" : 1,
            "240640" : 3,
            "242688" : 1,
            "244736" : 1,
            "246784" : 1,
            "248832" : 2,
            "250880" : 3,
            "254976" : 2,
            "257024" : 1,
            "259072" : 3,
            "264192" : 5,
            "268288" : 1,
            "272384" : 2,
            "276480" : 2,
            "280576" : 2,
            "288768" : 1,
            "292864" : 2,
            "296960" : 3,
            "301056" : 3,
            "305152" : 2,
            "309248" : 1,
            "313344" : 3,
            "317440" : 2,
            "321536" : 2,
            "325632" : 2,
            "329728" : 2,
            "337920" : 1,
            "342016" : 1,
            "346112" : 2,
            "358400" : 6,
            "366592" : 2,
            "370688" : 2,
            "374784" : 2,
            "378880" : 1,
            "382976" : 2,
            "395264" : 3,
            "411648" : 2,
            "415744" : 1,
            "423936" : 2,
            "432128" : 1,
            "440320" : 1,
            "444416" : 1,
            "460800" : 2,
            "464896" : 1,
            "468992" : 1,
            "473088" : 1,
            "485376" : 2,
            "497664" : 2,
            "522240" : 1,
            "528384" : 2,
            "536576" : 1,
            "544768" : 2,
            "552960" : 3,
            "577536" : 1,
            "585728" : 1,
            "593920" : 3,
            "602112" : 2,
            "610304" : 4,
            "618496" : 2,
            "626688" : 2,
            "634880" : 1,
            "643072" : 1,
            "659456" : 2,
            "667648" : 1,
            "675840" : 2,
            "692224" : 1,
            "700416" : 3,
            "708608" : 2,
            "716800" : 1,
            "741376" : 1,
            "757760" : 2,
            "765952" : 1,
            "774144" : 2,
            "790528" : 1,
            "823296" : 2,
            "839680" : 1,
            "847872" : 1,
            "856064" : 1,
            "897024" : 2,
            "905216" : 1,
            "929792" : 1,
            "946176" : 2,
            "954368" : 2,
            "962560" : 1,
            "995328" : 2,
            "1003520" : 1,
            "1011712" : 2,
            "1036288" : 1,
            "1056768" : 2,
            "1089536" : 1,
            "1105920" : 1,
            "1122304" : 2,
            "1138688" : 1,
            "1155072" : 1,
            "1187840" : 1,
            "1204224" : 1,
            "1220608" : 1,
            "1236992" : 1,
            "1253376" : 1,
            "1286144" : 1,
            "1302528" : 1,
            "1368064" : 1,
            "1449984" : 1,
            "1466368" : 3,
            "1515520" : 2,
            "1531904" : 1,
            "1548288" : 1,
            "1646592" : 1,
            "1679360" : 5,
            "1777664" : 1,
            "1826816" : 2,
            "1843200" : 1,
            "1908736" : 1,
            "1941504" : 1,
            "2146304" : 1,
            "2211840" : 1,
            "2277376" : 1,
            "2310144" : 1,
            "2506752" : 1,
            "2572288" : 1,
            "2768896" : 1,
            "2899968" : 1,
            "2932736" : 2,
            "2998272" : 1,
            "3096576" : 1,
            "3457024" : 1,
            "3620864" : 1,
            "3850240" : 1,
            "3981312" : 1,
            "4489216" : 1,
            "4620288" : 1,
            "4882432" : 1,
            "5144576" : 1,
            "5668864" : 1,
            "6258688" : 1,
            "7503872" : 1,
            "7766016" : 1
          }
        },
        "bw_min" : 73280,
        "bw_max" : 125712,
        "bw_agg" : 99.992011,
        "bw_mean" : 108854.344828,
        "bw_dev" : 13452.810796,
        "bw_samples" : 29,
        "iops_min" : 18320,
        "iops_max" : 31428,
        "iops_mean" : 27213.586207,
        "iops_stddev" : 3363.202699,
        "iops_samples" : 29
      },
      "write" : {
        "io_bytes" : 1671831552,
        "io_kbytes" : 1632648,
        "bw_bytes" : 111321850,
        "bw" : 108712,
        "iops" : 27178.186177,
        "runtime" : 15018,
        "total_ios" : 408162,
        "short_ios" : 0,
        "drop_ios" : 0,
        "slat_ns" : {
          "min" : 0,
          "max" : 0,
          "mean" : 0.000000,
          "stddev" : 0.000000,
          "N" : 0
        },
        "clat_ns" : {
          "min" : 2110,
          "max" : 12495701,
          "mean" : 5562.508546,
          "stddev" : 49652.746053,
          "N" : 408162,
          "percentile" : {
            "1.000000" : 2512,
            "5.000000" : 2672,
            "10.000000" : 2800,
            "20.000000" : 3024,
            "30.000000" : 3312,
            "40.000000" : 4384,
            "50.000000" : 4896,
            "60.000000" : 5152,
            "70.000000" : 5408,
            "80.000000" : 5984,
            "90.000000" : 7904,
            "95.000000" : 9280,
            "99.000000" : 12224,
            "99.500000" : 14272,
            "99.900000" : 29312,
            "99.950000" : 48384,
            "99.990000" : 1843200
          },
          "bins" : {
            "2096" : 1,
            "2128" : 1,
            "2160" : 4,
            "2192" : 14,
            "2224" : 22,
            "2256" : 41,
            "2288" : 107,
            "2320" : 165,
            "2352" : 256,
            "2384" : 397,
            "2416" : 570,
            "2448" : 817,
            "2480" : 1123,
            "2512" : 1539,
            "2544" : 1965,
            "2576" : 2514,
            "2608" : 3131,
            "2640" : 3600,
            "2672" : 4259,
            "2704" : 4875,
            "2736" : 5442,
            "2768" : 5729,
            "2800" : 6054,
            "2832" : 6429,
            "2864" : 6307,
            "2896" : 6640,
            "2928" : 6302,
            "2960" : 6286,
            "2992" : 6003,
            "3024" : 5803,
            "3056" : 5483,
            "3088" : 5134,
            "3120" : 4685,
            "3152" : 4340,
            "3184" : 4069,
            "3216" : 3790,
            "3248" : 3277,
            "3280" : 3067,
            "3312" : 2754,
            "3344" : 2490,
            "3376" : 2208,
            "3408" : 2156,
            "3440" : 1854,
            "3472" : 1714,
            "3504" : 1542,
            "3536" : 1394,
            "3568" : 1330,
            "3600" : 1224,
            "3632" : 1170,
            "3664" : 1099,
            "3696" : 1023,
            "3728" : 1000,
            "3760" : 1010,
            "3792" : 969,
            "3824" : 952,
            "3856" : 921,
            "3888" : 918,
            "3920" : 885,
            "3952" : 930,
            "3984" : 905,
            "4016" : 970,
            "4048" : 925,
            "4080" : 973,
            "4128" : 2035,
            "4192" : 2117,
            "4256" : 2507,
            "4320" : 2581,
            "4384" : 2827,
            "4448" : 3179,
            "4512" : 3601,
            "4576" : 3967,
            "4640" : 4721,
            "4704" : 5501,
            "4768" : 6519,
            "4832" : 7854,
            "4896" : 8884,
            "4960" : 9942,
            "5024" : 10354,
            "5088" : 10646,
            "5152" : 10574,
            "5216" : 10252,
            "5280" : 9609,
            "5344" : 8717,
            "5408" : 7805,
            "5472" : 6883,
            "5536" : 5922,
            "5600" : 5436,
            "5664" : 4462,
            "5728" : 3929,
            "5792" : 3616,
            "5856" : 3259,
            "5920" : 3006,
            "5984" : 2843,
            "6048" : 2618,
            "6112" : 2472,
            "6176" : 2230,
            "6240" : 2113,
            "6304" : 1980,
            "6368" : 1856,
            "6432" : 1678,
            "6496" : 1584,
            "6560" : 1557,
            "6624" : 1334,
            "6688" : 1340,
            "6752" : 1184,
            "6816" : 1177,
            "6880" : 1224,
            "6944" : 1107,
            "7008" : 1106,
            "7072" : 1103,
            "7136" : 1047,
            "7200" : 1062,
            "7264" : 1035,
            "7328" : 1070,
            "7392" : 1120,
            "7456" : 1020,
            "7520" : 1022,
            "7584" : 1026,
            "7648" : 1069,
            "7712" : 1017,
            "7776" : 933,
            "7840" : 1001,
            "7904" : 992,
            "7968" : 1024,
            "8032" : 1062,
            "8096" : 1019,
            "8160" : 1014,
            "8256" : 1971,
            "8384" : 1919,
            "8512" : 1821,
            "8640" : 1908,
            "8768" : 1817,
            "8896" : 1751,
            "9024" : 1588,
            "9152" : 1444,
            "9280" : 1405,
            "9408" : 1301,
            "9536" : 1264,
            "9664" : 1212,
            "9792" : 1055,
            "9920" : 1014,
            "10048" : 990,
            "10176" : 987,
            "10304" : 931,
            "10432" : 898,
            "10560" : 847,
            "10688" : 732,
            "10816" : 674,
            "10944" : 603,
            "11072" : 576,
            "11200" : 502,
            "11328" : 498,
            "11456" : 446,
            "11584" : 375,
            "11712" : 328,
            "11840" : 333,
            "11968" : 308,
            "12096" : 216,
            "12224" : 239,
            "12352" : 219,
            "12480" : 209,
            "12608" : 176,
            "12736" : 145,
            "12864" : 137,
            "12992" : 140,
            "13120" : 132,
            "13248" : 107,
            "13376" : 112,
            "13504" : 86,
            "13632" : 87,
            "13760" : 94,
            "13888" : 71,
            "14016" : 59,
            "14144" : 93,
            "14272" : 47,
            "14400" : 59,
            "14528" : 47,
            "14656" : 47,
            "14784" : 47,
            "14912" : 61,
            "15040" : 41,
            "15168" : 36,
            "15296" : 30,
            "15424" : 47,
            "15552" : 37,
            "15680" : 33,
            "15808" : 26,
            "15936" : 34,
            "16064" : 31,
            "16192" : 25,
            "16320" : 33,
            "16512" : 56,
            "16768" : 55,
            "17024" : 47,
            "17280" : 50,
            "17536" : 41,
            "17792" : 40,
            "18048" : 33,
            "18304" : 35,
            "18560" : 31,
            "18816" : 34,
            "19072" : 28,
            "19328" : 28,
            "19584" : 35,
            "19840" : 29,
            "20096" : 13,
            "20352" : 28,
            "20608" : 27,
            "20864" : 17,
            "21120" : 15,
            "21376" : 23,
            "21632" : 14,
            "21888" : 15,
            "22144" : 13,
            "22400" : 12,
            "22656" : 15,
            "22912" : 11,
            "23168" : 6,
            "23424" : 13,
            "23680" : 9,
            "23936" : 13,
            "24192" : 15,
            "24448" : 15,
            "24704" : 17,
            "24960" : 9,
            "25216" : 6,
            "25472" : 7,
            "25728" : 3,
            "25984" : 9,
            "26240" : 7,
            "26496" : 4,
            "26752" : 8,
            "27008" : 10,
            "27264" : 8,
            "27520" : 8,
            "27776" : 5,
            "28032" : 16,
            "28288" : 6,
            "28544" : 5,
            "28800" : 4,
            "29056" : 2,
            "29312" : 8,
            "29568" : 3,
            "29824" : 3,
            "30080" : 4,
            "30336" : 5,
            "30592" : 4,
            "30848" : 6,
            "31104" : 6,
            "31360" : 7,
            "31616" : 3,
            "31872" : 2,
            "32128" : 3,
            "32384" : 5,
            "32640" : 3,
            "33024" : 7,
            "33536" : 14,
            "34048" : 4,
            "34560" : 12,
            "35072" : 6,
            "35584" : 3,
            "36096" : 4,
            "36608" : 7,
            "37120" : 6,
            "37632" : 7,
            "38144" : 9,
            "38656" : 2,
            "39168" : 4,
            "39680" : 3,
            "40192" : 2,
            "40704" : 4,
            "41216" : 3,
            "41728" : 3,
            "42240" : 5,
            "42752" : 1,
            "43264" : 6,
            "43776" : 4,
            "44288" : 2,
            "44800" : 4,
            "45312" : 2,
            "45824" : 2,
            "46336" : 5,
            "46848" : 2,
            "47360" : 3,
            "47872" : 7,
            "48384" : 1,
            "48896" : 2,
            "49408" : 4,
            "49920" : 2,
            "50432" : 3,
            "50944" : 2,
            "51456" : 2,
            "51968" : 8,
            "52992" : 2,
            "53504" : 2,
            "54016" : 4,
            "55552" : 1,
            "56064" : 2,
            "57088" : 2,
            "57600" : 2,
            "58112" : 2,
            "59136" : 4,
            "59648" : 1,
            "61184" : 2,
            "61696" : 2,
            "62208" : 3,
            "62720" : 1,
            "63744" : 1,
            "64256" : 1,
            "64768" : 3,
            "66048" : 1,
            "67072" : 1,
            "69120" : 1,
            "71168" : 2,
            "73216" : 1,
            "74240" : 1,
            "76288" : 2,
            "79360" : 1,
            "81408" : 1,
            "82432" : 1,
            "83456" : 1,
            "85504" : 1,
            "88576" : 2,
            "89600" : 1,
            "91648" : 1,
            "92672" : 1,
            "96768" : 2,
            "108032" : 2,
            "111104" : 1,
            "112128" : 1,
            "116224" : 1,
            "117248" : 1,
            "125440" : 1,
            "126464" : 2,
            "128512" : 1,
            "130560" : 2,
            "134144" : 3,
            "136192" : 1,
            "144384" : 1,
            "150528" : 1,
            "156672" : 1,
            "164864" : 1,
            "166912" : 1,
            "175104" : 2,
            "181248" : 1,
            "187392" : 2,
            "201728" : 1,
            "203776" : 1,
            "216064" : 2,
            "218112" : 1,
            "222208" : 1,
            "226304" : 1,
            "238592" : 1,
            "254976" : 1,
            "259072" : 1,
            "264192" : 1,
            "272384" : 1,
            "284672" : 1,
            "333824" : 1,
            "337920" : 1,
            "428032" : 1,
            "436224" : 2,
            "618496" : 1,
            "659456" : 1,
            "823296" : 1,
            "872448" : 1,
            "929792" : 1,
            "937984" : 1,
            "1056768" : 1,
            "1073152" : 1,
            "1122304" : 2,
            "1138688" : 1,
            "1155072" : 1,
            "1187840" : 2,
            "1204224" : 1,
            "1236992" : 4,
            "1253376" : 2,
            "1286144" : 1,
            "1368064" : 2,
            "1384448" : 2,
            "1449984" : 1,
            "1482752" : 1,
            "1499136" : 1,
            "1531904" : 3,
            "1548288" : 1,
            "1613824" : 2,
            "1646592" : 2,
            "1662976" : 1,
            "1794048" : 1,
            "1810432" : 1,
            "1843200" : 1,
            "1859584" : 1,
            "1875968" : 1,
            "1892352" : 2,
            "1925120" : 1,
            "1974272" : 1,
            "2113536" : 1,
            "2211840" : 1,
            "2375680" : 1,
            "2473984" : 1,
            "2539520" : 2,
            "2703360" : 1,
            "2998272" : 1,
            "3063808" : 1,
            "3162112" : 1,
            "3194880" : 1,
            "3424256" : 1,
            "3555328" : 1,
            "3588096" : 2,
            "3653632" : 1,
            "3948544" : 1,
            "4112384" : 1,
            "4177920" : 1,
            "4292608" : 1,
            "4358144" : 1,
            "4423680" : 2,
            "4554752" : 1,
            "4685824" : 1,
            "4816896" : 1,
            "5144576" : 1,
            "5341184" : 1,
            "5996544" : 1,
            "7307264" : 1,
            "7634944" : 1,
            "7766016" : 1,
            "12386304" : 1,
            "12517376" : 1
          }
        },
        "lat_ns" : {
          "min" : 2182,
          "max" : 12495828,
          "mean" : 5679.208875,
          "stddev" : 49667.244820,
          "N" : 408162,
          "percentile" : {
            "1.000000" : 2576,
            "5.000000" : 2736,
            "10.000000" : 2864,
            "20.000000" : 3088,
            "30.000000" : 3376,
            "40.000000" : 4448,
            "50.000000" : 5024,
            "60.000000" : 5280,
            "70.000000" : 5536,
            "80.000000" : 6112,
            "90.000000" : 8096,
            "95.000000" : 9536,
            "99.000000" : 12480,
            "99.500000" : 14528,
            "99.900000" : 29824,
            "99.950000" : 49408,
            "99.990000" : 1843200
          },
          "bins" : {
            "2192" : 4,
            "2224" : 2,
            "2256" : 14,
            "2288" : 24,
            "2320" : 45,
            "2352" : 94,
            "2384" : 161,
            "2416" : 262,
            "2448" : 384,
            "2480" : 575,
            "2512" : 794,
            "2544" : 1092,
            "2576" : 1577,
            "2608" : 1933,
            "2640" : 2473,
            "2672" : 3101,
            "2704" : 3672,
            "2736" : 4221,
            "2768" : 4843,
            "2800" : 5441,
            "2832" : 5760,
            "2864" : 6037,
            "2896" : 6434,
            "2928" : 6340,
            "2960" : 6543,
            "2992" : 6398,
            "3024" : 6275,
            "3056" : 6044,
            "3088" : 5810,
            "3120" : 5531,
            "3152" : 5009,
            "3184" : 4822,
            "3216" : 4297,
            "3248" : 4126,
            "3280" : 3716,
            "3312" : 3318,
            "3344" : 3010,
            "3376" : 2800,
            "3408" : 2506,
            "3440" : 2162,
            "3472" : 2149,
            "3504" : 1897,
            "3536" : 1686,
            "3568" : 1563,
            "3600" : 1355,
            "3632" : 1348,
            "3664" : 1164,
            "3696" : 1188,
            "3728" : 1087,
            "3760" : 1034,
            "3792" : 1012,
            "3824" : 946,
            "3856" : 961,
            "3888" : 981,
            "3920" : 847,
            "3952" : 941,
            "3984" : 835,
            "4016" : 929,
            "4048" : 865,
            "4080" : 867,
            "4128" : 1829,
            "4192" : 1819,
            "4256" : 1913,
            "4320" : 2199,
            "4384" : 2368,
            "4448" : 2573,
            "4512" : 2787,
            "4576" : 3237,
            "4640" : 3437,
            "4704" : 3921,
            "4768" : 4656,
            "4832" : 5390,
            "4896" : 6451,
            "4960" : 7775,
            "5024" : 8711,
            "5088" : 9707,
            "5152" : 10349,
            "5216" : 10475,
            "5280" : 10514,
            "5344" : 10099,
            "5408" : 9500,
            "5472" : 8795,
            "5536" : 7755,
            "5600" : 6814,
            "5664" : 5987,
            "5728" : 5373,
            "5792" : 4471,
            "5856" : 3986,
            "5920" : 3613,
            "5984" : 3262,
            "6048" : 3003,
            "6112" : 2836,
            "6176" : 2611,
            "6240" : 2452,
            "6304" : 2206,
            "6368" : 2114,
            "6432" : 1985,
            "6496" : 1841,
            "6560" : 1675,
            "6624" : 1550,
            "6688" : 1587,
            "6752" : 1332,
            "6816" : 1302,
            "6880" : 1183,
            "6944" : 1114,
            "7008" : 1132,
            "7072" : 1143,
            "7136" : 1031,
            "7200" : 1055,
            "7264" : 1025,
            "7328" : 984,
            "7392" : 1028,
            "7456" : 984,
            "7520" : 1038,
            "7584" : 1048,
            "7648" : 989,
            "7712" : 1011,
            "7776" : 983,
            "7840" : 1021,
            "7904" : 972,
            "7968" : 885,
            "8032" : 991,
            "8096" : 982,
            "8160" : 1019,
            "8256" : 1987,
            "8384" : 2019,
            "8512" : 1948,
            "8640" : 1812,
            "8768" : 1868,
            "8896" : 1863,
            "9024" : 1765,
            "9152" : 1671,
            "9280" : 1497,
            "9408" : 1409,
            "9536" : 1356,
            "9664" : 1268,
            "9792" : 1246,
            "9920" : 1115,
            "10048" : 1004,
            "10176" : 1002,
            "10304" : 970,
            "10432" : 983,
            "10560" : 910,
            "10688" : 870,
            "10816" : 813,
            "10944" : 692,
            "11072" : 633,
            "11200" : 614,
            "11328" : 541,
            "11456" : 502,
            "11584" : 476,
            "11712" : 442,
            "11840" : 364,
            "11968" : 354,
            "12096" : 319,
            "12224" : 290,
            "12352" : 216,
            "12480" : 233,
            "12608" : 220,
            "12736" : 217,
            "12864" : 172,
            "12992" : 147,
            "13120" : 126,
            "13248" : 139,
            "13376" : 133,
            "13504" : 104,
            "13632" : 96,
            "13760" : 94,
            "13888" : 96,
            "14016" : 88,
            "14144" : 69,
            "14272" : 81,
            "14400" : 73,
            "14528" : 49,
            "14656" : 52,
            "14784" : 58,
            "14912" : 53,
            "15040" : 55,
            "15168" : 51,
            "15296" : 41,
            "15424" : 30,
            "15552" : 44,
            "15680" : 42,
            "15808" : 33,
            "15936" : 23,
            "16064" : 39,
            "16192" : 37,
            "16320" : 25,
            "16512" : 55,
            "16768" : 59,
            "17024" : 53,
            "17280" : 53,
            "17536" : 47,
            "17792" : 37,
            "18048" : 36,
            "18304" : 43,
            "18560" : 36,
            "18816" : 33,
            "19072" : 30,
            "19328" : 30,
            "19584" : 31,
            "19840" : 30,
            "20096" : 24,
            "20352" : 21,
            "20608" : 31,
            "20864" : 22,
            "21120" : 20,
            "21376" : 19,
            "21632" : 23,
            "21888" : 16,
            "22144" : 13,
            "22400" : 11,
            "22656" : 13,
            "22912" : 15,
            "23168" : 8,
            "23424" : 8,
            "23680" : 10,
            "23936" : 12,
            "24192" : 18,
            "24448" : 13,
            "24704" : 15,
            "24960" : 10,
            "25216" : 12,
            "25472" : 7,
            "25728" : 2,
            "25984" : 11,
            "26240" : 10,
            "26496" : 4,
            "26752" : 6,
            "27008" : 6,
            "27264" : 10,
            "27520" : 8,
            "27776" : 7,
            "28032" : 11,
            "28288" : 15,
            "28544" : 4,
            "28800" : 6,
            "29056" : 5,
            "29312" : 5,
            "29568" : 5,
            "29824" : 3,
            "30080" : 2,
            "30336" : 5,
            "30592" : 4,
            "30848" : 5,
            "31104" : 6,
            "31360" : 10,
            "31616" : 6,
            "31872" : 2,
            "32128" : 2,
            "32384" : 4,
            "32640" : 5,
            "33024" : 5,
            "33536" : 13,
            "34048" : 7,
            "34560" : 9,
            "35072" : 9,
            "35584" : 4,
            "36096" : 6,
            "36608" : 4,
            "37120" : 7,
            "37632" : 6,
            "38144" : 10,
            "38656" : 4,
            "39168" : 1,
            "39680" : 6,
            "40192" : 3,
            "40704" : 3,
            "41216" : 3,
            "41728" : 2,
            "42240" : 6,
            "42752" : 3,
            "43264" : 3,
            "43776" : 7,
            "44288" : 2,
            "44800" : 3,
            "45312" : 1,
            "45824" : 5,
            "46336" : 3,
            "46848" : 2,
            "47360" : 3,
            "47872" : 4,
            "48384" : 5,
            "48896" : 3,
            "49408" : 4,
            "49920" : 2,
            "50432" : 2,
            "50944" : 2,
            "51456" : 3,
            "51968" : 6,
            "52480" : 1,
            "52992" : 1,
            "53504" : 2,
            "54016" : 4,
            "54528" : 1,
            "55040" : 1,
            "55552" : 1,
            "56064" : 2,
            "56576" : 1,
            "57600" : 3,
            "58112" : 2,
            "58624" : 1,
            "59136" : 1,
            "59648" : 3,
            "60160" : 1,
            "61184" : 1,
            "61696" : 2,
            "62208" : 3,
            "62720" : 2,
            "63744" : 1,
            "64256" : 1,
            "64768" : 1,
            "66048" : 3,
            "67072" : 1,
            "69120" : 1,
            "71168" : 2,
            "73216" : 1,
            "75264" : 1,
            "76288" : 1,
            "79360" : 1,
            "82432" : 2,
            "84480" : 1,
            "85504" : 1,
            "88576" : 2,
            "89600" : 1,
            "92672" : 2,
            "96768" : 1,
            "97792" : 1,
            "108032" : 2,
            "111104" : 1,
            "112128" : 1,
            "115200" : 1,
            "116224" : 1,
            "117248" : 1,
            "125440" : 1,
            "126464" : 2,
            "130560" : 2,
            "134144" : 3,
            "136192" : 1,
            "138240" : 1,
            "144384" : 1,
            "150528" : 1,
            "156672" : 1,
            "166912" : 2,
            "175104" : 2,
            "181248" : 1,
            "187392" : 2,
            "201728" : 1,
            "203776" : 1,
            "216064" : 2,
            "220160" : 1,
            "222208" : 1,
            "226304" : 1,
            "238592" : 1,
            "250880" : 1,
            "254976" : 1,
            "259072" : 1,
            "264192" : 1,
            "272384" : 1,
            "284672" : 1,
            "333824" : 1,
            "337920" : 1,
            "428032" : 1,
            "436224" : 2,
            "618496" : 1,
            "634880" : 1,
            "659456" : 1,
            "823296" : 1,
            "872448" : 1,
            "929792" : 1,
            "937984" : 1,
            "1056768" : 1,
            "1073152" : 1,
            "1122304" : 2,
            "1138688" : 1,
            "1155072" : 1,
            "1187840" : 2,
            "1204224" : 1,
            "1236992" : 4,
            "1253376" : 2,
            "1286144" : 1,
            "1368064" : 2,
            "1384448" : 2,
            "1449984" : 1,
            "1482752" : 1,
            "1499136" : 1,
            "1531904" : 3,
            "1548288" : 1,
            "1613824" : 2,
            "1646592" : 2,
            "1662976" : 1,
            "1794048" : 1,
            "1810432" : 1,
            "1843200" : 1,
            "1859584" : 1,
            "1875968" : 1,
            "1892352" : 2,
            "1925120" : 1,
            "1974272" : 1,
            "2113536" : 1,
            "2211840" : 1,
            "2375680" : 1,
            "2473984" : 1,
            "2539520" : 2,
            "2703360" : 1,
            "2998272" : 1,
            "3063808" : 1,
            "3162112" : 1,
            "3194880" : 1,
            "3424256" : 1,
            "3555328" : 1,
            "3588096" : 2,
            "3653632" : 1,
            "3948544" : 1,
            "4112384" : 1,
            "4177920" : 1,
            "4292608" : 1,
            "4358144" : 1,
            "4423680" : 2,
            "4554752" : 1,
            "4685824" : 1,
            "4816896" : 1,
            "5144576" : 1,
            "5341184" : 1,
            "5996544" : 1,
            "7307264" : 1,
            "7634944" : 1,
            "7766016" : 1,
            "12386304" : 1,
            "12517376" : 1
          }
        },
        "bw_min" : 71704,
        "bw_max" : 125256,
        "bw_agg" : 99.995636,
        "bw_mean" : 108708.689655,
        "bw_dev" : 13988.421909,
        "bw_samples" : 29,
        "iops_min" : 17926,
        "iops_max" : 31314,
        "iops_mean" : 27177.172414,
        "iops_stddev" : 3497.105477,
        "iops_samples" : 29
      },
      "trim" : {
        "io_bytes" : 0,
        "io_kbytes" : 0,
        "bw_bytes" : 0,
        "bw" : 0,
        "iops" : 0.000000,
        "runtime" : 0,
        "total_ios" : 0,
        "short_ios" : 0,
        "drop_ios" : 0,
        "slat_ns" : {
          "min" : 0,
          "max" : 0,
          "mean" : 0.000000,
          "stddev" : 0.000000,
          "N" : 0
        },
        "clat_ns" : {
          "min" : 0,
          "max" : 0,
          "mean" : 0.000000,
          "stddev" : 0.000000,
          "N" : 0
        },
        "lat_ns" : {
          "min" : 0,
          "max" : 0,
          "mean" : 0.000000,
          "stddev" : 0.000000,
          "N" : 0
        },
        "bw_min" : 0,
        "bw_max" : 0,
        "bw_agg" : 0.000000,
        "bw_mean" : 0.000000,
        "bw_dev" : 0.000000,
        "bw_samples" : 0,
        "iops_min" : 0,
        "iops_max" : 0,
        "iops_mean" : 0.000000,
        "iops_stddev" : 0.000000,
        "iops_samples" : 0
      },
      "sync" : {
        "total_ios" : 0,
        "lat_ns" : {
          "min" : 0,
          "max" : 0,
          "mean" : 0.000000,
          "stddev" : 0.000000,
          "N" : 0
        }
      },
      "job_runtime" : 15017,
      "usr_cpu" : 8.057535,
      "sys_cpu" : 46.074449,
      "ctx" : 468944,
      "majf" : 0,
      "minf" : 18,
      "iodepth_level" : {
        "1" : 100.000000,
        "2" : 0.000000,
        "4" : 0.000000,
        "8" : 0.000000,
        "16" : 0.000000,
        "32" : 0.000000,
        ">=64" : 0.000000
      },
      "iodepth_submit" : {
        "0" : 0.000000,
        "4" : 100.000000,
        "8" : 0.000000,
        "16" : 0.000000,
        "32" : 0.000000,
        "64" : 0.000000,
        ">=64" : 0.000000
      },
      "iodepth_complete" : {
        "0" : 0.000000,
        "4" : 100.000000,
        "8" : 0.000000,
        "16" : 0.000000,
        "32" : 0.000000,
        "64" : 0.000000,
        ">=64" : 0.000000
      },
      "latency_ns" : {
        "2" : 0.000000,
        "4" : 0.000000,
        "10" : 0.000000,
        "20" : 0.000000,
        "50" : 0.000000,
        "100" : 0.000000,
        "250" : 0.000000,
        "500" : 0.000000,
        "750" : 0.000000,
        "1000" : 0.010000
      },
      "latency_us" : {
        "2" : 0.203210,
        "4" : 18.476729,
        "10" : 29.773396,
        "20" : 27.235713,
        "50" : 23.777218,
        "100" : 0.430414,
        "250" : 0.063779,
        "500" : 0.011385,
        "750" : 0.010000,
        "1000" : 0.010000
      },
      "latency_ms" : {
        "2" : 0.010000,
        "4" : 0.010000,
        "10" : 0.010000,
        "20" : 0.010000,
        "50" : 0.000000,
        "100" : 0.000000,
        "250" : 0.000000,
        "500" : 0.000000,
        "750" : 0.000000,
        "1000" : 0.000000,
        "2000" : 0.000000,
        ">=2000" : 0.000000
      },
      "latency_depth" : 1,
      "latency_target" : 0,
      "latency_percentile" : 100.000000,
      "latency_window" : 0
    }
  ]
}
