{
  "fio version" : "fio-3.32-36-g5932",
  "timestamp" : 1664571852,
  "timestamp_ms" : 1664571852304,
  "time" : "Fri Sep 30 23:04:12 2022",
  "global options" : {
    "size" : "64K",
    "rw" : "randrw",
    "bs" : "4K",
    "numjobs" : "1",
    "iodepth" : "1",
    "runtime" : "300",
    "end_fsync" : "1",
    "lat_percentiles" : "1",
    "slat_percentiles" : "1",
    "clat_percentiles" : "1"
  },
  "jobs" : [
    {
      "jobname" : "random-rw",
      "groupid" : 0,
      "error" : 0,
      "eta" : 0,
      "elapsed" : 301,
      "job options" : {
        "name" : "random-rw"
      },
      "read" : {
        "io_bytes" : 67947720704,
        "io_kbytes" : 66355196,
        "bw_bytes" : 226491647,
        "bw" : 221183,
        "iops" : 55295.812347,
        "runtime" : 300001,
        "total_ios" : 16588799,
        "short_ios" : 0,
        "drop_ios" : 0,
        "slat_ns" : {
          "min" : 0,
          "max" : 0,
          "mean" : 0.000000,
          "stddev" : 0.000000,
          "N" : 0
        },
        "clat_ns" : {
          "min" : 622,
          "max" : 10705400,
          "mean" : 10537.539460,
          "stddev" : 16593.008134,
          "N" : 16588799,
          "percentile" : {
            "1.000000" : 676,
            "5.000000" : 732,
            "10.000000" : 804,
            "20.000000" : 6624,
            "30.000000" : 9664,
            "40.000000" : 10304,
            "50.000000" : 10688,
            "60.000000" : 11200,
            "70.000000" : 11584,
            "80.000000" : 13504,
            "90.000000" : 16512,
            "95.000000" : 18816,
            "99.000000" : 24192,
            "99.500000" : 28288,
            "99.900000" : 57600,
            "99.950000" : 87552,
            "99.990000" : 325632
          },
          "bins" : {
            "620" : 1,
            "628" : 68,
            "636" : 447,
            "644" : 5443,
            "652" : 20851,
            "660" : 43170,
            "668" : 67935,
            "676" : 91273,
            "684" : 107830,
            "692" : 102064,
            "700" : 99561,
            "708" : 96768,
            "716" : 94091,
            "724" : 99899,
            "732" : 99418,
            "740" : 101481,
            "748" : 98250,
            "756" : 88988,
            "764" : 88525,
            "772" : 85553,
            "780" : 84878,
            "788" : 79708,
            "796" : 68244,
            "804" : 61498,
            "812" : 49553,
            "820" : 40134,
            "828" : 31623,
            "836" : 23742,
            "844" : 20140,
            "852" : 16982,
            "860" : 15309,
            "868" : 13999,
            "876" : 13193,
            "884" : 13204,
            "892" : 12870,
            "900" : 12695,
            "908" : 11745,
            "916" : 10490,
            "924" : 10270,
            "932" : 9107,
            "940" : 8470,
            "948" : 7517,
            "956" : 6687,
            "964" : 6903,
            "972" : 6569,
            "980" : 6956,
            "988" : 7120,
            "996" : 6946,
            "1004" : 7198,
            "1012" : 7151,
            "1020" : 7523,
            "1032" : 15537,
            "1048" : 16708,
            "1064" : 17596,
            "1080" : 18956,
            "1096" : 20713,
            "1112" : 20456,
            "1128" : 20619,
            "1144" : 19125,
            "1160" : 17772,
            "1176" : 17614,
            "1192" : 16238,
            "1208" : 16100,
            "1224" : 15524,
            "1240" : 13894,
            "1256" : 12871,
            "1272" : 10803,
            "1288" : 9700,
            "1304" : 8275,
            "1320" : 7152,
            "1336" : 6710,
            "1352" : 6055,
            "1368" : 5748,
            "1384" : 5540,
            "1400" : 5076,
            "1416" : 4796,
            "1432" : 4458,
            "1448" : 4184,
            "1464" : 3799,
            "1480" : 3460,
            "1496" : 3295,
            "1512" : 3097,
            "1528" : 2968,
            "1544" : 2698,
            "1560" : 2558,
            "1576" : 2460,
            "1592" : 2292,
            "1608" : 2149,
            "1624" : 2103,
            "1640" : 1868,
            "1656" : 1909,
            "1672" : 1712,
            "1688" : 1656,
            "1704" : 1468,
            "1720" : 1454,
            "1736" : 1326,
            "1752" : 1254,
            "1768" : 1221,
            "1784" : 1108,
            "1800" : 1114,
            "1816" : 1088,
            "1832" : 988,
            "1848" : 983,
            "1864" : 1015,
            "1880" : 900,
            "1896" : 921,
            "1912" : 814,
            "1928" : 840,
            "1944" : 772,
            "1960" : 792,
            "1976" : 776,
            "1992" : 712,
            "2008" : 683,
            "2024" : 662,
            "2040" : 600,
            "2064" : 1145,
            "2096" : 1052,
            "2128" : 854,
            "2160" : 801,
            "2192" : 747,
            "2224" : 646,
            "2256" : 625,
            "2288" : 587,
            "2320" : 525,
            "2352" : 506,
            "2384" : 471,
            "2416" : 481,
            "2448" : 458,
            "2480" : 371,
            "2512" : 376,
            "2544" : 346,
            "2576" : 357,
            "2608" : 360,
            "2640" : 323,
            "2672" : 300,
            "2704" : 279,
            "2736" : 315,
            "2768" : 281,
            "2800" : 261,
            "2832" : 251,
            "2864" : 240,
            "2896" : 224,
            "2928" : 199,
            "2960" : 198,
            "2992" : 173,
            "3024" : 157,
            "3056" : 156,
            "3088" : 131,
            "3120" : 135,
            "3152" : 139,
            "3184" : 114,
            "3216" : 106,
            "3248" : 101,
            "3280" : 78,
            "3312" : 74,
            "3344" : 72,
            "3376" : 63,
            "3408" : 56,
            "3440" : 65,
            "3472" : 53,
            "3504" : 48,
            "3536" : 58,
            "3568" : 48,
            "3600" : 64,
            "3632" : 69,
            "3664" : 70,
            "3696" : 85,
            "3728" : 111,
            "3760" : 117,
            "3792" : 124,
            "3824" : 153,
            "3856" : 177,
            "3888" : 192,
            "3920" : 229,
            "3952" : 237,
            "3984" : 230,
            "4016" : 248,
            "4048" : 196,
            "4080" : 222,
            "4128" : 461,
            "4192" : 476,
            "4256" : 524,
            "4320" : 592,
            "4384" : 566,
            "4448" : 611,
            "4512" : 568,
            "4576" : 561,
            "4640" : 511,
            "4704" : 514,
            "4768" : 481,
            "4832" : 429,
            "4896" : 421,
            "4960" : 430,
            "5024" : 390,
            "5088" : 376,
            "5152" : 342,
            "5216" : 353,
            "5280" : 295,
            "5344" : 326,
            "5408" : 267,
            "5472" : 286,
            "5536" : 259,
            "5600" : 259,
            "5664" : 287,
            "5728" : 250,
            "5792" : 248,
            "5856" : 259,
            "5920" : 270,
            "5984" : 320,
            "6048" : 2417,
            "6112" : 21672,
            "6176" : 82281,
            "6240" : 143568,
            "6304" : 149906,
            "6368" : 140438,
            "6432" : 123629,
            "6496" : 89228,
            "6560" : 54750,
            "6624" : 30404,
            "6688" : 16339,
            "6752" : 9245,
            "6816" : 5699,
            "6880" : 4330,
            "6944" : 3664,
            "7008" : 5617,
            "7072" : 10982,
            "7136" : 14339,
            "7200" : 14964,
            "7264" : 14675,
            "7328" : 15017,
            "7392" : 17007,
            "7456" : 20020,
            "7520" : 22114,
            "7584" : 20942,
            "7648" : 17217,
            "7712" : 13002,
            "7776" : 8945,
            "7840" : 6252,
            "7904" : 4438,
            "7968" : 3410,
            "8032" : 2767,
            "8096" : 2181,
            "8160" : 1969,
            "8256" : 3332,
            "8384" : 2927,
            "8512" : 2688,
            "8640" : 2616,
            "8768" : 2853,
            "8896" : 3288,
            "9024" : 13820,
            "9152" : 92279,
            "9280" : 227888,
            "9408" : 283605,
            "9536" : 406884,
            "9664" : 496356,
            "9792" : 384559,
            "9920" : 333669,
            "10048" : 295407,
            "10176" : 313628,
            "10304" : 462842,
            "10432" : 653335,
            "10560" : 704988,
            "10688" : 578938,
            "10816" : 380216,
            "10944" : 282414,
            "11072" : 343159,
            "11200" : 486578,
            "11328" : 558996,
            "11456" : 487771,
            "11584" : 323691,
            "11712" : 187548,
            "11840" : 131705,
            "11968" : 131523,
            "12096" : 141743,
            "12224" : 138668,
            "12352" : 118250,
            "12480" : 96435,
            "12608" : 84302,
            "12736" : 78794,
            "12864" : 78079,
            "12992" : 79640,
            "13120" : 84174,
            "13248" : 86593,
            "13376" : 88137,
            "13504" : 86706,
            "13632" : 82376,
            "13760" : 78424,
            "13888" : 74457,
            "14016" : 70938,
            "14144" : 69018,
            "14272" : 68424,
            "14400" : 68120,
            "14528" : 68481,
            "14656" : 68979,
            "14784" : 70134,
            "14912" : 69784,
            "15040" : 67966,
            "15168" : 65125,
            "15296" : 63195,
            "15424" : 62627,
            "15552" : 62738,
            "15680" : 63871,
            "15808" : 65289,
            "15936" : 66721,
            "16064" : 68385,
            "16192" : 68751,
            "16320" : 66492,
            "16512" : 122475,
            "16768" : 109245,
            "17024" : 98861,
            "17280" : 92181,
            "17536" : 90537,
            "17792" : 91561,
            "18048" : 92031,
            "18304" : 87191,
            "18560" : 80770,
            "18816" : 74868,
            "19072" : 71379,
            "19328" : 67771,
            "19584" : 61019,
            "19840" : 52855,
            "20096" : 46778,
            "20352" : 41194,
            "20608" : 37892,
            "20864" : 33980,
            "21120" : 30842,
            "21376" : 27691,
            "21632" : 25039,
            "21888" : 22943,
            "22144" : 20764,
            "22400" : 18786,
            "22656" : 17101,
            "22912" : 15697,
            "23168" : 14021,
            "23424" : 12773,
            "23680" : 11591,
            "23936" : 10388,
            "24192" : 9274,
            "24448" : 8473,
            "24704" : 7782,
            "24960" : 7089,
            "25216" : 6339,
            "25472" : 5738,
            "25728" : 5211,
            "25984" : 4809,
            "26240" : 4267,
            "26496" : 3954,
            "26752" : 3595,
            "27008" : 3380,
            "27264" : 3102,
            "27520" : 2842,
            "27776" : 2769,
            "28032" : 2467,
            "28288" : 2298,
            "28544" : 2216,
            "28800" : 2004,
            "29056" : 1973,
            "29312" : 1804,
            "29568" : 1682,
            "29824" : 1613,
            "30080" : 1505,
            "30336" : 1461,
            "30592" : 1371,
            "30848" : 1361,
            "31104" : 1262,
            "31360" : 1181,
            "31616" : 1152,
            "31872" : 1077,
            "32128" : 1056,
            "32384" : 1057,
            "32640" : 982,
            "33024" : 1794,
            "33536" : 1687,
            "34048" : 1696,
            "34560" : 1543,
            "35072" : 1488,
            "35584" : 1443,
            "36096" : 1357,
            "36608" : 1359,
            "37120" : 1342,
            "37632" : 1300,
            "38144" : 1239,
            "38656" : 1227,
            "39168" : 1241,
            "39680" : 1171,
            "40192" : 1119,
            "40704" : 1194,
            "41216" : 1019,
            "41728" : 1071,
            "42240" : 1016,
            "42752" : 899,
            "43264" : 875,
            "43776" : 851,
            "44288" : 862,
            "44800" : 803,
            "45312" : 786,
            "45824" : 689,
            "46336" : 706,
            "46848" : 672,
            "47360" : 627,
            "47872" : 566,
            "48384" : 545,
            "48896" : 536,
            "49408" : 536,
            "49920" : 515,
            "50432" : 508,
            "50944" : 491,
            "51456" : 422,
            "51968" : 398,
            "52480" : 412,
            "52992" : 425,
            "53504" : 432,
            "54016" : 369,
            "54528" : 359,
            "55040" : 344,
            "55552" : 348,
            "56064" : 321,
            "56576" : 331,
            "57088" : 301,
            "57600" : 295,
            "58112" : 266,
            "58624" : 261,
            "59136" : 247,
            "59648" : 280,
            "60160" : 242,
            "60672" : 232,
            "61184" : 239,
            "61696" : 204,
            "62208" : 190,
            "62720" : 182,
            "63232" : 208,
            "63744" : 186,
            "64256" : 160,
            "64768" : 164,
            "65280" : 165,
            "66048" : 307,
            "67072" : 311,
            "68096" : 285,
            "69120" : 263,
            "70144" : 272,
            "71168" : 279,
            "72192" : 266,
            "73216" : 283,
            "74240" : 225,
            "75264" : 257,
            "76288" : 258,
            "77312" : 224,
            "78336" : 213,
            "79360" : 213,
            "80384" : 249,
            "81408" : 201,
            "82432" : 187,
            "83456" : 171,
            "84480" : 213,
            "85504" : 170,
            "86528" : 139,
            "87552" : 165,
            "88576" : 141,
            "89600" : 145,
            "90624" : 139,
            "91648" : 117,
            "92672" : 124,
            "93696" : 107,
            "94720" : 117,
            "95744" : 108,
            "96768" : 97,
            "97792" : 95,
            "98816" : 85,
            "99840" : 94,
            "100864" : 94,
            "101888" : 91,
            "102912" : 101,
            "103936" : 84,
            "104960" : 96,
            "105984" : 82,
            "107008" : 89,
            "108032" : 86,
            "109056" : 86,
            "110080" : 112,
            "111104" : 103,
            "112128" : 93,
            "113152" : 123,
            "114176" : 108,
            "115200" : 113,
            "116224" : 83,
            "117248" : 78,
            "118272" : 99,
            "119296" : 79,
            "120320" : 68,
            "121344" : 88,
            "122368" : 64,
            "123392" : 73,
            "124416" : 63,
            "125440" : 52,
            "126464" : 46,
            "127488" : 57,
            "128512" : 47,
            "129536" : 62,
            "130560" : 66,
            "132096" : 79,
            "134144" : 108,
            "136192" : 93,
            "138240" : 89,
            "140288" : 96,
            "142336" : 94,
            "144384" : 73,
            "146432" : 72,
            "148480" : 63,
            "150528" : 78,
            "152576" : 50,
            "154624" : 63,
            "156672" : 49,
            "158720" : 62,
            "160768" : 46,
            "162816" : 45,
            "164864" : 44,
            "166912" : 46,
            "168960" : 41,
            "171008" : 35,
            "173056" : 32,
            "175104" : 28,
            "177152" : 32,
            "179200" : 29,
            "181248" : 25,
            "183296" : 32,
            "185344" : 24,
            "187392" : 26,
            "189440" : 21,
            "191488" : 33,
            "193536" : 15,
            "195584" : 26,
            "197632" : 18,
            "199680" : 23,
            "201728" : 35,
            "203776" : 21,
            "205824" : 20,
            "207872" : 22,
            "209920" : 20,
            "211968" : 29,
            "214016" : 19,
            "216064" : 25,
            "218112" : 28,
            "220160" : 22,
            "222208" : 25,
            "224256" : 22,
            "226304" : 13,
            "228352" : 18,
            "230400" : 17,
            "232448" : 22,
            "234496" : 35,
            "236544" : 18,
            "238592" : 18,
            "240640" : 20,
            "242688" : 16,
            "244736" : 22,
            "246784" : 17,
            "248832" : 17,
            "250880" : 27,
            "252928" : 10,
            "254976" : 12,
            "257024" : 20,
            "259072" : 13,
            "261120" : 14,
            "264192" : 33,
            "268288" : 29,
            "272384" : 29,
            "276480" : 20,
            "280576" : 16,
            "284672" : 35,
            "288768" : 16,
            "292864" : 18,
            "296960" : 15,
            "301056" : 25,
            "305152" : 11,
            "309248" : 9,
            "313344" : 12,
            "317440" : 30,
            "321536" : 15,
            "325632" : 18,
            "329728" : 10,
            "333824" : 26,
            "337920" : 14,
            "342016" : 24,
            "346112" : 20,
            "350208" : 21,
            "354304" : 16,
            "358400" : 15,
            "362496" : 16,
            "366592" : 11,
            "370688" : 18,
            "374784" : 23,
            "378880" : 13,
            "382976" : 11,
            "387072" : 12,
            "391168" : 11,
            "395264" : 16,
            "399360" : 12,
            "403456" : 12,
            "407552" : 9,
            "411648" : 14,
            "415744" : 16,
            "419840" : 18,
            "423936" : 17,
            "428032" : 14,
            "432128" : 24,
            "436224" : 19,
            "440320" : 13,
            "444416" : 10,
            "448512" : 27,
            "452608" : 12,
            "456704" : 8,
            "460800" : 15,
            "464896" : 9,
            "468992" : 18,
            "473088" : 9,
            "477184" : 13,
            "481280" : 10,
            "485376" : 5,
            "489472" : 10,
            "493568" : 10,
            "497664" : 4,
            "501760" : 3,
            "505856" : 7,
            "509952" : 10,
            "514048" : 4,
            "518144" : 3,
            "522240" : 4,
            "528384" : 14,
            "536576" : 12,
            "544768" : 15,
            "552960" : 17,
            "561152" : 10,
            "569344" : 18,
            "577536" : 14,
            "585728" : 14,
            "593920" : 14,
            "602112" : 10,
            "610304" : 12,
            "618496" : 5,
            "626688" : 7,
            "634880" : 11,
            "643072" : 5,
            "651264" : 4,
            "659456" : 4,
            "667648" : 5,
            "675840" : 6,
            "684032" : 17,
            "692224" : 3,
            "700416" : 8,
            "708608" : 10,
            "716800" : 7,
            "724992" : 7,
            "733184" : 7,
            "741376" : 11,
            "749568" : 4,
            "757760" : 5,
            "765952" : 8,
            "774144" : 10,
            "782336" : 7,
            "790528" : 10,
            "798720" : 11,
            "806912" : 12,
            "815104" : 9,
            "823296" : 12,
            "831488" : 16,
            "839680" : 12,
            "847872" : 15,
            "856064" : 4,
            "864256" : 7,
            "872448" : 10,
            "880640" : 6,
            "888832" : 4,
            "897024" : 5,
            "905216" : 6,
            "913408" : 10,
            "921600" : 12,
            "929792" : 5,
            "937984" : 8,
            "946176" : 7,
            "954368" : 12,
            "962560" : 8,
            "970752" : 10,
            "978944" : 6,
            "995328" : 5,
            "1003520" : 6,
            "1011712" : 4,
            "1019904" : 8,
            "1028096" : 6,
            "1036288" : 8,
            "1044480" : 10,
            "1056768" : 11,
            "1073152" : 13,
            "1089536" : 11,
            "1105920" : 9,
            "1122304" : 4,
            "1138688" : 7,
            "1155072" : 11,
            "1171456" : 6,
            "1187840" : 10,
            "1204224" : 12,
            "1220608" : 3,
            "1236992" : 3,
            "1253376" : 7,
            "1269760" : 11,
            "1286144" : 2,
            "1302528" : 2,
            "1318912" : 1,
            "1335296" : 4,
            "1351680" : 4,
            "1368064" : 5,
            "1384448" : 2,
            "1400832" : 4,
            "1417216" : 6,
            "1433600" : 4,
            "1449984" : 2,
            "1466368" : 4,
            "1482752" : 6,
            "1499136" : 4,
            "1515520" : 1,
            "1531904" : 1,
            "1548288" : 2,
            "1581056" : 3,
            "1597440" : 4,
            "1613824" : 2,
            "1646592" : 2,
            "1662976" : 1,
            "1679360" : 1,
            "1695744" : 4,
            "1712128" : 3,
            "1728512" : 8,
            "1744896" : 1,
            "1761280" : 4,
            "1777664" : 1,
            "1794048" : 6,
            "1810432" : 3,
            "1826816" : 8,
            "1843200" : 2,
            "1859584" : 7,
            "1875968" : 1,
            "1908736" : 2,
            "1925120" : 4,
            "1941504" : 2,
            "1957888" : 4,
            "1990656" : 2,
            "2007040" : 3,
            "2023424" : 2,
            "2039808" : 1,
            "2056192" : 2,
            "2072576" : 1,
            "2088960" : 1,
            "2113536" : 13,
            "2146304" : 1,
            "2179072" : 7,
            "2211840" : 6,
            "2244608" : 2,
            "2277376" : 6,
            "2310144" : 7,
            "2342912" : 3,
            "2375680" : 5,
            "2408448" : 5,
            "2441216" : 3,
            "2506752" : 3,
            "2539520" : 5,
            "2572288" : 3,
            "2605056" : 4,
            "2637824" : 4,
            "2670592" : 1,
            "2703360" : 2,
            "2736128" : 2,
            "2768896" : 1,
            "2801664" : 4,
            "2867200" : 2,
            "2899968" : 5,
            "2932736" : 3,
            "2965504" : 2,
            "2998272" : 3,
            "3031040" : 2,
            "3063808" : 1,
            "3096576" : 1,
            "3129344" : 4,
            "3162112" : 1,
            "3194880" : 1,
            "3260416" : 1,
            "3325952" : 1,
            "3391488" : 1,
            "3424256" : 1,
            "3457024" : 1,
            "3489792" : 2,
            "3555328" : 1,
            "3588096" : 2,
            "3653632" : 2,
            "3686400" : 2,
            "3719168" : 2,
            "3751936" : 1,
            "3784704" : 1,
            "3817472" : 1,
            "3850240" : 1,
            "3883008" : 1,
            "3915776" : 2,
            "3948544" : 1,
            "4014080" : 2,
            "4079616" : 4,
            "4112384" : 1,
            "4227072" : 3,
            "4292608" : 1,
            "4358144" : 1,
            "4423680" : 2,
            "4489216" : 1,
            "4554752" : 1,
            "4620288" : 3,
            "4685824" : 1,
            "4751360" : 1,
            "4816896" : 1,
            "5079040" : 1,
            "5144576" : 1,
            "5210112" : 1,
            "5734400" : 1,
            "5799936" : 1,
            "5865472" : 1,
            "6389760" : 1,
            "6455296" : 1,
            "6520832" : 1,
            "6651904" : 1,
            "6782976" : 1,
            "6914048" : 1,
            "7045120" : 1,
            "7110656" : 1,
            "7176192" : 1,
            "7307264" : 2,
            "7372800" : 1,
            "7438336" : 3,
            "7503872" : 2,
            "7569408" : 1,
            "8093696" : 2,
            "8454144" : 1,
            "10027008" : 1,
            "10682368" : 1
          }
        },
        "lat_ns" : {
          "min" : 656,
          "max" : 10705487,
          "mean" : 10598.372141,
          "stddev" : 16693.030505,
          "N" : 16588799,
          "percentile" : {
            "1.000000" : 708,
            "5.000000" : 764,
            "10.000000" : 852,
            "20.000000" : 6624,
            "30.000000" : 9792,
            "40.000000" : 10304,
            "50.000000" : 10688,
            "60.000000" : 11200,
            "70.000000" : 11712,
            "80.000000" : 13504,
            "90.000000" : 16768,
            "95.000000" : 19072,
            "99.000000" : 24192,
            "99.500000" : 28544,
            "99.900000" : 58112,
            "99.950000" : 87552,
            "99.990000" : 325632
          },
          "bins" : {
            "660" : 54,
            "668" : 444,
            "676" : 4638,
            "684" : 20083,
            "692" : 41086,
            "700" : 66442,
            "708" : 93456,
            "716" : 100989,
            "724" : 101882,
            "732" : 96298,
            "740" : 94947,
            "748" : 93872,
            "756" : 89333,
            "764" : 93227,
            "772" : 93041,
            "780" : 90908,
            "788" : 82956,
            "796" : 71206,
            "804" : 70108,
            "812" : 69922,
            "820" : 74316,
            "828" : 74463,
            "836" : 68296,
            "844" : 64332,
            "852" : 54289,
            "860" : 45120,
            "868" : 36075,
            "876" : 27625,
            "884" : 23528,
            "892" : 18804,
            "900" : 16742,
            "908" : 14996,
            "916" : 13375,
            "924" : 13122,
            "932" : 12832,
            "940" : 12493,
            "948" : 11425,
            "956" : 10249,
            "964" : 9679,
            "972" : 8672,
            "980" : 8003,
            "988" : 6914,
            "996" : 6222,
            "1004" : 5694,
            "1012" : 4998,
            "1020" : 4869,
            "1032" : 8741,
            "1048" : 9188,
            "1064" : 10738,
            "1080" : 11774,
            "1096" : 12507,
            "1112" : 13160,
            "1128" : 13983,
            "1144" : 13777,
            "1160" : 13940,
            "1176" : 15668,
            "1192" : 16754,
            "1208" : 18797,
            "1224" : 19530,
            "1240" : 18099,
            "1256" : 17303,
            "1272" : 15387,
            "1288" : 14920,
            "1304" : 14706,
            "1320" : 14362,
            "1336" : 14254,
            "1352" : 13025,
            "1368" : 12089,
            "1384" : 10519,
            "1400" : 8806,
            "1416" : 7801,
            "1432" : 6643,
            "1448" : 6116,
            "1464" : 5594,
            "1480" : 5221,
            "1496" : 4904,
            "1512" : 4476,
            "1528" : 4326,
            "1544" : 3997,
            "1560" : 3559,
            "1576" : 3463,
            "1592" : 3118,
            "1608" : 3015,
            "1624" : 2777,
            "1640" : 2568,
            "1656" : 2480,
            "1672" : 2315,
            "1688" : 2235,
            "1704" : 2189,
            "1720" : 1942,
            "1736" : 1866,
            "1752" : 1771,
            "1768" : 1762,
            "1784" : 1641,
            "1800" : 1452,
            "1816" : 1381,
            "1832" : 1300,
            "1848" : 1246,
            "1864" : 1132,
            "1880" : 1150,
            "1896" : 1129,
            "1912" : 998,
            "1928" : 977,
            "1944" : 946,
            "1960" : 900,
            "1976" : 840,
            "1992" : 816,
            "2008" : 831,
            "2024" : 765,
            "2040" : 753,
            "2064" : 1474,
            "2096" : 1403,
            "2128" : 1360,
            "2160" : 1266,
            "2192" : 1216,
            "2224" : 1155,
            "2256" : 1052,
            "2288" : 948,
            "2320" : 873,
            "2352" : 780,
            "2384" : 724,
            "2416" : 628,
            "2448" : 521,
            "2480" : 551,
            "2512" : 450,
            "2544" : 440,
            "2576" : 421,
            "2608" : 412,
            "2640" : 377,
            "2672" : 384,
            "2704" : 400,
            "2736" : 366,
            "2768" : 321,
            "2800" : 337,
            "2832" : 314,
            "2864" : 317,
            "2896" : 330,
            "2928" : 272,
            "2960" : 303,
            "2992" : 274,
            "3024" : 268,
            "3056" : 242,
            "3088" : 249,
            "3120" : 243,
            "3152" : 218,
            "3184" : 220,
            "3216" : 191,
            "3248" : 168,
            "3280" : 178,
            "3312" : 158,
            "3344" : 156,
            "3376" : 149,
            "3408" : 113,
            "3440" : 110,
            "3472" : 100,
            "3504" : 114,
            "3536" : 86,
            "3568" : 79,
            "3600" : 72,
            "3632" : 86,
            "3664" : 69,
            "3696" : 83,
            "3728" : 90,
            "3760" : 94,
            "3792" : 100,
            "3824" : 130,
            "3856" : 123,
            "3888" : 137,
            "3920" : 136,
            "3952" : 195,
            "3984" : 200,
            "4016" : 183,
            "4048" : 229,
            "4080" : 259,
            "4128" : 475,
            "4192" : 483,
            "4256" : 536,
            "4320" : 541,
            "4384" : 646,
            "4448" : 647,
            "4512" : 603,
            "4576" : 619,
            "4640" : 602,
            "4704" : 588,
            "4768" : 558,
            "4832" : 552,
            "4896" : 475,
            "4960" : 469,
            "5024" : 481,
            "5088" : 378,
            "5152" : 446,
            "5216" : 370,
            "5280" : 354,
            "5344" : 310,
            "5408" : 330,
            "5472" : 302,
            "5536" : 294,
            "5600" : 289,
            "5664" : 252,
            "5728" : 302,
            "5792" : 306,
            "5856" : 253,
            "5920" : 292,
            "5984" : 273,
            "6048" : 510,
            "6112" : 4950,
            "6176" : 35322,
            "6240" : 105603,
            "6304" : 154995,
            "6368" : 155162,
            "6432" : 140270,
            "6496" : 111029,
            "6560" : 73799,
            "6624" : 42166,
            "6688" : 23062,
            "6752" : 12649,
            "6816" : 7336,
            "6880" : 5021,
            "6944" : 3809,
            "7008" : 3755,
            "7072" : 6954,
            "7136" : 12658,
            "7200" : 15429,
            "7264" : 15111,
            "7328" : 14342,
            "7392" : 14178,
            "7456" : 16070,
            "7520" : 18189,
            "7584" : 19424,
            "7648" : 18715,
            "7712" : 16397,
            "7776" : 13112,
            "7840" : 9909,
            "7904" : 7208,
            "7968" : 5245,
            "8032" : 3993,
            "8096" : 3045,
            "8160" : 2513,
            "8256" : 3992,
            "8384" : 3321,
            "8512" : 2866,
            "8640" : 2688,
            "8768" : 2730,
            "8896" : 2899,
            "9024" : 6909,
            "9152" : 53042,
            "9280" : 185009,
            "9408" : 267899,
            "9536" : 354923,
            "9664" : 493932,
            "9792" : 429023,
            "9920" : 345951,
            "10048" : 308263,
            "10176" : 283520,
            "10304" : 403022,
            "10432" : 598107,
            "10560" : 712895,
            "10688" : 635839,
            "10816" : 437084,
            "10944" : 291995,
            "11072" : 305623,
            "11200" : 438413,
            "11328" : 548495,
            "11456" : 525452,
            "11584" : 380622,
            "11712" : 227422,
            "11840" : 146072,
            "11968" : 128588,
            "12096" : 136703,
            "12224" : 140115,
            "12352" : 126891,
            "12480" : 106049,
            "12608" : 89976,
            "12736" : 80842,
            "12864" : 77627,
            "12992" : 78311,
            "13120" : 81776,
            "13248" : 85001,
            "13376" : 86576,
            "13504" : 87185,
            "13632" : 84249,
            "13760" : 79450,
            "13888" : 75665,
            "14016" : 71784,
            "14144" : 69002,
            "14272" : 67469,
            "14400" : 67053,
            "14528" : 66791,
            "14656" : 67257,
            "14784" : 68384,
            "14912" : 69176,
            "15040" : 68404,
            "15168" : 66276,
            "15296" : 63313,
            "15424" : 61869,
            "15552" : 61388,
            "15680" : 62507,
            "15808" : 63425,
            "15936" : 64923,
            "16064" : 66638,
            "16192" : 67977,
            "16320" : 68230,
            "16512" : 127012,
            "16768" : 113549,
            "17024" : 101921,
            "17280" : 93411,
            "17536" : 90280,
            "17792" : 90673,
            "18048" : 92283,
            "18304" : 89622,
            "18560" : 83175,
            "18816" : 76379,
            "19072" : 72138,
            "19328" : 69269,
            "19584" : 63403,
            "19840" : 56049,
            "20096" : 49085,
            "20352" : 43216,
            "20608" : 39067,
            "20864" : 35502,
            "21120" : 32366,
            "21376" : 29124,
            "21632" : 26179,
            "21888" : 23936,
            "22144" : 21855,
            "22400" : 19910,
            "22656" : 17696,
            "22912" : 16425,
            "23168" : 14924,
            "23424" : 13410,
            "23680" : 12235,
            "23936" : 11014,
            "24192" : 9901,
            "24448" : 8967,
            "24704" : 8201,
            "24960" : 7448,
            "25216" : 6746,
            "25472" : 6063,
            "25728" : 5505,
            "25984" : 5137,
            "26240" : 4542,
            "26496" : 4068,
            "26752" : 3789,
            "27008" : 3538,
            "27264" : 3295,
            "27520" : 2966,
            "27776" : 2854,
            "28032" : 2627,
            "28288" : 2353,
            "28544" : 2309,
            "28800" : 2172,
            "29056" : 1983,
            "29312" : 1934,
            "29568" : 1754,
            "29824" : 1650,
            "30080" : 1582,
            "30336" : 1464,
            "30592" : 1435,
            "30848" : 1409,
            "31104" : 1337,
            "31360" : 1214,
            "31616" : 1190,
            "31872" : 1110,
            "32128" : 1062,
            "32384" : 1073,
            "32640" : 1048,
            "33024" : 1861,
            "33536" : 1677,
            "34048" : 1765,
            "34560" : 1557,
            "35072" : 1530,
            "35584" : 1465,
            "36096" : 1379,
            "36608" : 1382,
            "37120" : 1367,
            "37632" : 1284,
            "38144" : 1279,
            "38656" : 1247,
            "39168" : 1253,
            "39680" : 1177,
            "40192" : 1140,
            "40704" : 1190,
            "41216" : 1059,
            "41728" : 1057,
            "42240" : 1030,
            "42752" : 942,
            "43264" : 871,
            "43776" : 861,
            "44288" : 842,
            "44800" : 825,
            "45312" : 804,
            "45824" : 723,
            "46336" : 688,
            "46848" : 684,
            "47360" : 633,
            "47872" : 580,
            "48384" : 561,
            "48896" : 541,
            "49408" : 540,
            "49920" : 521,
            "50432" : 499,
            "50944" : 502,
            "51456" : 450,
            "51968" : 393,
            "52480" : 415,
            "52992" : 408,
            "53504" : 438,
            "54016" : 385,
            "54528" : 361,
            "55040" : 350,
            "55552" : 352,
            "56064" : 335,
            "56576" : 314,
            "57088" : 318,
            "57600" : 300,
            "58112" : 275,
            "58624" : 273,
            "59136" : 252,
            "59648" : 257,
            "60160" : 264,
            "60672" : 233,
            "61184" : 246,
            "61696" : 199,
            "62208" : 196,
            "62720" : 198,
            "63232" : 198,
            "63744" : 188,
            "64256" : 165,
            "64768" : 172,
            "65280" : 162,
            "66048" : 312,
            "67072" : 316,
            "68096" : 277,
            "69120" : 275,
            "70144" : 267,
            "71168" : 273,
            "72192" : 278,
            "73216" : 272,
            "74240" : 244,
            "75264" : 252,
            "76288" : 259,
            "77312" : 230,
            "78336" : 211,
            "79360" : 223,
            "80384" : 243,
            "81408" : 207,
            "82432" : 188,
            "83456" : 165,
            "84480" : 220,
            "85504" : 176,
            "86528" : 133,
            "87552" : 169,
            "88576" : 144,
            "89600" : 139,
            "90624" : 142,
            "91648" : 120,
            "92672" : 129,
            "93696" : 102,
            "94720" : 123,
            "95744" : 105,
            "96768" : 102,
            "97792" : 99,
            "98816" : 81,
            "99840" : 95,
            "100864" : 96,
            "101888" : 90,
            "102912" : 102,
            "103936" : 84,
            "104960" : 97,
            "105984" : 82,
            "107008" : 89,
            "108032" : 84,
            "109056" : 89,
            "110080" : 111,
            "111104" : 100,
            "112128" : 99,
            "113152" : 118,
            "114176" : 102,
            "115200" : 124,
            "116224" : 83,
            "117248" : 79,
            "118272" : 101,
            "119296" : 76,
            "120320" : 69,
            "121344" : 87,
            "122368" : 66,
            "123392" : 69,
            "124416" : 67,
            "125440" : 53,
            "126464" : 48,
            "127488" : 55,
            "128512" : 46,
            "129536" : 63,
            "130560" : 64,
            "132096" : 82,
            "134144" : 107,
            "136192" : 97,
            "138240" : 89,
            "140288" : 98,
            "142336" : 92,
            "144384" : 77,
            "146432" : 73,
            "148480" : 64,
            "150528" : 73,
            "152576" : 55,
            "154624" : 65,
            "156672" : 47,
            "158720" : 61,
            "160768" : 49,
            "162816" : 44,
            "164864" : 47,
            "166912" : 40,
            "168960" : 45,
            "171008" : 36,
            "173056" : 31,
            "175104" : 30,
            "177152" : 30,
            "179200" : 28,
            "181248" : 27,
            "183296" : 34,
            "185344" : 22,
            "187392" : 25,
            "189440" : 22,
            "191488" : 29,
            "193536" : 19,
            "195584" : 28,
            "197632" : 17,
            "199680" : 21,
            "201728" : 38,
            "203776" : 21,
            "205824" : 19,
            "207872" : 23,
            "209920" : 18,
            "211968" : 31,
            "214016" : 19,
            "216064" : 23,
            "218112" : 30,
            "220160" : 22,
            "222208" : 24,
            "224256" : 24,
            "226304" : 12,
            "228352" : 20,
            "230400" : 16,
            "232448" : 23,
            "234496" : 31,
            "236544" : 22,
            "238592" : 16,
            "240640" : 22,
            "242688" : 16,
            "244736" : 19,
            "246784" : 18,
            "248832" : 17,
            "250880" : 26,
            "252928" : 13,
            "254976" : 12,
            "257024" : 19,
            "259072" : 12,
            "261120" : 12,
            "264192" : 36,
            "268288" : 29,
            "272384" : 28,
            "276480" : 20,
            "280576" : 18,
            "284672" : 35,
            "288768" : 15,
            "292864" : 19,
            "296960" : 13,
            "301056" : 27,
            "305152" : 11,
            "309248" : 10,
            "313344" : 12,
            "317440" : 30,
            "321536" : 15,
            "325632" : 17,
            "329728" : 10,
            "333824" : 27,
            "337920" : 14,
            "342016" : 23,
            "346112" : 21,
            "350208" : 21,
            "354304" : 17,
            "358400" : 13,
            "362496" : 18,
            "366592" : 11,
            "370688" : 18,
            "374784" : 22,
            "378880" : 14,
            "382976" : 11,
            "387072" : 12,
            "391168" : 11,
            "395264" : 16,
            "399360" : 11,
            "403456" : 13,
            "407552" : 9,
            "411648" : 14,
            "415744" : 16,
            "419840" : 18,
            "423936" : 16,
            "428032" : 15,
            "432128" : 23,
            "436224" : 20,
            "440320" : 12,
            "444416" : 11,
            "448512" : 27,
            "452608" : 12,
            "456704" : 8,
            "460800" : 16,
            "464896" : 9,
            "468992" : 17,
            "473088" : 10,
            "477184" : 13,
            "481280" : 9,
            "485376" : 6,
            "489472" : 10,
            "493568" : 10,
            "497664" : 4,
            "501760" : 3,
            "505856" : 6,
            "509952" : 11,
            "514048" : 4,
            "518144" : 4,
            "522240" : 4,
            "528384" : 14,
            "536576" : 11,
            "544768" : 16,
            "552960" : 16,
            "561152" : 11,
            "569344" : 18,
            "577536" : 14,
            "585728" : 14,
            "593920" : 14,
            "602112" : 9,
            "610304" : 12,
            "618496" : 6,
            "626688" : 7,
            "634880" : 11,
            "643072" : 5,
            "651264" : 4,
            "659456" : 4,
            "667648" : 5,
            "675840" : 6,
            "684032" : 17,
            "692224" : 3,
            "700416" : 7,
            "708608" : 11,
            "716800" : 7,
            "724992" : 7,
            "733184" : 7,
            "741376" : 12,
            "749568" : 4,
            "757760" : 6,
            "765952" : 8,
            "774144" : 10,
            "782336" : 8,
            "790528" : 10,
            "798720" : 11,
            "806912" : 12,
            "815104" : 9,
            "823296" : 12,
            "831488" : 16,
            "839680" : 12,
            "847872" : 15,
            "856064" : 4,
            "864256" : 6,
            "872448" : 10,
            "880640" : 6,
            "888832" : 4,
            "897024" : 5,
            "905216" : 6,
            "913408" : 10,
            "921600" : 12,
            "929792" : 5,
            "937984" : 8,
            "946176" : 7,
            "954368" : 12,
            "962560" : 8,
            "970752" : 10,
            "978944" : 6,
            "995328" : 5,
            "1003520" : 6,
            "1011712" : 4,
            "1019904" : 8,
            "1028096" : 5,
            "1036288" : 8,
            "1044480" : 10,
            "1056768" : 11,
            "1073152" : 13,
            "1089536" : 11,
            "1105920" : 10,
            "1122304" : 4,
            "1138688" : 7,
            "1155072" : 11,
            "1171456" : 6,
            "1187840" : 10,
            "1204224" : 12,
            "1220608" : 3,
            "1236992" : 3,
            "1253376" : 7,
            "1269760" : 11,
            "1286144" : 2,
            "1302528" : 2,
            "1318912" : 2,
            "1335296" : 4,
            "1351680" : 4,
            "1368064" : 5,
            "1384448" : 2,
            "1400832" : 4,
            "1417216" : 6,
            "1433600" : 4,
            "1449984" : 2,
            "1466368" : 4,
            "1482752" : 6,
            "1499136" : 4,
            "1515520" : 1,
            "1531904" : 1,
            "1548288" : 2,
            "1581056" : 2,
            "1597440" : 5,
            "1613824" : 2,
            "1646592" : 2,
            "1662976" : 1,
            "1679360" : 1,
            "1695744" : 4,
            "1712128" : 3,
            "1728512" : 8,
            "1744896" : 1,
            "1761280" : 4,
            "1777664" : 1,
            "1794048" : 6,
            "1810432" : 3,
            "1826816" : 8,
            "1843200" : 2,
            "1859584" : 7,
            "1875968" : 1,
            "1908736" : 2,
            "1925120" : 4,
            "1941504" : 2,
            "1957888" : 4,
            "1990656" : 2,
            "2007040" : 3,
            "2023424" : 2,
            "2039808" : 1,
            "2056192" : 2,
            "2072576" : 1,
            "2088960" : 1,
            "2113536" : 13,
            "2146304" : 1,
            "2179072" : 7,
            "2211840" : 6,
            "2244608" : 2,
            "2277376" : 6,
            "2310144" : 6,
            "2342912" : 3,
            "2375680" : 5,
            "2408448" : 5,
            "2441216" : 3,
            "2506752" : 3,
            "2539520" : 5,
            "2572288" : 3,
            "2605056" : 4,
            "2637824" : 4,
            "2670592" : 1,
            "2703360" : 2,
            "2736128" : 2,
            "2768896" : 1,
            "2801664" : 4,
            "2867200" : 2,
            "2899968" : 5,
            "2932736" : 3,
            "2965504" : 2,
            "2998272" : 3,
            "3031040" : 2,
            "3063808" : 1,
            "3096576" : 1,
            "3129344" : 4,
            "3162112" : 1,
            "3194880" : 1,
            "3260416" : 1,
            "3325952" : 1,
            "3391488" : 1,
            "3424256" : 1,
            "3457024" : 1,
            "3489792" : 2,
            "3555328" : 1,
            "3588096" : 2,
            "3653632" : 2,
            "3686400" : 2,
            "3719168" : 2,
            "3751936" : 1,
            "3784704" : 1,
            "3817472" : 1,
            "3850240" : 1,
            "3883008" : 1,
            "3915776" : 2,
            "3948544" : 1,
            "4014080" : 2,
            "4079616" : 4,
            "4112384" : 1,
            "4227072" : 3,
            "4292608" : 1,
            "4358144" : 1,
            "4423680" : 2,
            "4489216" : 1,
            "4554752" : 1,
            "4620288" : 3,
            "4685824" : 1,
            "4751360" : 1,
            "4816896" : 1,
            "5079040" : 2,
            "5144576" : 1,
            "5210112" : 1,
            "5275648" : 1,
            "5734400" : 1,
            "5799936" : 1,
            "5865472" : 1,
            "6389760" : 1,
            "6455296" : 1,
            "6520832" : 1,
            "6651904" : 1,
            "6782976" : 1,
            "6914048" : 1,
            "7045120" : 1,
            "7110656" : 1,
            "7176192" : 1,
            "7307264" : 2,
            "7372800" : 1,
            "7438336" : 3,
            "7503872" : 2,
            "7569408" : 1,
            "8093696" : 2,
            "8454144" : 1,
            "10027008" : 1,
            "10682368" : 1
          }
        },
        "bw_min" : 104448,
        "bw_max" : 288464,
        "bw_agg" : 100.000000,
        "bw_mean" : 221280.193656,
        "bw_dev" : 17151.837698,
        "bw_samples" : 599,
        "iops_min" : 26112,
        "iops_max" : 72116,
        "iops_mean" : 55320.041736,
        "iops_stddev" : 4287.973999,
        "iops_samples" : 599
      },
      "write" : {
        "io_bytes" : 67917021184,
        "io_kbytes" : 66325216,
        "bw_bytes" : 226389315,
        "bw" : 221083,
        "iops" : 55270.829097,
        "runtime" : 300001,
        "total_ios" : 16581304,
        "short_ios" : 0,
        "drop_ios" : 0,
        "slat_ns" : {
          "min" : 0,
          "max" : 0,
          "mean" : 0.000000,
          "stddev" : 0.000000,
          "N" : 0
        },
        "clat_ns" : {
          "min" : 991,
          "max" : 8211719,
          "mean" : 2994.679054,
          "stddev" : 7368.475115,
          "N" : 16581304,
          "percentile" : {
            "1.000000" : 1256,
            "5.000000" : 1400,
            "10.000000" : 1944,
            "20.000000" : 2160,
            "30.000000" : 2192,
            "40.000000" : 2288,
            "50.000000" : 2864,
            "60.000000" : 2960,
            "70.000000" : 3088,
            "80.000000" : 3472,
            "90.000000" : 4384,
            "95.000000" : 5344,
            "99.000000" : 7392,
            "99.500000" : 9920,
            "99.900000" : 18816,
            "99.950000" : 28800,
            "99.990000" : 71168
          },
          "bins" : {
            "988" : 2,
            "996" : 5,
            "1004" : 13,
            "1012" : 46,
            "1020" : 98,
            "1032" : 182,
            "1048" : 97,
            "1064" : 21,
            "1080" : 7,
            "1096" : 7,
            "1112" : 23,
            "1128" : 25,
            "1144" : 29,
            "1160" : 142,
            "1176" : 405,
            "1192" : 553,
            "1208" : 1584,
            "1224" : 17303,
            "1240" : 67209,
            "1256" : 131972,
            "1272" : 158010,
            "1288" : 150686,
            "1304" : 115311,
            "1320" : 75846,
            "1336" : 47212,
            "1352" : 27853,
            "1368" : 17834,
            "1384" : 11806,
            "1400" : 8043,
            "1416" : 6035,
            "1432" : 4394,
            "1448" : 3662,
            "1464" : 2989,
            "1480" : 2395,
            "1496" : 2056,
            "1512" : 1619,
            "1528" : 1423,
            "1544" : 1084,
            "1560" : 916,
            "1576" : 868,
            "1592" : 721,
            "1608" : 880,
            "1624" : 1283,
            "1640" : 2109,
            "1656" : 4115,
            "1672" : 6750,
            "1688" : 10884,
            "1704" : 16071,
            "1720" : 22136,
            "1736" : 30227,
            "1752" : 36088,
            "1768" : 41008,
            "1784" : 42107,
            "1800" : 40177,
            "1816" : 44069,
            "1832" : 58917,
            "1848" : 79560,
            "1864" : 86568,
            "1880" : 78704,
            "1896" : 71434,
            "1912" : 61153,
            "1928" : 53237,
            "1944" : 46331,
            "1960" : 41419,
            "1976" : 41884,
            "1992" : 42070,
            "2008" : 50726,
            "2024" : 76038,
            "2040" : 96624,
            "2064" : 256901,
            "2096" : 363470,
            "2128" : 628949,
            "2160" : 1076946,
            "2192" : 1043943,
            "2224" : 688164,
            "2256" : 397404,
            "2288" : 190787,
            "2320" : 96560,
            "2352" : 66992,
            "2384" : 66826,
            "2416" : 80027,
            "2448" : 91863,
            "2480" : 100140,
            "2512" : 105641,
            "2544" : 104845,
            "2576" : 109751,
            "2608" : 112282,
            "2640" : 100883,
            "2672" : 82557,
            "2704" : 66963,
            "2736" : 63608,
            "2768" : 75518,
            "2800" : 104737,
            "2832" : 156239,
            "2864" : 242221,
            "2896" : 376571,
            "2928" : 507142,
            "2960" : 585807,
            "2992" : 587812,
            "3024" : 502706,
            "3056" : 373039,
            "3088" : 247703,
            "3120" : 167503,
            "3152" : 129808,
            "3184" : 118308,
            "3216" : 125057,
            "3248" : 134491,
            "3280" : 145103,
            "3312" : 148806,
            "3344" : 147070,
            "3376" : 141297,
            "3408" : 132148,
            "3440" : 124004,
            "3472" : 116952,
            "3504" : 109393,
            "3536" : 104272,
            "3568" : 97323,
            "3600" : 93002,
            "3632" : 90910,
            "3664" : 86945,
            "3696" : 85858,
            "3728" : 85830,
            "3760" : 89593,
            "3792" : 90461,
            "3824" : 82858,
            "3856" : 71869,
            "3888" : 58884,
            "3920" : 49084,
            "3952" : 42591,
            "3984" : 39125,
            "4016" : 36368,
            "4048" : 33498,
            "4080" : 31626,
            "4128" : 58564,
            "4192" : 54180,
            "4256" : 50723,
            "4320" : 48674,
            "4384" : 47167,
            "4448" : 48161,
            "4512" : 49471,
            "4576" : 50762,
            "4640" : 52433,
            "4704" : 51892,
            "4768" : 52958,
            "4832" : 52595,
            "4896" : 52872,
            "4960" : 55419,
            "5024" : 57673,
            "5088" : 59208,
            "5152" : 57215,
            "5216" : 53736,
            "5280" : 49846,
            "5344" : 46239,
            "5408" : 44513,
            "5472" : 43475,
            "5536" : 40597,
            "5600" : 38744,
            "5664" : 36001,
            "5728" : 33984,
            "5792" : 32405,
            "5856" : 30158,
            "5920" : 28822,
            "5984" : 26897,
            "6048" : 25501,
            "6112" : 24137,
            "6176" : 22415,
            "6240" : 21018,
            "6304" : 19863,
            "6368" : 18422,
            "6432" : 17386,
            "6496" : 16251,
            "6560" : 15344,
            "6624" : 14484,
            "6688" : 13365,
            "6752" : 12508,
            "6816" : 11480,
            "6880" : 10795,
            "6944" : 9990,
            "7008" : 9258,
            "7072" : 8616,
            "7136" : 8075,
            "7200" : 7401,
            "7264" : 6957,
            "7328" : 6547,
            "7392" : 6055,
            "7456" : 5546,
            "7520" : 5149,
            "7584" : 4783,
            "7648" : 4488,
            "7712" : 3983,
            "7776" : 3749,
            "7840" : 3412,
            "7904" : 3175,
            "7968" : 2904,
            "8032" : 2696,
            "8096" : 2515,
            "8160" : 2312,
            "8256" : 4100,
            "8384" : 3467,
            "8512" : 3206,
            "8640" : 2875,
            "8768" : 2589,
            "8896" : 2425,
            "9024" : 2264,
            "9152" : 2218,
            "9280" : 2073,
            "9408" : 2015,
            "9536" : 1992,
            "9664" : 2007,
            "9792" : 2086,
            "9920" : 2026,
            "10048" : 1977,
            "10176" : 1932,
            "10304" : 1854,
            "10432" : 1759,
            "10560" : 1674,
            "10688" : 1673,
            "10816" : 1645,
            "10944" : 1715,
            "11072" : 1717,
            "11200" : 1663,
            "11328" : 1650,
            "11456" : 1559,
            "11584" : 1525,
            "11712" : 1563,
            "11840" : 1584,
            "11968" : 1616,
            "12096" : 1728,
            "12224" : 1847,
            "12352" : 1797,
            "12480" : 1775,
            "12608" : 1631,
            "12736" : 1596,
            "12864" : 1537,
            "12992" : 1377,
            "13120" : 1339,
            "13248" : 1308,
            "13376" : 1205,
            "13504" : 1149,
            "13632" : 1045,
            "13760" : 937,
            "13888" : 901,
            "14016" : 812,
            "14144" : 865,
            "14272" : 813,
            "14400" : 783,
            "14528" : 701,
            "14656" : 698,
            "14784" : 683,
            "14912" : 679,
            "15040" : 659,
            "15168" : 630,
            "15296" : 572,
            "15424" : 545,
            "15552" : 539,
            "15680" : 497,
            "15808" : 461,
            "15936" : 460,
            "16064" : 423,
            "16192" : 447,
            "16320" : 382,
            "16512" : 709,
            "16768" : 658,
            "17024" : 646,
            "17280" : 592,
            "17536" : 578,
            "17792" : 531,
            "18048" : 533,
            "18304" : 494,
            "18560" : 442,
            "18816" : 413,
            "19072" : 423,
            "19328" : 419,
            "19584" : 365,
            "19840" : 341,
            "20096" : 341,
            "20352" : 328,
            "20608" : 328,
            "20864" : 302,
            "21120" : 265,
            "21376" : 248,
            "21632" : 219,
            "21888" : 239,
            "22144" : 203,
            "22400" : 228,
            "22656" : 201,
            "22912" : 222,
            "23168" : 192,
            "23424" : 185,
            "23680" : 188,
            "23936" : 179,
            "24192" : 180,
            "24448" : 167,
            "24704" : 149,
            "24960" : 171,
            "25216" : 144,
            "25472" : 127,
            "25728" : 158,
            "25984" : 148,
            "26240" : 153,
            "26496" : 141,
            "26752" : 147,
            "27008" : 142,
            "27264" : 153,
            "27520" : 120,
            "27776" : 131,
            "28032" : 122,
            "28288" : 125,
            "28544" : 111,
            "28800" : 143,
            "29056" : 128,
            "29312" : 149,
            "29568" : 148,
            "29824" : 137,
            "30080" : 119,
            "30336" : 136,
            "30592" : 110,
            "30848" : 117,
            "31104" : 124,
            "31360" : 128,
            "31616" : 98,
            "31872" : 95,
            "32128" : 90,
            "32384" : 126,
            "32640" : 95,
            "33024" : 206,
            "33536" : 190,
            "34048" : 179,
            "34560" : 184,
            "35072" : 173,
            "35584" : 159,
            "36096" : 142,
            "36608" : 149,
            "37120" : 136,
            "37632" : 123,
            "38144" : 137,
            "38656" : 112,
            "39168" : 117,
            "39680" : 106,
            "40192" : 96,
            "40704" : 82,
            "41216" : 89,
            "41728" : 93,
            "42240" : 86,
            "42752" : 80,
            "43264" : 80,
            "43776" : 77,
            "44288" : 93,
            "44800" : 69,
            "45312" : 83,
            "45824" : 92,
            "46336" : 82,
            "46848" : 73,
            "47360" : 63,
            "47872" : 60,
            "48384" : 33,
            "48896" : 59,
            "49408" : 43,
            "49920" : 54,
            "50432" : 46,
            "50944" : 52,
            "51456" : 40,
            "51968" : 48,
            "52480" : 33,
            "52992" : 39,
            "53504" : 32,
            "54016" : 28,
            "54528" : 33,
            "55040" : 43,
            "55552" : 35,
            "56064" : 26,
            "56576" : 31,
            "57088" : 20,
            "57600" : 13,
            "58112" : 26,
            "58624" : 25,
            "59136" : 32,
            "59648" : 20,
            "60160" : 27,
            "60672" : 30,
            "61184" : 27,
            "61696" : 28,
            "62208" : 26,
            "62720" : 30,
            "63232" : 28,
            "63744" : 18,
            "64256" : 34,
            "64768" : 15,
            "65280" : 24,
            "66048" : 38,
            "67072" : 43,
            "68096" : 55,
            "69120" : 45,
            "70144" : 53,
            "71168" : 52,
            "72192" : 40,
            "73216" : 36,
            "74240" : 30,
            "75264" : 27,
            "76288" : 35,
            "77312" : 34,
            "78336" : 27,
            "79360" : 32,
            "80384" : 22,
            "81408" : 29,
            "82432" : 35,
            "83456" : 21,
            "84480" : 17,
            "85504" : 26,
            "86528" : 22,
            "87552" : 15,
            "88576" : 25,
            "89600" : 28,
            "90624" : 16,
            "91648" : 22,
            "92672" : 13,
            "93696" : 12,
            "94720" : 16,
            "95744" : 15,
            "96768" : 14,
            "97792" : 23,
            "98816" : 13,
            "99840" : 15,
            "100864" : 20,
            "101888" : 20,
            "102912" : 23,
            "103936" : 14,
            "104960" : 21,
            "105984" : 19,
            "107008" : 25,
            "108032" : 18,
            "109056" : 14,
            "110080" : 10,
            "111104" : 18,
            "112128" : 15,
            "113152" : 16,
            "114176" : 14,
            "115200" : 14,
            "116224" : 13,
            "117248" : 10,
            "118272" : 17,
            "119296" : 10,
            "120320" : 4,
            "121344" : 12,
            "122368" : 5,
            "123392" : 7,
            "124416" : 13,
            "125440" : 6,
            "126464" : 7,
            "127488" : 11,
            "128512" : 7,
            "129536" : 5,
            "130560" : 6,
            "132096" : 11,
            "134144" : 13,
            "136192" : 11,
            "138240" : 15,
            "140288" : 16,
            "142336" : 8,
            "144384" : 16,
            "146432" : 9,
            "148480" : 8,
            "150528" : 6,
            "152576" : 12,
            "154624" : 5,
            "156672" : 4,
            "158720" : 4,
            "160768" : 8,
            "162816" : 3,
            "164864" : 3,
            "166912" : 4,
            "168960" : 3,
            "171008" : 5,
            "173056" : 9,
            "175104" : 4,
            "177152" : 3,
            "179200" : 6,
            "181248" : 5,
            "183296" : 4,
            "185344" : 1,
            "187392" : 3,
            "189440" : 3,
            "191488" : 3,
            "193536" : 2,
            "195584" : 2,
            "197632" : 2,
            "199680" : 9,
            "201728" : 5,
            "203776" : 2,
            "205824" : 2,
            "207872" : 4,
            "209920" : 2,
            "211968" : 6,
            "214016" : 9,
            "216064" : 5,
            "218112" : 3,
            "220160" : 3,
            "222208" : 1,
            "224256" : 3,
            "226304" : 2,
            "228352" : 5,
            "230400" : 4,
            "232448" : 5,
            "234496" : 4,
            "236544" : 4,
            "238592" : 3,
            "240640" : 2,
            "242688" : 1,
            "244736" : 5,
            "246784" : 2,
            "248832" : 3,
            "250880" : 6,
            "252928" : 3,
            "254976" : 3,
            "257024" : 1,
            "259072" : 3,
            "261120" : 4,
            "264192" : 3,
            "268288" : 5,
            "272384" : 5,
            "276480" : 4,
            "280576" : 1,
            "284672" : 3,
            "288768" : 2,
            "292864" : 3,
            "305152" : 2,
            "313344" : 2,
            "317440" : 3,
            "321536" : 3,
            "325632" : 1,
            "333824" : 1,
            "337920" : 3,
            "342016" : 2,
            "346112" : 1,
            "350208" : 5,
            "354304" : 4,
            "358400" : 5,
            "362496" : 1,
            "370688" : 3,
            "374784" : 3,
            "378880" : 3,
            "382976" : 4,
            "391168" : 2,
            "395264" : 2,
            "399360" : 1,
            "403456" : 3,
            "407552" : 1,
            "411648" : 1,
            "423936" : 3,
            "428032" : 8,
            "432128" : 4,
            "436224" : 2,
            "440320" : 1,
            "444416" : 2,
            "448512" : 2,
            "456704" : 1,
            "460800" : 1,
            "464896" : 2,
            "468992" : 2,
            "477184" : 1,
            "481280" : 3,
            "485376" : 3,
            "489472" : 3,
            "493568" : 3,
            "497664" : 1,
            "505856" : 2,
            "509952" : 1,
            "514048" : 1,
            "518144" : 2,
            "522240" : 1,
            "528384" : 4,
            "536576" : 3,
            "552960" : 3,
            "561152" : 1,
            "569344" : 2,
            "577536" : 3,
            "585728" : 1,
            "593920" : 2,
            "610304" : 1,
            "618496" : 1,
            "626688" : 1,
            "634880" : 1,
            "643072" : 1,
            "651264" : 3,
            "675840" : 1,
            "684032" : 1,
            "700416" : 1,
            "724992" : 2,
            "733184" : 1,
            "741376" : 1,
            "757760" : 3,
            "774144" : 3,
            "782336" : 3,
            "790528" : 2,
            "815104" : 2,
            "831488" : 1,
            "847872" : 2,
            "872448" : 1,
            "880640" : 1,
            "921600" : 1,
            "937984" : 1,
            "946176" : 3,
            "962560" : 1,
            "978944" : 1,
            "995328" : 2,
            "1019904" : 1,
            "1056768" : 1,
            "1073152" : 1,
            "1089536" : 1,
            "1138688" : 1,
            "1155072" : 2,
            "1171456" : 1,
            "1269760" : 2,
            "1286144" : 1,
            "1302528" : 1,
            "1351680" : 1,
            "1400832" : 1,
            "1417216" : 2,
            "1482752" : 1,
            "1531904" : 2,
            "1695744" : 2,
            "1744896" : 1,
            "1761280" : 2,
            "1777664" : 1,
            "1810432" : 1,
            "1826816" : 2,
            "1843200" : 2,
            "1859584" : 1,
            "1875968" : 1,
            "1892352" : 1,
            "2007040" : 2,
            "2023424" : 1,
            "2088960" : 1,
            "2113536" : 2,
            "2211840" : 1,
            "2277376" : 2,
            "2408448" : 2,
            "2506752" : 1,
            "2572288" : 2,
            "2637824" : 2,
            "2670592" : 1,
            "2768896" : 1,
            "2801664" : 1,
            "2867200" : 1,
            "2965504" : 3,
            "3227648" : 1,
            "3293184" : 1,
            "3457024" : 1,
            "3653632" : 1,
            "3686400" : 1,
            "4079616" : 1,
            "4292608" : 1,
            "6979584" : 2,
            "7176192" : 1,
            "7897088" : 1,
            "8028160" : 1,
            "8093696" : 1,
            "8159232" : 1,
            "8224768" : 1
          }
        },
        "lat_ns" : {
          "min" : 1037,
          "max" : 8211801,
          "mean" : 3081.781130,
          "stddev" : 7398.939789,
          "N" : 16581304,
          "percentile" : {
            "1.000000" : 1304,
            "5.000000" : 1448,
            "10.000000" : 2008,
            "20.000000" : 2192,
            "30.000000" : 2256,
            "40.000000" : 2352,
            "50.000000" : 2928,
            "60.000000" : 3056,
            "70.000000" : 3184,
            "80.000000" : 3568,
            "90.000000" : 4512,
            "95.000000" : 5536,
            "99.000000" : 7712,
            "99.500000" : 10432,
            "99.900000" : 19328,
            "99.950000" : 29312,
            "99.990000" : 73216
          },
          "bins" : {
            "1032" : 3,
            "1048" : 35,
            "1064" : 161,
            "1080" : 174,
            "1096" : 78,
            "1112" : 15,
            "1128" : 8,
            "1144" : 10,
            "1160" : 19,
            "1176" : 23,
            "1192" : 40,
            "1208" : 162,
            "1224" : 433,
            "1240" : 570,
            "1256" : 2922,
            "1272" : 23836,
            "1288" : 81014,
            "1304" : 139711,
            "1320" : 156822,
            "1336" : 141321,
            "1352" : 104174,
            "1368" : 72269,
            "1384" : 44495,
            "1400" : 26685,
            "1416" : 17293,
            "1432" : 11155,
            "1448" : 8000,
            "1464" : 5962,
            "1480" : 4382,
            "1496" : 3605,
            "1512" : 2926,
            "1528" : 2465,
            "1544" : 2146,
            "1560" : 1600,
            "1576" : 1483,
            "1592" : 1200,
            "1608" : 920,
            "1624" : 867,
            "1640" : 729,
            "1656" : 730,
            "1672" : 781,
            "1688" : 1113,
            "1704" : 1868,
            "1720" : 3359,
            "1736" : 5783,
            "1752" : 8947,
            "1768" : 14009,
            "1784" : 20125,
            "1800" : 25440,
            "1816" : 30780,
            "1832" : 33750,
            "1848" : 37963,
            "1864" : 46930,
            "1880" : 65997,
            "1896" : 86944,
            "1912" : 89175,
            "1928" : 85169,
            "1944" : 75515,
            "1960" : 63446,
            "1976" : 54782,
            "1992" : 45247,
            "2008" : 42365,
            "2024" : 42863,
            "2040" : 43643,
            "2064" : 129355,
            "2096" : 215040,
            "2128" : 310254,
            "2160" : 454512,
            "2192" : 893039,
            "2224" : 1117657,
            "2256" : 873002,
            "2288" : 528761,
            "2320" : 279664,
            "2352" : 135724,
            "2384" : 77334,
            "2416" : 62909,
            "2448" : 66827,
            "2480" : 75919,
            "2512" : 87309,
            "2544" : 98220,
            "2576" : 103555,
            "2608" : 99705,
            "2640" : 101779,
            "2672" : 106555,
            "2704" : 99071,
            "2736" : 83337,
            "2768" : 64822,
            "2800" : 56233,
            "2832" : 60664,
            "2864" : 81750,
            "2896" : 125637,
            "2928" : 194296,
            "2960" : 298828,
            "2992" : 431973,
            "3024" : 557801,
            "3056" : 622080,
            "3088" : 558451,
            "3120" : 426050,
            "3152" : 294245,
            "3184" : 193984,
            "3216" : 139907,
            "3248" : 114970,
            "3280" : 111828,
            "3312" : 118515,
            "3344" : 127963,
            "3376" : 136445,
            "3408" : 134190,
            "3440" : 132504,
            "3472" : 131751,
            "3504" : 127729,
            "3536" : 123479,
            "3568" : 115156,
            "3600" : 108664,
            "3632" : 102054,
            "3664" : 96246,
            "3696" : 91956,
            "3728" : 88805,
            "3760" : 87570,
            "3792" : 90265,
            "3824" : 95773,
            "3856" : 100531,
            "3888" : 95994,
            "3920" : 84236,
            "3952" : 71219,
            "3984" : 58822,
            "4016" : 50168,
            "4048" : 43400,
            "4080" : 39654,
            "4128" : 70292,
            "4192" : 62590,
            "4256" : 56009,
            "4320" : 52251,
            "4384" : 49487,
            "4448" : 46776,
            "4512" : 45769,
            "4576" : 46233,
            "4640" : 47644,
            "4704" : 49194,
            "4768" : 50617,
            "4832" : 51286,
            "4896" : 51787,
            "4960" : 51654,
            "5024" : 51880,
            "5088" : 52857,
            "5152" : 55578,
            "5216" : 56908,
            "5280" : 56121,
            "5344" : 53431,
            "5408" : 49583,
            "5472" : 45781,
            "5536" : 43401,
            "5600" : 42413,
            "5664" : 40639,
            "5728" : 38068,
            "5792" : 36173,
            "5856" : 33830,
            "5920" : 32503,
            "5984" : 30453,
            "6048" : 28827,
            "6112" : 27386,
            "6176" : 25874,
            "6240" : 24809,
            "6304" : 23113,
            "6368" : 21891,
            "6432" : 20616,
            "6496" : 19212,
            "6560" : 18284,
            "6624" : 17074,
            "6688" : 15827,
            "6752" : 14820,
            "6816" : 13925,
            "6880" : 12966,
            "6944" : 12075,
            "7008" : 11141,
            "7072" : 10521,
            "7136" : 9761,
            "7200" : 9288,
            "7264" : 8602,
            "7328" : 7954,
            "7392" : 7391,
            "7456" : 7116,
            "7520" : 6574,
            "7584" : 6125,
            "7648" : 5798,
            "7712" : 5559,
            "7776" : 5108,
            "7840" : 4820,
            "7904" : 4323,
            "7968" : 4157,
            "8032" : 3834,
            "8096" : 3521,
            "8160" : 3320,
            "8256" : 5944,
            "8384" : 5135,
            "8512" : 4346,
            "8640" : 3839,
            "8768" : 3448,
            "8896" : 3056,
            "9024" : 2841,
            "9152" : 2746,
            "9280" : 2578,
            "9408" : 2377,
            "9536" : 2321,
            "9664" : 2226,
            "9792" : 2251,
            "9920" : 2267,
            "10048" : 2246,
            "10176" : 2179,
            "10304" : 2082,
            "10432" : 2069,
            "10560" : 1912,
            "10688" : 1857,
            "10816" : 1777,
            "10944" : 1813,
            "11072" : 1876,
            "11200" : 1787,
            "11328" : 1841,
            "11456" : 1755,
            "11584" : 1713,
            "11712" : 1669,
            "11840" : 1629,
            "11968" : 1782,
            "12096" : 1756,
            "12224" : 1862,
            "12352" : 1944,
            "12480" : 1934,
            "12608" : 1836,
            "12736" : 1815,
            "12864" : 1680,
            "12992" : 1660,
            "13120" : 1545,
            "13248" : 1480,
            "13376" : 1370,
            "13504" : 1310,
            "13632" : 1272,
            "13760" : 1140,
            "13888" : 1052,
            "14016" : 977,
            "14144" : 940,
            "14272" : 917,
            "14400" : 910,
            "14528" : 837,
            "14656" : 739,
            "14784" : 753,
            "14912" : 741,
            "15040" : 775,
            "15168" : 688,
            "15296" : 706,
            "15424" : 627,
            "15552" : 577,
            "15680" : 592,
            "15808" : 515,
            "15936" : 517,
            "16064" : 522,
            "16192" : 478,
            "16320" : 453,
            "16512" : 838,
            "16768" : 744,
            "17024" : 708,
            "17280" : 693,
            "17536" : 620,
            "17792" : 609,
            "18048" : 585,
            "18304" : 537,
            "18560" : 514,
            "18816" : 495,
            "19072" : 442,
            "19328" : 446,
            "19584" : 407,
            "19840" : 379,
            "20096" : 383,
            "20352" : 360,
            "20608" : 354,
            "20864" : 332,
            "21120" : 294,
            "21376" : 283,
            "21632" : 239,
            "21888" : 254,
            "22144" : 240,
            "22400" : 196,
            "22656" : 245,
            "22912" : 205,
            "23168" : 225,
            "23424" : 198,
            "23680" : 199,
            "23936" : 172,
            "24192" : 203,
            "24448" : 169,
            "24704" : 169,
            "24960" : 168,
            "25216" : 157,
            "25472" : 143,
            "25728" : 154,
            "25984" : 155,
            "26240" : 155,
            "26496" : 164,
            "26752" : 154,
            "27008" : 141,
            "27264" : 153,
            "27520" : 144,
            "27776" : 111,
            "28032" : 146,
            "28288" : 111,
            "28544" : 141,
            "28800" : 123,
            "29056" : 150,
            "29312" : 136,
            "29568" : 154,
            "29824" : 148,
            "30080" : 124,
            "30336" : 125,
            "30592" : 129,
            "30848" : 115,
            "31104" : 131,
            "31360" : 139,
            "31616" : 115,
            "31872" : 97,
            "32128" : 96,
            "32384" : 105,
            "32640" : 110,
            "33024" : 223,
            "33536" : 192,
            "34048" : 193,
            "34560" : 184,
            "35072" : 180,
            "35584" : 170,
            "36096" : 154,
            "36608" : 155,
            "37120" : 143,
            "37632" : 124,
            "38144" : 138,
            "38656" : 123,
            "39168" : 118,
            "39680" : 107,
            "40192" : 100,
            "40704" : 87,
            "41216" : 92,
            "41728" : 94,
            "42240" : 86,
            "42752" : 89,
            "43264" : 89,
            "43776" : 74,
            "44288" : 94,
            "44800" : 78,
            "45312" : 74,
            "45824" : 93,
            "46336" : 95,
            "46848" : 76,
            "47360" : 65,
            "47872" : 65,
            "48384" : 42,
            "48896" : 60,
            "49408" : 40,
            "49920" : 53,
            "50432" : 47,
            "50944" : 55,
            "51456" : 38,
            "51968" : 56,
            "52480" : 39,
            "52992" : 42,
            "53504" : 31,
            "54016" : 31,
            "54528" : 34,
            "55040" : 41,
            "55552" : 44,
            "56064" : 26,
            "56576" : 29,
            "57088" : 27,
            "57600" : 13,
            "58112" : 23,
            "58624" : 25,
            "59136" : 33,
            "59648" : 20,
            "60160" : 25,
            "60672" : 29,
            "61184" : 31,
            "61696" : 29,
            "62208" : 30,
            "62720" : 30,
            "63232" : 27,
            "63744" : 19,
            "64256" : 28,
            "64768" : 24,
            "65280" : 26,
            "66048" : 36,
            "67072" : 46,
            "68096" : 57,
            "69120" : 45,
            "70144" : 55,
            "71168" : 52,
            "72192" : 43,
            "73216" : 39,
            "74240" : 33,
            "75264" : 27,
            "76288" : 36,
            "77312" : 31,
            "78336" : 31,
            "79360" : 34,
            "80384" : 24,
            "81408" : 31,
            "82432" : 34,
            "83456" : 24,
            "84480" : 18,
            "85504" : 25,
            "86528" : 23,
            "87552" : 19,
            "88576" : 23,
            "89600" : 25,
            "90624" : 21,
            "91648" : 22,
            "92672" : 15,
            "93696" : 13,
            "94720" : 18,
            "95744" : 14,
            "96768" : 13,
            "97792" : 26,
            "98816" : 14,
            "99840" : 14,
            "100864" : 19,
            "101888" : 20,
            "102912" : 25,
            "103936" : 16,
            "104960" : 19,
            "105984" : 22,
            "107008" : 23,
            "108032" : 20,
            "109056" : 17,
            "110080" : 13,
            "111104" : 17,
            "112128" : 16,
            "113152" : 16,
            "114176" : 15,
            "115200" : 13,
            "116224" : 14,
            "117248" : 10,
            "118272" : 18,
            "119296" : 10,
            "120320" : 4,
            "121344" : 12,
            "122368" : 6,
            "123392" : 9,
            "124416" : 11,
            "125440" : 7,
            "126464" : 7,
            "127488" : 9,
            "128512" : 11,
            "129536" : 7,
            "130560" : 6,
            "132096" : 10,
            "134144" : 13,
            "136192" : 13,
            "138240" : 15,
            "140288" : 17,
            "142336" : 10,
            "144384" : 16,
            "146432" : 9,
            "148480" : 7,
            "150528" : 7,
            "152576" : 13,
            "154624" : 5,
            "156672" : 3,
            "158720" : 4,
            "160768" : 8,
            "162816" : 4,
            "164864" : 3,
            "166912" : 4,
            "168960" : 3,
            "171008" : 4,
            "173056" : 8,
            "175104" : 5,
            "177152" : 4,
            "179200" : 6,
            "181248" : 5,
            "183296" : 4,
            "185344" : 1,
            "187392" : 3,
            "189440" : 3,
            "191488" : 3,
            "193536" : 2,
            "195584" : 2,
            "197632" : 2,
            "199680" : 9,
            "201728" : 6,
            "203776" : 2,
            "205824" : 2,
            "207872" : 3,
            "209920" : 3,
            "211968" : 6,
            "214016" : 9,
            "216064" : 4,
            "218112" : 4,
            "220160" : 4,
            "222208" : 1,
            "224256" : 4,
            "226304" : 1,
            "228352" : 6,
            "230400" : 4,
            "232448" : 5,
            "234496" : 4,
            "236544" : 4,
            "238592" : 3,
            "240640" : 2,
            "242688" : 1,
            "244736" : 6,
            "246784" : 2,
            "248832" : 3,
            "250880" : 6,
            "252928" : 4,
            "254976" : 2,
            "257024" : 2,
            "259072" : 3,
            "261120" : 3,
            "264192" : 5,
            "268288" : 5,
            "272384" : 5,
            "276480" : 4,
            "280576" : 2,
            "284672" : 3,
            "288768" : 2,
            "292864" : 3,
            "305152" : 2,
            "309248" : 1,
            "313344" : 2,
            "317440" : 3,
            "321536" : 2,
            "325632" : 2,
            "333824" : 1,
            "337920" : 3,
            "342016" : 2,
            "346112" : 1,
            "350208" : 5,
            "354304" : 4,
            "358400" : 4,
            "362496" : 2,
            "370688" : 3,
            "374784" : 3,
            "378880" : 3,
            "382976" : 4,
            "391168" : 2,
            "395264" : 2,
            "399360" : 1,
            "403456" : 3,
            "407552" : 1,
            "411648" : 1,
            "423936" : 3,
            "428032" : 8,
            "432128" : 4,
            "436224" : 2,
            "440320" : 1,
            "444416" : 2,
            "448512" : 2,
            "456704" : 1,
            "460800" : 1,
            "464896" : 2,
            "468992" : 2,
            "477184" : 1,
            "481280" : 2,
            "485376" : 3,
            "489472" : 3,
            "493568" : 4,
            "497664" : 1,
            "505856" : 2,
            "509952" : 1,
            "514048" : 1,
            "518144" : 2,
            "522240" : 1,
            "528384" : 3,
            "536576" : 4,
            "552960" : 3,
            "561152" : 1,
            "569344" : 2,
            "577536" : 3,
            "585728" : 1,
            "593920" : 2,
            "610304" : 1,
            "618496" : 1,
            "626688" : 1,
            "634880" : 1,
            "651264" : 4,
            "675840" : 1,
            "684032" : 1,
            "700416" : 1,
            "724992" : 2,
            "733184" : 1,
            "741376" : 1,
            "757760" : 3,
            "774144" : 2,
            "782336" : 4,
            "790528" : 2,
            "815104" : 2,
            "831488" : 1,
            "847872" : 2,
            "872448" : 1,
            "880640" : 1,
            "921600" : 1,
            "937984" : 1,
            "946176" : 3,
            "962560" : 1,
            "970752" : 1,
            "978944" : 1,
            "995328" : 2,
            "1019904" : 1,
            "1056768" : 1,
            "1073152" : 1,
            "1089536" : 1,
            "1138688" : 1,
            "1155072" : 2,
            "1171456" : 1,
            "1269760" : 2,
            "1286144" : 1,
            "1302528" : 1,
            "1351680" : 1,
            "1400832" : 1,
            "1417216" : 2,
            "1482752" : 1,
            "1531904" : 2,
            "1695744" : 2,
            "1712128" : 1,
            "1744896" : 1,
            "1761280" : 2,
            "1777664" : 1,
            "1810432" : 1,
            "1826816" : 2,
            "1843200" : 2,
            "1859584" : 1,
            "1875968" : 1,
            "1892352" : 1,
            "2007040" : 2,
            "2023424" : 1,
            "2088960" : 1,
            "2113536" : 2,
            "2211840" : 1,
            "2277376" : 2,
            "2408448" : 2,
            "2506752" : 1,
            "2572288" : 2,
            "2637824" : 2,
            "2670592" : 1,
            "2768896" : 1,
            "2801664" : 1,
            "2867200" : 1,
            "2965504" : 3,
            "3227648" : 1,
            "3293184" : 1,
            "3457024" : 1,
            "3653632" : 1,
            "3686400" : 1,
            "4079616" : 1,
            "4292608" : 1,
            "6979584" : 2,
            "7176192" : 1,
            "7897088" : 1,
            "8028160" : 1,
            "8093696" : 1,
            "8159232" : 1,
            "8224768" : 1
          }
        },
        "bw_min" : 104944,
        "bw_max" : 286464,
        "bw_agg" : 100.000000,
        "bw_mean" : 221184.888147,
        "bw_dev" : 17055.655343,
        "bw_samples" : 599,
        "iops_min" : 26236,
        "iops_max" : 71616,
        "iops_mean" : 55296.212020,
        "iops_stddev" : 4263.931444,
        "iops_samples" : 599
      },
      "trim" : {
        "io_bytes" : 0,
        "io_kbytes" : 0,
        "bw_bytes" : 0,
        "bw" : 0,
        "iops" : 0.000000,
        "runtime" : 0,
        "total_ios" : 0,
        "short_ios" : 0,
        "drop_ios" : 0,
        "slat_ns" : {
          "min" : 0,
          "max" : 0,
          "mean" : 0.000000,
          "stddev" : 0.000000,
          "N" : 0
        },
        "clat_ns" : {
          "min" : 0,
          "max" : 0,
          "mean" : 0.000000,
          "stddev" : 0.000000,
          "N" : 0
        },
        "lat_ns" : {
          "min" : 0,
          "max" : 0,
          "mean" : 0.000000,
          "stddev" : 0.000000,
          "N" : 0
        },
        "bw_min" : 0,
        "bw_max" : 0,
        "bw_agg" : 0.000000,
        "bw_mean" : 0.000000,
        "bw_dev" : 0.000000,
        "bw_samples" : 0,
        "iops_min" : 0,
        "iops_max" : 0,
        "iops_mean" : 0.000000,
        "iops_stddev" : 0.000000,
        "iops_samples" : 0
      },
      "sync" : {
        "total_ios" : 0,
        "lat_ns" : {
          "min" : 0,
          "max" : 0,
          "mean" : 0.000000,
          "stddev" : 0.000000,
          "N" : 0
        }
      },
      "job_runtime" : 300000,
      "usr_cpu" : 12.632667,
      "sys_cpu" : 61.284000,
      "ctx" : 15585200,
      "majf" : 0,
      "minf" : 20,
      "iodepth_level" : {
        "1" : 100.000000,
        "2" : 0.000000,
        "4" : 0.000000,
        "8" : 0.000000,
        "16" : 0.000000,
        "32" : 0.000000,
        ">=64" : 0.000000
      },
      "iodepth_submit" : {
        "0" : 0.000000,
        "4" : 100.000000,
        "8" : 0.000000,
        "16" : 0.000000,
        "32" : 0.000000,
        "64" : 0.000000,
        ">=64" : 0.000000
      },
      "iodepth_complete" : {
        "0" : 0.000000,
        "4" : 100.000000,
        "8" : 0.000000,
        "16" : 0.000000,
        "32" : 0.000000,
        "64" : 0.000000,
        ">=64" : 0.000000
      },
      "latency_ns" : {
        "2" : 0.000000,
        "4" : 0.000000,
        "10" : 0.000000,
        "20" : 0.000000,
        "50" : 0.000000,
        "100" : 0.000000,
        "250" : 0.000000,
        "500" : 0.000000,
        "750" : 3.318919,
        "1000" : 2.855843
      },
      "latency_us" : {
        "2" : 6.744996,
        "4" : 38.607474,
        "10" : 15.962890,
        "20" : 30.814653,
        "50" : 1.618982,
        "100" : 0.052764,
        "250" : 0.016385,
        "500" : 0.010000,
        "750" : 0.010000,
        "1000" : 0.010000
      },
      "latency_ms" : {
        "2" : 0.010000,
        "4" : 0.010000,
        "10" : 0.010000,
        "20" : 0.010000,
        "50" : 0.000000,
        "100" : 0.000000,
        "250" : 0.000000,
        "500" : 0.000000,
        "750" : 0.000000,
        "1000" : 0.000000,
        "2000" : 0.000000,
        ">=2000" : 0.000000
      },
      "latency_depth" : 1,
      "latency_target" : 0,
      "latency_percentile" : 100.000000,
      "latency_window" : 0
    }
  ],
  "disk_util" : [
    {
      "name" : "loop6",
      "read_ios" : 14068200,
      "write_ios" : 8809702,
      "read_merges" : 0,
      "write_merges" : 0,
      "read_ticks" : 115742,
      "write_ticks" : 139653,
      "in_queue" : 152,
      "util" : 99.957994
    }
  ]
}
