{
  "fio version" : "fio-3.32-36-g5932",
  "timestamp" : 1664225677,
  "timestamp_ms" : 1664225677073,
  "time" : "Mon Sep 26 22:54:37 2022",
  "global options" : {
    "size" : "8M",
    "rw" : "randrw",
    "bs" : "4K",
    "numjobs" : "1",
    "iodepth" : "1",
    "runtime" : "15",
    "end_fsync" : "1",
    "lat_percentiles" : "1",
    "slat_percentiles" : "1",
    "clat_percentiles" : "1"
  },
  "jobs" : [
    {
      "jobname" : "random-rw",
      "groupid" : 0,
      "error" : 0,
      "eta" : 0,
      "elapsed" : 16,
      "job options" : {
        "name" : "random-rw"
      },
      "read" : {
        "io_bytes" : 1537990656,
        "io_kbytes" : 1501944,
        "bw_bytes" : 102396182,
        "bw" : 99996,
        "iops" : 24999.067909,
        "runtime" : 15020,
        "total_ios" : 375486,
        "short_ios" : 0,
        "drop_ios" : 0,
        "slat_ns" : {
          "min" : 0,
          "max" : 0,
          "mean" : 0.000000,
          "stddev" : 0.000000,
          "N" : 0
        },
        "clat_ns" : {
          "min" : 724,
          "max" : 12506218,
          "mean" : 24978.004543,
          "stddev" : 64632.001084,
          "N" : 375486,
          "percentile" : {
            "1.000000" : 1224,
            "5.000000" : 12224,
            "10.000000" : 13376,
            "20.000000" : 17280,
            "30.000000" : 18048,
            "40.000000" : 19072,
            "50.000000" : 20864,
            "60.000000" : 23168,
            "70.000000" : 27264,
            "80.000000" : 31616,
            "90.000000" : 36096,
            "95.000000" : 40704,
            "99.000000" : 62720,
            "99.500000" : 86528,
            "99.900000" : 276480,
            "99.950000" : 610304,
            "99.990000" : 3096576
          },
          "bins" : {
            "724" : 1,
            "772" : 1,
            "796" : 1,
            "804" : 2,
            "812" : 1,
            "820" : 2,
            "828" : 4,
            "836" : 6,
            "844" : 9,
            "852" : 3,
            "860" : 12,
            "868" : 8,
            "876" : 13,
            "884" : 8,
            "892" : 15,
            "900" : 17,
            "908" : 17,
            "916" : 14,
            "924" : 21,
            "932" : 25,
            "940" : 27,
            "948" : 35,
            "956" : 26,
            "964" : 36,
            "972" : 44,
            "980" : 41,
            "988" : 35,
            "996" : 56,
            "1004" : 50,
            "1012" : 54,
            "1020" : 54,
            "1032" : 137,
            "1048" : 142,
            "1064" : 202,
            "1080" : 191,
            "1096" : 191,
            "1112" : 212,
            "1128" : 245,
            "1144" : 274,
            "1160" : 281,
            "1176" : 327,
            "1192" : 321,
            "1208" : 342,
            "1224" : 320,
            "1240" : 328,
            "1256" : 354,
            "1272" : 326,
            "1288" : 315,
            "1304" : 308,
            "1320" : 285,
            "1336" : 287,
            "1352" : 255,
            "1368" : 238,
            "1384" : 254,
            "1400" : 209,
            "1416" : 209,
            "1432" : 188,
            "1448" : 187,
            "1464" : 167,
            "1480" : 181,
            "1496" : 209,
            "1512" : 176,
            "1528" : 186,
            "1544" : 189,
            "1560" : 199,
            "1576" : 181,
            "1592" : 178,
            "1608" : 178,
            "1624" : 173,
            "1640" : 176,
            "1656" : 171,
            "1672" : 155,
            "1688" : 163,
            "1704" : 173,
            "1720" : 162,
            "1736" : 153,
            "1752" : 187,
            "1768" : 169,
            "1784" : 163,
            "1800" : 145,
            "1816" : 176,
            "1832" : 155,
            "1848" : 155,
            "1864" : 153,
            "1880" : 147,
            "1896" : 146,
            "1912" : 134,
            "1928" : 180,
            "1944" : 151,
            "1960" : 140,
            "1976" : 148,
            "1992" : 133,
            "2008" : 104,
            "2024" : 122,
            "2040" : 102,
            "2064" : 211,
            "2096" : 190,
            "2128" : 150,
            "2160" : 140,
            "2192" : 152,
            "2224" : 145,
            "2256" : 111,
            "2288" : 124,
            "2320" : 108,
            "2352" : 115,
            "2384" : 103,
            "2416" : 92,
            "2448" : 77,
            "2480" : 70,
            "2512" : 79,
            "2544" : 59,
            "2576" : 72,
            "2608" : 48,
            "2640" : 45,
            "2672" : 33,
            "2704" : 34,
            "2736" : 26,
            "2768" : 38,
            "2800" : 22,
            "2832" : 15,
            "2864" : 15,
            "2896" : 24,
            "2928" : 7,
            "2960" : 16,
            "2992" : 10,
            "3024" : 14,
            "3056" : 11,
            "3088" : 12,
            "3120" : 4,
            "3152" : 4,
            "3184" : 8,
            "3216" : 5,
            "3248" : 5,
            "3280" : 5,
            "3312" : 7,
            "3344" : 3,
            "3376" : 5,
            "3408" : 2,
            "3440" : 2,
            "3472" : 3,
            "3504" : 5,
            "3536" : 6,
            "3568" : 4,
            "3600" : 3,
            "3632" : 2,
            "3664" : 2,
            "3696" : 3,
            "3728" : 2,
            "3760" : 1,
            "3824" : 3,
            "3856" : 1,
            "3888" : 2,
            "3920" : 2,
            "3952" : 4,
            "3984" : 5,
            "4016" : 3,
            "4048" : 1,
            "4080" : 3,
            "4192" : 5,
            "4256" : 3,
            "4320" : 2,
            "4384" : 2,
            "4448" : 3,
            "4640" : 1,
            "4768" : 1,
            "4832" : 2,
            "4896" : 1,
            "4960" : 2,
            "5024" : 2,
            "5088" : 1,
            "5152" : 2,
            "5280" : 2,
            "5344" : 2,
            "5408" : 2,
            "5472" : 1,
            "5536" : 1,
            "5792" : 3,
            "5984" : 1,
            "6112" : 2,
            "6176" : 5,
            "6304" : 1,
            "6432" : 1,
            "6624" : 2,
            "6752" : 3,
            "7072" : 1,
            "7584" : 1,
            "7712" : 1,
            "7776" : 2,
            "7904" : 2,
            "7968" : 1,
            "8032" : 1,
            "8512" : 1,
            "8640" : 1,
            "8768" : 1,
            "8896" : 1,
            "9024" : 1,
            "9408" : 2,
            "9920" : 1,
            "10048" : 2,
            "10176" : 1,
            "10304" : 1,
            "10432" : 1,
            "10560" : 1,
            "10816" : 1,
            "11072" : 1,
            "11200" : 1,
            "11328" : 6,
            "11456" : 17,
            "11584" : 45,
            "11712" : 85,
            "11840" : 203,
            "11968" : 400,
            "12096" : 733,
            "12224" : 1243,
            "12352" : 1599,
            "12480" : 1952,
            "12608" : 2242,
            "12736" : 2499,
            "12864" : 2574,
            "12992" : 2481,
            "13120" : 2156,
            "13248" : 1785,
            "13376" : 1433,
            "13504" : 1174,
            "13632" : 913,
            "13760" : 727,
            "13888" : 612,
            "14016" : 601,
            "14144" : 483,
            "14272" : 483,
            "14400" : 421,
            "14528" : 375,
            "14656" : 367,
            "14784" : 366,
            "14912" : 297,
            "15040" : 317,
            "15168" : 299,
            "15296" : 326,
            "15424" : 328,
            "15552" : 375,
            "15680" : 549,
            "15808" : 743,
            "15936" : 1024,
            "16064" : 1508,
            "16192" : 1925,
            "16320" : 2343,
            "16512" : 5578,
            "16768" : 6647,
            "17024" : 8354,
            "17280" : 9908,
            "17536" : 10627,
            "17792" : 11453,
            "18048" : 11872,
            "18304" : 10660,
            "18560" : 8964,
            "18816" : 7325,
            "19072" : 6056,
            "19328" : 5707,
            "19584" : 5721,
            "19840" : 5850,
            "20096" : 5771,
            "20352" : 5410,
            "20608" : 4821,
            "20864" : 4544,
            "21120" : 4327,
            "21376" : 4453,
            "21632" : 4586,
            "21888" : 4343,
            "22144" : 4146,
            "22400" : 3878,
            "22656" : 3889,
            "22912" : 3711,
            "23168" : 3474,
            "23424" : 3181,
            "23680" : 2900,
            "23936" : 2910,
            "24192" : 2687,
            "24448" : 2490,
            "24704" : 2321,
            "24960" : 2192,
            "25216" : 2214,
            "25472" : 2017,
            "25728" : 2127,
            "25984" : 2066,
            "26240" : 2062,
            "26496" : 1999,
            "26752" : 2060,
            "27008" : 1998,
            "27264" : 2137,
            "27520" : 2061,
            "27776" : 2102,
            "28032" : 2012,
            "28288" : 1988,
            "28544" : 2042,
            "28800" : 2022,
            "29056" : 2008,
            "29312" : 2142,
            "29568" : 2071,
            "29824" : 2275,
            "30080" : 2200,
            "30336" : 2430,
            "30592" : 2270,
            "30848" : 2306,
            "31104" : 2426,
            "31360" : 2492,
            "31616" : 2595,
            "31872" : 2564,
            "32128" : 2559,
            "32384" : 2366,
            "32640" : 2310,
            "33024" : 4428,
            "33536" : 4209,
            "34048" : 3996,
            "34560" : 4130,
            "35072" : 4171,
            "35584" : 3728,
            "36096" : 3293,
            "36608" : 2860,
            "37120" : 2569,
            "37632" : 2451,
            "38144" : 2250,
            "38656" : 1940,
            "39168" : 1863,
            "39680" : 1749,
            "40192" : 1560,
            "40704" : 1482,
            "41216" : 1299,
            "41728" : 1235,
            "42240" : 1147,
            "42752" : 1018,
            "43264" : 838,
            "43776" : 787,
            "44288" : 659,
            "44800" : 647,
            "45312" : 492,
            "45824" : 493,
            "46336" : 452,
            "46848" : 368,
            "47360" : 364,
            "47872" : 317,
            "48384" : 282,
            "48896" : 286,
            "49408" : 253,
            "49920" : 237,
            "50432" : 197,
            "50944" : 212,
            "51456" : 196,
            "51968" : 190,
            "52480" : 176,
            "52992" : 171,
            "53504" : 155,
            "54016" : 143,
            "54528" : 143,
            "55040" : 128,
            "55552" : 124,
            "56064" : 124,
            "56576" : 125,
            "57088" : 106,
            "57600" : 117,
            "58112" : 100,
            "58624" : 82,
            "59136" : 77,
            "59648" : 78,
            "60160" : 83,
            "60672" : 79,
            "61184" : 92,
            "61696" : 90,
            "62208" : 77,
            "62720" : 70,
            "63232" : 72,
            "63744" : 77,
            "64256" : 77,
            "64768" : 64,
            "65280" : 65,
            "66048" : 136,
            "67072" : 111,
            "68096" : 112,
            "69120" : 85,
            "70144" : 85,
            "71168" : 81,
            "72192" : 96,
            "73216" : 84,
            "74240" : 69,
            "75264" : 58,
            "76288" : 56,
            "77312" : 68,
            "78336" : 61,
            "79360" : 55,
            "80384" : 64,
            "81408" : 59,
            "82432" : 52,
            "83456" : 45,
            "84480" : 42,
            "85504" : 43,
            "86528" : 35,
            "87552" : 39,
            "88576" : 31,
            "89600" : 29,
            "90624" : 28,
            "91648" : 31,
            "92672" : 33,
            "93696" : 35,
            "94720" : 24,
            "95744" : 27,
            "96768" : 28,
            "97792" : 25,
            "98816" : 24,
            "99840" : 32,
            "100864" : 25,
            "101888" : 13,
            "102912" : 29,
            "103936" : 25,
            "104960" : 14,
            "105984" : 20,
            "107008" : 16,
            "108032" : 24,
            "109056" : 15,
            "110080" : 19,
            "111104" : 20,
            "112128" : 15,
            "113152" : 17,
            "114176" : 17,
            "115200" : 16,
            "116224" : 15,
            "117248" : 22,
            "118272" : 13,
            "119296" : 10,
            "120320" : 15,
            "121344" : 12,
            "122368" : 16,
            "123392" : 14,
            "124416" : 11,
            "125440" : 14,
            "126464" : 5,
            "127488" : 12,
            "128512" : 12,
            "129536" : 16,
            "130560" : 10,
            "132096" : 21,
            "134144" : 21,
            "136192" : 20,
            "138240" : 20,
            "140288" : 15,
            "142336" : 21,
            "144384" : 22,
            "146432" : 14,
            "148480" : 15,
            "150528" : 17,
            "152576" : 13,
            "154624" : 19,
            "156672" : 10,
            "158720" : 7,
            "160768" : 8,
            "162816" : 18,
            "164864" : 8,
            "166912" : 13,
            "168960" : 16,
            "171008" : 9,
            "173056" : 7,
            "175104" : 7,
            "177152" : 11,
            "179200" : 10,
            "181248" : 9,
            "183296" : 10,
            "185344" : 9,
            "187392" : 5,
            "189440" : 9,
            "191488" : 9,
            "193536" : 10,
            "195584" : 5,
            "197632" : 6,
            "199680" : 8,
            "201728" : 7,
            "203776" : 10,
            "205824" : 6,
            "207872" : 7,
            "209920" : 7,
            "211968" : 3,
            "214016" : 8,
            "216064" : 8,
            "218112" : 12,
            "220160" : 7,
            "222208" : 9,
            "224256" : 5,
            "226304" : 5,
            "228352" : 4,
            "230400" : 3,
            "232448" : 6,
            "234496" : 9,
            "236544" : 8,
            "238592" : 4,
            "240640" : 2,
            "242688" : 7,
            "244736" : 3,
            "246784" : 6,
            "248832" : 4,
            "250880" : 3,
            "252928" : 4,
            "254976" : 5,
            "257024" : 3,
            "259072" : 4,
            "261120" : 7,
            "264192" : 10,
            "268288" : 5,
            "272384" : 5,
            "276480" : 6,
            "280576" : 8,
            "284672" : 4,
            "288768" : 4,
            "292864" : 5,
            "296960" : 1,
            "301056" : 5,
            "305152" : 4,
            "309248" : 6,
            "313344" : 2,
            "317440" : 5,
            "321536" : 2,
            "325632" : 5,
            "329728" : 1,
            "333824" : 4,
            "337920" : 7,
            "342016" : 3,
            "346112" : 2,
            "350208" : 3,
            "354304" : 2,
            "358400" : 3,
            "366592" : 4,
            "370688" : 3,
            "374784" : 5,
            "378880" : 3,
            "382976" : 4,
            "387072" : 2,
            "391168" : 1,
            "395264" : 4,
            "399360" : 3,
            "403456" : 4,
            "407552" : 1,
            "411648" : 4,
            "415744" : 3,
            "419840" : 4,
            "423936" : 2,
            "428032" : 3,
            "436224" : 1,
            "444416" : 1,
            "448512" : 3,
            "452608" : 1,
            "456704" : 4,
            "460800" : 2,
            "464896" : 1,
            "468992" : 3,
            "473088" : 1,
            "477184" : 3,
            "481280" : 2,
            "485376" : 3,
            "489472" : 1,
            "493568" : 1,
            "497664" : 1,
            "501760" : 3,
            "505856" : 3,
            "509952" : 1,
            "514048" : 1,
            "518144" : 1,
            "522240" : 2,
            "528384" : 4,
            "536576" : 1,
            "544768" : 2,
            "552960" : 2,
            "561152" : 1,
            "569344" : 1,
            "577536" : 1,
            "585728" : 1,
            "593920" : 2,
            "610304" : 3,
            "618496" : 4,
            "626688" : 5,
            "634880" : 2,
            "651264" : 3,
            "659456" : 2,
            "667648" : 1,
            "675840" : 1,
            "684032" : 1,
            "692224" : 2,
            "700416" : 1,
            "708608" : 3,
            "716800" : 3,
            "724992" : 2,
            "733184" : 2,
            "741376" : 3,
            "749568" : 4,
            "757760" : 1,
            "765952" : 2,
            "774144" : 2,
            "806912" : 1,
            "815104" : 1,
            "831488" : 1,
            "847872" : 4,
            "864256" : 1,
            "905216" : 1,
            "913408" : 1,
            "929792" : 1,
            "946176" : 2,
            "954368" : 1,
            "970752" : 1,
            "978944" : 2,
            "987136" : 3,
            "1011712" : 1,
            "1019904" : 1,
            "1028096" : 1,
            "1044480" : 1,
            "1056768" : 2,
            "1073152" : 2,
            "1089536" : 2,
            "1105920" : 1,
            "1138688" : 1,
            "1155072" : 1,
            "1171456" : 2,
            "1187840" : 2,
            "1204224" : 3,
            "1220608" : 1,
            "1236992" : 1,
            "1269760" : 2,
            "1286144" : 1,
            "1318912" : 1,
            "1335296" : 1,
            "1351680" : 2,
            "1368064" : 2,
            "1384448" : 2,
            "1400832" : 1,
            "1417216" : 2,
            "1433600" : 1,
            "1449984" : 2,
            "1466368" : 1,
            "1482752" : 1,
            "1499136" : 2,
            "1515520" : 1,
            "1531904" : 3,
            "1564672" : 2,
            "1597440" : 2,
            "1630208" : 3,
            "1646592" : 1,
            "1679360" : 1,
            "1728512" : 2,
            "1810432" : 1,
            "1826816" : 1,
            "1843200" : 2,
            "1875968" : 1,
            "1925120" : 2,
            "1957888" : 1,
            "2023424" : 1,
            "2039808" : 2,
            "2056192" : 2,
            "2088960" : 1,
            "2211840" : 1,
            "2342912" : 2,
            "2539520" : 2,
            "2867200" : 1,
            "2932736" : 1,
            "2965504" : 1,
            "2998272" : 1,
            "3031040" : 1,
            "3063808" : 2,
            "3096576" : 2,
            "3260416" : 1,
            "3358720" : 1,
            "3522560" : 1,
            "3653632" : 1,
            "3719168" : 1,
            "3751936" : 1,
            "3981312" : 2,
            "4014080" : 1,
            "4046848" : 1,
            "4079616" : 1,
            "4112384" : 1,
            "4227072" : 1,
            "4423680" : 3,
            "4489216" : 2,
            "4620288" : 1,
            "4816896" : 1,
            "5079040" : 1,
            "5537792" : 1,
            "5668864" : 1,
            "6062080" : 1,
            "6193152" : 1,
            "6389760" : 1,
            "6586368" : 1,
            "6651904" : 4,
            "6717440" : 1,
            "6848512" : 1,
            "7110656" : 1,
            "7438336" : 1,
            "8847360" : 1,
            "12517376" : 1
          }
        },
        "lat_ns" : {
          "min" : 756,
          "max" : 12506420,
          "mean" : 25081.920836,
          "stddev" : 64689.989310,
          "N" : 375486,
          "percentile" : {
            "1.000000" : 1304,
            "5.000000" : 12352,
            "10.000000" : 13504,
            "20.000000" : 17280,
            "30.000000" : 18048,
            "40.000000" : 19328,
            "50.000000" : 20864,
            "60.000000" : 23424,
            "70.000000" : 27520,
            "80.000000" : 31872,
            "90.000000" : 36608,
            "95.000000" : 40704,
            "99.000000" : 62720,
            "99.500000" : 87552,
            "99.900000" : 276480,
            "99.950000" : 610304,
            "99.990000" : 3096576
          },
          "bins" : {
            "756" : 1,
            "820" : 1,
            "828" : 1,
            "836" : 2,
            "852" : 2,
            "860" : 6,
            "868" : 5,
            "876" : 7,
            "884" : 5,
            "892" : 12,
            "900" : 9,
            "908" : 6,
            "916" : 12,
            "924" : 14,
            "932" : 12,
            "940" : 17,
            "948" : 10,
            "956" : 17,
            "964" : 31,
            "972" : 20,
            "980" : 28,
            "988" : 27,
            "996" : 28,
            "1004" : 33,
            "1012" : 38,
            "1020" : 36,
            "1032" : 82,
            "1048" : 95,
            "1064" : 97,
            "1080" : 112,
            "1096" : 135,
            "1112" : 148,
            "1128" : 136,
            "1144" : 166,
            "1160" : 181,
            "1176" : 240,
            "1192" : 205,
            "1208" : 239,
            "1224" : 253,
            "1240" : 284,
            "1256" : 312,
            "1272" : 285,
            "1288" : 340,
            "1304" : 302,
            "1320" : 294,
            "1336" : 325,
            "1352" : 296,
            "1368" : 327,
            "1384" : 303,
            "1400" : 246,
            "1416" : 298,
            "1432" : 229,
            "1448" : 230,
            "1464" : 242,
            "1480" : 225,
            "1496" : 180,
            "1512" : 179,
            "1528" : 166,
            "1544" : 170,
            "1560" : 165,
            "1576" : 134,
            "1592" : 188,
            "1608" : 177,
            "1624" : 161,
            "1640" : 187,
            "1656" : 185,
            "1672" : 165,
            "1688" : 134,
            "1704" : 172,
            "1720" : 155,
            "1736" : 161,
            "1752" : 159,
            "1768" : 148,
            "1784" : 154,
            "1800" : 169,
            "1816" : 148,
            "1832" : 128,
            "1848" : 153,
            "1864" : 130,
            "1880" : 136,
            "1896" : 154,
            "1912" : 161,
            "1928" : 134,
            "1944" : 160,
            "1960" : 142,
            "1976" : 144,
            "1992" : 134,
            "2008" : 146,
            "2024" : 150,
            "2040" : 150,
            "2064" : 293,
            "2096" : 271,
            "2128" : 225,
            "2160" : 236,
            "2192" : 191,
            "2224" : 166,
            "2256" : 180,
            "2288" : 133,
            "2320" : 137,
            "2352" : 117,
            "2384" : 133,
            "2416" : 120,
            "2448" : 91,
            "2480" : 111,
            "2512" : 108,
            "2544" : 97,
            "2576" : 77,
            "2608" : 68,
            "2640" : 84,
            "2672" : 69,
            "2704" : 72,
            "2736" : 48,
            "2768" : 51,
            "2800" : 42,
            "2832" : 36,
            "2864" : 39,
            "2896" : 30,
            "2928" : 27,
            "2960" : 24,
            "2992" : 28,
            "3024" : 20,
            "3056" : 20,
            "3088" : 16,
            "3120" : 13,
            "3152" : 14,
            "3184" : 12,
            "3216" : 10,
            "3248" : 7,
            "3280" : 5,
            "3312" : 7,
            "3344" : 6,
            "3376" : 10,
            "3408" : 3,
            "3440" : 3,
            "3472" : 8,
            "3504" : 6,
            "3536" : 3,
            "3568" : 6,
            "3600" : 1,
            "3632" : 6,
            "3664" : 2,
            "3696" : 1,
            "3728" : 3,
            "3760" : 6,
            "3792" : 3,
            "3824" : 3,
            "3856" : 1,
            "3888" : 2,
            "3920" : 4,
            "3984" : 2,
            "4016" : 2,
            "4048" : 6,
            "4080" : 3,
            "4128" : 4,
            "4192" : 5,
            "4256" : 2,
            "4320" : 3,
            "4384" : 2,
            "4448" : 2,
            "4512" : 3,
            "4576" : 3,
            "4640" : 1,
            "4704" : 1,
            "4768" : 1,
            "4896" : 1,
            "4960" : 3,
            "5088" : 1,
            "5152" : 1,
            "5216" : 1,
            "5280" : 2,
            "5408" : 3,
            "5472" : 1,
            "5536" : 1,
            "5600" : 3,
            "5792" : 1,
            "5920" : 1,
            "5984" : 1,
            "6048" : 1,
            "6176" : 3,
            "6240" : 1,
            "6304" : 1,
            "6368" : 2,
            "6432" : 1,
            "6752" : 1,
            "6816" : 2,
            "6944" : 3,
            "7136" : 1,
            "7200" : 1,
            "7648" : 1,
            "7776" : 1,
            "7904" : 1,
            "8032" : 2,
            "8096" : 1,
            "8160" : 2,
            "8256" : 1,
            "8768" : 1,
            "8896" : 1,
            "9152" : 2,
            "9536" : 1,
            "9920" : 1,
            "10176" : 1,
            "10304" : 1,
            "10560" : 2,
            "11200" : 1,
            "11328" : 3,
            "11456" : 8,
            "11584" : 25,
            "11712" : 49,
            "11840" : 140,
            "11968" : 266,
            "12096" : 482,
            "12224" : 939,
            "12352" : 1387,
            "12480" : 1786,
            "12608" : 2096,
            "12736" : 2426,
            "12864" : 2552,
            "12992" : 2632,
            "13120" : 2360,
            "13248" : 2003,
            "13376" : 1612,
            "13504" : 1270,
            "13632" : 1035,
            "13760" : 828,
            "13888" : 643,
            "14016" : 610,
            "14144" : 550,
            "14272" : 489,
            "14400" : 457,
            "14528" : 380,
            "14656" : 383,
            "14784" : 345,
            "14912" : 347,
            "15040" : 319,
            "15168" : 300,
            "15296" : 296,
            "15424" : 329,
            "15552" : 330,
            "15680" : 454,
            "15808" : 613,
            "15936" : 849,
            "16064" : 1179,
            "16192" : 1657,
            "16320" : 2051,
            "16512" : 5207,
            "16768" : 6373,
            "17024" : 7830,
            "17280" : 9567,
            "17536" : 10571,
            "17792" : 11076,
            "18048" : 11917,
            "18304" : 11036,
            "18560" : 9665,
            "18816" : 7612,
            "19072" : 6368,
            "19328" : 5767,
            "19584" : 5632,
            "19840" : 5824,
            "20096" : 5878,
            "20352" : 5581,
            "20608" : 4919,
            "20864" : 4629,
            "21120" : 4396,
            "21376" : 4431,
            "21632" : 4509,
            "21888" : 4456,
            "22144" : 4172,
            "22400" : 3923,
            "22656" : 3891,
            "22912" : 3764,
            "23168" : 3598,
            "23424" : 3158,
            "23680" : 2976,
            "23936" : 2899,
            "24192" : 2761,
            "24448" : 2528,
            "24704" : 2321,
            "24960" : 2227,
            "25216" : 2191,
            "25472" : 2058,
            "25728" : 2094,
            "25984" : 2065,
            "26240" : 2058,
            "26496" : 2037,
            "26752" : 1948,
            "27008" : 2060,
            "27264" : 2030,
            "27520" : 2080,
            "27776" : 2050,
            "28032" : 2080,
            "28288" : 2007,
            "28544" : 2049,
            "28800" : 1980,
            "29056" : 1975,
            "29312" : 2112,
            "29568" : 2111,
            "29824" : 2111,
            "30080" : 2291,
            "30336" : 2279,
            "30592" : 2346,
            "30848" : 2256,
            "31104" : 2395,
            "31360" : 2424,
            "31616" : 2503,
            "31872" : 2646,
            "32128" : 2561,
            "32384" : 2454,
            "32640" : 2342,
            "33024" : 4490,
            "33536" : 4206,
            "34048" : 4078,
            "34560" : 4053,
            "35072" : 4198,
            "35584" : 3929,
            "36096" : 3354,
            "36608" : 2971,
            "37120" : 2603,
            "37632" : 2508,
            "38144" : 2254,
            "38656" : 2085,
            "39168" : 1839,
            "39680" : 1787,
            "40192" : 1551,
            "40704" : 1516,
            "41216" : 1358,
            "41728" : 1270,
            "42240" : 1150,
            "42752" : 1031,
            "43264" : 903,
            "43776" : 809,
            "44288" : 690,
            "44800" : 645,
            "45312" : 535,
            "45824" : 499,
            "46336" : 462,
            "46848" : 373,
            "47360" : 381,
            "47872" : 327,
            "48384" : 305,
            "48896" : 278,
            "49408" : 252,
            "49920" : 238,
            "50432" : 208,
            "50944" : 221,
            "51456" : 192,
            "51968" : 193,
            "52480" : 185,
            "52992" : 163,
            "53504" : 166,
            "54016" : 141,
            "54528" : 150,
            "55040" : 134,
            "55552" : 136,
            "56064" : 117,
            "56576" : 116,
            "57088" : 111,
            "57600" : 120,
            "58112" : 109,
            "58624" : 80,
            "59136" : 79,
            "59648" : 73,
            "60160" : 86,
            "60672" : 78,
            "61184" : 95,
            "61696" : 81,
            "62208" : 84,
            "62720" : 81,
            "63232" : 59,
            "63744" : 74,
            "64256" : 79,
            "64768" : 71,
            "65280" : 63,
            "66048" : 135,
            "67072" : 123,
            "68096" : 106,
            "69120" : 88,
            "70144" : 85,
            "71168" : 80,
            "72192" : 101,
            "73216" : 82,
            "74240" : 71,
            "75264" : 60,
            "76288" : 57,
            "77312" : 71,
            "78336" : 58,
            "79360" : 53,
            "80384" : 63,
            "81408" : 53,
            "82432" : 60,
            "83456" : 44,
            "84480" : 43,
            "85504" : 38,
            "86528" : 38,
            "87552" : 39,
            "88576" : 30,
            "89600" : 31,
            "90624" : 29,
            "91648" : 31,
            "92672" : 31,
            "93696" : 37,
            "94720" : 28,
            "95744" : 26,
            "96768" : 29,
            "97792" : 24,
            "98816" : 20,
            "99840" : 34,
            "100864" : 27,
            "101888" : 16,
            "102912" : 29,
            "103936" : 24,
            "104960" : 16,
            "105984" : 16,
            "107008" : 21,
            "108032" : 19,
            "109056" : 14,
            "110080" : 19,
            "111104" : 24,
            "112128" : 15,
            "113152" : 14,
            "114176" : 18,
            "115200" : 16,
            "116224" : 18,
            "117248" : 18,
            "118272" : 20,
            "119296" : 9,
            "120320" : 15,
            "121344" : 10,
            "122368" : 17,
            "123392" : 10,
            "124416" : 14,
            "125440" : 11,
            "126464" : 10,
            "127488" : 11,
            "128512" : 11,
            "129536" : 18,
            "130560" : 12,
            "132096" : 20,
            "134144" : 22,
            "136192" : 20,
            "138240" : 21,
            "140288" : 17,
            "142336" : 21,
            "144384" : 22,
            "146432" : 15,
            "148480" : 13,
            "150528" : 17,
            "152576" : 15,
            "154624" : 18,
            "156672" : 9,
            "158720" : 5,
            "160768" : 9,
            "162816" : 19,
            "164864" : 7,
            "166912" : 12,
            "168960" : 14,
            "171008" : 10,
            "173056" : 7,
            "175104" : 8,
            "177152" : 11,
            "179200" : 8,
            "181248" : 13,
            "183296" : 8,
            "185344" : 9,
            "187392" : 5,
            "189440" : 5,
            "191488" : 11,
            "193536" : 9,
            "195584" : 5,
            "197632" : 9,
            "199680" : 8,
            "201728" : 7,
            "203776" : 9,
            "205824" : 7,
            "207872" : 9,
            "209920" : 5,
            "211968" : 5,
            "214016" : 6,
            "216064" : 9,
            "218112" : 12,
            "220160" : 8,
            "222208" : 8,
            "224256" : 7,
            "226304" : 5,
            "228352" : 5,
            "230400" : 3,
            "232448" : 7,
            "234496" : 8,
            "236544" : 8,
            "238592" : 5,
            "240640" : 2,
            "242688" : 7,
            "244736" : 3,
            "246784" : 6,
            "248832" : 2,
            "250880" : 4,
            "252928" : 4,
            "254976" : 3,
            "257024" : 6,
            "259072" : 3,
            "261120" : 7,
            "264192" : 10,
            "268288" : 6,
            "272384" : 4,
            "276480" : 5,
            "280576" : 8,
            "284672" : 4,
            "288768" : 4,
            "292864" : 6,
            "296960" : 1,
            "301056" : 5,
            "305152" : 3,
            "309248" : 6,
            "313344" : 1,
            "317440" : 5,
            "321536" : 2,
            "325632" : 5,
            "329728" : 1,
            "333824" : 5,
            "337920" : 7,
            "342016" : 2,
            "346112" : 3,
            "350208" : 3,
            "354304" : 2,
            "358400" : 3,
            "362496" : 1,
            "366592" : 4,
            "370688" : 2,
            "374784" : 6,
            "378880" : 4,
            "382976" : 4,
            "387072" : 2,
            "391168" : 1,
            "395264" : 3,
            "399360" : 4,
            "403456" : 4,
            "407552" : 1,
            "411648" : 4,
            "415744" : 3,
            "419840" : 3,
            "423936" : 2,
            "428032" : 1,
            "432128" : 2,
            "436224" : 1,
            "440320" : 1,
            "444416" : 1,
            "448512" : 3,
            "456704" : 4,
            "460800" : 3,
            "464896" : 1,
            "468992" : 3,
            "473088" : 1,
            "477184" : 3,
            "481280" : 2,
            "485376" : 3,
            "489472" : 1,
            "497664" : 2,
            "501760" : 2,
            "505856" : 3,
            "509952" : 1,
            "514048" : 3,
            "518144" : 1,
            "522240" : 1,
            "528384" : 4,
            "536576" : 1,
            "544768" : 2,
            "552960" : 2,
            "561152" : 2,
            "569344" : 1,
            "577536" : 1,
            "585728" : 1,
            "593920" : 2,
            "610304" : 3,
            "618496" : 4,
            "626688" : 5,
            "634880" : 2,
            "651264" : 3,
            "659456" : 2,
            "675840" : 1,
            "684032" : 1,
            "692224" : 2,
            "700416" : 1,
            "708608" : 3,
            "716800" : 3,
            "724992" : 2,
            "733184" : 1,
            "741376" : 4,
            "749568" : 4,
            "757760" : 1,
            "765952" : 2,
            "774144" : 2,
            "806912" : 1,
            "815104" : 1,
            "831488" : 1,
            "847872" : 4,
            "864256" : 1,
            "905216" : 1,
            "913408" : 1,
            "929792" : 1,
            "946176" : 2,
            "954368" : 1,
            "978944" : 2,
            "987136" : 4,
            "1011712" : 1,
            "1019904" : 1,
            "1028096" : 1,
            "1044480" : 1,
            "1056768" : 1,
            "1073152" : 3,
            "1089536" : 2,
            "1105920" : 1,
            "1138688" : 1,
            "1155072" : 1,
            "1171456" : 2,
            "1187840" : 2,
            "1204224" : 3,
            "1220608" : 1,
            "1236992" : 1,
            "1269760" : 2,
            "1286144" : 1,
            "1318912" : 1,
            "1335296" : 1,
            "1351680" : 2,
            "1368064" : 2,
            "1384448" : 2,
            "1400832" : 1,
            "1417216" : 2,
            "1433600" : 1,
            "1449984" : 2,
            "1466368" : 1,
            "1482752" : 1,
            "1499136" : 2,
            "1515520" : 1,
            "1531904" : 4,
            "1564672" : 2,
            "1597440" : 1,
            "1613824" : 1,
            "1630208" : 3,
            "1646592" : 1,
            "1679360" : 1,
            "1728512" : 2,
            "1810432" : 1,
            "1826816" : 1,
            "1843200" : 2,
            "1875968" : 1,
            "1925120" : 2,
            "1957888" : 1,
            "2023424" : 1,
            "2039808" : 2,
            "2056192" : 2,
            "2088960" : 1,
            "2211840" : 1,
            "2342912" : 1,
            "2375680" : 1,
            "2539520" : 2,
            "2867200" : 1,
            "2932736" : 1,
            "2965504" : 1,
            "2998272" : 1,
            "3031040" : 1,
            "3063808" : 2,
            "3096576" : 2,
            "3260416" : 1,
            "3358720" : 1,
            "3522560" : 1,
            "3653632" : 1,
            "3719168" : 1,
            "3751936" : 1,
            "3981312" : 2,
            "4014080" : 1,
            "4046848" : 1,
            "4079616" : 1,
            "4112384" : 1,
            "4227072" : 1,
            "4423680" : 3,
            "4489216" : 2,
            "4620288" : 1,
            "4816896" : 1,
            "5079040" : 1,
            "5537792" : 1,
            "5668864" : 1,
            "6062080" : 1,
            "6193152" : 1,
            "6389760" : 1,
            "6586368" : 1,
            "6651904" : 4,
            "6717440" : 1,
            "6848512" : 1,
            "7110656" : 1,
            "7438336" : 1,
            "8847360" : 1,
            "12517376" : 1
          }
        },
        "bw_min" : 62256,
        "bw_max" : 123592,
        "bw_agg" : 99.471709,
        "bw_mean" : 99468.689655,
        "bw_dev" : 17316.711996,
        "bw_samples" : 29,
        "iops_min" : 15564,
        "iops_max" : 30898,
        "iops_mean" : 24867.172414,
        "iops_stddev" : 4329.177999,
        "iops_samples" : 29
      },
      "write" : {
        "io_bytes" : 1535504384,
        "io_kbytes" : 1499516,
        "bw_bytes" : 102230651,
        "bw" : 99834,
        "iops" : 24958.655126,
        "runtime" : 15020,
        "total_ios" : 374879,
        "short_ios" : 0,
        "drop_ios" : 0,
        "slat_ns" : {
          "min" : 0,
          "max" : 0,
          "mean" : 0.000000,
          "stddev" : 0.000000,
          "N" : 0
        },
        "clat_ns" : {
          "min" : 2126,
          "max" : 5785973,
          "mean" : 6851.781031,
          "stddev" : 32743.339534,
          "N" : 374879,
          "percentile" : {
            "1.000000" : 2704,
            "5.000000" : 2896,
            "10.000000" : 3024,
            "20.000000" : 3376,
            "30.000000" : 4512,
            "40.000000" : 5024,
            "50.000000" : 5280,
            "60.000000" : 5664,
            "70.000000" : 6752,
            "80.000000" : 7968,
            "90.000000" : 10176,
            "95.000000" : 12736,
            "99.000000" : 25728,
            "99.500000" : 33536,
            "99.900000" : 69120,
            "99.950000" : 132096,
            "99.990000" : 1761280
          },
          "bins" : {
            "2128" : 1,
            "2224" : 1,
            "2256" : 3,
            "2288" : 4,
            "2320" : 8,
            "2352" : 9,
            "2384" : 24,
            "2416" : 29,
            "2448" : 45,
            "2480" : 52,
            "2512" : 110,
            "2544" : 202,
            "2576" : 328,
            "2608" : 432,
            "2640" : 681,
            "2672" : 977,
            "2704" : 1333,
            "2736" : 1847,
            "2768" : 2247,
            "2800" : 2665,
            "2832" : 3103,
            "2864" : 3606,
            "2896" : 4061,
            "2928" : 4400,
            "2960" : 4455,
            "2992" : 4508,
            "3024" : 4615,
            "3056" : 4614,
            "3088" : 4345,
            "3120" : 4069,
            "3152" : 3852,
            "3184" : 3670,
            "3216" : 3463,
            "3248" : 3022,
            "3280" : 2852,
            "3312" : 2529,
            "3344" : 2397,
            "3376" : 2079,
            "3408" : 1776,
            "3440" : 1698,
            "3472" : 1508,
            "3504" : 1247,
            "3536" : 1240,
            "3568" : 1075,
            "3600" : 1012,
            "3632" : 952,
            "3664" : 836,
            "3696" : 846,
            "3728" : 755,
            "3760" : 802,
            "3792" : 763,
            "3824" : 712,
            "3856" : 708,
            "3888" : 677,
            "3920" : 745,
            "3952" : 711,
            "3984" : 749,
            "4016" : 741,
            "4048" : 720,
            "4080" : 754,
            "4128" : 1694,
            "4192" : 1691,
            "4256" : 1918,
            "4320" : 2119,
            "4384" : 2370,
            "4448" : 2703,
            "4512" : 3089,
            "4576" : 3405,
            "4640" : 3849,
            "4704" : 4282,
            "4768" : 4965,
            "4832" : 5723,
            "4896" : 6494,
            "4960" : 7557,
            "5024" : 8190,
            "5088" : 8848,
            "5152" : 9107,
            "5216" : 8611,
            "5280" : 8172,
            "5344" : 7392,
            "5408" : 6781,
            "5472" : 6074,
            "5536" : 5301,
            "5600" : 4560,
            "5664" : 3995,
            "5728" : 3692,
            "5792" : 3339,
            "5856" : 3011,
            "5920" : 2753,
            "5984" : 2533,
            "6048" : 2429,
            "6112" : 2251,
            "6176" : 2162,
            "6240" : 1962,
            "6304" : 1861,
            "6368" : 1685,
            "6432" : 1632,
            "6496" : 1590,
            "6560" : 1571,
            "6624" : 1621,
            "6688" : 1674,
            "6752" : 1702,
            "6816" : 1823,
            "6880" : 1916,
            "6944" : 1965,
            "7008" : 2078,
            "7072" : 2078,
            "7136" : 2025,
            "7200" : 2169,
            "7264" : 2154,
            "7328" : 2181,
            "7392" : 2095,
            "7456" : 2049,
            "7520" : 2076,
            "7584" : 2009,
            "7648" : 1916,
            "7712" : 1851,
            "7776" : 1797,
            "7840" : 1898,
            "7904" : 1676,
            "7968" : 1624,
            "8032" : 1627,
            "8096" : 1621,
            "8160" : 1581,
            "8256" : 3022,
            "8384" : 2800,
            "8512" : 2719,
            "8640" : 2551,
            "8768" : 2311,
            "8896" : 2183,
            "9024" : 1983,
            "9152" : 2002,
            "9280" : 1864,
            "9408" : 1796,
            "9536" : 1724,
            "9664" : 1604,
            "9792" : 1554,
            "9920" : 1508,
            "10048" : 1467,
            "10176" : 1363,
            "10304" : 1317,
            "10432" : 1245,
            "10560" : 1318,
            "10688" : 1161,
            "10816" : 1163,
            "10944" : 1050,
            "11072" : 1042,
            "11200" : 999,
            "11328" : 1017,
            "11456" : 942,
            "11584" : 906,
            "11712" : 756,
            "11840" : 779,
            "11968" : 726,
            "12096" : 681,
            "12224" : 621,
            "12352" : 633,
            "12480" : 537,
            "12608" : 521,
            "12736" : 488,
            "12864" : 442,
            "12992" : 441,
            "13120" : 445,
            "13248" : 401,
            "13376" : 348,
            "13504" : 348,
            "13632" : 326,
            "13760" : 316,
            "13888" : 353,
            "14016" : 359,
            "14144" : 303,
            "14272" : 299,
            "14400" : 312,
            "14528" : 274,
            "14656" : 286,
            "14784" : 268,
            "14912" : 262,
            "15040" : 205,
            "15168" : 210,
            "15296" : 228,
            "15424" : 212,
            "15552" : 217,
            "15680" : 175,
            "15808" : 186,
            "15936" : 187,
            "16064" : 164,
            "16192" : 175,
            "16320" : 166,
            "16512" : 333,
            "16768" : 312,
            "17024" : 303,
            "17280" : 286,
            "17536" : 269,
            "17792" : 273,
            "18048" : 266,
            "18304" : 266,
            "18560" : 304,
            "18816" : 261,
            "19072" : 255,
            "19328" : 204,
            "19584" : 203,
            "19840" : 225,
            "20096" : 187,
            "20352" : 175,
            "20608" : 196,
            "20864" : 199,
            "21120" : 146,
            "21376" : 171,
            "21632" : 145,
            "21888" : 138,
            "22144" : 133,
            "22400" : 151,
            "22656" : 127,
            "22912" : 123,
            "23168" : 110,
            "23424" : 106,
            "23680" : 108,
            "23936" : 100,
            "24192" : 90,
            "24448" : 90,
            "24704" : 98,
            "24960" : 82,
            "25216" : 92,
            "25472" : 87,
            "25728" : 70,
            "25984" : 57,
            "26240" : 80,
            "26496" : 70,
            "26752" : 76,
            "27008" : 67,
            "27264" : 75,
            "27520" : 83,
            "27776" : 79,
            "28032" : 71,
            "28288" : 64,
            "28544" : 55,
            "28800" : 74,
            "29056" : 67,
            "29312" : 61,
            "29568" : 45,
            "29824" : 58,
            "30080" : 54,
            "30336" : 61,
            "30592" : 59,
            "30848" : 53,
            "31104" : 57,
            "31360" : 48,
            "31616" : 57,
            "31872" : 53,
            "32128" : 39,
            "32384" : 55,
            "32640" : 40,
            "33024" : 113,
            "33536" : 99,
            "34048" : 86,
            "34560" : 101,
            "35072" : 83,
            "35584" : 60,
            "36096" : 59,
            "36608" : 55,
            "37120" : 49,
            "37632" : 65,
            "38144" : 38,
            "38656" : 49,
            "39168" : 56,
            "39680" : 37,
            "40192" : 51,
            "40704" : 29,
            "41216" : 48,
            "41728" : 35,
            "42240" : 35,
            "42752" : 41,
            "43264" : 33,
            "43776" : 23,
            "44288" : 21,
            "44800" : 31,
            "45312" : 22,
            "45824" : 15,
            "46336" : 21,
            "46848" : 12,
            "47360" : 16,
            "47872" : 17,
            "48384" : 10,
            "48896" : 11,
            "49408" : 7,
            "49920" : 9,
            "50432" : 10,
            "50944" : 11,
            "51456" : 10,
            "51968" : 11,
            "52480" : 12,
            "52992" : 16,
            "53504" : 7,
            "54016" : 8,
            "54528" : 6,
            "55040" : 9,
            "55552" : 3,
            "56064" : 10,
            "56576" : 3,
            "57088" : 6,
            "57600" : 4,
            "58112" : 4,
            "58624" : 3,
            "59136" : 6,
            "59648" : 6,
            "60160" : 4,
            "60672" : 3,
            "61184" : 3,
            "61696" : 4,
            "62208" : 9,
            "62720" : 5,
            "63232" : 10,
            "63744" : 5,
            "64256" : 3,
            "64768" : 3,
            "65280" : 1,
            "66048" : 13,
            "67072" : 10,
            "68096" : 8,
            "69120" : 7,
            "70144" : 5,
            "71168" : 7,
            "72192" : 5,
            "73216" : 3,
            "74240" : 7,
            "75264" : 5,
            "76288" : 5,
            "77312" : 4,
            "78336" : 6,
            "79360" : 3,
            "80384" : 4,
            "81408" : 3,
            "82432" : 8,
            "83456" : 5,
            "84480" : 6,
            "85504" : 7,
            "86528" : 2,
            "87552" : 3,
            "88576" : 4,
            "89600" : 6,
            "90624" : 1,
            "91648" : 4,
            "92672" : 3,
            "93696" : 2,
            "94720" : 1,
            "95744" : 4,
            "96768" : 1,
            "97792" : 3,
            "98816" : 3,
            "99840" : 5,
            "100864" : 2,
            "101888" : 2,
            "102912" : 1,
            "103936" : 2,
            "104960" : 4,
            "105984" : 3,
            "107008" : 1,
            "108032" : 5,
            "109056" : 3,
            "110080" : 1,
            "111104" : 4,
            "112128" : 2,
            "113152" : 1,
            "114176" : 2,
            "115200" : 2,
            "116224" : 2,
            "117248" : 2,
            "118272" : 1,
            "119296" : 2,
            "120320" : 1,
            "122368" : 3,
            "123392" : 3,
            "124416" : 2,
            "125440" : 3,
            "126464" : 2,
            "127488" : 2,
            "128512" : 2,
            "132096" : 2,
            "134144" : 1,
            "136192" : 5,
            "138240" : 3,
            "142336" : 3,
            "144384" : 4,
            "146432" : 3,
            "148480" : 3,
            "150528" : 1,
            "152576" : 2,
            "154624" : 2,
            "156672" : 3,
            "162816" : 1,
            "164864" : 2,
            "166912" : 2,
            "168960" : 1,
            "171008" : 2,
            "173056" : 1,
            "177152" : 1,
            "183296" : 2,
            "185344" : 1,
            "187392" : 1,
            "191488" : 1,
            "195584" : 2,
            "199680" : 3,
            "203776" : 1,
            "207872" : 2,
            "209920" : 1,
            "220160" : 1,
            "226304" : 2,
            "228352" : 1,
            "230400" : 1,
            "232448" : 1,
            "246784" : 3,
            "248832" : 1,
            "254976" : 1,
            "264192" : 1,
            "272384" : 1,
            "284672" : 2,
            "288768" : 2,
            "292864" : 1,
            "301056" : 1,
            "305152" : 1,
            "309248" : 1,
            "317440" : 1,
            "321536" : 1,
            "329728" : 1,
            "337920" : 1,
            "342016" : 1,
            "346112" : 1,
            "362496" : 1,
            "378880" : 2,
            "403456" : 1,
            "428032" : 2,
            "432128" : 1,
            "452608" : 1,
            "468992" : 1,
            "489472" : 1,
            "497664" : 1,
            "501760" : 1,
            "509952" : 1,
            "552960" : 2,
            "577536" : 1,
            "585728" : 1,
            "602112" : 1,
            "618496" : 3,
            "626688" : 1,
            "667648" : 2,
            "684032" : 1,
            "692224" : 2,
            "708608" : 1,
            "782336" : 2,
            "798720" : 1,
            "806912" : 1,
            "823296" : 1,
            "839680" : 1,
            "888832" : 1,
            "929792" : 1,
            "1003520" : 1,
            "1011712" : 1,
            "1044480" : 1,
            "1056768" : 1,
            "1073152" : 2,
            "1105920" : 1,
            "1220608" : 1,
            "1253376" : 2,
            "1286144" : 2,
            "1335296" : 2,
            "1368064" : 1,
            "1400832" : 1,
            "1417216" : 1,
            "1466368" : 2,
            "1482752" : 2,
            "1515520" : 2,
            "1531904" : 1,
            "1548288" : 3,
            "1581056" : 1,
            "1630208" : 1,
            "1728512" : 1,
            "1761280" : 3,
            "1794048" : 1,
            "1826816" : 1,
            "1925120" : 1,
            "1957888" : 1,
            "1990656" : 2,
            "2023424" : 1,
            "2072576" : 1,
            "2088960" : 1,
            "2211840" : 2,
            "2244608" : 2,
            "2310144" : 1,
            "2342912" : 1,
            "2375680" : 2,
            "2441216" : 1,
            "2473984" : 1,
            "2506752" : 1,
            "2539520" : 3,
            "2572288" : 1,
            "2703360" : 1,
            "2736128" : 1,
            "2899968" : 1,
            "3162112" : 1,
            "3227648" : 1,
            "3293184" : 1,
            "3325952" : 1,
            "3686400" : 1,
            "3981312" : 1,
            "4046848" : 1,
            "4554752" : 1,
            "5210112" : 1,
            "5799936" : 1
          }
        },
        "lat_ns" : {
          "min" : 2188,
          "max" : 5786251,
          "mean" : 6981.224291,
          "stddev" : 32775.907103,
          "N" : 374879,
          "percentile" : {
            "1.000000" : 2768,
            "5.000000" : 2960,
            "10.000000" : 3088,
            "20.000000" : 3440,
            "30.000000" : 4640,
            "40.000000" : 5088,
            "50.000000" : 5408,
            "60.000000" : 5792,
            "70.000000" : 6880,
            "80.000000" : 8096,
            "90.000000" : 10304,
            "95.000000" : 12864,
            "99.000000" : 25984,
            "99.500000" : 34048,
            "99.900000" : 71168,
            "99.950000" : 136192,
            "99.990000" : 1761280
          },
          "bins" : {
            "2192" : 1,
            "2320" : 4,
            "2352" : 2,
            "2384" : 8,
            "2416" : 9,
            "2448" : 22,
            "2480" : 26,
            "2512" : 38,
            "2544" : 57,
            "2576" : 98,
            "2608" : 187,
            "2640" : 296,
            "2672" : 396,
            "2704" : 584,
            "2736" : 908,
            "2768" : 1252,
            "2800" : 1635,
            "2832" : 2078,
            "2864" : 2488,
            "2896" : 2993,
            "2928" : 3375,
            "2960" : 3811,
            "2992" : 4233,
            "3024" : 4411,
            "3056" : 4412,
            "3088" : 4575,
            "3120" : 4529,
            "3152" : 4408,
            "3184" : 4052,
            "3216" : 4073,
            "3248" : 3755,
            "3280" : 3414,
            "3312" : 3213,
            "3344" : 3000,
            "3376" : 2705,
            "3408" : 2403,
            "3440" : 2224,
            "3472" : 1860,
            "3504" : 1754,
            "3536" : 1612,
            "3568" : 1333,
            "3600" : 1218,
            "3632" : 1196,
            "3664" : 1056,
            "3696" : 965,
            "3728" : 875,
            "3760" : 874,
            "3792" : 756,
            "3824" : 793,
            "3856" : 791,
            "3888" : 688,
            "3920" : 692,
            "3952" : 662,
            "3984" : 730,
            "4016" : 697,
            "4048" : 701,
            "4080" : 700,
            "4128" : 1387,
            "4192" : 1471,
            "4256" : 1597,
            "4320" : 1613,
            "4384" : 1928,
            "4448" : 2099,
            "4512" : 2345,
            "4576" : 2754,
            "4640" : 3116,
            "4704" : 3434,
            "4768" : 3924,
            "4832" : 4446,
            "4896" : 5059,
            "4960" : 5845,
            "5024" : 6634,
            "5088" : 7659,
            "5152" : 8294,
            "5216" : 8879,
            "5280" : 9048,
            "5344" : 8523,
            "5408" : 7958,
            "5472" : 7374,
            "5536" : 6614,
            "5600" : 5955,
            "5664" : 5159,
            "5728" : 4424,
            "5792" : 3967,
            "5856" : 3584,
            "5920" : 3277,
            "5984" : 2894,
            "6048" : 2628,
            "6112" : 2566,
            "6176" : 2337,
            "6240" : 2250,
            "6304" : 2102,
            "6368" : 1949,
            "6432" : 1822,
            "6496" : 1645,
            "6560" : 1586,
            "6624" : 1597,
            "6688" : 1563,
            "6752" : 1627,
            "6816" : 1620,
            "6880" : 1727,
            "6944" : 1793,
            "7008" : 1854,
            "7072" : 1976,
            "7136" : 1999,
            "7200" : 2061,
            "7264" : 1959,
            "7328" : 2072,
            "7392" : 2121,
            "7456" : 2091,
            "7520" : 2043,
            "7584" : 2001,
            "7648" : 1938,
            "7712" : 2018,
            "7776" : 1899,
            "7840" : 1758,
            "7904" : 1684,
            "7968" : 1716,
            "8032" : 1786,
            "8096" : 1596,
            "8160" : 1611,
            "8256" : 3056,
            "8384" : 3086,
            "8512" : 2887,
            "8640" : 2733,
            "8768" : 2580,
            "8896" : 2393,
            "9024" : 2210,
            "9152" : 2025,
            "9280" : 2036,
            "9408" : 1865,
            "9536" : 1822,
            "9664" : 1722,
            "9792" : 1613,
            "9920" : 1591,
            "10048" : 1531,
            "10176" : 1419,
            "10304" : 1429,
            "10432" : 1340,
            "10560" : 1261,
            "10688" : 1265,
            "10816" : 1262,
            "10944" : 1133,
            "11072" : 1122,
            "11200" : 1030,
            "11328" : 1030,
            "11456" : 990,
            "11584" : 1018,
            "11712" : 901,
            "11840" : 898,
            "11968" : 756,
            "12096" : 749,
            "12224" : 729,
            "12352" : 629,
            "12480" : 650,
            "12608" : 569,
            "12736" : 573,
            "12864" : 493,
            "12992" : 454,
            "13120" : 462,
            "13248" : 441,
            "13376" : 410,
            "13504" : 386,
            "13632" : 347,
            "13760" : 356,
            "13888" : 317,
            "14016" : 346,
            "14144" : 377,
            "14272" : 325,
            "14400" : 304,
            "14528" : 294,
            "14656" : 307,
            "14784" : 288,
            "14912" : 288,
            "15040" : 262,
            "15168" : 219,
            "15296" : 201,
            "15424" : 233,
            "15552" : 220,
            "15680" : 220,
            "15808" : 197,
            "15936" : 173,
            "16064" : 206,
            "16192" : 175,
            "16320" : 164,
            "16512" : 328,
            "16768" : 337,
            "17024" : 304,
            "17280" : 296,
            "17536" : 299,
            "17792" : 282,
            "18048" : 254,
            "18304" : 275,
            "18560" : 297,
            "18816" : 269,
            "19072" : 267,
            "19328" : 221,
            "19584" : 220,
            "19840" : 208,
            "20096" : 212,
            "20352" : 179,
            "20608" : 168,
            "20864" : 202,
            "21120" : 178,
            "21376" : 161,
            "21632" : 152,
            "21888" : 144,
            "22144" : 132,
            "22400" : 155,
            "22656" : 136,
            "22912" : 134,
            "23168" : 110,
            "23424" : 100,
            "23680" : 114,
            "23936" : 97,
            "24192" : 97,
            "24448" : 96,
            "24704" : 90,
            "24960" : 92,
            "25216" : 86,
            "25472" : 85,
            "25728" : 89,
            "25984" : 57,
            "26240" : 74,
            "26496" : 78,
            "26752" : 56,
            "27008" : 83,
            "27264" : 68,
            "27520" : 78,
            "27776" : 84,
            "28032" : 79,
            "28288" : 64,
            "28544" : 67,
            "28800" : 58,
            "29056" : 72,
            "29312" : 64,
            "29568" : 64,
            "29824" : 40,
            "30080" : 55,
            "30336" : 64,
            "30592" : 56,
            "30848" : 51,
            "31104" : 57,
            "31360" : 47,
            "31616" : 59,
            "31872" : 51,
            "32128" : 52,
            "32384" : 41,
            "32640" : 51,
            "33024" : 100,
            "33536" : 109,
            "34048" : 94,
            "34560" : 93,
            "35072" : 97,
            "35584" : 61,
            "36096" : 58,
            "36608" : 70,
            "37120" : 44,
            "37632" : 56,
            "38144" : 47,
            "38656" : 45,
            "39168" : 57,
            "39680" : 43,
            "40192" : 43,
            "40704" : 37,
            "41216" : 43,
            "41728" : 44,
            "42240" : 35,
            "42752" : 30,
            "43264" : 43,
            "43776" : 26,
            "44288" : 21,
            "44800" : 28,
            "45312" : 24,
            "45824" : 19,
            "46336" : 22,
            "46848" : 13,
            "47360" : 11,
            "47872" : 16,
            "48384" : 12,
            "48896" : 11,
            "49408" : 9,
            "49920" : 12,
            "50432" : 10,
            "50944" : 11,
            "51456" : 7,
            "51968" : 11,
            "52480" : 14,
            "52992" : 14,
            "53504" : 9,
            "54016" : 8,
            "54528" : 9,
            "55040" : 9,
            "55552" : 3,
            "56064" : 8,
            "56576" : 6,
            "57088" : 7,
            "57600" : 5,
            "58112" : 5,
            "58624" : 3,
            "59136" : 6,
            "59648" : 4,
            "60160" : 3,
            "60672" : 5,
            "61184" : 5,
            "61696" : 3,
            "62208" : 6,
            "62720" : 7,
            "63232" : 8,
            "63744" : 4,
            "64256" : 4,
            "64768" : 3,
            "65280" : 1,
            "66048" : 14,
            "67072" : 9,
            "68096" : 9,
            "69120" : 5,
            "70144" : 5,
            "71168" : 6,
            "72192" : 5,
            "73216" : 2,
            "74240" : 8,
            "75264" : 4,
            "76288" : 6,
            "77312" : 6,
            "78336" : 5,
            "79360" : 3,
            "80384" : 4,
            "81408" : 3,
            "82432" : 9,
            "83456" : 5,
            "84480" : 6,
            "85504" : 4,
            "86528" : 4,
            "87552" : 3,
            "88576" : 4,
            "89600" : 5,
            "90624" : 3,
            "91648" : 3,
            "92672" : 3,
            "93696" : 3,
            "94720" : 2,
            "95744" : 4,
            "96768" : 1,
            "97792" : 1,
            "98816" : 5,
            "99840" : 5,
            "100864" : 3,
            "102912" : 2,
            "103936" : 2,
            "104960" : 3,
            "105984" : 2,
            "107008" : 2,
            "108032" : 4,
            "109056" : 3,
            "110080" : 1,
            "111104" : 3,
            "112128" : 3,
            "113152" : 2,
            "114176" : 2,
            "115200" : 1,
            "116224" : 2,
            "117248" : 3,
            "118272" : 1,
            "119296" : 3,
            "120320" : 1,
            "122368" : 2,
            "123392" : 3,
            "124416" : 2,
            "125440" : 5,
            "126464" : 3,
            "127488" : 1,
            "128512" : 2,
            "130560" : 2,
            "132096" : 2,
            "134144" : 2,
            "136192" : 5,
            "138240" : 3,
            "142336" : 2,
            "144384" : 2,
            "146432" : 2,
            "148480" : 4,
            "150528" : 2,
            "152576" : 2,
            "154624" : 1,
            "156672" : 4,
            "158720" : 2,
            "160768" : 1,
            "162816" : 1,
            "164864" : 1,
            "168960" : 3,
            "171008" : 1,
            "173056" : 1,
            "177152" : 1,
            "185344" : 2,
            "187392" : 2,
            "189440" : 1,
            "191488" : 1,
            "195584" : 2,
            "199680" : 3,
            "203776" : 1,
            "207872" : 1,
            "209920" : 2,
            "216064" : 1,
            "222208" : 1,
            "226304" : 2,
            "228352" : 1,
            "230400" : 1,
            "234496" : 1,
            "246784" : 2,
            "248832" : 1,
            "250880" : 1,
            "254976" : 1,
            "261120" : 1,
            "264192" : 1,
            "268288" : 1,
            "272384" : 1,
            "284672" : 2,
            "288768" : 2,
            "292864" : 1,
            "301056" : 1,
            "305152" : 1,
            "309248" : 1,
            "317440" : 1,
            "321536" : 1,
            "329728" : 1,
            "337920" : 1,
            "346112" : 1,
            "362496" : 1,
            "378880" : 2,
            "403456" : 1,
            "415744" : 1,
            "428032" : 2,
            "436224" : 1,
            "452608" : 1,
            "468992" : 1,
            "489472" : 1,
            "501760" : 1,
            "505856" : 1,
            "509952" : 1,
            "552960" : 2,
            "577536" : 1,
            "593920" : 1,
            "602112" : 1,
            "618496" : 2,
            "626688" : 1,
            "667648" : 2,
            "675840" : 1,
            "692224" : 2,
            "708608" : 2,
            "782336" : 2,
            "798720" : 1,
            "806912" : 1,
            "823296" : 1,
            "839680" : 1,
            "888832" : 1,
            "929792" : 1,
            "1003520" : 1,
            "1011712" : 1,
            "1044480" : 1,
            "1073152" : 3,
            "1105920" : 1,
            "1220608" : 1,
            "1253376" : 2,
            "1286144" : 2,
            "1335296" : 2,
            "1368064" : 1,
            "1400832" : 1,
            "1417216" : 1,
            "1466368" : 1,
            "1482752" : 3,
            "1515520" : 1,
            "1531904" : 1,
            "1548288" : 3,
            "1564672" : 1,
            "1581056" : 1,
            "1662976" : 1,
            "1744896" : 1,
            "1761280" : 3,
            "1794048" : 1,
            "1826816" : 1,
            "1925120" : 1,
            "1957888" : 1,
            "1990656" : 2,
            "2023424" : 1,
            "2072576" : 1,
            "2088960" : 1,
            "2211840" : 2,
            "2244608" : 2,
            "2310144" : 1,
            "2342912" : 1,
            "2375680" : 2,
            "2441216" : 1,
            "2473984" : 1,
            "2506752" : 1,
            "2539520" : 2,
            "2572288" : 2,
            "2703360" : 1,
            "2736128" : 1,
            "2899968" : 1,
            "3162112" : 1,
            "3227648" : 1,
            "3293184" : 1,
            "3325952" : 1,
            "3686400" : 1,
            "3981312" : 1,
            "4046848" : 1,
            "4554752" : 1,
            "5210112" : 1,
            "5799936" : 1
          }
        },
        "bw_min" : 61344,
        "bw_max" : 123008,
        "bw_agg" : 99.527599,
        "bw_mean" : 99363.586207,
        "bw_dev" : 17268.204914,
        "bw_samples" : 29,
        "iops_min" : 15336,
        "iops_max" : 30752,
        "iops_mean" : 24840.896552,
        "iops_stddev" : 4317.051229,
        "iops_samples" : 29
      },
      "trim" : {
        "io_bytes" : 0,
        "io_kbytes" : 0,
        "bw_bytes" : 0,
        "bw" : 0,
        "iops" : 0.000000,
        "runtime" : 0,
        "total_ios" : 0,
        "short_ios" : 0,
        "drop_ios" : 0,
        "slat_ns" : {
          "min" : 0,
          "max" : 0,
          "mean" : 0.000000,
          "stddev" : 0.000000,
          "N" : 0
        },
        "clat_ns" : {
          "min" : 0,
          "max" : 0,
          "mean" : 0.000000,
          "stddev" : 0.000000,
          "N" : 0
        },
        "lat_ns" : {
          "min" : 0,
          "max" : 0,
          "mean" : 0.000000,
          "stddev" : 0.000000,
          "N" : 0
        },
        "bw_min" : 0,
        "bw_max" : 0,
        "bw_agg" : 0.000000,
        "bw_mean" : 0.000000,
        "bw_dev" : 0.000000,
        "bw_samples" : 0,
        "iops_min" : 0,
        "iops_max" : 0,
        "iops_mean" : 0.000000,
        "iops_stddev" : 0.000000,
        "iops_samples" : 0
      },
      "sync" : {
        "total_ios" : 0,
        "lat_ns" : {
          "min" : 0,
          "max" : 0,
          "mean" : 0.000000,
          "stddev" : 0.000000,
          "N" : 0
        }
      },
      "job_runtime" : 15019,
      "usr_cpu" : 8.535855,
      "sys_cpu" : 47.273454,
      "ctx" : 453722,
      "majf" : 0,
      "minf" : 17,
      "iodepth_level" : {
        "1" : 100.000000,
        "2" : 0.000000,
        "4" : 0.000000,
        "8" : 0.000000,
        "16" : 0.000000,
        "32" : 0.000000,
        ">=64" : 0.000000
      },
      "iodepth_submit" : {
        "0" : 0.000000,
        "4" : 100.000000,
        "8" : 0.000000,
        "16" : 0.000000,
        "32" : 0.000000,
        "64" : 0.000000,
        ">=64" : 0.000000
      },
      "iodepth_complete" : {
        "0" : 0.000000,
        "4" : 100.000000,
        "8" : 0.000000,
        "16" : 0.000000,
        "32" : 0.000000,
        "64" : 0.000000,
        ">=64" : 0.000000
      },
      "latency_ns" : {
        "2" : 0.000000,
        "4" : 0.000000,
        "10" : 0.000000,
        "20" : 0.000000,
        "50" : 0.000000,
        "100" : 0.000000,
        "250" : 0.000000,
        "500" : 0.000000,
        "750" : 0.010000,
        "1000" : 0.063836
      },
      "latency_us" : {
        "2" : 1.697574,
        "4" : 13.092828,
        "10" : 32.072791,
        "20" : 24.746490,
        "50" : 27.320437,
        "100" : 0.775089,
        "250" : 0.158190,
        "500" : 0.031318,
        "750" : 0.010928,
        "1000" : 0.010000
      },
      "latency_ms" : {
        "2" : 0.013993,
        "4" : 0.010000,
        "10" : 0.010000,
        "20" : 0.010000,
        "50" : 0.000000,
        "100" : 0.000000,
        "250" : 0.000000,
        "500" : 0.000000,
        "750" : 0.000000,
        "1000" : 0.000000,
        "2000" : 0.000000,
        ">=2000" : 0.000000
      },
      "latency_depth" : 1,
      "latency_target" : 0,
      "latency_percentile" : 100.000000,
      "latency_window" : 0
    }
  ]
}
