{
  "fio version" : "fio-3.32-36-g5932",
  "timestamp" : 1664573054,
  "timestamp_ms" : 1664573054671,
  "time" : "Fri Sep 30 23:24:14 2022",
  "global options" : {
    "size" : "1M",
    "rw" : "randrw",
    "bs" : "4K",
    "numjobs" : "1",
    "iodepth" : "1",
    "runtime" : "300",
    "end_fsync" : "1",
    "lat_percentiles" : "1",
    "slat_percentiles" : "1",
    "clat_percentiles" : "1"
  },
  "jobs" : [
    {
      "jobname" : "random-rw",
      "groupid" : 0,
      "error" : 0,
      "eta" : 0,
      "elapsed" : 301,
      "job options" : {
        "name" : "random-rw"
      },
      "read" : {
        "io_bytes" : 62647341056,
        "io_kbytes" : 61179044,
        "bw_bytes" : 208823774,
        "bw" : 203929,
        "iops" : 50982.366725,
        "runtime" : 300001,
        "total_ios" : 15294761,
        "short_ios" : 0,
        "drop_ios" : 0,
        "slat_ns" : {
          "min" : 0,
          "max" : 0,
          "mean" : 0.000000,
          "stddev" : 0.000000,
          "N" : 0
        },
        "clat_ns" : {
          "min" : 670,
          "max" : 8036769,
          "mean" : 12726.205642,
          "stddev" : 11793.325790,
          "N" : 15294761,
          "percentile" : {
            "1.000000" : 6880,
            "5.000000" : 9536,
            "10.000000" : 9792,
            "20.000000" : 10432,
            "30.000000" : 10816,
            "40.000000" : 11200,
            "50.000000" : 11456,
            "60.000000" : 11584,
            "70.000000" : 12608,
            "80.000000" : 14528,
            "90.000000" : 17024,
            "95.000000" : 19328,
            "99.000000" : 25472,
            "99.500000" : 31360,
            "99.900000" : 67072,
            "99.950000" : 96768,
            "99.990000" : 257024
          },
          "bins" : {
            "668" : 2,
            "692" : 5,
            "700" : 4,
            "708" : 4,
            "716" : 7,
            "724" : 12,
            "732" : 10,
            "740" : 11,
            "748" : 22,
            "756" : 22,
            "764" : 25,
            "772" : 27,
            "780" : 26,
            "788" : 33,
            "796" : 40,
            "804" : 44,
            "812" : 56,
            "820" : 46,
            "828" : 66,
            "836" : 67,
            "844" : 64,
            "852" : 71,
            "860" : 66,
            "868" : 80,
            "876" : 59,
            "884" : 73,
            "892" : 53,
            "900" : 53,
            "908" : 59,
            "916" : 48,
            "924" : 50,
            "932" : 39,
            "940" : 36,
            "948" : 31,
            "956" : 30,
            "964" : 48,
            "972" : 41,
            "980" : 40,
            "988" : 30,
            "996" : 26,
            "1004" : 27,
            "1012" : 25,
            "1020" : 26,
            "1032" : 37,
            "1048" : 37,
            "1064" : 38,
            "1080" : 33,
            "1096" : 27,
            "1112" : 25,
            "1128" : 28,
            "1144" : 25,
            "1160" : 24,
            "1176" : 28,
            "1192" : 16,
            "1208" : 26,
            "1224" : 24,
            "1240" : 10,
            "1256" : 16,
            "1272" : 9,
            "1288" : 13,
            "1304" : 19,
            "1320" : 25,
            "1336" : 18,
            "1352" : 19,
            "1368" : 17,
            "1384" : 14,
            "1400" : 16,
            "1416" : 19,
            "1432" : 14,
            "1448" : 16,
            "1464" : 21,
            "1480" : 15,
            "1496" : 17,
            "1512" : 16,
            "1528" : 16,
            "1544" : 16,
            "1560" : 12,
            "1576" : 13,
            "1592" : 12,
            "1608" : 13,
            "1624" : 6,
            "1640" : 13,
            "1656" : 11,
            "1672" : 12,
            "1688" : 13,
            "1704" : 6,
            "1720" : 7,
            "1736" : 11,
            "1752" : 10,
            "1768" : 11,
            "1784" : 5,
            "1800" : 3,
            "1816" : 8,
            "1832" : 4,
            "1848" : 8,
            "1864" : 2,
            "1880" : 5,
            "1896" : 6,
            "1912" : 7,
            "1928" : 2,
            "1944" : 4,
            "1960" : 3,
            "1976" : 4,
            "1992" : 2,
            "2008" : 4,
            "2024" : 1,
            "2040" : 2,
            "2064" : 4,
            "2096" : 5,
            "2128" : 3,
            "2160" : 4,
            "2192" : 2,
            "2224" : 3,
            "2288" : 1,
            "2320" : 1,
            "2352" : 3,
            "2448" : 3,
            "2480" : 2,
            "2608" : 2,
            "2736" : 1,
            "2896" : 2,
            "2960" : 1,
            "2992" : 1,
            "3088" : 1,
            "3120" : 1,
            "3504" : 1,
            "3536" : 1,
            "4080" : 1,
            "4896" : 1,
            "6112" : 10,
            "6176" : 262,
            "6240" : 2405,
            "6304" : 8537,
            "6368" : 15369,
            "6432" : 18994,
            "6496" : 20426,
            "6560" : 22252,
            "6624" : 20533,
            "6688" : 16378,
            "6752" : 12603,
            "6816" : 9324,
            "6880" : 6892,
            "6944" : 4866,
            "7008" : 3719,
            "7072" : 2767,
            "7136" : 2061,
            "7200" : 1903,
            "7264" : 2017,
            "7328" : 2051,
            "7392" : 2033,
            "7456" : 2097,
            "7520" : 1901,
            "7584" : 1630,
            "7648" : 1406,
            "7712" : 995,
            "7776" : 811,
            "7840" : 628,
            "7904" : 516,
            "7968" : 405,
            "8032" : 384,
            "8096" : 296,
            "8160" : 285,
            "8256" : 447,
            "8384" : 406,
            "8512" : 445,
            "8640" : 404,
            "8768" : 427,
            "8896" : 482,
            "9024" : 3136,
            "9152" : 37227,
            "9280" : 140972,
            "9408" : 259007,
            "9536" : 398778,
            "9664" : 452115,
            "9792" : 389900,
            "9920" : 324226,
            "10048" : 224085,
            "10176" : 189595,
            "10304" : 303211,
            "10432" : 483268,
            "10560" : 566332,
            "10688" : 504380,
            "10816" : 372241,
            "10944" : 319158,
            "11072" : 490959,
            "11200" : 835253,
            "11328" : 1056866,
            "11456" : 980888,
            "11584" : 709027,
            "11712" : 417814,
            "11840" : 237220,
            "11968" : 160985,
            "12096" : 149286,
            "12224" : 153429,
            "12352" : 146179,
            "12480" : 125859,
            "12608" : 103191,
            "12736" : 88497,
            "12864" : 82453,
            "12992" : 82081,
            "13120" : 88438,
            "13248" : 99580,
            "13376" : 110545,
            "13504" : 118279,
            "13632" : 120951,
            "13760" : 118920,
            "13888" : 114725,
            "14016" : 111187,
            "14144" : 109954,
            "14272" : 108783,
            "14400" : 107718,
            "14528" : 108011,
            "14656" : 106059,
            "14784" : 104658,
            "14912" : 100834,
            "15040" : 95670,
            "15168" : 89386,
            "15296" : 82623,
            "15424" : 76798,
            "15552" : 73324,
            "15680" : 71453,
            "15808" : 72236,
            "15936" : 72969,
            "16064" : 74711,
            "16192" : 75493,
            "16320" : 75388,
            "16512" : 144713,
            "16768" : 130762,
            "17024" : 115028,
            "17280" : 103337,
            "17536" : 93406,
            "17792" : 86437,
            "18048" : 82854,
            "18304" : 78487,
            "18560" : 73194,
            "18816" : 68239,
            "19072" : 67783,
            "19328" : 67687,
            "19584" : 64076,
            "19840" : 54238,
            "20096" : 45445,
            "20352" : 39133,
            "20608" : 35415,
            "20864" : 32830,
            "21120" : 30327,
            "21376" : 27698,
            "21632" : 25244,
            "21888" : 23431,
            "22144" : 21491,
            "22400" : 19855,
            "22656" : 18297,
            "22912" : 16976,
            "23168" : 15606,
            "23424" : 14188,
            "23680" : 13047,
            "23936" : 12062,
            "24192" : 10937,
            "24448" : 10258,
            "24704" : 9598,
            "24960" : 8700,
            "25216" : 7980,
            "25472" : 7409,
            "25728" : 6698,
            "25984" : 5948,
            "26240" : 5454,
            "26496" : 5255,
            "26752" : 4632,
            "27008" : 4390,
            "27264" : 4025,
            "27520" : 3706,
            "27776" : 3482,
            "28032" : 3182,
            "28288" : 2983,
            "28544" : 2829,
            "28800" : 2535,
            "29056" : 2404,
            "29312" : 2248,
            "29568" : 2168,
            "29824" : 1954,
            "30080" : 1956,
            "30336" : 1726,
            "30592" : 1767,
            "30848" : 1627,
            "31104" : 1539,
            "31360" : 1389,
            "31616" : 1387,
            "31872" : 1253,
            "32128" : 1248,
            "32384" : 1172,
            "32640" : 1131,
            "33024" : 2115,
            "33536" : 2028,
            "34048" : 1808,
            "34560" : 1740,
            "35072" : 1646,
            "35584" : 1515,
            "36096" : 1538,
            "36608" : 1479,
            "37120" : 1406,
            "37632" : 1393,
            "38144" : 1406,
            "38656" : 1441,
            "39168" : 1418,
            "39680" : 1489,
            "40192" : 1484,
            "40704" : 1487,
            "41216" : 1480,
            "41728" : 1352,
            "42240" : 1345,
            "42752" : 1321,
            "43264" : 1287,
            "43776" : 1162,
            "44288" : 1083,
            "44800" : 1045,
            "45312" : 968,
            "45824" : 881,
            "46336" : 853,
            "46848" : 830,
            "47360" : 757,
            "47872" : 711,
            "48384" : 680,
            "48896" : 680,
            "49408" : 562,
            "49920" : 584,
            "50432" : 615,
            "50944" : 591,
            "51456" : 537,
            "51968" : 508,
            "52480" : 512,
            "52992" : 529,
            "53504" : 493,
            "54016" : 501,
            "54528" : 489,
            "55040" : 464,
            "55552" : 478,
            "56064" : 461,
            "56576" : 401,
            "57088" : 378,
            "57600" : 350,
            "58112" : 334,
            "58624" : 329,
            "59136" : 313,
            "59648" : 294,
            "60160" : 292,
            "60672" : 288,
            "61184" : 282,
            "61696" : 272,
            "62208" : 261,
            "62720" : 270,
            "63232" : 261,
            "63744" : 234,
            "64256" : 229,
            "64768" : 208,
            "65280" : 225,
            "66048" : 369,
            "67072" : 403,
            "68096" : 385,
            "69120" : 365,
            "70144" : 346,
            "71168" : 347,
            "72192" : 337,
            "73216" : 337,
            "74240" : 316,
            "75264" : 319,
            "76288" : 349,
            "77312" : 327,
            "78336" : 311,
            "79360" : 319,
            "80384" : 295,
            "81408" : 274,
            "82432" : 292,
            "83456" : 281,
            "84480" : 241,
            "85504" : 214,
            "86528" : 219,
            "87552" : 213,
            "88576" : 208,
            "89600" : 185,
            "90624" : 168,
            "91648" : 144,
            "92672" : 153,
            "93696" : 162,
            "94720" : 160,
            "95744" : 163,
            "96768" : 161,
            "97792" : 132,
            "98816" : 148,
            "99840" : 157,
            "100864" : 143,
            "101888" : 125,
            "102912" : 144,
            "103936" : 146,
            "104960" : 124,
            "105984" : 111,
            "107008" : 133,
            "108032" : 140,
            "109056" : 153,
            "110080" : 146,
            "111104" : 148,
            "112128" : 145,
            "113152" : 138,
            "114176" : 129,
            "115200" : 125,
            "116224" : 123,
            "117248" : 137,
            "118272" : 123,
            "119296" : 105,
            "120320" : 100,
            "121344" : 104,
            "122368" : 87,
            "123392" : 82,
            "124416" : 91,
            "125440" : 87,
            "126464" : 75,
            "127488" : 82,
            "128512" : 54,
            "129536" : 60,
            "130560" : 57,
            "132096" : 124,
            "134144" : 118,
            "136192" : 106,
            "138240" : 106,
            "140288" : 101,
            "142336" : 105,
            "144384" : 92,
            "146432" : 78,
            "148480" : 73,
            "150528" : 83,
            "152576" : 61,
            "154624" : 67,
            "156672" : 60,
            "158720" : 50,
            "160768" : 53,
            "162816" : 41,
            "164864" : 36,
            "166912" : 33,
            "168960" : 27,
            "171008" : 26,
            "173056" : 27,
            "175104" : 30,
            "177152" : 22,
            "179200" : 22,
            "181248" : 23,
            "183296" : 18,
            "185344" : 20,
            "187392" : 13,
            "189440" : 13,
            "191488" : 16,
            "193536" : 19,
            "195584" : 11,
            "197632" : 15,
            "199680" : 20,
            "201728" : 22,
            "203776" : 8,
            "205824" : 13,
            "207872" : 17,
            "209920" : 12,
            "211968" : 10,
            "214016" : 16,
            "216064" : 18,
            "218112" : 24,
            "220160" : 23,
            "222208" : 16,
            "224256" : 24,
            "226304" : 17,
            "228352" : 22,
            "230400" : 15,
            "232448" : 17,
            "234496" : 18,
            "236544" : 17,
            "238592" : 16,
            "240640" : 19,
            "242688" : 20,
            "244736" : 12,
            "246784" : 13,
            "248832" : 12,
            "250880" : 14,
            "252928" : 12,
            "254976" : 8,
            "257024" : 8,
            "259072" : 15,
            "261120" : 7,
            "264192" : 11,
            "268288" : 21,
            "272384" : 16,
            "276480" : 17,
            "280576" : 16,
            "284672" : 17,
            "288768" : 17,
            "292864" : 14,
            "296960" : 11,
            "301056" : 11,
            "305152" : 14,
            "309248" : 15,
            "313344" : 15,
            "317440" : 14,
            "321536" : 14,
            "325632" : 11,
            "329728" : 13,
            "333824" : 12,
            "337920" : 9,
            "342016" : 7,
            "346112" : 12,
            "350208" : 13,
            "354304" : 17,
            "358400" : 14,
            "362496" : 12,
            "366592" : 13,
            "370688" : 11,
            "374784" : 12,
            "378880" : 21,
            "382976" : 9,
            "387072" : 11,
            "391168" : 11,
            "395264" : 14,
            "399360" : 6,
            "403456" : 11,
            "407552" : 16,
            "411648" : 11,
            "415744" : 13,
            "419840" : 9,
            "423936" : 4,
            "428032" : 10,
            "432128" : 12,
            "436224" : 7,
            "440320" : 14,
            "444416" : 16,
            "448512" : 12,
            "452608" : 13,
            "456704" : 6,
            "460800" : 11,
            "464896" : 12,
            "468992" : 11,
            "473088" : 9,
            "477184" : 16,
            "481280" : 15,
            "485376" : 12,
            "489472" : 9,
            "493568" : 4,
            "497664" : 9,
            "501760" : 13,
            "505856" : 8,
            "509952" : 9,
            "514048" : 3,
            "518144" : 13,
            "522240" : 5,
            "528384" : 11,
            "536576" : 12,
            "544768" : 9,
            "552960" : 11,
            "561152" : 11,
            "569344" : 9,
            "577536" : 15,
            "585728" : 7,
            "593920" : 9,
            "602112" : 8,
            "610304" : 3,
            "618496" : 3,
            "626688" : 6,
            "634880" : 8,
            "643072" : 6,
            "651264" : 7,
            "659456" : 11,
            "667648" : 3,
            "675840" : 1,
            "684032" : 4,
            "692224" : 6,
            "700416" : 2,
            "708608" : 6,
            "716800" : 1,
            "724992" : 2,
            "733184" : 2,
            "741376" : 4,
            "749568" : 4,
            "757760" : 1,
            "765952" : 1,
            "774144" : 2,
            "782336" : 1,
            "790528" : 3,
            "806912" : 3,
            "823296" : 2,
            "831488" : 2,
            "839680" : 3,
            "847872" : 3,
            "856064" : 2,
            "864256" : 2,
            "872448" : 5,
            "880640" : 3,
            "888832" : 4,
            "897024" : 1,
            "905216" : 5,
            "913408" : 4,
            "921600" : 4,
            "929792" : 5,
            "937984" : 6,
            "946176" : 9,
            "954368" : 10,
            "962560" : 13,
            "970752" : 9,
            "978944" : 16,
            "987136" : 11,
            "995328" : 8,
            "1003520" : 11,
            "1011712" : 10,
            "1019904" : 7,
            "1028096" : 13,
            "1036288" : 12,
            "1044480" : 9,
            "1056768" : 13,
            "1073152" : 15,
            "1089536" : 11,
            "1105920" : 21,
            "1122304" : 7,
            "1138688" : 13,
            "1155072" : 6,
            "1171456" : 8,
            "1187840" : 12,
            "1204224" : 6,
            "1220608" : 6,
            "1236992" : 14,
            "1253376" : 7,
            "1269760" : 6,
            "1286144" : 4,
            "1302528" : 7,
            "1318912" : 8,
            "1335296" : 17,
            "1351680" : 6,
            "1368064" : 10,
            "1384448" : 3,
            "1400832" : 8,
            "1417216" : 5,
            "1433600" : 3,
            "1449984" : 2,
            "1466368" : 7,
            "1482752" : 10,
            "1499136" : 8,
            "1515520" : 3,
            "1531904" : 2,
            "1548288" : 2,
            "1581056" : 3,
            "1597440" : 4,
            "1613824" : 2,
            "1630208" : 1,
            "1662976" : 2,
            "1679360" : 4,
            "1695744" : 2,
            "1712128" : 1,
            "1761280" : 2,
            "1777664" : 1,
            "1794048" : 1,
            "1826816" : 1,
            "1859584" : 2,
            "1875968" : 1,
            "1925120" : 3,
            "1990656" : 1,
            "2007040" : 1,
            "2023424" : 1,
            "2039808" : 1,
            "2072576" : 1,
            "2088960" : 1,
            "2113536" : 1,
            "2146304" : 1,
            "2179072" : 1,
            "2211840" : 1,
            "2277376" : 2,
            "2310144" : 2,
            "2375680" : 2,
            "2408448" : 2,
            "2441216" : 2,
            "2473984" : 2,
            "2506752" : 5,
            "2539520" : 2,
            "2605056" : 3,
            "2637824" : 1,
            "2670592" : 1,
            "2736128" : 2,
            "2801664" : 2,
            "2834432" : 1,
            "2899968" : 2,
            "2998272" : 2,
            "3096576" : 1,
            "3129344" : 2,
            "3194880" : 1,
            "3293184" : 2,
            "3325952" : 1,
            "3358720" : 1,
            "3424256" : 1,
            "3489792" : 1,
            "3522560" : 1,
            "3784704" : 1,
            "3981312" : 1,
            "4014080" : 2,
            "4046848" : 1,
            "4079616" : 3,
            "4112384" : 1,
            "4227072" : 2,
            "4423680" : 1,
            "4685824" : 1,
            "4816896" : 1,
            "5079040" : 1,
            "5210112" : 1,
            "5341184" : 1,
            "5799936" : 1,
            "6586368" : 1,
            "6979584" : 1,
            "7897088" : 1,
            "8028160" : 1
          }
        },
        "lat_ns" : {
          "min" : 702,
          "max" : 8036812,
          "mean" : 12779.374779,
          "stddev" : 11802.263436,
          "N" : 15294761,
          "percentile" : {
            "1.000000" : 6944,
            "5.000000" : 9536,
            "10.000000" : 9792,
            "20.000000" : 10432,
            "30.000000" : 10816,
            "40.000000" : 11200,
            "50.000000" : 11456,
            "60.000000" : 11712,
            "70.000000" : 12736,
            "80.000000" : 14528,
            "90.000000" : 17024,
            "95.000000" : 19328,
            "99.000000" : 25728,
            "99.500000" : 31616,
            "99.900000" : 67072,
            "99.950000" : 96768,
            "99.990000" : 257024
          },
          "bins" : {
            "700" : 1,
            "708" : 1,
            "724" : 5,
            "732" : 4,
            "740" : 3,
            "748" : 8,
            "756" : 11,
            "764" : 7,
            "772" : 13,
            "780" : 15,
            "788" : 22,
            "796" : 21,
            "804" : 33,
            "812" : 22,
            "820" : 21,
            "828" : 45,
            "836" : 35,
            "844" : 50,
            "852" : 42,
            "860" : 55,
            "868" : 59,
            "876" : 61,
            "884" : 60,
            "892" : 66,
            "900" : 82,
            "908" : 66,
            "916" : 71,
            "924" : 59,
            "932" : 62,
            "940" : 49,
            "948" : 56,
            "956" : 49,
            "964" : 41,
            "972" : 46,
            "980" : 30,
            "988" : 34,
            "996" : 40,
            "1004" : 40,
            "1012" : 36,
            "1020" : 41,
            "1032" : 57,
            "1048" : 55,
            "1064" : 49,
            "1080" : 37,
            "1096" : 33,
            "1112" : 38,
            "1128" : 22,
            "1144" : 26,
            "1160" : 24,
            "1176" : 20,
            "1192" : 24,
            "1208" : 22,
            "1224" : 21,
            "1240" : 24,
            "1256" : 21,
            "1272" : 18,
            "1288" : 18,
            "1304" : 16,
            "1320" : 11,
            "1336" : 12,
            "1352" : 10,
            "1368" : 17,
            "1384" : 20,
            "1400" : 24,
            "1416" : 18,
            "1432" : 17,
            "1448" : 13,
            "1464" : 8,
            "1480" : 13,
            "1496" : 14,
            "1512" : 17,
            "1528" : 14,
            "1544" : 17,
            "1560" : 14,
            "1576" : 16,
            "1592" : 22,
            "1608" : 15,
            "1624" : 14,
            "1640" : 9,
            "1656" : 18,
            "1672" : 11,
            "1688" : 9,
            "1704" : 11,
            "1720" : 9,
            "1736" : 12,
            "1752" : 10,
            "1768" : 7,
            "1784" : 10,
            "1800" : 9,
            "1816" : 14,
            "1832" : 8,
            "1848" : 8,
            "1864" : 3,
            "1880" : 7,
            "1896" : 5,
            "1912" : 8,
            "1928" : 7,
            "1944" : 4,
            "1960" : 5,
            "1976" : 5,
            "1992" : 5,
            "2008" : 4,
            "2024" : 4,
            "2040" : 1,
            "2064" : 7,
            "2096" : 6,
            "2128" : 7,
            "2160" : 7,
            "2192" : 1,
            "2224" : 1,
            "2256" : 6,
            "2288" : 1,
            "2320" : 2,
            "2352" : 3,
            "2384" : 2,
            "2448" : 2,
            "2544" : 4,
            "2576" : 1,
            "2608" : 1,
            "2640" : 1,
            "2704" : 1,
            "2832" : 1,
            "2896" : 1,
            "2992" : 2,
            "3088" : 2,
            "3184" : 1,
            "3248" : 1,
            "3344" : 1,
            "3568" : 1,
            "4048" : 1,
            "4192" : 1,
            "4960" : 1,
            "6112" : 1,
            "6176" : 34,
            "6240" : 641,
            "6304" : 4194,
            "6368" : 11126,
            "6432" : 17117,
            "6496" : 19858,
            "6560" : 21918,
            "6624" : 22179,
            "6688" : 18894,
            "6752" : 14842,
            "6816" : 11066,
            "6880" : 8274,
            "6944" : 5950,
            "7008" : 4401,
            "7072" : 3340,
            "7136" : 2340,
            "7200" : 1950,
            "7264" : 1889,
            "7328" : 2040,
            "7392" : 2067,
            "7456" : 2094,
            "7520" : 2067,
            "7584" : 1787,
            "7648" : 1540,
            "7712" : 1254,
            "7776" : 880,
            "7840" : 744,
            "7904" : 580,
            "7968" : 444,
            "8032" : 412,
            "8096" : 348,
            "8160" : 297,
            "8256" : 474,
            "8384" : 413,
            "8512" : 429,
            "8640" : 413,
            "8768" : 416,
            "8896" : 428,
            "9024" : 1180,
            "9152" : 17762,
            "9280" : 98970,
            "9408" : 219804,
            "9536" : 357694,
            "9664" : 455747,
            "9792" : 414339,
            "9920" : 350061,
            "10048" : 254023,
            "10176" : 181228,
            "10304" : 249835,
            "10432" : 429838,
            "10560" : 560363,
            "10688" : 538859,
            "10816" : 414283,
            "10944" : 312455,
            "11072" : 402373,
            "11200" : 722176,
            "11328" : 1022858,
            "11456" : 1039242,
            "11584" : 809681,
            "11712" : 499329,
            "11840" : 279698,
            "11968" : 174260,
            "12096" : 148487,
            "12224" : 152788,
            "12352" : 150676,
            "12480" : 132895,
            "12608" : 109455,
            "12736" : 91702,
            "12864" : 82876,
            "12992" : 80549,
            "13120" : 84592,
            "13248" : 94178,
            "13376" : 106347,
            "13504" : 115689,
            "13632" : 119744,
            "13760" : 119178,
            "13888" : 115327,
            "14016" : 110961,
            "14144" : 109434,
            "14272" : 107482,
            "14400" : 106890,
            "14528" : 106006,
            "14656" : 105153,
            "14784" : 103579,
            "14912" : 101705,
            "15040" : 97139,
            "15168" : 91779,
            "15296" : 85455,
            "15424" : 79331,
            "15552" : 74443,
            "15680" : 71033,
            "15808" : 70496,
            "15936" : 71406,
            "16064" : 72665,
            "16192" : 74279,
            "16320" : 74993,
            "16512" : 146898,
            "16768" : 135927,
            "17024" : 120173,
            "17280" : 106610,
            "17536" : 96504,
            "17792" : 88403,
            "18048" : 83664,
            "18304" : 80152,
            "18560" : 74820,
            "18816" : 69780,
            "19072" : 66801,
            "19328" : 67815,
            "19584" : 66168,
            "19840" : 58053,
            "20096" : 48496,
            "20352" : 40692,
            "20608" : 36695,
            "20864" : 33627,
            "21120" : 31132,
            "21376" : 28887,
            "21632" : 25852,
            "21888" : 24122,
            "22144" : 22312,
            "22400" : 20430,
            "22656" : 18912,
            "22912" : 17464,
            "23168" : 15958,
            "23424" : 15005,
            "23680" : 13505,
            "23936" : 12417,
            "24192" : 11526,
            "24448" : 10476,
            "24704" : 9791,
            "24960" : 9169,
            "25216" : 8349,
            "25472" : 7674,
            "25728" : 6963,
            "25984" : 6248,
            "26240" : 5665,
            "26496" : 5458,
            "26752" : 4862,
            "27008" : 4443,
            "27264" : 4171,
            "27520" : 3865,
            "27776" : 3616,
            "28032" : 3319,
            "28288" : 3081,
            "28544" : 2945,
            "28800" : 2625,
            "29056" : 2490,
            "29312" : 2327,
            "29568" : 2202,
            "29824" : 2016,
            "30080" : 2007,
            "30336" : 1836,
            "30592" : 1731,
            "30848" : 1725,
            "31104" : 1589,
            "31360" : 1485,
            "31616" : 1369,
            "31872" : 1307,
            "32128" : 1290,
            "32384" : 1183,
            "32640" : 1163,
            "33024" : 2151,
            "33536" : 2074,
            "34048" : 1862,
            "34560" : 1726,
            "35072" : 1733,
            "35584" : 1552,
            "36096" : 1536,
            "36608" : 1488,
            "37120" : 1470,
            "37632" : 1402,
            "38144" : 1417,
            "38656" : 1423,
            "39168" : 1432,
            "39680" : 1503,
            "40192" : 1489,
            "40704" : 1526,
            "41216" : 1458,
            "41728" : 1375,
            "42240" : 1353,
            "42752" : 1351,
            "43264" : 1284,
            "43776" : 1206,
            "44288" : 1065,
            "44800" : 1081,
            "45312" : 981,
            "45824" : 881,
            "46336" : 865,
            "46848" : 844,
            "47360" : 777,
            "47872" : 708,
            "48384" : 678,
            "48896" : 702,
            "49408" : 585,
            "49920" : 558,
            "50432" : 608,
            "50944" : 606,
            "51456" : 530,
            "51968" : 532,
            "52480" : 523,
            "52992" : 525,
            "53504" : 490,
            "54016" : 509,
            "54528" : 491,
            "55040" : 479,
            "55552" : 465,
            "56064" : 483,
            "56576" : 406,
            "57088" : 392,
            "57600" : 346,
            "58112" : 335,
            "58624" : 331,
            "59136" : 320,
            "59648" : 299,
            "60160" : 303,
            "60672" : 291,
            "61184" : 283,
            "61696" : 274,
            "62208" : 257,
            "62720" : 279,
            "63232" : 257,
            "63744" : 241,
            "64256" : 222,
            "64768" : 221,
            "65280" : 223,
            "66048" : 359,
            "67072" : 419,
            "68096" : 390,
            "69120" : 373,
            "70144" : 352,
            "71168" : 342,
            "72192" : 332,
            "73216" : 334,
            "74240" : 324,
            "75264" : 331,
            "76288" : 341,
            "77312" : 329,
            "78336" : 321,
            "79360" : 319,
            "80384" : 294,
            "81408" : 276,
            "82432" : 297,
            "83456" : 277,
            "84480" : 244,
            "85504" : 225,
            "86528" : 217,
            "87552" : 218,
            "88576" : 203,
            "89600" : 190,
            "90624" : 168,
            "91648" : 150,
            "92672" : 161,
            "93696" : 157,
            "94720" : 159,
            "95744" : 167,
            "96768" : 158,
            "97792" : 138,
            "98816" : 151,
            "99840" : 153,
            "100864" : 139,
            "101888" : 131,
            "102912" : 145,
            "103936" : 146,
            "104960" : 126,
            "105984" : 105,
            "107008" : 138,
            "108032" : 143,
            "109056" : 149,
            "110080" : 151,
            "111104" : 147,
            "112128" : 149,
            "113152" : 136,
            "114176" : 134,
            "115200" : 124,
            "116224" : 122,
            "117248" : 136,
            "118272" : 126,
            "119296" : 103,
            "120320" : 102,
            "121344" : 103,
            "122368" : 89,
            "123392" : 84,
            "124416" : 91,
            "125440" : 83,
            "126464" : 77,
            "127488" : 77,
            "128512" : 57,
            "129536" : 64,
            "130560" : 57,
            "132096" : 121,
            "134144" : 123,
            "136192" : 106,
            "138240" : 105,
            "140288" : 105,
            "142336" : 104,
            "144384" : 89,
            "146432" : 81,
            "148480" : 72,
            "150528" : 80,
            "152576" : 66,
            "154624" : 65,
            "156672" : 62,
            "158720" : 50,
            "160768" : 56,
            "162816" : 41,
            "164864" : 36,
            "166912" : 33,
            "168960" : 29,
            "171008" : 26,
            "173056" : 25,
            "175104" : 29,
            "177152" : 24,
            "179200" : 23,
            "181248" : 23,
            "183296" : 18,
            "185344" : 20,
            "187392" : 13,
            "189440" : 14,
            "191488" : 14,
            "193536" : 21,
            "195584" : 11,
            "197632" : 15,
            "199680" : 18,
            "201728" : 23,
            "203776" : 8,
            "205824" : 13,
            "207872" : 17,
            "209920" : 13,
            "211968" : 10,
            "214016" : 16,
            "216064" : 18,
            "218112" : 24,
            "220160" : 22,
            "222208" : 17,
            "224256" : 24,
            "226304" : 17,
            "228352" : 21,
            "230400" : 16,
            "232448" : 16,
            "234496" : 17,
            "236544" : 19,
            "238592" : 15,
            "240640" : 19,
            "242688" : 20,
            "244736" : 13,
            "246784" : 13,
            "248832" : 11,
            "250880" : 14,
            "252928" : 12,
            "254976" : 8,
            "257024" : 9,
            "259072" : 14,
            "261120" : 6,
            "264192" : 12,
            "268288" : 22,
            "272384" : 16,
            "276480" : 17,
            "280576" : 15,
            "284672" : 17,
            "288768" : 17,
            "292864" : 15,
            "296960" : 11,
            "301056" : 11,
            "305152" : 15,
            "309248" : 15,
            "313344" : 15,
            "317440" : 14,
            "321536" : 14,
            "325632" : 11,
            "329728" : 12,
            "333824" : 13,
            "337920" : 9,
            "342016" : 7,
            "346112" : 11,
            "350208" : 14,
            "354304" : 17,
            "358400" : 13,
            "362496" : 13,
            "366592" : 13,
            "370688" : 11,
            "374784" : 12,
            "378880" : 20,
            "382976" : 10,
            "387072" : 11,
            "391168" : 10,
            "395264" : 15,
            "399360" : 6,
            "403456" : 11,
            "407552" : 16,
            "411648" : 11,
            "415744" : 13,
            "419840" : 9,
            "423936" : 4,
            "428032" : 10,
            "432128" : 12,
            "436224" : 7,
            "440320" : 14,
            "444416" : 16,
            "448512" : 12,
            "452608" : 13,
            "456704" : 6,
            "460800" : 10,
            "464896" : 13,
            "468992" : 11,
            "473088" : 9,
            "477184" : 15,
            "481280" : 16,
            "485376" : 11,
            "489472" : 9,
            "493568" : 5,
            "497664" : 9,
            "501760" : 13,
            "505856" : 8,
            "509952" : 9,
            "514048" : 3,
            "518144" : 11,
            "522240" : 6,
            "528384" : 12,
            "536576" : 12,
            "544768" : 9,
            "552960" : 11,
            "561152" : 11,
            "569344" : 9,
            "577536" : 14,
            "585728" : 7,
            "593920" : 10,
            "602112" : 7,
            "610304" : 4,
            "618496" : 4,
            "626688" : 6,
            "634880" : 8,
            "643072" : 6,
            "651264" : 7,
            "659456" : 11,
            "667648" : 3,
            "675840" : 1,
            "684032" : 4,
            "692224" : 5,
            "700416" : 3,
            "708608" : 6,
            "716800" : 1,
            "724992" : 2,
            "733184" : 2,
            "741376" : 4,
            "749568" : 4,
            "757760" : 1,
            "765952" : 1,
            "774144" : 2,
            "782336" : 1,
            "790528" : 3,
            "806912" : 3,
            "823296" : 2,
            "831488" : 2,
            "839680" : 3,
            "847872" : 3,
            "856064" : 2,
            "864256" : 2,
            "872448" : 5,
            "880640" : 3,
            "888832" : 4,
            "897024" : 1,
            "905216" : 5,
            "913408" : 4,
            "921600" : 4,
            "929792" : 5,
            "937984" : 6,
            "946176" : 9,
            "954368" : 10,
            "962560" : 13,
            "970752" : 9,
            "978944" : 16,
            "987136" : 11,
            "995328" : 8,
            "1003520" : 11,
            "1011712" : 9,
            "1019904" : 8,
            "1028096" : 13,
            "1036288" : 12,
            "1044480" : 9,
            "1056768" : 13,
            "1073152" : 15,
            "1089536" : 11,
            "1105920" : 21,
            "1122304" : 7,
            "1138688" : 13,
            "1155072" : 6,
            "1171456" : 8,
            "1187840" : 11,
            "1204224" : 7,
            "1220608" : 6,
            "1236992" : 14,
            "1253376" : 7,
            "1269760" : 6,
            "1286144" : 4,
            "1302528" : 7,
            "1318912" : 8,
            "1335296" : 17,
            "1351680" : 6,
            "1368064" : 10,
            "1384448" : 3,
            "1400832" : 8,
            "1417216" : 5,
            "1433600" : 3,
            "1449984" : 2,
            "1466368" : 7,
            "1482752" : 10,
            "1499136" : 8,
            "1515520" : 3,
            "1531904" : 2,
            "1548288" : 2,
            "1581056" : 3,
            "1597440" : 4,
            "1613824" : 2,
            "1630208" : 1,
            "1662976" : 2,
            "1679360" : 4,
            "1695744" : 2,
            "1712128" : 1,
            "1761280" : 2,
            "1777664" : 1,
            "1794048" : 1,
            "1826816" : 1,
            "1859584" : 2,
            "1875968" : 1,
            "1925120" : 3,
            "1990656" : 1,
            "2007040" : 1,
            "2023424" : 1,
            "2039808" : 1,
            "2072576" : 1,
            "2088960" : 1,
            "2113536" : 1,
            "2146304" : 1,
            "2179072" : 1,
            "2211840" : 1,
            "2277376" : 2,
            "2310144" : 2,
            "2375680" : 2,
            "2408448" : 2,
            "2441216" : 2,
            "2473984" : 2,
            "2506752" : 5,
            "2539520" : 2,
            "2605056" : 3,
            "2637824" : 1,
            "2670592" : 1,
            "2736128" : 2,
            "2801664" : 2,
            "2834432" : 1,
            "2899968" : 2,
            "2998272" : 2,
            "3096576" : 1,
            "3129344" : 2,
            "3194880" : 1,
            "3293184" : 2,
            "3325952" : 1,
            "3358720" : 1,
            "3424256" : 1,
            "3489792" : 1,
            "3522560" : 1,
            "3784704" : 1,
            "3981312" : 1,
            "4014080" : 1,
            "4046848" : 2,
            "4079616" : 3,
            "4112384" : 1,
            "4227072" : 2,
            "4423680" : 1,
            "4685824" : 1,
            "4816896" : 1,
            "5079040" : 1,
            "5210112" : 1,
            "5341184" : 1,
            "5799936" : 1,
            "6586368" : 1,
            "6979584" : 1,
            "7897088" : 1,
            "8028160" : 1
          }
        },
        "bw_min" : 145080,
        "bw_max" : 288782,
        "bw_agg" : 100.000000,
        "bw_mean" : 203998.497496,
        "bw_dev" : 12359.501828,
        "bw_samples" : 599,
        "iops_min" : 36270,
        "iops_max" : 72195,
        "iops_mean" : 50999.542571,
        "iops_stddev" : 3089.885177,
        "iops_samples" : 599
      },
      "write" : {
        "io_bytes" : 62627459072,
        "io_kbytes" : 61159628,
        "bw_bytes" : 208757501,
        "bw" : 203864,
        "iops" : 50966.186779,
        "runtime" : 300001,
        "total_ios" : 15289907,
        "short_ios" : 0,
        "drop_ios" : 0,
        "slat_ns" : {
          "min" : 0,
          "max" : 0,
          "mean" : 0.000000,
          "stddev" : 0.000000,
          "N" : 0
        },
        "clat_ns" : {
          "min" : 1273,
          "max" : 7720247,
          "mean" : 3198.265088,
          "stddev" : 5055.219833,
          "N" : 15289907,
          "percentile" : {
            "1.000000" : 2128,
            "5.000000" : 2192,
            "10.000000" : 2192,
            "20.000000" : 2256,
            "30.000000" : 2352,
            "40.000000" : 2864,
            "50.000000" : 2928,
            "60.000000" : 3024,
            "70.000000" : 3152,
            "80.000000" : 3632,
            "90.000000" : 4576,
            "95.000000" : 5472,
            "99.000000" : 7264,
            "99.500000" : 8256,
            "99.900000" : 20864,
            "99.950000" : 34048,
            "99.990000" : 80384
          },
          "bins" : {
            "1272" : 1,
            "1288" : 23,
            "1304" : 36,
            "1320" : 70,
            "1336" : 109,
            "1352" : 112,
            "1368" : 123,
            "1384" : 87,
            "1400" : 81,
            "1416" : 68,
            "1432" : 66,
            "1448" : 53,
            "1464" : 47,
            "1480" : 29,
            "1496" : 21,
            "1512" : 18,
            "1528" : 23,
            "1544" : 23,
            "1560" : 24,
            "1576" : 19,
            "1592" : 8,
            "1608" : 12,
            "1624" : 14,
            "1640" : 7,
            "1656" : 7,
            "1672" : 8,
            "1688" : 11,
            "1704" : 18,
            "1720" : 26,
            "1736" : 35,
            "1752" : 36,
            "1768" : 44,
            "1784" : 49,
            "1800" : 53,
            "1816" : 62,
            "1832" : 59,
            "1848" : 52,
            "1864" : 50,
            "1880" : 45,
            "1896" : 47,
            "1912" : 36,
            "1928" : 42,
            "1944" : 30,
            "1960" : 38,
            "1976" : 53,
            "1992" : 88,
            "2008" : 206,
            "2024" : 637,
            "2040" : 1290,
            "2064" : 6278,
            "2096" : 25961,
            "2128" : 181813,
            "2160" : 500068,
            "2192" : 894175,
            "2224" : 1001856,
            "2256" : 869445,
            "2288" : 603701,
            "2320" : 391120,
            "2352" : 250512,
            "2384" : 166322,
            "2416" : 115920,
            "2448" : 80141,
            "2480" : 56604,
            "2512" : 41334,
            "2544" : 30797,
            "2576" : 28034,
            "2608" : 31080,
            "2640" : 35177,
            "2672" : 40299,
            "2704" : 54867,
            "2736" : 82137,
            "2768" : 111003,
            "2800" : 140364,
            "2832" : 208358,
            "2864" : 361499,
            "2896" : 589889,
            "2928" : 759398,
            "2960" : 788274,
            "2992" : 681812,
            "3024" : 523623,
            "3056" : 395989,
            "3088" : 299086,
            "3120" : 233986,
            "3152" : 181997,
            "3184" : 139703,
            "3216" : 109636,
            "3248" : 85723,
            "3280" : 72012,
            "3312" : 65078,
            "3344" : 64215,
            "3376" : 73257,
            "3408" : 91560,
            "3440" : 115049,
            "3472" : 134079,
            "3504" : 138982,
            "3536" : 131962,
            "3568" : 116091,
            "3600" : 102381,
            "3632" : 92606,
            "3664" : 85311,
            "3696" : 82850,
            "3728" : 83505,
            "3760" : 89124,
            "3792" : 96548,
            "3824" : 96835,
            "3856" : 92585,
            "3888" : 80952,
            "3920" : 68966,
            "3952" : 59663,
            "3984" : 51286,
            "4016" : 46159,
            "4048" : 41044,
            "4080" : 37444,
            "4128" : 66926,
            "4192" : 59817,
            "4256" : 56450,
            "4320" : 58304,
            "4384" : 59719,
            "4448" : 56383,
            "4512" : 55098,
            "4576" : 56046,
            "4640" : 57851,
            "4704" : 59117,
            "4768" : 58877,
            "4832" : 58259,
            "4896" : 55896,
            "4960" : 55065,
            "5024" : 54867,
            "5088" : 56336,
            "5152" : 58982,
            "5216" : 58256,
            "5280" : 54883,
            "5344" : 50724,
            "5408" : 46857,
            "5472" : 44325,
            "5536" : 41597,
            "5600" : 39287,
            "5664" : 36578,
            "5728" : 34794,
            "5792" : 32818,
            "5856" : 30722,
            "5920" : 28910,
            "5984" : 27744,
            "6048" : 26196,
            "6112" : 25472,
            "6176" : 23884,
            "6240" : 22657,
            "6304" : 21072,
            "6368" : 19446,
            "6432" : 18507,
            "6496" : 17296,
            "6560" : 16664,
            "6624" : 15592,
            "6688" : 14692,
            "6752" : 13975,
            "6816" : 13068,
            "6880" : 12201,
            "6944" : 11470,
            "7008" : 10849,
            "7072" : 10201,
            "7136" : 9758,
            "7200" : 8954,
            "7264" : 8511,
            "7328" : 7792,
            "7392" : 7151,
            "7456" : 6590,
            "7520" : 6202,
            "7584" : 5691,
            "7648" : 5192,
            "7712" : 4838,
            "7776" : 4394,
            "7840" : 4193,
            "7904" : 3858,
            "7968" : 3629,
            "8032" : 3211,
            "8096" : 3028,
            "8160" : 2772,
            "8256" : 4944,
            "8384" : 4298,
            "8512" : 3714,
            "8640" : 3207,
            "8768" : 2679,
            "8896" : 2376,
            "9024" : 2065,
            "9152" : 1745,
            "9280" : 1632,
            "9408" : 1405,
            "9536" : 1236,
            "9664" : 1081,
            "9792" : 975,
            "9920" : 956,
            "10048" : 870,
            "10176" : 850,
            "10304" : 835,
            "10432" : 765,
            "10560" : 682,
            "10688" : 630,
            "10816" : 653,
            "10944" : 623,
            "11072" : 592,
            "11200" : 584,
            "11328" : 581,
            "11456" : 565,
            "11584" : 539,
            "11712" : 552,
            "11840" : 542,
            "11968" : 498,
            "12096" : 520,
            "12224" : 524,
            "12352" : 530,
            "12480" : 480,
            "12608" : 525,
            "12736" : 495,
            "12864" : 482,
            "12992" : 520,
            "13120" : 499,
            "13248" : 511,
            "13376" : 437,
            "13504" : 450,
            "13632" : 443,
            "13760" : 409,
            "13888" : 439,
            "14016" : 399,
            "14144" : 398,
            "14272" : 371,
            "14400" : 368,
            "14528" : 360,
            "14656" : 361,
            "14784" : 363,
            "14912" : 363,
            "15040" : 329,
            "15168" : 319,
            "15296" : 302,
            "15424" : 312,
            "15552" : 309,
            "15680" : 314,
            "15808" : 293,
            "15936" : 323,
            "16064" : 264,
            "16192" : 254,
            "16320" : 256,
            "16512" : 519,
            "16768" : 439,
            "17024" : 466,
            "17280" : 408,
            "17536" : 402,
            "17792" : 390,
            "18048" : 376,
            "18304" : 403,
            "18560" : 356,
            "18816" : 356,
            "19072" : 355,
            "19328" : 313,
            "19584" : 326,
            "19840" : 268,
            "20096" : 303,
            "20352" : 324,
            "20608" : 256,
            "20864" : 257,
            "21120" : 249,
            "21376" : 254,
            "21632" : 221,
            "21888" : 197,
            "22144" : 222,
            "22400" : 206,
            "22656" : 183,
            "22912" : 186,
            "23168" : 177,
            "23424" : 172,
            "23680" : 149,
            "23936" : 147,
            "24192" : 157,
            "24448" : 168,
            "24704" : 139,
            "24960" : 160,
            "25216" : 147,
            "25472" : 126,
            "25728" : 122,
            "25984" : 128,
            "26240" : 130,
            "26496" : 139,
            "26752" : 124,
            "27008" : 137,
            "27264" : 130,
            "27520" : 139,
            "27776" : 115,
            "28032" : 137,
            "28288" : 141,
            "28544" : 145,
            "28800" : 110,
            "29056" : 149,
            "29312" : 105,
            "29568" : 126,
            "29824" : 118,
            "30080" : 105,
            "30336" : 122,
            "30592" : 123,
            "30848" : 102,
            "31104" : 117,
            "31360" : 110,
            "31616" : 125,
            "31872" : 120,
            "32128" : 120,
            "32384" : 112,
            "32640" : 138,
            "33024" : 253,
            "33536" : 251,
            "34048" : 272,
            "34560" : 281,
            "35072" : 250,
            "35584" : 267,
            "36096" : 247,
            "36608" : 234,
            "37120" : 241,
            "37632" : 192,
            "38144" : 175,
            "38656" : 112,
            "39168" : 134,
            "39680" : 125,
            "40192" : 131,
            "40704" : 110,
            "41216" : 117,
            "41728" : 116,
            "42240" : 113,
            "42752" : 103,
            "43264" : 85,
            "43776" : 104,
            "44288" : 105,
            "44800" : 109,
            "45312" : 92,
            "45824" : 90,
            "46336" : 92,
            "46848" : 74,
            "47360" : 84,
            "47872" : 74,
            "48384" : 73,
            "48896" : 61,
            "49408" : 64,
            "49920" : 72,
            "50432" : 75,
            "50944" : 63,
            "51456" : 63,
            "51968" : 55,
            "52480" : 43,
            "52992" : 46,
            "53504" : 37,
            "54016" : 36,
            "54528" : 45,
            "55040" : 29,
            "55552" : 35,
            "56064" : 33,
            "56576" : 33,
            "57088" : 35,
            "57600" : 32,
            "58112" : 28,
            "58624" : 33,
            "59136" : 30,
            "59648" : 31,
            "60160" : 34,
            "60672" : 37,
            "61184" : 29,
            "61696" : 37,
            "62208" : 32,
            "62720" : 26,
            "63232" : 28,
            "63744" : 27,
            "64256" : 26,
            "64768" : 33,
            "65280" : 33,
            "66048" : 68,
            "67072" : 57,
            "68096" : 71,
            "69120" : 64,
            "70144" : 58,
            "71168" : 51,
            "72192" : 68,
            "73216" : 53,
            "74240" : 47,
            "75264" : 55,
            "76288" : 48,
            "77312" : 42,
            "78336" : 29,
            "79360" : 40,
            "80384" : 34,
            "81408" : 30,
            "82432" : 38,
            "83456" : 25,
            "84480" : 25,
            "85504" : 37,
            "86528" : 23,
            "87552" : 28,
            "88576" : 25,
            "89600" : 31,
            "90624" : 18,
            "91648" : 23,
            "92672" : 15,
            "93696" : 26,
            "94720" : 27,
            "95744" : 23,
            "96768" : 21,
            "97792" : 32,
            "98816" : 33,
            "99840" : 25,
            "100864" : 30,
            "101888" : 23,
            "102912" : 25,
            "103936" : 40,
            "104960" : 24,
            "105984" : 34,
            "107008" : 25,
            "108032" : 36,
            "109056" : 24,
            "110080" : 29,
            "111104" : 14,
            "112128" : 14,
            "113152" : 24,
            "114176" : 13,
            "115200" : 22,
            "116224" : 19,
            "117248" : 19,
            "118272" : 8,
            "119296" : 12,
            "120320" : 9,
            "121344" : 16,
            "122368" : 10,
            "123392" : 11,
            "124416" : 17,
            "125440" : 15,
            "126464" : 5,
            "127488" : 8,
            "128512" : 5,
            "129536" : 8,
            "130560" : 6,
            "132096" : 25,
            "134144" : 18,
            "136192" : 16,
            "138240" : 16,
            "140288" : 6,
            "142336" : 7,
            "144384" : 10,
            "146432" : 5,
            "148480" : 10,
            "150528" : 12,
            "152576" : 12,
            "154624" : 4,
            "156672" : 5,
            "158720" : 6,
            "160768" : 3,
            "162816" : 9,
            "164864" : 7,
            "166912" : 5,
            "168960" : 3,
            "171008" : 2,
            "173056" : 3,
            "175104" : 1,
            "177152" : 2,
            "179200" : 3,
            "181248" : 2,
            "183296" : 4,
            "185344" : 1,
            "187392" : 2,
            "189440" : 2,
            "191488" : 4,
            "193536" : 4,
            "195584" : 2,
            "197632" : 3,
            "199680" : 7,
            "201728" : 2,
            "203776" : 2,
            "205824" : 4,
            "207872" : 2,
            "209920" : 1,
            "211968" : 1,
            "214016" : 2,
            "216064" : 1,
            "218112" : 1,
            "222208" : 3,
            "224256" : 1,
            "226304" : 2,
            "236544" : 1,
            "238592" : 3,
            "240640" : 3,
            "246784" : 3,
            "248832" : 2,
            "250880" : 1,
            "261120" : 1,
            "264192" : 2,
            "272384" : 1,
            "276480" : 1,
            "284672" : 1,
            "288768" : 2,
            "292864" : 3,
            "301056" : 3,
            "305152" : 3,
            "309248" : 1,
            "317440" : 3,
            "321536" : 1,
            "325632" : 2,
            "333824" : 2,
            "342016" : 1,
            "346112" : 1,
            "350208" : 3,
            "354304" : 1,
            "358400" : 2,
            "362496" : 2,
            "374784" : 4,
            "378880" : 2,
            "382976" : 1,
            "387072" : 1,
            "391168" : 2,
            "395264" : 1,
            "399360" : 2,
            "403456" : 1,
            "411648" : 2,
            "415744" : 1,
            "419840" : 1,
            "432128" : 2,
            "436224" : 1,
            "444416" : 1,
            "448512" : 3,
            "452608" : 2,
            "460800" : 3,
            "464896" : 2,
            "468992" : 1,
            "473088" : 1,
            "477184" : 1,
            "481280" : 1,
            "493568" : 1,
            "497664" : 1,
            "501760" : 1,
            "505856" : 1,
            "514048" : 2,
            "528384" : 1,
            "536576" : 1,
            "552960" : 1,
            "561152" : 1,
            "577536" : 1,
            "585728" : 2,
            "593920" : 2,
            "610304" : 1,
            "618496" : 2,
            "634880" : 1,
            "659456" : 1,
            "667648" : 2,
            "692224" : 1,
            "716800" : 1,
            "733184" : 2,
            "757760" : 1,
            "856064" : 1,
            "872448" : 1,
            "888832" : 1,
            "897024" : 1,
            "905216" : 1,
            "913408" : 3,
            "921600" : 3,
            "929792" : 2,
            "937984" : 3,
            "946176" : 4,
            "962560" : 5,
            "970752" : 3,
            "978944" : 4,
            "987136" : 2,
            "995328" : 4,
            "1003520" : 2,
            "1011712" : 3,
            "1019904" : 2,
            "1028096" : 1,
            "1036288" : 2,
            "1044480" : 1,
            "1056768" : 4,
            "1073152" : 3,
            "1105920" : 1,
            "1122304" : 6,
            "1138688" : 2,
            "1155072" : 2,
            "1171456" : 2,
            "1187840" : 1,
            "1204224" : 2,
            "1220608" : 3,
            "1236992" : 2,
            "1253376" : 4,
            "1269760" : 1,
            "1286144" : 1,
            "1351680" : 1,
            "1368064" : 5,
            "1384448" : 1,
            "1400832" : 1,
            "1449984" : 1,
            "1466368" : 3,
            "1482752" : 2,
            "1499136" : 1,
            "1531904" : 1,
            "1581056" : 1,
            "1630208" : 1,
            "1761280" : 2,
            "1777664" : 1,
            "1908736" : 1,
            "2056192" : 1,
            "2113536" : 1,
            "2342912" : 1,
            "3620864" : 1,
            "4145152" : 1,
            "4227072" : 1,
            "7307264" : 1,
            "7700480" : 1
          }
        },
        "lat_ns" : {
          "min" : 1317,
          "max" : 7720292,
          "mean" : 3277.965436,
          "stddev" : 5087.499598,
          "N" : 15289907,
          "percentile" : {
            "1.000000" : 2192,
            "5.000000" : 2224,
            "10.000000" : 2256,
            "20.000000" : 2288,
            "30.000000" : 2384,
            "40.000000" : 2928,
            "50.000000" : 3024,
            "60.000000" : 3088,
            "70.000000" : 3216,
            "80.000000" : 3728,
            "90.000000" : 4704,
            "95.000000" : 5600,
            "99.000000" : 7456,
            "99.500000" : 8512,
            "99.900000" : 21376,
            "99.950000" : 34560,
            "99.990000" : 82432
          },
          "bins" : {
            "1320" : 3,
            "1336" : 23,
            "1352" : 38,
            "1368" : 76,
            "1384" : 103,
            "1400" : 123,
            "1416" : 109,
            "1432" : 89,
            "1448" : 89,
            "1464" : 66,
            "1480" : 55,
            "1496" : 54,
            "1512" : 43,
            "1528" : 33,
            "1544" : 25,
            "1560" : 16,
            "1576" : 24,
            "1592" : 18,
            "1608" : 27,
            "1624" : 17,
            "1640" : 10,
            "1656" : 12,
            "1672" : 12,
            "1688" : 8,
            "1704" : 7,
            "1720" : 7,
            "1736" : 10,
            "1752" : 5,
            "1768" : 16,
            "1784" : 17,
            "1800" : 26,
            "1816" : 29,
            "1832" : 44,
            "1848" : 43,
            "1864" : 40,
            "1880" : 53,
            "1896" : 63,
            "1912" : 51,
            "1928" : 56,
            "1944" : 50,
            "1960" : 38,
            "1976" : 51,
            "1992" : 29,
            "2008" : 53,
            "2024" : 61,
            "2040" : 95,
            "2064" : 889,
            "2096" : 3482,
            "2128" : 13165,
            "2160" : 67489,
            "2192" : 350500,
            "2224" : 703796,
            "2256" : 997151,
            "2288" : 939894,
            "2320" : 729046,
            "2352" : 490593,
            "2384" : 314098,
            "2416" : 206140,
            "2448" : 137743,
            "2480" : 95884,
            "2512" : 67472,
            "2544" : 48511,
            "2576" : 35422,
            "2608" : 27338,
            "2640" : 25765,
            "2672" : 29647,
            "2704" : 34972,
            "2736" : 48007,
            "2768" : 68026,
            "2800" : 91782,
            "2832" : 105140,
            "2864" : 109672,
            "2896" : 139312,
            "2928" : 238349,
            "2960" : 433550,
            "2992" : 657124,
            "3024" : 786616,
            "3056" : 771482,
            "3088" : 630405,
            "3120" : 480833,
            "3152" : 362468,
            "3184" : 268897,
            "3216" : 204020,
            "3248" : 150949,
            "3280" : 114916,
            "3312" : 89140,
            "3344" : 73067,
            "3376" : 64392,
            "3408" : 59233,
            "3440" : 62339,
            "3472" : 75602,
            "3504" : 97372,
            "3536" : 122325,
            "3568" : 133839,
            "3600" : 132797,
            "3632" : 122515,
            "3664" : 108368,
            "3696" : 98484,
            "3728" : 88131,
            "3760" : 82330,
            "3792" : 81136,
            "3824" : 84896,
            "3856" : 93674,
            "3888" : 98053,
            "3920" : 95500,
            "3952" : 87731,
            "3984" : 76574,
            "4016" : 65833,
            "4048" : 56320,
            "4080" : 48744,
            "4128" : 83455,
            "4192" : 70488,
            "4256" : 60957,
            "4320" : 57253,
            "4384" : 57470,
            "4448" : 58539,
            "4512" : 56009,
            "4576" : 51930,
            "4640" : 51581,
            "4704" : 52768,
            "4768" : 54760,
            "4832" : 56503,
            "4896" : 57396,
            "4960" : 56779,
            "5024" : 55402,
            "5088" : 54494,
            "5152" : 53729,
            "5216" : 54444,
            "5280" : 56534,
            "5344" : 56647,
            "5408" : 54549,
            "5472" : 50632,
            "5536" : 46962,
            "5600" : 44449,
            "5664" : 41290,
            "5728" : 39160,
            "5792" : 36966,
            "5856" : 34866,
            "5920" : 32747,
            "5984" : 30985,
            "6048" : 28948,
            "6112" : 27783,
            "6176" : 26488,
            "6240" : 25664,
            "6304" : 23953,
            "6368" : 22769,
            "6432" : 21708,
            "6496" : 19937,
            "6560" : 18832,
            "6624" : 17606,
            "6688" : 16692,
            "6752" : 15981,
            "6816" : 14991,
            "6880" : 14185,
            "6944" : 13380,
            "7008" : 12381,
            "7072" : 11449,
            "7136" : 11122,
            "7200" : 10601,
            "7264" : 9902,
            "7328" : 9390,
            "7392" : 8952,
            "7456" : 8266,
            "7520" : 7728,
            "7584" : 7027,
            "7648" : 6561,
            "7712" : 6118,
            "7776" : 5535,
            "7840" : 5322,
            "7904" : 4867,
            "7968" : 4380,
            "8032" : 4176,
            "8096" : 3858,
            "8160" : 3549,
            "8256" : 6288,
            "8384" : 5412,
            "8512" : 4679,
            "8640" : 4069,
            "8768" : 3394,
            "8896" : 3069,
            "9024" : 2602,
            "9152" : 2249,
            "9280" : 1882,
            "9408" : 1769,
            "9536" : 1525,
            "9664" : 1387,
            "9792" : 1188,
            "9920" : 1133,
            "10048" : 942,
            "10176" : 937,
            "10304" : 887,
            "10432" : 857,
            "10560" : 837,
            "10688" : 769,
            "10816" : 710,
            "10944" : 700,
            "11072" : 639,
            "11200" : 667,
            "11328" : 640,
            "11456" : 652,
            "11584" : 658,
            "11712" : 564,
            "11840" : 603,
            "11968" : 594,
            "12096" : 572,
            "12224" : 600,
            "12352" : 531,
            "12480" : 547,
            "12608" : 530,
            "12736" : 549,
            "12864" : 561,
            "12992" : 532,
            "13120" : 534,
            "13248" : 515,
            "13376" : 530,
            "13504" : 493,
            "13632" : 455,
            "13760" : 454,
            "13888" : 458,
            "14016" : 438,
            "14144" : 444,
            "14272" : 372,
            "14400" : 399,
            "14528" : 393,
            "14656" : 358,
            "14784" : 375,
            "14912" : 395,
            "15040" : 364,
            "15168" : 357,
            "15296" : 318,
            "15424" : 314,
            "15552" : 349,
            "15680" : 301,
            "15808" : 301,
            "15936" : 327,
            "16064" : 327,
            "16192" : 268,
            "16320" : 252,
            "16512" : 557,
            "16768" : 468,
            "17024" : 460,
            "17280" : 475,
            "17536" : 413,
            "17792" : 405,
            "18048" : 388,
            "18304" : 388,
            "18560" : 389,
            "18816" : 363,
            "19072" : 375,
            "19328" : 348,
            "19584" : 335,
            "19840" : 304,
            "20096" : 301,
            "20352" : 316,
            "20608" : 314,
            "20864" : 246,
            "21120" : 246,
            "21376" : 263,
            "21632" : 240,
            "21888" : 202,
            "22144" : 229,
            "22400" : 212,
            "22656" : 203,
            "22912" : 185,
            "23168" : 176,
            "23424" : 187,
            "23680" : 163,
            "23936" : 144,
            "24192" : 152,
            "24448" : 168,
            "24704" : 145,
            "24960" : 169,
            "25216" : 147,
            "25472" : 137,
            "25728" : 129,
            "25984" : 130,
            "26240" : 119,
            "26496" : 138,
            "26752" : 154,
            "27008" : 115,
            "27264" : 140,
            "27520" : 135,
            "27776" : 127,
            "28032" : 142,
            "28288" : 149,
            "28544" : 136,
            "28800" : 133,
            "29056" : 141,
            "29312" : 118,
            "29568" : 123,
            "29824" : 115,
            "30080" : 115,
            "30336" : 130,
            "30592" : 122,
            "30848" : 105,
            "31104" : 118,
            "31360" : 113,
            "31616" : 117,
            "31872" : 126,
            "32128" : 127,
            "32384" : 118,
            "32640" : 124,
            "33024" : 266,
            "33536" : 271,
            "34048" : 255,
            "34560" : 299,
            "35072" : 261,
            "35584" : 278,
            "36096" : 245,
            "36608" : 258,
            "37120" : 249,
            "37632" : 202,
            "38144" : 182,
            "38656" : 130,
            "39168" : 115,
            "39680" : 134,
            "40192" : 147,
            "40704" : 111,
            "41216" : 115,
            "41728" : 123,
            "42240" : 110,
            "42752" : 111,
            "43264" : 92,
            "43776" : 98,
            "44288" : 113,
            "44800" : 117,
            "45312" : 96,
            "45824" : 93,
            "46336" : 88,
            "46848" : 76,
            "47360" : 89,
            "47872" : 85,
            "48384" : 72,
            "48896" : 64,
            "49408" : 69,
            "49920" : 72,
            "50432" : 73,
            "50944" : 67,
            "51456" : 66,
            "51968" : 60,
            "52480" : 46,
            "52992" : 44,
            "53504" : 38,
            "54016" : 40,
            "54528" : 42,
            "55040" : 33,
            "55552" : 39,
            "56064" : 36,
            "56576" : 35,
            "57088" : 30,
            "57600" : 34,
            "58112" : 28,
            "58624" : 34,
            "59136" : 32,
            "59648" : 32,
            "60160" : 34,
            "60672" : 43,
            "61184" : 29,
            "61696" : 36,
            "62208" : 37,
            "62720" : 26,
            "63232" : 26,
            "63744" : 24,
            "64256" : 29,
            "64768" : 35,
            "65280" : 31,
            "66048" : 70,
            "67072" : 59,
            "68096" : 71,
            "69120" : 69,
            "70144" : 56,
            "71168" : 55,
            "72192" : 70,
            "73216" : 51,
            "74240" : 52,
            "75264" : 55,
            "76288" : 51,
            "77312" : 46,
            "78336" : 31,
            "79360" : 40,
            "80384" : 33,
            "81408" : 33,
            "82432" : 39,
            "83456" : 24,
            "84480" : 28,
            "85504" : 37,
            "86528" : 25,
            "87552" : 25,
            "88576" : 29,
            "89600" : 30,
            "90624" : 20,
            "91648" : 24,
            "92672" : 15,
            "93696" : 24,
            "94720" : 31,
            "95744" : 21,
            "96768" : 24,
            "97792" : 30,
            "98816" : 37,
            "99840" : 25,
            "100864" : 29,
            "101888" : 24,
            "102912" : 32,
            "103936" : 34,
            "104960" : 32,
            "105984" : 29,
            "107008" : 28,
            "108032" : 34,
            "109056" : 27,
            "110080" : 31,
            "111104" : 16,
            "112128" : 14,
            "113152" : 23,
            "114176" : 14,
            "115200" : 23,
            "116224" : 18,
            "117248" : 19,
            "118272" : 8,
            "119296" : 10,
            "120320" : 12,
            "121344" : 14,
            "122368" : 13,
            "123392" : 9,
            "124416" : 15,
            "125440" : 20,
            "126464" : 6,
            "127488" : 7,
            "128512" : 7,
            "129536" : 7,
            "130560" : 7,
            "132096" : 26,
            "134144" : 18,
            "136192" : 15,
            "138240" : 18,
            "140288" : 5,
            "142336" : 9,
            "144384" : 10,
            "146432" : 5,
            "148480" : 10,
            "150528" : 12,
            "152576" : 13,
            "154624" : 4,
            "156672" : 5,
            "158720" : 6,
            "160768" : 3,
            "162816" : 8,
            "164864" : 7,
            "166912" : 6,
            "168960" : 2,
            "171008" : 4,
            "173056" : 3,
            "175104" : 1,
            "177152" : 1,
            "179200" : 4,
            "181248" : 3,
            "183296" : 4,
            "185344" : 2,
            "187392" : 2,
            "189440" : 2,
            "191488" : 4,
            "193536" : 4,
            "195584" : 2,
            "197632" : 3,
            "199680" : 7,
            "201728" : 2,
            "203776" : 2,
            "205824" : 4,
            "207872" : 2,
            "209920" : 1,
            "211968" : 1,
            "214016" : 2,
            "218112" : 2,
            "222208" : 3,
            "224256" : 1,
            "226304" : 2,
            "230400" : 1,
            "236544" : 1,
            "238592" : 3,
            "240640" : 3,
            "246784" : 3,
            "248832" : 1,
            "250880" : 2,
            "261120" : 1,
            "264192" : 3,
            "272384" : 1,
            "276480" : 1,
            "284672" : 1,
            "288768" : 2,
            "292864" : 3,
            "301056" : 3,
            "305152" : 3,
            "309248" : 1,
            "317440" : 3,
            "321536" : 1,
            "325632" : 2,
            "333824" : 2,
            "342016" : 1,
            "346112" : 1,
            "350208" : 3,
            "354304" : 1,
            "358400" : 2,
            "362496" : 2,
            "374784" : 4,
            "378880" : 2,
            "382976" : 1,
            "387072" : 1,
            "391168" : 2,
            "395264" : 1,
            "399360" : 2,
            "403456" : 1,
            "411648" : 2,
            "415744" : 2,
            "419840" : 1,
            "432128" : 2,
            "436224" : 1,
            "444416" : 1,
            "448512" : 3,
            "452608" : 2,
            "460800" : 3,
            "464896" : 2,
            "468992" : 1,
            "473088" : 1,
            "477184" : 1,
            "481280" : 1,
            "493568" : 1,
            "497664" : 1,
            "501760" : 1,
            "505856" : 1,
            "514048" : 2,
            "528384" : 1,
            "536576" : 1,
            "552960" : 1,
            "561152" : 1,
            "569344" : 1,
            "577536" : 1,
            "585728" : 2,
            "593920" : 2,
            "610304" : 1,
            "618496" : 2,
            "634880" : 1,
            "659456" : 1,
            "667648" : 2,
            "692224" : 1,
            "716800" : 1,
            "733184" : 2,
            "757760" : 1,
            "856064" : 1,
            "872448" : 1,
            "888832" : 1,
            "897024" : 1,
            "905216" : 1,
            "913408" : 2,
            "921600" : 4,
            "929792" : 2,
            "937984" : 3,
            "946176" : 4,
            "962560" : 5,
            "970752" : 3,
            "978944" : 4,
            "987136" : 2,
            "995328" : 4,
            "1003520" : 2,
            "1011712" : 3,
            "1019904" : 2,
            "1028096" : 1,
            "1036288" : 2,
            "1044480" : 1,
            "1056768" : 5,
            "1073152" : 3,
            "1089536" : 1,
            "1105920" : 1,
            "1122304" : 6,
            "1138688" : 2,
            "1155072" : 2,
            "1171456" : 2,
            "1187840" : 1,
            "1204224" : 2,
            "1220608" : 3,
            "1236992" : 2,
            "1253376" : 4,
            "1269760" : 1,
            "1286144" : 1,
            "1351680" : 1,
            "1368064" : 5,
            "1384448" : 1,
            "1400832" : 1,
            "1449984" : 1,
            "1466368" : 3,
            "1482752" : 2,
            "1499136" : 1,
            "1531904" : 1,
            "1581056" : 1,
            "1630208" : 1,
            "1761280" : 2,
            "1777664" : 1,
            "1908736" : 1,
            "2056192" : 1,
            "2113536" : 1,
            "2342912" : 1,
            "3620864" : 1,
            "4145152" : 1,
            "4227072" : 1,
            "7307264" : 1,
            "7700480" : 1
          }
        },
        "bw_min" : 144200,
        "bw_max" : 291369,
        "bw_agg" : 100.000000,
        "bw_mean" : 203941.689482,
        "bw_dev" : 12365.850426,
        "bw_samples" : 599,
        "iops_min" : 36050,
        "iops_max" : 72842,
        "iops_mean" : 50985.327212,
        "iops_stddev" : 3091.455936,
        "iops_samples" : 599
      },
      "trim" : {
        "io_bytes" : 0,
        "io_kbytes" : 0,
        "bw_bytes" : 0,
        "bw" : 0,
        "iops" : 0.000000,
        "runtime" : 0,
        "total_ios" : 0,
        "short_ios" : 0,
        "drop_ios" : 0,
        "slat_ns" : {
          "min" : 0,
          "max" : 0,
          "mean" : 0.000000,
          "stddev" : 0.000000,
          "N" : 0
        },
        "clat_ns" : {
          "min" : 0,
          "max" : 0,
          "mean" : 0.000000,
          "stddev" : 0.000000,
          "N" : 0
        },
        "lat_ns" : {
          "min" : 0,
          "max" : 0,
          "mean" : 0.000000,
          "stddev" : 0.000000,
          "N" : 0
        },
        "bw_min" : 0,
        "bw_max" : 0,
        "bw_agg" : 0.000000,
        "bw_mean" : 0.000000,
        "bw_dev" : 0.000000,
        "bw_samples" : 0,
        "iops_min" : 0,
        "iops_max" : 0,
        "iops_mean" : 0.000000,
        "iops_stddev" : 0.000000,
        "iops_samples" : 0
      },
      "sync" : {
        "total_ios" : 0,
        "lat_ns" : {
          "min" : 0,
          "max" : 0,
          "mean" : 0.000000,
          "stddev" : 0.000000,
          "N" : 0
        }
      },
      "job_runtime" : 300000,
      "usr_cpu" : 11.879667,
      "sys_cpu" : 60.584000,
      "ctx" : 15334288,
      "majf" : 0,
      "minf" : 20,
      "iodepth_level" : {
        "1" : 100.000000,
        "2" : 0.000000,
        "4" : 0.000000,
        "8" : 0.000000,
        "16" : 0.000000,
        "32" : 0.000000,
        ">=64" : 0.000000
      },
      "iodepth_submit" : {
        "0" : 0.000000,
        "4" : 100.000000,
        "8" : 0.000000,
        "16" : 0.000000,
        "32" : 0.000000,
        "64" : 0.000000,
        ">=64" : 0.000000
      },
      "iodepth_complete" : {
        "0" : 0.000000,
        "4" : 100.000000,
        "8" : 0.000000,
        "16" : 0.000000,
        "32" : 0.000000,
        "64" : 0.000000,
        ">=64" : 0.000000
      },
      "latency_ns" : {
        "2" : 0.000000,
        "4" : 0.000000,
        "10" : 0.000000,
        "20" : 0.000000,
        "50" : 0.000000,
        "100" : 0.000000,
        "250" : 0.000000,
        "500" : 0.000000,
        "750" : 0.010000,
        "1000" : 0.010000
      },
      "latency_us" : {
        "2" : 0.010000,
        "4" : 43.110031,
        "10" : 14.012240,
        "20" : 40.880601,
        "50" : 1.881335,
        "100" : 0.074439,
        "250" : 0.020916,
        "500" : 0.010000,
        "750" : 0.010000,
        "1000" : 0.010000
      },
      "latency_ms" : {
        "2" : 0.010000,
        "4" : 0.010000,
        "10" : 0.010000,
        "20" : 0.000000,
        "50" : 0.000000,
        "100" : 0.000000,
        "250" : 0.000000,
        "500" : 0.000000,
        "750" : 0.000000,
        "1000" : 0.000000,
        "2000" : 0.000000,
        ">=2000" : 0.000000
      },
      "latency_depth" : 1,
      "latency_target" : 0,
      "latency_percentile" : 100.000000,
      "latency_window" : 0
    }
  ],
  "disk_util" : [
    {
      "name" : "loop6",
      "read_ios" : 15286230,
      "write_ios" : 7673460,
      "read_merges" : 0,
      "write_merges" : 0,
      "read_ticks" : 133176,
      "write_ticks" : 343664,
      "in_queue" : 20,
      "util" : 100.000000
    }
  ]
}
