{
  "fio version" : "fio-3.32-36-g5932",
  "timestamp" : 1664234903,
  "timestamp_ms" : 1664234903004,
  "time" : "Tue Sep 27 01:28:23 2022",
  "global options" : {
    "size" : "32M",
    "rw" : "randrw",
    "bs" : "4K",
    "numjobs" : "1",
    "iodepth" : "1",
    "runtime" : "15",
    "end_fsync" : "1",
    "lat_percentiles" : "1",
    "slat_percentiles" : "1",
    "clat_percentiles" : "1"
  },
  "jobs" : [
    {
      "jobname" : "random-rw",
      "groupid" : 0,
      "error" : 0,
      "eta" : 0,
      "elapsed" : 16,
      "job options" : {
        "name" : "random-rw"
      },
      "read" : {
        "io_bytes" : 2779525120,
        "io_kbytes" : 2714380,
        "bw_bytes" : 185227583,
        "bw" : 180886,
        "iops" : 45221.578035,
        "runtime" : 15006,
        "total_ios" : 678595,
        "short_ios" : 0,
        "drop_ios" : 0,
        "slat_ns" : {
          "min" : 0,
          "max" : 0,
          "mean" : 0.000000,
          "stddev" : 0.000000,
          "N" : 0
        },
        "clat_ns" : {
          "min" : 6510,
          "max" : 8609327,
          "mean" : 14063.194861,
          "stddev" : 23849.043141,
          "N" : 678595,
          "percentile" : {
            "1.000000" : 7072,
            "5.000000" : 10048,
            "10.000000" : 10304,
            "20.000000" : 11200,
            "30.000000" : 11840,
            "40.000000" : 12480,
            "50.000000" : 12864,
            "60.000000" : 13248,
            "70.000000" : 13888,
            "80.000000" : 14784,
            "90.000000" : 19072,
            "95.000000" : 22912,
            "99.000000" : 30592,
            "99.500000" : 40192,
            "99.900000" : 81408,
            "99.950000" : 102912,
            "99.990000" : 317440
          },
          "bins" : {
            "6496" : 1,
            "6560" : 10,
            "6624" : 35,
            "6688" : 99,
            "6752" : 270,
            "6816" : 692,
            "6880" : 1204,
            "6944" : 1550,
            "7008" : 1847,
            "7072" : 2000,
            "7136" : 1993,
            "7200" : 2038,
            "7264" : 1858,
            "7328" : 1536,
            "7392" : 1268,
            "7456" : 890,
            "7520" : 585,
            "7584" : 376,
            "7648" : 254,
            "7712" : 156,
            "7776" : 129,
            "7840" : 143,
            "7904" : 146,
            "7968" : 137,
            "8032" : 154,
            "8096" : 163,
            "8160" : 180,
            "8256" : 266,
            "8384" : 159,
            "8512" : 108,
            "8640" : 57,
            "8768" : 31,
            "8896" : 28,
            "9024" : 28,
            "9152" : 31,
            "9280" : 54,
            "9408" : 49,
            "9536" : 202,
            "9664" : 1182,
            "9792" : 3823,
            "9920" : 7985,
            "10048" : 12595,
            "10176" : 15067,
            "10304" : 14548,
            "10432" : 11368,
            "10560" : 7682,
            "10688" : 5806,
            "10816" : 7030,
            "10944" : 11045,
            "11072" : 15776,
            "11200" : 17706,
            "11328" : 16171,
            "11456" : 12320,
            "11584" : 9213,
            "11712" : 7421,
            "11840" : 6902,
            "11968" : 6391,
            "12096" : 6658,
            "12224" : 10918,
            "12352" : 22009,
            "12480" : 29214,
            "12608" : 27220,
            "12736" : 24413,
            "12864" : 23296,
            "12992" : 21086,
            "13120" : 21108,
            "13248" : 19517,
            "13376" : 16285,
            "13504" : 14803,
            "13632" : 13273,
            "13760" : 12328,
            "13888" : 13158,
            "14016" : 12749,
            "14144" : 9971,
            "14272" : 7768,
            "14400" : 7176,
            "14528" : 6875,
            "14656" : 6771,
            "14784" : 5936,
            "14912" : 4974,
            "15040" : 4385,
            "15168" : 4060,
            "15296" : 3484,
            "15424" : 3052,
            "15552" : 2534,
            "15680" : 2457,
            "15808" : 2204,
            "15936" : 2006,
            "16064" : 1961,
            "16192" : 1883,
            "16320" : 1892,
            "16512" : 3443,
            "16768" : 3262,
            "17024" : 3142,
            "17280" : 3027,
            "17536" : 2929,
            "17792" : 3047,
            "18048" : 2952,
            "18304" : 2965,
            "18560" : 2876,
            "18816" : 3069,
            "19072" : 3048,
            "19328" : 2976,
            "19584" : 2781,
            "19840" : 2661,
            "20096" : 2606,
            "20352" : 2378,
            "20608" : 2448,
            "20864" : 2371,
            "21120" : 2174,
            "21376" : 2200,
            "21632" : 2203,
            "21888" : 2074,
            "22144" : 1902,
            "22400" : 1838,
            "22656" : 1885,
            "22912" : 1802,
            "23168" : 1709,
            "23424" : 1731,
            "23680" : 1566,
            "23936" : 1439,
            "24192" : 1406,
            "24448" : 1338,
            "24704" : 1247,
            "24960" : 1222,
            "25216" : 1122,
            "25472" : 1062,
            "25728" : 1151,
            "25984" : 1096,
            "26240" : 1039,
            "26496" : 961,
            "26752" : 885,
            "27008" : 827,
            "27264" : 759,
            "27520" : 701,
            "27776" : 627,
            "28032" : 578,
            "28288" : 496,
            "28544" : 423,
            "28800" : 360,
            "29056" : 344,
            "29312" : 304,
            "29568" : 315,
            "29824" : 229,
            "30080" : 244,
            "30336" : 232,
            "30592" : 230,
            "30848" : 209,
            "31104" : 232,
            "31360" : 183,
            "31616" : 170,
            "31872" : 165,
            "32128" : 141,
            "32384" : 116,
            "32640" : 116,
            "33024" : 212,
            "33536" : 196,
            "34048" : 163,
            "34560" : 152,
            "35072" : 149,
            "35584" : 148,
            "36096" : 135,
            "36608" : 141,
            "37120" : 115,
            "37632" : 115,
            "38144" : 118,
            "38656" : 96,
            "39168" : 110,
            "39680" : 101,
            "40192" : 107,
            "40704" : 86,
            "41216" : 92,
            "41728" : 80,
            "42240" : 81,
            "42752" : 80,
            "43264" : 80,
            "43776" : 90,
            "44288" : 86,
            "44800" : 62,
            "45312" : 65,
            "45824" : 62,
            "46336" : 51,
            "46848" : 37,
            "47360" : 65,
            "47872" : 59,
            "48384" : 52,
            "48896" : 39,
            "49408" : 39,
            "49920" : 34,
            "50432" : 29,
            "50944" : 32,
            "51456" : 53,
            "51968" : 43,
            "52480" : 43,
            "52992" : 29,
            "53504" : 23,
            "54016" : 20,
            "54528" : 33,
            "55040" : 26,
            "55552" : 17,
            "56064" : 30,
            "56576" : 27,
            "57088" : 34,
            "57600" : 25,
            "58112" : 14,
            "58624" : 26,
            "59136" : 25,
            "59648" : 27,
            "60160" : 33,
            "60672" : 58,
            "61184" : 51,
            "61696" : 54,
            "62208" : 35,
            "62720" : 21,
            "63232" : 23,
            "63744" : 24,
            "64256" : 15,
            "64768" : 12,
            "65280" : 15,
            "66048" : 31,
            "67072" : 39,
            "68096" : 42,
            "69120" : 46,
            "70144" : 40,
            "71168" : 39,
            "72192" : 37,
            "73216" : 32,
            "74240" : 28,
            "75264" : 33,
            "76288" : 22,
            "77312" : 27,
            "78336" : 29,
            "79360" : 26,
            "80384" : 23,
            "81408" : 25,
            "82432" : 20,
            "83456" : 31,
            "84480" : 30,
            "85504" : 20,
            "86528" : 22,
            "87552" : 33,
            "88576" : 21,
            "89600" : 18,
            "90624" : 17,
            "91648" : 19,
            "92672" : 20,
            "93696" : 10,
            "94720" : 13,
            "95744" : 9,
            "96768" : 9,
            "97792" : 7,
            "98816" : 7,
            "99840" : 4,
            "100864" : 7,
            "101888" : 6,
            "102912" : 9,
            "103936" : 9,
            "104960" : 14,
            "105984" : 10,
            "107008" : 15,
            "108032" : 9,
            "109056" : 15,
            "110080" : 8,
            "111104" : 12,
            "112128" : 7,
            "113152" : 5,
            "114176" : 7,
            "115200" : 3,
            "116224" : 1,
            "117248" : 6,
            "118272" : 3,
            "119296" : 5,
            "120320" : 4,
            "121344" : 4,
            "122368" : 1,
            "123392" : 2,
            "124416" : 3,
            "125440" : 3,
            "126464" : 5,
            "127488" : 1,
            "128512" : 4,
            "129536" : 1,
            "130560" : 4,
            "132096" : 3,
            "134144" : 4,
            "136192" : 5,
            "138240" : 3,
            "140288" : 4,
            "142336" : 4,
            "144384" : 2,
            "146432" : 4,
            "148480" : 1,
            "150528" : 3,
            "152576" : 2,
            "158720" : 1,
            "160768" : 3,
            "162816" : 4,
            "164864" : 2,
            "166912" : 2,
            "168960" : 1,
            "171008" : 4,
            "173056" : 2,
            "175104" : 2,
            "179200" : 1,
            "181248" : 1,
            "187392" : 1,
            "191488" : 2,
            "193536" : 1,
            "195584" : 1,
            "197632" : 2,
            "201728" : 2,
            "205824" : 1,
            "211968" : 2,
            "214016" : 1,
            "216064" : 1,
            "218112" : 1,
            "220160" : 1,
            "228352" : 1,
            "230400" : 1,
            "232448" : 3,
            "234496" : 1,
            "236544" : 2,
            "238592" : 2,
            "242688" : 1,
            "248832" : 1,
            "259072" : 2,
            "261120" : 1,
            "272384" : 3,
            "276480" : 3,
            "280576" : 2,
            "288768" : 1,
            "296960" : 2,
            "305152" : 2,
            "309248" : 1,
            "313344" : 1,
            "317440" : 3,
            "325632" : 1,
            "333824" : 1,
            "337920" : 1,
            "342016" : 2,
            "346112" : 1,
            "350208" : 1,
            "354304" : 2,
            "358400" : 1,
            "378880" : 1,
            "403456" : 1,
            "411648" : 1,
            "415744" : 2,
            "432128" : 2,
            "436224" : 1,
            "444416" : 1,
            "448512" : 1,
            "452608" : 1,
            "468992" : 1,
            "489472" : 2,
            "501760" : 2,
            "505856" : 2,
            "514048" : 3,
            "518144" : 1,
            "528384" : 1,
            "536576" : 1,
            "552960" : 1,
            "577536" : 1,
            "602112" : 1,
            "634880" : 1,
            "659456" : 1,
            "667648" : 1,
            "675840" : 1,
            "708608" : 1,
            "798720" : 1,
            "856064" : 1,
            "954368" : 1,
            "978944" : 1,
            "1044480" : 1,
            "1220608" : 1,
            "1269760" : 1,
            "1449984" : 1,
            "1990656" : 1,
            "3063808" : 1,
            "3096576" : 1,
            "3129344" : 1,
            "3227648" : 1,
            "3424256" : 1,
            "3653632" : 1,
            "4112384" : 1,
            "4145152" : 1,
            "4358144" : 1,
            "4423680" : 2,
            "6782976" : 1,
            "8093696" : 1,
            "8585216" : 1
          }
        },
        "lat_ns" : {
          "min" : 6577,
          "max" : 8609493,
          "mean" : 14139.711718,
          "stddev" : 23861.286429,
          "N" : 678595,
          "percentile" : {
            "1.000000" : 7136,
            "5.000000" : 10048,
            "10.000000" : 10304,
            "20.000000" : 11200,
            "30.000000" : 11968,
            "40.000000" : 12608,
            "50.000000" : 12864,
            "60.000000" : 13376,
            "70.000000" : 13888,
            "80.000000" : 14912,
            "90.000000" : 19328,
            "95.000000" : 22912,
            "99.000000" : 30848,
            "99.500000" : 40192,
            "99.900000" : 81408,
            "99.950000" : 102912,
            "99.990000" : 317440
          },
          "bins" : {
            "6560" : 1,
            "6624" : 9,
            "6688" : 28,
            "6752" : 87,
            "6816" : 245,
            "6880" : 653,
            "6944" : 1166,
            "7008" : 1572,
            "7072" : 1895,
            "7136" : 2133,
            "7200" : 2181,
            "7264" : 2064,
            "7328" : 1896,
            "7392" : 1519,
            "7456" : 1184,
            "7520" : 812,
            "7584" : 523,
            "7648" : 350,
            "7712" : 229,
            "7776" : 130,
            "7840" : 126,
            "7904" : 134,
            "7968" : 140,
            "8032" : 139,
            "8096" : 162,
            "8160" : 176,
            "8256" : 328,
            "8384" : 197,
            "8512" : 131,
            "8640" : 65,
            "8768" : 44,
            "8896" : 26,
            "9024" : 33,
            "9152" : 27,
            "9280" : 47,
            "9408" : 50,
            "9536" : 51,
            "9664" : 334,
            "9792" : 1799,
            "9920" : 5186,
            "10048" : 10046,
            "10176" : 14416,
            "10304" : 16109,
            "10432" : 13838,
            "10560" : 9601,
            "10688" : 6023,
            "10816" : 5272,
            "10944" : 8090,
            "11072" : 13216,
            "11200" : 17659,
            "11328" : 18160,
            "11456" : 14888,
            "11584" : 10441,
            "11712" : 8002,
            "11840" : 6845,
            "11968" : 6759,
            "12096" : 6475,
            "12224" : 7924,
            "12352" : 14509,
            "12480" : 25199,
            "12608" : 29764,
            "12736" : 27398,
            "12864" : 25686,
            "12992" : 22272,
            "13120" : 20177,
            "13248" : 19699,
            "13376" : 17738,
            "13504" : 15678,
            "13632" : 14614,
            "13760" : 12536,
            "13888" : 12173,
            "14016" : 12589,
            "14144" : 11826,
            "14272" : 9057,
            "14400" : 7656,
            "14528" : 6887,
            "14656" : 6535,
            "14784" : 6353,
            "14912" : 5595,
            "15040" : 4750,
            "15168" : 4350,
            "15296" : 3740,
            "15424" : 3271,
            "15552" : 2713,
            "15680" : 2408,
            "15808" : 2340,
            "15936" : 2100,
            "16064" : 1970,
            "16192" : 1887,
            "16320" : 1921,
            "16512" : 3537,
            "16768" : 3305,
            "17024" : 3034,
            "17280" : 3101,
            "17536" : 2892,
            "17792" : 2964,
            "18048" : 2918,
            "18304" : 2952,
            "18560" : 2873,
            "18816" : 2960,
            "19072" : 3028,
            "19328" : 3019,
            "19584" : 2964,
            "19840" : 2683,
            "20096" : 2571,
            "20352" : 2557,
            "20608" : 2348,
            "20864" : 2425,
            "21120" : 2258,
            "21376" : 2160,
            "21632" : 2239,
            "21888" : 2104,
            "22144" : 2009,
            "22400" : 1782,
            "22656" : 1869,
            "22912" : 1825,
            "23168" : 1792,
            "23424" : 1708,
            "23680" : 1632,
            "23936" : 1461,
            "24192" : 1429,
            "24448" : 1382,
            "24704" : 1299,
            "24960" : 1206,
            "25216" : 1186,
            "25472" : 1070,
            "25728" : 1112,
            "25984" : 1106,
            "26240" : 1082,
            "26496" : 979,
            "26752" : 937,
            "27008" : 874,
            "27264" : 802,
            "27520" : 708,
            "27776" : 676,
            "28032" : 596,
            "28288" : 539,
            "28544" : 443,
            "28800" : 402,
            "29056" : 331,
            "29312" : 336,
            "29568" : 302,
            "29824" : 276,
            "30080" : 218,
            "30336" : 246,
            "30592" : 244,
            "30848" : 209,
            "31104" : 228,
            "31360" : 205,
            "31616" : 180,
            "31872" : 170,
            "32128" : 148,
            "32384" : 136,
            "32640" : 111,
            "33024" : 213,
            "33536" : 199,
            "34048" : 170,
            "34560" : 157,
            "35072" : 153,
            "35584" : 137,
            "36096" : 132,
            "36608" : 150,
            "37120" : 120,
            "37632" : 122,
            "38144" : 120,
            "38656" : 91,
            "39168" : 113,
            "39680" : 92,
            "40192" : 113,
            "40704" : 89,
            "41216" : 91,
            "41728" : 85,
            "42240" : 86,
            "42752" : 74,
            "43264" : 73,
            "43776" : 94,
            "44288" : 86,
            "44800" : 70,
            "45312" : 53,
            "45824" : 73,
            "46336" : 53,
            "46848" : 39,
            "47360" : 60,
            "47872" : 63,
            "48384" : 46,
            "48896" : 44,
            "49408" : 39,
            "49920" : 37,
            "50432" : 30,
            "50944" : 29,
            "51456" : 44,
            "51968" : 47,
            "52480" : 42,
            "52992" : 40,
            "53504" : 17,
            "54016" : 21,
            "54528" : 30,
            "55040" : 32,
            "55552" : 14,
            "56064" : 29,
            "56576" : 24,
            "57088" : 36,
            "57600" : 24,
            "58112" : 13,
            "58624" : 32,
            "59136" : 27,
            "59648" : 24,
            "60160" : 32,
            "60672" : 47,
            "61184" : 51,
            "61696" : 59,
            "62208" : 38,
            "62720" : 21,
            "63232" : 28,
            "63744" : 26,
            "64256" : 11,
            "64768" : 12,
            "65280" : 15,
            "66048" : 33,
            "67072" : 38,
            "68096" : 40,
            "69120" : 49,
            "70144" : 38,
            "71168" : 41,
            "72192" : 38,
            "73216" : 32,
            "74240" : 27,
            "75264" : 32,
            "76288" : 28,
            "77312" : 26,
            "78336" : 27,
            "79360" : 29,
            "80384" : 20,
            "81408" : 26,
            "82432" : 20,
            "83456" : 28,
            "84480" : 33,
            "85504" : 24,
            "86528" : 21,
            "87552" : 29,
            "88576" : 25,
            "89600" : 18,
            "90624" : 18,
            "91648" : 21,
            "92672" : 16,
            "93696" : 13,
            "94720" : 11,
            "95744" : 12,
            "96768" : 8,
            "97792" : 8,
            "98816" : 6,
            "99840" : 5,
            "100864" : 7,
            "101888" : 6,
            "102912" : 9,
            "103936" : 9,
            "104960" : 14,
            "105984" : 10,
            "107008" : 14,
            "108032" : 9,
            "109056" : 17,
            "110080" : 7,
            "111104" : 11,
            "112128" : 8,
            "113152" : 6,
            "114176" : 6,
            "115200" : 4,
            "116224" : 1,
            "117248" : 4,
            "118272" : 3,
            "119296" : 7,
            "120320" : 4,
            "121344" : 2,
            "122368" : 1,
            "123392" : 4,
            "124416" : 3,
            "125440" : 3,
            "126464" : 5,
            "127488" : 1,
            "128512" : 4,
            "129536" : 1,
            "130560" : 4,
            "132096" : 2,
            "134144" : 6,
            "136192" : 5,
            "138240" : 3,
            "140288" : 4,
            "142336" : 4,
            "144384" : 2,
            "146432" : 4,
            "148480" : 1,
            "150528" : 3,
            "152576" : 2,
            "158720" : 1,
            "160768" : 3,
            "162816" : 3,
            "164864" : 2,
            "166912" : 3,
            "168960" : 1,
            "171008" : 4,
            "173056" : 2,
            "175104" : 1,
            "177152" : 1,
            "179200" : 1,
            "183296" : 1,
            "187392" : 1,
            "191488" : 2,
            "193536" : 1,
            "195584" : 1,
            "197632" : 2,
            "201728" : 2,
            "205824" : 1,
            "211968" : 2,
            "214016" : 1,
            "216064" : 1,
            "218112" : 1,
            "220160" : 1,
            "228352" : 1,
            "230400" : 1,
            "232448" : 3,
            "234496" : 1,
            "236544" : 2,
            "238592" : 2,
            "242688" : 1,
            "248832" : 1,
            "259072" : 2,
            "261120" : 1,
            "272384" : 3,
            "276480" : 3,
            "280576" : 2,
            "288768" : 1,
            "296960" : 2,
            "305152" : 2,
            "309248" : 1,
            "313344" : 1,
            "317440" : 3,
            "329728" : 1,
            "333824" : 1,
            "337920" : 1,
            "342016" : 2,
            "346112" : 1,
            "350208" : 1,
            "354304" : 2,
            "358400" : 1,
            "378880" : 1,
            "403456" : 1,
            "411648" : 1,
            "415744" : 2,
            "432128" : 2,
            "436224" : 1,
            "444416" : 1,
            "448512" : 1,
            "452608" : 1,
            "468992" : 1,
            "489472" : 2,
            "501760" : 2,
            "505856" : 2,
            "514048" : 3,
            "518144" : 1,
            "522240" : 1,
            "528384" : 1,
            "536576" : 1,
            "552960" : 1,
            "577536" : 1,
            "602112" : 1,
            "634880" : 1,
            "659456" : 1,
            "667648" : 1,
            "675840" : 1,
            "708608" : 1,
            "798720" : 1,
            "856064" : 1,
            "954368" : 1,
            "978944" : 1,
            "1044480" : 1,
            "1220608" : 1,
            "1269760" : 1,
            "1449984" : 1,
            "1990656" : 1,
            "3063808" : 1,
            "3096576" : 1,
            "3129344" : 1,
            "3227648" : 1,
            "3424256" : 1,
            "3653632" : 1,
            "4112384" : 1,
            "4145152" : 1,
            "4358144" : 1,
            "4423680" : 2,
            "6782976" : 1,
            "8093696" : 1,
            "8585216" : 1
          }
        },
        "bw_min" : 127608,
        "bw_max" : 206992,
        "bw_agg" : 100.000000,
        "bw_mean" : 181374.896552,
        "bw_dev" : 18338.752439,
        "bw_samples" : 29,
        "iops_min" : 31902,
        "iops_max" : 51748,
        "iops_mean" : 45343.724138,
        "iops_stddev" : 4584.688110,
        "iops_samples" : 29
      },
      "write" : {
        "io_bytes" : 2776072192,
        "io_kbytes" : 2711008,
        "bw_bytes" : 184997480,
        "bw" : 180661,
        "iops" : 45165.400506,
        "runtime" : 15006,
        "total_ios" : 677752,
        "short_ios" : 0,
        "drop_ios" : 0,
        "slat_ns" : {
          "min" : 0,
          "max" : 0,
          "mean" : 0.000000,
          "stddev" : 0.000000,
          "N" : 0
        },
        "clat_ns" : {
          "min" : 2194,
          "max" : 2114212,
          "mean" : 3430.351202,
          "stddev" : 3142.451505,
          "N" : 677752,
          "percentile" : {
            "1.000000" : 2288,
            "5.000000" : 2352,
            "10.000000" : 2384,
            "20.000000" : 2448,
            "30.000000" : 2640,
            "40.000000" : 3088,
            "50.000000" : 3184,
            "60.000000" : 3248,
            "70.000000" : 3440,
            "80.000000" : 3888,
            "90.000000" : 4768,
            "95.000000" : 5920,
            "99.000000" : 7904,
            "99.500000" : 9408,
            "99.900000" : 18304,
            "99.950000" : 22912,
            "99.990000" : 49920
          },
          "bins" : {
            "2192" : 7,
            "2224" : 341,
            "2256" : 2211,
            "2288" : 5497,
            "2320" : 13577,
            "2352" : 26137,
            "2384" : 36572,
            "2416" : 37638,
            "2448" : 28907,
            "2480" : 19892,
            "2512" : 13000,
            "2544" : 8564,
            "2576" : 5931,
            "2608" : 4325,
            "2640" : 3361,
            "2672" : 2691,
            "2704" : 2080,
            "2736" : 1709,
            "2768" : 1511,
            "2800" : 1582,
            "2832" : 1854,
            "2864" : 2304,
            "2896" : 2847,
            "2928" : 3583,
            "2960" : 5007,
            "2992" : 7476,
            "3024" : 10580,
            "3056" : 15044,
            "3088" : 19304,
            "3120" : 23518,
            "3152" : 26432,
            "3184" : 26561,
            "3216" : 25508,
            "3248" : 23005,
            "3280" : 19668,
            "3312" : 15993,
            "3344" : 12302,
            "3376" : 9567,
            "3408" : 7246,
            "3440" : 5773,
            "3472" : 4827,
            "3504" : 4187,
            "3536" : 3613,
            "3568" : 3182,
            "3600" : 3067,
            "3632" : 3039,
            "3664" : 3587,
            "3696" : 4404,
            "3728" : 5125,
            "3760" : 5995,
            "3792" : 6838,
            "3824" : 7014,
            "3856" : 7231,
            "3888" : 6554,
            "3920" : 6121,
            "3952" : 5650,
            "3984" : 5103,
            "4016" : 4499,
            "4048" : 4109,
            "4080" : 3826,
            "4128" : 6646,
            "4192" : 5099,
            "4256" : 3870,
            "4320" : 3109,
            "4384" : 2543,
            "4448" : 2287,
            "4512" : 2159,
            "4576" : 2017,
            "4640" : 2262,
            "4704" : 2358,
            "4768" : 2496,
            "4832" : 2465,
            "4896" : 2404,
            "4960" : 2218,
            "5024" : 2099,
            "5088" : 2079,
            "5152" : 1995,
            "5216" : 1907,
            "5280" : 1887,
            "5344" : 1737,
            "5408" : 1782,
            "5472" : 1685,
            "5536" : 1669,
            "5600" : 1531,
            "5664" : 1424,
            "5728" : 1445,
            "5792" : 1457,
            "5856" : 1432,
            "5920" : 1469,
            "5984" : 1478,
            "6048" : 1335,
            "6112" : 1298,
            "6176" : 1265,
            "6240" : 1167,
            "6304" : 1182,
            "6368" : 1171,
            "6432" : 1060,
            "6496" : 1114,
            "6560" : 1112,
            "6624" : 1118,
            "6688" : 1204,
            "6752" : 1120,
            "6816" : 1075,
            "6880" : 960,
            "6944" : 864,
            "7008" : 784,
            "7072" : 770,
            "7136" : 664,
            "7200" : 665,
            "7264" : 560,
            "7328" : 564,
            "7392" : 546,
            "7456" : 497,
            "7520" : 471,
            "7584" : 461,
            "7648" : 422,
            "7712" : 403,
            "7776" : 385,
            "7840" : 365,
            "7904" : 317,
            "7968" : 303,
            "8032" : 285,
            "8096" : 244,
            "8160" : 220,
            "8256" : 425,
            "8384" : 360,
            "8512" : 314,
            "8640" : 242,
            "8768" : 240,
            "8896" : 192,
            "9024" : 175,
            "9152" : 177,
            "9280" : 152,
            "9408" : 132,
            "9536" : 139,
            "9664" : 110,
            "9792" : 106,
            "9920" : 119,
            "10048" : 77,
            "10176" : 78,
            "10304" : 68,
            "10432" : 68,
            "10560" : 63,
            "10688" : 56,
            "10816" : 51,
            "10944" : 54,
            "11072" : 58,
            "11200" : 44,
            "11328" : 38,
            "11456" : 47,
            "11584" : 46,
            "11712" : 39,
            "11840" : 54,
            "11968" : 31,
            "12096" : 38,
            "12224" : 40,
            "12352" : 37,
            "12480" : 44,
            "12608" : 31,
            "12736" : 35,
            "12864" : 39,
            "12992" : 26,
            "13120" : 25,
            "13248" : 42,
            "13376" : 31,
            "13504" : 37,
            "13632" : 27,
            "13760" : 34,
            "13888" : 20,
            "14016" : 19,
            "14144" : 20,
            "14272" : 30,
            "14400" : 29,
            "14528" : 19,
            "14656" : 11,
            "14784" : 24,
            "14912" : 15,
            "15040" : 12,
            "15168" : 13,
            "15296" : 15,
            "15424" : 19,
            "15552" : 15,
            "15680" : 20,
            "15808" : 19,
            "15936" : 17,
            "16064" : 10,
            "16192" : 19,
            "16320" : 20,
            "16512" : 66,
            "16768" : 58,
            "17024" : 41,
            "17280" : 37,
            "17536" : 57,
            "17792" : 72,
            "18048" : 58,
            "18304" : 42,
            "18560" : 48,
            "18816" : 39,
            "19072" : 22,
            "19328" : 25,
            "19584" : 22,
            "19840" : 24,
            "20096" : 18,
            "20352" : 18,
            "20608" : 12,
            "20864" : 8,
            "21120" : 12,
            "21376" : 15,
            "21632" : 10,
            "21888" : 11,
            "22144" : 12,
            "22400" : 7,
            "22656" : 4,
            "22912" : 14,
            "23168" : 12,
            "23424" : 9,
            "23680" : 6,
            "23936" : 7,
            "24192" : 4,
            "24448" : 10,
            "24704" : 4,
            "24960" : 7,
            "25216" : 3,
            "25472" : 1,
            "25728" : 5,
            "25984" : 11,
            "26240" : 6,
            "26496" : 4,
            "26752" : 9,
            "27008" : 4,
            "27264" : 5,
            "27520" : 4,
            "27776" : 6,
            "28032" : 2,
            "28288" : 4,
            "28544" : 1,
            "28800" : 2,
            "29056" : 3,
            "29312" : 1,
            "29568" : 6,
            "29824" : 4,
            "30080" : 6,
            "30336" : 1,
            "30592" : 5,
            "30848" : 3,
            "31104" : 4,
            "31360" : 1,
            "31616" : 4,
            "31872" : 3,
            "32128" : 6,
            "32384" : 5,
            "32640" : 2,
            "33024" : 6,
            "33536" : 3,
            "34048" : 7,
            "34560" : 1,
            "35072" : 4,
            "35584" : 3,
            "36096" : 6,
            "36608" : 1,
            "37120" : 6,
            "37632" : 2,
            "38144" : 5,
            "38656" : 3,
            "39168" : 4,
            "39680" : 1,
            "40192" : 6,
            "40704" : 2,
            "41216" : 2,
            "41728" : 1,
            "42240" : 1,
            "42752" : 2,
            "43264" : 1,
            "44288" : 4,
            "45312" : 1,
            "45824" : 2,
            "46336" : 2,
            "46848" : 1,
            "47360" : 1,
            "47872" : 5,
            "48384" : 1,
            "48896" : 2,
            "49920" : 4,
            "50432" : 3,
            "51456" : 1,
            "51968" : 1,
            "52480" : 2,
            "52992" : 5,
            "55040" : 3,
            "57088" : 1,
            "57600" : 1,
            "58112" : 1,
            "59136" : 1,
            "59648" : 2,
            "60160" : 1,
            "62720" : 1,
            "63232" : 1,
            "64768" : 1,
            "65280" : 1,
            "66048" : 1,
            "67072" : 1,
            "68096" : 2,
            "69120" : 2,
            "70144" : 3,
            "72192" : 3,
            "73216" : 1,
            "75264" : 2,
            "76288" : 1,
            "77312" : 2,
            "79360" : 1,
            "81408" : 1,
            "82432" : 2,
            "83456" : 2,
            "86528" : 1,
            "90624" : 1,
            "91648" : 2,
            "102912" : 1,
            "108032" : 1,
            "114176" : 1,
            "123392" : 1,
            "126464" : 1,
            "127488" : 1,
            "128512" : 1,
            "132096" : 1,
            "146432" : 1,
            "160768" : 1,
            "240640" : 1,
            "684032" : 1,
            "2113536" : 1
          }
        },
        "lat_ns" : {
          "min" : 2242,
          "max" : 2114370,
          "mean" : 3526.027281,
          "stddev" : 3159.612918,
          "N" : 677752,
          "percentile" : {
            "1.000000" : 2352,
            "5.000000" : 2416,
            "10.000000" : 2448,
            "20.000000" : 2512,
            "30.000000" : 2672,
            "40.000000" : 3184,
            "50.000000" : 3280,
            "60.000000" : 3376,
            "70.000000" : 3536,
            "80.000000" : 3984,
            "90.000000" : 4896,
            "95.000000" : 6048,
            "99.000000" : 8160,
            "99.500000" : 9664,
            "99.900000" : 18560,
            "99.950000" : 23680,
            "99.990000" : 51456
          },
          "bins" : {
            "2256" : 84,
            "2288" : 989,
            "2320" : 2992,
            "2352" : 8006,
            "2384" : 16952,
            "2416" : 29109,
            "2448" : 35662,
            "2480" : 34433,
            "2512" : 26789,
            "2544" : 18422,
            "2576" : 12223,
            "2608" : 8007,
            "2640" : 5596,
            "2672" : 4144,
            "2704" : 3190,
            "2736" : 2535,
            "2768" : 1951,
            "2800" : 1665,
            "2832" : 1437,
            "2864" : 1550,
            "2896" : 1848,
            "2928" : 2142,
            "2960" : 2765,
            "2992" : 3772,
            "3024" : 5286,
            "3056" : 6712,
            "3088" : 8079,
            "3120" : 8791,
            "3152" : 10544,
            "3184" : 13734,
            "3216" : 18484,
            "3248" : 22912,
            "3280" : 25863,
            "3312" : 26270,
            "3344" : 24945,
            "3376" : 22192,
            "3408" : 18122,
            "3440" : 14189,
            "3472" : 10771,
            "3504" : 8258,
            "3536" : 6548,
            "3568" : 5148,
            "3600" : 4394,
            "3632" : 3746,
            "3664" : 3277,
            "3696" : 3045,
            "3728" : 2913,
            "3760" : 3257,
            "3792" : 3786,
            "3824" : 4616,
            "3856" : 5410,
            "3888" : 6339,
            "3920" : 6998,
            "3952" : 7035,
            "3984" : 6884,
            "4016" : 6517,
            "4048" : 5890,
            "4080" : 5228,
            "4128" : 8824,
            "4192" : 7447,
            "4256" : 6172,
            "4320" : 4780,
            "4384" : 3690,
            "4448" : 3043,
            "4512" : 2510,
            "4576" : 2193,
            "4640" : 2050,
            "4704" : 2053,
            "4768" : 2173,
            "4832" : 2251,
            "4896" : 2383,
            "4960" : 2335,
            "5024" : 2219,
            "5088" : 2158,
            "5152" : 2036,
            "5216" : 2086,
            "5280" : 1915,
            "5344" : 1899,
            "5408" : 1810,
            "5472" : 1781,
            "5536" : 1608,
            "5600" : 1598,
            "5664" : 1596,
            "5728" : 1477,
            "5792" : 1459,
            "5856" : 1433,
            "5920" : 1561,
            "5984" : 1519,
            "6048" : 1535,
            "6112" : 1380,
            "6176" : 1333,
            "6240" : 1317,
            "6304" : 1217,
            "6368" : 1177,
            "6432" : 1109,
            "6496" : 1067,
            "6560" : 1118,
            "6624" : 1073,
            "6688" : 1094,
            "6752" : 1133,
            "6816" : 1178,
            "6880" : 1187,
            "6944" : 1090,
            "7008" : 1039,
            "7072" : 887,
            "7136" : 827,
            "7200" : 757,
            "7264" : 707,
            "7328" : 703,
            "7392" : 558,
            "7456" : 598,
            "7520" : 565,
            "7584" : 503,
            "7648" : 504,
            "7712" : 461,
            "7776" : 436,
            "7840" : 427,
            "7904" : 380,
            "7968" : 369,
            "8032" : 367,
            "8096" : 347,
            "8160" : 261,
            "8256" : 566,
            "8384" : 427,
            "8512" : 388,
            "8640" : 358,
            "8768" : 258,
            "8896" : 229,
            "9024" : 237,
            "9152" : 193,
            "9280" : 174,
            "9408" : 156,
            "9536" : 156,
            "9664" : 125,
            "9792" : 138,
            "9920" : 113,
            "10048" : 108,
            "10176" : 95,
            "10304" : 79,
            "10432" : 80,
            "10560" : 63,
            "10688" : 70,
            "10816" : 57,
            "10944" : 56,
            "11072" : 51,
            "11200" : 62,
            "11328" : 52,
            "11456" : 39,
            "11584" : 43,
            "11712" : 51,
            "11840" : 41,
            "11968" : 50,
            "12096" : 32,
            "12224" : 44,
            "12352" : 43,
            "12480" : 35,
            "12608" : 41,
            "12736" : 39,
            "12864" : 38,
            "12992" : 31,
            "13120" : 34,
            "13248" : 36,
            "13376" : 40,
            "13504" : 33,
            "13632" : 31,
            "13760" : 33,
            "13888" : 30,
            "14016" : 25,
            "14144" : 24,
            "14272" : 14,
            "14400" : 29,
            "14528" : 29,
            "14656" : 23,
            "14784" : 13,
            "14912" : 22,
            "15040" : 13,
            "15168" : 15,
            "15296" : 14,
            "15424" : 14,
            "15552" : 22,
            "15680" : 16,
            "15808" : 17,
            "15936" : 19,
            "16064" : 21,
            "16192" : 15,
            "16320" : 17,
            "16512" : 53,
            "16768" : 71,
            "17024" : 39,
            "17280" : 37,
            "17536" : 37,
            "17792" : 68,
            "18048" : 71,
            "18304" : 47,
            "18560" : 45,
            "18816" : 41,
            "19072" : 28,
            "19328" : 26,
            "19584" : 21,
            "19840" : 22,
            "20096" : 23,
            "20352" : 20,
            "20608" : 17,
            "20864" : 12,
            "21120" : 11,
            "21376" : 15,
            "21632" : 8,
            "21888" : 12,
            "22144" : 12,
            "22400" : 13,
            "22656" : 6,
            "22912" : 5,
            "23168" : 14,
            "23424" : 12,
            "23680" : 8,
            "23936" : 10,
            "24192" : 4,
            "24448" : 8,
            "24704" : 9,
            "24960" : 4,
            "25216" : 6,
            "25472" : 1,
            "25728" : 9,
            "25984" : 8,
            "26240" : 9,
            "26496" : 5,
            "26752" : 6,
            "27008" : 8,
            "27264" : 4,
            "27520" : 4,
            "27776" : 3,
            "28032" : 5,
            "28288" : 4,
            "28544" : 3,
            "28800" : 1,
            "29056" : 5,
            "29312" : 1,
            "29568" : 5,
            "29824" : 1,
            "30080" : 4,
            "30336" : 4,
            "30592" : 3,
            "30848" : 3,
            "31104" : 5,
            "31360" : 2,
            "31616" : 5,
            "31872" : 1,
            "32128" : 4,
            "32384" : 4,
            "32640" : 7,
            "33024" : 6,
            "33536" : 5,
            "34048" : 6,
            "34560" : 4,
            "35072" : 4,
            "35584" : 3,
            "36096" : 4,
            "36608" : 3,
            "37120" : 6,
            "37632" : 3,
            "38144" : 2,
            "38656" : 6,
            "39168" : 5,
            "39680" : 2,
            "40192" : 4,
            "40704" : 4,
            "41216" : 1,
            "41728" : 1,
            "42240" : 1,
            "42752" : 1,
            "43264" : 2,
            "43776" : 1,
            "44288" : 3,
            "45312" : 1,
            "45824" : 3,
            "46336" : 1,
            "46848" : 2,
            "47360" : 1,
            "47872" : 4,
            "48384" : 2,
            "48896" : 2,
            "49920" : 3,
            "50432" : 3,
            "51456" : 1,
            "51968" : 1,
            "52480" : 4,
            "52992" : 4,
            "53504" : 2,
            "55040" : 1,
            "55552" : 2,
            "57088" : 1,
            "57600" : 1,
            "58624" : 1,
            "59648" : 2,
            "60672" : 1,
            "61696" : 1,
            "62720" : 1,
            "63232" : 1,
            "64768" : 1,
            "65280" : 1,
            "66048" : 1,
            "67072" : 1,
            "68096" : 2,
            "69120" : 2,
            "70144" : 3,
            "72192" : 4,
            "73216" : 1,
            "75264" : 2,
            "76288" : 1,
            "77312" : 1,
            "78336" : 1,
            "79360" : 1,
            "81408" : 1,
            "82432" : 2,
            "83456" : 2,
            "86528" : 1,
            "90624" : 1,
            "91648" : 2,
            "102912" : 1,
            "108032" : 1,
            "114176" : 1,
            "123392" : 1,
            "126464" : 1,
            "127488" : 1,
            "129536" : 1,
            "132096" : 1,
            "146432" : 1,
            "160768" : 1,
            "240640" : 1,
            "684032" : 1,
            "2113536" : 1
          }
        },
        "bw_min" : 125832,
        "bw_max" : 209944,
        "bw_agg" : 100.000000,
        "bw_mean" : 181189.517241,
        "bw_dev" : 18689.174266,
        "bw_samples" : 29,
        "iops_min" : 31458,
        "iops_max" : 52486,
        "iops_mean" : 45297.379310,
        "iops_stddev" : 4672.293567,
        "iops_samples" : 29
      },
      "trim" : {
        "io_bytes" : 0,
        "io_kbytes" : 0,
        "bw_bytes" : 0,
        "bw" : 0,
        "iops" : 0.000000,
        "runtime" : 0,
        "total_ios" : 0,
        "short_ios" : 0,
        "drop_ios" : 0,
        "slat_ns" : {
          "min" : 0,
          "max" : 0,
          "mean" : 0.000000,
          "stddev" : 0.000000,
          "N" : 0
        },
        "clat_ns" : {
          "min" : 0,
          "max" : 0,
          "mean" : 0.000000,
          "stddev" : 0.000000,
          "N" : 0
        },
        "lat_ns" : {
          "min" : 0,
          "max" : 0,
          "mean" : 0.000000,
          "stddev" : 0.000000,
          "N" : 0
        },
        "bw_min" : 0,
        "bw_max" : 0,
        "bw_agg" : 0.000000,
        "bw_mean" : 0.000000,
        "bw_dev" : 0.000000,
        "bw_samples" : 0,
        "iops_min" : 0,
        "iops_max" : 0,
        "iops_mean" : 0.000000,
        "iops_stddev" : 0.000000,
        "iops_samples" : 0
      },
      "sync" : {
        "total_ios" : 0,
        "lat_ns" : {
          "min" : 0,
          "max" : 0,
          "mean" : 0.000000,
          "stddev" : 0.000000,
          "N" : 0
        }
      },
      "job_runtime" : 15005,
      "usr_cpu" : 11.769410,
      "sys_cpu" : 61.846051,
      "ctx" : 679963,
      "majf" : 0,
      "minf" : 18,
      "iodepth_level" : {
        "1" : 100.000000,
        "2" : 0.000000,
        "4" : 0.000000,
        "8" : 0.000000,
        "16" : 0.000000,
        "32" : 0.000000,
        ">=64" : 0.000000
      },
      "iodepth_submit" : {
        "0" : 0.000000,
        "4" : 100.000000,
        "8" : 0.000000,
        "16" : 0.000000,
        "32" : 0.000000,
        "64" : 0.000000,
        ">=64" : 0.000000
      },
      "iodepth_complete" : {
        "0" : 0.000000,
        "4" : 100.000000,
        "8" : 0.000000,
        "16" : 0.000000,
        "32" : 0.000000,
        "64" : 0.000000,
        ">=64" : 0.000000
      },
      "latency_ns" : {
        "2" : 0.000000,
        "4" : 0.000000,
        "10" : 0.000000,
        "20" : 0.000000,
        "50" : 0.000000,
        "100" : 0.000000,
        "250" : 0.000000,
        "500" : 0.000000,
        "750" : 0.000000,
        "1000" : 0.000000
      },
      "latency_us" : {
        "2" : 0.000000,
        "4" : 41.629612,
        "10" : 10.716874,
        "20" : 43.347388,
        "50" : 4.146948,
        "100" : 0.132046,
        "250" : 0.020644,
        "500" : 0.010000,
        "750" : 0.010000,
        "1000" : 0.010000
      },
      "latency_ms" : {
        "2" : 0.010000,
        "4" : 0.010000,
        "10" : 0.010000,
        "20" : 0.000000,
        "50" : 0.000000,
        "100" : 0.000000,
        "250" : 0.000000,
        "500" : 0.000000,
        "750" : 0.000000,
        "1000" : 0.000000,
        "2000" : 0.000000,
        ">=2000" : 0.000000
      },
      "latency_depth" : 1,
      "latency_target" : 0,
      "latency_percentile" : 100.000000,
      "latency_window" : 0
    }
  ],
  "disk_util" : [
    {
      "name" : "loop25",
      "read_ios" : 670751,
      "write_ios" : 334478,
      "read_merges" : 0,
      "write_merges" : 0,
      "read_ticks" : 6021,
      "write_ticks" : 18705,
      "in_queue" : 32,
      "util" : 98.417382
    }
  ]
}
