{
  "fio version" : "fio-3.32-36-g5932",
  "timestamp" : 1664233865,
  "timestamp_ms" : 1664233865248,
  "time" : "Tue Sep 27 01:11:05 2022",
  "global options" : {
    "size" : "4K",
    "rw" : "randrw",
    "bs" : "4K",
    "numjobs" : "1",
    "iodepth" : "1",
    "runtime" : "15",
    "end_fsync" : "1",
    "lat_percentiles" : "1",
    "slat_percentiles" : "1",
    "clat_percentiles" : "1"
  },
  "jobs" : [
    {
      "jobname" : "random-rw",
      "groupid" : 0,
      "error" : 0,
      "eta" : 0,
      "elapsed" : 16,
      "job options" : {
        "name" : "random-rw"
      },
      "read" : {
        "io_bytes" : 3583328256,
        "io_kbytes" : 3499344,
        "bw_bytes" : 238872625,
        "bw" : 233274,
        "iops" : 58318.512099,
        "runtime" : 15001,
        "total_ios" : 874836,
        "short_ios" : 0,
        "drop_ios" : 0,
        "slat_ns" : {
          "min" : 0,
          "max" : 0,
          "mean" : 0.000000,
          "stddev" : 0.000000,
          "N" : 0
        },
        "clat_ns" : {
          "min" : 573,
          "max" : 3573299,
          "mean" : 5564.785691,
          "stddev" : 9741.846524,
          "N" : 874836,
          "percentile" : {
            "1.000000" : 604,
            "5.000000" : 620,
            "10.000000" : 748,
            "20.000000" : 820,
            "30.000000" : 884,
            "40.000000" : 1012,
            "50.000000" : 4512,
            "60.000000" : 6304,
            "70.000000" : 6624,
            "80.000000" : 9792,
            "90.000000" : 13120,
            "95.000000" : 15936,
            "99.000000" : 24448,
            "99.500000" : 26240,
            "99.900000" : 43264,
            "99.950000" : 62208,
            "99.990000" : 146432
          },
          "bins" : {
            "572" : 22,
            "580" : 1386,
            "588" : 1664,
            "596" : 2234,
            "604" : 10631,
            "612" : 21956,
            "620" : 9597,
            "628" : 2549,
            "636" : 1479,
            "644" : 798,
            "652" : 393,
            "660" : 400,
            "668" : 764,
            "676" : 1323,
            "684" : 1917,
            "692" : 2259,
            "700" : 2780,
            "708" : 2871,
            "716" : 2571,
            "724" : 3543,
            "732" : 6207,
            "740" : 9780,
            "748" : 11974,
            "756" : 12028,
            "764" : 11745,
            "772" : 9593,
            "780" : 7212,
            "788" : 5849,
            "796" : 5288,
            "804" : 6861,
            "812" : 9156,
            "820" : 11978,
            "828" : 13314,
            "836" : 12753,
            "844" : 12521,
            "852" : 11322,
            "860" : 10769,
            "868" : 9643,
            "876" : 7840,
            "884" : 7267,
            "892" : 6792,
            "900" : 7288,
            "908" : 8117,
            "916" : 8755,
            "924" : 9353,
            "932" : 8514,
            "940" : 7285,
            "948" : 5999,
            "956" : 4801,
            "964" : 4422,
            "972" : 3709,
            "980" : 3191,
            "988" : 2655,
            "996" : 2116,
            "1004" : 2001,
            "1012" : 1728,
            "1020" : 1608,
            "1032" : 2451,
            "1048" : 1960,
            "1064" : 1501,
            "1080" : 1117,
            "1096" : 931,
            "1112" : 660,
            "1128" : 592,
            "1144" : 590,
            "1160" : 562,
            "1176" : 616,
            "1192" : 593,
            "1208" : 564,
            "1224" : 612,
            "1240" : 645,
            "1256" : 744,
            "1272" : 689,
            "1288" : 767,
            "1304" : 757,
            "1320" : 767,
            "1336" : 765,
            "1352" : 733,
            "1368" : 804,
            "1384" : 806,
            "1400" : 756,
            "1416" : 811,
            "1432" : 757,
            "1448" : 812,
            "1464" : 780,
            "1480" : 769,
            "1496" : 650,
            "1512" : 700,
            "1528" : 656,
            "1544" : 655,
            "1560" : 606,
            "1576" : 644,
            "1592" : 568,
            "1608" : 583,
            "1624" : 548,
            "1640" : 526,
            "1656" : 494,
            "1672" : 536,
            "1688" : 513,
            "1704" : 470,
            "1720" : 419,
            "1736" : 443,
            "1752" : 386,
            "1768" : 410,
            "1784" : 399,
            "1800" : 360,
            "1816" : 349,
            "1832" : 334,
            "1848" : 334,
            "1864" : 302,
            "1880" : 309,
            "1896" : 259,
            "1912" : 222,
            "1928" : 233,
            "1944" : 226,
            "1960" : 191,
            "1976" : 167,
            "1992" : 171,
            "2008" : 137,
            "2024" : 135,
            "2040" : 135,
            "2064" : 215,
            "2096" : 208,
            "2128" : 173,
            "2160" : 151,
            "2192" : 125,
            "2224" : 101,
            "2256" : 102,
            "2288" : 75,
            "2320" : 72,
            "2352" : 67,
            "2384" : 37,
            "2416" : 48,
            "2448" : 31,
            "2480" : 23,
            "2512" : 19,
            "2544" : 20,
            "2576" : 13,
            "2608" : 15,
            "2640" : 26,
            "2672" : 17,
            "2704" : 13,
            "2736" : 17,
            "2768" : 12,
            "2800" : 11,
            "2832" : 13,
            "2864" : 7,
            "2896" : 9,
            "2928" : 10,
            "2960" : 6,
            "2992" : 11,
            "3024" : 3,
            "3056" : 6,
            "3088" : 7,
            "3120" : 3,
            "3152" : 9,
            "3184" : 3,
            "3216" : 11,
            "3248" : 17,
            "3280" : 57,
            "3312" : 132,
            "3344" : 305,
            "3376" : 530,
            "3408" : 827,
            "3440" : 1199,
            "3472" : 1675,
            "3504" : 2268,
            "3536" : 2738,
            "3568" : 2602,
            "3600" : 1990,
            "3632" : 1843,
            "3664" : 1775,
            "3696" : 1850,
            "3728" : 1812,
            "3760" : 1363,
            "3792" : 909,
            "3824" : 678,
            "3856" : 585,
            "3888" : 557,
            "3920" : 539,
            "3952" : 507,
            "3984" : 478,
            "4016" : 498,
            "4048" : 647,
            "4080" : 913,
            "4128" : 2781,
            "4192" : 3352,
            "4256" : 2583,
            "4320" : 1939,
            "4384" : 1809,
            "4448" : 1753,
            "4512" : 1213,
            "4576" : 792,
            "4640" : 738,
            "4704" : 714,
            "4768" : 648,
            "4832" : 687,
            "4896" : 625,
            "4960" : 929,
            "5024" : 867,
            "5088" : 732,
            "5152" : 547,
            "5216" : 445,
            "5280" : 474,
            "5344" : 487,
            "5408" : 504,
            "5472" : 566,
            "5536" : 591,
            "5600" : 730,
            "5664" : 839,
            "5728" : 953,
            "5792" : 1076,
            "5856" : 1149,
            "5920" : 1110,
            "5984" : 1164,
            "6048" : 1235,
            "6112" : 3154,
            "6176" : 11862,
            "6240" : 26194,
            "6304" : 32590,
            "6368" : 24552,
            "6432" : 11958,
            "6496" : 6317,
            "6560" : 13345,
            "6624" : 26471,
            "6688" : 32347,
            "6752" : 23257,
            "6816" : 9224,
            "6880" : 2929,
            "6944" : 1347,
            "7008" : 1055,
            "7072" : 922,
            "7136" : 722,
            "7200" : 737,
            "7264" : 710,
            "7328" : 681,
            "7392" : 564,
            "7456" : 526,
            "7520" : 465,
            "7584" : 433,
            "7648" : 404,
            "7712" : 319,
            "7776" : 324,
            "7840" : 309,
            "7904" : 287,
            "7968" : 295,
            "8032" : 259,
            "8096" : 231,
            "8160" : 234,
            "8256" : 445,
            "8384" : 477,
            "8512" : 411,
            "8640" : 367,
            "8768" : 346,
            "8896" : 402,
            "9024" : 542,
            "9152" : 859,
            "9280" : 982,
            "9408" : 932,
            "9536" : 1068,
            "9664" : 1213,
            "9792" : 1309,
            "9920" : 1269,
            "10048" : 1335,
            "10176" : 1512,
            "10304" : 1576,
            "10432" : 2077,
            "10560" : 2450,
            "10688" : 2820,
            "10816" : 2888,
            "10944" : 2871,
            "11072" : 2818,
            "11200" : 2698,
            "11328" : 3070,
            "11456" : 4502,
            "11584" : 5260,
            "11712" : 4991,
            "11840" : 3477,
            "11968" : 2479,
            "12096" : 2565,
            "12224" : 3663,
            "12352" : 4106,
            "12480" : 4339,
            "12608" : 4847,
            "12736" : 5070,
            "12864" : 4795,
            "12992" : 5777,
            "13120" : 5471,
            "13248" : 4946,
            "13376" : 4272,
            "13504" : 3013,
            "13632" : 1994,
            "13760" : 1546,
            "13888" : 1380,
            "14016" : 1410,
            "14144" : 2318,
            "14272" : 4035,
            "14400" : 4188,
            "14528" : 2550,
            "14656" : 1538,
            "14784" : 1093,
            "14912" : 1015,
            "15040" : 998,
            "15168" : 978,
            "15296" : 874,
            "15424" : 683,
            "15552" : 644,
            "15680" : 663,
            "15808" : 665,
            "15936" : 700,
            "16064" : 666,
            "16192" : 684,
            "16320" : 645,
            "16512" : 1179,
            "16768" : 1191,
            "17024" : 1391,
            "17280" : 1377,
            "17536" : 1490,
            "17792" : 1630,
            "18048" : 1690,
            "18304" : 1805,
            "18560" : 1683,
            "18816" : 1598,
            "19072" : 1326,
            "19328" : 1118,
            "19584" : 993,
            "19840" : 934,
            "20096" : 977,
            "20352" : 968,
            "20608" : 908,
            "20864" : 936,
            "21120" : 880,
            "21376" : 843,
            "21632" : 776,
            "21888" : 739,
            "22144" : 691,
            "22400" : 662,
            "22656" : 677,
            "22912" : 649,
            "23168" : 684,
            "23424" : 710,
            "23680" : 663,
            "23936" : 687,
            "24192" : 709,
            "24448" : 685,
            "24704" : 668,
            "24960" : 630,
            "25216" : 656,
            "25472" : 607,
            "25728" : 567,
            "25984" : 514,
            "26240" : 460,
            "26496" : 434,
            "26752" : 350,
            "27008" : 291,
            "27264" : 240,
            "27520" : 215,
            "27776" : 177,
            "28032" : 153,
            "28288" : 119,
            "28544" : 126,
            "28800" : 77,
            "29056" : 76,
            "29312" : 76,
            "29568" : 72,
            "29824" : 62,
            "30080" : 50,
            "30336" : 40,
            "30592" : 50,
            "30848" : 45,
            "31104" : 35,
            "31360" : 39,
            "31616" : 33,
            "31872" : 39,
            "32128" : 29,
            "32384" : 37,
            "32640" : 26,
            "33024" : 42,
            "33536" : 47,
            "34048" : 35,
            "34560" : 37,
            "35072" : 43,
            "35584" : 36,
            "36096" : 29,
            "36608" : 28,
            "37120" : 30,
            "37632" : 29,
            "38144" : 21,
            "38656" : 26,
            "39168" : 20,
            "39680" : 15,
            "40192" : 15,
            "40704" : 14,
            "41216" : 21,
            "41728" : 16,
            "42240" : 22,
            "42752" : 21,
            "43264" : 19,
            "43776" : 15,
            "44288" : 16,
            "44800" : 23,
            "45312" : 15,
            "45824" : 28,
            "46336" : 29,
            "46848" : 19,
            "47360" : 9,
            "47872" : 14,
            "48384" : 15,
            "48896" : 8,
            "49408" : 11,
            "49920" : 17,
            "50432" : 12,
            "50944" : 16,
            "51456" : 7,
            "51968" : 11,
            "52480" : 8,
            "52992" : 13,
            "53504" : 5,
            "54016" : 12,
            "54528" : 4,
            "55040" : 8,
            "55552" : 8,
            "56064" : 6,
            "56576" : 6,
            "57088" : 7,
            "57600" : 7,
            "58112" : 10,
            "58624" : 8,
            "59136" : 14,
            "59648" : 11,
            "60160" : 7,
            "60672" : 6,
            "61184" : 5,
            "61696" : 8,
            "62208" : 8,
            "62720" : 6,
            "63232" : 3,
            "63744" : 8,
            "64256" : 7,
            "64768" : 6,
            "65280" : 5,
            "66048" : 11,
            "67072" : 8,
            "68096" : 6,
            "69120" : 4,
            "70144" : 5,
            "71168" : 10,
            "72192" : 11,
            "73216" : 13,
            "74240" : 13,
            "75264" : 13,
            "76288" : 7,
            "77312" : 11,
            "78336" : 6,
            "79360" : 8,
            "80384" : 6,
            "81408" : 7,
            "82432" : 6,
            "83456" : 5,
            "84480" : 6,
            "85504" : 4,
            "86528" : 7,
            "87552" : 5,
            "88576" : 3,
            "89600" : 3,
            "90624" : 2,
            "91648" : 8,
            "92672" : 4,
            "93696" : 2,
            "94720" : 6,
            "95744" : 3,
            "96768" : 4,
            "97792" : 5,
            "99840" : 2,
            "100864" : 2,
            "101888" : 1,
            "102912" : 6,
            "104960" : 2,
            "105984" : 3,
            "108032" : 3,
            "109056" : 2,
            "110080" : 3,
            "111104" : 3,
            "112128" : 2,
            "113152" : 2,
            "114176" : 1,
            "115200" : 3,
            "116224" : 4,
            "117248" : 7,
            "118272" : 5,
            "119296" : 5,
            "120320" : 2,
            "121344" : 4,
            "122368" : 2,
            "123392" : 1,
            "124416" : 2,
            "125440" : 1,
            "126464" : 2,
            "127488" : 3,
            "128512" : 1,
            "129536" : 1,
            "130560" : 2,
            "132096" : 5,
            "134144" : 4,
            "136192" : 2,
            "138240" : 3,
            "142336" : 3,
            "144384" : 4,
            "146432" : 2,
            "148480" : 3,
            "150528" : 2,
            "152576" : 1,
            "154624" : 3,
            "156672" : 2,
            "158720" : 2,
            "160768" : 1,
            "162816" : 3,
            "168960" : 1,
            "171008" : 2,
            "173056" : 3,
            "175104" : 1,
            "179200" : 1,
            "181248" : 1,
            "183296" : 1,
            "185344" : 1,
            "187392" : 2,
            "189440" : 2,
            "199680" : 1,
            "203776" : 3,
            "214016" : 1,
            "216064" : 2,
            "224256" : 1,
            "234496" : 1,
            "236544" : 1,
            "238592" : 2,
            "242688" : 1,
            "264192" : 1,
            "276480" : 1,
            "280576" : 1,
            "284672" : 1,
            "305152" : 1,
            "309248" : 1,
            "313344" : 1,
            "321536" : 1,
            "329728" : 1,
            "333824" : 2,
            "342016" : 1,
            "350208" : 1,
            "391168" : 1,
            "395264" : 2,
            "407552" : 1,
            "423936" : 2,
            "432128" : 1,
            "448512" : 1,
            "452608" : 1,
            "481280" : 1,
            "485376" : 1,
            "489472" : 1,
            "692224" : 1,
            "774144" : 1,
            "872448" : 2,
            "1056768" : 1,
            "1073152" : 2,
            "1122304" : 1,
            "1482752" : 1,
            "1613824" : 1,
            "1630208" : 1,
            "1695744" : 1,
            "1761280" : 1,
            "2088960" : 1,
            "2179072" : 1,
            "2408448" : 1,
            "3588096" : 1
          }
        },
        "lat_ns" : {
          "min" : 612,
          "max" : 3573370,
          "mean" : 5704.467443,
          "stddev" : 9738.717566,
          "N" : 874836,
          "percentile" : {
            "1.000000" : 644,
            "5.000000" : 668,
            "10.000000" : 820,
            "20.000000" : 908,
            "30.000000" : 988,
            "40.000000" : 1224,
            "50.000000" : 4704,
            "60.000000" : 6368,
            "70.000000" : 6752,
            "80.000000" : 9920,
            "90.000000" : 13248,
            "95.000000" : 16064,
            "99.000000" : 24704,
            "99.500000" : 26496,
            "99.900000" : 43776,
            "99.950000" : 62720,
            "99.990000" : 146432
          },
          "bins" : {
            "612" : 27,
            "620" : 398,
            "628" : 1455,
            "636" : 5503,
            "644" : 4591,
            "652" : 4599,
            "660" : 20076,
            "668" : 11277,
            "676" : 2913,
            "684" : 1081,
            "692" : 587,
            "700" : 563,
            "708" : 798,
            "716" : 1180,
            "724" : 1657,
            "732" : 2096,
            "740" : 2398,
            "748" : 2300,
            "756" : 1948,
            "764" : 1627,
            "772" : 1354,
            "780" : 1205,
            "788" : 1376,
            "796" : 1889,
            "804" : 3368,
            "812" : 5156,
            "820" : 6663,
            "828" : 7649,
            "836" : 8207,
            "844" : 8761,
            "852" : 7995,
            "860" : 6771,
            "868" : 6136,
            "876" : 5877,
            "884" : 7074,
            "892" : 8523,
            "900" : 10134,
            "908" : 11275,
            "916" : 10837,
            "924" : 10797,
            "932" : 10304,
            "940" : 9942,
            "948" : 9572,
            "956" : 8467,
            "964" : 8152,
            "972" : 7309,
            "980" : 7147,
            "988" : 7325,
            "996" : 7823,
            "1004" : 8277,
            "1012" : 8317,
            "1020" : 7827,
            "1032" : 13436,
            "1048" : 10655,
            "1064" : 7712,
            "1080" : 5325,
            "1096" : 4035,
            "1112" : 2928,
            "1128" : 2145,
            "1144" : 1560,
            "1160" : 1105,
            "1176" : 842,
            "1192" : 640,
            "1208" : 585,
            "1224" : 498,
            "1240" : 442,
            "1256" : 476,
            "1272" : 498,
            "1288" : 426,
            "1304" : 466,
            "1320" : 479,
            "1336" : 464,
            "1352" : 512,
            "1368" : 514,
            "1384" : 572,
            "1400" : 556,
            "1416" : 667,
            "1432" : 677,
            "1448" : 681,
            "1464" : 662,
            "1480" : 696,
            "1496" : 634,
            "1512" : 664,
            "1528" : 698,
            "1544" : 700,
            "1560" : 667,
            "1576" : 661,
            "1592" : 670,
            "1608" : 667,
            "1624" : 661,
            "1640" : 599,
            "1656" : 662,
            "1672" : 602,
            "1688" : 535,
            "1704" : 572,
            "1720" : 541,
            "1736" : 535,
            "1752" : 520,
            "1768" : 549,
            "1784" : 470,
            "1800" : 447,
            "1816" : 470,
            "1832" : 438,
            "1848" : 420,
            "1864" : 427,
            "1880" : 407,
            "1896" : 372,
            "1912" : 329,
            "1928" : 365,
            "1944" : 386,
            "1960" : 324,
            "1976" : 334,
            "1992" : 295,
            "2008" : 321,
            "2024" : 277,
            "2040" : 242,
            "2064" : 480,
            "2096" : 444,
            "2128" : 369,
            "2160" : 341,
            "2192" : 258,
            "2224" : 221,
            "2256" : 201,
            "2288" : 171,
            "2320" : 168,
            "2352" : 119,
            "2384" : 119,
            "2416" : 100,
            "2448" : 93,
            "2480" : 104,
            "2512" : 74,
            "2544" : 59,
            "2576" : 57,
            "2608" : 46,
            "2640" : 34,
            "2672" : 29,
            "2704" : 31,
            "2736" : 31,
            "2768" : 14,
            "2800" : 19,
            "2832" : 26,
            "2864" : 13,
            "2896" : 13,
            "2928" : 13,
            "2960" : 11,
            "2992" : 9,
            "3024" : 15,
            "3056" : 14,
            "3088" : 10,
            "3120" : 9,
            "3152" : 9,
            "3184" : 12,
            "3216" : 7,
            "3248" : 8,
            "3280" : 12,
            "3312" : 38,
            "3344" : 88,
            "3376" : 197,
            "3408" : 439,
            "3440" : 690,
            "3472" : 1068,
            "3504" : 1568,
            "3536" : 2173,
            "3568" : 2708,
            "3600" : 2688,
            "3632" : 2231,
            "3664" : 2185,
            "3696" : 2834,
            "3728" : 3547,
            "3760" : 3872,
            "3792" : 3446,
            "3824" : 2262,
            "3856" : 1367,
            "3888" : 844,
            "3920" : 716,
            "3952" : 717,
            "3984" : 651,
            "4016" : 643,
            "4048" : 606,
            "4080" : 671,
            "4128" : 2046,
            "4192" : 3269,
            "4256" : 3548,
            "4320" : 2451,
            "4384" : 1908,
            "4448" : 2015,
            "4512" : 1724,
            "4576" : 1051,
            "4640" : 651,
            "4704" : 543,
            "4768" : 684,
            "4832" : 757,
            "4896" : 713,
            "4960" : 593,
            "5024" : 614,
            "5088" : 761,
            "5152" : 815,
            "5216" : 603,
            "5280" : 486,
            "5344" : 425,
            "5408" : 456,
            "5472" : 524,
            "5536" : 545,
            "5600" : 551,
            "5664" : 629,
            "5728" : 698,
            "5792" : 818,
            "5856" : 958,
            "5920" : 1077,
            "5984" : 1155,
            "6048" : 1176,
            "6112" : 1294,
            "6176" : 2882,
            "6240" : 11488,
            "6304" : 26940,
            "6368" : 33990,
            "6432" : 24959,
            "6496" : 11155,
            "6560" : 4494,
            "6624" : 6041,
            "6688" : 17568,
            "6752" : 30076,
            "6816" : 30419,
            "6880" : 18163,
            "6944" : 6361,
            "7008" : 2202,
            "7072" : 1318,
            "7136" : 1064,
            "7200" : 854,
            "7264" : 756,
            "7328" : 755,
            "7392" : 720,
            "7456" : 650,
            "7520" : 563,
            "7584" : 550,
            "7648" : 494,
            "7712" : 455,
            "7776" : 398,
            "7840" : 336,
            "7904" : 346,
            "7968" : 314,
            "8032" : 301,
            "8096" : 305,
            "8160" : 245,
            "8256" : 481,
            "8384" : 442,
            "8512" : 475,
            "8640" : 428,
            "8768" : 379,
            "8896" : 349,
            "9024" : 438,
            "9152" : 673,
            "9280" : 976,
            "9408" : 857,
            "9536" : 855,
            "9664" : 1084,
            "9792" : 1237,
            "9920" : 1283,
            "10048" : 1254,
            "10176" : 1385,
            "10304" : 1458,
            "10432" : 1804,
            "10560" : 2199,
            "10688" : 2595,
            "10816" : 2678,
            "10944" : 2967,
            "11072" : 2828,
            "11200" : 2828,
            "11328" : 2764,
            "11456" : 3397,
            "11584" : 4770,
            "11712" : 5169,
            "11840" : 4538,
            "11968" : 3094,
            "12096" : 2371,
            "12224" : 3009,
            "12352" : 3989,
            "12480" : 3881,
            "12608" : 4337,
            "12736" : 5002,
            "12864" : 5252,
            "12992" : 5736,
            "13120" : 5915,
            "13248" : 4819,
            "13376" : 4462,
            "13504" : 3844,
            "13632" : 2690,
            "13760" : 1964,
            "13888" : 1564,
            "14016" : 1430,
            "14144" : 1909,
            "14272" : 3376,
            "14400" : 4449,
            "14528" : 3311,
            "14656" : 1875,
            "14784" : 1242,
            "14912" : 1007,
            "15040" : 1065,
            "15168" : 993,
            "15296" : 906,
            "15424" : 796,
            "15552" : 679,
            "15680" : 643,
            "15808" : 665,
            "15936" : 679,
            "16064" : 700,
            "16192" : 650,
            "16320" : 678,
            "16512" : 1203,
            "16768" : 1184,
            "17024" : 1273,
            "17280" : 1377,
            "17536" : 1414,
            "17792" : 1603,
            "18048" : 1639,
            "18304" : 1761,
            "18560" : 1696,
            "18816" : 1661,
            "19072" : 1436,
            "19328" : 1246,
            "19584" : 1028,
            "19840" : 916,
            "20096" : 980,
            "20352" : 951,
            "20608" : 959,
            "20864" : 936,
            "21120" : 911,
            "21376" : 857,
            "21632" : 805,
            "21888" : 732,
            "22144" : 723,
            "22400" : 699,
            "22656" : 678,
            "22912" : 625,
            "23168" : 671,
            "23424" : 716,
            "23680" : 664,
            "23936" : 709,
            "24192" : 669,
            "24448" : 682,
            "24704" : 670,
            "24960" : 652,
            "25216" : 624,
            "25472" : 663,
            "25728" : 594,
            "25984" : 539,
            "26240" : 496,
            "26496" : 461,
            "26752" : 386,
            "27008" : 325,
            "27264" : 265,
            "27520" : 249,
            "27776" : 191,
            "28032" : 161,
            "28288" : 138,
            "28544" : 130,
            "28800" : 101,
            "29056" : 76,
            "29312" : 84,
            "29568" : 60,
            "29824" : 73,
            "30080" : 52,
            "30336" : 55,
            "30592" : 41,
            "30848" : 49,
            "31104" : 40,
            "31360" : 36,
            "31616" : 32,
            "31872" : 35,
            "32128" : 40,
            "32384" : 34,
            "32640" : 30,
            "33024" : 44,
            "33536" : 52,
            "34048" : 36,
            "34560" : 36,
            "35072" : 46,
            "35584" : 34,
            "36096" : 32,
            "36608" : 28,
            "37120" : 32,
            "37632" : 28,
            "38144" : 25,
            "38656" : 27,
            "39168" : 18,
            "39680" : 20,
            "40192" : 14,
            "40704" : 15,
            "41216" : 17,
            "41728" : 20,
            "42240" : 25,
            "42752" : 21,
            "43264" : 19,
            "43776" : 15,
            "44288" : 17,
            "44800" : 23,
            "45312" : 14,
            "45824" : 24,
            "46336" : 32,
            "46848" : 25,
            "47360" : 9,
            "47872" : 12,
            "48384" : 15,
            "48896" : 7,
            "49408" : 15,
            "49920" : 14,
            "50432" : 14,
            "50944" : 14,
            "51456" : 9,
            "51968" : 13,
            "52480" : 7,
            "52992" : 12,
            "53504" : 7,
            "54016" : 10,
            "54528" : 6,
            "55040" : 5,
            "55552" : 12,
            "56064" : 6,
            "56576" : 10,
            "57088" : 5,
            "57600" : 9,
            "58112" : 8,
            "58624" : 8,
            "59136" : 13,
            "59648" : 14,
            "60160" : 8,
            "60672" : 6,
            "61184" : 4,
            "61696" : 8,
            "62208" : 6,
            "62720" : 8,
            "63232" : 4,
            "63744" : 8,
            "64256" : 5,
            "64768" : 8,
            "65280" : 4,
            "66048" : 12,
            "67072" : 10,
            "68096" : 6,
            "69120" : 4,
            "70144" : 5,
            "71168" : 9,
            "72192" : 12,
            "73216" : 11,
            "74240" : 15,
            "75264" : 10,
            "76288" : 9,
            "77312" : 8,
            "78336" : 9,
            "79360" : 8,
            "80384" : 7,
            "81408" : 5,
            "82432" : 7,
            "83456" : 5,
            "84480" : 7,
            "85504" : 3,
            "86528" : 7,
            "87552" : 6,
            "88576" : 3,
            "89600" : 2,
            "90624" : 3,
            "91648" : 7,
            "92672" : 4,
            "93696" : 4,
            "94720" : 6,
            "95744" : 3,
            "96768" : 4,
            "97792" : 5,
            "99840" : 2,
            "100864" : 2,
            "101888" : 1,
            "102912" : 5,
            "103936" : 1,
            "104960" : 1,
            "105984" : 3,
            "107008" : 1,
            "108032" : 3,
            "109056" : 1,
            "110080" : 3,
            "111104" : 4,
            "112128" : 2,
            "113152" : 2,
            "114176" : 1,
            "115200" : 3,
            "116224" : 3,
            "117248" : 8,
            "118272" : 4,
            "119296" : 6,
            "120320" : 2,
            "121344" : 3,
            "122368" : 3,
            "123392" : 1,
            "124416" : 3,
            "126464" : 3,
            "127488" : 3,
            "128512" : 1,
            "129536" : 2,
            "130560" : 2,
            "132096" : 5,
            "134144" : 4,
            "136192" : 2,
            "138240" : 3,
            "142336" : 3,
            "144384" : 4,
            "146432" : 2,
            "148480" : 2,
            "150528" : 2,
            "152576" : 2,
            "154624" : 2,
            "156672" : 2,
            "158720" : 3,
            "160768" : 1,
            "162816" : 3,
            "168960" : 1,
            "171008" : 2,
            "173056" : 3,
            "175104" : 1,
            "179200" : 1,
            "181248" : 1,
            "183296" : 1,
            "185344" : 1,
            "187392" : 2,
            "189440" : 2,
            "199680" : 1,
            "203776" : 2,
            "205824" : 1,
            "214016" : 1,
            "216064" : 2,
            "224256" : 1,
            "234496" : 1,
            "236544" : 1,
            "238592" : 2,
            "242688" : 1,
            "264192" : 1,
            "276480" : 1,
            "280576" : 1,
            "284672" : 1,
            "305152" : 1,
            "309248" : 1,
            "313344" : 1,
            "321536" : 1,
            "329728" : 1,
            "333824" : 2,
            "342016" : 1,
            "350208" : 1,
            "391168" : 1,
            "395264" : 2,
            "407552" : 1,
            "423936" : 2,
            "432128" : 1,
            "448512" : 1,
            "452608" : 1,
            "481280" : 1,
            "485376" : 1,
            "489472" : 1,
            "692224" : 1,
            "774144" : 1,
            "872448" : 2,
            "1056768" : 1,
            "1073152" : 2,
            "1122304" : 1,
            "1482752" : 1,
            "1613824" : 1,
            "1630208" : 1,
            "1695744" : 1,
            "1761280" : 1,
            "2088960" : 1,
            "2179072" : 1,
            "2408448" : 1,
            "3588096" : 1
          }
        },
        "bw_min" : 170168,
        "bw_max" : 290762,
        "bw_agg" : 99.478704,
        "bw_mean" : 232058.827586,
        "bw_dev" : 39500.314051,
        "bw_samples" : 29,
        "iops_min" : 42542,
        "iops_max" : 72690,
        "iops_mean" : 58014.689655,
        "iops_stddev" : 9875.051975,
        "iops_samples" : 29
      },
      "write" : {
        "io_bytes" : 3577593856,
        "io_kbytes" : 3493744,
        "bw_bytes" : 238490357,
        "bw" : 232900,
        "iops" : 58225.184988,
        "runtime" : 15001,
        "total_ios" : 873436,
        "short_ios" : 0,
        "drop_ios" : 0,
        "slat_ns" : {
          "min" : 0,
          "max" : 0,
          "mean" : 0.000000,
          "stddev" : 0.000000,
          "N" : 0
        },
        "clat_ns" : {
          "min" : 861,
          "max" : 5094807,
          "mean" : 2514.023248,
          "stddev" : 7179.521890,
          "N" : 873436,
          "percentile" : {
            "1.000000" : 940,
            "5.000000" : 1224,
            "10.000000" : 1256,
            "20.000000" : 1320,
            "30.000000" : 1448,
            "40.000000" : 2008,
            "50.000000" : 2096,
            "60.000000" : 2160,
            "70.000000" : 2352,
            "80.000000" : 3824,
            "90.000000" : 4448,
            "95.000000" : 5216,
            "99.000000" : 7648,
            "99.500000" : 8384,
            "99.900000" : 15424,
            "99.950000" : 25216,
            "99.990000" : 71168
          },
          "bins" : {
            "860" : 8,
            "868" : 57,
            "876" : 118,
            "884" : 217,
            "892" : 1015,
            "900" : 1298,
            "908" : 1284,
            "916" : 1205,
            "924" : 1318,
            "932" : 1181,
            "940" : 1227,
            "948" : 990,
            "956" : 757,
            "964" : 830,
            "972" : 930,
            "980" : 1032,
            "988" : 1138,
            "996" : 1200,
            "1004" : 1290,
            "1012" : 1470,
            "1020" : 1555,
            "1032" : 2351,
            "1048" : 1509,
            "1064" : 1472,
            "1080" : 1247,
            "1096" : 788,
            "1112" : 418,
            "1128" : 448,
            "1144" : 740,
            "1160" : 1142,
            "1176" : 1902,
            "1192" : 3505,
            "1208" : 7671,
            "1224" : 14021,
            "1240" : 20958,
            "1256" : 25425,
            "1272" : 23376,
            "1288" : 19644,
            "1304" : 15454,
            "1320" : 12829,
            "1336" : 11776,
            "1352" : 10949,
            "1368" : 10925,
            "1384" : 11298,
            "1400" : 11856,
            "1416" : 13111,
            "1432" : 12876,
            "1448" : 13170,
            "1464" : 12500,
            "1480" : 10684,
            "1496" : 8976,
            "1512" : 6111,
            "1528" : 3904,
            "1544" : 2373,
            "1560" : 1392,
            "1576" : 837,
            "1592" : 603,
            "1608" : 473,
            "1624" : 368,
            "1640" : 308,
            "1656" : 271,
            "1672" : 280,
            "1688" : 280,
            "1704" : 262,
            "1720" : 273,
            "1736" : 245,
            "1752" : 265,
            "1768" : 254,
            "1784" : 230,
            "1800" : 232,
            "1816" : 265,
            "1832" : 329,
            "1848" : 408,
            "1864" : 580,
            "1880" : 756,
            "1896" : 986,
            "1912" : 1374,
            "1928" : 1909,
            "1944" : 2518,
            "1960" : 3078,
            "1976" : 4085,
            "1992" : 5098,
            "2008" : 6620,
            "2024" : 8841,
            "2040" : 11595,
            "2064" : 37363,
            "2096" : 56530,
            "2128" : 56493,
            "2160" : 38609,
            "2192" : 20128,
            "2224" : 8805,
            "2256" : 5286,
            "2288" : 5606,
            "2320" : 7105,
            "2352" : 8642,
            "2384" : 8852,
            "2416" : 7744,
            "2448" : 6076,
            "2480" : 4400,
            "2512" : 3298,
            "2544" : 2565,
            "2576" : 2078,
            "2608" : 1770,
            "2640" : 1547,
            "2672" : 1405,
            "2704" : 1298,
            "2736" : 1217,
            "2768" : 1086,
            "2800" : 1114,
            "2832" : 1104,
            "2864" : 1018,
            "2896" : 1068,
            "2928" : 1026,
            "2960" : 1012,
            "2992" : 960,
            "3024" : 998,
            "3056" : 1007,
            "3088" : 1099,
            "3120" : 1151,
            "3152" : 1264,
            "3184" : 1281,
            "3216" : 1333,
            "3248" : 1364,
            "3280" : 1351,
            "3312" : 1430,
            "3344" : 1339,
            "3376" : 1389,
            "3408" : 1303,
            "3440" : 1162,
            "3472" : 1275,
            "3504" : 1250,
            "3536" : 1194,
            "3568" : 1202,
            "3600" : 1176,
            "3632" : 1122,
            "3664" : 1211,
            "3696" : 1231,
            "3728" : 1350,
            "3760" : 1343,
            "3792" : 1522,
            "3824" : 1876,
            "3856" : 2442,
            "3888" : 3146,
            "3920" : 3772,
            "3952" : 4137,
            "3984" : 4240,
            "4016" : 4592,
            "4048" : 5369,
            "4080" : 6326,
            "4128" : 14347,
            "4192" : 12732,
            "4256" : 9259,
            "4320" : 6652,
            "4384" : 6376,
            "4448" : 5630,
            "4512" : 4190,
            "4576" : 4738,
            "4640" : 5596,
            "4704" : 4775,
            "4768" : 3930,
            "4832" : 4269,
            "4896" : 3595,
            "4960" : 2447,
            "5024" : 1990,
            "5088" : 2574,
            "5152" : 3087,
            "5216" : 2401,
            "5280" : 1592,
            "5344" : 1096,
            "5408" : 937,
            "5472" : 828,
            "5536" : 842,
            "5600" : 1015,
            "5664" : 1036,
            "5728" : 795,
            "5792" : 688,
            "5856" : 710,
            "5920" : 708,
            "5984" : 696,
            "6048" : 624,
            "6112" : 693,
            "6176" : 699,
            "6240" : 702,
            "6304" : 710,
            "6368" : 766,
            "6432" : 807,
            "6496" : 869,
            "6560" : 935,
            "6624" : 954,
            "6688" : 1009,
            "6752" : 1054,
            "6816" : 1023,
            "6880" : 1055,
            "6944" : 1088,
            "7008" : 1074,
            "7072" : 1122,
            "7136" : 1025,
            "7200" : 1027,
            "7264" : 923,
            "7328" : 904,
            "7392" : 838,
            "7456" : 693,
            "7520" : 674,
            "7584" : 643,
            "7648" : 556,
            "7712" : 474,
            "7776" : 471,
            "7840" : 449,
            "7904" : 426,
            "7968" : 355,
            "8032" : 359,
            "8096" : 298,
            "8160" : 298,
            "8256" : 564,
            "8384" : 510,
            "8512" : 420,
            "8640" : 372,
            "8768" : 310,
            "8896" : 227,
            "9024" : 198,
            "9152" : 180,
            "9280" : 167,
            "9408" : 111,
            "9536" : 105,
            "9664" : 81,
            "9792" : 74,
            "9920" : 67,
            "10048" : 62,
            "10176" : 55,
            "10304" : 57,
            "10432" : 47,
            "10560" : 45,
            "10688" : 30,
            "10816" : 29,
            "10944" : 35,
            "11072" : 31,
            "11200" : 32,
            "11328" : 25,
            "11456" : 21,
            "11584" : 27,
            "11712" : 29,
            "11840" : 29,
            "11968" : 21,
            "12096" : 17,
            "12224" : 26,
            "12352" : 16,
            "12480" : 18,
            "12608" : 27,
            "12736" : 25,
            "12864" : 19,
            "12992" : 29,
            "13120" : 30,
            "13248" : 19,
            "13376" : 17,
            "13504" : 27,
            "13632" : 18,
            "13760" : 8,
            "13888" : 18,
            "14016" : 14,
            "14144" : 18,
            "14272" : 13,
            "14400" : 14,
            "14528" : 26,
            "14656" : 6,
            "14784" : 15,
            "14912" : 14,
            "15040" : 10,
            "15168" : 17,
            "15296" : 16,
            "15424" : 11,
            "15552" : 11,
            "15680" : 12,
            "15808" : 12,
            "15936" : 10,
            "16064" : 16,
            "16192" : 15,
            "16320" : 12,
            "16512" : 16,
            "16768" : 22,
            "17024" : 26,
            "17280" : 19,
            "17536" : 9,
            "17792" : 19,
            "18048" : 14,
            "18304" : 9,
            "18560" : 10,
            "18816" : 18,
            "19072" : 16,
            "19328" : 8,
            "19584" : 18,
            "19840" : 10,
            "20096" : 12,
            "20352" : 5,
            "20608" : 13,
            "20864" : 10,
            "21120" : 7,
            "21376" : 9,
            "21632" : 11,
            "21888" : 10,
            "22144" : 9,
            "22400" : 5,
            "22656" : 4,
            "22912" : 2,
            "23168" : 4,
            "23424" : 2,
            "23680" : 4,
            "23936" : 3,
            "24192" : 3,
            "24448" : 3,
            "24704" : 1,
            "24960" : 7,
            "25216" : 4,
            "25472" : 4,
            "25728" : 2,
            "25984" : 1,
            "26240" : 4,
            "26496" : 2,
            "26752" : 5,
            "27008" : 2,
            "27776" : 6,
            "28032" : 3,
            "28288" : 7,
            "28544" : 1,
            "28800" : 2,
            "29056" : 6,
            "29312" : 1,
            "29568" : 2,
            "29824" : 1,
            "30080" : 1,
            "30336" : 3,
            "30592" : 2,
            "30848" : 2,
            "31104" : 1,
            "31360" : 2,
            "31616" : 2,
            "31872" : 1,
            "32128" : 3,
            "32384" : 2,
            "32640" : 1,
            "33024" : 6,
            "33536" : 3,
            "34048" : 2,
            "34560" : 7,
            "35072" : 4,
            "35584" : 7,
            "36096" : 2,
            "36608" : 3,
            "37120" : 13,
            "37632" : 4,
            "38144" : 4,
            "38656" : 8,
            "39168" : 11,
            "39680" : 8,
            "40192" : 9,
            "40704" : 11,
            "41216" : 7,
            "41728" : 3,
            "42240" : 10,
            "42752" : 9,
            "43264" : 5,
            "43776" : 4,
            "44288" : 7,
            "44800" : 5,
            "45312" : 8,
            "45824" : 4,
            "46336" : 3,
            "46848" : 3,
            "47360" : 6,
            "47872" : 3,
            "48384" : 9,
            "48896" : 2,
            "49408" : 4,
            "49920" : 3,
            "50432" : 6,
            "50944" : 3,
            "51456" : 1,
            "51968" : 5,
            "52480" : 3,
            "53504" : 2,
            "54016" : 2,
            "54528" : 1,
            "55040" : 1,
            "55552" : 1,
            "56064" : 1,
            "56576" : 1,
            "57088" : 4,
            "57600" : 2,
            "58112" : 1,
            "58624" : 3,
            "59136" : 3,
            "59648" : 5,
            "60672" : 1,
            "61184" : 2,
            "62208" : 3,
            "62720" : 3,
            "63232" : 2,
            "63744" : 3,
            "64256" : 1,
            "64768" : 2,
            "66048" : 3,
            "67072" : 6,
            "68096" : 2,
            "69120" : 1,
            "70144" : 4,
            "71168" : 3,
            "73216" : 2,
            "74240" : 3,
            "76288" : 1,
            "77312" : 1,
            "78336" : 1,
            "80384" : 2,
            "81408" : 1,
            "82432" : 3,
            "83456" : 5,
            "84480" : 2,
            "87552" : 1,
            "88576" : 1,
            "90624" : 1,
            "91648" : 1,
            "92672" : 1,
            "93696" : 1,
            "95744" : 1,
            "96768" : 1,
            "97792" : 2,
            "98816" : 1,
            "99840" : 1,
            "100864" : 1,
            "101888" : 1,
            "102912" : 1,
            "105984" : 1,
            "107008" : 5,
            "108032" : 1,
            "109056" : 1,
            "110080" : 1,
            "112128" : 1,
            "113152" : 1,
            "114176" : 1,
            "115200" : 2,
            "116224" : 1,
            "118272" : 3,
            "120320" : 1,
            "121344" : 1,
            "123392" : 2,
            "127488" : 1,
            "128512" : 1,
            "129536" : 1,
            "130560" : 1,
            "132096" : 1,
            "134144" : 1,
            "140288" : 2,
            "142336" : 1,
            "156672" : 1,
            "168960" : 1,
            "171008" : 1,
            "203776" : 1,
            "209920" : 1,
            "222208" : 1,
            "238592" : 1,
            "244736" : 1,
            "268288" : 1,
            "329728" : 1,
            "370688" : 1,
            "610304" : 1,
            "634880" : 1,
            "675840" : 1,
            "1089536" : 1,
            "1122304" : 1,
            "2146304" : 1,
            "2637824" : 1,
            "5079040" : 1
          }
        },
        "lat_ns" : {
          "min" : 910,
          "max" : 5094959,
          "mean" : 2682.634139,
          "stddev" : 7199.510303,
          "N" : 873436,
          "percentile" : {
            "1.000000" : 996,
            "5.000000" : 1304,
            "10.000000" : 1336,
            "20.000000" : 1416,
            "30.000000" : 1560,
            "40.000000" : 2128,
            "50.000000" : 2192,
            "60.000000" : 2256,
            "70.000000" : 2544,
            "80.000000" : 4080,
            "90.000000" : 4640,
            "95.000000" : 5408,
            "99.000000" : 7968,
            "99.500000" : 8768,
            "99.900000" : 16192,
            "99.950000" : 28032,
            "99.990000" : 74240
          },
          "bins" : {
            "908" : 7,
            "916" : 25,
            "924" : 67,
            "932" : 153,
            "940" : 477,
            "948" : 954,
            "956" : 1147,
            "964" : 1492,
            "972" : 1397,
            "980" : 1269,
            "988" : 1327,
            "996" : 1047,
            "1004" : 913,
            "1012" : 854,
            "1020" : 921,
            "1032" : 2065,
            "1048" : 2456,
            "1064" : 2834,
            "1080" : 2556,
            "1096" : 1684,
            "1112" : 1411,
            "1128" : 1404,
            "1144" : 851,
            "1160" : 430,
            "1176" : 289,
            "1192" : 367,
            "1208" : 682,
            "1224" : 999,
            "1240" : 1227,
            "1256" : 1849,
            "1272" : 2874,
            "1288" : 5563,
            "1304" : 10224,
            "1320" : 15923,
            "1336" : 22246,
            "1352" : 23528,
            "1368" : 20825,
            "1384" : 16640,
            "1400" : 12844,
            "1416" : 11039,
            "1432" : 9681,
            "1448" : 9282,
            "1464" : 9175,
            "1480" : 9208,
            "1496" : 10338,
            "1512" : 11082,
            "1528" : 11662,
            "1544" : 11639,
            "1560" : 11014,
            "1576" : 10513,
            "1592" : 8583,
            "1608" : 6686,
            "1624" : 4471,
            "1640" : 2777,
            "1656" : 1691,
            "1672" : 1011,
            "1688" : 702,
            "1704" : 492,
            "1720" : 377,
            "1736" : 302,
            "1752" : 303,
            "1768" : 287,
            "1784" : 232,
            "1800" : 253,
            "1816" : 227,
            "1832" : 208,
            "1848" : 236,
            "1864" : 209,
            "1880" : 221,
            "1896" : 268,
            "1912" : 309,
            "1928" : 467,
            "1944" : 706,
            "1960" : 887,
            "1976" : 1194,
            "1992" : 1617,
            "2008" : 2098,
            "2024" : 2636,
            "2040" : 3137,
            "2064" : 8046,
            "2096" : 11693,
            "2128" : 20077,
            "2160" : 36437,
            "2192" : 51797,
            "2224" : 49383,
            "2256" : 36759,
            "2288" : 22945,
            "2320" : 11616,
            "2352" : 5664,
            "2384" : 4397,
            "2416" : 5435,
            "2448" : 7191,
            "2480" : 8513,
            "2512" : 8611,
            "2544" : 7512,
            "2576" : 5826,
            "2608" : 4126,
            "2640" : 3187,
            "2672" : 2290,
            "2704" : 1872,
            "2736" : 1711,
            "2768" : 1510,
            "2800" : 1242,
            "2832" : 1208,
            "2864" : 1194,
            "2896" : 1051,
            "2928" : 1051,
            "2960" : 989,
            "2992" : 967,
            "3024" : 983,
            "3056" : 1007,
            "3088" : 978,
            "3120" : 972,
            "3152" : 970,
            "3184" : 1018,
            "3216" : 1057,
            "3248" : 1053,
            "3280" : 1164,
            "3312" : 1204,
            "3344" : 1255,
            "3376" : 1249,
            "3408" : 1294,
            "3440" : 1345,
            "3472" : 1262,
            "3504" : 1308,
            "3536" : 1337,
            "3568" : 1205,
            "3600" : 1244,
            "3632" : 1232,
            "3664" : 1197,
            "3696" : 1191,
            "3728" : 1103,
            "3760" : 1134,
            "3792" : 1091,
            "3824" : 1192,
            "3856" : 1411,
            "3888" : 1895,
            "3920" : 2544,
            "3952" : 3282,
            "3984" : 3775,
            "4016" : 3911,
            "4048" : 3882,
            "4080" : 3962,
            "4128" : 10040,
            "4192" : 13160,
            "4256" : 13165,
            "4320" : 10762,
            "4384" : 9534,
            "4448" : 11458,
            "4512" : 8873,
            "4576" : 5259,
            "4640" : 5268,
            "4704" : 6124,
            "4768" : 5880,
            "4832" : 4959,
            "4896" : 4739,
            "4960" : 3983,
            "5024" : 2757,
            "5088" : 2276,
            "5152" : 2514,
            "5216" : 3063,
            "5280" : 2821,
            "5344" : 1991,
            "5408" : 1448,
            "5472" : 1061,
            "5536" : 978,
            "5600" : 965,
            "5664" : 944,
            "5728" : 1144,
            "5792" : 1020,
            "5856" : 750,
            "5920" : 773,
            "5984" : 699,
            "6048" : 743,
            "6112" : 696,
            "6176" : 702,
            "6240" : 702,
            "6304" : 757,
            "6368" : 720,
            "6432" : 747,
            "6496" : 774,
            "6560" : 845,
            "6624" : 860,
            "6688" : 963,
            "6752" : 1000,
            "6816" : 1069,
            "6880" : 1041,
            "6944" : 1099,
            "7008" : 1031,
            "7072" : 1100,
            "7136" : 1147,
            "7200" : 1089,
            "7264" : 1128,
            "7328" : 1042,
            "7392" : 1077,
            "7456" : 948,
            "7520" : 953,
            "7584" : 820,
            "7648" : 715,
            "7712" : 693,
            "7776" : 664,
            "7840" : 584,
            "7904" : 513,
            "7968" : 483,
            "8032" : 444,
            "8096" : 456,
            "8160" : 402,
            "8256" : 706,
            "8384" : 640,
            "8512" : 649,
            "8640" : 549,
            "8768" : 455,
            "8896" : 394,
            "9024" : 273,
            "9152" : 234,
            "9280" : 211,
            "9408" : 182,
            "9536" : 159,
            "9664" : 124,
            "9792" : 114,
            "9920" : 74,
            "10048" : 70,
            "10176" : 72,
            "10304" : 71,
            "10432" : 73,
            "10560" : 56,
            "10688" : 51,
            "10816" : 44,
            "10944" : 37,
            "11072" : 40,
            "11200" : 28,
            "11328" : 36,
            "11456" : 33,
            "11584" : 28,
            "11712" : 29,
            "11840" : 29,
            "11968" : 29,
            "12096" : 21,
            "12224" : 23,
            "12352" : 20,
            "12480" : 19,
            "12608" : 32,
            "12736" : 23,
            "12864" : 24,
            "12992" : 21,
            "13120" : 28,
            "13248" : 32,
            "13376" : 32,
            "13504" : 21,
            "13632" : 25,
            "13760" : 18,
            "13888" : 15,
            "14016" : 12,
            "14144" : 19,
            "14272" : 18,
            "14400" : 16,
            "14528" : 20,
            "14656" : 21,
            "14784" : 14,
            "14912" : 13,
            "15040" : 14,
            "15168" : 13,
            "15296" : 19,
            "15424" : 18,
            "15552" : 14,
            "15680" : 10,
            "15808" : 12,
            "15936" : 13,
            "16064" : 9,
            "16192" : 11,
            "16320" : 22,
            "16512" : 22,
            "16768" : 25,
            "17024" : 18,
            "17280" : 29,
            "17536" : 12,
            "17792" : 15,
            "18048" : 18,
            "18304" : 15,
            "18560" : 7,
            "18816" : 16,
            "19072" : 16,
            "19328" : 12,
            "19584" : 12,
            "19840" : 20,
            "20096" : 12,
            "20352" : 11,
            "20608" : 8,
            "20864" : 11,
            "21120" : 9,
            "21376" : 10,
            "21632" : 11,
            "21888" : 10,
            "22144" : 9,
            "22400" : 7,
            "22656" : 6,
            "22912" : 3,
            "23168" : 3,
            "23424" : 3,
            "23680" : 3,
            "23936" : 5,
            "24192" : 1,
            "24448" : 3,
            "24704" : 2,
            "24960" : 6,
            "25216" : 4,
            "25472" : 6,
            "25728" : 4,
            "26240" : 3,
            "26496" : 2,
            "26752" : 5,
            "27008" : 3,
            "27264" : 2,
            "27776" : 3,
            "28032" : 5,
            "28288" : 5,
            "28544" : 5,
            "29056" : 3,
            "29312" : 6,
            "29568" : 1,
            "29824" : 3,
            "30080" : 1,
            "30592" : 3,
            "30848" : 2,
            "31104" : 2,
            "31360" : 2,
            "31616" : 2,
            "31872" : 1,
            "32128" : 4,
            "32640" : 3,
            "33024" : 6,
            "33536" : 7,
            "34048" : 2,
            "34560" : 7,
            "35072" : 3,
            "35584" : 5,
            "36096" : 6,
            "36608" : 4,
            "37120" : 11,
            "37632" : 5,
            "38144" : 4,
            "38656" : 5,
            "39168" : 11,
            "39680" : 14,
            "40192" : 10,
            "40704" : 10,
            "41216" : 7,
            "41728" : 3,
            "42240" : 9,
            "42752" : 11,
            "43264" : 5,
            "43776" : 6,
            "44288" : 7,
            "44800" : 5,
            "45312" : 9,
            "45824" : 4,
            "46336" : 4,
            "46848" : 4,
            "47360" : 4,
            "47872" : 5,
            "48384" : 10,
            "48896" : 1,
            "49408" : 4,
            "49920" : 3,
            "50432" : 5,
            "50944" : 4,
            "51456" : 1,
            "51968" : 5,
            "52480" : 4,
            "52992" : 1,
            "53504" : 2,
            "54016" : 2,
            "54528" : 2,
            "55552" : 1,
            "56064" : 3,
            "56576" : 2,
            "57088" : 3,
            "57600" : 3,
            "58624" : 4,
            "59136" : 2,
            "59648" : 4,
            "60160" : 2,
            "60672" : 1,
            "61184" : 1,
            "61696" : 2,
            "62208" : 2,
            "62720" : 5,
            "63744" : 5,
            "64256" : 1,
            "64768" : 2,
            "66048" : 2,
            "67072" : 4,
            "68096" : 5,
            "69120" : 1,
            "70144" : 3,
            "71168" : 3,
            "72192" : 2,
            "73216" : 2,
            "74240" : 2,
            "75264" : 2,
            "77312" : 2,
            "78336" : 1,
            "81408" : 2,
            "82432" : 4,
            "83456" : 4,
            "84480" : 4,
            "85504" : 1,
            "87552" : 1,
            "88576" : 1,
            "89600" : 1,
            "90624" : 1,
            "92672" : 2,
            "94720" : 1,
            "96768" : 2,
            "97792" : 2,
            "98816" : 1,
            "99840" : 1,
            "100864" : 1,
            "101888" : 1,
            "102912" : 1,
            "105984" : 1,
            "107008" : 5,
            "108032" : 1,
            "109056" : 1,
            "110080" : 1,
            "112128" : 1,
            "113152" : 1,
            "114176" : 1,
            "115200" : 2,
            "116224" : 1,
            "118272" : 3,
            "121344" : 2,
            "123392" : 2,
            "127488" : 1,
            "128512" : 1,
            "129536" : 1,
            "130560" : 1,
            "132096" : 1,
            "134144" : 1,
            "140288" : 2,
            "142336" : 1,
            "156672" : 1,
            "171008" : 2,
            "175104" : 1,
            "203776" : 1,
            "209920" : 1,
            "222208" : 1,
            "238592" : 1,
            "244736" : 1,
            "268288" : 1,
            "329728" : 1,
            "370688" : 1,
            "610304" : 1,
            "634880" : 1,
            "675840" : 1,
            "1089536" : 1,
            "1122304" : 1,
            "2146304" : 1,
            "2637824" : 1,
            "5079040" : 1
          }
        },
        "bw_min" : 169504,
        "bw_max" : 287912,
        "bw_agg" : 99.507198,
        "bw_mean" : 231753.310345,
        "bw_dev" : 39657.772239,
        "bw_samples" : 29,
        "iops_min" : 42376,
        "iops_max" : 71978,
        "iops_mean" : 57938.310345,
        "iops_stddev" : 9914.466664,
        "iops_samples" : 29
      },
      "trim" : {
        "io_bytes" : 0,
        "io_kbytes" : 0,
        "bw_bytes" : 0,
        "bw" : 0,
        "iops" : 0.000000,
        "runtime" : 0,
        "total_ios" : 0,
        "short_ios" : 0,
        "drop_ios" : 0,
        "slat_ns" : {
          "min" : 0,
          "max" : 0,
          "mean" : 0.000000,
          "stddev" : 0.000000,
          "N" : 0
        },
        "clat_ns" : {
          "min" : 0,
          "max" : 0,
          "mean" : 0.000000,
          "stddev" : 0.000000,
          "N" : 0
        },
        "lat_ns" : {
          "min" : 0,
          "max" : 0,
          "mean" : 0.000000,
          "stddev" : 0.000000,
          "N" : 0
        },
        "bw_min" : 0,
        "bw_max" : 0,
        "bw_agg" : 0.000000,
        "bw_mean" : 0.000000,
        "bw_dev" : 0.000000,
        "bw_samples" : 0,
        "iops_min" : 0,
        "iops_max" : 0,
        "iops_mean" : 0.000000,
        "iops_stddev" : 0.000000,
        "iops_samples" : 0
      },
      "sync" : {
        "total_ios" : 0,
        "lat_ns" : {
          "min" : 0,
          "max" : 0,
          "mean" : 0.000000,
          "stddev" : 0.000000,
          "N" : 0
        }
      },
      "job_runtime" : 15000,
      "usr_cpu" : 17.800000,
      "sys_cpu" : 60.060000,
      "ctx" : 946108,
      "majf" : 0,
      "minf" : 20,
      "iodepth_level" : {
        "1" : 100.000000,
        "2" : 0.000000,
        "4" : 0.000000,
        "8" : 0.000000,
        "16" : 0.000000,
        "32" : 0.000000,
        ">=64" : 0.000000
      },
      "iodepth_submit" : {
        "0" : 0.000000,
        "4" : 100.000000,
        "8" : 0.000000,
        "16" : 0.000000,
        "32" : 0.000000,
        "64" : 0.000000,
        ">=64" : 0.000000
      },
      "iodepth_complete" : {
        "0" : 0.000000,
        "4" : 100.000000,
        "8" : 0.000000,
        "16" : 0.000000,
        "32" : 0.000000,
        "64" : 0.000000,
        ">=64" : 0.000000
      },
      "latency_ns" : {
        "2" : 0.000000,
        "4" : 0.000000,
        "10" : 0.000000,
        "20" : 0.000000,
        "50" : 0.000000,
        "100" : 0.000000,
        "250" : 0.000000,
        "500" : 0.000000,
        "750" : 5.459906,
        "1000" : 15.305685
      },
      "latency_us" : {
        "2" : 21.254931,
        "4" : 23.025765,
        "10" : 24.979408,
        "20" : 8.675995,
        "50" : 1.251750,
        "100" : 0.032890,
        "250" : 0.010639,
        "500" : 0.010000,
        "750" : 0.010000,
        "1000" : 0.010000
      },
      "latency_ms" : {
        "2" : 0.010000,
        "4" : 0.010000,
        "10" : 0.010000,
        "20" : 0.000000,
        "50" : 0.000000,
        "100" : 0.000000,
        "250" : 0.000000,
        "500" : 0.000000,
        "750" : 0.000000,
        "1000" : 0.000000,
        "2000" : 0.000000,
        ">=2000" : 0.000000
      },
      "latency_depth" : 1,
      "latency_target" : 0,
      "latency_percentile" : 100.000000,
      "latency_window" : 0
    }
  ],
  "disk_util" : [
    {
      "name" : "loop25",
      "read_ios" : 403932,
      "write_ios" : 743358,
      "read_merges" : 0,
      "write_merges" : 0,
      "read_ticks" : 2522,
      "write_ticks" : 5542,
      "in_queue" : 8,
      "util" : 99.332800
    }
  ]
}
