{
  "fio version" : "fio-3.32-36-g5932",
  "timestamp" : 1664234350,
  "timestamp_ms" : 1664234350205,
  "time" : "Tue Sep 27 01:19:10 2022",
  "global options" : {
    "size" : "16K",
    "rw" : "randrw",
    "bs" : "4K",
    "numjobs" : "1",
    "iodepth" : "128",
    "runtime" : "15",
    "end_fsync" : "1",
    "lat_percentiles" : "1",
    "slat_percentiles" : "1",
    "clat_percentiles" : "1"
  },
  "jobs" : [
    {
      "jobname" : "random-rw",
      "groupid" : 0,
      "error" : 0,
      "eta" : 0,
      "elapsed" : 16,
      "job options" : {
        "name" : "random-rw"
      },
      "read" : {
        "io_bytes" : 3713642496,
        "io_kbytes" : 3626604,
        "bw_bytes" : 247559662,
        "bw" : 241757,
        "iops" : 60439.370709,
        "runtime" : 15001,
        "total_ios" : 906651,
        "short_ios" : 0,
        "drop_ios" : 0,
        "slat_ns" : {
          "min" : 0,
          "max" : 0,
          "mean" : 0.000000,
          "stddev" : 0.000000,
          "N" : 0
        },
        "clat_ns" : {
          "min" : 640,
          "max" : 9645490,
          "mean" : 7533.916624,
          "stddev" : 15622.490831,
          "N" : 906651,
          "percentile" : {
            "1.000000" : 732,
            "5.000000" : 764,
            "10.000000" : 804,
            "20.000000" : 884,
            "30.000000" : 972,
            "40.000000" : 1272,
            "50.000000" : 9408,
            "60.000000" : 10048,
            "70.000000" : 10816,
            "80.000000" : 12096,
            "90.000000" : 16064,
            "95.000000" : 18560,
            "99.000000" : 23680,
            "99.500000" : 27008,
            "99.900000" : 50432,
            "99.950000" : 74240,
            "99.990000" : 257024
          },
          "bins" : {
            "644" : 3,
            "652" : 6,
            "660" : 16,
            "668" : 33,
            "676" : 59,
            "684" : 144,
            "692" : 241,
            "700" : 581,
            "708" : 1136,
            "716" : 2106,
            "724" : 3602,
            "732" : 5279,
            "740" : 7026,
            "748" : 8145,
            "756" : 8698,
            "764" : 9544,
            "772" : 9217,
            "780" : 9206,
            "788" : 8796,
            "796" : 8337,
            "804" : 8830,
            "812" : 8681,
            "820" : 8674,
            "828" : 8318,
            "836" : 7934,
            "844" : 8368,
            "852" : 8505,
            "860" : 9198,
            "868" : 9789,
            "876" : 10018,
            "884" : 11273,
            "892" : 11718,
            "900" : 12067,
            "908" : 11423,
            "916" : 10304,
            "924" : 9915,
            "932" : 8419,
            "940" : 7461,
            "948" : 6341,
            "956" : 5303,
            "964" : 5066,
            "972" : 4447,
            "980" : 4230,
            "988" : 4304,
            "996" : 4088,
            "1004" : 4366,
            "1012" : 4603,
            "1020" : 4873,
            "1032" : 9580,
            "1048" : 9640,
            "1064" : 8723,
            "1080" : 6990,
            "1096" : 5528,
            "1112" : 4138,
            "1128" : 3155,
            "1144" : 2444,
            "1160" : 1894,
            "1176" : 1687,
            "1192" : 1507,
            "1208" : 1479,
            "1224" : 1508,
            "1240" : 1556,
            "1256" : 1651,
            "1272" : 1640,
            "1288" : 1717,
            "1304" : 1814,
            "1320" : 1755,
            "1336" : 1700,
            "1352" : 1526,
            "1368" : 1436,
            "1384" : 1335,
            "1400" : 1186,
            "1416" : 1208,
            "1432" : 1087,
            "1448" : 1011,
            "1464" : 949,
            "1480" : 939,
            "1496" : 850,
            "1512" : 822,
            "1528" : 833,
            "1544" : 819,
            "1560" : 728,
            "1576" : 670,
            "1592" : 679,
            "1608" : 665,
            "1624" : 616,
            "1640" : 560,
            "1656" : 514,
            "1672" : 516,
            "1688" : 461,
            "1704" : 422,
            "1720" : 314,
            "1736" : 357,
            "1752" : 358,
            "1768" : 321,
            "1784" : 290,
            "1800" : 255,
            "1816" : 280,
            "1832" : 233,
            "1848" : 235,
            "1864" : 229,
            "1880" : 218,
            "1896" : 168,
            "1912" : 199,
            "1928" : 193,
            "1944" : 185,
            "1960" : 139,
            "1976" : 163,
            "1992" : 151,
            "2008" : 148,
            "2024" : 176,
            "2040" : 133,
            "2064" : 286,
            "2096" : 276,
            "2128" : 222,
            "2160" : 196,
            "2192" : 200,
            "2224" : 178,
            "2256" : 146,
            "2288" : 140,
            "2320" : 126,
            "2352" : 102,
            "2384" : 107,
            "2416" : 103,
            "2448" : 71,
            "2480" : 75,
            "2512" : 63,
            "2544" : 48,
            "2576" : 49,
            "2608" : 61,
            "2640" : 42,
            "2672" : 47,
            "2704" : 34,
            "2736" : 30,
            "2768" : 31,
            "2800" : 27,
            "2832" : 19,
            "2864" : 20,
            "2896" : 11,
            "2928" : 21,
            "2960" : 15,
            "2992" : 12,
            "3024" : 7,
            "3056" : 11,
            "3088" : 10,
            "3120" : 14,
            "3152" : 7,
            "3184" : 8,
            "3216" : 6,
            "3248" : 2,
            "3280" : 6,
            "3312" : 5,
            "3344" : 5,
            "3376" : 9,
            "3408" : 2,
            "3440" : 7,
            "3472" : 5,
            "3504" : 6,
            "3536" : 2,
            "3568" : 5,
            "3600" : 7,
            "3632" : 5,
            "3664" : 6,
            "3696" : 7,
            "3728" : 5,
            "3760" : 6,
            "3792" : 5,
            "3824" : 6,
            "3856" : 5,
            "3888" : 8,
            "3920" : 16,
            "3952" : 13,
            "3984" : 16,
            "4016" : 12,
            "4048" : 17,
            "4080" : 23,
            "4128" : 70,
            "4192" : 154,
            "4256" : 254,
            "4320" : 453,
            "4384" : 560,
            "4448" : 567,
            "4512" : 643,
            "4576" : 920,
            "4640" : 1121,
            "4704" : 1163,
            "4768" : 1231,
            "4832" : 1309,
            "4896" : 1296,
            "4960" : 1348,
            "5024" : 1285,
            "5088" : 987,
            "5152" : 668,
            "5216" : 574,
            "5280" : 698,
            "5344" : 795,
            "5408" : 762,
            "5472" : 532,
            "5536" : 318,
            "5600" : 277,
            "5664" : 366,
            "5728" : 514,
            "5792" : 582,
            "5856" : 457,
            "5920" : 287,
            "5984" : 221,
            "6048" : 268,
            "6112" : 404,
            "6176" : 516,
            "6240" : 664,
            "6304" : 620,
            "6368" : 613,
            "6432" : 512,
            "6496" : 553,
            "6560" : 574,
            "6624" : 539,
            "6688" : 492,
            "6752" : 367,
            "6816" : 290,
            "6880" : 266,
            "6944" : 312,
            "7008" : 389,
            "7072" : 501,
            "7136" : 563,
            "7200" : 640,
            "7264" : 731,
            "7328" : 727,
            "7392" : 606,
            "7456" : 387,
            "7520" : 284,
            "7584" : 246,
            "7648" : 184,
            "7712" : 178,
            "7776" : 177,
            "7840" : 161,
            "7904" : 152,
            "7968" : 175,
            "8032" : 182,
            "8096" : 168,
            "8160" : 140,
            "8256" : 331,
            "8384" : 305,
            "8512" : 238,
            "8640" : 206,
            "8768" : 176,
            "8896" : 182,
            "9024" : 233,
            "9152" : 1054,
            "9280" : 5443,
            "9408" : 14671,
            "9536" : 20215,
            "9664" : 18598,
            "9792" : 17178,
            "9920" : 17855,
            "10048" : 18156,
            "10176" : 18100,
            "10304" : 16626,
            "10432" : 14163,
            "10560" : 12263,
            "10688" : 13341,
            "10816" : 14264,
            "10944" : 14189,
            "11072" : 11731,
            "11200" : 8724,
            "11328" : 7366,
            "11456" : 9219,
            "11584" : 12090,
            "11712" : 11248,
            "11840" : 7397,
            "11968" : 4858,
            "12096" : 3271,
            "12224" : 2517,
            "12352" : 2235,
            "12480" : 2101,
            "12608" : 2066,
            "12736" : 1917,
            "12864" : 1774,
            "12992" : 1719,
            "13120" : 1675,
            "13248" : 1720,
            "13376" : 1916,
            "13504" : 2445,
            "13632" : 2847,
            "13760" : 3417,
            "13888" : 3834,
            "14016" : 4081,
            "14144" : 4150,
            "14272" : 4240,
            "14400" : 4491,
            "14528" : 4276,
            "14656" : 3907,
            "14784" : 3722,
            "14912" : 3742,
            "15040" : 3458,
            "15168" : 3022,
            "15296" : 3008,
            "15424" : 3058,
            "15552" : 3007,
            "15680" : 3012,
            "15808" : 3144,
            "15936" : 3126,
            "16064" : 3007,
            "16192" : 2988,
            "16320" : 2972,
            "16512" : 5775,
            "16768" : 5050,
            "17024" : 4406,
            "17280" : 3959,
            "17536" : 3789,
            "17792" : 3452,
            "18048" : 3551,
            "18304" : 3692,
            "18560" : 3478,
            "18816" : 3364,
            "19072" : 3181,
            "19328" : 3080,
            "19584" : 2929,
            "19840" : 2780,
            "20096" : 2512,
            "20352" : 2316,
            "20608" : 2108,
            "20864" : 1933,
            "21120" : 1746,
            "21376" : 1560,
            "21632" : 1377,
            "21888" : 1312,
            "22144" : 1164,
            "22400" : 976,
            "22656" : 943,
            "22912" : 793,
            "23168" : 710,
            "23424" : 689,
            "23680" : 578,
            "23936" : 536,
            "24192" : 549,
            "24448" : 473,
            "24704" : 423,
            "24960" : 356,
            "25216" : 306,
            "25472" : 319,
            "25728" : 287,
            "25984" : 242,
            "26240" : 213,
            "26496" : 182,
            "26752" : 198,
            "27008" : 194,
            "27264" : 148,
            "27520" : 144,
            "27776" : 134,
            "28032" : 144,
            "28288" : 123,
            "28544" : 121,
            "28800" : 105,
            "29056" : 91,
            "29312" : 96,
            "29568" : 76,
            "29824" : 60,
            "30080" : 74,
            "30336" : 68,
            "30592" : 69,
            "30848" : 61,
            "31104" : 53,
            "31360" : 62,
            "31616" : 52,
            "31872" : 48,
            "32128" : 71,
            "32384" : 40,
            "32640" : 49,
            "33024" : 79,
            "33536" : 111,
            "34048" : 76,
            "34560" : 92,
            "35072" : 82,
            "35584" : 78,
            "36096" : 68,
            "36608" : 68,
            "37120" : 69,
            "37632" : 53,
            "38144" : 50,
            "38656" : 60,
            "39168" : 53,
            "39680" : 61,
            "40192" : 40,
            "40704" : 43,
            "41216" : 43,
            "41728" : 47,
            "42240" : 45,
            "42752" : 42,
            "43264" : 43,
            "43776" : 39,
            "44288" : 29,
            "44800" : 41,
            "45312" : 27,
            "45824" : 42,
            "46336" : 29,
            "46848" : 27,
            "47360" : 31,
            "47872" : 21,
            "48384" : 21,
            "48896" : 25,
            "49408" : 26,
            "49920" : 20,
            "50432" : 26,
            "50944" : 27,
            "51456" : 18,
            "51968" : 19,
            "52480" : 14,
            "52992" : 15,
            "53504" : 17,
            "54016" : 12,
            "54528" : 9,
            "55040" : 9,
            "55552" : 8,
            "56064" : 9,
            "56576" : 14,
            "57088" : 12,
            "57600" : 14,
            "58112" : 5,
            "58624" : 9,
            "59136" : 9,
            "59648" : 11,
            "60160" : 9,
            "60672" : 13,
            "61184" : 11,
            "61696" : 10,
            "62208" : 9,
            "62720" : 7,
            "63232" : 7,
            "63744" : 6,
            "64256" : 8,
            "64768" : 5,
            "65280" : 12,
            "66048" : 13,
            "67072" : 21,
            "68096" : 12,
            "69120" : 18,
            "70144" : 10,
            "71168" : 12,
            "72192" : 6,
            "73216" : 14,
            "74240" : 8,
            "75264" : 11,
            "76288" : 14,
            "77312" : 13,
            "78336" : 3,
            "79360" : 5,
            "80384" : 8,
            "81408" : 10,
            "82432" : 5,
            "83456" : 9,
            "84480" : 4,
            "85504" : 4,
            "86528" : 7,
            "87552" : 3,
            "88576" : 4,
            "89600" : 9,
            "90624" : 4,
            "91648" : 5,
            "92672" : 6,
            "93696" : 1,
            "94720" : 2,
            "95744" : 3,
            "96768" : 3,
            "98816" : 5,
            "99840" : 3,
            "100864" : 2,
            "101888" : 6,
            "102912" : 5,
            "103936" : 3,
            "104960" : 3,
            "105984" : 4,
            "107008" : 2,
            "108032" : 3,
            "109056" : 1,
            "110080" : 7,
            "111104" : 5,
            "112128" : 1,
            "113152" : 2,
            "114176" : 5,
            "115200" : 4,
            "116224" : 4,
            "117248" : 1,
            "118272" : 4,
            "119296" : 1,
            "120320" : 1,
            "123392" : 4,
            "124416" : 3,
            "125440" : 2,
            "126464" : 2,
            "127488" : 1,
            "128512" : 1,
            "129536" : 2,
            "130560" : 3,
            "132096" : 5,
            "134144" : 7,
            "136192" : 4,
            "138240" : 4,
            "140288" : 3,
            "144384" : 3,
            "146432" : 7,
            "148480" : 2,
            "150528" : 3,
            "152576" : 6,
            "154624" : 3,
            "156672" : 4,
            "158720" : 2,
            "160768" : 3,
            "162816" : 1,
            "164864" : 3,
            "168960" : 3,
            "171008" : 4,
            "173056" : 2,
            "175104" : 4,
            "177152" : 3,
            "179200" : 3,
            "181248" : 2,
            "183296" : 4,
            "187392" : 1,
            "189440" : 1,
            "191488" : 1,
            "193536" : 1,
            "197632" : 1,
            "199680" : 2,
            "201728" : 2,
            "203776" : 1,
            "205824" : 2,
            "207872" : 3,
            "209920" : 2,
            "211968" : 2,
            "214016" : 3,
            "216064" : 4,
            "218112" : 2,
            "220160" : 2,
            "222208" : 2,
            "226304" : 1,
            "228352" : 2,
            "230400" : 1,
            "234496" : 3,
            "236544" : 2,
            "238592" : 1,
            "240640" : 1,
            "242688" : 2,
            "246784" : 1,
            "248832" : 1,
            "250880" : 1,
            "254976" : 1,
            "257024" : 2,
            "259072" : 1,
            "261120" : 2,
            "264192" : 2,
            "268288" : 2,
            "272384" : 1,
            "276480" : 3,
            "280576" : 1,
            "288768" : 2,
            "292864" : 3,
            "296960" : 1,
            "301056" : 2,
            "309248" : 1,
            "317440" : 2,
            "329728" : 3,
            "333824" : 1,
            "337920" : 2,
            "342016" : 2,
            "346112" : 1,
            "354304" : 1,
            "358400" : 1,
            "366592" : 2,
            "370688" : 2,
            "374784" : 1,
            "391168" : 2,
            "395264" : 2,
            "403456" : 1,
            "419840" : 1,
            "436224" : 2,
            "440320" : 1,
            "452608" : 1,
            "456704" : 1,
            "460800" : 1,
            "473088" : 1,
            "477184" : 1,
            "485376" : 1,
            "489472" : 1,
            "493568" : 1,
            "497664" : 1,
            "505856" : 1,
            "544768" : 1,
            "561152" : 1,
            "577536" : 1,
            "585728" : 2,
            "593920" : 2,
            "602112" : 1,
            "634880" : 1,
            "643072" : 1,
            "667648" : 1,
            "684032" : 1,
            "733184" : 1,
            "757760" : 1,
            "782336" : 1,
            "806912" : 1,
            "839680" : 1,
            "913408" : 1,
            "1011712" : 1,
            "1073152" : 1,
            "1089536" : 1,
            "1122304" : 1,
            "1138688" : 1,
            "1187840" : 1,
            "1400832" : 1,
            "2375680" : 1,
            "2539520" : 1,
            "2834432" : 1,
            "4292608" : 1,
            "4423680" : 1,
            "9633792" : 1
          }
        },
        "lat_ns" : {
          "min" : 673,
          "max" : 9645600,
          "mean" : 7630.798786,
          "stddev" : 15631.493450,
          "N" : 906651,
          "percentile" : {
            "1.000000" : 772,
            "5.000000" : 812,
            "10.000000" : 852,
            "20.000000" : 948,
            "30.000000" : 1064,
            "40.000000" : 1384,
            "50.000000" : 9536,
            "60.000000" : 10176,
            "70.000000" : 10944,
            "80.000000" : 12224,
            "90.000000" : 16192,
            "95.000000" : 18816,
            "99.000000" : 23936,
            "99.500000" : 27264,
            "99.900000" : 50432,
            "99.950000" : 74240,
            "99.990000" : 257024
          },
          "bins" : {
            "676" : 1,
            "692" : 3,
            "700" : 12,
            "708" : 21,
            "716" : 50,
            "724" : 102,
            "732" : 211,
            "740" : 380,
            "748" : 842,
            "756" : 1561,
            "764" : 2974,
            "772" : 4584,
            "780" : 6287,
            "788" : 7778,
            "796" : 8509,
            "804" : 9562,
            "812" : 9558,
            "820" : 9265,
            "828" : 8819,
            "836" : 8007,
            "844" : 8436,
            "852" : 8383,
            "860" : 8204,
            "868" : 7637,
            "876" : 6891,
            "884" : 6962,
            "892" : 6674,
            "900" : 6738,
            "908" : 6540,
            "916" : 6573,
            "924" : 7099,
            "932" : 7473,
            "940" : 8156,
            "948" : 8462,
            "956" : 8738,
            "964" : 9291,
            "972" : 9376,
            "980" : 9286,
            "988" : 8857,
            "996" : 7756,
            "1004" : 7398,
            "1012" : 6332,
            "1020" : 5518,
            "1032" : 8600,
            "1048" : 6671,
            "1064" : 5981,
            "1080" : 6100,
            "1096" : 6675,
            "1112" : 7375,
            "1128" : 8416,
            "1144" : 8746,
            "1160" : 8517,
            "1176" : 7962,
            "1192" : 6525,
            "1208" : 5318,
            "1224" : 4140,
            "1240" : 3001,
            "1256" : 2379,
            "1272" : 1869,
            "1288" : 1678,
            "1304" : 1452,
            "1320" : 1398,
            "1336" : 1469,
            "1352" : 1444,
            "1368" : 1493,
            "1384" : 1535,
            "1400" : 1534,
            "1416" : 1616,
            "1432" : 1517,
            "1448" : 1508,
            "1464" : 1438,
            "1480" : 1246,
            "1496" : 1164,
            "1512" : 1088,
            "1528" : 1008,
            "1544" : 930,
            "1560" : 890,
            "1576" : 777,
            "1592" : 755,
            "1608" : 731,
            "1624" : 682,
            "1640" : 673,
            "1656" : 665,
            "1672" : 631,
            "1688" : 637,
            "1704" : 602,
            "1720" : 606,
            "1736" : 598,
            "1752" : 569,
            "1768" : 501,
            "1784" : 508,
            "1800" : 473,
            "1816" : 475,
            "1832" : 421,
            "1848" : 376,
            "1864" : 346,
            "1880" : 337,
            "1896" : 334,
            "1912" : 290,
            "1928" : 302,
            "1944" : 286,
            "1960" : 273,
            "1976" : 213,
            "1992" : 205,
            "2008" : 206,
            "2024" : 199,
            "2040" : 170,
            "2064" : 378,
            "2096" : 314,
            "2128" : 331,
            "2160" : 269,
            "2192" : 291,
            "2224" : 263,
            "2256" : 244,
            "2288" : 236,
            "2320" : 200,
            "2352" : 195,
            "2384" : 181,
            "2416" : 173,
            "2448" : 173,
            "2480" : 117,
            "2512" : 111,
            "2544" : 98,
            "2576" : 111,
            "2608" : 101,
            "2640" : 96,
            "2672" : 92,
            "2704" : 66,
            "2736" : 68,
            "2768" : 54,
            "2800" : 46,
            "2832" : 53,
            "2864" : 57,
            "2896" : 49,
            "2928" : 39,
            "2960" : 34,
            "2992" : 28,
            "3024" : 29,
            "3056" : 30,
            "3088" : 20,
            "3120" : 19,
            "3152" : 22,
            "3184" : 23,
            "3216" : 13,
            "3248" : 6,
            "3280" : 16,
            "3312" : 19,
            "3344" : 8,
            "3376" : 9,
            "3408" : 11,
            "3440" : 5,
            "3472" : 5,
            "3504" : 6,
            "3536" : 4,
            "3568" : 7,
            "3600" : 7,
            "3632" : 10,
            "3664" : 6,
            "3696" : 8,
            "3728" : 3,
            "3760" : 2,
            "3792" : 6,
            "3824" : 5,
            "3856" : 4,
            "3888" : 6,
            "3920" : 5,
            "3952" : 13,
            "3984" : 15,
            "4016" : 15,
            "4048" : 17,
            "4080" : 28,
            "4128" : 78,
            "4192" : 95,
            "4256" : 130,
            "4320" : 252,
            "4384" : 357,
            "4448" : 598,
            "4512" : 670,
            "4576" : 616,
            "4640" : 767,
            "4704" : 1047,
            "4768" : 1167,
            "4832" : 1224,
            "4896" : 1286,
            "4960" : 1327,
            "5024" : 1344,
            "5088" : 1354,
            "5152" : 1221,
            "5216" : 828,
            "5280" : 605,
            "5344" : 714,
            "5408" : 820,
            "5472" : 890,
            "5536" : 657,
            "5600" : 428,
            "5664" : 281,
            "5728" : 296,
            "5792" : 496,
            "5856" : 561,
            "5920" : 508,
            "5984" : 385,
            "6048" : 230,
            "6112" : 226,
            "6176" : 312,
            "6240" : 484,
            "6304" : 691,
            "6368" : 697,
            "6432" : 645,
            "6496" : 555,
            "6560" : 580,
            "6624" : 621,
            "6688" : 541,
            "6752" : 459,
            "6816" : 354,
            "6880" : 309,
            "6944" : 298,
            "7008" : 294,
            "7072" : 385,
            "7136" : 447,
            "7200" : 575,
            "7264" : 717,
            "7328" : 808,
            "7392" : 798,
            "7456" : 607,
            "7520" : 467,
            "7584" : 324,
            "7648" : 263,
            "7712" : 203,
            "7776" : 195,
            "7840" : 196,
            "7904" : 166,
            "7968" : 162,
            "8032" : 203,
            "8096" : 179,
            "8160" : 187,
            "8256" : 336,
            "8384" : 366,
            "8512" : 311,
            "8640" : 208,
            "8768" : 225,
            "8896" : 202,
            "9024" : 190,
            "9152" : 294,
            "9280" : 1834,
            "9408" : 9833,
            "9536" : 20357,
            "9664" : 19720,
            "9792" : 16344,
            "9920" : 16168,
            "10048" : 17527,
            "10176" : 18370,
            "10304" : 17210,
            "10432" : 16034,
            "10560" : 13919,
            "10688" : 12835,
            "10816" : 14113,
            "10944" : 14294,
            "11072" : 13138,
            "11200" : 10022,
            "11328" : 7583,
            "11456" : 7949,
            "11584" : 10930,
            "11712" : 12218,
            "11840" : 9136,
            "11968" : 5963,
            "12096" : 3747,
            "12224" : 2787,
            "12352" : 2273,
            "12480" : 2169,
            "12608" : 2173,
            "12736" : 2005,
            "12864" : 1893,
            "12992" : 1728,
            "13120" : 1742,
            "13248" : 1702,
            "13376" : 1750,
            "13504" : 2172,
            "13632" : 2629,
            "13760" : 3082,
            "13888" : 3572,
            "14016" : 3961,
            "14144" : 4067,
            "14272" : 4138,
            "14400" : 4328,
            "14528" : 4428,
            "14656" : 4170,
            "14784" : 3928,
            "14912" : 3650,
            "15040" : 3750,
            "15168" : 3313,
            "15296" : 3044,
            "15424" : 2972,
            "15552" : 3035,
            "15680" : 2952,
            "15808" : 3034,
            "15936" : 3036,
            "16064" : 3079,
            "16192" : 2976,
            "16320" : 3011,
            "16512" : 5906,
            "16768" : 5378,
            "17024" : 4681,
            "17280" : 4070,
            "17536" : 3821,
            "17792" : 3601,
            "18048" : 3423,
            "18304" : 3595,
            "18560" : 3624,
            "18816" : 3360,
            "19072" : 3247,
            "19328" : 3098,
            "19584" : 3044,
            "19840" : 2825,
            "20096" : 2614,
            "20352" : 2377,
            "20608" : 2237,
            "20864" : 2012,
            "21120" : 1866,
            "21376" : 1654,
            "21632" : 1469,
            "21888" : 1368,
            "22144" : 1227,
            "22400" : 1089,
            "22656" : 939,
            "22912" : 885,
            "23168" : 787,
            "23424" : 697,
            "23680" : 663,
            "23936" : 566,
            "24192" : 543,
            "24448" : 530,
            "24704" : 470,
            "24960" : 427,
            "25216" : 344,
            "25472" : 320,
            "25728" : 313,
            "25984" : 264,
            "26240" : 234,
            "26496" : 222,
            "26752" : 191,
            "27008" : 207,
            "27264" : 181,
            "27520" : 150,
            "27776" : 139,
            "28032" : 156,
            "28288" : 133,
            "28544" : 126,
            "28800" : 118,
            "29056" : 95,
            "29312" : 87,
            "29568" : 96,
            "29824" : 69,
            "30080" : 76,
            "30336" : 80,
            "30592" : 52,
            "30848" : 58,
            "31104" : 65,
            "31360" : 61,
            "31616" : 57,
            "31872" : 51,
            "32128" : 65,
            "32384" : 59,
            "32640" : 38,
            "33024" : 87,
            "33536" : 105,
            "34048" : 93,
            "34560" : 87,
            "35072" : 81,
            "35584" : 81,
            "36096" : 68,
            "36608" : 71,
            "37120" : 65,
            "37632" : 65,
            "38144" : 54,
            "38656" : 55,
            "39168" : 57,
            "39680" : 59,
            "40192" : 48,
            "40704" : 43,
            "41216" : 36,
            "41728" : 45,
            "42240" : 50,
            "42752" : 45,
            "43264" : 37,
            "43776" : 48,
            "44288" : 27,
            "44800" : 40,
            "45312" : 32,
            "45824" : 32,
            "46336" : 34,
            "46848" : 30,
            "47360" : 33,
            "47872" : 20,
            "48384" : 22,
            "48896" : 26,
            "49408" : 30,
            "49920" : 18,
            "50432" : 24,
            "50944" : 27,
            "51456" : 20,
            "51968" : 18,
            "52480" : 13,
            "52992" : 19,
            "53504" : 16,
            "54016" : 13,
            "54528" : 7,
            "55040" : 7,
            "55552" : 11,
            "56064" : 8,
            "56576" : 12,
            "57088" : 14,
            "57600" : 9,
            "58112" : 11,
            "58624" : 9,
            "59136" : 10,
            "59648" : 11,
            "60160" : 7,
            "60672" : 12,
            "61184" : 16,
            "61696" : 8,
            "62208" : 12,
            "62720" : 6,
            "63232" : 5,
            "63744" : 8,
            "64256" : 6,
            "64768" : 7,
            "65280" : 11,
            "66048" : 14,
            "67072" : 16,
            "68096" : 16,
            "69120" : 17,
            "70144" : 10,
            "71168" : 14,
            "72192" : 7,
            "73216" : 11,
            "74240" : 10,
            "75264" : 11,
            "76288" : 14,
            "77312" : 11,
            "78336" : 6,
            "79360" : 5,
            "80384" : 7,
            "81408" : 10,
            "82432" : 6,
            "83456" : 8,
            "84480" : 5,
            "85504" : 3,
            "86528" : 7,
            "87552" : 4,
            "88576" : 4,
            "89600" : 7,
            "90624" : 6,
            "91648" : 3,
            "92672" : 6,
            "93696" : 3,
            "94720" : 2,
            "95744" : 3,
            "96768" : 3,
            "98816" : 3,
            "99840" : 4,
            "100864" : 1,
            "101888" : 8,
            "102912" : 4,
            "103936" : 4,
            "104960" : 1,
            "105984" : 5,
            "107008" : 3,
            "108032" : 3,
            "109056" : 1,
            "110080" : 7,
            "111104" : 4,
            "112128" : 2,
            "113152" : 2,
            "114176" : 5,
            "115200" : 4,
            "116224" : 4,
            "117248" : 1,
            "118272" : 3,
            "119296" : 2,
            "120320" : 1,
            "123392" : 3,
            "124416" : 3,
            "125440" : 3,
            "126464" : 2,
            "127488" : 1,
            "128512" : 1,
            "129536" : 2,
            "130560" : 2,
            "132096" : 5,
            "134144" : 7,
            "136192" : 5,
            "138240" : 4,
            "140288" : 3,
            "144384" : 2,
            "146432" : 8,
            "148480" : 2,
            "150528" : 3,
            "152576" : 5,
            "154624" : 4,
            "156672" : 4,
            "158720" : 2,
            "160768" : 3,
            "162816" : 1,
            "164864" : 3,
            "168960" : 2,
            "171008" : 5,
            "173056" : 2,
            "175104" : 4,
            "177152" : 3,
            "179200" : 3,
            "181248" : 2,
            "183296" : 4,
            "189440" : 2,
            "191488" : 1,
            "193536" : 1,
            "197632" : 1,
            "199680" : 2,
            "201728" : 2,
            "203776" : 2,
            "205824" : 2,
            "207872" : 3,
            "209920" : 2,
            "211968" : 2,
            "214016" : 3,
            "216064" : 4,
            "218112" : 1,
            "220160" : 3,
            "222208" : 2,
            "226304" : 1,
            "228352" : 2,
            "230400" : 1,
            "234496" : 3,
            "236544" : 2,
            "238592" : 1,
            "240640" : 1,
            "242688" : 2,
            "246784" : 1,
            "248832" : 1,
            "252928" : 1,
            "254976" : 1,
            "257024" : 2,
            "259072" : 1,
            "261120" : 2,
            "264192" : 2,
            "268288" : 2,
            "272384" : 1,
            "276480" : 3,
            "280576" : 1,
            "288768" : 2,
            "292864" : 3,
            "296960" : 1,
            "301056" : 2,
            "313344" : 1,
            "317440" : 2,
            "329728" : 3,
            "337920" : 3,
            "342016" : 1,
            "346112" : 2,
            "354304" : 1,
            "358400" : 1,
            "366592" : 2,
            "370688" : 2,
            "374784" : 1,
            "391168" : 2,
            "395264" : 2,
            "403456" : 1,
            "419840" : 1,
            "436224" : 2,
            "440320" : 1,
            "452608" : 1,
            "456704" : 1,
            "460800" : 1,
            "473088" : 1,
            "477184" : 1,
            "485376" : 1,
            "489472" : 1,
            "493568" : 1,
            "497664" : 1,
            "505856" : 1,
            "544768" : 1,
            "561152" : 1,
            "577536" : 1,
            "585728" : 2,
            "593920" : 2,
            "602112" : 1,
            "634880" : 1,
            "643072" : 1,
            "667648" : 1,
            "684032" : 1,
            "733184" : 1,
            "757760" : 1,
            "782336" : 1,
            "806912" : 1,
            "847872" : 1,
            "913408" : 1,
            "1011712" : 1,
            "1089536" : 2,
            "1122304" : 1,
            "1138688" : 1,
            "1187840" : 1,
            "1400832" : 1,
            "2375680" : 1,
            "2539520" : 1,
            "2834432" : 1,
            "4292608" : 1,
            "4423680" : 1,
            "9633792" : 1
          }
        },
        "bw_min" : 181648,
        "bw_max" : 277448,
        "bw_agg" : 100.000000,
        "bw_mean" : 242937.931034,
        "bw_dev" : 27823.258320,
        "bw_samples" : 29,
        "iops_min" : 45412,
        "iops_max" : 69362,
        "iops_mean" : 60734.551724,
        "iops_stddev" : 6955.694479,
        "iops_samples" : 29
      },
      "write" : {
        "io_bytes" : 3708502016,
        "io_kbytes" : 3621584,
        "bw_bytes" : 247216986,
        "bw" : 241422,
        "iops" : 60355.709619,
        "runtime" : 15001,
        "total_ios" : 905396,
        "short_ios" : 0,
        "drop_ios" : 0,
        "slat_ns" : {
          "min" : 0,
          "max" : 0,
          "mean" : 0.000000,
          "stddev" : 0.000000,
          "N" : 0
        },
        "clat_ns" : {
          "min" : 842,
          "max" : 4020048,
          "mean" : 2515.965584,
          "stddev" : 4694.878150,
          "N" : 905396,
          "percentile" : {
            "1.000000" : 1064,
            "5.000000" : 1096,
            "10.000000" : 1128,
            "20.000000" : 1432,
            "30.000000" : 1544,
            "40.000000" : 1704,
            "50.000000" : 1848,
            "60.000000" : 2192,
            "70.000000" : 2480,
            "80.000000" : 2928,
            "90.000000" : 5280,
            "95.000000" : 6112,
            "99.000000" : 9280,
            "99.500000" : 10688,
            "99.900000" : 14272,
            "99.950000" : 20352,
            "99.990000" : 43264
          },
          "bins" : {
            "844" : 18,
            "852" : 253,
            "860" : 553,
            "868" : 768,
            "876" : 648,
            "884" : 541,
            "892" : 378,
            "900" : 231,
            "908" : 123,
            "916" : 81,
            "924" : 55,
            "932" : 48,
            "940" : 37,
            "948" : 31,
            "956" : 25,
            "964" : 43,
            "972" : 55,
            "980" : 96,
            "988" : 144,
            "996" : 178,
            "1004" : 259,
            "1012" : 286,
            "1020" : 291,
            "1032" : 435,
            "1048" : 492,
            "1064" : 6982,
            "1080" : 21973,
            "1096" : 23864,
            "1112" : 24892,
            "1128" : 21556,
            "1144" : 15497,
            "1160" : 11408,
            "1176" : 7948,
            "1192" : 4888,
            "1208" : 3228,
            "1224" : 2559,
            "1240" : 2039,
            "1256" : 1823,
            "1272" : 1537,
            "1288" : 1518,
            "1304" : 1490,
            "1320" : 1540,
            "1336" : 1688,
            "1352" : 1807,
            "1368" : 1989,
            "1384" : 2288,
            "1400" : 2447,
            "1416" : 4016,
            "1432" : 7301,
            "1448" : 12361,
            "1464" : 16660,
            "1480" : 16772,
            "1496" : 15217,
            "1512" : 13312,
            "1528" : 11398,
            "1544" : 9785,
            "1560" : 8410,
            "1576" : 7687,
            "1592" : 7188,
            "1608" : 7499,
            "1624" : 8071,
            "1640" : 9124,
            "1656" : 10748,
            "1672" : 11867,
            "1688" : 12243,
            "1704" : 11883,
            "1720" : 10710,
            "1736" : 10030,
            "1752" : 9154,
            "1768" : 9142,
            "1784" : 9132,
            "1800" : 9074,
            "1816" : 9026,
            "1832" : 8687,
            "1848" : 8753,
            "1864" : 8334,
            "1880" : 7427,
            "1896" : 6532,
            "1912" : 5633,
            "1928" : 4875,
            "1944" : 4407,
            "1960" : 3765,
            "1976" : 3471,
            "1992" : 3099,
            "2008" : 3076,
            "2024" : 2999,
            "2040" : 2895,
            "2064" : 5828,
            "2096" : 6271,
            "2128" : 6630,
            "2160" : 7089,
            "2192" : 7703,
            "2224" : 8782,
            "2256" : 9352,
            "2288" : 9438,
            "2320" : 10298,
            "2352" : 11409,
            "2384" : 11732,
            "2416" : 11834,
            "2448" : 11919,
            "2480" : 12335,
            "2512" : 12343,
            "2544" : 11529,
            "2576" : 10151,
            "2608" : 8233,
            "2640" : 6781,
            "2672" : 5767,
            "2704" : 5263,
            "2736" : 4539,
            "2768" : 3837,
            "2800" : 3273,
            "2832" : 2956,
            "2864" : 2705,
            "2896" : 2548,
            "2928" : 2391,
            "2960" : 2297,
            "2992" : 1984,
            "3024" : 1892,
            "3056" : 1812,
            "3088" : 1618,
            "3120" : 1549,
            "3152" : 1458,
            "3184" : 1420,
            "3216" : 1304,
            "3248" : 1244,
            "3280" : 1288,
            "3312" : 1185,
            "3344" : 1176,
            "3376" : 1199,
            "3408" : 1155,
            "3440" : 1200,
            "3472" : 1158,
            "3504" : 1245,
            "3536" : 1272,
            "3568" : 1290,
            "3600" : 1296,
            "3632" : 1354,
            "3664" : 1261,
            "3696" : 1345,
            "3728" : 1306,
            "3760" : 1276,
            "3792" : 1233,
            "3824" : 1328,
            "3856" : 1258,
            "3888" : 1348,
            "3920" : 1381,
            "3952" : 1381,
            "3984" : 1344,
            "4016" : 1308,
            "4048" : 1294,
            "4080" : 1225,
            "4128" : 2507,
            "4192" : 2322,
            "4256" : 2117,
            "4320" : 1950,
            "4384" : 1828,
            "4448" : 1674,
            "4512" : 1567,
            "4576" : 1506,
            "4640" : 1552,
            "4704" : 1529,
            "4768" : 1666,
            "4832" : 1787,
            "4896" : 1953,
            "4960" : 2055,
            "5024" : 2378,
            "5088" : 2822,
            "5152" : 3205,
            "5216" : 3526,
            "5280" : 3451,
            "5344" : 3549,
            "5408" : 3674,
            "5472" : 3945,
            "5536" : 3942,
            "5600" : 3689,
            "5664" : 3398,
            "5728" : 3131,
            "5792" : 3529,
            "5856" : 3909,
            "5920" : 3825,
            "5984" : 3403,
            "6048" : 2791,
            "6112" : 2478,
            "6176" : 2253,
            "6240" : 2274,
            "6304" : 2042,
            "6368" : 1794,
            "6432" : 1677,
            "6496" : 1343,
            "6560" : 1120,
            "6624" : 973,
            "6688" : 898,
            "6752" : 826,
            "6816" : 766,
            "6880" : 676,
            "6944" : 628,
            "7008" : 526,
            "7072" : 551,
            "7136" : 514,
            "7200" : 570,
            "7264" : 576,
            "7328" : 583,
            "7392" : 583,
            "7456" : 534,
            "7520" : 612,
            "7584" : 643,
            "7648" : 663,
            "7712" : 613,
            "7776" : 556,
            "7840" : 535,
            "7904" : 516,
            "7968" : 488,
            "8032" : 472,
            "8096" : 421,
            "8160" : 450,
            "8256" : 818,
            "8384" : 924,
            "8512" : 952,
            "8640" : 866,
            "8768" : 835,
            "8896" : 816,
            "9024" : 727,
            "9152" : 618,
            "9280" : 599,
            "9408" : 518,
            "9536" : 477,
            "9664" : 477,
            "9792" : 411,
            "9920" : 390,
            "10048" : 360,
            "10176" : 316,
            "10304" : 322,
            "10432" : 315,
            "10560" : 330,
            "10688" : 335,
            "10816" : 305,
            "10944" : 310,
            "11072" : 283,
            "11200" : 265,
            "11328" : 226,
            "11456" : 205,
            "11584" : 177,
            "11712" : 159,
            "11840" : 167,
            "11968" : 137,
            "12096" : 125,
            "12224" : 113,
            "12352" : 102,
            "12480" : 102,
            "12608" : 86,
            "12736" : 79,
            "12864" : 57,
            "12992" : 55,
            "13120" : 51,
            "13248" : 56,
            "13376" : 45,
            "13504" : 49,
            "13632" : 45,
            "13760" : 37,
            "13888" : 27,
            "14016" : 24,
            "14144" : 29,
            "14272" : 28,
            "14400" : 24,
            "14528" : 28,
            "14656" : 10,
            "14784" : 26,
            "14912" : 17,
            "15040" : 18,
            "15168" : 21,
            "15296" : 13,
            "15424" : 12,
            "15552" : 7,
            "15680" : 15,
            "15808" : 10,
            "15936" : 7,
            "16064" : 9,
            "16192" : 7,
            "16320" : 7,
            "16512" : 19,
            "16768" : 15,
            "17024" : 17,
            "17280" : 14,
            "17536" : 18,
            "17792" : 14,
            "18048" : 11,
            "18304" : 18,
            "18560" : 9,
            "18816" : 14,
            "19072" : 15,
            "19328" : 15,
            "19584" : 8,
            "19840" : 13,
            "20096" : 14,
            "20352" : 15,
            "20608" : 13,
            "20864" : 4,
            "21120" : 11,
            "21376" : 12,
            "21632" : 12,
            "21888" : 7,
            "22144" : 7,
            "22400" : 13,
            "22656" : 4,
            "22912" : 7,
            "23168" : 8,
            "23424" : 6,
            "23680" : 8,
            "23936" : 4,
            "24192" : 7,
            "24448" : 1,
            "24704" : 8,
            "24960" : 9,
            "25216" : 8,
            "25472" : 6,
            "25728" : 12,
            "25984" : 7,
            "26240" : 4,
            "26496" : 3,
            "26752" : 7,
            "27008" : 8,
            "27264" : 7,
            "27520" : 2,
            "27776" : 4,
            "28032" : 3,
            "28288" : 5,
            "28544" : 2,
            "28800" : 6,
            "29056" : 5,
            "29312" : 5,
            "29568" : 4,
            "29824" : 3,
            "30080" : 6,
            "30336" : 2,
            "30592" : 4,
            "30848" : 4,
            "31104" : 4,
            "31360" : 3,
            "31616" : 4,
            "31872" : 7,
            "32128" : 4,
            "32384" : 3,
            "32640" : 6,
            "33024" : 1,
            "33536" : 5,
            "34048" : 2,
            "34560" : 6,
            "35072" : 3,
            "35584" : 5,
            "36096" : 1,
            "36608" : 3,
            "37120" : 2,
            "37632" : 3,
            "38144" : 1,
            "38656" : 7,
            "39168" : 3,
            "39680" : 3,
            "40192" : 3,
            "40704" : 2,
            "41216" : 1,
            "41728" : 3,
            "42240" : 2,
            "42752" : 1,
            "43264" : 4,
            "43776" : 2,
            "44288" : 3,
            "45312" : 5,
            "45824" : 1,
            "46336" : 1,
            "46848" : 4,
            "47360" : 1,
            "48384" : 2,
            "48896" : 3,
            "49408" : 1,
            "49920" : 2,
            "50944" : 1,
            "51456" : 1,
            "52480" : 3,
            "53504" : 1,
            "54016" : 1,
            "55040" : 3,
            "55552" : 1,
            "56064" : 1,
            "57088" : 1,
            "58112" : 2,
            "59648" : 1,
            "60672" : 1,
            "61184" : 1,
            "63232" : 2,
            "64256" : 2,
            "64768" : 1,
            "67072" : 2,
            "68096" : 1,
            "71168" : 2,
            "73216" : 1,
            "74240" : 1,
            "79360" : 1,
            "82432" : 1,
            "83456" : 2,
            "84480" : 1,
            "85504" : 1,
            "87552" : 1,
            "92672" : 1,
            "96768" : 1,
            "98816" : 1,
            "109056" : 1,
            "111104" : 2,
            "113152" : 1,
            "115200" : 1,
            "117248" : 1,
            "122368" : 1,
            "123392" : 1,
            "128512" : 1,
            "136192" : 1,
            "142336" : 1,
            "146432" : 1,
            "152576" : 1,
            "158720" : 3,
            "173056" : 1,
            "177152" : 1,
            "179200" : 1,
            "181248" : 1,
            "193536" : 1,
            "201728" : 1,
            "366592" : 1,
            "4014080" : 1
          }
        },
        "lat_ns" : {
          "min" : 885,
          "max" : 4020151,
          "mean" : 2635.316801,
          "stddev" : 4723.228806,
          "N" : 905396,
          "percentile" : {
            "1.000000" : 1112,
            "5.000000" : 1144,
            "10.000000" : 1176,
            "20.000000" : 1496,
            "30.000000" : 1608,
            "40.000000" : 1784,
            "50.000000" : 1944,
            "60.000000" : 2320,
            "70.000000" : 2576,
            "80.000000" : 3088,
            "90.000000" : 5472,
            "95.000000" : 6304,
            "99.000000" : 9536,
            "99.500000" : 11072,
            "99.900000" : 14784,
            "99.950000" : 20864,
            "99.990000" : 44288
          },
          "bins" : {
            "884" : 1,
            "892" : 46,
            "900" : 229,
            "908" : 453,
            "916" : 585,
            "924" : 570,
            "932" : 564,
            "940" : 450,
            "948" : 339,
            "956" : 207,
            "964" : 98,
            "972" : 77,
            "980" : 48,
            "988" : 42,
            "996" : 35,
            "1004" : 33,
            "1012" : 40,
            "1020" : 39,
            "1032" : 163,
            "1048" : 358,
            "1064" : 570,
            "1080" : 484,
            "1096" : 546,
            "1112" : 3766,
            "1128" : 15933,
            "1144" : 24310,
            "1160" : 25071,
            "1176" : 22432,
            "1192" : 16361,
            "1208" : 12316,
            "1224" : 8646,
            "1240" : 5788,
            "1256" : 4181,
            "1272" : 3113,
            "1288" : 2540,
            "1304" : 2085,
            "1320" : 1832,
            "1336" : 1593,
            "1352" : 1463,
            "1368" : 1393,
            "1384" : 1370,
            "1400" : 1461,
            "1416" : 1646,
            "1432" : 1820,
            "1448" : 2004,
            "1464" : 3510,
            "1480" : 6401,
            "1496" : 10640,
            "1512" : 14318,
            "1528" : 15729,
            "1544" : 14956,
            "1560" : 12774,
            "1576" : 10828,
            "1592" : 8776,
            "1608" : 7379,
            "1624" : 6362,
            "1640" : 5556,
            "1656" : 5559,
            "1672" : 5701,
            "1688" : 6630,
            "1704" : 8311,
            "1720" : 9785,
            "1736" : 11670,
            "1752" : 11703,
            "1768" : 11912,
            "1784" : 11648,
            "1800" : 11063,
            "1816" : 10751,
            "1832" : 10208,
            "1848" : 10157,
            "1864" : 9564,
            "1880" : 8731,
            "1896" : 8513,
            "1912" : 7984,
            "1928" : 7948,
            "1944" : 7435,
            "1960" : 6529,
            "1976" : 5873,
            "1992" : 5161,
            "2008" : 4856,
            "2024" : 4448,
            "2040" : 3943,
            "2064" : 7512,
            "2096" : 7305,
            "2128" : 6801,
            "2160" : 6097,
            "2192" : 5598,
            "2224" : 5376,
            "2256" : 5990,
            "2288" : 7363,
            "2320" : 9024,
            "2352" : 9923,
            "2384" : 10187,
            "2416" : 10814,
            "2448" : 11011,
            "2480" : 11555,
            "2512" : 11328,
            "2544" : 11361,
            "2576" : 11820,
            "2608" : 11221,
            "2640" : 10756,
            "2672" : 9314,
            "2704" : 7721,
            "2736" : 6468,
            "2768" : 5533,
            "2800" : 4881,
            "2832" : 4681,
            "2864" : 4369,
            "2896" : 3923,
            "2928" : 3431,
            "2960" : 2931,
            "2992" : 2682,
            "3024" : 2503,
            "3056" : 2378,
            "3088" : 2180,
            "3120" : 2025,
            "3152" : 1783,
            "3184" : 1699,
            "3216" : 1653,
            "3248" : 1527,
            "3280" : 1398,
            "3312" : 1330,
            "3344" : 1265,
            "3376" : 1195,
            "3408" : 1208,
            "3440" : 1161,
            "3472" : 1088,
            "3504" : 1140,
            "3536" : 1077,
            "3568" : 1094,
            "3600" : 1091,
            "3632" : 1181,
            "3664" : 1112,
            "3696" : 1223,
            "3728" : 1195,
            "3760" : 1262,
            "3792" : 1247,
            "3824" : 1190,
            "3856" : 1175,
            "3888" : 1198,
            "3920" : 1176,
            "3952" : 1194,
            "3984" : 1211,
            "4016" : 1274,
            "4048" : 1237,
            "4080" : 1260,
            "4128" : 2617,
            "4192" : 2477,
            "4256" : 2306,
            "4320" : 2323,
            "4384" : 2161,
            "4448" : 2008,
            "4512" : 1822,
            "4576" : 1767,
            "4640" : 1719,
            "4704" : 1651,
            "4768" : 1611,
            "4832" : 1677,
            "4896" : 1709,
            "4960" : 1929,
            "5024" : 1962,
            "5088" : 2098,
            "5152" : 2465,
            "5216" : 2993,
            "5280" : 3445,
            "5344" : 3842,
            "5408" : 3541,
            "5472" : 3758,
            "5536" : 3722,
            "5600" : 4001,
            "5664" : 4110,
            "5728" : 3881,
            "5792" : 3472,
            "5856" : 3365,
            "5920" : 3642,
            "5984" : 4032,
            "6048" : 4022,
            "6112" : 3536,
            "6176" : 2957,
            "6240" : 2610,
            "6304" : 2448,
            "6368" : 2360,
            "6432" : 2068,
            "6496" : 1842,
            "6560" : 1649,
            "6624" : 1353,
            "6688" : 1237,
            "6752" : 1007,
            "6816" : 925,
            "6880" : 874,
            "6944" : 786,
            "7008" : 673,
            "7072" : 699,
            "7136" : 562,
            "7200" : 556,
            "7264" : 506,
            "7328" : 639,
            "7392" : 580,
            "7456" : 638,
            "7520" : 583,
            "7584" : 597,
            "7648" : 663,
            "7712" : 687,
            "7776" : 633,
            "7840" : 659,
            "7904" : 604,
            "7968" : 507,
            "8032" : 530,
            "8096" : 527,
            "8160" : 503,
            "8256" : 938,
            "8384" : 868,
            "8512" : 948,
            "8640" : 956,
            "8768" : 870,
            "8896" : 835,
            "9024" : 859,
            "9152" : 788,
            "9280" : 693,
            "9408" : 635,
            "9536" : 556,
            "9664" : 560,
            "9792" : 551,
            "9920" : 447,
            "10048" : 416,
            "10176" : 421,
            "10304" : 347,
            "10432" : 357,
            "10560" : 343,
            "10688" : 324,
            "10816" : 376,
            "10944" : 336,
            "11072" : 352,
            "11200" : 332,
            "11328" : 287,
            "11456" : 290,
            "11584" : 223,
            "11712" : 215,
            "11840" : 186,
            "11968" : 177,
            "12096" : 182,
            "12224" : 133,
            "12352" : 137,
            "12480" : 122,
            "12608" : 109,
            "12736" : 109,
            "12864" : 98,
            "12992" : 75,
            "13120" : 66,
            "13248" : 64,
            "13376" : 62,
            "13504" : 50,
            "13632" : 49,
            "13760" : 58,
            "13888" : 53,
            "14016" : 33,
            "14144" : 30,
            "14272" : 38,
            "14400" : 31,
            "14528" : 28,
            "14656" : 26,
            "14784" : 19,
            "14912" : 24,
            "15040" : 18,
            "15168" : 21,
            "15296" : 19,
            "15424" : 20,
            "15552" : 13,
            "15680" : 14,
            "15808" : 11,
            "15936" : 11,
            "16064" : 10,
            "16192" : 10,
            "16320" : 4,
            "16512" : 23,
            "16768" : 18,
            "17024" : 20,
            "17280" : 10,
            "17536" : 19,
            "17792" : 16,
            "18048" : 13,
            "18304" : 20,
            "18560" : 9,
            "18816" : 15,
            "19072" : 13,
            "19328" : 21,
            "19584" : 9,
            "19840" : 9,
            "20096" : 17,
            "20352" : 10,
            "20608" : 11,
            "20864" : 15,
            "21120" : 6,
            "21376" : 16,
            "21632" : 9,
            "21888" : 12,
            "22144" : 8,
            "22400" : 11,
            "22656" : 5,
            "22912" : 12,
            "23168" : 10,
            "23424" : 6,
            "23680" : 6,
            "23936" : 5,
            "24192" : 7,
            "24448" : 3,
            "24704" : 3,
            "24960" : 9,
            "25216" : 11,
            "25472" : 9,
            "25728" : 8,
            "25984" : 12,
            "26240" : 3,
            "26496" : 2,
            "26752" : 7,
            "27008" : 6,
            "27264" : 11,
            "27520" : 3,
            "27776" : 3,
            "28032" : 4,
            "28288" : 3,
            "28544" : 4,
            "28800" : 5,
            "29056" : 5,
            "29312" : 4,
            "29568" : 4,
            "29824" : 2,
            "30080" : 5,
            "30336" : 6,
            "30592" : 4,
            "30848" : 3,
            "31104" : 4,
            "31360" : 2,
            "31616" : 5,
            "31872" : 4,
            "32128" : 7,
            "32384" : 4,
            "32640" : 3,
            "33024" : 5,
            "33536" : 6,
            "34048" : 3,
            "34560" : 6,
            "35072" : 5,
            "35584" : 3,
            "36096" : 3,
            "36608" : 3,
            "37120" : 3,
            "37632" : 2,
            "38144" : 5,
            "38656" : 4,
            "39168" : 7,
            "39680" : 2,
            "40192" : 3,
            "40704" : 3,
            "41216" : 2,
            "41728" : 3,
            "42240" : 2,
            "42752" : 1,
            "43264" : 4,
            "43776" : 3,
            "44288" : 2,
            "44800" : 1,
            "45312" : 4,
            "45824" : 2,
            "46848" : 4,
            "47360" : 2,
            "48384" : 2,
            "48896" : 2,
            "49408" : 1,
            "49920" : 2,
            "50432" : 1,
            "50944" : 1,
            "51456" : 1,
            "52480" : 3,
            "52992" : 1,
            "53504" : 1,
            "54016" : 2,
            "55040" : 1,
            "55552" : 2,
            "56064" : 2,
            "57088" : 1,
            "58112" : 2,
            "59648" : 1,
            "60672" : 1,
            "61184" : 1,
            "62720" : 1,
            "63232" : 2,
            "64256" : 2,
            "65280" : 1,
            "67072" : 1,
            "68096" : 2,
            "71168" : 2,
            "73216" : 1,
            "74240" : 1,
            "80384" : 2,
            "83456" : 3,
            "84480" : 1,
            "86528" : 1,
            "88576" : 1,
            "93696" : 1,
            "96768" : 1,
            "98816" : 1,
            "109056" : 1,
            "111104" : 2,
            "113152" : 1,
            "115200" : 1,
            "117248" : 1,
            "122368" : 1,
            "123392" : 1,
            "128512" : 1,
            "136192" : 1,
            "142336" : 1,
            "146432" : 1,
            "152576" : 1,
            "158720" : 3,
            "173056" : 1,
            "177152" : 1,
            "179200" : 1,
            "183296" : 1,
            "193536" : 1,
            "201728" : 1,
            "366592" : 1,
            "4014080" : 1
          }
        },
        "bw_min" : 179568,
        "bw_max" : 278376,
        "bw_agg" : 100.000000,
        "bw_mean" : 242551.172414,
        "bw_dev" : 28102.031271,
        "bw_samples" : 29,
        "iops_min" : 44892,
        "iops_max" : 69594,
        "iops_mean" : 60637.862069,
        "iops_stddev" : 7025.565883,
        "iops_samples" : 29
      },
      "trim" : {
        "io_bytes" : 0,
        "io_kbytes" : 0,
        "bw_bytes" : 0,
        "bw" : 0,
        "iops" : 0.000000,
        "runtime" : 0,
        "total_ios" : 0,
        "short_ios" : 0,
        "drop_ios" : 0,
        "slat_ns" : {
          "min" : 0,
          "max" : 0,
          "mean" : 0.000000,
          "stddev" : 0.000000,
          "N" : 0
        },
        "clat_ns" : {
          "min" : 0,
          "max" : 0,
          "mean" : 0.000000,
          "stddev" : 0.000000,
          "N" : 0
        },
        "lat_ns" : {
          "min" : 0,
          "max" : 0,
          "mean" : 0.000000,
          "stddev" : 0.000000,
          "N" : 0
        },
        "bw_min" : 0,
        "bw_max" : 0,
        "bw_agg" : 0.000000,
        "bw_mean" : 0.000000,
        "bw_dev" : 0.000000,
        "bw_samples" : 0,
        "iops_min" : 0,
        "iops_max" : 0,
        "iops_mean" : 0.000000,
        "iops_stddev" : 0.000000,
        "iops_samples" : 0
      },
      "sync" : {
        "total_ios" : 0,
        "lat_ns" : {
          "min" : 0,
          "max" : 0,
          "mean" : 0.000000,
          "stddev" : 0.000000,
          "N" : 0
        }
      },
      "job_runtime" : 15000,
      "usr_cpu" : 15.153333,
      "sys_cpu" : 67.646667,
      "ctx" : 501560,
      "majf" : 0,
      "minf" : 20,
      "iodepth_level" : {
        "1" : 100.000000,
        "2" : 0.000000,
        "4" : 0.000000,
        "8" : 0.000000,
        "16" : 0.000000,
        "32" : 0.000000,
        ">=64" : 0.000000
      },
      "iodepth_submit" : {
        "0" : 0.000000,
        "4" : 100.000000,
        "8" : 0.000000,
        "16" : 0.000000,
        "32" : 0.000000,
        "64" : 0.000000,
        ">=64" : 0.000000
      },
      "iodepth_complete" : {
        "0" : 0.000000,
        "4" : 100.000000,
        "8" : 0.000000,
        "16" : 0.000000,
        "32" : 0.000000,
        "64" : 0.000000,
        ">=64" : 0.000000
      },
      "latency_ns" : {
        "2" : 0.000000,
        "4" : 0.000000,
        "10" : 0.000000,
        "20" : 0.000000,
        "50" : 0.000000,
        "100" : 0.000000,
        "250" : 0.000000,
        "500" : 0.000000,
        "750" : 1.428661,
        "1000" : 14.639079
      },
      "latency_us" : {
        "2" : 33.530311,
        "4" : 14.966499,
        "10" : 14.379484,
        "20" : 19.421130,
        "50" : 1.580257,
        "100" : 0.036147,
        "250" : 0.013190,
        "500" : 0.010000,
        "750" : 0.010000,
        "1000" : 0.010000
      },
      "latency_ms" : {
        "2" : 0.010000,
        "4" : 0.010000,
        "10" : 0.010000,
        "20" : 0.000000,
        "50" : 0.000000,
        "100" : 0.000000,
        "250" : 0.000000,
        "500" : 0.000000,
        "750" : 0.000000,
        "1000" : 0.000000,
        "2000" : 0.000000,
        ">=2000" : 0.000000
      },
      "latency_depth" : 128,
      "latency_target" : 0,
      "latency_percentile" : 100.000000,
      "latency_window" : 0
    }
  ],
  "disk_util" : [
    {
      "name" : "loop25",
      "read_ios" : 474894,
      "write_ios" : 893817,
      "read_merges" : 0,
      "write_merges" : 0,
      "read_ticks" : 4094,
      "write_ticks" : 9810,
      "in_queue" : 4,
      "util" : 99.359488
    }
  ]
}
