{
  "fio version" : "fio-3.32-36-g5932",
  "timestamp" : 1663459343,
  "timestamp_ms" : 1663459343988,
  "time" : "Sun Sep 18 02:02:23 2022",
  "global options" : {
    "size" : "4K",
    "rw" : "randrw",
    "bs" : "4K",
    "numjobs" : "1",
    "iodepth" : "128",
    "runtime" : "300",
    "end_fsync" : "1",
    "lat_percentiles" : "1",
    "slat_percentiles" : "1",
    "clat_percentiles" : "1"
  },
  "jobs" : [
    {
      "jobname" : "random-rw",
      "groupid" : 0,
      "error" : 0,
      "eta" : 0,
      "elapsed" : 301,
      "job options" : {
        "name" : "random-rw"
      },
      "read" : {
        "io_bytes" : 70507261952,
        "io_kbytes" : 68854748,
        "bw_bytes" : 235023423,
        "bw" : 229515,
        "iops" : 57378.765404,
        "runtime" : 300001,
        "total_ios" : 17213687,
        "short_ios" : 0,
        "drop_ios" : 0,
        "slat_ns" : {
          "min" : 0,
          "max" : 0,
          "mean" : 0.000000,
          "stddev" : 0.000000,
          "N" : 0
        },
        "clat_ns" : {
          "min" : 706,
          "max" : 4852557,
          "mean" : 5997.040331,
          "stddev" : 7083.146018,
          "N" : 17213687,
          "percentile" : {
            "1.000000" : 828,
            "5.000000" : 868,
            "10.000000" : 916,
            "20.000000" : 988,
            "30.000000" : 1048,
            "40.000000" : 1208,
            "50.000000" : 6112,
            "60.000000" : 6368,
            "70.000000" : 6880,
            "80.000000" : 12864,
            "90.000000" : 13888,
            "95.000000" : 14784,
            "99.000000" : 16064,
            "99.500000" : 18816,
            "99.900000" : 24704,
            "99.950000" : 27520,
            "99.990000" : 59648
          },
          "bins" : {
            "708" : 1,
            "716" : 1,
            "724" : 4,
            "732" : 23,
            "740" : 83,
            "748" : 214,
            "756" : 821,
            "764" : 2589,
            "772" : 5912,
            "780" : 9928,
            "788" : 13510,
            "796" : 16157,
            "804" : 22935,
            "812" : 34493,
            "820" : 55319,
            "828" : 82914,
            "836" : 106644,
            "844" : 141875,
            "852" : 163224,
            "860" : 178445,
            "868" : 178312,
            "876" : 161566,
            "884" : 155298,
            "892" : 137466,
            "900" : 123658,
            "908" : 112052,
            "916" : 101967,
            "924" : 108733,
            "932" : 113371,
            "940" : 127607,
            "948" : 146017,
            "956" : 164281,
            "964" : 206491,
            "972" : 238583,
            "980" : 270085,
            "988" : 282192,
            "996" : 272983,
            "1004" : 283661,
            "1012" : 275453,
            "1020" : 274958,
            "1032" : 535261,
            "1048" : 536546,
            "1064" : 463126,
            "1080" : 324586,
            "1096" : 209174,
            "1112" : 117213,
            "1128" : 63741,
            "1144" : 32120,
            "1160" : 16258,
            "1176" : 9740,
            "1192" : 6408,
            "1208" : 5022,
            "1224" : 4016,
            "1240" : 3398,
            "1256" : 3094,
            "1272" : 2832,
            "1288" : 2878,
            "1304" : 2848,
            "1320" : 2605,
            "1336" : 2624,
            "1352" : 2628,
            "1368" : 2518,
            "1384" : 2387,
            "1400" : 2280,
            "1416" : 2145,
            "1432" : 2020,
            "1448" : 1899,
            "1464" : 1720,
            "1480" : 1703,
            "1496" : 1604,
            "1512" : 1580,
            "1528" : 1428,
            "1544" : 1388,
            "1560" : 1279,
            "1576" : 1203,
            "1592" : 1063,
            "1608" : 986,
            "1624" : 952,
            "1640" : 885,
            "1656" : 830,
            "1672" : 816,
            "1688" : 722,
            "1704" : 724,
            "1720" : 655,
            "1736" : 688,
            "1752" : 604,
            "1768" : 583,
            "1784" : 606,
            "1800" : 525,
            "1816" : 543,
            "1832" : 482,
            "1848" : 505,
            "1864" : 460,
            "1880" : 471,
            "1896" : 512,
            "1912" : 416,
            "1928" : 423,
            "1944" : 453,
            "1960" : 429,
            "1976" : 446,
            "1992" : 469,
            "2008" : 436,
            "2024" : 455,
            "2040" : 394,
            "2064" : 763,
            "2096" : 754,
            "2128" : 791,
            "2160" : 638,
            "2192" : 603,
            "2224" : 527,
            "2256" : 521,
            "2288" : 418,
            "2320" : 375,
            "2352" : 359,
            "2384" : 295,
            "2416" : 248,
            "2448" : 215,
            "2480" : 178,
            "2512" : 153,
            "2544" : 129,
            "2576" : 107,
            "2608" : 80,
            "2640" : 69,
            "2672" : 52,
            "2704" : 40,
            "2736" : 39,
            "2768" : 34,
            "2800" : 37,
            "2832" : 35,
            "2864" : 36,
            "2896" : 18,
            "2928" : 27,
            "2960" : 26,
            "2992" : 17,
            "3024" : 16,
            "3056" : 11,
            "3088" : 14,
            "3120" : 7,
            "3152" : 13,
            "3184" : 13,
            "3216" : 8,
            "3248" : 11,
            "3280" : 13,
            "3312" : 10,
            "3344" : 8,
            "3376" : 8,
            "3408" : 6,
            "3440" : 36,
            "3472" : 164,
            "3504" : 500,
            "3536" : 1456,
            "3568" : 3162,
            "3600" : 6049,
            "3632" : 10367,
            "3664" : 14954,
            "3696" : 17942,
            "3728" : 17315,
            "3760" : 15616,
            "3792" : 13966,
            "3824" : 13262,
            "3856" : 14410,
            "3888" : 17215,
            "3920" : 21690,
            "3952" : 26038,
            "3984" : 28539,
            "4016" : 28823,
            "4048" : 26879,
            "4080" : 25265,
            "4128" : 44240,
            "4192" : 33576,
            "4256" : 22889,
            "4320" : 16535,
            "4384" : 12404,
            "4448" : 11964,
            "4512" : 19679,
            "4576" : 27558,
            "4640" : 27166,
            "4704" : 40273,
            "4768" : 86276,
            "4832" : 127125,
            "4896" : 137232,
            "4960" : 104899,
            "5024" : 56700,
            "5088" : 22630,
            "5152" : 11443,
            "5216" : 12287,
            "5280" : 22851,
            "5344" : 44445,
            "5408" : 48719,
            "5472" : 27213,
            "5536" : 8729,
            "5600" : 3028,
            "5664" : 1856,
            "5728" : 1525,
            "5792" : 1504,
            "5856" : 1352,
            "5920" : 1574,
            "5984" : 15700,
            "6048" : 151078,
            "6112" : 415956,
            "6176" : 443714,
            "6240" : 413837,
            "6304" : 451182,
            "6368" : 274312,
            "6432" : 84090,
            "6496" : 20935,
            "6560" : 10881,
            "6624" : 35132,
            "6688" : 162136,
            "6752" : 427588,
            "6816" : 659276,
            "6880" : 580490,
            "6944" : 276526,
            "7008" : 80045,
            "7072" : 21003,
            "7136" : 9146,
            "7200" : 5700,
            "7264" : 4276,
            "7328" : 3671,
            "7392" : 3455,
            "7456" : 3664,
            "7520" : 4160,
            "7584" : 4225,
            "7648" : 3861,
            "7712" : 3443,
            "7776" : 2854,
            "7840" : 2296,
            "7904" : 1989,
            "7968" : 1692,
            "8032" : 1570,
            "8096" : 1466,
            "8160" : 1302,
            "8256" : 2477,
            "8384" : 2145,
            "8512" : 1958,
            "8640" : 2007,
            "8768" : 2301,
            "8896" : 2444,
            "9024" : 2220,
            "9152" : 2263,
            "9280" : 4034,
            "9408" : 9898,
            "9536" : 19893,
            "9664" : 24127,
            "9792" : 18768,
            "9920" : 14872,
            "10048" : 17849,
            "10176" : 21872,
            "10304" : 19834,
            "10432" : 15822,
            "10560" : 22749,
            "10688" : 35239,
            "10816" : 51220,
            "10944" : 58399,
            "11072" : 65166,
            "11200" : 57045,
            "11328" : 48596,
            "11456" : 40437,
            "11584" : 29360,
            "11712" : 22499,
            "11840" : 26418,
            "11968" : 41889,
            "12096" : 45083,
            "12224" : 39823,
            "12352" : 39947,
            "12480" : 32534,
            "12608" : 29932,
            "12736" : 49485,
            "12864" : 112591,
            "12992" : 168446,
            "13120" : 162188,
            "13248" : 175982,
            "13376" : 165752,
            "13504" : 179282,
            "13632" : 244086,
            "13760" : 286434,
            "13888" : 252027,
            "14016" : 169088,
            "14144" : 112978,
            "14272" : 92873,
            "14400" : 118474,
            "14528" : 137455,
            "14656" : 132373,
            "14784" : 120119,
            "14912" : 126510,
            "15040" : 141142,
            "15168" : 89482,
            "15296" : 43550,
            "15424" : 26707,
            "15552" : 29817,
            "15680" : 54507,
            "15808" : 78510,
            "15936" : 57628,
            "16064" : 25589,
            "16192" : 10310,
            "16320" : 6616,
            "16512" : 9851,
            "16768" : 6775,
            "17024" : 5805,
            "17280" : 5452,
            "17536" : 5466,
            "17792" : 5325,
            "18048" : 5244,
            "18304" : 5202,
            "18560" : 5312,
            "18816" : 5279,
            "19072" : 5102,
            "19328" : 4988,
            "19584" : 4784,
            "19840" : 4540,
            "20096" : 4248,
            "20352" : 4110,
            "20608" : 4106,
            "20864" : 3733,
            "21120" : 3289,
            "21376" : 2996,
            "21632" : 2776,
            "21888" : 2612,
            "22144" : 2451,
            "22400" : 2266,
            "22656" : 2119,
            "22912" : 1952,
            "23168" : 1756,
            "23424" : 1630,
            "23680" : 1386,
            "23936" : 1362,
            "24192" : 1229,
            "24448" : 1155,
            "24704" : 1058,
            "24960" : 992,
            "25216" : 994,
            "25472" : 894,
            "25728" : 857,
            "25984" : 860,
            "26240" : 765,
            "26496" : 716,
            "26752" : 643,
            "27008" : 606,
            "27264" : 566,
            "27520" : 557,
            "27776" : 498,
            "28032" : 419,
            "28288" : 373,
            "28544" : 336,
            "28800" : 324,
            "29056" : 270,
            "29312" : 248,
            "29568" : 201,
            "29824" : 201,
            "30080" : 172,
            "30336" : 160,
            "30592" : 150,
            "30848" : 112,
            "31104" : 111,
            "31360" : 92,
            "31616" : 97,
            "31872" : 89,
            "32128" : 82,
            "32384" : 61,
            "32640" : 74,
            "33024" : 116,
            "33536" : 132,
            "34048" : 125,
            "34560" : 103,
            "35072" : 103,
            "35584" : 98,
            "36096" : 73,
            "36608" : 79,
            "37120" : 77,
            "37632" : 85,
            "38144" : 80,
            "38656" : 97,
            "39168" : 76,
            "39680" : 62,
            "40192" : 71,
            "40704" : 48,
            "41216" : 50,
            "41728" : 67,
            "42240" : 54,
            "42752" : 53,
            "43264" : 57,
            "43776" : 37,
            "44288" : 61,
            "44800" : 66,
            "45312" : 51,
            "45824" : 39,
            "46336" : 35,
            "46848" : 32,
            "47360" : 36,
            "47872" : 43,
            "48384" : 35,
            "48896" : 30,
            "49408" : 31,
            "49920" : 31,
            "50432" : 23,
            "50944" : 28,
            "51456" : 26,
            "51968" : 24,
            "52480" : 22,
            "52992" : 20,
            "53504" : 26,
            "54016" : 20,
            "54528" : 26,
            "55040" : 23,
            "55552" : 25,
            "56064" : 18,
            "56576" : 22,
            "57088" : 19,
            "57600" : 24,
            "58112" : 23,
            "58624" : 18,
            "59136" : 21,
            "59648" : 17,
            "60160" : 22,
            "60672" : 9,
            "61184" : 18,
            "61696" : 24,
            "62208" : 20,
            "62720" : 16,
            "63232" : 22,
            "63744" : 19,
            "64256" : 20,
            "64768" : 20,
            "65280" : 21,
            "66048" : 42,
            "67072" : 44,
            "68096" : 33,
            "69120" : 35,
            "70144" : 30,
            "71168" : 33,
            "72192" : 39,
            "73216" : 33,
            "74240" : 43,
            "75264" : 32,
            "76288" : 25,
            "77312" : 22,
            "78336" : 22,
            "79360" : 26,
            "80384" : 19,
            "81408" : 14,
            "82432" : 19,
            "83456" : 18,
            "84480" : 9,
            "85504" : 7,
            "86528" : 19,
            "87552" : 14,
            "88576" : 16,
            "89600" : 12,
            "90624" : 12,
            "91648" : 18,
            "92672" : 12,
            "93696" : 8,
            "94720" : 7,
            "95744" : 14,
            "96768" : 13,
            "97792" : 6,
            "98816" : 5,
            "99840" : 8,
            "100864" : 13,
            "101888" : 4,
            "102912" : 7,
            "103936" : 7,
            "104960" : 11,
            "105984" : 7,
            "107008" : 5,
            "108032" : 9,
            "109056" : 7,
            "110080" : 3,
            "111104" : 7,
            "112128" : 9,
            "113152" : 5,
            "114176" : 8,
            "115200" : 1,
            "116224" : 4,
            "117248" : 7,
            "118272" : 1,
            "119296" : 3,
            "120320" : 1,
            "121344" : 4,
            "122368" : 6,
            "123392" : 6,
            "124416" : 5,
            "125440" : 4,
            "126464" : 4,
            "127488" : 4,
            "128512" : 2,
            "129536" : 2,
            "130560" : 5,
            "132096" : 7,
            "134144" : 12,
            "136192" : 11,
            "138240" : 5,
            "140288" : 9,
            "142336" : 9,
            "144384" : 7,
            "146432" : 5,
            "148480" : 8,
            "150528" : 12,
            "152576" : 1,
            "154624" : 5,
            "156672" : 7,
            "158720" : 7,
            "160768" : 5,
            "162816" : 4,
            "164864" : 5,
            "166912" : 4,
            "168960" : 4,
            "171008" : 3,
            "173056" : 8,
            "175104" : 6,
            "177152" : 5,
            "179200" : 4,
            "181248" : 4,
            "183296" : 1,
            "185344" : 3,
            "187392" : 2,
            "189440" : 5,
            "191488" : 5,
            "193536" : 4,
            "197632" : 3,
            "199680" : 1,
            "201728" : 3,
            "205824" : 2,
            "207872" : 3,
            "209920" : 1,
            "211968" : 7,
            "214016" : 2,
            "216064" : 2,
            "218112" : 2,
            "220160" : 4,
            "222208" : 3,
            "224256" : 2,
            "226304" : 4,
            "228352" : 6,
            "232448" : 4,
            "234496" : 5,
            "236544" : 8,
            "238592" : 7,
            "240640" : 3,
            "242688" : 5,
            "244736" : 5,
            "246784" : 8,
            "248832" : 9,
            "252928" : 3,
            "257024" : 4,
            "259072" : 5,
            "261120" : 2,
            "264192" : 11,
            "268288" : 5,
            "272384" : 3,
            "276480" : 1,
            "280576" : 3,
            "288768" : 2,
            "292864" : 1,
            "296960" : 5,
            "305152" : 1,
            "309248" : 4,
            "313344" : 6,
            "317440" : 2,
            "321536" : 5,
            "325632" : 2,
            "329728" : 6,
            "333824" : 3,
            "337920" : 1,
            "342016" : 3,
            "346112" : 3,
            "350208" : 3,
            "354304" : 6,
            "358400" : 1,
            "362496" : 1,
            "370688" : 3,
            "378880" : 1,
            "382976" : 2,
            "387072" : 2,
            "391168" : 2,
            "395264" : 2,
            "399360" : 1,
            "403456" : 1,
            "407552" : 3,
            "411648" : 1,
            "415744" : 1,
            "419840" : 6,
            "423936" : 3,
            "428032" : 5,
            "432128" : 6,
            "436224" : 7,
            "440320" : 3,
            "444416" : 1,
            "448512" : 1,
            "452608" : 3,
            "473088" : 2,
            "489472" : 2,
            "501760" : 1,
            "509952" : 1,
            "528384" : 1,
            "544768" : 2,
            "552960" : 1,
            "561152" : 2,
            "569344" : 2,
            "585728" : 2,
            "593920" : 1,
            "602112" : 3,
            "610304" : 3,
            "618496" : 5,
            "626688" : 3,
            "634880" : 3,
            "643072" : 1,
            "651264" : 4,
            "659456" : 2,
            "667648" : 3,
            "684032" : 1,
            "692224" : 1,
            "700416" : 2,
            "708608" : 2,
            "716800" : 3,
            "724992" : 5,
            "733184" : 5,
            "741376" : 2,
            "757760" : 2,
            "765952" : 2,
            "790528" : 1,
            "798720" : 5,
            "806912" : 3,
            "815104" : 4,
            "823296" : 1,
            "831488" : 1,
            "839680" : 1,
            "847872" : 1,
            "856064" : 2,
            "864256" : 1,
            "872448" : 3,
            "880640" : 2,
            "888832" : 3,
            "897024" : 1,
            "905216" : 2,
            "913408" : 3,
            "929792" : 4,
            "937984" : 3,
            "946176" : 6,
            "954368" : 2,
            "962560" : 3,
            "970752" : 5,
            "978944" : 6,
            "987136" : 5,
            "995328" : 9,
            "1003520" : 6,
            "1011712" : 2,
            "1019904" : 4,
            "1028096" : 1,
            "1056768" : 1,
            "1073152" : 1,
            "1089536" : 2,
            "1105920" : 1,
            "1122304" : 2,
            "1138688" : 1,
            "1155072" : 1,
            "1187840" : 1,
            "1220608" : 2,
            "1286144" : 1,
            "1335296" : 1,
            "1368064" : 1,
            "1499136" : 1,
            "1515520" : 1,
            "1531904" : 1,
            "1581056" : 1,
            "1646592" : 1,
            "1695744" : 1,
            "1712128" : 1,
            "1728512" : 1,
            "1777664" : 1,
            "1974272" : 1,
            "2056192" : 1,
            "2072576" : 1,
            "2113536" : 1,
            "2342912" : 1,
            "2899968" : 1,
            "2932736" : 2,
            "3063808" : 2,
            "3096576" : 2,
            "3129344" : 1,
            "3162112" : 1,
            "4816896" : 4,
            "4882432" : 1
          }
        },
        "lat_ns" : {
          "min" : 763,
          "max" : 4852726,
          "mean" : 6089.043372,
          "stddev" : 7074.390093,
          "N" : 17213687,
          "percentile" : {
            "1.000000" : 900,
            "5.000000" : 956,
            "10.000000" : 1012,
            "20.000000" : 1096,
            "30.000000" : 1144,
            "40.000000" : 1480,
            "50.000000" : 6176,
            "60.000000" : 6432,
            "70.000000" : 7008,
            "80.000000" : 12864,
            "90.000000" : 14016,
            "95.000000" : 14912,
            "99.000000" : 16064,
            "99.500000" : 18816,
            "99.900000" : 24960,
            "99.950000" : 27776,
            "99.990000" : 59648
          },
          "bins" : {
            "764" : 2,
            "772" : 7,
            "780" : 17,
            "788" : 68,
            "796" : 175,
            "804" : 572,
            "812" : 1658,
            "820" : 4434,
            "828" : 8864,
            "836" : 12071,
            "844" : 14015,
            "852" : 13531,
            "860" : 13255,
            "868" : 13705,
            "876" : 13278,
            "884" : 16151,
            "892" : 22864,
            "900" : 38342,
            "908" : 60288,
            "916" : 81189,
            "924" : 109262,
            "932" : 127849,
            "940" : 144872,
            "948" : 151796,
            "956" : 144540,
            "964" : 146035,
            "972" : 134127,
            "980" : 124231,
            "988" : 113373,
            "996" : 102664,
            "1004" : 103569,
            "1012" : 101866,
            "1020" : 107112,
            "1032" : 231338,
            "1048" : 312815,
            "1064" : 438513,
            "1080" : 523696,
            "1096" : 550876,
            "1112" : 510531,
            "1128" : 507839,
            "1144" : 496160,
            "1160" : 432971,
            "1176" : 352274,
            "1192" : 241628,
            "1208" : 155665,
            "1224" : 86637,
            "1240" : 43016,
            "1256" : 22215,
            "1272" : 11522,
            "1288" : 7486,
            "1304" : 5472,
            "1320" : 4231,
            "1336" : 3451,
            "1352" : 2971,
            "1368" : 2740,
            "1384" : 2595,
            "1400" : 2412,
            "1416" : 2338,
            "1432" : 2197,
            "1448" : 2345,
            "1464" : 2239,
            "1480" : 2202,
            "1496" : 2198,
            "1512" : 2203,
            "1528" : 2255,
            "1544" : 2204,
            "1560" : 1864,
            "1576" : 2012,
            "1592" : 1725,
            "1608" : 1694,
            "1624" : 1580,
            "1640" : 1476,
            "1656" : 1441,
            "1672" : 1357,
            "1688" : 1276,
            "1704" : 1261,
            "1720" : 1132,
            "1736" : 1112,
            "1752" : 984,
            "1768" : 892,
            "1784" : 824,
            "1800" : 758,
            "1816" : 740,
            "1832" : 678,
            "1848" : 648,
            "1864" : 645,
            "1880" : 598,
            "1896" : 566,
            "1912" : 547,
            "1928" : 547,
            "1944" : 513,
            "1960" : 475,
            "1976" : 475,
            "1992" : 413,
            "2008" : 456,
            "2024" : 406,
            "2040" : 383,
            "2064" : 771,
            "2096" : 759,
            "2128" : 712,
            "2160" : 628,
            "2192" : 630,
            "2224" : 576,
            "2256" : 622,
            "2288" : 595,
            "2320" : 535,
            "2352" : 510,
            "2384" : 509,
            "2416" : 513,
            "2448" : 477,
            "2480" : 416,
            "2512" : 426,
            "2544" : 346,
            "2576" : 340,
            "2608" : 296,
            "2640" : 285,
            "2672" : 253,
            "2704" : 217,
            "2736" : 200,
            "2768" : 171,
            "2800" : 152,
            "2832" : 110,
            "2864" : 112,
            "2896" : 82,
            "2928" : 70,
            "2960" : 52,
            "2992" : 45,
            "3024" : 44,
            "3056" : 35,
            "3088" : 35,
            "3120" : 26,
            "3152" : 31,
            "3184" : 21,
            "3216" : 27,
            "3248" : 12,
            "3280" : 15,
            "3312" : 10,
            "3344" : 14,
            "3376" : 13,
            "3408" : 11,
            "3440" : 12,
            "3472" : 27,
            "3504" : 102,
            "3536" : 343,
            "3568" : 946,
            "3600" : 2303,
            "3632" : 4510,
            "3664" : 8329,
            "3696" : 12901,
            "3728" : 16028,
            "3760" : 16539,
            "3792" : 14628,
            "3824" : 12592,
            "3856" : 11901,
            "3888" : 12567,
            "3920" : 14075,
            "3952" : 16634,
            "3984" : 20253,
            "4016" : 24640,
            "4048" : 27704,
            "4080" : 29200,
            "4128" : 55512,
            "4192" : 48880,
            "4256" : 40045,
            "4320" : 29371,
            "4384" : 20186,
            "4448" : 14338,
            "4512" : 10913,
            "4576" : 15099,
            "4640" : 26302,
            "4704" : 27584,
            "4768" : 28578,
            "4832" : 62588,
            "4896" : 108266,
            "4960" : 135042,
            "5024" : 123463,
            "5088" : 80588,
            "5152" : 37756,
            "5216" : 14916,
            "5280" : 11157,
            "5344" : 16502,
            "5408" : 34013,
            "5472" : 50917,
            "5536" : 38424,
            "5600" : 15829,
            "5664" : 4706,
            "5728" : 2272,
            "5792" : 1802,
            "5856" : 1554,
            "5920" : 1558,
            "5984" : 2123,
            "6048" : 27567,
            "6112" : 200420,
            "6176" : 438160,
            "6240" : 421896,
            "6304" : 411150,
            "6368" : 438995,
            "6432" : 245458,
            "6496" : 70409,
            "6560" : 18570,
            "6624" : 8152,
            "6688" : 8358,
            "6752" : 46443,
            "6816" : 201319,
            "6880" : 481195,
            "6944" : 671074,
            "7008" : 525495,
            "7072" : 232167,
            "7136" : 63776,
            "7200" : 18122,
            "7264" : 8486,
            "7328" : 5583,
            "7392" : 4358,
            "7456" : 3699,
            "7520" : 3497,
            "7584" : 3772,
            "7648" : 4062,
            "7712" : 4180,
            "7776" : 3854,
            "7840" : 3342,
            "7904" : 2797,
            "7968" : 2212,
            "8032" : 1956,
            "8096" : 1681,
            "8160" : 1597,
            "8256" : 2855,
            "8384" : 2558,
            "8512" : 2213,
            "8640" : 1863,
            "8768" : 1967,
            "8896" : 2489,
            "9024" : 2537,
            "9152" : 2472,
            "9280" : 3141,
            "9408" : 6854,
            "9536" : 15806,
            "9664" : 23620,
            "9792" : 20911,
            "9920" : 15626,
            "10048" : 15614,
            "10176" : 20235,
            "10304" : 21601,
            "10432" : 16854,
            "10560" : 19307,
            "10688" : 28556,
            "10816" : 43050,
            "10944" : 55185,
            "11072" : 63444,
            "11200" : 62334,
            "11328" : 48348,
            "11456" : 42160,
            "11584" : 37168,
            "11712" : 26967,
            "11840" : 22373,
            "11968" : 34356,
            "12096" : 46401,
            "12224" : 40332,
            "12352" : 40726,
            "12480" : 38086,
            "12608" : 30058,
            "12736" : 35878,
            "12864" : 75975,
            "12992" : 147613,
            "13120" : 166962,
            "13248" : 166130,
            "13376" : 174416,
            "13504" : 163864,
            "13632" : 210019,
            "13760" : 248375,
            "13888" : 272907,
            "14016" : 229699,
            "14144" : 147026,
            "14272" : 96367,
            "14400" : 106430,
            "14528" : 123036,
            "14656" : 131232,
            "14784" : 141076,
            "14912" : 129998,
            "15040" : 146349,
            "15168" : 111347,
            "15296" : 55396,
            "15424" : 31227,
            "15552" : 27069,
            "15680" : 41676,
            "15808" : 74635,
            "15936" : 69460,
            "16064" : 34423,
            "16192" : 15871,
            "16320" : 8488,
            "16512" : 11010,
            "16768" : 7348,
            "17024" : 5892,
            "17280" : 5481,
            "17536" : 5533,
            "17792" : 5239,
            "18048" : 5266,
            "18304" : 5178,
            "18560" : 5241,
            "18816" : 5225,
            "19072" : 5228,
            "19328" : 5001,
            "19584" : 4836,
            "19840" : 4609,
            "20096" : 4365,
            "20352" : 4075,
            "20608" : 4159,
            "20864" : 3957,
            "21120" : 3377,
            "21376" : 3169,
            "21632" : 2807,
            "21888" : 2745,
            "22144" : 2485,
            "22400" : 2356,
            "22656" : 2192,
            "22912" : 2051,
            "23168" : 1810,
            "23424" : 1684,
            "23680" : 1456,
            "23936" : 1395,
            "24192" : 1303,
            "24448" : 1151,
            "24704" : 1109,
            "24960" : 1017,
            "25216" : 966,
            "25472" : 947,
            "25728" : 860,
            "25984" : 883,
            "26240" : 822,
            "26496" : 692,
            "26752" : 689,
            "27008" : 651,
            "27264" : 565,
            "27520" : 570,
            "27776" : 536,
            "28032" : 458,
            "28288" : 400,
            "28544" : 358,
            "28800" : 342,
            "29056" : 294,
            "29312" : 258,
            "29568" : 216,
            "29824" : 202,
            "30080" : 180,
            "30336" : 171,
            "30592" : 164,
            "30848" : 125,
            "31104" : 123,
            "31360" : 95,
            "31616" : 98,
            "31872" : 91,
            "32128" : 92,
            "32384" : 65,
            "32640" : 66,
            "33024" : 134,
            "33536" : 127,
            "34048" : 121,
            "34560" : 120,
            "35072" : 98,
            "35584" : 95,
            "36096" : 77,
            "36608" : 82,
            "37120" : 80,
            "37632" : 75,
            "38144" : 97,
            "38656" : 92,
            "39168" : 76,
            "39680" : 65,
            "40192" : 73,
            "40704" : 49,
            "41216" : 50,
            "41728" : 62,
            "42240" : 59,
            "42752" : 57,
            "43264" : 52,
            "43776" : 40,
            "44288" : 58,
            "44800" : 64,
            "45312" : 60,
            "45824" : 43,
            "46336" : 34,
            "46848" : 34,
            "47360" : 36,
            "47872" : 36,
            "48384" : 42,
            "48896" : 30,
            "49408" : 30,
            "49920" : 32,
            "50432" : 24,
            "50944" : 27,
            "51456" : 25,
            "51968" : 25,
            "52480" : 24,
            "52992" : 18,
            "53504" : 26,
            "54016" : 23,
            "54528" : 27,
            "55040" : 19,
            "55552" : 28,
            "56064" : 18,
            "56576" : 21,
            "57088" : 20,
            "57600" : 24,
            "58112" : 20,
            "58624" : 22,
            "59136" : 21,
            "59648" : 17,
            "60160" : 22,
            "60672" : 12,
            "61184" : 17,
            "61696" : 23,
            "62208" : 22,
            "62720" : 13,
            "63232" : 24,
            "63744" : 21,
            "64256" : 19,
            "64768" : 21,
            "65280" : 20,
            "66048" : 41,
            "67072" : 44,
            "68096" : 37,
            "69120" : 36,
            "70144" : 32,
            "71168" : 31,
            "72192" : 39,
            "73216" : 33,
            "74240" : 38,
            "75264" : 39,
            "76288" : 25,
            "77312" : 20,
            "78336" : 22,
            "79360" : 27,
            "80384" : 20,
            "81408" : 15,
            "82432" : 17,
            "83456" : 18,
            "84480" : 12,
            "85504" : 7,
            "86528" : 16,
            "87552" : 15,
            "88576" : 18,
            "89600" : 12,
            "90624" : 10,
            "91648" : 18,
            "92672" : 14,
            "93696" : 7,
            "94720" : 8,
            "95744" : 14,
            "96768" : 12,
            "97792" : 8,
            "98816" : 5,
            "99840" : 6,
            "100864" : 14,
            "101888" : 5,
            "102912" : 7,
            "103936" : 7,
            "104960" : 11,
            "105984" : 7,
            "107008" : 5,
            "108032" : 8,
            "109056" : 7,
            "110080" : 3,
            "111104" : 6,
            "112128" : 10,
            "113152" : 6,
            "114176" : 8,
            "115200" : 1,
            "116224" : 3,
            "117248" : 8,
            "118272" : 1,
            "119296" : 3,
            "120320" : 1,
            "121344" : 4,
            "122368" : 6,
            "123392" : 5,
            "124416" : 5,
            "125440" : 4,
            "126464" : 4,
            "127488" : 5,
            "128512" : 2,
            "129536" : 1,
            "130560" : 6,
            "132096" : 7,
            "134144" : 12,
            "136192" : 10,
            "138240" : 6,
            "140288" : 9,
            "142336" : 9,
            "144384" : 6,
            "146432" : 6,
            "148480" : 7,
            "150528" : 13,
            "152576" : 1,
            "154624" : 4,
            "156672" : 9,
            "158720" : 7,
            "160768" : 5,
            "162816" : 4,
            "164864" : 5,
            "166912" : 4,
            "168960" : 4,
            "171008" : 3,
            "173056" : 8,
            "175104" : 6,
            "177152" : 5,
            "179200" : 4,
            "181248" : 4,
            "183296" : 1,
            "185344" : 3,
            "187392" : 2,
            "189440" : 5,
            "191488" : 5,
            "193536" : 4,
            "197632" : 3,
            "199680" : 1,
            "201728" : 3,
            "205824" : 2,
            "207872" : 3,
            "209920" : 1,
            "211968" : 7,
            "214016" : 3,
            "216064" : 2,
            "218112" : 2,
            "220160" : 4,
            "222208" : 3,
            "224256" : 2,
            "226304" : 4,
            "228352" : 6,
            "232448" : 4,
            "234496" : 5,
            "236544" : 7,
            "238592" : 8,
            "240640" : 2,
            "242688" : 6,
            "244736" : 3,
            "246784" : 10,
            "248832" : 9,
            "252928" : 3,
            "257024" : 4,
            "259072" : 5,
            "261120" : 2,
            "264192" : 11,
            "268288" : 4,
            "272384" : 4,
            "276480" : 1,
            "280576" : 3,
            "288768" : 2,
            "292864" : 1,
            "296960" : 5,
            "305152" : 1,
            "309248" : 4,
            "313344" : 6,
            "317440" : 2,
            "321536" : 5,
            "325632" : 2,
            "329728" : 6,
            "333824" : 3,
            "337920" : 1,
            "342016" : 3,
            "346112" : 3,
            "350208" : 3,
            "354304" : 6,
            "358400" : 1,
            "362496" : 1,
            "370688" : 3,
            "378880" : 1,
            "382976" : 2,
            "387072" : 2,
            "391168" : 1,
            "395264" : 3,
            "399360" : 1,
            "403456" : 1,
            "407552" : 3,
            "411648" : 1,
            "415744" : 1,
            "419840" : 6,
            "423936" : 3,
            "428032" : 5,
            "432128" : 6,
            "436224" : 7,
            "440320" : 3,
            "444416" : 1,
            "448512" : 1,
            "452608" : 3,
            "473088" : 2,
            "489472" : 2,
            "501760" : 1,
            "509952" : 1,
            "528384" : 1,
            "544768" : 2,
            "552960" : 1,
            "561152" : 2,
            "569344" : 2,
            "585728" : 2,
            "593920" : 1,
            "602112" : 3,
            "610304" : 3,
            "618496" : 5,
            "626688" : 3,
            "634880" : 3,
            "643072" : 1,
            "651264" : 4,
            "659456" : 2,
            "667648" : 3,
            "684032" : 1,
            "692224" : 1,
            "700416" : 2,
            "708608" : 2,
            "716800" : 3,
            "724992" : 5,
            "733184" : 5,
            "741376" : 2,
            "757760" : 2,
            "765952" : 2,
            "790528" : 1,
            "798720" : 5,
            "806912" : 3,
            "815104" : 4,
            "823296" : 1,
            "831488" : 1,
            "839680" : 1,
            "847872" : 1,
            "856064" : 2,
            "864256" : 1,
            "872448" : 3,
            "880640" : 2,
            "888832" : 3,
            "897024" : 1,
            "905216" : 2,
            "913408" : 3,
            "929792" : 4,
            "937984" : 3,
            "946176" : 6,
            "954368" : 2,
            "962560" : 3,
            "970752" : 5,
            "978944" : 6,
            "987136" : 5,
            "995328" : 9,
            "1003520" : 6,
            "1011712" : 2,
            "1019904" : 4,
            "1028096" : 1,
            "1056768" : 1,
            "1073152" : 1,
            "1089536" : 2,
            "1105920" : 1,
            "1122304" : 2,
            "1138688" : 1,
            "1155072" : 1,
            "1187840" : 1,
            "1220608" : 2,
            "1286144" : 1,
            "1335296" : 1,
            "1368064" : 1,
            "1499136" : 1,
            "1515520" : 1,
            "1531904" : 1,
            "1581056" : 1,
            "1646592" : 1,
            "1695744" : 1,
            "1712128" : 1,
            "1728512" : 1,
            "1777664" : 1,
            "1974272" : 1,
            "2056192" : 1,
            "2072576" : 1,
            "2113536" : 1,
            "2342912" : 1,
            "2899968" : 1,
            "2932736" : 2,
            "3063808" : 2,
            "3096576" : 2,
            "3129344" : 1,
            "3194880" : 1,
            "4816896" : 4,
            "4882432" : 1
          }
        },
        "bw_min" : 195264,
        "bw_max" : 291640,
        "bw_agg" : 100.000000,
        "bw_mean" : 229651.654424,
        "bw_dev" : 14975.078763,
        "bw_samples" : 599,
        "iops_min" : 48816,
        "iops_max" : 72910,
        "iops_mean" : 57412.949917,
        "iops_stddev" : 3743.783750,
        "iops_samples" : 599
      },
      "write" : {
        "io_bytes" : 70486319104,
        "io_kbytes" : 68834296,
        "bw_bytes" : 234953613,
        "bw" : 229446,
        "iops" : 57361.722128,
        "runtime" : 300001,
        "total_ios" : 17208574,
        "short_ios" : 0,
        "drop_ios" : 0,
        "slat_ns" : {
          "min" : 0,
          "max" : 0,
          "mean" : 0.000000,
          "stddev" : 0.000000,
          "N" : 0
        },
        "clat_ns" : {
          "min" : 934,
          "max" : 4835543,
          "mean" : 2236.704979,
          "stddev" : 2276.036168,
          "N" : 17208574,
          "percentile" : {
            "1.000000" : 1208,
            "5.000000" : 1272,
            "10.000000" : 1368,
            "20.000000" : 1464,
            "30.000000" : 1512,
            "40.000000" : 2096,
            "50.000000" : 2160,
            "60.000000" : 2224,
            "70.000000" : 2288,
            "80.000000" : 2608,
            "90.000000" : 4080,
            "95.000000" : 4384,
            "99.000000" : 5216,
            "99.500000" : 5728,
            "99.900000" : 8640,
            "99.950000" : 10304,
            "99.990000" : 19840
          },
          "bins" : {
            "932" : 1,
            "940" : 78,
            "948" : 374,
            "956" : 1089,
            "964" : 3331,
            "972" : 7278,
            "980" : 11146,
            "988" : 13459,
            "996" : 11617,
            "1004" : 10301,
            "1012" : 8183,
            "1020" : 6049,
            "1032" : 9100,
            "1048" : 5419,
            "1064" : 2823,
            "1080" : 1937,
            "1096" : 1697,
            "1112" : 2708,
            "1128" : 4841,
            "1144" : 5170,
            "1160" : 2589,
            "1176" : 3226,
            "1192" : 16163,
            "1208" : 71226,
            "1224" : 175564,
            "1240" : 225680,
            "1256" : 169458,
            "1272" : 96518,
            "1288" : 90782,
            "1304" : 121997,
            "1320" : 160624,
            "1336" : 216218,
            "1352" : 233656,
            "1368" : 199114,
            "1384" : 161078,
            "1400" : 198879,
            "1416" : 306578,
            "1432" : 382424,
            "1448" : 429049,
            "1464" : 478954,
            "1480" : 559882,
            "1496" : 607897,
            "1512" : 487697,
            "1528" : 311844,
            "1544" : 164366,
            "1560" : 87696,
            "1576" : 63631,
            "1592" : 54638,
            "1608" : 53341,
            "1624" : 49703,
            "1640" : 43304,
            "1656" : 35118,
            "1672" : 23834,
            "1688" : 16242,
            "1704" : 11716,
            "1720" : 9788,
            "1736" : 9369,
            "1752" : 8979,
            "1768" : 10105,
            "1784" : 11471,
            "1800" : 11193,
            "1816" : 9062,
            "1832" : 5991,
            "1848" : 3653,
            "1864" : 2120,
            "1880" : 1445,
            "1896" : 1307,
            "1912" : 1128,
            "1928" : 1152,
            "1944" : 1178,
            "1960" : 1193,
            "1976" : 1208,
            "1992" : 1373,
            "2008" : 1888,
            "2024" : 3871,
            "2040" : 9210,
            "2064" : 81643,
            "2096" : 334104,
            "2128" : 778990,
            "2160" : 1182400,
            "2192" : 1312731,
            "2224" : 1068863,
            "2256" : 653710,
            "2288" : 334395,
            "2320" : 194690,
            "2352" : 127186,
            "2384" : 82807,
            "2416" : 69426,
            "2448" : 79365,
            "2480" : 107617,
            "2512" : 153130,
            "2544" : 234390,
            "2576" : 371184,
            "2608" : 461695,
            "2640" : 433108,
            "2672" : 311192,
            "2704" : 179997,
            "2736" : 92657,
            "2768" : 45900,
            "2800" : 26267,
            "2832" : 18205,
            "2864" : 13953,
            "2896" : 11192,
            "2928" : 8957,
            "2960" : 7916,
            "2992" : 6705,
            "3024" : 6132,
            "3056" : 5480,
            "3088" : 4979,
            "3120" : 4735,
            "3152" : 4713,
            "3184" : 4574,
            "3216" : 4616,
            "3248" : 4681,
            "3280" : 4603,
            "3312" : 4708,
            "3344" : 4387,
            "3376" : 4202,
            "3408" : 3898,
            "3440" : 3510,
            "3472" : 3347,
            "3504" : 3228,
            "3536" : 2992,
            "3568" : 2868,
            "3600" : 2755,
            "3632" : 2705,
            "3664" : 2608,
            "3696" : 2609,
            "3728" : 2630,
            "3760" : 2569,
            "3792" : 2457,
            "3824" : 2590,
            "3856" : 2777,
            "3888" : 2981,
            "3920" : 3706,
            "3952" : 4719,
            "3984" : 7222,
            "4016" : 14739,
            "4048" : 35243,
            "4080" : 72216,
            "4128" : 243948,
            "4192" : 229082,
            "4256" : 134367,
            "4320" : 98953,
            "4384" : 124128,
            "4448" : 107703,
            "4512" : 60143,
            "4576" : 27148,
            "4640" : 18621,
            "4704" : 23078,
            "4768" : 44088,
            "4832" : 87124,
            "4896" : 104724,
            "4960" : 74901,
            "5024" : 40831,
            "5088" : 32884,
            "5152" : 33637,
            "5216" : 20918,
            "5280" : 15188,
            "5344" : 11512,
            "5408" : 7517,
            "5472" : 5799,
            "5536" : 6019,
            "5600" : 6354,
            "5664" : 7031,
            "5728" : 8470,
            "5792" : 7250,
            "5856" : 4587,
            "5920" : 3268,
            "5984" : 2790,
            "6048" : 2497,
            "6112" : 2176,
            "6176" : 1837,
            "6240" : 1644,
            "6304" : 1437,
            "6368" : 1312,
            "6432" : 1247,
            "6496" : 1268,
            "6560" : 1254,
            "6624" : 1414,
            "6688" : 1478,
            "6752" : 1591,
            "6816" : 1775,
            "6880" : 1831,
            "6944" : 1785,
            "7008" : 1762,
            "7072" : 1552,
            "7136" : 1505,
            "7200" : 1405,
            "7264" : 1318,
            "7328" : 1235,
            "7392" : 1139,
            "7456" : 1068,
            "7520" : 964,
            "7584" : 911,
            "7648" : 964,
            "7712" : 891,
            "7776" : 861,
            "7840" : 854,
            "7904" : 820,
            "7968" : 818,
            "8032" : 734,
            "8096" : 713,
            "8160" : 661,
            "8256" : 1224,
            "8384" : 1091,
            "8512" : 1054,
            "8640" : 965,
            "8768" : 874,
            "8896" : 873,
            "9024" : 861,
            "9152" : 810,
            "9280" : 704,
            "9408" : 680,
            "9536" : 645,
            "9664" : 600,
            "9792" : 612,
            "9920" : 540,
            "10048" : 513,
            "10176" : 498,
            "10304" : 443,
            "10432" : 392,
            "10560" : 334,
            "10688" : 331,
            "10816" : 278,
            "10944" : 269,
            "11072" : 218,
            "11200" : 232,
            "11328" : 209,
            "11456" : 192,
            "11584" : 180,
            "11712" : 188,
            "11840" : 179,
            "11968" : 162,
            "12096" : 153,
            "12224" : 144,
            "12352" : 141,
            "12480" : 134,
            "12608" : 106,
            "12736" : 98,
            "12864" : 88,
            "12992" : 81,
            "13120" : 63,
            "13248" : 79,
            "13376" : 57,
            "13504" : 68,
            "13632" : 70,
            "13760" : 61,
            "13888" : 56,
            "14016" : 54,
            "14144" : 65,
            "14272" : 65,
            "14400" : 65,
            "14528" : 47,
            "14656" : 38,
            "14784" : 49,
            "14912" : 35,
            "15040" : 39,
            "15168" : 45,
            "15296" : 31,
            "15424" : 39,
            "15552" : 37,
            "15680" : 38,
            "15808" : 34,
            "15936" : 28,
            "16064" : 28,
            "16192" : 21,
            "16320" : 35,
            "16512" : 55,
            "16768" : 55,
            "17024" : 74,
            "17280" : 98,
            "17536" : 94,
            "17792" : 93,
            "18048" : 108,
            "18304" : 109,
            "18560" : 90,
            "18816" : 117,
            "19072" : 86,
            "19328" : 108,
            "19584" : 98,
            "19840" : 82,
            "20096" : 80,
            "20352" : 66,
            "20608" : 68,
            "20864" : 55,
            "21120" : 50,
            "21376" : 47,
            "21632" : 47,
            "21888" : 34,
            "22144" : 25,
            "22400" : 29,
            "22656" : 25,
            "22912" : 22,
            "23168" : 18,
            "23424" : 22,
            "23680" : 26,
            "23936" : 18,
            "24192" : 15,
            "24448" : 18,
            "24704" : 11,
            "24960" : 14,
            "25216" : 14,
            "25472" : 9,
            "25728" : 17,
            "25984" : 14,
            "26240" : 9,
            "26496" : 13,
            "26752" : 7,
            "27008" : 8,
            "27264" : 7,
            "27520" : 8,
            "27776" : 9,
            "28032" : 8,
            "28288" : 8,
            "28544" : 15,
            "28800" : 9,
            "29056" : 11,
            "29312" : 13,
            "29568" : 5,
            "29824" : 4,
            "30080" : 7,
            "30336" : 6,
            "30592" : 13,
            "30848" : 6,
            "31104" : 10,
            "31360" : 11,
            "31616" : 8,
            "31872" : 11,
            "32128" : 4,
            "32384" : 7,
            "32640" : 4,
            "33024" : 9,
            "33536" : 8,
            "34048" : 10,
            "34560" : 15,
            "35072" : 14,
            "35584" : 9,
            "36096" : 12,
            "36608" : 7,
            "37120" : 14,
            "37632" : 11,
            "38144" : 11,
            "38656" : 14,
            "39168" : 5,
            "39680" : 11,
            "40192" : 13,
            "40704" : 9,
            "41216" : 19,
            "41728" : 9,
            "42240" : 7,
            "42752" : 8,
            "43264" : 11,
            "43776" : 9,
            "44288" : 3,
            "44800" : 7,
            "45312" : 11,
            "45824" : 4,
            "46336" : 11,
            "46848" : 5,
            "47360" : 6,
            "47872" : 6,
            "48384" : 6,
            "48896" : 3,
            "49408" : 8,
            "49920" : 3,
            "50432" : 8,
            "50944" : 7,
            "51456" : 4,
            "51968" : 3,
            "52480" : 4,
            "52992" : 5,
            "53504" : 5,
            "54016" : 1,
            "54528" : 1,
            "55040" : 7,
            "55552" : 5,
            "56064" : 2,
            "56576" : 3,
            "57088" : 6,
            "57600" : 9,
            "58112" : 3,
            "58624" : 7,
            "59136" : 4,
            "59648" : 3,
            "60160" : 3,
            "60672" : 8,
            "61184" : 6,
            "61696" : 3,
            "62208" : 5,
            "62720" : 2,
            "63232" : 5,
            "63744" : 4,
            "64256" : 3,
            "64768" : 5,
            "65280" : 5,
            "66048" : 12,
            "67072" : 10,
            "68096" : 11,
            "69120" : 8,
            "70144" : 3,
            "71168" : 6,
            "72192" : 5,
            "73216" : 4,
            "74240" : 3,
            "75264" : 5,
            "76288" : 2,
            "77312" : 2,
            "78336" : 1,
            "79360" : 6,
            "80384" : 4,
            "82432" : 3,
            "83456" : 1,
            "84480" : 6,
            "85504" : 2,
            "86528" : 1,
            "87552" : 2,
            "88576" : 1,
            "89600" : 3,
            "92672" : 2,
            "93696" : 2,
            "94720" : 2,
            "95744" : 2,
            "96768" : 2,
            "98816" : 2,
            "99840" : 1,
            "100864" : 1,
            "101888" : 2,
            "102912" : 2,
            "103936" : 1,
            "107008" : 4,
            "108032" : 1,
            "111104" : 1,
            "114176" : 1,
            "115200" : 1,
            "116224" : 2,
            "120320" : 1,
            "122368" : 1,
            "123392" : 1,
            "124416" : 1,
            "125440" : 2,
            "126464" : 1,
            "127488" : 1,
            "128512" : 2,
            "132096" : 2,
            "136192" : 2,
            "138240" : 3,
            "140288" : 2,
            "142336" : 1,
            "144384" : 1,
            "146432" : 2,
            "148480" : 1,
            "150528" : 2,
            "154624" : 1,
            "156672" : 1,
            "160768" : 2,
            "173056" : 1,
            "177152" : 2,
            "183296" : 1,
            "185344" : 1,
            "191488" : 1,
            "207872" : 1,
            "209920" : 1,
            "211968" : 2,
            "214016" : 2,
            "220160" : 1,
            "222208" : 2,
            "226304" : 1,
            "228352" : 2,
            "230400" : 6,
            "232448" : 1,
            "234496" : 1,
            "236544" : 1,
            "238592" : 1,
            "240640" : 1,
            "244736" : 1,
            "301056" : 1,
            "305152" : 1,
            "329728" : 1,
            "333824" : 1,
            "342016" : 1,
            "346112" : 1,
            "362496" : 1,
            "399360" : 1,
            "411648" : 1,
            "415744" : 2,
            "419840" : 1,
            "423936" : 2,
            "432128" : 2,
            "440320" : 1,
            "444416" : 1,
            "544768" : 1,
            "552960" : 1,
            "626688" : 1,
            "651264" : 1,
            "675840" : 1,
            "700416" : 2,
            "708608" : 1,
            "716800" : 2,
            "749568" : 1,
            "798720" : 1,
            "806912" : 1,
            "823296" : 1,
            "847872" : 1,
            "864256" : 1,
            "880640" : 1,
            "888832" : 1,
            "913408" : 1,
            "929792" : 1,
            "946176" : 1,
            "954368" : 1,
            "962560" : 1,
            "970752" : 3,
            "978944" : 2,
            "995328" : 1,
            "1003520" : 1,
            "1073152" : 1,
            "1220608" : 1,
            "1368064" : 1,
            "1433600" : 1,
            "1531904" : 1,
            "1695744" : 1,
            "3096576" : 1,
            "4816896" : 1
          }
        },
        "lat_ns" : {
          "min" : 992,
          "max" : 4835674,
          "mean" : 2351.232597,
          "stddev" : 2440.292451,
          "N" : 17208574,
          "percentile" : {
            "1.000000" : 1304,
            "5.000000" : 1384,
            "10.000000" : 1464,
            "20.000000" : 1560,
            "30.000000" : 1624,
            "40.000000" : 2224,
            "50.000000" : 2288,
            "60.000000" : 2320,
            "70.000000" : 2384,
            "80.000000" : 2704,
            "90.000000" : 4192,
            "95.000000" : 4512,
            "99.000000" : 5344,
            "99.500000" : 5920,
            "99.900000" : 9024,
            "99.950000" : 10560,
            "99.990000" : 20352
          },
          "bins" : {
            "996" : 11,
            "1004" : 109,
            "1012" : 429,
            "1020" : 1688,
            "1032" : 10173,
            "1048" : 23922,
            "1064" : 22022,
            "1080" : 14546,
            "1096" : 9400,
            "1112" : 5170,
            "1128" : 2850,
            "1144" : 1957,
            "1160" : 1660,
            "1176" : 2885,
            "1192" : 4833,
            "1208" : 4890,
            "1224" : 2041,
            "1240" : 794,
            "1256" : 1128,
            "1272" : 4700,
            "1288" : 22680,
            "1304" : 76524,
            "1320" : 154059,
            "1336" : 188700,
            "1352" : 141707,
            "1368" : 100369,
            "1384" : 93842,
            "1400" : 110918,
            "1416" : 147587,
            "1432" : 188204,
            "1448" : 229945,
            "1464" : 218566,
            "1480" : 180287,
            "1496" : 193368,
            "1512" : 242842,
            "1528" : 312376,
            "1544" : 357185,
            "1560" : 382063,
            "1576" : 436128,
            "1592" : 473776,
            "1608" : 496152,
            "1624" : 439684,
            "1640" : 320348,
            "1656" : 216959,
            "1672" : 135321,
            "1688" : 92724,
            "1704" : 69158,
            "1720" : 56014,
            "1736" : 51075,
            "1752" : 44574,
            "1768" : 36678,
            "1784" : 26978,
            "1800" : 18119,
            "1816" : 13142,
            "1832" : 9977,
            "1848" : 9381,
            "1864" : 9404,
            "1880" : 9862,
            "1896" : 10586,
            "1912" : 9563,
            "1928" : 8689,
            "1944" : 6865,
            "1960" : 4860,
            "1976" : 3322,
            "1992" : 2230,
            "2008" : 1585,
            "2024" : 1234,
            "2040" : 1089,
            "2064" : 2115,
            "2096" : 2744,
            "2128" : 10221,
            "2160" : 48473,
            "2192" : 184421,
            "2224" : 556301,
            "2256" : 1185356,
            "2288" : 1513902,
            "2320" : 1230787,
            "2352" : 703783,
            "2384" : 340316,
            "2416" : 187278,
            "2448" : 115124,
            "2480" : 70155,
            "2512" : 46642,
            "2544" : 46933,
            "2576" : 69515,
            "2608" : 121836,
            "2640" : 231339,
            "2672" : 389898,
            "2704" : 492604,
            "2736" : 469158,
            "2768" : 334321,
            "2800" : 195345,
            "2832" : 100536,
            "2864" : 49548,
            "2896" : 28118,
            "2928" : 18249,
            "2960" : 13951,
            "2992" : 11181,
            "3024" : 9329,
            "3056" : 7938,
            "3088" : 6892,
            "3120" : 6144,
            "3152" : 5786,
            "3184" : 5040,
            "3216" : 4554,
            "3248" : 4251,
            "3280" : 4036,
            "3312" : 3955,
            "3344" : 4160,
            "3376" : 4320,
            "3408" : 4391,
            "3440" : 4469,
            "3472" : 4608,
            "3504" : 4436,
            "3536" : 4094,
            "3568" : 3860,
            "3600" : 3541,
            "3632" : 3377,
            "3664" : 2952,
            "3696" : 2870,
            "3728" : 2680,
            "3760" : 2535,
            "3792" : 2571,
            "3824" : 2434,
            "3856" : 2492,
            "3888" : 2617,
            "3920" : 2656,
            "3952" : 3045,
            "3984" : 3703,
            "4016" : 4115,
            "4048" : 4827,
            "4080" : 6689,
            "4128" : 40504,
            "4192" : 168189,
            "4256" : 272357,
            "4320" : 204455,
            "4384" : 105078,
            "4448" : 102086,
            "4512" : 127300,
            "4576" : 92184,
            "4640" : 46944,
            "4704" : 23023,
            "4768" : 19646,
            "4832" : 27306,
            "4896" : 59022,
            "4960" : 102299,
            "5024" : 96356,
            "5088" : 59520,
            "5152" : 35434,
            "5216" : 35242,
            "5280" : 29651,
            "5344" : 17236,
            "5408" : 13636,
            "5472" : 10543,
            "5536" : 7016,
            "5600" : 5985,
            "5664" : 6439,
            "5728" : 6798,
            "5792" : 7599,
            "5856" : 8513,
            "5920" : 6495,
            "5984" : 4208,
            "6048" : 3284,
            "6112" : 2913,
            "6176" : 2593,
            "6240" : 2270,
            "6304" : 2112,
            "6368" : 1869,
            "6432" : 1654,
            "6496" : 1570,
            "6560" : 1463,
            "6624" : 1325,
            "6688" : 1407,
            "6752" : 1451,
            "6816" : 1617,
            "6880" : 1723,
            "6944" : 1821,
            "7008" : 1947,
            "7072" : 1878,
            "7136" : 1768,
            "7200" : 1724,
            "7264" : 1575,
            "7328" : 1542,
            "7392" : 1475,
            "7456" : 1344,
            "7520" : 1242,
            "7584" : 1160,
            "7648" : 1146,
            "7712" : 1045,
            "7776" : 1004,
            "7840" : 1012,
            "7904" : 1055,
            "7968" : 919,
            "8032" : 1036,
            "8096" : 993,
            "8160" : 880,
            "8256" : 1648,
            "8384" : 1562,
            "8512" : 1483,
            "8640" : 1356,
            "8768" : 1274,
            "8896" : 1134,
            "9024" : 1103,
            "9152" : 1054,
            "9280" : 931,
            "9408" : 813,
            "9536" : 745,
            "9664" : 725,
            "9792" : 691,
            "9920" : 674,
            "10048" : 576,
            "10176" : 579,
            "10304" : 527,
            "10432" : 497,
            "10560" : 422,
            "10688" : 377,
            "10816" : 365,
            "10944" : 326,
            "11072" : 294,
            "11200" : 249,
            "11328" : 255,
            "11456" : 236,
            "11584" : 195,
            "11712" : 197,
            "11840" : 195,
            "11968" : 198,
            "12096" : 170,
            "12224" : 172,
            "12352" : 160,
            "12480" : 142,
            "12608" : 134,
            "12736" : 109,
            "12864" : 100,
            "12992" : 93,
            "13120" : 86,
            "13248" : 69,
            "13376" : 84,
            "13504" : 61,
            "13632" : 68,
            "13760" : 86,
            "13888" : 63,
            "14016" : 52,
            "14144" : 57,
            "14272" : 63,
            "14400" : 67,
            "14528" : 68,
            "14656" : 47,
            "14784" : 50,
            "14912" : 43,
            "15040" : 48,
            "15168" : 41,
            "15296" : 38,
            "15424" : 44,
            "15552" : 38,
            "15680" : 35,
            "15808" : 44,
            "15936" : 38,
            "16064" : 27,
            "16192" : 24,
            "16320" : 36,
            "16512" : 58,
            "16768" : 55,
            "17024" : 74,
            "17280" : 88,
            "17536" : 94,
            "17792" : 92,
            "18048" : 108,
            "18304" : 121,
            "18560" : 104,
            "18816" : 107,
            "19072" : 96,
            "19328" : 111,
            "19584" : 104,
            "19840" : 87,
            "20096" : 82,
            "20352" : 82,
            "20608" : 83,
            "20864" : 66,
            "21120" : 51,
            "21376" : 60,
            "21632" : 46,
            "21888" : 39,
            "22144" : 33,
            "22400" : 30,
            "22656" : 24,
            "22912" : 21,
            "23168" : 31,
            "23424" : 22,
            "23680" : 28,
            "23936" : 24,
            "24192" : 17,
            "24448" : 18,
            "24704" : 16,
            "24960" : 15,
            "25216" : 12,
            "25472" : 12,
            "25728" : 18,
            "25984" : 12,
            "26240" : 11,
            "26496" : 10,
            "26752" : 12,
            "27008" : 8,
            "27264" : 9,
            "27520" : 4,
            "27776" : 10,
            "28032" : 11,
            "28288" : 10,
            "28544" : 9,
            "28800" : 13,
            "29056" : 12,
            "29312" : 13,
            "29568" : 11,
            "29824" : 3,
            "30080" : 7,
            "30336" : 9,
            "30592" : 9,
            "30848" : 7,
            "31104" : 8,
            "31360" : 14,
            "31616" : 9,
            "31872" : 11,
            "32128" : 6,
            "32384" : 6,
            "32640" : 6,
            "33024" : 8,
            "33536" : 9,
            "34048" : 9,
            "34560" : 13,
            "35072" : 20,
            "35584" : 10,
            "36096" : 9,
            "36608" : 9,
            "37120" : 16,
            "37632" : 11,
            "38144" : 13,
            "38656" : 14,
            "39168" : 6,
            "39680" : 11,
            "40192" : 12,
            "40704" : 12,
            "41216" : 11,
            "41728" : 15,
            "42240" : 8,
            "42752" : 10,
            "43264" : 13,
            "43776" : 11,
            "44288" : 6,
            "44800" : 6,
            "45312" : 10,
            "45824" : 7,
            "46336" : 9,
            "46848" : 9,
            "47360" : 4,
            "47872" : 7,
            "48384" : 7,
            "48896" : 3,
            "49408" : 7,
            "49920" : 5,
            "50432" : 7,
            "50944" : 8,
            "51456" : 6,
            "51968" : 4,
            "52480" : 6,
            "52992" : 3,
            "53504" : 8,
            "54016" : 2,
            "54528" : 1,
            "55040" : 5,
            "55552" : 8,
            "56064" : 2,
            "56576" : 2,
            "57088" : 5,
            "57600" : 7,
            "58112" : 5,
            "58624" : 7,
            "59136" : 5,
            "59648" : 3,
            "60160" : 5,
            "60672" : 7,
            "61184" : 9,
            "61696" : 6,
            "62208" : 2,
            "62720" : 5,
            "63232" : 4,
            "63744" : 5,
            "64256" : 3,
            "64768" : 6,
            "65280" : 6,
            "66048" : 12,
            "67072" : 11,
            "68096" : 13,
            "69120" : 9,
            "70144" : 4,
            "71168" : 5,
            "72192" : 5,
            "73216" : 5,
            "74240" : 4,
            "75264" : 5,
            "76288" : 1,
            "77312" : 3,
            "78336" : 2,
            "79360" : 5,
            "80384" : 5,
            "81408" : 1,
            "82432" : 3,
            "83456" : 1,
            "84480" : 5,
            "85504" : 3,
            "86528" : 1,
            "87552" : 1,
            "88576" : 2,
            "89600" : 3,
            "92672" : 3,
            "93696" : 2,
            "94720" : 2,
            "95744" : 1,
            "96768" : 3,
            "98816" : 1,
            "99840" : 2,
            "100864" : 1,
            "101888" : 2,
            "102912" : 2,
            "103936" : 1,
            "107008" : 4,
            "108032" : 1,
            "112128" : 1,
            "115200" : 2,
            "116224" : 3,
            "120320" : 1,
            "122368" : 1,
            "123392" : 1,
            "124416" : 1,
            "125440" : 2,
            "126464" : 1,
            "127488" : 1,
            "128512" : 2,
            "132096" : 2,
            "136192" : 2,
            "138240" : 3,
            "140288" : 1,
            "142336" : 3,
            "144384" : 1,
            "146432" : 2,
            "148480" : 1,
            "150528" : 3,
            "154624" : 1,
            "156672" : 2,
            "158720" : 1,
            "160768" : 2,
            "173056" : 1,
            "177152" : 1,
            "179200" : 1,
            "183296" : 1,
            "185344" : 1,
            "191488" : 1,
            "207872" : 1,
            "209920" : 1,
            "211968" : 1,
            "214016" : 3,
            "220160" : 1,
            "222208" : 1,
            "224256" : 1,
            "226304" : 1,
            "228352" : 3,
            "230400" : 6,
            "232448" : 1,
            "234496" : 1,
            "236544" : 2,
            "238592" : 1,
            "240640" : 1,
            "244736" : 1,
            "268288" : 1,
            "280576" : 1,
            "301056" : 1,
            "305152" : 1,
            "329728" : 1,
            "333824" : 1,
            "342016" : 1,
            "346112" : 1,
            "362496" : 1,
            "399360" : 1,
            "411648" : 1,
            "415744" : 2,
            "419840" : 1,
            "423936" : 2,
            "428032" : 1,
            "432128" : 2,
            "440320" : 1,
            "444416" : 1,
            "544768" : 1,
            "552960" : 1,
            "626688" : 1,
            "651264" : 1,
            "675840" : 1,
            "700416" : 2,
            "708608" : 1,
            "716800" : 2,
            "749568" : 1,
            "798720" : 1,
            "806912" : 1,
            "815104" : 1,
            "823296" : 1,
            "847872" : 1,
            "864256" : 1,
            "880640" : 1,
            "888832" : 1,
            "913408" : 1,
            "929792" : 1,
            "937984" : 1,
            "946176" : 1,
            "954368" : 1,
            "962560" : 2,
            "970752" : 4,
            "978944" : 2,
            "995328" : 1,
            "1003520" : 1,
            "1073152" : 1,
            "1220608" : 1,
            "1368064" : 1,
            "1433600" : 1,
            "1531904" : 1,
            "1695744" : 1,
            "2965504" : 1,
            "3096576" : 1,
            "4816896" : 1
          }
        },
        "bw_min" : 196768,
        "bw_max" : 292704,
        "bw_agg" : 100.000000,
        "bw_mean" : 229583.512521,
        "bw_dev" : 14945.395647,
        "bw_samples" : 599,
        "iops_min" : 49192,
        "iops_max" : 73176,
        "iops_mean" : 57395.878130,
        "iops_stddev" : 3736.347725,
        "iops_samples" : 599
      },
      "trim" : {
        "io_bytes" : 0,
        "io_kbytes" : 0,
        "bw_bytes" : 0,
        "bw" : 0,
        "iops" : 0.000000,
        "runtime" : 0,
        "total_ios" : 0,
        "short_ios" : 0,
        "drop_ios" : 0,
        "slat_ns" : {
          "min" : 0,
          "max" : 0,
          "mean" : 0.000000,
          "stddev" : 0.000000,
          "N" : 0
        },
        "clat_ns" : {
          "min" : 0,
          "max" : 0,
          "mean" : 0.000000,
          "stddev" : 0.000000,
          "N" : 0
        },
        "lat_ns" : {
          "min" : 0,
          "max" : 0,
          "mean" : 0.000000,
          "stddev" : 0.000000,
          "N" : 0
        },
        "bw_min" : 0,
        "bw_max" : 0,
        "bw_agg" : 0.000000,
        "bw_mean" : 0.000000,
        "bw_dev" : 0.000000,
        "bw_samples" : 0,
        "iops_min" : 0,
        "iops_max" : 0,
        "iops_mean" : 0.000000,
        "iops_stddev" : 0.000000,
        "iops_samples" : 0
      },
      "sync" : {
        "total_ios" : 0,
        "lat_ns" : {
          "min" : 0,
          "max" : 0,
          "mean" : 0.000000,
          "stddev" : 0.000000,
          "N" : 0
        }
      },
      "job_runtime" : 300000,
      "usr_cpu" : 14.680000,
      "sys_cpu" : 64.658000,
      "ctx" : 19151214,
      "majf" : 0,
      "minf" : 19,
      "iodepth_level" : {
        "1" : 100.000000,
        "2" : 0.000000,
        "4" : 0.000000,
        "8" : 0.000000,
        "16" : 0.000000,
        "32" : 0.000000,
        ">=64" : 0.000000
      },
      "iodepth_submit" : {
        "0" : 0.000000,
        "4" : 100.000000,
        "8" : 0.000000,
        "16" : 0.000000,
        "32" : 0.000000,
        "64" : 0.000000,
        ">=64" : 0.000000
      },
      "iodepth_complete" : {
        "0" : 0.000000,
        "4" : 100.000000,
        "8" : 0.000000,
        "16" : 0.000000,
        "32" : 0.000000,
        "64" : 0.000000,
        ">=64" : 0.000000
      },
      "latency_ns" : {
        "2" : 0.000000,
        "4" : 0.000000,
        "10" : 0.000000,
        "20" : 0.000000,
        "50" : 0.000000,
        "100" : 0.000000,
        "250" : 0.000000,
        "500" : 0.000000,
        "750" : 0.010000,
        "1000" : 10.992570
      },
      "latency_us" : {
        "2" : 28.127789,
        "4" : 26.584579,
        "10" : 21.855598,
        "20" : 12.252304,
        "50" : 0.179146,
        "100" : 0.010000,
        "250" : 0.010000,
        "500" : 0.010000,
        "750" : 0.010000,
        "1000" : 0.010000
      },
      "latency_ms" : {
        "2" : 0.010000,
        "4" : 0.010000,
        "10" : 0.010000,
        "20" : 0.000000,
        "50" : 0.000000,
        "100" : 0.000000,
        "250" : 0.000000,
        "500" : 0.000000,
        "750" : 0.000000,
        "1000" : 0.000000,
        "2000" : 0.000000,
        ">=2000" : 0.000000
      },
      "latency_depth" : 128,
      "latency_target" : 0,
      "latency_percentile" : 100.000000,
      "latency_window" : 0
    }
  ],
  "disk_util" : [
    {
      "name" : "loop25",
      "read_ios" : 8934137,
      "write_ios" : 16291949,
      "read_merges" : 0,
      "write_merges" : 0,
      "read_ticks" : 55715,
      "write_ticks" : 112149,
      "in_queue" : 44,
      "util" : 99.987996
    }
  ]
}
