{
  "fio version" : "fio-3.32-36-g5932",
  "timestamp" : 1663459971,
  "timestamp_ms" : 1663459971175,
  "time" : "Sun Sep 18 02:12:51 2022",
  "global options" : {
    "size" : "16K",
    "rw" : "randrw",
    "bs" : "4K",
    "numjobs" : "1",
    "iodepth" : "128",
    "runtime" : "300",
    "end_fsync" : "1",
    "lat_percentiles" : "1",
    "slat_percentiles" : "1",
    "clat_percentiles" : "1"
  },
  "jobs" : [
    {
      "jobname" : "random-rw",
      "groupid" : 0,
      "error" : 0,
      "eta" : 0,
      "elapsed" : 301,
      "job options" : {
        "name" : "random-rw"
      },
      "read" : {
        "io_bytes" : 88158699520,
        "io_kbytes" : 86092480,
        "bw_bytes" : 293861352,
        "bw" : 286973,
        "iops" : 71743.494188,
        "runtime" : 300001,
        "total_ios" : 21523120,
        "short_ios" : 0,
        "drop_ios" : 0,
        "slat_ns" : {
          "min" : 0,
          "max" : 0,
          "mean" : 0.000000,
          "stddev" : 0.000000,
          "N" : 0
        },
        "clat_ns" : {
          "min" : 611,
          "max" : 8383513,
          "mean" : 6287.108417,
          "stddev" : 7792.040024,
          "N" : 21523120,
          "percentile" : {
            "1.000000" : 732,
            "5.000000" : 772,
            "10.000000" : 812,
            "20.000000" : 900,
            "30.000000" : 956,
            "40.000000" : 1048,
            "50.000000" : 7264,
            "60.000000" : 9792,
            "70.000000" : 10432,
            "80.000000" : 10944,
            "90.000000" : 11584,
            "95.000000" : 14016,
            "99.000000" : 15936,
            "99.500000" : 18816,
            "99.900000" : 24704,
            "99.950000" : 29568,
            "99.990000" : 77312
          },
          "bins" : {
            "612" : 4,
            "620" : 13,
            "628" : 54,
            "636" : 106,
            "644" : 456,
            "652" : 1151,
            "660" : 1901,
            "668" : 2755,
            "676" : 3565,
            "684" : 5369,
            "692" : 7901,
            "700" : 13792,
            "708" : 25583,
            "716" : 43129,
            "724" : 73033,
            "732" : 105464,
            "740" : 138251,
            "748" : 163439,
            "756" : 173026,
            "764" : 196215,
            "772" : 206252,
            "780" : 218626,
            "788" : 219974,
            "796" : 205824,
            "804" : 209969,
            "812" : 200498,
            "820" : 194753,
            "828" : 182919,
            "836" : 162638,
            "844" : 160699,
            "852" : 155401,
            "860" : 162551,
            "868" : 173007,
            "876" : 185290,
            "884" : 222618,
            "892" : 250470,
            "900" : 286323,
            "908" : 310506,
            "916" : 315941,
            "924" : 342592,
            "932" : 339908,
            "940" : 338338,
            "948" : 320441,
            "956" : 288162,
            "964" : 278187,
            "972" : 251447,
            "980" : 229931,
            "988" : 203770,
            "996" : 174716,
            "1004" : 168210,
            "1012" : 153712,
            "1020" : 147459,
            "1032" : 268132,
            "1048" : 255483,
            "1064" : 230039,
            "1080" : 186200,
            "1096" : 142431,
            "1112" : 91274,
            "1128" : 54672,
            "1144" : 29671,
            "1160" : 15499,
            "1176" : 8961,
            "1192" : 5600,
            "1208" : 4442,
            "1224" : 3792,
            "1240" : 3374,
            "1256" : 3331,
            "1272" : 3104,
            "1288" : 3184,
            "1304" : 3020,
            "1320" : 2840,
            "1336" : 2802,
            "1352" : 2516,
            "1368" : 2400,
            "1384" : 2333,
            "1400" : 2131,
            "1416" : 1969,
            "1432" : 1783,
            "1448" : 1761,
            "1464" : 1594,
            "1480" : 1393,
            "1496" : 1373,
            "1512" : 1293,
            "1528" : 1169,
            "1544" : 1171,
            "1560" : 1076,
            "1576" : 983,
            "1592" : 877,
            "1608" : 819,
            "1624" : 776,
            "1640" : 751,
            "1656" : 634,
            "1672" : 613,
            "1688" : 626,
            "1704" : 538,
            "1720" : 508,
            "1736" : 494,
            "1752" : 461,
            "1768" : 458,
            "1784" : 401,
            "1800" : 397,
            "1816" : 359,
            "1832" : 378,
            "1848" : 336,
            "1864" : 318,
            "1880" : 301,
            "1896" : 284,
            "1912" : 279,
            "1928" : 276,
            "1944" : 261,
            "1960" : 253,
            "1976" : 215,
            "1992" : 241,
            "2008" : 219,
            "2024" : 202,
            "2040" : 205,
            "2064" : 359,
            "2096" : 281,
            "2128" : 312,
            "2160" : 272,
            "2192" : 255,
            "2224" : 248,
            "2256" : 227,
            "2288" : 221,
            "2320" : 196,
            "2352" : 195,
            "2384" : 178,
            "2416" : 156,
            "2448" : 133,
            "2480" : 114,
            "2512" : 103,
            "2544" : 102,
            "2576" : 91,
            "2608" : 83,
            "2640" : 70,
            "2672" : 51,
            "2704" : 46,
            "2736" : 59,
            "2768" : 43,
            "2800" : 44,
            "2832" : 51,
            "2864" : 38,
            "2896" : 44,
            "2928" : 28,
            "2960" : 38,
            "2992" : 28,
            "3024" : 23,
            "3056" : 17,
            "3088" : 24,
            "3120" : 18,
            "3152" : 14,
            "3184" : 14,
            "3216" : 19,
            "3248" : 21,
            "3280" : 11,
            "3312" : 32,
            "3344" : 32,
            "3376" : 67,
            "3408" : 85,
            "3440" : 106,
            "3472" : 115,
            "3504" : 119,
            "3536" : 129,
            "3568" : 136,
            "3600" : 134,
            "3632" : 97,
            "3664" : 82,
            "3696" : 82,
            "3728" : 88,
            "3760" : 127,
            "3792" : 178,
            "3824" : 237,
            "3856" : 286,
            "3888" : 358,
            "3920" : 442,
            "3952" : 539,
            "3984" : 701,
            "4016" : 1063,
            "4048" : 1577,
            "4080" : 2410,
            "4128" : 8786,
            "4192" : 14632,
            "4256" : 21405,
            "4320" : 25629,
            "4384" : 25755,
            "4448" : 28571,
            "4512" : 43189,
            "4576" : 61721,
            "4640" : 68187,
            "4704" : 59887,
            "4768" : 54708,
            "4832" : 57060,
            "4896" : 56063,
            "4960" : 55093,
            "5024" : 54759,
            "5088" : 48801,
            "5152" : 36335,
            "5216" : 27927,
            "5280" : 30529,
            "5344" : 32086,
            "5408" : 24155,
            "5472" : 13141,
            "5536" : 6651,
            "5600" : 4848,
            "5664" : 6083,
            "5728" : 9434,
            "5792" : 10558,
            "5856" : 8032,
            "5920" : 4897,
            "5984" : 2852,
            "6048" : 2604,
            "6112" : 6458,
            "6176" : 19048,
            "6240" : 30830,
            "6304" : 28306,
            "6368" : 21847,
            "6432" : 18634,
            "6496" : 15698,
            "6560" : 12887,
            "6624" : 9377,
            "6688" : 8823,
            "6752" : 10395,
            "6816" : 8203,
            "6880" : 6186,
            "6944" : 7418,
            "7008" : 10275,
            "7072" : 12965,
            "7136" : 14812,
            "7200" : 16276,
            "7264" : 17605,
            "7328" : 19616,
            "7392" : 20825,
            "7456" : 18605,
            "7520" : 13211,
            "7584" : 7470,
            "7648" : 4037,
            "7712" : 2260,
            "7776" : 1589,
            "7840" : 1390,
            "7904" : 1213,
            "7968" : 1159,
            "8032" : 1140,
            "8096" : 1026,
            "8160" : 1207,
            "8256" : 4145,
            "8384" : 5199,
            "8512" : 3578,
            "8640" : 2526,
            "8768" : 2007,
            "8896" : 1468,
            "9024" : 1784,
            "9152" : 9388,
            "9280" : 58143,
            "9408" : 235327,
            "9536" : 554395,
            "9664" : 732052,
            "9792" : 727776,
            "9920" : 656551,
            "10048" : 435238,
            "10176" : 303544,
            "10304" : 374686,
            "10432" : 431424,
            "10560" : 459149,
            "10688" : 561056,
            "10816" : 616268,
            "10944" : 590209,
            "11072" : 565560,
            "11200" : 456515,
            "11328" : 320641,
            "11456" : 224481,
            "11584" : 186542,
            "11712" : 171847,
            "11840" : 180672,
            "11968" : 151350,
            "12096" : 96390,
            "12224" : 47051,
            "12352" : 21145,
            "12480" : 13767,
            "12608" : 11782,
            "12736" : 10843,
            "12864" : 9841,
            "12992" : 9217,
            "13120" : 8794,
            "13248" : 8724,
            "13376" : 12324,
            "13504" : 23858,
            "13632" : 39456,
            "13760" : 66125,
            "13888" : 93317,
            "14016" : 99825,
            "14144" : 101043,
            "14272" : 114019,
            "14400" : 114166,
            "14528" : 99686,
            "14656" : 89919,
            "14784" : 75643,
            "14912" : 58682,
            "15040" : 51171,
            "15168" : 42247,
            "15296" : 28457,
            "15424" : 21787,
            "15552" : 18238,
            "15680" : 14136,
            "15808" : 12052,
            "15936" : 11748,
            "16064" : 10295,
            "16192" : 8274,
            "16320" : 7497,
            "16512" : 12223,
            "16768" : 9381,
            "17024" : 8658,
            "17280" : 8160,
            "17536" : 7832,
            "17792" : 7498,
            "18048" : 7136,
            "18304" : 6963,
            "18560" : 6850,
            "18816" : 6682,
            "19072" : 6500,
            "19328" : 6649,
            "19584" : 6353,
            "19840" : 6172,
            "20096" : 5942,
            "20352" : 5770,
            "20608" : 5533,
            "20864" : 5140,
            "21120" : 4723,
            "21376" : 4249,
            "21632" : 3872,
            "21888" : 3477,
            "22144" : 3038,
            "22400" : 2695,
            "22656" : 2365,
            "22912" : 2216,
            "23168" : 1949,
            "23424" : 1725,
            "23680" : 1583,
            "23936" : 1438,
            "24192" : 1315,
            "24448" : 1203,
            "24704" : 1081,
            "24960" : 1011,
            "25216" : 916,
            "25472" : 887,
            "25728" : 786,
            "25984" : 741,
            "26240" : 702,
            "26496" : 652,
            "26752" : 623,
            "27008" : 568,
            "27264" : 532,
            "27520" : 487,
            "27776" : 453,
            "28032" : 429,
            "28288" : 415,
            "28544" : 383,
            "28800" : 316,
            "29056" : 304,
            "29312" : 299,
            "29568" : 266,
            "29824" : 229,
            "30080" : 243,
            "30336" : 207,
            "30592" : 200,
            "30848" : 184,
            "31104" : 150,
            "31360" : 159,
            "31616" : 145,
            "31872" : 154,
            "32128" : 145,
            "32384" : 132,
            "32640" : 124,
            "33024" : 227,
            "33536" : 211,
            "34048" : 189,
            "34560" : 212,
            "35072" : 190,
            "35584" : 185,
            "36096" : 180,
            "36608" : 152,
            "37120" : 169,
            "37632" : 154,
            "38144" : 156,
            "38656" : 158,
            "39168" : 131,
            "39680" : 148,
            "40192" : 148,
            "40704" : 131,
            "41216" : 130,
            "41728" : 124,
            "42240" : 113,
            "42752" : 104,
            "43264" : 104,
            "43776" : 102,
            "44288" : 110,
            "44800" : 91,
            "45312" : 85,
            "45824" : 116,
            "46336" : 82,
            "46848" : 73,
            "47360" : 81,
            "47872" : 75,
            "48384" : 74,
            "48896" : 51,
            "49408" : 72,
            "49920" : 55,
            "50432" : 54,
            "50944" : 44,
            "51456" : 44,
            "51968" : 53,
            "52480" : 59,
            "52992" : 64,
            "53504" : 44,
            "54016" : 48,
            "54528" : 58,
            "55040" : 54,
            "55552" : 48,
            "56064" : 48,
            "56576" : 35,
            "57088" : 44,
            "57600" : 49,
            "58112" : 29,
            "58624" : 28,
            "59136" : 54,
            "59648" : 50,
            "60160" : 54,
            "60672" : 49,
            "61184" : 57,
            "61696" : 32,
            "62208" : 56,
            "62720" : 60,
            "63232" : 38,
            "63744" : 41,
            "64256" : 33,
            "64768" : 47,
            "65280" : 52,
            "66048" : 73,
            "67072" : 72,
            "68096" : 73,
            "69120" : 77,
            "70144" : 72,
            "71168" : 79,
            "72192" : 49,
            "73216" : 47,
            "74240" : 45,
            "75264" : 40,
            "76288" : 28,
            "77312" : 28,
            "78336" : 23,
            "79360" : 20,
            "80384" : 23,
            "81408" : 22,
            "82432" : 26,
            "83456" : 27,
            "84480" : 30,
            "85504" : 26,
            "86528" : 19,
            "87552" : 17,
            "88576" : 13,
            "89600" : 25,
            "90624" : 17,
            "91648" : 25,
            "92672" : 15,
            "93696" : 7,
            "94720" : 14,
            "95744" : 11,
            "96768" : 13,
            "97792" : 8,
            "98816" : 19,
            "99840" : 12,
            "100864" : 16,
            "101888" : 11,
            "102912" : 12,
            "103936" : 11,
            "104960" : 14,
            "105984" : 17,
            "107008" : 11,
            "108032" : 19,
            "109056" : 12,
            "110080" : 16,
            "111104" : 10,
            "112128" : 15,
            "113152" : 14,
            "114176" : 10,
            "115200" : 16,
            "116224" : 18,
            "117248" : 14,
            "118272" : 19,
            "119296" : 18,
            "120320" : 16,
            "121344" : 18,
            "122368" : 16,
            "123392" : 15,
            "124416" : 15,
            "125440" : 16,
            "126464" : 16,
            "127488" : 20,
            "128512" : 13,
            "129536" : 8,
            "130560" : 10,
            "132096" : 15,
            "134144" : 22,
            "136192" : 19,
            "138240" : 16,
            "140288" : 12,
            "142336" : 9,
            "144384" : 8,
            "146432" : 13,
            "148480" : 9,
            "150528" : 10,
            "152576" : 9,
            "154624" : 8,
            "156672" : 6,
            "158720" : 10,
            "160768" : 4,
            "162816" : 5,
            "164864" : 4,
            "166912" : 5,
            "168960" : 11,
            "171008" : 4,
            "173056" : 5,
            "175104" : 7,
            "177152" : 8,
            "179200" : 4,
            "181248" : 9,
            "183296" : 6,
            "185344" : 4,
            "187392" : 2,
            "189440" : 5,
            "191488" : 4,
            "193536" : 4,
            "195584" : 5,
            "197632" : 4,
            "199680" : 6,
            "201728" : 4,
            "203776" : 4,
            "205824" : 7,
            "207872" : 5,
            "209920" : 4,
            "211968" : 8,
            "214016" : 6,
            "216064" : 7,
            "218112" : 15,
            "220160" : 18,
            "222208" : 8,
            "224256" : 25,
            "226304" : 21,
            "228352" : 15,
            "230400" : 18,
            "232448" : 16,
            "234496" : 12,
            "236544" : 13,
            "238592" : 4,
            "240640" : 16,
            "242688" : 10,
            "244736" : 4,
            "246784" : 9,
            "248832" : 2,
            "250880" : 7,
            "252928" : 3,
            "254976" : 5,
            "257024" : 6,
            "261120" : 1,
            "264192" : 5,
            "268288" : 8,
            "272384" : 6,
            "276480" : 1,
            "280576" : 3,
            "284672" : 6,
            "288768" : 5,
            "292864" : 3,
            "296960" : 5,
            "301056" : 6,
            "305152" : 7,
            "309248" : 7,
            "313344" : 5,
            "317440" : 7,
            "321536" : 2,
            "325632" : 6,
            "329728" : 4,
            "333824" : 2,
            "337920" : 3,
            "342016" : 5,
            "346112" : 4,
            "350208" : 4,
            "354304" : 2,
            "358400" : 1,
            "362496" : 3,
            "366592" : 4,
            "370688" : 1,
            "374784" : 4,
            "378880" : 2,
            "382976" : 6,
            "387072" : 6,
            "391168" : 4,
            "395264" : 5,
            "399360" : 3,
            "403456" : 11,
            "407552" : 9,
            "411648" : 31,
            "415744" : 17,
            "419840" : 37,
            "423936" : 15,
            "428032" : 14,
            "432128" : 10,
            "436224" : 12,
            "440320" : 12,
            "444416" : 10,
            "448512" : 10,
            "452608" : 2,
            "456704" : 1,
            "460800" : 3,
            "464896" : 1,
            "468992" : 1,
            "473088" : 1,
            "477184" : 1,
            "481280" : 1,
            "485376" : 1,
            "489472" : 2,
            "493568" : 1,
            "497664" : 1,
            "509952" : 2,
            "514048" : 1,
            "518144" : 2,
            "522240" : 2,
            "528384" : 2,
            "536576" : 4,
            "544768" : 3,
            "552960" : 4,
            "561152" : 9,
            "569344" : 9,
            "577536" : 6,
            "585728" : 8,
            "593920" : 6,
            "602112" : 16,
            "610304" : 14,
            "618496" : 17,
            "626688" : 11,
            "634880" : 9,
            "643072" : 3,
            "651264" : 5,
            "659456" : 6,
            "667648" : 4,
            "675840" : 2,
            "684032" : 3,
            "692224" : 2,
            "700416" : 2,
            "708608" : 9,
            "716800" : 7,
            "724992" : 6,
            "733184" : 6,
            "741376" : 3,
            "749568" : 6,
            "757760" : 6,
            "765952" : 9,
            "774144" : 6,
            "782336" : 4,
            "790528" : 1,
            "798720" : 2,
            "806912" : 3,
            "815104" : 3,
            "823296" : 7,
            "839680" : 3,
            "847872" : 2,
            "856064" : 1,
            "864256" : 3,
            "872448" : 3,
            "880640" : 5,
            "888832" : 9,
            "897024" : 5,
            "905216" : 3,
            "913408" : 3,
            "921600" : 5,
            "929792" : 6,
            "937984" : 4,
            "946176" : 11,
            "954368" : 9,
            "962560" : 4,
            "970752" : 8,
            "978944" : 10,
            "987136" : 9,
            "995328" : 2,
            "1003520" : 3,
            "1011712" : 6,
            "1019904" : 3,
            "1028096" : 3,
            "1036288" : 2,
            "1044480" : 2,
            "1056768" : 2,
            "1073152" : 2,
            "1089536" : 1,
            "1253376" : 1,
            "1302528" : 1,
            "1335296" : 1,
            "1368064" : 1,
            "1384448" : 1,
            "1466368" : 1,
            "1531904" : 1,
            "1581056" : 1,
            "1662976" : 2,
            "1679360" : 1,
            "1695744" : 3,
            "1794048" : 1,
            "1826816" : 1,
            "1892352" : 1,
            "1908736" : 1,
            "2146304" : 1,
            "2179072" : 1,
            "2310144" : 1,
            "2408448" : 1,
            "2441216" : 2,
            "2473984" : 1,
            "2736128" : 2,
            "3063808" : 1,
            "3162112" : 1,
            "3358720" : 1,
            "3457024" : 1,
            "3948544" : 1,
            "4046848" : 1,
            "4423680" : 1,
            "4489216" : 1,
            "4554752" : 1,
            "4620288" : 1,
            "5341184" : 1,
            "5537792" : 1,
            "7045120" : 1,
            "8355840" : 1
          }
        },
        "lat_ns" : {
          "min" : 640,
          "max" : 8383688,
          "mean" : 6357.771704,
          "stddev" : 7798.152037,
          "N" : 21523120,
          "percentile" : {
            "1.000000" : 764,
            "5.000000" : 812,
            "10.000000" : 852,
            "20.000000" : 956,
            "30.000000" : 1012,
            "40.000000" : 1128,
            "50.000000" : 7392,
            "60.000000" : 9920,
            "70.000000" : 10432,
            "80.000000" : 10944,
            "90.000000" : 11712,
            "95.000000" : 14144,
            "99.000000" : 16064,
            "99.500000" : 19072,
            "99.900000" : 24960,
            "99.950000" : 29824,
            "99.990000" : 77312
          },
          "bins" : {
            "644" : 4,
            "652" : 18,
            "660" : 50,
            "668" : 142,
            "676" : 475,
            "684" : 1145,
            "692" : 1818,
            "700" : 2691,
            "708" : 3691,
            "716" : 4973,
            "724" : 7830,
            "732" : 13287,
            "740" : 24981,
            "748" : 44182,
            "756" : 66822,
            "764" : 101055,
            "772" : 128631,
            "780" : 153330,
            "788" : 164520,
            "796" : 165417,
            "804" : 181539,
            "812" : 186890,
            "820" : 191938,
            "828" : 186817,
            "836" : 174803,
            "844" : 180686,
            "852" : 174585,
            "860" : 171370,
            "868" : 161896,
            "876" : 146953,
            "884" : 147503,
            "892" : 140595,
            "900" : 139812,
            "908" : 141031,
            "916" : 142629,
            "924" : 164782,
            "932" : 184378,
            "940" : 212133,
            "948" : 237583,
            "956" : 251418,
            "964" : 287033,
            "972" : 303144,
            "980" : 317836,
            "988" : 317614,
            "996" : 297843,
            "1004" : 301971,
            "1012" : 280143,
            "1020" : 261984,
            "1032" : 431461,
            "1048" : 342750,
            "1064" : 265541,
            "1080" : 212001,
            "1096" : 197925,
            "1112" : 193523,
            "1128" : 204945,
            "1144" : 206046,
            "1160" : 186264,
            "1176" : 160897,
            "1192" : 118221,
            "1208" : 80925,
            "1224" : 48735,
            "1240" : 26693,
            "1256" : 15103,
            "1272" : 8698,
            "1288" : 5847,
            "1304" : 4364,
            "1320" : 3596,
            "1336" : 3517,
            "1352" : 3183,
            "1368" : 3083,
            "1384" : 3078,
            "1400" : 2862,
            "1416" : 2699,
            "1432" : 2451,
            "1448" : 2369,
            "1464" : 2272,
            "1480" : 2047,
            "1496" : 1941,
            "1512" : 1813,
            "1528" : 1671,
            "1544" : 1663,
            "1560" : 1422,
            "1576" : 1489,
            "1592" : 1346,
            "1608" : 1343,
            "1624" : 1243,
            "1640" : 1059,
            "1656" : 1086,
            "1672" : 985,
            "1688" : 949,
            "1704" : 932,
            "1720" : 759,
            "1736" : 795,
            "1752" : 726,
            "1768" : 689,
            "1784" : 650,
            "1800" : 606,
            "1816" : 541,
            "1832" : 520,
            "1848" : 492,
            "1864" : 486,
            "1880" : 467,
            "1896" : 421,
            "1912" : 404,
            "1928" : 398,
            "1944" : 371,
            "1960" : 377,
            "1976" : 342,
            "1992" : 312,
            "2008" : 319,
            "2024" : 302,
            "2040" : 274,
            "2064" : 516,
            "2096" : 504,
            "2128" : 428,
            "2160" : 387,
            "2192" : 377,
            "2224" : 364,
            "2256" : 295,
            "2288" : 271,
            "2320" : 257,
            "2352" : 241,
            "2384" : 236,
            "2416" : 215,
            "2448" : 209,
            "2480" : 217,
            "2512" : 195,
            "2544" : 181,
            "2576" : 195,
            "2608" : 166,
            "2640" : 155,
            "2672" : 120,
            "2704" : 122,
            "2736" : 102,
            "2768" : 99,
            "2800" : 87,
            "2832" : 85,
            "2864" : 72,
            "2896" : 64,
            "2928" : 81,
            "2960" : 51,
            "2992" : 59,
            "3024" : 48,
            "3056" : 46,
            "3088" : 33,
            "3120" : 34,
            "3152" : 33,
            "3184" : 38,
            "3216" : 25,
            "3248" : 26,
            "3280" : 28,
            "3312" : 26,
            "3344" : 42,
            "3376" : 37,
            "3408" : 68,
            "3440" : 88,
            "3472" : 112,
            "3504" : 119,
            "3536" : 116,
            "3568" : 135,
            "3600" : 133,
            "3632" : 126,
            "3664" : 104,
            "3696" : 90,
            "3728" : 75,
            "3760" : 59,
            "3792" : 60,
            "3824" : 87,
            "3856" : 158,
            "3888" : 212,
            "3920" : 251,
            "3952" : 368,
            "3984" : 422,
            "4016" : 590,
            "4048" : 787,
            "4080" : 1178,
            "4128" : 4064,
            "4192" : 8358,
            "4256" : 13619,
            "4320" : 20670,
            "4384" : 26587,
            "4448" : 27905,
            "4512" : 28653,
            "4576" : 37435,
            "4640" : 57225,
            "4704" : 68114,
            "4768" : 64227,
            "4832" : 56419,
            "4896" : 56119,
            "4960" : 56743,
            "5024" : 54387,
            "5088" : 54498,
            "5152" : 51981,
            "5216" : 41123,
            "5280" : 31275,
            "5344" : 30849,
            "5408" : 34573,
            "5472" : 28454,
            "5536" : 16439,
            "5600" : 8131,
            "5664" : 5244,
            "5728" : 5502,
            "5792" : 8714,
            "5856" : 10649,
            "5920" : 8916,
            "5984" : 5674,
            "6048" : 3359,
            "6112" : 2605,
            "6176" : 6305,
            "6240" : 19808,
            "6304" : 30828,
            "6368" : 28612,
            "6432" : 22675,
            "6496" : 18703,
            "6560" : 15380,
            "6624" : 12449,
            "6688" : 9250,
            "6752" : 8903,
            "6816" : 10250,
            "6880" : 7740,
            "6944" : 5119,
            "7008" : 5796,
            "7072" : 8123,
            "7136" : 10807,
            "7200" : 14211,
            "7264" : 17236,
            "7328" : 20195,
            "7392" : 22992,
            "7456" : 23373,
            "7520" : 20376,
            "7584" : 13935,
            "7648" : 7783,
            "7712" : 4153,
            "7776" : 2351,
            "7840" : 1649,
            "7904" : 1413,
            "7968" : 1250,
            "8032" : 1277,
            "8096" : 1166,
            "8160" : 1108,
            "8256" : 2831,
            "8384" : 4808,
            "8512" : 4770,
            "8640" : 2939,
            "8768" : 2482,
            "8896" : 1770,
            "9024" : 1620,
            "9152" : 4004,
            "9280" : 26284,
            "9408" : 130144,
            "9536" : 407248,
            "9664" : 698770,
            "9792" : 750313,
            "9920" : 683905,
            "10048" : 526464,
            "10176" : 332471,
            "10304" : 317985,
            "10432" : 403193,
            "10560" : 441844,
            "10688" : 528303,
            "10816" : 619997,
            "10944" : 613572,
            "11072" : 584994,
            "11200" : 505804,
            "11328" : 368280,
            "11456" : 251454,
            "11584" : 195780,
            "11712" : 176479,
            "11840" : 180674,
            "11968" : 167712,
            "12096" : 117429,
            "12224" : 63847,
            "12352" : 28362,
            "12480" : 15699,
            "12608" : 13099,
            "12736" : 13082,
            "12864" : 12491,
            "12992" : 11439,
            "13120" : 10441,
            "13248" : 9822,
            "13376" : 10615,
            "13504" : 18439,
            "13632" : 32259,
            "13760" : 50333,
            "13888" : 79688,
            "14016" : 100234,
            "14144" : 101175,
            "14272" : 105852,
            "14400" : 117397,
            "14528" : 110242,
            "14656" : 95493,
            "14784" : 85683,
            "14912" : 69685,
            "15040" : 55392,
            "15168" : 49711,
            "15296" : 38033,
            "15424" : 26223,
            "15552" : 20707,
            "15680" : 17072,
            "15808" : 13201,
            "15936" : 11798,
            "16064" : 11590,
            "16192" : 9611,
            "16320" : 7812,
            "16512" : 13684,
            "16768" : 9883,
            "17024" : 8978,
            "17280" : 8286,
            "17536" : 7919,
            "17792" : 7651,
            "18048" : 7244,
            "18304" : 7014,
            "18560" : 6916,
            "18816" : 6638,
            "19072" : 6582,
            "19328" : 6523,
            "19584" : 6547,
            "19840" : 6227,
            "20096" : 6000,
            "20352" : 5926,
            "20608" : 5600,
            "20864" : 5231,
            "21120" : 4999,
            "21376" : 4521,
            "21632" : 4105,
            "21888" : 3669,
            "22144" : 3338,
            "22400" : 2827,
            "22656" : 2513,
            "22912" : 2374,
            "23168" : 2080,
            "23424" : 1861,
            "23680" : 1656,
            "23936" : 1525,
            "24192" : 1354,
            "24448" : 1255,
            "24704" : 1150,
            "24960" : 1048,
            "25216" : 962,
            "25472" : 915,
            "25728" : 839,
            "25984" : 742,
            "26240" : 731,
            "26496" : 708,
            "26752" : 623,
            "27008" : 615,
            "27264" : 552,
            "27520" : 489,
            "27776" : 481,
            "28032" : 464,
            "28288" : 411,
            "28544" : 396,
            "28800" : 348,
            "29056" : 314,
            "29312" : 312,
            "29568" : 291,
            "29824" : 251,
            "30080" : 223,
            "30336" : 247,
            "30592" : 191,
            "30848" : 186,
            "31104" : 172,
            "31360" : 141,
            "31616" : 173,
            "31872" : 150,
            "32128" : 150,
            "32384" : 140,
            "32640" : 125,
            "33024" : 239,
            "33536" : 218,
            "34048" : 192,
            "34560" : 207,
            "35072" : 185,
            "35584" : 185,
            "36096" : 181,
            "36608" : 162,
            "37120" : 168,
            "37632" : 159,
            "38144" : 157,
            "38656" : 158,
            "39168" : 137,
            "39680" : 144,
            "40192" : 154,
            "40704" : 124,
            "41216" : 132,
            "41728" : 123,
            "42240" : 124,
            "42752" : 106,
            "43264" : 96,
            "43776" : 114,
            "44288" : 102,
            "44800" : 105,
            "45312" : 81,
            "45824" : 113,
            "46336" : 94,
            "46848" : 74,
            "47360" : 71,
            "47872" : 84,
            "48384" : 68,
            "48896" : 53,
            "49408" : 77,
            "49920" : 56,
            "50432" : 56,
            "50944" : 46,
            "51456" : 43,
            "51968" : 55,
            "52480" : 53,
            "52992" : 61,
            "53504" : 52,
            "54016" : 42,
            "54528" : 54,
            "55040" : 63,
            "55552" : 45,
            "56064" : 48,
            "56576" : 40,
            "57088" : 42,
            "57600" : 52,
            "58112" : 29,
            "58624" : 28,
            "59136" : 48,
            "59648" : 50,
            "60160" : 53,
            "60672" : 52,
            "61184" : 58,
            "61696" : 36,
            "62208" : 43,
            "62720" : 69,
            "63232" : 42,
            "63744" : 36,
            "64256" : 39,
            "64768" : 46,
            "65280" : 54,
            "66048" : 69,
            "67072" : 78,
            "68096" : 71,
            "69120" : 70,
            "70144" : 79,
            "71168" : 77,
            "72192" : 52,
            "73216" : 49,
            "74240" : 46,
            "75264" : 40,
            "76288" : 28,
            "77312" : 27,
            "78336" : 28,
            "79360" : 20,
            "80384" : 20,
            "81408" : 23,
            "82432" : 25,
            "83456" : 25,
            "84480" : 35,
            "85504" : 26,
            "86528" : 18,
            "87552" : 16,
            "88576" : 15,
            "89600" : 23,
            "90624" : 18,
            "91648" : 23,
            "92672" : 17,
            "93696" : 7,
            "94720" : 10,
            "95744" : 14,
            "96768" : 14,
            "97792" : 8,
            "98816" : 18,
            "99840" : 13,
            "100864" : 16,
            "101888" : 11,
            "102912" : 11,
            "103936" : 13,
            "104960" : 14,
            "105984" : 16,
            "107008" : 12,
            "108032" : 19,
            "109056" : 12,
            "110080" : 16,
            "111104" : 9,
            "112128" : 16,
            "113152" : 13,
            "114176" : 10,
            "115200" : 15,
            "116224" : 18,
            "117248" : 16,
            "118272" : 19,
            "119296" : 15,
            "120320" : 17,
            "121344" : 18,
            "122368" : 14,
            "123392" : 16,
            "124416" : 16,
            "125440" : 16,
            "126464" : 13,
            "127488" : 24,
            "128512" : 13,
            "129536" : 9,
            "130560" : 9,
            "132096" : 15,
            "134144" : 23,
            "136192" : 18,
            "138240" : 16,
            "140288" : 12,
            "142336" : 9,
            "144384" : 9,
            "146432" : 12,
            "148480" : 10,
            "150528" : 9,
            "152576" : 10,
            "154624" : 6,
            "156672" : 7,
            "158720" : 10,
            "160768" : 5,
            "162816" : 5,
            "164864" : 3,
            "166912" : 6,
            "168960" : 10,
            "171008" : 5,
            "173056" : 5,
            "175104" : 7,
            "177152" : 8,
            "179200" : 4,
            "181248" : 9,
            "183296" : 6,
            "185344" : 4,
            "187392" : 2,
            "189440" : 5,
            "191488" : 4,
            "193536" : 3,
            "195584" : 4,
            "197632" : 5,
            "199680" : 5,
            "201728" : 5,
            "203776" : 4,
            "205824" : 7,
            "207872" : 5,
            "209920" : 4,
            "211968" : 8,
            "214016" : 6,
            "216064" : 7,
            "218112" : 15,
            "220160" : 18,
            "222208" : 8,
            "224256" : 24,
            "226304" : 22,
            "228352" : 14,
            "230400" : 17,
            "232448" : 17,
            "234496" : 14,
            "236544" : 13,
            "238592" : 4,
            "240640" : 15,
            "242688" : 11,
            "244736" : 4,
            "246784" : 7,
            "248832" : 4,
            "250880" : 7,
            "252928" : 3,
            "254976" : 4,
            "257024" : 6,
            "259072" : 1,
            "261120" : 1,
            "264192" : 5,
            "268288" : 8,
            "272384" : 6,
            "276480" : 1,
            "280576" : 3,
            "284672" : 5,
            "288768" : 6,
            "292864" : 3,
            "296960" : 5,
            "301056" : 6,
            "305152" : 7,
            "309248" : 7,
            "313344" : 5,
            "317440" : 7,
            "321536" : 2,
            "325632" : 6,
            "329728" : 4,
            "333824" : 2,
            "337920" : 3,
            "342016" : 5,
            "346112" : 3,
            "350208" : 5,
            "354304" : 2,
            "358400" : 1,
            "362496" : 3,
            "366592" : 4,
            "370688" : 1,
            "374784" : 4,
            "378880" : 2,
            "382976" : 6,
            "387072" : 5,
            "391168" : 5,
            "395264" : 5,
            "399360" : 3,
            "403456" : 11,
            "407552" : 9,
            "411648" : 31,
            "415744" : 17,
            "419840" : 37,
            "423936" : 15,
            "428032" : 14,
            "432128" : 10,
            "436224" : 11,
            "440320" : 13,
            "444416" : 10,
            "448512" : 10,
            "452608" : 2,
            "456704" : 1,
            "460800" : 3,
            "464896" : 1,
            "468992" : 1,
            "473088" : 1,
            "477184" : 1,
            "481280" : 1,
            "485376" : 1,
            "489472" : 2,
            "493568" : 1,
            "497664" : 1,
            "509952" : 2,
            "514048" : 1,
            "518144" : 2,
            "522240" : 2,
            "528384" : 2,
            "536576" : 4,
            "544768" : 3,
            "552960" : 4,
            "561152" : 9,
            "569344" : 9,
            "577536" : 6,
            "585728" : 8,
            "593920" : 5,
            "602112" : 16,
            "610304" : 15,
            "618496" : 17,
            "626688" : 11,
            "634880" : 10,
            "643072" : 3,
            "651264" : 5,
            "659456" : 6,
            "667648" : 4,
            "675840" : 2,
            "684032" : 3,
            "692224" : 2,
            "700416" : 2,
            "708608" : 9,
            "716800" : 7,
            "724992" : 6,
            "733184" : 6,
            "741376" : 3,
            "749568" : 6,
            "757760" : 6,
            "765952" : 9,
            "774144" : 6,
            "782336" : 4,
            "790528" : 1,
            "798720" : 2,
            "806912" : 3,
            "815104" : 3,
            "823296" : 7,
            "839680" : 3,
            "847872" : 2,
            "856064" : 1,
            "864256" : 2,
            "872448" : 4,
            "880640" : 5,
            "888832" : 9,
            "897024" : 5,
            "905216" : 3,
            "913408" : 3,
            "921600" : 5,
            "929792" : 6,
            "937984" : 4,
            "946176" : 9,
            "954368" : 11,
            "962560" : 4,
            "970752" : 8,
            "978944" : 10,
            "987136" : 9,
            "995328" : 2,
            "1003520" : 3,
            "1011712" : 6,
            "1019904" : 3,
            "1028096" : 3,
            "1036288" : 2,
            "1044480" : 2,
            "1056768" : 2,
            "1073152" : 2,
            "1089536" : 1,
            "1253376" : 1,
            "1302528" : 1,
            "1335296" : 1,
            "1368064" : 1,
            "1384448" : 1,
            "1466368" : 1,
            "1531904" : 1,
            "1581056" : 1,
            "1662976" : 2,
            "1679360" : 1,
            "1695744" : 3,
            "1794048" : 1,
            "1826816" : 1,
            "1892352" : 1,
            "1908736" : 1,
            "2146304" : 1,
            "2179072" : 1,
            "2310144" : 1,
            "2408448" : 1,
            "2441216" : 2,
            "2473984" : 1,
            "2736128" : 2,
            "3063808" : 1,
            "3162112" : 1,
            "3358720" : 1,
            "3457024" : 1,
            "3948544" : 1,
            "4046848" : 1,
            "4423680" : 1,
            "4489216" : 1,
            "4554752" : 1,
            "4620288" : 1,
            "5341184" : 1,
            "5537792" : 1,
            "7045120" : 1,
            "8355840" : 1
          }
        },
        "bw_min" : 244256,
        "bw_max" : 294664,
        "bw_agg" : 100.000000,
        "bw_mean" : 287054.597663,
        "bw_dev" : 6608.030210,
        "bw_samples" : 599,
        "iops_min" : 61064,
        "iops_max" : 73666,
        "iops_mean" : 71763.669449,
        "iops_stddev" : 1651.994815,
        "iops_samples" : 599
      },
      "write" : {
        "io_bytes" : 88151773184,
        "io_kbytes" : 86085716,
        "bw_bytes" : 293838264,
        "bw" : 286951,
        "iops" : 71737.857540,
        "runtime" : 300001,
        "total_ios" : 21521429,
        "short_ios" : 0,
        "drop_ios" : 0,
        "slat_ns" : {
          "min" : 0,
          "max" : 0,
          "mean" : 0.000000,
          "stddev" : 0.000000,
          "N" : 0
        },
        "clat_ns" : {
          "min" : 851,
          "max" : 4822680,
          "mean" : 2173.121352,
          "stddev" : 2102.387412,
          "N" : 21521429,
          "percentile" : {
            "1.000000" : 1080,
            "5.000000" : 1096,
            "10.000000" : 1128,
            "20.000000" : 1208,
            "30.000000" : 1480,
            "40.000000" : 1544,
            "50.000000" : 1688,
            "60.000000" : 1864,
            "70.000000" : 2192,
            "80.000000" : 2448,
            "90.000000" : 5024,
            "95.000000" : 5728,
            "99.000000" : 6560,
            "99.500000" : 7328,
            "99.900000" : 9536,
            "99.950000" : 12096,
            "99.990000" : 20352
          },
          "bins" : {
            "852" : 8,
            "860" : 326,
            "868" : 1730,
            "876" : 3196,
            "884" : 3925,
            "892" : 3927,
            "900" : 4091,
            "908" : 3713,
            "916" : 2763,
            "924" : 1701,
            "932" : 868,
            "940" : 508,
            "948" : 293,
            "956" : 205,
            "964" : 143,
            "972" : 121,
            "980" : 290,
            "988" : 506,
            "996" : 580,
            "1004" : 623,
            "1012" : 888,
            "1020" : 1342,
            "1032" : 3970,
            "1048" : 3453,
            "1064" : 6588,
            "1080" : 262672,
            "1096" : 842728,
            "1112" : 836846,
            "1128" : 700014,
            "1144" : 581526,
            "1160" : 427085,
            "1176" : 334772,
            "1192" : 227568,
            "1208" : 152840,
            "1224" : 102438,
            "1240" : 61962,
            "1256" : 45510,
            "1272" : 41605,
            "1288" : 52176,
            "1304" : 70347,
            "1320" : 85785,
            "1336" : 100894,
            "1352" : 105264,
            "1368" : 111027,
            "1384" : 115843,
            "1400" : 110394,
            "1416" : 112949,
            "1432" : 119950,
            "1448" : 169496,
            "1464" : 297119,
            "1480" : 473048,
            "1496" : 601639,
            "1512" : 572068,
            "1528" : 515348,
            "1544" : 453452,
            "1560" : 378811,
            "1576" : 321805,
            "1592" : 263811,
            "1608" : 235137,
            "1624" : 208017,
            "1640" : 183577,
            "1656" : 178775,
            "1672" : 170061,
            "1688" : 173461,
            "1704" : 178962,
            "1720" : 181217,
            "1736" : 192966,
            "1752" : 199703,
            "1768" : 216719,
            "1784" : 222866,
            "1800" : 212553,
            "1816" : 202249,
            "1832" : 181041,
            "1848" : 168836,
            "1864" : 154856,
            "1880" : 139234,
            "1896" : 132577,
            "1912" : 118287,
            "1928" : 107333,
            "1944" : 93771,
            "1960" : 80739,
            "1976" : 77402,
            "1992" : 74896,
            "2008" : 78537,
            "2024" : 84198,
            "2040" : 88497,
            "2064" : 197206,
            "2096" : 218670,
            "2128" : 232418,
            "2160" : 243131,
            "2192" : 242263,
            "2224" : 235299,
            "2256" : 241426,
            "2288" : 254101,
            "2320" : 264236,
            "2352" : 267469,
            "2384" : 269674,
            "2416" : 282949,
            "2448" : 288431,
            "2480" : 279411,
            "2512" : 251986,
            "2544" : 222355,
            "2576" : 205532,
            "2608" : 182023,
            "2640" : 154172,
            "2672" : 122036,
            "2704" : 89323,
            "2736" : 62148,
            "2768" : 41635,
            "2800" : 28900,
            "2832" : 21488,
            "2864" : 17116,
            "2896" : 14477,
            "2928" : 12451,
            "2960" : 10601,
            "2992" : 9479,
            "3024" : 8262,
            "3056" : 7389,
            "3088" : 6571,
            "3120" : 5789,
            "3152" : 5269,
            "3184" : 4792,
            "3216" : 4362,
            "3248" : 4023,
            "3280" : 3736,
            "3312" : 3485,
            "3344" : 3239,
            "3376" : 3117,
            "3408" : 2945,
            "3440" : 2804,
            "3472" : 2849,
            "3504" : 2758,
            "3536" : 2786,
            "3568" : 2627,
            "3600" : 2494,
            "3632" : 2643,
            "3664" : 2489,
            "3696" : 2497,
            "3728" : 2186,
            "3760" : 2293,
            "3792" : 2162,
            "3824" : 2022,
            "3856" : 2074,
            "3888" : 1932,
            "3920" : 1865,
            "3952" : 2023,
            "3984" : 1789,
            "4016" : 1823,
            "4048" : 1669,
            "4080" : 1668,
            "4128" : 3143,
            "4192" : 3111,
            "4256" : 3540,
            "4320" : 4616,
            "4384" : 5191,
            "4448" : 5119,
            "4512" : 5489,
            "4576" : 7357,
            "4640" : 12500,
            "4704" : 19419,
            "4768" : 25296,
            "4832" : 33047,
            "4896" : 44912,
            "4960" : 55824,
            "5024" : 64453,
            "5088" : 71671,
            "5152" : 79223,
            "5216" : 94381,
            "5280" : 111052,
            "5344" : 106522,
            "5408" : 98137,
            "5472" : 98836,
            "5536" : 99941,
            "5600" : 104287,
            "5664" : 114321,
            "5728" : 120104,
            "5792" : 115256,
            "5856" : 106008,
            "5920" : 99382,
            "5984" : 92529,
            "6048" : 84208,
            "6112" : 69447,
            "6176" : 56392,
            "6240" : 49642,
            "6304" : 43526,
            "6368" : 37775,
            "6432" : 32225,
            "6496" : 24358,
            "6560" : 17731,
            "6624" : 13696,
            "6688" : 11893,
            "6752" : 10516,
            "6816" : 9110,
            "6880" : 7838,
            "6944" : 6508,
            "7008" : 5888,
            "7072" : 5969,
            "7136" : 5789,
            "7200" : 5372,
            "7264" : 6231,
            "7328" : 8831,
            "7392" : 12568,
            "7456" : 13435,
            "7520" : 10964,
            "7584" : 6467,
            "7648" : 3421,
            "7712" : 2076,
            "7776" : 1576,
            "7840" : 1339,
            "7904" : 1338,
            "7968" : 1322,
            "8032" : 1367,
            "8096" : 1504,
            "8160" : 1763,
            "8256" : 4042,
            "8384" : 3177,
            "8512" : 2461,
            "8640" : 2332,
            "8768" : 1874,
            "8896" : 1249,
            "9024" : 1189,
            "9152" : 952,
            "9280" : 951,
            "9408" : 855,
            "9536" : 829,
            "9664" : 703,
            "9792" : 670,
            "9920" : 604,
            "10048" : 607,
            "10176" : 560,
            "10304" : 556,
            "10432" : 557,
            "10560" : 518,
            "10688" : 568,
            "10816" : 576,
            "10944" : 525,
            "11072" : 511,
            "11200" : 469,
            "11328" : 432,
            "11456" : 447,
            "11584" : 389,
            "11712" : 431,
            "11840" : 399,
            "11968" : 391,
            "12096" : 353,
            "12224" : 354,
            "12352" : 344,
            "12480" : 297,
            "12608" : 324,
            "12736" : 316,
            "12864" : 301,
            "12992" : 261,
            "13120" : 237,
            "13248" : 251,
            "13376" : 198,
            "13504" : 201,
            "13632" : 211,
            "13760" : 205,
            "13888" : 189,
            "14016" : 168,
            "14144" : 167,
            "14272" : 135,
            "14400" : 147,
            "14528" : 151,
            "14656" : 127,
            "14784" : 108,
            "14912" : 164,
            "15040" : 124,
            "15168" : 122,
            "15296" : 126,
            "15424" : 123,
            "15552" : 105,
            "15680" : 129,
            "15808" : 108,
            "15936" : 103,
            "16064" : 120,
            "16192" : 100,
            "16320" : 89,
            "16512" : 206,
            "16768" : 199,
            "17024" : 177,
            "17280" : 189,
            "17536" : 176,
            "17792" : 153,
            "18048" : 156,
            "18304" : 148,
            "18560" : 162,
            "18816" : 150,
            "19072" : 138,
            "19328" : 126,
            "19584" : 121,
            "19840" : 100,
            "20096" : 102,
            "20352" : 120,
            "20608" : 88,
            "20864" : 86,
            "21120" : 93,
            "21376" : 78,
            "21632" : 71,
            "21888" : 66,
            "22144" : 55,
            "22400" : 63,
            "22656" : 54,
            "22912" : 53,
            "23168" : 44,
            "23424" : 46,
            "23680" : 35,
            "23936" : 30,
            "24192" : 44,
            "24448" : 25,
            "24704" : 29,
            "24960" : 30,
            "25216" : 22,
            "25472" : 23,
            "25728" : 27,
            "25984" : 31,
            "26240" : 24,
            "26496" : 18,
            "26752" : 40,
            "27008" : 17,
            "27264" : 19,
            "27520" : 16,
            "27776" : 28,
            "28032" : 14,
            "28288" : 18,
            "28544" : 13,
            "28800" : 13,
            "29056" : 10,
            "29312" : 23,
            "29568" : 3,
            "29824" : 11,
            "30080" : 9,
            "30336" : 13,
            "30592" : 12,
            "30848" : 8,
            "31104" : 15,
            "31360" : 9,
            "31616" : 12,
            "31872" : 12,
            "32128" : 7,
            "32384" : 9,
            "32640" : 9,
            "33024" : 20,
            "33536" : 28,
            "34048" : 19,
            "34560" : 20,
            "35072" : 16,
            "35584" : 14,
            "36096" : 17,
            "36608" : 15,
            "37120" : 13,
            "37632" : 11,
            "38144" : 15,
            "38656" : 14,
            "39168" : 20,
            "39680" : 14,
            "40192" : 15,
            "40704" : 17,
            "41216" : 10,
            "41728" : 15,
            "42240" : 8,
            "42752" : 9,
            "43264" : 8,
            "43776" : 6,
            "44288" : 12,
            "44800" : 6,
            "45312" : 7,
            "45824" : 6,
            "46336" : 10,
            "46848" : 12,
            "47360" : 7,
            "47872" : 4,
            "48384" : 6,
            "48896" : 4,
            "49408" : 2,
            "49920" : 11,
            "50432" : 9,
            "50944" : 3,
            "51456" : 2,
            "51968" : 6,
            "52480" : 5,
            "52992" : 8,
            "53504" : 6,
            "54016" : 2,
            "54528" : 4,
            "55040" : 2,
            "55552" : 6,
            "56064" : 2,
            "56576" : 1,
            "57088" : 2,
            "57600" : 4,
            "58112" : 6,
            "58624" : 3,
            "59648" : 2,
            "60160" : 3,
            "60672" : 1,
            "61184" : 2,
            "61696" : 1,
            "62208" : 1,
            "62720" : 4,
            "63232" : 2,
            "63744" : 3,
            "64256" : 1,
            "64768" : 3,
            "65280" : 2,
            "66048" : 3,
            "67072" : 1,
            "68096" : 5,
            "69120" : 4,
            "70144" : 2,
            "72192" : 2,
            "73216" : 1,
            "75264" : 1,
            "76288" : 4,
            "78336" : 1,
            "79360" : 3,
            "80384" : 2,
            "81408" : 3,
            "82432" : 1,
            "83456" : 2,
            "84480" : 1,
            "85504" : 1,
            "86528" : 2,
            "87552" : 3,
            "88576" : 1,
            "89600" : 1,
            "90624" : 1,
            "91648" : 2,
            "93696" : 1,
            "95744" : 1,
            "97792" : 1,
            "100864" : 1,
            "102912" : 1,
            "103936" : 1,
            "107008" : 1,
            "108032" : 2,
            "109056" : 2,
            "111104" : 1,
            "112128" : 1,
            "114176" : 1,
            "115200" : 1,
            "116224" : 1,
            "117248" : 1,
            "120320" : 1,
            "122368" : 1,
            "123392" : 1,
            "128512" : 1,
            "132096" : 1,
            "134144" : 1,
            "136192" : 2,
            "140288" : 2,
            "142336" : 1,
            "148480" : 1,
            "152576" : 2,
            "156672" : 1,
            "158720" : 1,
            "173056" : 1,
            "175104" : 1,
            "183296" : 2,
            "185344" : 1,
            "189440" : 1,
            "193536" : 2,
            "205824" : 1,
            "209920" : 2,
            "214016" : 2,
            "218112" : 1,
            "224256" : 1,
            "226304" : 1,
            "228352" : 1,
            "230400" : 1,
            "236544" : 1,
            "238592" : 1,
            "240640" : 1,
            "252928" : 1,
            "305152" : 1,
            "325632" : 1,
            "333824" : 1,
            "395264" : 1,
            "403456" : 1,
            "407552" : 1,
            "411648" : 1,
            "428032" : 1,
            "432128" : 1,
            "436224" : 5,
            "440320" : 2,
            "444416" : 1,
            "464896" : 1,
            "544768" : 1,
            "561152" : 1,
            "790528" : 2,
            "937984" : 1,
            "970752" : 1,
            "995328" : 1,
            "1011712" : 1,
            "1019904" : 1,
            "1433600" : 1,
            "1679360" : 2,
            "1777664" : 1,
            "2441216" : 1,
            "4816896" : 1
          }
        },
        "lat_ns" : {
          "min" : 896,
          "max" : 4822787,
          "mean" : 2258.778000,
          "stddev" : 2123.687414,
          "N" : 21521429,
          "percentile" : {
            "1.000000" : 1128,
            "5.000000" : 1160,
            "10.000000" : 1176,
            "20.000000" : 1272,
            "30.000000" : 1560,
            "40.000000" : 1624,
            "50.000000" : 1768,
            "60.000000" : 1928,
            "70.000000" : 2288,
            "80.000000" : 2544,
            "90.000000" : 5152,
            "95.000000" : 5856,
            "99.000000" : 6688,
            "99.500000" : 7456,
            "99.900000" : 9792,
            "99.950000" : 12352,
            "99.990000" : 20608
          },
          "bins" : {
            "900" : 47,
            "908" : 491,
            "916" : 1876,
            "924" : 3921,
            "932" : 4402,
            "940" : 3894,
            "948" : 3773,
            "956" : 3328,
            "964" : 2540,
            "972" : 1370,
            "980" : 751,
            "988" : 414,
            "996" : 271,
            "1004" : 186,
            "1012" : 151,
            "1020" : 179,
            "1032" : 779,
            "1048" : 1244,
            "1064" : 2011,
            "1080" : 3254,
            "1096" : 3403,
            "1112" : 13186,
            "1128" : 286072,
            "1144" : 635741,
            "1160" : 730156,
            "1176" : 666377,
            "1192" : 546908,
            "1208" : 481781,
            "1224" : 355487,
            "1240" : 262764,
            "1256" : 213146,
            "1272" : 137391,
            "1288" : 108341,
            "1304" : 80001,
            "1320" : 60074,
            "1336" : 62659,
            "1352" : 71708,
            "1368" : 87193,
            "1384" : 97683,
            "1400" : 100645,
            "1416" : 101429,
            "1432" : 95768,
            "1448" : 92930,
            "1464" : 84610,
            "1480" : 73618,
            "1496" : 79958,
            "1512" : 130191,
            "1528" : 268433,
            "1544" : 430697,
            "1560" : 513163,
            "1576" : 561672,
            "1592" : 538129,
            "1608" : 493552,
            "1624" : 414797,
            "1640" : 336640,
            "1656" : 297871,
            "1672" : 255419,
            "1688" : 226264,
            "1704" : 193480,
            "1720" : 164113,
            "1736" : 152681,
            "1752" : 143732,
            "1768" : 154591,
            "1784" : 176506,
            "1800" : 199967,
            "1816" : 231058,
            "1832" : 242596,
            "1848" : 251627,
            "1864" : 241492,
            "1880" : 218863,
            "1896" : 202890,
            "1912" : 179630,
            "1928" : 166677,
            "1944" : 153916,
            "1960" : 136133,
            "1976" : 123497,
            "1992" : 103577,
            "2008" : 91963,
            "2024" : 82318,
            "2040" : 75724,
            "2064" : 153187,
            "2096" : 173587,
            "2128" : 180780,
            "2160" : 163946,
            "2192" : 153381,
            "2224" : 178772,
            "2256" : 228094,
            "2288" : 257673,
            "2320" : 266313,
            "2352" : 273064,
            "2384" : 274477,
            "2416" : 271200,
            "2448" : 260565,
            "2480" : 256645,
            "2512" : 260791,
            "2544" : 259069,
            "2576" : 247059,
            "2608" : 219592,
            "2640" : 198713,
            "2672" : 187125,
            "2704" : 173205,
            "2736" : 150754,
            "2768" : 117285,
            "2800" : 85174,
            "2832" : 58489,
            "2864" : 39667,
            "2896" : 28581,
            "2928" : 21229,
            "2960" : 16996,
            "2992" : 14264,
            "3024" : 12100,
            "3056" : 10629,
            "3088" : 9151,
            "3120" : 8146,
            "3152" : 7263,
            "3184" : 6305,
            "3216" : 5783,
            "3248" : 5139,
            "3280" : 4630,
            "3312" : 4297,
            "3344" : 4030,
            "3376" : 3664,
            "3408" : 3410,
            "3440" : 3189,
            "3472" : 2981,
            "3504" : 2926,
            "3536" : 2687,
            "3568" : 2649,
            "3600" : 2706,
            "3632" : 2709,
            "3664" : 2608,
            "3696" : 2506,
            "3728" : 2473,
            "3760" : 2443,
            "3792" : 2459,
            "3824" : 2350,
            "3856" : 2234,
            "3888" : 2092,
            "3920" : 2061,
            "3952" : 2008,
            "3984" : 1905,
            "4016" : 1899,
            "4048" : 1843,
            "4080" : 1848,
            "4128" : 3554,
            "4192" : 3407,
            "4256" : 3241,
            "4320" : 3471,
            "4384" : 4431,
            "4448" : 5165,
            "4512" : 5727,
            "4576" : 6086,
            "4640" : 7571,
            "4704" : 10930,
            "4768" : 16949,
            "4832" : 23414,
            "4896" : 28584,
            "4960" : 38734,
            "5024" : 52338,
            "5088" : 63568,
            "5152" : 72041,
            "5216" : 76458,
            "5280" : 86552,
            "5344" : 104811,
            "5408" : 113497,
            "5472" : 106605,
            "5536" : 100828,
            "5600" : 101731,
            "5664" : 100939,
            "5728" : 107632,
            "5792" : 121984,
            "5856" : 124490,
            "5920" : 118720,
            "5984" : 107005,
            "6048" : 98797,
            "6112" : 90676,
            "6176" : 79414,
            "6240" : 64751,
            "6304" : 53620,
            "6368" : 47648,
            "6432" : 41072,
            "6496" : 35318,
            "6560" : 28637,
            "6624" : 20762,
            "6688" : 15787,
            "6752" : 13138,
            "6816" : 11736,
            "6880" : 10454,
            "6944" : 8986,
            "7008" : 7338,
            "7072" : 6009,
            "7136" : 5986,
            "7200" : 6070,
            "7264" : 5910,
            "7328" : 6346,
            "7392" : 8031,
            "7456" : 11161,
            "7520" : 13461,
            "7584" : 12531,
            "7648" : 8843,
            "7712" : 5626,
            "7776" : 3665,
            "7840" : 2674,
            "7904" : 2015,
            "7968" : 1638,
            "8032" : 1473,
            "8096" : 1470,
            "8160" : 1554,
            "8256" : 3802,
            "8384" : 4068,
            "8512" : 3010,
            "8640" : 2496,
            "8768" : 2287,
            "8896" : 1812,
            "9024" : 1255,
            "9152" : 1136,
            "9280" : 1093,
            "9408" : 949,
            "9536" : 892,
            "9664" : 865,
            "9792" : 741,
            "9920" : 670,
            "10048" : 662,
            "10176" : 652,
            "10304" : 593,
            "10432" : 604,
            "10560" : 614,
            "10688" : 573,
            "10816" : 577,
            "10944" : 622,
            "11072" : 579,
            "11200" : 523,
            "11328" : 541,
            "11456" : 435,
            "11584" : 490,
            "11712" : 446,
            "11840" : 460,
            "11968" : 437,
            "12096" : 387,
            "12224" : 428,
            "12352" : 371,
            "12480" : 366,
            "12608" : 299,
            "12736" : 360,
            "12864" : 343,
            "12992" : 295,
            "13120" : 289,
            "13248" : 265,
            "13376" : 241,
            "13504" : 222,
            "13632" : 204,
            "13760" : 234,
            "13888" : 221,
            "14016" : 182,
            "14144" : 169,
            "14272" : 193,
            "14400" : 140,
            "14528" : 140,
            "14656" : 153,
            "14784" : 140,
            "14912" : 132,
            "15040" : 149,
            "15168" : 137,
            "15296" : 121,
            "15424" : 137,
            "15552" : 130,
            "15680" : 119,
            "15808" : 120,
            "15936" : 117,
            "16064" : 116,
            "16192" : 120,
            "16320" : 98,
            "16512" : 213,
            "16768" : 199,
            "17024" : 188,
            "17280" : 189,
            "17536" : 193,
            "17792" : 159,
            "18048" : 169,
            "18304" : 140,
            "18560" : 177,
            "18816" : 151,
            "19072" : 156,
            "19328" : 134,
            "19584" : 127,
            "19840" : 113,
            "20096" : 98,
            "20352" : 115,
            "20608" : 108,
            "20864" : 81,
            "21120" : 97,
            "21376" : 91,
            "21632" : 81,
            "21888" : 62,
            "22144" : 68,
            "22400" : 62,
            "22656" : 63,
            "22912" : 53,
            "23168" : 54,
            "23424" : 38,
            "23680" : 41,
            "23936" : 38,
            "24192" : 45,
            "24448" : 34,
            "24704" : 30,
            "24960" : 24,
            "25216" : 29,
            "25472" : 24,
            "25728" : 25,
            "25984" : 35,
            "26240" : 24,
            "26496" : 19,
            "26752" : 31,
            "27008" : 28,
            "27264" : 22,
            "27520" : 16,
            "27776" : 23,
            "28032" : 18,
            "28288" : 17,
            "28544" : 15,
            "28800" : 12,
            "29056" : 11,
            "29312" : 17,
            "29568" : 13,
            "29824" : 8,
            "30080" : 12,
            "30336" : 12,
            "30592" : 11,
            "30848" : 11,
            "31104" : 16,
            "31360" : 10,
            "31616" : 13,
            "31872" : 16,
            "32128" : 9,
            "32384" : 10,
            "32640" : 7,
            "33024" : 22,
            "33536" : 21,
            "34048" : 24,
            "34560" : 23,
            "35072" : 20,
            "35584" : 14,
            "36096" : 18,
            "36608" : 15,
            "37120" : 13,
            "37632" : 16,
            "38144" : 15,
            "38656" : 15,
            "39168" : 18,
            "39680" : 16,
            "40192" : 17,
            "40704" : 16,
            "41216" : 12,
            "41728" : 15,
            "42240" : 7,
            "42752" : 10,
            "43264" : 8,
            "43776" : 8,
            "44288" : 7,
            "44800" : 10,
            "45312" : 6,
            "45824" : 5,
            "46336" : 12,
            "46848" : 13,
            "47360" : 7,
            "47872" : 6,
            "48384" : 4,
            "48896" : 6,
            "49408" : 3,
            "49920" : 8,
            "50432" : 10,
            "50944" : 4,
            "51456" : 2,
            "51968" : 6,
            "52480" : 4,
            "52992" : 5,
            "53504" : 9,
            "54016" : 4,
            "54528" : 3,
            "55040" : 3,
            "55552" : 6,
            "56064" : 3,
            "56576" : 2,
            "57088" : 2,
            "57600" : 3,
            "58112" : 8,
            "59136" : 3,
            "59648" : 2,
            "60160" : 3,
            "60672" : 2,
            "61184" : 3,
            "61696" : 1,
            "62208" : 1,
            "62720" : 4,
            "63232" : 2,
            "63744" : 3,
            "64256" : 1,
            "64768" : 2,
            "65280" : 3,
            "66048" : 2,
            "67072" : 1,
            "68096" : 4,
            "69120" : 6,
            "70144" : 2,
            "72192" : 2,
            "73216" : 1,
            "75264" : 1,
            "76288" : 4,
            "78336" : 1,
            "79360" : 1,
            "80384" : 5,
            "81408" : 3,
            "82432" : 1,
            "83456" : 2,
            "84480" : 1,
            "85504" : 1,
            "86528" : 2,
            "87552" : 2,
            "88576" : 1,
            "89600" : 1,
            "90624" : 1,
            "91648" : 1,
            "92672" : 1,
            "93696" : 1,
            "95744" : 2,
            "100864" : 2,
            "102912" : 1,
            "103936" : 1,
            "107008" : 1,
            "108032" : 1,
            "109056" : 3,
            "112128" : 2,
            "114176" : 1,
            "115200" : 1,
            "116224" : 1,
            "117248" : 2,
            "120320" : 1,
            "122368" : 1,
            "123392" : 1,
            "128512" : 1,
            "132096" : 1,
            "134144" : 1,
            "136192" : 2,
            "140288" : 2,
            "142336" : 1,
            "148480" : 1,
            "152576" : 1,
            "154624" : 1,
            "156672" : 1,
            "160768" : 1,
            "173056" : 1,
            "175104" : 1,
            "183296" : 1,
            "185344" : 1,
            "189440" : 1,
            "191488" : 1,
            "193536" : 2,
            "205824" : 1,
            "207872" : 1,
            "209920" : 2,
            "214016" : 2,
            "218112" : 1,
            "224256" : 1,
            "226304" : 1,
            "228352" : 1,
            "230400" : 1,
            "236544" : 1,
            "238592" : 1,
            "240640" : 1,
            "252928" : 1,
            "305152" : 1,
            "325632" : 1,
            "333824" : 1,
            "395264" : 1,
            "403456" : 1,
            "407552" : 1,
            "411648" : 1,
            "428032" : 1,
            "432128" : 1,
            "436224" : 5,
            "440320" : 2,
            "444416" : 1,
            "464896" : 1,
            "544768" : 1,
            "561152" : 1,
            "790528" : 2,
            "937984" : 1,
            "970752" : 1,
            "995328" : 1,
            "1011712" : 1,
            "1019904" : 1,
            "1433600" : 1,
            "1679360" : 2,
            "1777664" : 1,
            "2441216" : 1,
            "4816896" : 1
          }
        },
        "bw_min" : 241216,
        "bw_max" : 295672,
        "bw_agg" : 100.000000,
        "bw_mean" : 287032.948247,
        "bw_dev" : 6870.052111,
        "bw_samples" : 599,
        "iops_min" : 60304,
        "iops_max" : 73918,
        "iops_mean" : 71758.233723,
        "iops_stddev" : 1717.515227,
        "iops_samples" : 599
      },
      "trim" : {
        "io_bytes" : 0,
        "io_kbytes" : 0,
        "bw_bytes" : 0,
        "bw" : 0,
        "iops" : 0.000000,
        "runtime" : 0,
        "total_ios" : 0,
        "short_ios" : 0,
        "drop_ios" : 0,
        "slat_ns" : {
          "min" : 0,
          "max" : 0,
          "mean" : 0.000000,
          "stddev" : 0.000000,
          "N" : 0
        },
        "clat_ns" : {
          "min" : 0,
          "max" : 0,
          "mean" : 0.000000,
          "stddev" : 0.000000,
          "N" : 0
        },
        "lat_ns" : {
          "min" : 0,
          "max" : 0,
          "mean" : 0.000000,
          "stddev" : 0.000000,
          "N" : 0
        },
        "bw_min" : 0,
        "bw_max" : 0,
        "bw_agg" : 0.000000,
        "bw_mean" : 0.000000,
        "bw_dev" : 0.000000,
        "bw_samples" : 0,
        "iops_min" : 0,
        "iops_max" : 0,
        "iops_mean" : 0.000000,
        "iops_stddev" : 0.000000,
        "iops_samples" : 0
      },
      "sync" : {
        "total_ios" : 0,
        "lat_ns" : {
          "min" : 0,
          "max" : 0,
          "mean" : 0.000000,
          "stddev" : 0.000000,
          "N" : 0
        }
      },
      "job_runtime" : 300000,
      "usr_cpu" : 14.198000,
      "sys_cpu" : 70.038333,
      "ctx" : 11269502,
      "majf" : 0,
      "minf" : 20,
      "iodepth_level" : {
        "1" : 100.000000,
        "2" : 0.000000,
        "4" : 0.000000,
        "8" : 0.000000,
        "16" : 0.000000,
        "32" : 0.000000,
        ">=64" : 0.000000
      },
      "iodepth_submit" : {
        "0" : 0.000000,
        "4" : 100.000000,
        "8" : 0.000000,
        "16" : 0.000000,
        "32" : 0.000000,
        "64" : 0.000000,
        ">=64" : 0.000000
      },
      "iodepth_complete" : {
        "0" : 0.000000,
        "4" : 100.000000,
        "8" : 0.000000,
        "16" : 0.000000,
        "32" : 0.000000,
        "64" : 0.000000,
        ">=64" : 0.000000
      },
      "latency_ns" : {
        "2" : 0.000000,
        "4" : 0.000000,
        "10" : 0.000000,
        "20" : 0.000000,
        "50" : 0.000000,
        "100" : 0.000000,
        "250" : 0.000000,
        "500" : 0.000000,
        "750" : 1.246850,
        "1000" : 16.817811
      },
      "latency_us" : {
        "2" : 36.183262,
        "4" : 12.377723,
        "10" : 15.670484,
        "20" : 17.512494,
        "50" : 0.180908,
        "100" : 0.010000,
        "250" : 0.010000,
        "500" : 0.010000,
        "750" : 0.010000,
        "1000" : 0.010000
      },
      "latency_ms" : {
        "2" : 0.010000,
        "4" : 0.010000,
        "10" : 0.010000,
        "20" : 0.000000,
        "50" : 0.000000,
        "100" : 0.000000,
        "250" : 0.000000,
        "500" : 0.000000,
        "750" : 0.000000,
        "1000" : 0.000000,
        "2000" : 0.000000,
        ">=2000" : 0.000000
      },
      "latency_depth" : 128,
      "latency_target" : 0,
      "latency_percentile" : 100.000000,
      "latency_window" : 0
    }
  ],
  "disk_util" : [
    {
      "name" : "loop25",
      "read_ios" : 10950885,
      "write_ios" : 21470368,
      "read_merges" : 0,
      "write_merges" : 0,
      "read_ticks" : 79705,
      "write_ticks" : 200347,
      "in_queue" : 228,
      "util" : 99.983328
    }
  ]
}
