{
  "fio version" : "fio-3.32-36-g5932",
  "timestamp" : 1663461539,
  "timestamp_ms" : 1663461539106,
  "time" : "Sun Sep 18 02:38:59 2022",
  "global options" : {
    "size" : "512K",
    "rw" : "randrw",
    "bs" : "4K",
    "numjobs" : "1",
    "iodepth" : "128",
    "runtime" : "300",
    "end_fsync" : "1",
    "lat_percentiles" : "1",
    "slat_percentiles" : "1",
    "clat_percentiles" : "1"
  },
  "jobs" : [
    {
      "jobname" : "random-rw",
      "groupid" : 0,
      "error" : 0,
      "eta" : 0,
      "elapsed" : 301,
      "job options" : {
        "name" : "random-rw"
      },
      "read" : {
        "io_bytes" : 74855088128,
        "io_kbytes" : 73100672,
        "bw_bytes" : 249516128,
        "bw" : 243668,
        "iops" : 60917.023610,
        "runtime" : 300001,
        "total_ios" : 18275168,
        "short_ios" : 0,
        "drop_ios" : 0,
        "slat_ns" : {
          "min" : 0,
          "max" : 0,
          "mean" : 0.000000,
          "stddev" : 0.000000,
          "N" : 0
        },
        "clat_ns" : {
          "min" : 703,
          "max" : 10514135,
          "mean" : 10966.834821,
          "stddev" : 7600.902060,
          "N" : 18275168,
          "percentile" : {
            "1.000000" : 6368,
            "5.000000" : 9536,
            "10.000000" : 9792,
            "20.000000" : 10048,
            "30.000000" : 10560,
            "40.000000" : 10688,
            "50.000000" : 10816,
            "60.000000" : 10944,
            "70.000000" : 11072,
            "80.000000" : 11584,
            "90.000000" : 11840,
            "95.000000" : 12352,
            "99.000000" : 18048,
            "99.500000" : 20864,
            "99.900000" : 29056,
            "99.950000" : 42240,
            "99.990000" : 132096
          },
          "bins" : {
            "700" : 1,
            "708" : 3,
            "716" : 5,
            "724" : 8,
            "732" : 11,
            "740" : 26,
            "748" : 27,
            "756" : 34,
            "764" : 43,
            "772" : 43,
            "780" : 42,
            "788" : 48,
            "796" : 53,
            "804" : 61,
            "812" : 56,
            "820" : 81,
            "828" : 94,
            "836" : 101,
            "844" : 95,
            "852" : 116,
            "860" : 134,
            "868" : 120,
            "876" : 121,
            "884" : 140,
            "892" : 127,
            "900" : 143,
            "908" : 137,
            "916" : 157,
            "924" : 143,
            "932" : 136,
            "940" : 125,
            "948" : 109,
            "956" : 100,
            "964" : 93,
            "972" : 65,
            "980" : 60,
            "988" : 49,
            "996" : 35,
            "1004" : 28,
            "1012" : 17,
            "1020" : 19,
            "1032" : 22,
            "1048" : 20,
            "1064" : 12,
            "1080" : 10,
            "1096" : 7,
            "1112" : 9,
            "1128" : 6,
            "1144" : 9,
            "1160" : 11,
            "1176" : 5,
            "1192" : 6,
            "1208" : 4,
            "1224" : 9,
            "1240" : 8,
            "1256" : 3,
            "1272" : 6,
            "1288" : 3,
            "1304" : 11,
            "1320" : 4,
            "1336" : 3,
            "1352" : 5,
            "1368" : 4,
            "1384" : 2,
            "1400" : 3,
            "1416" : 4,
            "1432" : 4,
            "1448" : 4,
            "1464" : 4,
            "1480" : 4,
            "1496" : 3,
            "1512" : 2,
            "1528" : 1,
            "1544" : 2,
            "1560" : 2,
            "1576" : 2,
            "1608" : 1,
            "1640" : 1,
            "1672" : 3,
            "1720" : 2,
            "1736" : 2,
            "1816" : 2,
            "1832" : 4,
            "1848" : 1,
            "1912" : 2,
            "1976" : 1,
            "2128" : 1,
            "2192" : 2,
            "2320" : 1,
            "2960" : 1,
            "3056" : 1,
            "3216" : 2,
            "4704" : 1,
            "5792" : 3,
            "5856" : 3,
            "5920" : 30,
            "5984" : 42,
            "6048" : 519,
            "6112" : 7677,
            "6176" : 30162,
            "6240" : 50856,
            "6304" : 56804,
            "6368" : 59181,
            "6432" : 59631,
            "6496" : 47667,
            "6560" : 29889,
            "6624" : 15288,
            "6688" : 7442,
            "6752" : 3961,
            "6816" : 2245,
            "6880" : 1405,
            "6944" : 972,
            "7008" : 816,
            "7072" : 1217,
            "7136" : 2537,
            "7200" : 3828,
            "7264" : 4529,
            "7328" : 4634,
            "7392" : 4135,
            "7456" : 2872,
            "7520" : 1639,
            "7584" : 778,
            "7648" : 428,
            "7712" : 233,
            "7776" : 166,
            "7840" : 177,
            "7904" : 218,
            "7968" : 323,
            "8032" : 490,
            "8096" : 621,
            "8160" : 782,
            "8256" : 1609,
            "8384" : 1278,
            "8512" : 804,
            "8640" : 450,
            "8768" : 298,
            "8896" : 305,
            "9024" : 436,
            "9152" : 8756,
            "9280" : 75253,
            "9408" : 189688,
            "9536" : 326090,
            "9664" : 624418,
            "9792" : 793839,
            "9920" : 741603,
            "10048" : 687581,
            "10176" : 414352,
            "10304" : 308666,
            "10432" : 581709,
            "10560" : 1257019,
            "10688" : 2094212,
            "10816" : 2262940,
            "10944" : 1522835,
            "11072" : 664649,
            "11200" : 361474,
            "11328" : 466763,
            "11456" : 801340,
            "11584" : 1007141,
            "11712" : 843300,
            "11840" : 469451,
            "11968" : 206580,
            "12096" : 101701,
            "12224" : 72700,
            "12352" : 70627,
            "12480" : 85295,
            "12608" : 90087,
            "12736" : 66253,
            "12864" : 42020,
            "12992" : 29754,
            "13120" : 23683,
            "13248" : 20345,
            "13376" : 18548,
            "13504" : 17429,
            "13632" : 16674,
            "13760" : 15974,
            "13888" : 15075,
            "14016" : 13782,
            "14144" : 13320,
            "14272" : 12963,
            "14400" : 12851,
            "14528" : 12125,
            "14656" : 11549,
            "14784" : 11118,
            "14912" : 10557,
            "15040" : 10026,
            "15168" : 9552,
            "15296" : 9448,
            "15424" : 9456,
            "15552" : 9483,
            "15680" : 9434,
            "15808" : 9628,
            "15936" : 9676,
            "16064" : 9555,
            "16192" : 9120,
            "16320" : 8793,
            "16512" : 15719,
            "16768" : 14310,
            "17024" : 13598,
            "17280" : 12611,
            "17536" : 11616,
            "17792" : 10697,
            "18048" : 9718,
            "18304" : 9085,
            "18560" : 8951,
            "18816" : 8662,
            "19072" : 8266,
            "19328" : 8010,
            "19584" : 7888,
            "19840" : 7635,
            "20096" : 7434,
            "20352" : 6869,
            "20608" : 6686,
            "20864" : 6167,
            "21120" : 5683,
            "21376" : 5358,
            "21632" : 4991,
            "21888" : 4613,
            "22144" : 4378,
            "22400" : 3885,
            "22656" : 3536,
            "22912" : 3169,
            "23168" : 2865,
            "23424" : 2558,
            "23680" : 2315,
            "23936" : 2193,
            "24192" : 2019,
            "24448" : 1851,
            "24704" : 1713,
            "24960" : 1711,
            "25216" : 1637,
            "25472" : 1637,
            "25728" : 1571,
            "25984" : 1538,
            "26240" : 1576,
            "26496" : 1522,
            "26752" : 1456,
            "27008" : 1414,
            "27264" : 1275,
            "27520" : 1212,
            "27776" : 1079,
            "28032" : 960,
            "28288" : 842,
            "28544" : 770,
            "28800" : 646,
            "29056" : 586,
            "29312" : 497,
            "29568" : 472,
            "29824" : 408,
            "30080" : 387,
            "30336" : 302,
            "30592" : 342,
            "30848" : 307,
            "31104" : 276,
            "31360" : 282,
            "31616" : 233,
            "31872" : 211,
            "32128" : 210,
            "32384" : 174,
            "32640" : 195,
            "33024" : 328,
            "33536" : 321,
            "34048" : 276,
            "34560" : 270,
            "35072" : 239,
            "35584" : 245,
            "36096" : 208,
            "36608" : 212,
            "37120" : 229,
            "37632" : 215,
            "38144" : 218,
            "38656" : 212,
            "39168" : 239,
            "39680" : 235,
            "40192" : 220,
            "40704" : 200,
            "41216" : 215,
            "41728" : 189,
            "42240" : 177,
            "42752" : 178,
            "43264" : 192,
            "43776" : 184,
            "44288" : 174,
            "44800" : 178,
            "45312" : 179,
            "45824" : 175,
            "46336" : 180,
            "46848" : 176,
            "47360" : 139,
            "47872" : 150,
            "48384" : 123,
            "48896" : 135,
            "49408" : 112,
            "49920" : 93,
            "50432" : 85,
            "50944" : 92,
            "51456" : 72,
            "51968" : 74,
            "52480" : 78,
            "52992" : 72,
            "53504" : 67,
            "54016" : 71,
            "54528" : 65,
            "55040" : 77,
            "55552" : 69,
            "56064" : 78,
            "56576" : 64,
            "57088" : 75,
            "57600" : 72,
            "58112" : 80,
            "58624" : 64,
            "59136" : 73,
            "59648" : 80,
            "60160" : 81,
            "60672" : 79,
            "61184" : 80,
            "61696" : 75,
            "62208" : 75,
            "62720" : 74,
            "63232" : 75,
            "63744" : 72,
            "64256" : 72,
            "64768" : 70,
            "65280" : 61,
            "66048" : 139,
            "67072" : 147,
            "68096" : 107,
            "69120" : 102,
            "70144" : 118,
            "71168" : 116,
            "72192" : 97,
            "73216" : 102,
            "74240" : 89,
            "75264" : 84,
            "76288" : 82,
            "77312" : 74,
            "78336" : 75,
            "79360" : 65,
            "80384" : 59,
            "81408" : 48,
            "82432" : 49,
            "83456" : 36,
            "84480" : 39,
            "85504" : 41,
            "86528" : 30,
            "87552" : 29,
            "88576" : 23,
            "89600" : 26,
            "90624" : 29,
            "91648" : 32,
            "92672" : 15,
            "93696" : 31,
            "94720" : 22,
            "95744" : 19,
            "96768" : 23,
            "97792" : 12,
            "98816" : 35,
            "99840" : 28,
            "100864" : 28,
            "101888" : 30,
            "102912" : 14,
            "103936" : 21,
            "104960" : 22,
            "105984" : 30,
            "107008" : 23,
            "108032" : 23,
            "109056" : 20,
            "110080" : 26,
            "111104" : 13,
            "112128" : 15,
            "113152" : 21,
            "114176" : 14,
            "115200" : 13,
            "116224" : 21,
            "117248" : 15,
            "118272" : 20,
            "119296" : 16,
            "120320" : 24,
            "121344" : 9,
            "122368" : 20,
            "123392" : 30,
            "124416" : 18,
            "125440" : 11,
            "126464" : 17,
            "127488" : 25,
            "128512" : 15,
            "129536" : 17,
            "130560" : 26,
            "132096" : 31,
            "134144" : 51,
            "136192" : 46,
            "138240" : 39,
            "140288" : 29,
            "142336" : 23,
            "144384" : 35,
            "146432" : 14,
            "148480" : 13,
            "150528" : 13,
            "152576" : 18,
            "154624" : 14,
            "156672" : 17,
            "158720" : 13,
            "160768" : 12,
            "162816" : 6,
            "164864" : 14,
            "166912" : 17,
            "168960" : 6,
            "171008" : 15,
            "173056" : 12,
            "175104" : 7,
            "177152" : 10,
            "179200" : 10,
            "181248" : 8,
            "183296" : 1,
            "185344" : 5,
            "187392" : 5,
            "189440" : 8,
            "191488" : 10,
            "193536" : 3,
            "195584" : 6,
            "197632" : 2,
            "199680" : 5,
            "201728" : 5,
            "203776" : 7,
            "205824" : 3,
            "207872" : 1,
            "209920" : 5,
            "211968" : 7,
            "214016" : 2,
            "216064" : 3,
            "218112" : 2,
            "220160" : 3,
            "222208" : 1,
            "224256" : 3,
            "226304" : 6,
            "228352" : 13,
            "230400" : 14,
            "232448" : 9,
            "234496" : 12,
            "236544" : 15,
            "238592" : 10,
            "240640" : 11,
            "242688" : 8,
            "244736" : 10,
            "246784" : 7,
            "248832" : 11,
            "250880" : 21,
            "252928" : 15,
            "254976" : 17,
            "257024" : 11,
            "259072" : 6,
            "261120" : 14,
            "264192" : 17,
            "268288" : 20,
            "272384" : 21,
            "276480" : 15,
            "280576" : 10,
            "284672" : 6,
            "288768" : 9,
            "292864" : 5,
            "296960" : 11,
            "301056" : 8,
            "305152" : 5,
            "309248" : 6,
            "313344" : 5,
            "317440" : 3,
            "321536" : 2,
            "325632" : 6,
            "329728" : 4,
            "333824" : 4,
            "337920" : 5,
            "342016" : 3,
            "346112" : 7,
            "350208" : 2,
            "354304" : 6,
            "358400" : 2,
            "362496" : 4,
            "366592" : 4,
            "370688" : 5,
            "374784" : 13,
            "378880" : 15,
            "382976" : 22,
            "387072" : 17,
            "391168" : 20,
            "395264" : 14,
            "399360" : 24,
            "403456" : 10,
            "407552" : 11,
            "411648" : 14,
            "415744" : 13,
            "419840" : 12,
            "423936" : 12,
            "428032" : 8,
            "432128" : 13,
            "436224" : 6,
            "440320" : 1,
            "444416" : 4,
            "448512" : 2,
            "452608" : 2,
            "456704" : 3,
            "460800" : 3,
            "464896" : 2,
            "477184" : 2,
            "481280" : 2,
            "489472" : 1,
            "497664" : 1,
            "501760" : 1,
            "505856" : 2,
            "518144" : 1,
            "528384" : 1,
            "536576" : 1,
            "544768" : 1,
            "561152" : 1,
            "569344" : 3,
            "577536" : 5,
            "585728" : 3,
            "593920" : 1,
            "602112" : 2,
            "610304" : 1,
            "626688" : 2,
            "634880" : 2,
            "643072" : 5,
            "651264" : 2,
            "659456" : 3,
            "667648" : 4,
            "675840" : 4,
            "684032" : 9,
            "692224" : 3,
            "700416" : 8,
            "708608" : 8,
            "716800" : 10,
            "724992" : 17,
            "733184" : 16,
            "741376" : 26,
            "749568" : 31,
            "757760" : 28,
            "765952" : 34,
            "774144" : 28,
            "782336" : 28,
            "790528" : 32,
            "798720" : 35,
            "806912" : 40,
            "815104" : 37,
            "823296" : 18,
            "831488" : 12,
            "839680" : 14,
            "847872" : 10,
            "856064" : 10,
            "864256" : 8,
            "872448" : 9,
            "880640" : 1,
            "888832" : 3,
            "897024" : 1,
            "905216" : 2,
            "921600" : 2,
            "929792" : 2,
            "937984" : 1,
            "946176" : 1,
            "978944" : 3,
            "995328" : 2,
            "1003520" : 1,
            "1011712" : 1,
            "1019904" : 1,
            "1028096" : 1,
            "1036288" : 3,
            "1056768" : 2,
            "1073152" : 2,
            "1089536" : 2,
            "1105920" : 5,
            "1122304" : 1,
            "1138688" : 1,
            "1155072" : 3,
            "1171456" : 1,
            "1204224" : 2,
            "1220608" : 2,
            "1269760" : 4,
            "1286144" : 4,
            "1302528" : 4,
            "1318912" : 3,
            "1335296" : 2,
            "1351680" : 1,
            "1368064" : 1,
            "1384448" : 1,
            "1400832" : 3,
            "1433600" : 1,
            "1466368" : 1,
            "1499136" : 1,
            "1515520" : 1,
            "1613824" : 1,
            "1630208" : 1,
            "1679360" : 2,
            "1695744" : 4,
            "1712128" : 2,
            "1728512" : 1,
            "1761280" : 2,
            "1794048" : 1,
            "1843200" : 1,
            "1925120" : 1,
            "1990656" : 1,
            "2056192" : 1,
            "2113536" : 1,
            "2211840" : 1,
            "2375680" : 2,
            "2801664" : 1,
            "2834432" : 1,
            "2932736" : 1,
            "2965504" : 1,
            "2998272" : 1,
            "3031040" : 1,
            "3063808" : 1,
            "3162112" : 2,
            "3391488" : 1,
            "3883008" : 1,
            "3915776" : 1,
            "4014080" : 1,
            "4046848" : 1,
            "4177920" : 1,
            "4292608" : 1,
            "4358144" : 1,
            "4489216" : 1,
            "4554752" : 1,
            "5079040" : 1,
            "7045120" : 1,
            "10551296" : 1
          }
        },
        "lat_ns" : {
          "min" : 746,
          "max" : 10514182,
          "mean" : 11017.930680,
          "stddev" : 7603.002281,
          "N" : 18275168,
          "percentile" : {
            "1.000000" : 6432,
            "5.000000" : 9664,
            "10.000000" : 9792,
            "20.000000" : 10176,
            "30.000000" : 10560,
            "40.000000" : 10688,
            "50.000000" : 10816,
            "60.000000" : 10944,
            "70.000000" : 11200,
            "80.000000" : 11584,
            "90.000000" : 11840,
            "95.000000" : 12480,
            "99.000000" : 18048,
            "99.500000" : 21120,
            "99.900000" : 29056,
            "99.950000" : 42240,
            "99.990000" : 132096
          },
          "bins" : {
            "748" : 4,
            "756" : 5,
            "764" : 5,
            "772" : 6,
            "780" : 20,
            "788" : 40,
            "796" : 33,
            "804" : 35,
            "812" : 44,
            "820" : 50,
            "828" : 40,
            "836" : 48,
            "844" : 56,
            "852" : 52,
            "860" : 88,
            "868" : 85,
            "876" : 83,
            "884" : 102,
            "892" : 100,
            "900" : 125,
            "908" : 116,
            "916" : 118,
            "924" : 126,
            "932" : 113,
            "940" : 120,
            "948" : 126,
            "956" : 120,
            "964" : 154,
            "972" : 118,
            "980" : 127,
            "988" : 120,
            "996" : 121,
            "1004" : 89,
            "1012" : 77,
            "1020" : 75,
            "1032" : 123,
            "1048" : 83,
            "1064" : 41,
            "1080" : 27,
            "1096" : 22,
            "1112" : 14,
            "1128" : 12,
            "1144" : 6,
            "1160" : 9,
            "1176" : 9,
            "1192" : 8,
            "1208" : 8,
            "1224" : 5,
            "1240" : 6,
            "1256" : 3,
            "1272" : 8,
            "1288" : 7,
            "1304" : 8,
            "1320" : 7,
            "1336" : 5,
            "1352" : 8,
            "1368" : 10,
            "1384" : 2,
            "1400" : 4,
            "1416" : 2,
            "1432" : 2,
            "1448" : 1,
            "1464" : 3,
            "1480" : 2,
            "1496" : 3,
            "1512" : 2,
            "1528" : 1,
            "1544" : 2,
            "1560" : 3,
            "1576" : 2,
            "1592" : 5,
            "1608" : 4,
            "1624" : 2,
            "1640" : 1,
            "1656" : 4,
            "1672" : 1,
            "1688" : 1,
            "1704" : 2,
            "1720" : 1,
            "1736" : 1,
            "1784" : 1,
            "1800" : 2,
            "1832" : 1,
            "1848" : 1,
            "1880" : 1,
            "1896" : 1,
            "1960" : 2,
            "1976" : 1,
            "1992" : 1,
            "2024" : 2,
            "2064" : 1,
            "2096" : 1,
            "2160" : 1,
            "2320" : 2,
            "2448" : 1,
            "2512" : 1,
            "3184" : 1,
            "3376" : 1,
            "3504" : 1,
            "3568" : 1,
            "4768" : 1,
            "5792" : 1,
            "5856" : 4,
            "5920" : 10,
            "5984" : 33,
            "6048" : 72,
            "6112" : 1748,
            "6176" : 14332,
            "6240" : 39406,
            "6304" : 53246,
            "6368" : 57005,
            "6432" : 60225,
            "6496" : 56622,
            "6560" : 42061,
            "6624" : 24082,
            "6688" : 11925,
            "6752" : 6013,
            "6816" : 3129,
            "6880" : 1927,
            "6944" : 1226,
            "7008" : 914,
            "7072" : 905,
            "7136" : 1614,
            "7200" : 3122,
            "7264" : 4081,
            "7328" : 4627,
            "7392" : 4500,
            "7456" : 3734,
            "7520" : 2448,
            "7584" : 1282,
            "7648" : 628,
            "7712" : 355,
            "7776" : 175,
            "7840" : 163,
            "7904" : 123,
            "7968" : 163,
            "8032" : 260,
            "8096" : 394,
            "8160" : 551,
            "8256" : 1514,
            "8384" : 1554,
            "8512" : 1138,
            "8640" : 691,
            "8768" : 431,
            "8896" : 319,
            "9024" : 324,
            "9152" : 2445,
            "9280" : 38554,
            "9408" : 143846,
            "9536" : 262608,
            "9664" : 493903,
            "9792" : 765650,
            "9920" : 768083,
            "10048" : 741920,
            "10176" : 522812,
            "10304" : 296704,
            "10432" : 431260,
            "10560" : 939270,
            "10688" : 1800197,
            "10816" : 2333032,
            "10944" : 1897848,
            "11072" : 928458,
            "11200" : 413241,
            "11328" : 386026,
            "11456" : 661593,
            "11584" : 970545,
            "11712" : 954454,
            "11840" : 607913,
            "11968" : 280295,
            "12096" : 126163,
            "12224" : 82114,
            "12352" : 71493,
            "12480" : 80218,
            "12608" : 92125,
            "12736" : 76519,
            "12864" : 49374,
            "12992" : 34111,
            "13120" : 26933,
            "13248" : 21882,
            "13376" : 19359,
            "13504" : 17884,
            "13632" : 17161,
            "13760" : 16381,
            "13888" : 15558,
            "14016" : 14239,
            "14144" : 13435,
            "14272" : 13040,
            "14400" : 12860,
            "14528" : 12507,
            "14656" : 11876,
            "14784" : 11228,
            "14912" : 10891,
            "15040" : 10272,
            "15168" : 9790,
            "15296" : 9474,
            "15424" : 9358,
            "15552" : 9361,
            "15680" : 9407,
            "15808" : 9334,
            "15936" : 9599,
            "16064" : 9547,
            "16192" : 9432,
            "16320" : 9043,
            "16512" : 16445,
            "16768" : 14531,
            "17024" : 13790,
            "17280" : 12869,
            "17536" : 11941,
            "17792" : 10963,
            "18048" : 9924,
            "18304" : 9254,
            "18560" : 8912,
            "18816" : 8835,
            "19072" : 8430,
            "19328" : 8114,
            "19584" : 7961,
            "19840" : 7652,
            "20096" : 7523,
            "20352" : 7106,
            "20608" : 6813,
            "20864" : 6429,
            "21120" : 5824,
            "21376" : 5537,
            "21632" : 5076,
            "21888" : 4810,
            "22144" : 4470,
            "22400" : 4035,
            "22656" : 3724,
            "22912" : 3363,
            "23168" : 2971,
            "23424" : 2648,
            "23680" : 2376,
            "23936" : 2250,
            "24192" : 2097,
            "24448" : 1904,
            "24704" : 1745,
            "24960" : 1742,
            "25216" : 1682,
            "25472" : 1653,
            "25728" : 1602,
            "25984" : 1547,
            "26240" : 1609,
            "26496" : 1466,
            "26752" : 1499,
            "27008" : 1436,
            "27264" : 1319,
            "27520" : 1259,
            "27776" : 1098,
            "28032" : 999,
            "28288" : 875,
            "28544" : 768,
            "28800" : 660,
            "29056" : 633,
            "29312" : 507,
            "29568" : 477,
            "29824" : 454,
            "30080" : 384,
            "30336" : 349,
            "30592" : 346,
            "30848" : 283,
            "31104" : 315,
            "31360" : 284,
            "31616" : 241,
            "31872" : 226,
            "32128" : 212,
            "32384" : 194,
            "32640" : 171,
            "33024" : 352,
            "33536" : 319,
            "34048" : 285,
            "34560" : 274,
            "35072" : 248,
            "35584" : 248,
            "36096" : 220,
            "36608" : 202,
            "37120" : 242,
            "37632" : 208,
            "38144" : 209,
            "38656" : 216,
            "39168" : 240,
            "39680" : 238,
            "40192" : 226,
            "40704" : 208,
            "41216" : 197,
            "41728" : 188,
            "42240" : 186,
            "42752" : 183,
            "43264" : 192,
            "43776" : 183,
            "44288" : 178,
            "44800" : 178,
            "45312" : 180,
            "45824" : 177,
            "46336" : 177,
            "46848" : 182,
            "47360" : 145,
            "47872" : 146,
            "48384" : 125,
            "48896" : 134,
            "49408" : 109,
            "49920" : 99,
            "50432" : 92,
            "50944" : 85,
            "51456" : 76,
            "51968" : 77,
            "52480" : 82,
            "52992" : 70,
            "53504" : 64,
            "54016" : 71,
            "54528" : 62,
            "55040" : 82,
            "55552" : 69,
            "56064" : 73,
            "56576" : 67,
            "57088" : 71,
            "57600" : 79,
            "58112" : 76,
            "58624" : 65,
            "59136" : 76,
            "59648" : 74,
            "60160" : 87,
            "60672" : 81,
            "61184" : 80,
            "61696" : 77,
            "62208" : 72,
            "62720" : 79,
            "63232" : 73,
            "63744" : 73,
            "64256" : 69,
            "64768" : 70,
            "65280" : 62,
            "66048" : 143,
            "67072" : 148,
            "68096" : 104,
            "69120" : 104,
            "70144" : 118,
            "71168" : 113,
            "72192" : 103,
            "73216" : 104,
            "74240" : 88,
            "75264" : 86,
            "76288" : 83,
            "77312" : 72,
            "78336" : 75,
            "79360" : 64,
            "80384" : 56,
            "81408" : 53,
            "82432" : 49,
            "83456" : 36,
            "84480" : 35,
            "85504" : 46,
            "86528" : 29,
            "87552" : 30,
            "88576" : 22,
            "89600" : 25,
            "90624" : 30,
            "91648" : 32,
            "92672" : 18,
            "93696" : 26,
            "94720" : 25,
            "95744" : 19,
            "96768" : 20,
            "97792" : 16,
            "98816" : 35,
            "99840" : 26,
            "100864" : 28,
            "101888" : 34,
            "102912" : 12,
            "103936" : 23,
            "104960" : 21,
            "105984" : 29,
            "107008" : 23,
            "108032" : 24,
            "109056" : 17,
            "110080" : 28,
            "111104" : 13,
            "112128" : 14,
            "113152" : 23,
            "114176" : 14,
            "115200" : 10,
            "116224" : 22,
            "117248" : 17,
            "118272" : 19,
            "119296" : 16,
            "120320" : 24,
            "121344" : 10,
            "122368" : 20,
            "123392" : 27,
            "124416" : 21,
            "125440" : 10,
            "126464" : 18,
            "127488" : 23,
            "128512" : 17,
            "129536" : 17,
            "130560" : 26,
            "132096" : 30,
            "134144" : 50,
            "136192" : 49,
            "138240" : 39,
            "140288" : 29,
            "142336" : 23,
            "144384" : 35,
            "146432" : 14,
            "148480" : 12,
            "150528" : 13,
            "152576" : 16,
            "154624" : 17,
            "156672" : 16,
            "158720" : 13,
            "160768" : 13,
            "162816" : 6,
            "164864" : 13,
            "166912" : 18,
            "168960" : 4,
            "171008" : 17,
            "173056" : 12,
            "175104" : 7,
            "177152" : 10,
            "179200" : 10,
            "181248" : 8,
            "183296" : 1,
            "185344" : 5,
            "187392" : 5,
            "189440" : 8,
            "191488" : 10,
            "193536" : 3,
            "195584" : 5,
            "197632" : 3,
            "199680" : 4,
            "201728" : 6,
            "203776" : 7,
            "205824" : 3,
            "207872" : 1,
            "209920" : 5,
            "211968" : 7,
            "214016" : 2,
            "216064" : 3,
            "218112" : 2,
            "220160" : 2,
            "222208" : 2,
            "224256" : 3,
            "226304" : 6,
            "228352" : 13,
            "230400" : 14,
            "232448" : 9,
            "234496" : 12,
            "236544" : 14,
            "238592" : 11,
            "240640" : 11,
            "242688" : 7,
            "244736" : 11,
            "246784" : 7,
            "248832" : 11,
            "250880" : 21,
            "252928" : 15,
            "254976" : 17,
            "257024" : 11,
            "259072" : 6,
            "261120" : 14,
            "264192" : 17,
            "268288" : 20,
            "272384" : 21,
            "276480" : 15,
            "280576" : 10,
            "284672" : 6,
            "288768" : 9,
            "292864" : 5,
            "296960" : 11,
            "301056" : 8,
            "305152" : 5,
            "309248" : 6,
            "313344" : 5,
            "317440" : 3,
            "321536" : 2,
            "325632" : 6,
            "329728" : 4,
            "333824" : 4,
            "337920" : 5,
            "342016" : 3,
            "346112" : 7,
            "350208" : 2,
            "354304" : 6,
            "358400" : 2,
            "362496" : 4,
            "366592" : 4,
            "370688" : 5,
            "374784" : 13,
            "378880" : 15,
            "382976" : 22,
            "387072" : 17,
            "391168" : 20,
            "395264" : 14,
            "399360" : 25,
            "403456" : 10,
            "407552" : 11,
            "411648" : 14,
            "415744" : 13,
            "419840" : 12,
            "423936" : 12,
            "428032" : 8,
            "432128" : 13,
            "436224" : 6,
            "440320" : 1,
            "444416" : 4,
            "448512" : 2,
            "452608" : 2,
            "456704" : 3,
            "460800" : 3,
            "464896" : 2,
            "477184" : 2,
            "481280" : 2,
            "489472" : 1,
            "497664" : 1,
            "501760" : 1,
            "505856" : 2,
            "522240" : 1,
            "528384" : 1,
            "536576" : 1,
            "544768" : 1,
            "561152" : 1,
            "569344" : 3,
            "577536" : 5,
            "585728" : 3,
            "593920" : 1,
            "602112" : 2,
            "610304" : 1,
            "626688" : 2,
            "634880" : 2,
            "643072" : 5,
            "651264" : 2,
            "659456" : 3,
            "667648" : 4,
            "675840" : 4,
            "684032" : 9,
            "692224" : 3,
            "700416" : 8,
            "708608" : 8,
            "716800" : 10,
            "724992" : 17,
            "733184" : 16,
            "741376" : 26,
            "749568" : 29,
            "757760" : 29,
            "765952" : 35,
            "774144" : 28,
            "782336" : 28,
            "790528" : 32,
            "798720" : 35,
            "806912" : 40,
            "815104" : 36,
            "823296" : 19,
            "831488" : 12,
            "839680" : 14,
            "847872" : 10,
            "856064" : 10,
            "864256" : 7,
            "872448" : 10,
            "880640" : 1,
            "888832" : 3,
            "897024" : 1,
            "905216" : 2,
            "921600" : 2,
            "929792" : 2,
            "937984" : 1,
            "946176" : 1,
            "978944" : 3,
            "995328" : 1,
            "1003520" : 2,
            "1011712" : 1,
            "1019904" : 1,
            "1028096" : 1,
            "1036288" : 3,
            "1056768" : 2,
            "1073152" : 2,
            "1089536" : 2,
            "1105920" : 5,
            "1122304" : 1,
            "1138688" : 1,
            "1155072" : 3,
            "1171456" : 1,
            "1204224" : 2,
            "1220608" : 2,
            "1269760" : 4,
            "1286144" : 4,
            "1302528" : 3,
            "1318912" : 4,
            "1335296" : 2,
            "1351680" : 1,
            "1368064" : 1,
            "1384448" : 1,
            "1400832" : 3,
            "1433600" : 1,
            "1466368" : 1,
            "1499136" : 1,
            "1515520" : 1,
            "1613824" : 1,
            "1630208" : 1,
            "1679360" : 2,
            "1695744" : 4,
            "1712128" : 2,
            "1728512" : 1,
            "1761280" : 2,
            "1794048" : 1,
            "1843200" : 1,
            "1925120" : 1,
            "1990656" : 1,
            "2056192" : 1,
            "2113536" : 1,
            "2211840" : 1,
            "2375680" : 2,
            "2801664" : 1,
            "2834432" : 1,
            "2932736" : 1,
            "2965504" : 1,
            "2998272" : 1,
            "3031040" : 1,
            "3063808" : 1,
            "3162112" : 2,
            "3391488" : 1,
            "3883008" : 1,
            "3915776" : 1,
            "4014080" : 1,
            "4046848" : 1,
            "4177920" : 1,
            "4292608" : 1,
            "4358144" : 1,
            "4489216" : 1,
            "4554752" : 1,
            "5079040" : 1,
            "7045120" : 1,
            "10551296" : 1
          }
        },
        "bw_min" : 204008,
        "bw_max" : 353128,
        "bw_agg" : 100.000000,
        "bw_mean" : 243749.916528,
        "bw_dev" : 12926.725745,
        "bw_samples" : 599,
        "iops_min" : 51002,
        "iops_max" : 88282,
        "iops_mean" : 60937.482471,
        "iops_stddev" : 3231.682336,
        "iops_samples" : 599
      },
      "write" : {
        "io_bytes" : 74837528576,
        "io_kbytes" : 73083524,
        "bw_bytes" : 249457597,
        "bw" : 243610,
        "iops" : 60902.733658,
        "runtime" : 300001,
        "total_ios" : 18270881,
        "short_ios" : 0,
        "drop_ios" : 0,
        "slat_ns" : {
          "min" : 0,
          "max" : 0,
          "mean" : 0.000000,
          "stddev" : 0.000000,
          "N" : 0
        },
        "clat_ns" : {
          "min" : 1048,
          "max" : 4781634,
          "mean" : 2026.468033,
          "stddev" : 2441.081325,
          "N" : 18270881,
          "percentile" : {
            "1.000000" : 1432,
            "5.000000" : 1448,
            "10.000000" : 1464,
            "20.000000" : 1512,
            "30.000000" : 1544,
            "40.000000" : 1592,
            "50.000000" : 2192,
            "60.000000" : 2256,
            "70.000000" : 2288,
            "80.000000" : 2352,
            "90.000000" : 2448,
            "95.000000" : 2992,
            "99.000000" : 3568,
            "99.500000" : 4512,
            "99.900000" : 8096,
            "99.950000" : 12608,
            "99.990000" : 21120
          },
          "bins" : {
            "1048" : 1,
            "1064" : 3,
            "1080" : 7,
            "1096" : 25,
            "1112" : 47,
            "1128" : 91,
            "1144" : 161,
            "1160" : 160,
            "1176" : 187,
            "1192" : 221,
            "1208" : 199,
            "1224" : 168,
            "1240" : 103,
            "1256" : 83,
            "1272" : 74,
            "1288" : 51,
            "1304" : 35,
            "1320" : 34,
            "1336" : 28,
            "1352" : 38,
            "1368" : 584,
            "1384" : 5426,
            "1400" : 21272,
            "1416" : 81870,
            "1432" : 307725,
            "1448" : 632422,
            "1464" : 780256,
            "1480" : 809131,
            "1496" : 896182,
            "1512" : 911124,
            "1528" : 894215,
            "1544" : 767479,
            "1560" : 592597,
            "1576" : 469163,
            "1592" : 343209,
            "1608" : 244678,
            "1624" : 163079,
            "1640" : 105105,
            "1656" : 75001,
            "1672" : 54169,
            "1688" : 42170,
            "1704" : 33436,
            "1720" : 25800,
            "1736" : 20536,
            "1752" : 15371,
            "1768" : 12522,
            "1784" : 9626,
            "1800" : 7385,
            "1816" : 5978,
            "1832" : 4677,
            "1848" : 4190,
            "1864" : 3833,
            "1880" : 4283,
            "1896" : 5792,
            "1912" : 7811,
            "1928" : 11174,
            "1944" : 14089,
            "1960" : 16357,
            "1976" : 19143,
            "1992" : 19740,
            "2008" : 19984,
            "2024" : 18445,
            "2040" : 15630,
            "2064" : 24241,
            "2096" : 21646,
            "2128" : 60600,
            "2160" : 206442,
            "2192" : 515686,
            "2224" : 958548,
            "2256" : 1367626,
            "2288" : 1467229,
            "2320" : 1277929,
            "2352" : 945921,
            "2384" : 623367,
            "2416" : 404831,
            "2448" : 261008,
            "2480" : 172827,
            "2512" : 114178,
            "2544" : 73122,
            "2576" : 47747,
            "2608" : 31921,
            "2640" : 23275,
            "2672" : 18829,
            "2704" : 17496,
            "2736" : 18788,
            "2768" : 22599,
            "2800" : 27405,
            "2832" : 31925,
            "2864" : 33328,
            "2896" : 32854,
            "2928" : 28439,
            "2960" : 23776,
            "2992" : 20512,
            "3024" : 19981,
            "3056" : 26355,
            "3088" : 40993,
            "3120" : 64461,
            "3152" : 89372,
            "3184" : 102694,
            "3216" : 101690,
            "3248" : 82879,
            "3280" : 59844,
            "3312" : 40141,
            "3344" : 25778,
            "3376" : 17499,
            "3408" : 12558,
            "3440" : 9840,
            "3472" : 8228,
            "3504" : 7036,
            "3536" : 6634,
            "3568" : 6129,
            "3600" : 5951,
            "3632" : 5641,
            "3664" : 5593,
            "3696" : 5484,
            "3728" : 5065,
            "3760" : 4880,
            "3792" : 4548,
            "3824" : 4136,
            "3856" : 3922,
            "3888" : 3596,
            "3920" : 3383,
            "3952" : 3145,
            "3984" : 2936,
            "4016" : 2832,
            "4048" : 2678,
            "4080" : 2474,
            "4128" : 4493,
            "4192" : 4146,
            "4256" : 3712,
            "4320" : 3547,
            "4384" : 3263,
            "4448" : 3182,
            "4512" : 3061,
            "4576" : 2973,
            "4640" : 2936,
            "4704" : 2844,
            "4768" : 2813,
            "4832" : 2799,
            "4896" : 2739,
            "4960" : 2695,
            "5024" : 2708,
            "5088" : 2675,
            "5152" : 2623,
            "5216" : 2514,
            "5280" : 2401,
            "5344" : 2245,
            "5408" : 2165,
            "5472" : 2028,
            "5536" : 1905,
            "5600" : 1816,
            "5664" : 1786,
            "5728" : 1682,
            "5792" : 1469,
            "5856" : 1377,
            "5920" : 1314,
            "5984" : 1167,
            "6048" : 1048,
            "6112" : 971,
            "6176" : 891,
            "6240" : 786,
            "6304" : 748,
            "6368" : 677,
            "6432" : 681,
            "6496" : 664,
            "6560" : 631,
            "6624" : 609,
            "6688" : 621,
            "6752" : 653,
            "6816" : 616,
            "6880" : 660,
            "6944" : 568,
            "7008" : 557,
            "7072" : 635,
            "7136" : 587,
            "7200" : 513,
            "7264" : 603,
            "7328" : 526,
            "7392" : 549,
            "7456" : 443,
            "7520" : 472,
            "7584" : 414,
            "7648" : 401,
            "7712" : 361,
            "7776" : 368,
            "7840" : 316,
            "7904" : 323,
            "7968" : 282,
            "8032" : 280,
            "8096" : 244,
            "8160" : 226,
            "8256" : 382,
            "8384" : 364,
            "8512" : 301,
            "8640" : 270,
            "8768" : 273,
            "8896" : 241,
            "9024" : 234,
            "9152" : 233,
            "9280" : 202,
            "9408" : 207,
            "9536" : 219,
            "9664" : 204,
            "9792" : 200,
            "9920" : 188,
            "10048" : 183,
            "10176" : 181,
            "10304" : 200,
            "10432" : 189,
            "10560" : 213,
            "10688" : 193,
            "10816" : 185,
            "10944" : 213,
            "11072" : 224,
            "11200" : 235,
            "11328" : 263,
            "11456" : 286,
            "11584" : 279,
            "11712" : 280,
            "11840" : 331,
            "11968" : 298,
            "12096" : 354,
            "12224" : 341,
            "12352" : 361,
            "12480" : 354,
            "12608" : 324,
            "12736" : 334,
            "12864" : 315,
            "12992" : 292,
            "13120" : 275,
            "13248" : 254,
            "13376" : 223,
            "13504" : 224,
            "13632" : 220,
            "13760" : 203,
            "13888" : 181,
            "14016" : 160,
            "14144" : 156,
            "14272" : 117,
            "14400" : 129,
            "14528" : 109,
            "14656" : 82,
            "14784" : 60,
            "14912" : 67,
            "15040" : 69,
            "15168" : 66,
            "15296" : 30,
            "15424" : 38,
            "15552" : 29,
            "15680" : 37,
            "15808" : 23,
            "15936" : 27,
            "16064" : 27,
            "16192" : 32,
            "16320" : 37,
            "16512" : 84,
            "16768" : 94,
            "17024" : 112,
            "17280" : 114,
            "17536" : 169,
            "17792" : 197,
            "18048" : 250,
            "18304" : 283,
            "18560" : 292,
            "18816" : 309,
            "19072" : 293,
            "19328" : 263,
            "19584" : 214,
            "19840" : 209,
            "20096" : 170,
            "20352" : 114,
            "20608" : 97,
            "20864" : 85,
            "21120" : 68,
            "21376" : 51,
            "21632" : 61,
            "21888" : 50,
            "22144" : 43,
            "22400" : 40,
            "22656" : 46,
            "22912" : 38,
            "23168" : 32,
            "23424" : 42,
            "23680" : 35,
            "23936" : 33,
            "24192" : 23,
            "24448" : 25,
            "24704" : 26,
            "24960" : 17,
            "25216" : 25,
            "25472" : 16,
            "25728" : 19,
            "25984" : 11,
            "26240" : 17,
            "26496" : 19,
            "26752" : 10,
            "27008" : 9,
            "27264" : 15,
            "27520" : 11,
            "27776" : 17,
            "28032" : 15,
            "28288" : 16,
            "28544" : 11,
            "28800" : 14,
            "29056" : 11,
            "29312" : 15,
            "29568" : 8,
            "29824" : 9,
            "30080" : 4,
            "30336" : 10,
            "30592" : 10,
            "30848" : 8,
            "31104" : 12,
            "31360" : 3,
            "31616" : 8,
            "31872" : 8,
            "32128" : 8,
            "32384" : 19,
            "32640" : 6,
            "33024" : 16,
            "33536" : 22,
            "34048" : 16,
            "34560" : 10,
            "35072" : 17,
            "35584" : 11,
            "36096" : 17,
            "36608" : 22,
            "37120" : 17,
            "37632" : 21,
            "38144" : 23,
            "38656" : 19,
            "39168" : 11,
            "39680" : 17,
            "40192" : 19,
            "40704" : 14,
            "41216" : 15,
            "41728" : 21,
            "42240" : 11,
            "42752" : 20,
            "43264" : 10,
            "43776" : 9,
            "44288" : 12,
            "44800" : 10,
            "45312" : 11,
            "45824" : 7,
            "46336" : 7,
            "46848" : 6,
            "47360" : 8,
            "47872" : 8,
            "48384" : 2,
            "48896" : 4,
            "49408" : 12,
            "49920" : 5,
            "50432" : 5,
            "50944" : 5,
            "51456" : 6,
            "51968" : 6,
            "52480" : 9,
            "52992" : 8,
            "53504" : 6,
            "54016" : 7,
            "54528" : 5,
            "55040" : 6,
            "55552" : 9,
            "56064" : 9,
            "56576" : 9,
            "57088" : 7,
            "57600" : 6,
            "58112" : 4,
            "58624" : 8,
            "59136" : 11,
            "59648" : 7,
            "60160" : 11,
            "60672" : 5,
            "61184" : 6,
            "61696" : 6,
            "62208" : 7,
            "62720" : 4,
            "63232" : 4,
            "63744" : 4,
            "64256" : 8,
            "64768" : 11,
            "65280" : 3,
            "66048" : 12,
            "67072" : 11,
            "68096" : 6,
            "69120" : 7,
            "70144" : 5,
            "71168" : 5,
            "72192" : 5,
            "73216" : 7,
            "74240" : 2,
            "75264" : 3,
            "76288" : 2,
            "77312" : 2,
            "78336" : 2,
            "79360" : 2,
            "80384" : 3,
            "82432" : 1,
            "83456" : 2,
            "85504" : 2,
            "87552" : 1,
            "88576" : 2,
            "89600" : 1,
            "91648" : 2,
            "92672" : 1,
            "93696" : 1,
            "99840" : 1,
            "102912" : 1,
            "105984" : 1,
            "107008" : 1,
            "109056" : 1,
            "110080" : 1,
            "112128" : 1,
            "113152" : 1,
            "114176" : 1,
            "115200" : 2,
            "117248" : 1,
            "121344" : 1,
            "127488" : 1,
            "134144" : 1,
            "136192" : 1,
            "140288" : 1,
            "142336" : 1,
            "144384" : 1,
            "148480" : 1,
            "158720" : 2,
            "160768" : 3,
            "166912" : 1,
            "171008" : 3,
            "173056" : 1,
            "175104" : 1,
            "177152" : 1,
            "181248" : 1,
            "183296" : 1,
            "189440" : 1,
            "191488" : 1,
            "199680" : 2,
            "201728" : 1,
            "203776" : 1,
            "211968" : 1,
            "226304" : 3,
            "228352" : 2,
            "232448" : 1,
            "234496" : 1,
            "236544" : 2,
            "238592" : 1,
            "240640" : 2,
            "242688" : 1,
            "244736" : 5,
            "248832" : 1,
            "252928" : 1,
            "264192" : 2,
            "268288" : 2,
            "272384" : 2,
            "276480" : 2,
            "280576" : 1,
            "284672" : 2,
            "288768" : 2,
            "292864" : 3,
            "296960" : 1,
            "301056" : 3,
            "309248" : 1,
            "313344" : 2,
            "321536" : 1,
            "325632" : 1,
            "329728" : 1,
            "333824" : 1,
            "342016" : 1,
            "350208" : 1,
            "354304" : 3,
            "358400" : 1,
            "362496" : 1,
            "370688" : 2,
            "387072" : 1,
            "395264" : 1,
            "399360" : 2,
            "407552" : 2,
            "411648" : 3,
            "415744" : 3,
            "419840" : 1,
            "428032" : 2,
            "432128" : 2,
            "436224" : 1,
            "464896" : 1,
            "561152" : 1,
            "569344" : 1,
            "626688" : 1,
            "905216" : 1,
            "1318912" : 1,
            "1384448" : 1,
            "1417216" : 1,
            "1679360" : 1,
            "2113536" : 1,
            "2408448" : 1,
            "3653632" : 1,
            "3883008" : 1,
            "4292608" : 1,
            "4751360" : 1
          }
        },
        "lat_ns" : {
          "min" : 1092,
          "max" : 4781696,
          "mean" : 2091.471620,
          "stddev" : 2449.945604,
          "N" : 18270881,
          "percentile" : {
            "1.000000" : 1480,
            "5.000000" : 1512,
            "10.000000" : 1528,
            "20.000000" : 1560,
            "30.000000" : 1592,
            "40.000000" : 1640,
            "50.000000" : 2256,
            "60.000000" : 2320,
            "70.000000" : 2352,
            "80.000000" : 2416,
            "90.000000" : 2512,
            "95.000000" : 3088,
            "99.000000" : 3696,
            "99.500000" : 4640,
            "99.900000" : 8384,
            "99.950000" : 12864,
            "99.990000" : 21376
          },
          "bins" : {
            "1096" : 2,
            "1112" : 3,
            "1128" : 8,
            "1144" : 24,
            "1160" : 45,
            "1176" : 66,
            "1192" : 146,
            "1208" : 168,
            "1224" : 170,
            "1240" : 211,
            "1256" : 198,
            "1272" : 170,
            "1288" : 132,
            "1304" : 88,
            "1320" : 77,
            "1336" : 55,
            "1352" : 36,
            "1368" : 41,
            "1384" : 26,
            "1400" : 42,
            "1416" : 473,
            "1432" : 4113,
            "1448" : 17357,
            "1464" : 44318,
            "1480" : 177311,
            "1496" : 511794,
            "1512" : 724874,
            "1528" : 798540,
            "1544" : 869052,
            "1560" : 909960,
            "1576" : 924263,
            "1592" : 808005,
            "1608" : 670869,
            "1624" : 525792,
            "1640" : 390772,
            "1656" : 286481,
            "1672" : 189290,
            "1688" : 128260,
            "1704" : 87156,
            "1720" : 61373,
            "1736" : 47625,
            "1752" : 36205,
            "1768" : 29674,
            "1784" : 23080,
            "1800" : 17442,
            "1816" : 13893,
            "1832" : 10648,
            "1848" : 8589,
            "1864" : 6641,
            "1880" : 5259,
            "1896" : 4505,
            "1912" : 3954,
            "1928" : 4054,
            "1944" : 5018,
            "1960" : 6648,
            "1976" : 9444,
            "1992" : 11986,
            "2008" : 15002,
            "2024" : 17505,
            "2040" : 18995,
            "2064" : 38542,
            "2096" : 32161,
            "2128" : 22030,
            "2160" : 18034,
            "2192" : 48673,
            "2224" : 172969,
            "2256" : 457750,
            "2288" : 878635,
            "2320" : 1281455,
            "2352" : 1456374,
            "2384" : 1327022,
            "2416" : 1031994,
            "2448" : 689470,
            "2480" : 442482,
            "2512" : 282006,
            "2544" : 180030,
            "2576" : 115546,
            "2608" : 73003,
            "2640" : 48060,
            "2672" : 33357,
            "2704" : 23846,
            "2736" : 19165,
            "2768" : 16457,
            "2800" : 15903,
            "2832" : 18476,
            "2864" : 22698,
            "2896" : 27715,
            "2928" : 30644,
            "2960" : 31568,
            "2992" : 30270,
            "3024" : 26770,
            "3056" : 23480,
            "3088" : 22118,
            "3120" : 26544,
            "3152" : 38763,
            "3184" : 59515,
            "3216" : 84700,
            "3248" : 98290,
            "3280" : 97875,
            "3312" : 84055,
            "3344" : 63446,
            "3376" : 44607,
            "3408" : 29711,
            "3440" : 20931,
            "3472" : 15836,
            "3504" : 12326,
            "3536" : 10235,
            "3568" : 8735,
            "3600" : 7661,
            "3632" : 6947,
            "3664" : 6556,
            "3696" : 6253,
            "3728" : 5872,
            "3760" : 5740,
            "3792" : 5585,
            "3824" : 5279,
            "3856" : 5154,
            "3888" : 4755,
            "3920" : 4443,
            "3952" : 4229,
            "3984" : 3763,
            "4016" : 3557,
            "4048" : 3373,
            "4080" : 3090,
            "4128" : 5496,
            "4192" : 4896,
            "4256" : 4365,
            "4320" : 3997,
            "4384" : 3736,
            "4448" : 3299,
            "4512" : 3264,
            "4576" : 3132,
            "4640" : 3091,
            "4704" : 2948,
            "4768" : 2850,
            "4832" : 2817,
            "4896" : 2828,
            "4960" : 2657,
            "5024" : 2679,
            "5088" : 2610,
            "5152" : 2642,
            "5216" : 2647,
            "5280" : 2537,
            "5344" : 2464,
            "5408" : 2437,
            "5472" : 2262,
            "5536" : 2170,
            "5600" : 2010,
            "5664" : 1939,
            "5728" : 1912,
            "5792" : 1758,
            "5856" : 1709,
            "5920" : 1659,
            "5984" : 1505,
            "6048" : 1379,
            "6112" : 1290,
            "6176" : 1246,
            "6240" : 1144,
            "6304" : 1024,
            "6368" : 956,
            "6432" : 865,
            "6496" : 814,
            "6560" : 788,
            "6624" : 745,
            "6688" : 747,
            "6752" : 746,
            "6816" : 718,
            "6880" : 665,
            "6944" : 673,
            "7008" : 697,
            "7072" : 620,
            "7136" : 629,
            "7200" : 633,
            "7264" : 596,
            "7328" : 642,
            "7392" : 552,
            "7456" : 588,
            "7520" : 540,
            "7584" : 494,
            "7648" : 478,
            "7712" : 430,
            "7776" : 425,
            "7840" : 389,
            "7904" : 330,
            "7968" : 364,
            "8032" : 289,
            "8096" : 303,
            "8160" : 275,
            "8256" : 439,
            "8384" : 393,
            "8512" : 339,
            "8640" : 327,
            "8768" : 302,
            "8896" : 283,
            "9024" : 257,
            "9152" : 265,
            "9280" : 227,
            "9408" : 222,
            "9536" : 228,
            "9664" : 230,
            "9792" : 224,
            "9920" : 198,
            "10048" : 202,
            "10176" : 178,
            "10304" : 189,
            "10432" : 218,
            "10560" : 197,
            "10688" : 208,
            "10816" : 191,
            "10944" : 227,
            "11072" : 223,
            "11200" : 238,
            "11328" : 270,
            "11456" : 270,
            "11584" : 309,
            "11712" : 273,
            "11840" : 301,
            "11968" : 332,
            "12096" : 323,
            "12224" : 363,
            "12352" : 386,
            "12480" : 359,
            "12608" : 335,
            "12736" : 353,
            "12864" : 335,
            "12992" : 307,
            "13120" : 312,
            "13248" : 260,
            "13376" : 258,
            "13504" : 216,
            "13632" : 237,
            "13760" : 220,
            "13888" : 208,
            "14016" : 180,
            "14144" : 145,
            "14272" : 145,
            "14400" : 124,
            "14528" : 135,
            "14656" : 100,
            "14784" : 68,
            "14912" : 81,
            "15040" : 65,
            "15168" : 53,
            "15296" : 66,
            "15424" : 35,
            "15552" : 40,
            "15680" : 36,
            "15808" : 31,
            "15936" : 26,
            "16064" : 27,
            "16192" : 31,
            "16320" : 26,
            "16512" : 81,
            "16768" : 91,
            "17024" : 117,
            "17280" : 109,
            "17536" : 154,
            "17792" : 192,
            "18048" : 256,
            "18304" : 261,
            "18560" : 300,
            "18816" : 306,
            "19072" : 320,
            "19328" : 277,
            "19584" : 234,
            "19840" : 225,
            "20096" : 188,
            "20352" : 136,
            "20608" : 103,
            "20864" : 93,
            "21120" : 77,
            "21376" : 60,
            "21632" : 62,
            "21888" : 50,
            "22144" : 46,
            "22400" : 45,
            "22656" : 48,
            "22912" : 39,
            "23168" : 31,
            "23424" : 41,
            "23680" : 43,
            "23936" : 38,
            "24192" : 26,
            "24448" : 19,
            "24704" : 27,
            "24960" : 22,
            "25216" : 20,
            "25472" : 21,
            "25728" : 20,
            "25984" : 12,
            "26240" : 16,
            "26496" : 18,
            "26752" : 14,
            "27008" : 10,
            "27264" : 14,
            "27520" : 9,
            "27776" : 20,
            "28032" : 10,
            "28288" : 23,
            "28544" : 10,
            "28800" : 13,
            "29056" : 12,
            "29312" : 15,
            "29568" : 10,
            "29824" : 9,
            "30080" : 6,
            "30336" : 7,
            "30592" : 10,
            "30848" : 11,
            "31104" : 11,
            "31360" : 8,
            "31616" : 4,
            "31872" : 10,
            "32128" : 8,
            "32384" : 15,
            "32640" : 14,
            "33024" : 16,
            "33536" : 20,
            "34048" : 20,
            "34560" : 10,
            "35072" : 16,
            "35584" : 11,
            "36096" : 19,
            "36608" : 20,
            "37120" : 17,
            "37632" : 18,
            "38144" : 26,
            "38656" : 21,
            "39168" : 11,
            "39680" : 18,
            "40192" : 19,
            "40704" : 16,
            "41216" : 16,
            "41728" : 16,
            "42240" : 19,
            "42752" : 18,
            "43264" : 12,
            "43776" : 8,
            "44288" : 14,
            "44800" : 9,
            "45312" : 12,
            "45824" : 6,
            "46336" : 8,
            "46848" : 5,
            "47360" : 8,
            "47872" : 9,
            "48384" : 3,
            "48896" : 4,
            "49408" : 7,
            "49920" : 10,
            "50432" : 5,
            "50944" : 6,
            "51456" : 6,
            "51968" : 5,
            "52480" : 9,
            "52992" : 9,
            "53504" : 6,
            "54016" : 8,
            "54528" : 3,
            "55040" : 7,
            "55552" : 10,
            "56064" : 9,
            "56576" : 8,
            "57088" : 9,
            "57600" : 5,
            "58112" : 4,
            "58624" : 8,
            "59136" : 11,
            "59648" : 9,
            "60160" : 10,
            "60672" : 4,
            "61184" : 6,
            "61696" : 8,
            "62208" : 6,
            "62720" : 3,
            "63232" : 6,
            "63744" : 5,
            "64256" : 7,
            "64768" : 10,
            "65280" : 4,
            "66048" : 13,
            "67072" : 10,
            "68096" : 6,
            "69120" : 8,
            "70144" : 5,
            "71168" : 5,
            "72192" : 5,
            "73216" : 7,
            "74240" : 2,
            "75264" : 1,
            "76288" : 4,
            "77312" : 2,
            "78336" : 2,
            "79360" : 2,
            "80384" : 3,
            "82432" : 1,
            "83456" : 2,
            "85504" : 2,
            "87552" : 1,
            "88576" : 2,
            "89600" : 1,
            "91648" : 2,
            "93696" : 2,
            "99840" : 1,
            "102912" : 1,
            "104960" : 1,
            "105984" : 1,
            "107008" : 1,
            "109056" : 1,
            "110080" : 1,
            "112128" : 1,
            "113152" : 1,
            "114176" : 1,
            "115200" : 2,
            "117248" : 1,
            "121344" : 1,
            "127488" : 1,
            "134144" : 1,
            "136192" : 1,
            "140288" : 1,
            "142336" : 1,
            "144384" : 1,
            "148480" : 1,
            "158720" : 2,
            "160768" : 3,
            "166912" : 1,
            "171008" : 3,
            "173056" : 1,
            "175104" : 1,
            "177152" : 1,
            "181248" : 1,
            "183296" : 1,
            "189440" : 1,
            "191488" : 1,
            "199680" : 2,
            "201728" : 1,
            "203776" : 1,
            "220160" : 2,
            "226304" : 3,
            "228352" : 2,
            "232448" : 1,
            "234496" : 1,
            "236544" : 2,
            "238592" : 1,
            "240640" : 2,
            "244736" : 6,
            "248832" : 1,
            "250880" : 1,
            "252928" : 1,
            "264192" : 2,
            "268288" : 2,
            "272384" : 2,
            "276480" : 2,
            "280576" : 1,
            "284672" : 2,
            "288768" : 2,
            "292864" : 3,
            "296960" : 1,
            "301056" : 3,
            "309248" : 1,
            "313344" : 2,
            "321536" : 1,
            "325632" : 1,
            "329728" : 1,
            "333824" : 1,
            "342016" : 1,
            "350208" : 1,
            "354304" : 3,
            "358400" : 1,
            "362496" : 1,
            "370688" : 2,
            "378880" : 1,
            "387072" : 1,
            "391168" : 1,
            "395264" : 1,
            "399360" : 2,
            "407552" : 2,
            "411648" : 3,
            "415744" : 3,
            "419840" : 1,
            "428032" : 2,
            "432128" : 2,
            "436224" : 1,
            "464896" : 1,
            "561152" : 1,
            "569344" : 1,
            "626688" : 1,
            "905216" : 1,
            "1318912" : 1,
            "1384448" : 1,
            "1417216" : 1,
            "1679360" : 1,
            "2113536" : 1,
            "2408448" : 1,
            "3653632" : 1,
            "3883008" : 1,
            "4292608" : 1,
            "4751360" : 1
          }
        },
        "bw_min" : 203088,
        "bw_max" : 355632,
        "bw_agg" : 100.000000,
        "bw_mean" : 243692.153589,
        "bw_dev" : 13070.438896,
        "bw_samples" : 599,
        "iops_min" : 50772,
        "iops_max" : 88908,
        "iops_mean" : 60923.038397,
        "iops_stddev" : 3267.609538,
        "iops_samples" : 599
      },
      "trim" : {
        "io_bytes" : 0,
        "io_kbytes" : 0,
        "bw_bytes" : 0,
        "bw" : 0,
        "iops" : 0.000000,
        "runtime" : 0,
        "total_ios" : 0,
        "short_ios" : 0,
        "drop_ios" : 0,
        "slat_ns" : {
          "min" : 0,
          "max" : 0,
          "mean" : 0.000000,
          "stddev" : 0.000000,
          "N" : 0
        },
        "clat_ns" : {
          "min" : 0,
          "max" : 0,
          "mean" : 0.000000,
          "stddev" : 0.000000,
          "N" : 0
        },
        "lat_ns" : {
          "min" : 0,
          "max" : 0,
          "mean" : 0.000000,
          "stddev" : 0.000000,
          "N" : 0
        },
        "bw_min" : 0,
        "bw_max" : 0,
        "bw_agg" : 0.000000,
        "bw_mean" : 0.000000,
        "bw_dev" : 0.000000,
        "bw_samples" : 0,
        "iops_min" : 0,
        "iops_max" : 0,
        "iops_mean" : 0.000000,
        "iops_stddev" : 0.000000,
        "iops_samples" : 0
      },
      "sync" : {
        "total_ios" : 0,
        "lat_ns" : {
          "min" : 0,
          "max" : 0,
          "mean" : 0.000000,
          "stddev" : 0.000000,
          "N" : 0
        }
      },
      "job_runtime" : 300000,
      "usr_cpu" : 12.376333,
      "sys_cpu" : 60.233667,
      "ctx" : 18335139,
      "majf" : 0,
      "minf" : 19,
      "iodepth_level" : {
        "1" : 100.000000,
        "2" : 0.000000,
        "4" : 0.000000,
        "8" : 0.000000,
        "16" : 0.000000,
        "32" : 0.000000,
        ">=64" : 0.000000
      },
      "iodepth_submit" : {
        "0" : 0.000000,
        "4" : 100.000000,
        "8" : 0.000000,
        "16" : 0.000000,
        "32" : 0.000000,
        "64" : 0.000000,
        ">=64" : 0.000000
      },
      "iodepth_complete" : {
        "0" : 0.000000,
        "4" : 100.000000,
        "8" : 0.000000,
        "16" : 0.000000,
        "32" : 0.000000,
        "64" : 0.000000,
        ">=64" : 0.000000
      },
      "latency_ns" : {
        "2" : 0.000000,
        "4" : 0.000000,
        "10" : 0.000000,
        "20" : 0.000000,
        "50" : 0.000000,
        "100" : 0.000000,
        "250" : 0.000000,
        "500" : 0.000000,
        "750" : 0.010000,
        "1000" : 0.010000
      },
      "latency_us" : {
        "2" : 23.095829,
        "4" : 26.565263,
        "10" : 9.217508,
        "20" : 40.787895,
        "50" : 0.305926,
        "100" : 0.012461,
        "250" : 0.010000,
        "500" : 0.010000,
        "750" : 0.010000,
        "1000" : 0.010000
      },
      "latency_ms" : {
        "2" : 0.010000,
        "4" : 0.010000,
        "10" : 0.010000,
        "20" : 0.010000,
        "50" : 0.000000,
        "100" : 0.000000,
        "250" : 0.000000,
        "500" : 0.000000,
        "750" : 0.000000,
        "1000" : 0.000000,
        "2000" : 0.000000,
        ">=2000" : 0.000000
      },
      "latency_depth" : 128,
      "latency_target" : 0,
      "latency_percentile" : 100.000000,
      "latency_window" : 0
    }
  ],
  "disk_util" : [
    {
      "name" : "loop25",
      "read_ios" : 18265594,
      "write_ios" : 18266233,
      "read_merges" : 0,
      "write_merges" : 0,
      "read_ticks" : 135784,
      "write_ticks" : 457797,
      "in_queue" : 20,
      "util" : 100.000000
    }
  ]
}
