{
  "fio version" : "fio-3.32-36-g5932",
  "timestamp" : 1663463106,
  "timestamp_ms" : 1663463106617,
  "time" : "Sun Sep 18 03:05:06 2022",
  "global options" : {
    "size" : "16M",
    "rw" : "randrw",
    "bs" : "4K",
    "numjobs" : "1",
    "iodepth" : "128",
    "runtime" : "300",
    "end_fsync" : "1",
    "lat_percentiles" : "1",
    "slat_percentiles" : "1",
    "clat_percentiles" : "1"
  },
  "jobs" : [
    {
      "jobname" : "random-rw",
      "groupid" : 0,
      "error" : 0,
      "eta" : 0,
      "elapsed" : 301,
      "job options" : {
        "name" : "random-rw"
      },
      "read" : {
        "io_bytes" : 65895301120,
        "io_kbytes" : 64350880,
        "bw_bytes" : 219650271,
        "bw" : 214502,
        "iops" : 53625.554581,
        "runtime" : 300001,
        "total_ios" : 16087720,
        "short_ios" : 0,
        "drop_ios" : 0,
        "slat_ns" : {
          "min" : 0,
          "max" : 0,
          "mean" : 0.000000,
          "stddev" : 0.000000,
          "N" : 0
        },
        "clat_ns" : {
          "min" : 6463,
          "max" : 14149469,
          "mean" : 12348.398733,
          "stddev" : 10254.216092,
          "N" : 16087720,
          "percentile" : {
            "1.000000" : 9920,
            "5.000000" : 10304,
            "10.000000" : 10560,
            "20.000000" : 10944,
            "30.000000" : 11328,
            "40.000000" : 11584,
            "50.000000" : 11840,
            "60.000000" : 12352,
            "70.000000" : 12736,
            "80.000000" : 13248,
            "90.000000" : 13888,
            "95.000000" : 14784,
            "99.000000" : 21376,
            "99.500000" : 25472,
            "99.900000" : 41728,
            "99.950000" : 55552,
            "99.990000" : 156672
          },
          "bins" : {
            "6432" : 1,
            "6496" : 4,
            "6560" : 4,
            "6624" : 65,
            "6688" : 231,
            "6752" : 799,
            "6816" : 2335,
            "6880" : 4458,
            "6944" : 5904,
            "7008" : 6684,
            "7072" : 6911,
            "7136" : 6622,
            "7200" : 5311,
            "7264" : 3520,
            "7328" : 2142,
            "7392" : 1265,
            "7456" : 718,
            "7520" : 345,
            "7584" : 206,
            "7648" : 128,
            "7712" : 160,
            "7776" : 230,
            "7840" : 363,
            "7904" : 490,
            "7968" : 522,
            "8032" : 615,
            "8096" : 496,
            "8160" : 395,
            "8256" : 488,
            "8384" : 267,
            "8512" : 154,
            "8640" : 96,
            "8768" : 86,
            "8896" : 87,
            "9024" : 61,
            "9152" : 61,
            "9280" : 52,
            "9408" : 70,
            "9536" : 674,
            "9664" : 6476,
            "9792" : 36435,
            "9920" : 127491,
            "10048" : 254295,
            "10176" : 312214,
            "10304" : 303282,
            "10432" : 371295,
            "10560" : 509981,
            "10688" : 504188,
            "10816" : 391814,
            "10944" : 406729,
            "11072" : 576021,
            "11200" : 687805,
            "11328" : 792726,
            "11456" : 1005709,
            "11584" : 961417,
            "11712" : 640799,
            "11840" : 416074,
            "11968" : 338135,
            "12096" : 321625,
            "12224" : 383378,
            "12352" : 469051,
            "12480" : 565289,
            "12608" : 618344,
            "12736" : 561433,
            "12864" : 507373,
            "12992" : 433098,
            "13120" : 305688,
            "13248" : 253706,
            "13376" : 284345,
            "13504" : 304012,
            "13632" : 287695,
            "13760" : 276734,
            "13888" : 250528,
            "14016" : 211115,
            "14144" : 163650,
            "14272" : 117329,
            "14400" : 92228,
            "14528" : 73906,
            "14656" : 65648,
            "14784" : 72766,
            "14912" : 77410,
            "15040" : 65207,
            "15168" : 50808,
            "15296" : 39524,
            "15424" : 28229,
            "15552" : 20511,
            "15680" : 17156,
            "15808" : 16670,
            "15936" : 15837,
            "16064" : 14426,
            "16192" : 12687,
            "16320" : 11382,
            "16512" : 20670,
            "16768" : 18402,
            "17024" : 16769,
            "17280" : 15858,
            "17536" : 14504,
            "17792" : 13645,
            "18048" : 13404,
            "18304" : 13036,
            "18560" : 12569,
            "18816" : 12184,
            "19072" : 11604,
            "19328" : 11340,
            "19584" : 11157,
            "19840" : 10784,
            "20096" : 10024,
            "20352" : 9372,
            "20608" : 8869,
            "20864" : 8573,
            "21120" : 8480,
            "21376" : 7709,
            "21632" : 7159,
            "21888" : 6679,
            "22144" : 6293,
            "22400" : 5810,
            "22656" : 5344,
            "22912" : 4924,
            "23168" : 4540,
            "23424" : 4337,
            "23680" : 4219,
            "23936" : 3986,
            "24192" : 3796,
            "24448" : 3568,
            "24704" : 3537,
            "24960" : 3406,
            "25216" : 3281,
            "25472" : 3077,
            "25728" : 2896,
            "25984" : 2930,
            "26240" : 2797,
            "26496" : 2654,
            "26752" : 2564,
            "27008" : 2430,
            "27264" : 2165,
            "27520" : 2044,
            "27776" : 1943,
            "28032" : 1826,
            "28288" : 1633,
            "28544" : 1572,
            "28800" : 1413,
            "29056" : 1272,
            "29312" : 1246,
            "29568" : 1122,
            "29824" : 1039,
            "30080" : 1041,
            "30336" : 993,
            "30592" : 953,
            "30848" : 936,
            "31104" : 912,
            "31360" : 884,
            "31616" : 813,
            "31872" : 862,
            "32128" : 824,
            "32384" : 876,
            "32640" : 847,
            "33024" : 1606,
            "33536" : 1616,
            "34048" : 1554,
            "34560" : 1507,
            "35072" : 1437,
            "35584" : 1443,
            "36096" : 1469,
            "36608" : 1392,
            "37120" : 1318,
            "37632" : 1256,
            "38144" : 1084,
            "38656" : 963,
            "39168" : 840,
            "39680" : 743,
            "40192" : 656,
            "40704" : 641,
            "41216" : 642,
            "41728" : 592,
            "42240" : 536,
            "42752" : 467,
            "43264" : 421,
            "43776" : 421,
            "44288" : 354,
            "44800" : 336,
            "45312" : 325,
            "45824" : 319,
            "46336" : 299,
            "46848" : 268,
            "47360" : 291,
            "47872" : 305,
            "48384" : 350,
            "48896" : 290,
            "49408" : 274,
            "49920" : 260,
            "50432" : 293,
            "50944" : 273,
            "51456" : 273,
            "51968" : 249,
            "52480" : 229,
            "52992" : 206,
            "53504" : 213,
            "54016" : 181,
            "54528" : 194,
            "55040" : 167,
            "55552" : 169,
            "56064" : 131,
            "56576" : 154,
            "57088" : 159,
            "57600" : 133,
            "58112" : 131,
            "58624" : 111,
            "59136" : 95,
            "59648" : 126,
            "60160" : 141,
            "60672" : 118,
            "61184" : 111,
            "61696" : 89,
            "62208" : 108,
            "62720" : 73,
            "63232" : 80,
            "63744" : 69,
            "64256" : 82,
            "64768" : 65,
            "65280" : 70,
            "66048" : 124,
            "67072" : 142,
            "68096" : 154,
            "69120" : 158,
            "70144" : 152,
            "71168" : 142,
            "72192" : 128,
            "73216" : 113,
            "74240" : 120,
            "75264" : 129,
            "76288" : 123,
            "77312" : 122,
            "78336" : 115,
            "79360" : 104,
            "80384" : 156,
            "81408" : 137,
            "82432" : 138,
            "83456" : 156,
            "84480" : 147,
            "85504" : 104,
            "86528" : 99,
            "87552" : 106,
            "88576" : 57,
            "89600" : 60,
            "90624" : 53,
            "91648" : 70,
            "92672" : 50,
            "93696" : 37,
            "94720" : 23,
            "95744" : 36,
            "96768" : 37,
            "97792" : 32,
            "98816" : 33,
            "99840" : 16,
            "100864" : 37,
            "101888" : 29,
            "102912" : 25,
            "103936" : 29,
            "104960" : 32,
            "105984" : 27,
            "107008" : 24,
            "108032" : 35,
            "109056" : 28,
            "110080" : 21,
            "111104" : 34,
            "112128" : 35,
            "113152" : 27,
            "114176" : 30,
            "115200" : 26,
            "116224" : 41,
            "117248" : 29,
            "118272" : 23,
            "119296" : 18,
            "120320" : 24,
            "121344" : 22,
            "122368" : 19,
            "123392" : 8,
            "124416" : 18,
            "125440" : 12,
            "126464" : 10,
            "127488" : 11,
            "128512" : 10,
            "129536" : 11,
            "130560" : 10,
            "132096" : 17,
            "134144" : 13,
            "136192" : 18,
            "138240" : 13,
            "140288" : 10,
            "142336" : 11,
            "144384" : 23,
            "146432" : 16,
            "148480" : 14,
            "150528" : 13,
            "152576" : 9,
            "154624" : 11,
            "156672" : 10,
            "158720" : 9,
            "160768" : 4,
            "162816" : 6,
            "164864" : 8,
            "166912" : 6,
            "168960" : 12,
            "171008" : 17,
            "173056" : 8,
            "175104" : 11,
            "177152" : 8,
            "179200" : 5,
            "181248" : 13,
            "183296" : 14,
            "185344" : 7,
            "187392" : 12,
            "189440" : 5,
            "191488" : 12,
            "193536" : 8,
            "195584" : 8,
            "197632" : 5,
            "199680" : 8,
            "201728" : 13,
            "203776" : 10,
            "205824" : 7,
            "207872" : 6,
            "209920" : 8,
            "211968" : 6,
            "214016" : 5,
            "216064" : 5,
            "218112" : 5,
            "220160" : 2,
            "222208" : 5,
            "224256" : 1,
            "226304" : 3,
            "228352" : 4,
            "230400" : 5,
            "232448" : 1,
            "234496" : 5,
            "236544" : 4,
            "238592" : 3,
            "240640" : 6,
            "242688" : 6,
            "244736" : 5,
            "246784" : 8,
            "248832" : 1,
            "250880" : 9,
            "252928" : 7,
            "254976" : 11,
            "257024" : 11,
            "259072" : 15,
            "261120" : 14,
            "264192" : 32,
            "268288" : 35,
            "272384" : 43,
            "276480" : 29,
            "280576" : 17,
            "284672" : 26,
            "288768" : 16,
            "292864" : 14,
            "296960" : 15,
            "301056" : 8,
            "305152" : 10,
            "309248" : 6,
            "313344" : 14,
            "317440" : 8,
            "321536" : 17,
            "325632" : 17,
            "329728" : 12,
            "333824" : 16,
            "337920" : 14,
            "342016" : 12,
            "346112" : 12,
            "350208" : 16,
            "354304" : 9,
            "358400" : 5,
            "362496" : 6,
            "366592" : 9,
            "370688" : 8,
            "374784" : 5,
            "378880" : 3,
            "382976" : 11,
            "387072" : 6,
            "391168" : 3,
            "395264" : 8,
            "399360" : 6,
            "403456" : 2,
            "407552" : 2,
            "411648" : 7,
            "415744" : 9,
            "419840" : 36,
            "423936" : 37,
            "428032" : 46,
            "432128" : 21,
            "436224" : 13,
            "440320" : 14,
            "444416" : 17,
            "448512" : 8,
            "452608" : 14,
            "456704" : 10,
            "460800" : 8,
            "464896" : 8,
            "468992" : 4,
            "473088" : 5,
            "477184" : 1,
            "481280" : 6,
            "485376" : 3,
            "493568" : 2,
            "497664" : 1,
            "501760" : 1,
            "505856" : 3,
            "509952" : 1,
            "514048" : 2,
            "518144" : 2,
            "528384" : 5,
            "536576" : 1,
            "544768" : 2,
            "552960" : 4,
            "561152" : 3,
            "569344" : 8,
            "577536" : 9,
            "585728" : 13,
            "593920" : 11,
            "602112" : 11,
            "610304" : 7,
            "618496" : 8,
            "626688" : 13,
            "634880" : 9,
            "643072" : 8,
            "651264" : 7,
            "659456" : 6,
            "667648" : 4,
            "675840" : 3,
            "684032" : 2,
            "692224" : 2,
            "700416" : 3,
            "708608" : 4,
            "716800" : 3,
            "724992" : 3,
            "733184" : 7,
            "741376" : 4,
            "749568" : 4,
            "757760" : 6,
            "765952" : 3,
            "774144" : 8,
            "782336" : 5,
            "790528" : 5,
            "798720" : 4,
            "806912" : 3,
            "815104" : 2,
            "823296" : 1,
            "831488" : 5,
            "839680" : 2,
            "847872" : 3,
            "856064" : 2,
            "864256" : 2,
            "872448" : 2,
            "880640" : 1,
            "897024" : 1,
            "905216" : 3,
            "921600" : 1,
            "929792" : 1,
            "937984" : 2,
            "946176" : 4,
            "954368" : 6,
            "962560" : 16,
            "970752" : 16,
            "978944" : 15,
            "987136" : 15,
            "995328" : 22,
            "1003520" : 9,
            "1011712" : 15,
            "1019904" : 8,
            "1028096" : 8,
            "1036288" : 8,
            "1044480" : 8,
            "1056768" : 5,
            "1073152" : 3,
            "1089536" : 3,
            "1105920" : 2,
            "1138688" : 2,
            "1155072" : 1,
            "1171456" : 1,
            "1204224" : 2,
            "1236992" : 1,
            "1269760" : 1,
            "1335296" : 1,
            "1351680" : 1,
            "1368064" : 1,
            "1400832" : 1,
            "1417216" : 1,
            "1449984" : 1,
            "1564672" : 1,
            "1597440" : 1,
            "1613824" : 2,
            "1630208" : 1,
            "1646592" : 1,
            "1679360" : 2,
            "1695744" : 1,
            "1712128" : 1,
            "1728512" : 1,
            "1744896" : 3,
            "1761280" : 1,
            "1777664" : 1,
            "1810432" : 1,
            "1843200" : 1,
            "1859584" : 2,
            "1892352" : 1,
            "1908736" : 4,
            "1925120" : 1,
            "1941504" : 1,
            "1974272" : 1,
            "2039808" : 1,
            "2072576" : 2,
            "2211840" : 1,
            "2244608" : 1,
            "2342912" : 3,
            "2375680" : 2,
            "2408448" : 2,
            "2441216" : 1,
            "2506752" : 1,
            "2539520" : 1,
            "2572288" : 1,
            "2768896" : 2,
            "2801664" : 1,
            "2899968" : 1,
            "3063808" : 1,
            "3293184" : 1,
            "3325952" : 1,
            "3358720" : 1,
            "3555328" : 1,
            "3653632" : 1,
            "3719168" : 1,
            "3751936" : 1,
            "3784704" : 1,
            "3948544" : 1,
            "4112384" : 1,
            "4423680" : 1,
            "4751360" : 1,
            "4882432" : 1,
            "5144576" : 1,
            "5275648" : 1,
            "5537792" : 1,
            "5603328" : 1,
            "6258688" : 1,
            "6324224" : 1,
            "6389760" : 1,
            "6455296" : 1,
            "7897088" : 1,
            "8290304" : 1,
            "8355840" : 1,
            "9764864" : 1,
            "14090240" : 1
          }
        },
        "lat_ns" : {
          "min" : 6523,
          "max" : 14149703,
          "mean" : 12418.597331,
          "stddev" : 10258.259324,
          "N" : 16087720,
          "percentile" : {
            "1.000000" : 10048,
            "5.000000" : 10304,
            "10.000000" : 10560,
            "20.000000" : 11072,
            "30.000000" : 11328,
            "40.000000" : 11584,
            "50.000000" : 11840,
            "60.000000" : 12480,
            "70.000000" : 12736,
            "80.000000" : 13248,
            "90.000000" : 14016,
            "95.000000" : 14912,
            "99.000000" : 21376,
            "99.500000" : 25728,
            "99.900000" : 41728,
            "99.950000" : 55552,
            "99.990000" : 156672
          },
          "bins" : {
            "6496" : 1,
            "6560" : 4,
            "6624" : 5,
            "6688" : 65,
            "6752" : 237,
            "6816" : 834,
            "6880" : 2360,
            "6944" : 4431,
            "7008" : 5929,
            "7072" : 6814,
            "7136" : 6936,
            "7200" : 6662,
            "7264" : 5225,
            "7328" : 3465,
            "7392" : 2107,
            "7456" : 1218,
            "7520" : 689,
            "7584" : 347,
            "7648" : 197,
            "7712" : 136,
            "7776" : 154,
            "7840" : 228,
            "7904" : 358,
            "7968" : 514,
            "8032" : 515,
            "8096" : 610,
            "8160" : 494,
            "8256" : 664,
            "8384" : 360,
            "8512" : 209,
            "8640" : 114,
            "8768" : 83,
            "8896" : 83,
            "9024" : 79,
            "9152" : 66,
            "9280" : 51,
            "9408" : 54,
            "9536" : 186,
            "9664" : 2000,
            "9792" : 15346,
            "9920" : 70588,
            "10048" : 189182,
            "10176" : 294696,
            "10304" : 308934,
            "10432" : 318283,
            "10560" : 442395,
            "10688" : 530363,
            "10816" : 447932,
            "10944" : 373800,
            "11072" : 480441,
            "11200" : 643465,
            "11328" : 722183,
            "11456" : 894746,
            "11584" : 1036094,
            "11712" : 818396,
            "11840" : 510409,
            "11968" : 368586,
            "12096" : 322766,
            "12224" : 344389,
            "12352" : 422008,
            "12480" : 504673,
            "12608" : 590507,
            "12736" : 600122,
            "12864" : 544476,
            "12992" : 491002,
            "13120" : 373076,
            "13248" : 263686,
            "13376" : 256635,
            "13504" : 296901,
            "13632" : 299336,
            "13760" : 287459,
            "13888" : 269876,
            "14016" : 231058,
            "14144" : 188949,
            "14272" : 141251,
            "14400" : 105129,
            "14528" : 83333,
            "14656" : 67735,
            "14784" : 66969,
            "14912" : 76278,
            "15040" : 73736,
            "15168" : 58955,
            "15296" : 46030,
            "15424" : 34278,
            "15552" : 23696,
            "15680" : 18612,
            "15808" : 16592,
            "15936" : 16332,
            "16064" : 15199,
            "16192" : 13754,
            "16320" : 12031,
            "16512" : 21310,
            "16768" : 18809,
            "17024" : 17166,
            "17280" : 16084,
            "17536" : 14784,
            "17792" : 13873,
            "18048" : 13344,
            "18304" : 13257,
            "18560" : 12714,
            "18816" : 12121,
            "19072" : 11931,
            "19328" : 11433,
            "19584" : 11201,
            "19840" : 10867,
            "20096" : 10380,
            "20352" : 9746,
            "20608" : 8933,
            "20864" : 8703,
            "21120" : 8401,
            "21376" : 8089,
            "21632" : 7407,
            "21888" : 6891,
            "22144" : 6408,
            "22400" : 6054,
            "22656" : 5550,
            "22912" : 5082,
            "23168" : 4700,
            "23424" : 4354,
            "23680" : 4344,
            "23936" : 4082,
            "24192" : 3885,
            "24448" : 3627,
            "24704" : 3549,
            "24960" : 3453,
            "25216" : 3318,
            "25472" : 3146,
            "25728" : 3010,
            "25984" : 2875,
            "26240" : 2846,
            "26496" : 2682,
            "26752" : 2635,
            "27008" : 2432,
            "27264" : 2289,
            "27520" : 2096,
            "27776" : 1963,
            "28032" : 1856,
            "28288" : 1778,
            "28544" : 1567,
            "28800" : 1489,
            "29056" : 1348,
            "29312" : 1273,
            "29568" : 1187,
            "29824" : 1085,
            "30080" : 1059,
            "30336" : 1023,
            "30592" : 966,
            "30848" : 957,
            "31104" : 979,
            "31360" : 865,
            "31616" : 859,
            "31872" : 848,
            "32128" : 845,
            "32384" : 875,
            "32640" : 864,
            "33024" : 1612,
            "33536" : 1615,
            "34048" : 1601,
            "34560" : 1503,
            "35072" : 1452,
            "35584" : 1429,
            "36096" : 1467,
            "36608" : 1412,
            "37120" : 1353,
            "37632" : 1253,
            "38144" : 1132,
            "38656" : 974,
            "39168" : 859,
            "39680" : 782,
            "40192" : 665,
            "40704" : 636,
            "41216" : 644,
            "41728" : 611,
            "42240" : 532,
            "42752" : 492,
            "43264" : 427,
            "43776" : 414,
            "44288" : 375,
            "44800" : 350,
            "45312" : 313,
            "45824" : 320,
            "46336" : 305,
            "46848" : 281,
            "47360" : 294,
            "47872" : 299,
            "48384" : 334,
            "48896" : 295,
            "49408" : 270,
            "49920" : 280,
            "50432" : 281,
            "50944" : 254,
            "51456" : 272,
            "51968" : 253,
            "52480" : 243,
            "52992" : 203,
            "53504" : 220,
            "54016" : 191,
            "54528" : 187,
            "55040" : 188,
            "55552" : 177,
            "56064" : 140,
            "56576" : 142,
            "57088" : 164,
            "57600" : 129,
            "58112" : 124,
            "58624" : 133,
            "59136" : 95,
            "59648" : 122,
            "60160" : 145,
            "60672" : 125,
            "61184" : 106,
            "61696" : 99,
            "62208" : 108,
            "62720" : 78,
            "63232" : 81,
            "63744" : 68,
            "64256" : 86,
            "64768" : 63,
            "65280" : 66,
            "66048" : 129,
            "67072" : 139,
            "68096" : 161,
            "69120" : 157,
            "70144" : 155,
            "71168" : 150,
            "72192" : 116,
            "73216" : 114,
            "74240" : 130,
            "75264" : 116,
            "76288" : 127,
            "77312" : 126,
            "78336" : 115,
            "79360" : 108,
            "80384" : 146,
            "81408" : 147,
            "82432" : 134,
            "83456" : 154,
            "84480" : 152,
            "85504" : 104,
            "86528" : 104,
            "87552" : 104,
            "88576" : 60,
            "89600" : 59,
            "90624" : 55,
            "91648" : 68,
            "92672" : 52,
            "93696" : 39,
            "94720" : 23,
            "95744" : 36,
            "96768" : 33,
            "97792" : 37,
            "98816" : 33,
            "99840" : 17,
            "100864" : 33,
            "101888" : 34,
            "102912" : 24,
            "103936" : 29,
            "104960" : 29,
            "105984" : 30,
            "107008" : 25,
            "108032" : 33,
            "109056" : 29,
            "110080" : 22,
            "111104" : 35,
            "112128" : 34,
            "113152" : 29,
            "114176" : 27,
            "115200" : 28,
            "116224" : 36,
            "117248" : 35,
            "118272" : 24,
            "119296" : 17,
            "120320" : 22,
            "121344" : 24,
            "122368" : 19,
            "123392" : 9,
            "124416" : 18,
            "125440" : 11,
            "126464" : 10,
            "127488" : 13,
            "128512" : 9,
            "129536" : 11,
            "130560" : 10,
            "132096" : 17,
            "134144" : 13,
            "136192" : 18,
            "138240" : 13,
            "140288" : 11,
            "142336" : 11,
            "144384" : 22,
            "146432" : 16,
            "148480" : 15,
            "150528" : 13,
            "152576" : 10,
            "154624" : 11,
            "156672" : 10,
            "158720" : 9,
            "160768" : 4,
            "162816" : 6,
            "164864" : 7,
            "166912" : 7,
            "168960" : 12,
            "171008" : 16,
            "173056" : 9,
            "175104" : 11,
            "177152" : 7,
            "179200" : 5,
            "181248" : 13,
            "183296" : 15,
            "185344" : 7,
            "187392" : 12,
            "189440" : 5,
            "191488" : 12,
            "193536" : 8,
            "195584" : 8,
            "197632" : 5,
            "199680" : 7,
            "201728" : 14,
            "203776" : 9,
            "205824" : 8,
            "207872" : 6,
            "209920" : 8,
            "211968" : 6,
            "214016" : 4,
            "216064" : 6,
            "218112" : 5,
            "220160" : 2,
            "222208" : 5,
            "224256" : 1,
            "226304" : 2,
            "228352" : 4,
            "230400" : 6,
            "232448" : 1,
            "234496" : 5,
            "236544" : 4,
            "238592" : 3,
            "240640" : 5,
            "242688" : 6,
            "244736" : 6,
            "246784" : 8,
            "248832" : 1,
            "250880" : 9,
            "252928" : 8,
            "254976" : 11,
            "257024" : 11,
            "259072" : 14,
            "261120" : 15,
            "264192" : 31,
            "268288" : 36,
            "272384" : 42,
            "276480" : 29,
            "280576" : 17,
            "284672" : 28,
            "288768" : 16,
            "292864" : 13,
            "296960" : 16,
            "301056" : 7,
            "305152" : 11,
            "309248" : 6,
            "313344" : 14,
            "317440" : 8,
            "321536" : 16,
            "325632" : 18,
            "329728" : 12,
            "333824" : 16,
            "337920" : 13,
            "342016" : 13,
            "346112" : 12,
            "350208" : 15,
            "354304" : 10,
            "358400" : 5,
            "362496" : 6,
            "366592" : 9,
            "370688" : 8,
            "374784" : 5,
            "378880" : 3,
            "382976" : 11,
            "387072" : 6,
            "391168" : 2,
            "395264" : 9,
            "399360" : 5,
            "403456" : 3,
            "407552" : 2,
            "411648" : 7,
            "415744" : 9,
            "419840" : 34,
            "423936" : 39,
            "428032" : 45,
            "432128" : 22,
            "436224" : 12,
            "440320" : 15,
            "444416" : 17,
            "448512" : 8,
            "452608" : 14,
            "456704" : 10,
            "460800" : 8,
            "464896" : 8,
            "468992" : 4,
            "473088" : 5,
            "477184" : 1,
            "481280" : 6,
            "485376" : 3,
            "493568" : 2,
            "497664" : 1,
            "501760" : 1,
            "505856" : 3,
            "509952" : 1,
            "514048" : 2,
            "518144" : 2,
            "528384" : 4,
            "536576" : 2,
            "544768" : 2,
            "552960" : 4,
            "561152" : 3,
            "569344" : 8,
            "577536" : 9,
            "585728" : 13,
            "593920" : 11,
            "602112" : 10,
            "610304" : 8,
            "618496" : 8,
            "626688" : 13,
            "634880" : 8,
            "643072" : 9,
            "651264" : 7,
            "659456" : 6,
            "667648" : 3,
            "675840" : 3,
            "684032" : 2,
            "692224" : 2,
            "700416" : 3,
            "708608" : 4,
            "716800" : 3,
            "724992" : 3,
            "733184" : 7,
            "741376" : 4,
            "749568" : 4,
            "757760" : 6,
            "765952" : 3,
            "774144" : 8,
            "782336" : 5,
            "790528" : 4,
            "798720" : 5,
            "806912" : 3,
            "815104" : 2,
            "823296" : 1,
            "831488" : 5,
            "839680" : 2,
            "847872" : 3,
            "856064" : 2,
            "864256" : 2,
            "872448" : 2,
            "880640" : 1,
            "897024" : 1,
            "905216" : 3,
            "921600" : 1,
            "929792" : 1,
            "937984" : 2,
            "946176" : 4,
            "954368" : 5,
            "962560" : 16,
            "970752" : 17,
            "978944" : 15,
            "987136" : 15,
            "995328" : 22,
            "1003520" : 10,
            "1011712" : 15,
            "1019904" : 8,
            "1028096" : 8,
            "1036288" : 8,
            "1044480" : 8,
            "1056768" : 5,
            "1073152" : 3,
            "1089536" : 3,
            "1105920" : 2,
            "1138688" : 2,
            "1155072" : 1,
            "1171456" : 1,
            "1204224" : 2,
            "1236992" : 1,
            "1269760" : 1,
            "1335296" : 1,
            "1351680" : 1,
            "1368064" : 1,
            "1400832" : 1,
            "1417216" : 1,
            "1449984" : 1,
            "1564672" : 1,
            "1597440" : 1,
            "1613824" : 2,
            "1630208" : 1,
            "1646592" : 1,
            "1679360" : 2,
            "1695744" : 1,
            "1712128" : 1,
            "1728512" : 1,
            "1744896" : 3,
            "1761280" : 1,
            "1777664" : 1,
            "1810432" : 1,
            "1843200" : 1,
            "1859584" : 2,
            "1892352" : 1,
            "1908736" : 4,
            "1925120" : 1,
            "1941504" : 1,
            "1974272" : 1,
            "2039808" : 1,
            "2072576" : 2,
            "2211840" : 1,
            "2244608" : 1,
            "2342912" : 3,
            "2375680" : 2,
            "2408448" : 2,
            "2441216" : 1,
            "2506752" : 1,
            "2539520" : 1,
            "2572288" : 1,
            "2768896" : 2,
            "2834432" : 1,
            "2899968" : 1,
            "3063808" : 1,
            "3293184" : 1,
            "3325952" : 1,
            "3358720" : 1,
            "3555328" : 1,
            "3653632" : 1,
            "3719168" : 1,
            "3751936" : 1,
            "3784704" : 1,
            "3948544" : 1,
            "4112384" : 1,
            "4423680" : 1,
            "4751360" : 1,
            "4882432" : 1,
            "5144576" : 1,
            "5275648" : 1,
            "5537792" : 1,
            "5603328" : 1,
            "6258688" : 1,
            "6324224" : 1,
            "6389760" : 1,
            "6455296" : 1,
            "7897088" : 1,
            "8290304" : 1,
            "8355840" : 1,
            "9764864" : 1,
            "14090240" : 1
          }
        },
        "bw_min" : 178480,
        "bw_max" : 261896,
        "bw_agg" : 100.000000,
        "bw_mean" : 214569.288815,
        "bw_dev" : 5787.497779,
        "bw_samples" : 599,
        "iops_min" : 44620,
        "iops_max" : 65474,
        "iops_mean" : 53642.303840,
        "iops_stddev" : 1446.879630,
        "iops_samples" : 599
      },
      "write" : {
        "io_bytes" : 65873727488,
        "io_kbytes" : 64329812,
        "bw_bytes" : 219578359,
        "bw" : 214431,
        "iops" : 53607.997973,
        "runtime" : 300001,
        "total_ios" : 16082453,
        "short_ios" : 0,
        "drop_ios" : 0,
        "slat_ns" : {
          "min" : 0,
          "max" : 0,
          "mean" : 0.000000,
          "stddev" : 0.000000,
          "N" : 0
        },
        "clat_ns" : {
          "min" : 1470,
          "max" : 2453566,
          "mean" : 2378.798208,
          "stddev" : 1640.494885,
          "N" : 16082453,
          "percentile" : {
            "1.000000" : 1624,
            "5.000000" : 1688,
            "10.000000" : 1720,
            "20.000000" : 1768,
            "30.000000" : 1816,
            "40.000000" : 1912,
            "50.000000" : 2512,
            "60.000000" : 2608,
            "70.000000" : 2672,
            "80.000000" : 2736,
            "90.000000" : 2896,
            "95.000000" : 3472,
            "99.000000" : 4832,
            "99.500000" : 5728,
            "99.900000" : 9792,
            "99.950000" : 12864,
            "99.990000" : 28544
          },
          "bins" : {
            "1464" : 1,
            "1480" : 10,
            "1496" : 60,
            "1512" : 200,
            "1528" : 626,
            "1544" : 1637,
            "1560" : 5451,
            "1576" : 16179,
            "1592" : 32490,
            "1608" : 56554,
            "1624" : 89199,
            "1640" : 132982,
            "1656" : 198387,
            "1672" : 264005,
            "1688" : 344712,
            "1704" : 417237,
            "1720" : 467604,
            "1736" : 532632,
            "1752" : 550471,
            "1768" : 568627,
            "1784" : 545640,
            "1800" : 491527,
            "1816" : 443581,
            "1832" : 366847,
            "1848" : 306527,
            "1864" : 241000,
            "1880" : 178578,
            "1896" : 137306,
            "1912" : 100190,
            "1928" : 78458,
            "1944" : 60824,
            "1960" : 49092,
            "1976" : 42853,
            "1992" : 36930,
            "2008" : 34849,
            "2024" : 32430,
            "2040" : 30713,
            "2064" : 58934,
            "2096" : 57960,
            "2128" : 54397,
            "2160" : 50846,
            "2192" : 45222,
            "2224" : 39566,
            "2256" : 34445,
            "2288" : 31733,
            "2320" : 35999,
            "2352" : 51862,
            "2384" : 81843,
            "2416" : 130457,
            "2448" : 193937,
            "2480" : 272401,
            "2512" : 360244,
            "2544" : 451601,
            "2576" : 566785,
            "2608" : 681901,
            "2640" : 784768,
            "2672" : 831501,
            "2704" : 781103,
            "2736" : 660406,
            "2768" : 489558,
            "2800" : 344753,
            "2832" : 239384,
            "2864" : 168882,
            "2896" : 127039,
            "2928" : 101424,
            "2960" : 85567,
            "2992" : 76012,
            "3024" : 69225,
            "3056" : 63026,
            "3088" : 55215,
            "3120" : 47583,
            "3152" : 40793,
            "3184" : 33848,
            "3216" : 28738,
            "3248" : 24280,
            "3280" : 22170,
            "3312" : 22360,
            "3344" : 24164,
            "3376" : 28266,
            "3408" : 33088,
            "3440" : 38533,
            "3472" : 44759,
            "3504" : 50521,
            "3536" : 55129,
            "3568" : 56660,
            "3600" : 53809,
            "3632" : 48367,
            "3664" : 40177,
            "3696" : 31617,
            "3728" : 23832,
            "3760" : 18389,
            "3792" : 15393,
            "3824" : 12873,
            "3856" : 11699,
            "3888" : 10769,
            "3920" : 10481,
            "3952" : 9981,
            "3984" : 9496,
            "4016" : 9212,
            "4048" : 8368,
            "4080" : 7586,
            "4128" : 13956,
            "4192" : 11859,
            "4256" : 10764,
            "4320" : 10206,
            "4384" : 9957,
            "4448" : 9955,
            "4512" : 10375,
            "4576" : 9853,
            "4640" : 9354,
            "4704" : 8558,
            "4768" : 8101,
            "4832" : 7499,
            "4896" : 6998,
            "4960" : 6637,
            "5024" : 6120,
            "5088" : 5961,
            "5152" : 6000,
            "5216" : 5571,
            "5280" : 5549,
            "5344" : 5299,
            "5408" : 5144,
            "5472" : 5015,
            "5536" : 4821,
            "5600" : 4635,
            "5664" : 4476,
            "5728" : 4279,
            "5792" : 4248,
            "5856" : 4043,
            "5920" : 3915,
            "5984" : 3685,
            "6048" : 3573,
            "6112" : 3246,
            "6176" : 2960,
            "6240" : 2721,
            "6304" : 2360,
            "6368" : 2102,
            "6432" : 1837,
            "6496" : 1675,
            "6560" : 1454,
            "6624" : 1318,
            "6688" : 1202,
            "6752" : 1034,
            "6816" : 947,
            "6880" : 859,
            "6944" : 811,
            "7008" : 767,
            "7072" : 716,
            "7136" : 700,
            "7200" : 648,
            "7264" : 597,
            "7328" : 555,
            "7392" : 571,
            "7456" : 593,
            "7520" : 563,
            "7584" : 511,
            "7648" : 519,
            "7712" : 528,
            "7776" : 503,
            "7840" : 519,
            "7904" : 514,
            "7968" : 517,
            "8032" : 455,
            "8096" : 477,
            "8160" : 449,
            "8256" : 830,
            "8384" : 814,
            "8512" : 690,
            "8640" : 629,
            "8768" : 611,
            "8896" : 499,
            "9024" : 531,
            "9152" : 500,
            "9280" : 500,
            "9408" : 523,
            "9536" : 540,
            "9664" : 507,
            "9792" : 533,
            "9920" : 512,
            "10048" : 491,
            "10176" : 497,
            "10304" : 476,
            "10432" : 513,
            "10560" : 466,
            "10688" : 430,
            "10816" : 414,
            "10944" : 424,
            "11072" : 368,
            "11200" : 350,
            "11328" : 319,
            "11456" : 283,
            "11584" : 260,
            "11712" : 288,
            "11840" : 238,
            "11968" : 255,
            "12096" : 213,
            "12224" : 226,
            "12352" : 199,
            "12480" : 176,
            "12608" : 191,
            "12736" : 131,
            "12864" : 150,
            "12992" : 146,
            "13120" : 142,
            "13248" : 116,
            "13376" : 142,
            "13504" : 123,
            "13632" : 124,
            "13760" : 141,
            "13888" : 118,
            "14016" : 138,
            "14144" : 115,
            "14272" : 111,
            "14400" : 128,
            "14528" : 131,
            "14656" : 120,
            "14784" : 122,
            "14912" : 110,
            "15040" : 107,
            "15168" : 124,
            "15296" : 82,
            "15424" : 93,
            "15552" : 97,
            "15680" : 79,
            "15808" : 81,
            "15936" : 68,
            "16064" : 72,
            "16192" : 74,
            "16320" : 64,
            "16512" : 142,
            "16768" : 115,
            "17024" : 103,
            "17280" : 98,
            "17536" : 77,
            "17792" : 79,
            "18048" : 72,
            "18304" : 77,
            "18560" : 92,
            "18816" : 82,
            "19072" : 89,
            "19328" : 92,
            "19584" : 85,
            "19840" : 100,
            "20096" : 88,
            "20352" : 91,
            "20608" : 86,
            "20864" : 74,
            "21120" : 71,
            "21376" : 70,
            "21632" : 73,
            "21888" : 69,
            "22144" : 52,
            "22400" : 63,
            "22656" : 43,
            "22912" : 34,
            "23168" : 36,
            "23424" : 30,
            "23680" : 20,
            "23936" : 31,
            "24192" : 28,
            "24448" : 25,
            "24704" : 29,
            "24960" : 27,
            "25216" : 33,
            "25472" : 31,
            "25728" : 43,
            "25984" : 35,
            "26240" : 60,
            "26496" : 74,
            "26752" : 62,
            "27008" : 94,
            "27264" : 87,
            "27520" : 81,
            "27776" : 97,
            "28032" : 87,
            "28288" : 112,
            "28544" : 89,
            "28800" : 100,
            "29056" : 82,
            "29312" : 67,
            "29568" : 83,
            "29824" : 73,
            "30080" : 65,
            "30336" : 60,
            "30592" : 49,
            "30848" : 47,
            "31104" : 37,
            "31360" : 25,
            "31616" : 24,
            "31872" : 19,
            "32128" : 14,
            "32384" : 12,
            "32640" : 9,
            "33024" : 30,
            "33536" : 16,
            "34048" : 14,
            "34560" : 14,
            "35072" : 11,
            "35584" : 10,
            "36096" : 12,
            "36608" : 11,
            "37120" : 7,
            "37632" : 13,
            "38144" : 11,
            "38656" : 8,
            "39168" : 15,
            "39680" : 8,
            "40192" : 9,
            "40704" : 9,
            "41216" : 6,
            "41728" : 8,
            "42240" : 7,
            "42752" : 7,
            "43264" : 5,
            "43776" : 5,
            "44288" : 3,
            "44800" : 9,
            "45312" : 9,
            "45824" : 5,
            "46336" : 6,
            "46848" : 10,
            "47360" : 4,
            "47872" : 5,
            "48384" : 8,
            "48896" : 5,
            "49408" : 9,
            "49920" : 10,
            "50432" : 12,
            "50944" : 5,
            "51456" : 12,
            "51968" : 7,
            "52480" : 2,
            "52992" : 3,
            "53504" : 2,
            "54016" : 1,
            "54528" : 4,
            "55040" : 3,
            "55552" : 2,
            "56064" : 6,
            "57088" : 4,
            "57600" : 2,
            "58112" : 3,
            "58624" : 1,
            "59136" : 1,
            "59648" : 3,
            "60160" : 4,
            "60672" : 4,
            "61184" : 4,
            "61696" : 6,
            "62208" : 5,
            "62720" : 5,
            "63232" : 4,
            "63744" : 6,
            "64256" : 11,
            "64768" : 7,
            "65280" : 4,
            "66048" : 5,
            "67072" : 15,
            "68096" : 10,
            "69120" : 4,
            "70144" : 8,
            "71168" : 14,
            "72192" : 9,
            "73216" : 13,
            "74240" : 26,
            "75264" : 27,
            "76288" : 21,
            "77312" : 16,
            "78336" : 15,
            "79360" : 8,
            "80384" : 9,
            "81408" : 6,
            "82432" : 5,
            "83456" : 2,
            "84480" : 5,
            "85504" : 5,
            "86528" : 5,
            "87552" : 4,
            "88576" : 4,
            "90624" : 4,
            "91648" : 4,
            "92672" : 2,
            "93696" : 5,
            "94720" : 1,
            "95744" : 1,
            "96768" : 3,
            "97792" : 3,
            "98816" : 4,
            "99840" : 7,
            "100864" : 3,
            "101888" : 2,
            "102912" : 5,
            "103936" : 5,
            "104960" : 1,
            "105984" : 3,
            "107008" : 2,
            "108032" : 10,
            "109056" : 3,
            "110080" : 1,
            "113152" : 3,
            "114176" : 3,
            "116224" : 1,
            "118272" : 1,
            "121344" : 1,
            "122368" : 1,
            "123392" : 2,
            "126464" : 1,
            "128512" : 1,
            "129536" : 1,
            "136192" : 3,
            "138240" : 1,
            "140288" : 1,
            "144384" : 1,
            "146432" : 1,
            "152576" : 1,
            "154624" : 2,
            "158720" : 1,
            "160768" : 1,
            "164864" : 1,
            "168960" : 1,
            "171008" : 1,
            "175104" : 1,
            "179200" : 1,
            "181248" : 1,
            "185344" : 1,
            "197632" : 1,
            "199680" : 2,
            "209920" : 1,
            "214016" : 1,
            "226304" : 1,
            "228352" : 1,
            "236544" : 1,
            "240640" : 1,
            "242688" : 2,
            "250880" : 1,
            "276480" : 1,
            "296960" : 2,
            "301056" : 1,
            "309248" : 3,
            "329728" : 1,
            "342016" : 2,
            "354304" : 3,
            "358400" : 1,
            "366592" : 1,
            "370688" : 2,
            "374784" : 1,
            "378880" : 1,
            "423936" : 1,
            "436224" : 1,
            "440320" : 1,
            "514048" : 1,
            "757760" : 1,
            "864256" : 1,
            "1003520" : 1,
            "1531904" : 1,
            "2244608" : 1,
            "2310144" : 2,
            "2441216" : 1
          }
        },
        "lat_ns" : {
          "min" : 1543,
          "max" : 2453665,
          "mean" : 2465.855085,
          "stddev" : 1651.828109,
          "N" : 16082453,
          "percentile" : {
            "1.000000" : 1704,
            "5.000000" : 1752,
            "10.000000" : 1784,
            "20.000000" : 1832,
            "30.000000" : 1880,
            "40.000000" : 1992,
            "50.000000" : 2608,
            "60.000000" : 2704,
            "70.000000" : 2768,
            "80.000000" : 2832,
            "90.000000" : 3024,
            "95.000000" : 3568,
            "99.000000" : 4960,
            "99.500000" : 5920,
            "99.900000" : 10176,
            "99.950000" : 13248,
            "99.990000" : 28800
          },
          "bins" : {
            "1544" : 4,
            "1560" : 30,
            "1576" : 123,
            "1592" : 366,
            "1608" : 1012,
            "1624" : 3144,
            "1640" : 10285,
            "1656" : 24802,
            "1672" : 44096,
            "1688" : 72447,
            "1704" : 112291,
            "1720" : 161662,
            "1736" : 232275,
            "1752" : 297657,
            "1768" : 376467,
            "1784" : 443314,
            "1800" : 488816,
            "1816" : 543091,
            "1832" : 547190,
            "1848" : 551942,
            "1864" : 522983,
            "1880" : 462546,
            "1896" : 410714,
            "1912" : 336865,
            "1928" : 278018,
            "1944" : 217967,
            "1960" : 161054,
            "1976" : 124391,
            "1992" : 91945,
            "2008" : 72299,
            "2024" : 57528,
            "2040" : 46661,
            "2064" : 77457,
            "2096" : 66285,
            "2128" : 60660,
            "2160" : 58048,
            "2192" : 55348,
            "2224" : 51903,
            "2256" : 47282,
            "2288" : 40827,
            "2320" : 34336,
            "2352" : 29889,
            "2384" : 28768,
            "2416" : 35431,
            "2448" : 52572,
            "2480" : 84861,
            "2512" : 134622,
            "2544" : 201108,
            "2576" : 284793,
            "2608" : 367834,
            "2640" : 455144,
            "2672" : 560576,
            "2704" : 673457,
            "2736" : 780270,
            "2768" : 807920,
            "2800" : 757471,
            "2832" : 637916,
            "2864" : 484331,
            "2896" : 353284,
            "2928" : 246295,
            "2960" : 176657,
            "2992" : 132333,
            "3024" : 104606,
            "3056" : 88764,
            "3088" : 77010,
            "3120" : 69513,
            "3152" : 62501,
            "3184" : 55103,
            "3216" : 48052,
            "3248" : 40538,
            "3280" : 33532,
            "3312" : 28558,
            "3344" : 24694,
            "3376" : 22843,
            "3408" : 22812,
            "3440" : 24693,
            "3472" : 28220,
            "3504" : 33331,
            "3536" : 38746,
            "3568" : 44275,
            "3600" : 49805,
            "3632" : 54272,
            "3664" : 56163,
            "3696" : 54037,
            "3728" : 48201,
            "3760" : 40272,
            "3792" : 31402,
            "3824" : 24259,
            "3856" : 19096,
            "3888" : 15239,
            "3920" : 12995,
            "3952" : 11561,
            "3984" : 10664,
            "4016" : 10330,
            "4048" : 9876,
            "4080" : 9254,
            "4128" : 17170,
            "4192" : 14929,
            "4256" : 12831,
            "4320" : 11397,
            "4384" : 10544,
            "4448" : 9884,
            "4512" : 10138,
            "4576" : 9977,
            "4640" : 10151,
            "4704" : 9865,
            "4768" : 9187,
            "4832" : 8640,
            "4896" : 7924,
            "4960" : 7445,
            "5024" : 6737,
            "5088" : 6408,
            "5152" : 6072,
            "5216" : 5883,
            "5280" : 5781,
            "5344" : 5403,
            "5408" : 5363,
            "5472" : 5154,
            "5536" : 5014,
            "5600" : 4789,
            "5664" : 4709,
            "5728" : 4482,
            "5792" : 4440,
            "5856" : 4209,
            "5920" : 4244,
            "5984" : 4072,
            "6048" : 3771,
            "6112" : 3828,
            "6176" : 3559,
            "6240" : 3256,
            "6304" : 3017,
            "6368" : 2833,
            "6432" : 2448,
            "6496" : 2170,
            "6560" : 1925,
            "6624" : 1786,
            "6688" : 1530,
            "6752" : 1455,
            "6816" : 1299,
            "6880" : 1209,
            "6944" : 1025,
            "7008" : 970,
            "7072" : 896,
            "7136" : 807,
            "7200" : 804,
            "7264" : 707,
            "7328" : 707,
            "7392" : 650,
            "7456" : 616,
            "7520" : 586,
            "7584" : 591,
            "7648" : 603,
            "7712" : 543,
            "7776" : 552,
            "7840" : 533,
            "7904" : 572,
            "7968" : 553,
            "8032" : 516,
            "8096" : 519,
            "8160" : 536,
            "8256" : 925,
            "8384" : 876,
            "8512" : 810,
            "8640" : 716,
            "8768" : 682,
            "8896" : 606,
            "9024" : 511,
            "9152" : 539,
            "9280" : 498,
            "9408" : 490,
            "9536" : 545,
            "9664" : 489,
            "9792" : 520,
            "9920" : 542,
            "10048" : 480,
            "10176" : 505,
            "10304" : 501,
            "10432" : 502,
            "10560" : 493,
            "10688" : 491,
            "10816" : 479,
            "10944" : 469,
            "11072" : 460,
            "11200" : 420,
            "11328" : 390,
            "11456" : 349,
            "11584" : 329,
            "11712" : 292,
            "11840" : 317,
            "11968" : 280,
            "12096" : 263,
            "12224" : 212,
            "12352" : 241,
            "12480" : 207,
            "12608" : 195,
            "12736" : 185,
            "12864" : 159,
            "12992" : 159,
            "13120" : 162,
            "13248" : 139,
            "13376" : 140,
            "13504" : 142,
            "13632" : 134,
            "13760" : 130,
            "13888" : 127,
            "14016" : 130,
            "14144" : 143,
            "14272" : 128,
            "14400" : 115,
            "14528" : 126,
            "14656" : 131,
            "14784" : 120,
            "14912" : 131,
            "15040" : 112,
            "15168" : 123,
            "15296" : 118,
            "15424" : 79,
            "15552" : 92,
            "15680" : 109,
            "15808" : 84,
            "15936" : 76,
            "16064" : 72,
            "16192" : 64,
            "16320" : 75,
            "16512" : 157,
            "16768" : 115,
            "17024" : 122,
            "17280" : 127,
            "17536" : 83,
            "17792" : 84,
            "18048" : 79,
            "18304" : 78,
            "18560" : 95,
            "18816" : 92,
            "19072" : 83,
            "19328" : 106,
            "19584" : 89,
            "19840" : 110,
            "20096" : 93,
            "20352" : 91,
            "20608" : 83,
            "20864" : 74,
            "21120" : 82,
            "21376" : 67,
            "21632" : 78,
            "21888" : 78,
            "22144" : 66,
            "22400" : 59,
            "22656" : 52,
            "22912" : 39,
            "23168" : 36,
            "23424" : 43,
            "23680" : 21,
            "23936" : 31,
            "24192" : 28,
            "24448" : 28,
            "24704" : 30,
            "24960" : 24,
            "25216" : 33,
            "25472" : 32,
            "25728" : 44,
            "25984" : 45,
            "26240" : 47,
            "26496" : 72,
            "26752" : 64,
            "27008" : 97,
            "27264" : 86,
            "27520" : 81,
            "27776" : 103,
            "28032" : 92,
            "28288" : 101,
            "28544" : 104,
            "28800" : 101,
            "29056" : 89,
            "29312" : 66,
            "29568" : 86,
            "29824" : 80,
            "30080" : 69,
            "30336" : 68,
            "30592" : 56,
            "30848" : 56,
            "31104" : 37,
            "31360" : 33,
            "31616" : 21,
            "31872" : 29,
            "32128" : 18,
            "32384" : 11,
            "32640" : 12,
            "33024" : 32,
            "33536" : 17,
            "34048" : 14,
            "34560" : 17,
            "35072" : 8,
            "35584" : 7,
            "36096" : 15,
            "36608" : 13,
            "37120" : 6,
            "37632" : 13,
            "38144" : 10,
            "38656" : 10,
            "39168" : 17,
            "39680" : 9,
            "40192" : 7,
            "40704" : 11,
            "41216" : 7,
            "41728" : 6,
            "42240" : 9,
            "42752" : 5,
            "43264" : 6,
            "43776" : 4,
            "44288" : 6,
            "44800" : 7,
            "45312" : 10,
            "45824" : 6,
            "46336" : 5,
            "46848" : 11,
            "47360" : 4,
            "47872" : 5,
            "48384" : 8,
            "48896" : 6,
            "49408" : 8,
            "49920" : 9,
            "50432" : 12,
            "50944" : 7,
            "51456" : 14,
            "51968" : 7,
            "52480" : 3,
            "52992" : 1,
            "53504" : 4,
            "54016" : 1,
            "54528" : 4,
            "55040" : 4,
            "55552" : 3,
            "56064" : 5,
            "56576" : 1,
            "57088" : 5,
            "57600" : 2,
            "58112" : 2,
            "58624" : 3,
            "59136" : 1,
            "59648" : 3,
            "60160" : 1,
            "60672" : 5,
            "61184" : 7,
            "61696" : 7,
            "62208" : 5,
            "62720" : 3,
            "63232" : 6,
            "63744" : 6,
            "64256" : 11,
            "64768" : 9,
            "65280" : 3,
            "66048" : 7,
            "67072" : 15,
            "68096" : 11,
            "69120" : 5,
            "70144" : 7,
            "71168" : 13,
            "72192" : 8,
            "73216" : 12,
            "74240" : 29,
            "75264" : 28,
            "76288" : 22,
            "77312" : 18,
            "78336" : 14,
            "79360" : 11,
            "80384" : 10,
            "81408" : 8,
            "82432" : 6,
            "83456" : 3,
            "84480" : 4,
            "85504" : 7,
            "86528" : 2,
            "87552" : 7,
            "88576" : 4,
            "89600" : 1,
            "90624" : 3,
            "91648" : 5,
            "92672" : 3,
            "93696" : 5,
            "94720" : 1,
            "95744" : 1,
            "96768" : 3,
            "97792" : 2,
            "98816" : 5,
            "99840" : 7,
            "100864" : 2,
            "101888" : 2,
            "102912" : 4,
            "103936" : 7,
            "104960" : 1,
            "105984" : 2,
            "107008" : 3,
            "108032" : 10,
            "109056" : 3,
            "110080" : 2,
            "113152" : 3,
            "114176" : 3,
            "116224" : 1,
            "118272" : 1,
            "121344" : 1,
            "122368" : 1,
            "123392" : 1,
            "124416" : 1,
            "126464" : 1,
            "128512" : 1,
            "129536" : 1,
            "136192" : 4,
            "138240" : 1,
            "140288" : 1,
            "144384" : 1,
            "146432" : 1,
            "152576" : 1,
            "154624" : 2,
            "158720" : 1,
            "160768" : 1,
            "164864" : 1,
            "168960" : 1,
            "171008" : 1,
            "175104" : 1,
            "179200" : 1,
            "181248" : 1,
            "185344" : 1,
            "197632" : 1,
            "199680" : 1,
            "201728" : 1,
            "209920" : 1,
            "214016" : 1,
            "226304" : 1,
            "228352" : 1,
            "236544" : 1,
            "240640" : 1,
            "242688" : 2,
            "250880" : 1,
            "276480" : 1,
            "296960" : 2,
            "301056" : 1,
            "309248" : 3,
            "329728" : 1,
            "342016" : 2,
            "354304" : 3,
            "358400" : 1,
            "366592" : 1,
            "370688" : 2,
            "374784" : 1,
            "378880" : 1,
            "423936" : 1,
            "436224" : 1,
            "440320" : 1,
            "514048" : 1,
            "757760" : 1,
            "864256" : 1,
            "1003520" : 1,
            "1531904" : 1,
            "2244608" : 1,
            "2310144" : 2,
            "2441216" : 1
          }
        },
        "bw_min" : 176448,
        "bw_max" : 262392,
        "bw_agg" : 100.000000,
        "bw_mean" : 214492.737896,
        "bw_dev" : 5888.173849,
        "bw_samples" : 599,
        "iops_min" : 44112,
        "iops_max" : 65598,
        "iops_mean" : 53623.161937,
        "iops_stddev" : 1472.040877,
        "iops_samples" : 599
      },
      "trim" : {
        "io_bytes" : 0,
        "io_kbytes" : 0,
        "bw_bytes" : 0,
        "bw" : 0,
        "iops" : 0.000000,
        "runtime" : 0,
        "total_ios" : 0,
        "short_ios" : 0,
        "drop_ios" : 0,
        "slat_ns" : {
          "min" : 0,
          "max" : 0,
          "mean" : 0.000000,
          "stddev" : 0.000000,
          "N" : 0
        },
        "clat_ns" : {
          "min" : 0,
          "max" : 0,
          "mean" : 0.000000,
          "stddev" : 0.000000,
          "N" : 0
        },
        "lat_ns" : {
          "min" : 0,
          "max" : 0,
          "mean" : 0.000000,
          "stddev" : 0.000000,
          "N" : 0
        },
        "bw_min" : 0,
        "bw_max" : 0,
        "bw_agg" : 0.000000,
        "bw_mean" : 0.000000,
        "bw_dev" : 0.000000,
        "bw_samples" : 0,
        "iops_min" : 0,
        "iops_max" : 0,
        "iops_mean" : 0.000000,
        "iops_stddev" : 0.000000,
        "iops_samples" : 0
      },
      "sync" : {
        "total_ios" : 0,
        "lat_ns" : {
          "min" : 0,
          "max" : 0,
          "mean" : 0.000000,
          "stddev" : 0.000000,
          "N" : 0
        }
      },
      "job_runtime" : 300000,
      "usr_cpu" : 11.340000,
      "sys_cpu" : 62.079000,
      "ctx" : 16111111,
      "majf" : 0,
      "minf" : 18,
      "iodepth_level" : {
        "1" : 100.000000,
        "2" : 0.000000,
        "4" : 0.000000,
        "8" : 0.000000,
        "16" : 0.000000,
        "32" : 0.000000,
        ">=64" : 0.000000
      },
      "iodepth_submit" : {
        "0" : 0.000000,
        "4" : 100.000000,
        "8" : 0.000000,
        "16" : 0.000000,
        "32" : 0.000000,
        "64" : 0.000000,
        ">=64" : 0.000000
      },
      "iodepth_complete" : {
        "0" : 0.000000,
        "4" : 100.000000,
        "8" : 0.000000,
        "16" : 0.000000,
        "32" : 0.000000,
        "64" : 0.000000,
        ">=64" : 0.000000
      },
      "latency_ns" : {
        "2" : 0.000000,
        "4" : 0.000000,
        "10" : 0.000000,
        "20" : 0.000000,
        "50" : 0.000000,
        "100" : 0.000000,
        "250" : 0.000000,
        "500" : 0.000000,
        "750" : 0.000000,
        "1000" : 0.000000
      },
      "latency_us" : {
        "2" : 21.008333,
        "4" : 28.050092,
        "10" : 1.657492,
        "20" : 48.633192,
        "50" : 0.616842,
        "100" : 0.025940,
        "250" : 0.010000,
        "500" : 0.010000,
        "750" : 0.010000,
        "1000" : 0.010000
      },
      "latency_ms" : {
        "2" : 0.010000,
        "4" : 0.010000,
        "10" : 0.010000,
        "20" : 0.010000,
        "50" : 0.000000,
        "100" : 0.000000,
        "250" : 0.000000,
        "500" : 0.000000,
        "750" : 0.000000,
        "1000" : 0.000000,
        "2000" : 0.000000,
        ">=2000" : 0.000000
      },
      "latency_depth" : 128,
      "latency_target" : 0,
      "latency_percentile" : 100.000000,
      "latency_window" : 0
    }
  ],
  "disk_util" : [
    {
      "name" : "loop25",
      "read_ios" : 16077498,
      "write_ios" : 16077816,
      "read_merges" : 0,
      "write_merges" : 0,
      "read_ticks" : 128614,
      "write_ticks" : 458633,
      "in_queue" : 60,
      "util" : 99.994330
    }
  ]
}
