{
  "fio version" : "fio-3.32-36-g5932",
  "timestamp" : 1664232654,
  "timestamp_ms" : 1664232654250,
  "time" : "Tue Sep 27 00:50:54 2022",
  "global options" : {
    "size" : "64K",
    "rw" : "randrw",
    "bs" : "4K",
    "numjobs" : "1",
    "iodepth" : "128",
    "runtime" : "15",
    "end_fsync" : "1",
    "lat_percentiles" : "1",
    "slat_percentiles" : "1",
    "clat_percentiles" : "1"
  },
  "jobs" : [
    {
      "jobname" : "random-rw",
      "groupid" : 0,
      "error" : 0,
      "eta" : 0,
      "elapsed" : 16,
      "job options" : {
        "name" : "random-rw"
      },
      "read" : {
        "io_bytes" : 3369119744,
        "io_kbytes" : 3290156,
        "bw_bytes" : 224593010,
        "bw" : 219329,
        "iops" : 54832.277848,
        "runtime" : 15001,
        "total_ios" : 822539,
        "short_ios" : 0,
        "drop_ios" : 0,
        "slat_ns" : {
          "min" : 0,
          "max" : 0,
          "mean" : 0.000000,
          "stddev" : 0.000000,
          "N" : 0
        },
        "clat_ns" : {
          "min" : 650,
          "max" : 10144612,
          "mean" : 11236.693286,
          "stddev" : 26596.245446,
          "N" : 822539,
          "percentile" : {
            "1.000000" : 764,
            "5.000000" : 876,
            "10.000000" : 6240,
            "20.000000" : 9408,
            "30.000000" : 9664,
            "40.000000" : 10176,
            "50.000000" : 10560,
            "60.000000" : 11072,
            "70.000000" : 11584,
            "80.000000" : 13632,
            "90.000000" : 16768,
            "95.000000" : 18816,
            "99.000000" : 23424,
            "99.500000" : 27520,
            "99.900000" : 57600,
            "99.950000" : 96768,
            "99.990000" : 708608
          },
          "bins" : {
            "652" : 4,
            "660" : 6,
            "668" : 10,
            "676" : 13,
            "684" : 20,
            "692" : 35,
            "700" : 79,
            "708" : 178,
            "716" : 291,
            "724" : 531,
            "732" : 803,
            "740" : 1292,
            "748" : 1621,
            "756" : 1944,
            "764" : 2449,
            "772" : 2662,
            "780" : 2970,
            "788" : 2960,
            "796" : 2937,
            "804" : 2991,
            "812" : 2795,
            "820" : 2649,
            "828" : 2361,
            "836" : 1915,
            "844" : 1804,
            "852" : 1752,
            "860" : 1794,
            "868" : 1737,
            "876" : 1753,
            "884" : 2001,
            "892" : 2097,
            "900" : 2059,
            "908" : 1918,
            "916" : 1669,
            "924" : 1419,
            "932" : 1161,
            "940" : 964,
            "948" : 703,
            "956" : 539,
            "964" : 455,
            "972" : 380,
            "980" : 349,
            "988" : 292,
            "996" : 260,
            "1004" : 253,
            "1012" : 243,
            "1020" : 251,
            "1032" : 499,
            "1048" : 515,
            "1064" : 527,
            "1080" : 523,
            "1096" : 524,
            "1112" : 563,
            "1128" : 551,
            "1144" : 429,
            "1160" : 444,
            "1176" : 390,
            "1192" : 331,
            "1208" : 295,
            "1224" : 240,
            "1240" : 238,
            "1256" : 186,
            "1272" : 219,
            "1288" : 153,
            "1304" : 165,
            "1320" : 168,
            "1336" : 166,
            "1352" : 170,
            "1368" : 163,
            "1384" : 147,
            "1400" : 123,
            "1416" : 100,
            "1432" : 89,
            "1448" : 91,
            "1464" : 98,
            "1480" : 84,
            "1496" : 101,
            "1512" : 86,
            "1528" : 77,
            "1544" : 59,
            "1560" : 68,
            "1576" : 68,
            "1592" : 54,
            "1608" : 49,
            "1624" : 61,
            "1640" : 44,
            "1656" : 46,
            "1672" : 43,
            "1688" : 41,
            "1704" : 32,
            "1720" : 33,
            "1736" : 43,
            "1752" : 27,
            "1768" : 25,
            "1784" : 33,
            "1800" : 35,
            "1816" : 28,
            "1832" : 30,
            "1848" : 22,
            "1864" : 22,
            "1880" : 21,
            "1896" : 22,
            "1912" : 18,
            "1928" : 13,
            "1944" : 16,
            "1960" : 12,
            "1976" : 16,
            "1992" : 12,
            "2008" : 7,
            "2024" : 10,
            "2040" : 9,
            "2064" : 22,
            "2096" : 21,
            "2128" : 12,
            "2160" : 19,
            "2192" : 19,
            "2224" : 13,
            "2256" : 18,
            "2288" : 12,
            "2320" : 12,
            "2352" : 14,
            "2384" : 12,
            "2416" : 11,
            "2448" : 9,
            "2480" : 10,
            "2512" : 9,
            "2544" : 5,
            "2576" : 10,
            "2608" : 17,
            "2640" : 6,
            "2672" : 11,
            "2704" : 8,
            "2736" : 5,
            "2768" : 7,
            "2800" : 9,
            "2832" : 6,
            "2864" : 9,
            "2896" : 6,
            "2928" : 3,
            "2960" : 4,
            "2992" : 3,
            "3024" : 4,
            "3056" : 2,
            "3088" : 2,
            "3120" : 2,
            "3152" : 3,
            "3184" : 1,
            "3216" : 3,
            "3248" : 3,
            "3280" : 2,
            "3312" : 2,
            "3344" : 2,
            "3376" : 2,
            "3408" : 1,
            "3440" : 1,
            "3472" : 3,
            "3504" : 1,
            "3632" : 2,
            "3760" : 1,
            "3792" : 1,
            "3856" : 1,
            "3888" : 2,
            "3920" : 1,
            "3952" : 1,
            "4016" : 1,
            "4048" : 1,
            "4080" : 1,
            "4128" : 3,
            "4192" : 2,
            "4256" : 3,
            "4320" : 2,
            "4384" : 3,
            "4448" : 2,
            "4576" : 3,
            "4768" : 1,
            "4832" : 3,
            "5024" : 1,
            "5088" : 1,
            "5152" : 3,
            "5280" : 3,
            "5920" : 27,
            "5984" : 390,
            "6048" : 1901,
            "6112" : 4275,
            "6176" : 5531,
            "6240" : 5804,
            "6304" : 6577,
            "6368" : 6181,
            "6432" : 4515,
            "6496" : 2648,
            "6560" : 1378,
            "6624" : 614,
            "6688" : 336,
            "6752" : 215,
            "6816" : 139,
            "6880" : 117,
            "6944" : 149,
            "7008" : 228,
            "7072" : 531,
            "7136" : 930,
            "7200" : 1303,
            "7264" : 1624,
            "7328" : 1521,
            "7392" : 1126,
            "7456" : 724,
            "7520" : 459,
            "7584" : 299,
            "7648" : 196,
            "7712" : 141,
            "7776" : 138,
            "7840" : 78,
            "7904" : 77,
            "7968" : 65,
            "8032" : 52,
            "8096" : 57,
            "8160" : 46,
            "8256" : 103,
            "8384" : 89,
            "8512" : 82,
            "8640" : 89,
            "8768" : 107,
            "8896" : 144,
            "9024" : 627,
            "9152" : 4348,
            "9280" : 13465,
            "9408" : 29361,
            "9536" : 42162,
            "9664" : 44704,
            "9792" : 37335,
            "9920" : 20490,
            "10048" : 10398,
            "10176" : 13191,
            "10304" : 28081,
            "10432" : 41846,
            "10560" : 38732,
            "10688" : 23336,
            "10816" : 12902,
            "10944" : 10521,
            "11072" : 13662,
            "11200" : 21383,
            "11328" : 22806,
            "11456" : 16223,
            "11584" : 10031,
            "11712" : 7281,
            "11840" : 6650,
            "11968" : 6969,
            "12096" : 7410,
            "12224" : 6949,
            "12352" : 6015,
            "12480" : 5077,
            "12608" : 4725,
            "12736" : 4394,
            "12864" : 4451,
            "12992" : 4329,
            "13120" : 4512,
            "13248" : 4498,
            "13376" : 4315,
            "13504" : 4156,
            "13632" : 3948,
            "13760" : 3935,
            "13888" : 3760,
            "14016" : 3476,
            "14144" : 3449,
            "14272" : 3425,
            "14400" : 3336,
            "14528" : 3227,
            "14656" : 3013,
            "14784" : 3022,
            "14912" : 2918,
            "15040" : 2994,
            "15168" : 3148,
            "15296" : 3218,
            "15424" : 3180,
            "15552" : 3413,
            "15680" : 3350,
            "15808" : 3504,
            "15936" : 3302,
            "16064" : 3382,
            "16192" : 3414,
            "16320" : 3471,
            "16512" : 6630,
            "16768" : 6090,
            "17024" : 5706,
            "17280" : 5350,
            "17536" : 5187,
            "17792" : 5023,
            "18048" : 5032,
            "18304" : 4872,
            "18560" : 4329,
            "18816" : 4006,
            "19072" : 3732,
            "19328" : 3632,
            "19584" : 3320,
            "19840" : 2938,
            "20096" : 2499,
            "20352" : 2149,
            "20608" : 1851,
            "20864" : 1667,
            "21120" : 1376,
            "21376" : 1342,
            "21632" : 1132,
            "21888" : 997,
            "22144" : 960,
            "22400" : 872,
            "22656" : 675,
            "22912" : 619,
            "23168" : 583,
            "23424" : 464,
            "23680" : 439,
            "23936" : 422,
            "24192" : 360,
            "24448" : 320,
            "24704" : 285,
            "24960" : 328,
            "25216" : 239,
            "25472" : 230,
            "25728" : 216,
            "25984" : 205,
            "26240" : 174,
            "26496" : 172,
            "26752" : 160,
            "27008" : 139,
            "27264" : 130,
            "27520" : 120,
            "27776" : 135,
            "28032" : 107,
            "28288" : 115,
            "28544" : 99,
            "28800" : 76,
            "29056" : 80,
            "29312" : 79,
            "29568" : 86,
            "29824" : 88,
            "30080" : 70,
            "30336" : 64,
            "30592" : 62,
            "30848" : 57,
            "31104" : 50,
            "31360" : 59,
            "31616" : 56,
            "31872" : 42,
            "32128" : 49,
            "32384" : 56,
            "32640" : 40,
            "33024" : 91,
            "33536" : 86,
            "34048" : 85,
            "34560" : 80,
            "35072" : 59,
            "35584" : 70,
            "36096" : 76,
            "36608" : 61,
            "37120" : 59,
            "37632" : 56,
            "38144" : 65,
            "38656" : 44,
            "39168" : 58,
            "39680" : 53,
            "40192" : 47,
            "40704" : 55,
            "41216" : 46,
            "41728" : 26,
            "42240" : 38,
            "42752" : 45,
            "43264" : 30,
            "43776" : 38,
            "44288" : 32,
            "44800" : 35,
            "45312" : 31,
            "45824" : 39,
            "46336" : 36,
            "46848" : 34,
            "47360" : 22,
            "47872" : 34,
            "48384" : 27,
            "48896" : 16,
            "49408" : 20,
            "49920" : 21,
            "50432" : 14,
            "50944" : 18,
            "51456" : 17,
            "51968" : 13,
            "52480" : 11,
            "52992" : 8,
            "53504" : 15,
            "54016" : 15,
            "54528" : 11,
            "55040" : 14,
            "55552" : 16,
            "56064" : 18,
            "56576" : 14,
            "57088" : 8,
            "57600" : 11,
            "58112" : 12,
            "58624" : 14,
            "59136" : 14,
            "59648" : 15,
            "60160" : 10,
            "60672" : 9,
            "61184" : 11,
            "61696" : 9,
            "62208" : 5,
            "62720" : 6,
            "63232" : 11,
            "63744" : 4,
            "64256" : 13,
            "64768" : 6,
            "65280" : 7,
            "66048" : 11,
            "67072" : 14,
            "68096" : 10,
            "69120" : 10,
            "70144" : 12,
            "71168" : 12,
            "72192" : 10,
            "73216" : 12,
            "74240" : 9,
            "75264" : 11,
            "76288" : 6,
            "77312" : 16,
            "78336" : 7,
            "79360" : 7,
            "80384" : 9,
            "81408" : 7,
            "82432" : 12,
            "83456" : 3,
            "84480" : 5,
            "85504" : 11,
            "86528" : 7,
            "87552" : 6,
            "88576" : 7,
            "89600" : 7,
            "90624" : 5,
            "91648" : 8,
            "92672" : 5,
            "93696" : 3,
            "94720" : 8,
            "96768" : 5,
            "97792" : 5,
            "98816" : 2,
            "99840" : 2,
            "100864" : 3,
            "101888" : 2,
            "102912" : 6,
            "103936" : 2,
            "104960" : 3,
            "105984" : 1,
            "107008" : 3,
            "108032" : 2,
            "109056" : 5,
            "110080" : 2,
            "111104" : 1,
            "112128" : 4,
            "114176" : 3,
            "115200" : 3,
            "117248" : 1,
            "118272" : 5,
            "119296" : 3,
            "120320" : 3,
            "121344" : 5,
            "122368" : 2,
            "123392" : 3,
            "124416" : 2,
            "125440" : 1,
            "126464" : 5,
            "127488" : 4,
            "128512" : 3,
            "129536" : 2,
            "132096" : 6,
            "134144" : 6,
            "136192" : 9,
            "138240" : 3,
            "140288" : 6,
            "142336" : 9,
            "144384" : 4,
            "146432" : 3,
            "148480" : 4,
            "150528" : 2,
            "152576" : 8,
            "154624" : 3,
            "156672" : 4,
            "158720" : 2,
            "160768" : 4,
            "162816" : 3,
            "164864" : 4,
            "166912" : 2,
            "168960" : 2,
            "171008" : 1,
            "173056" : 3,
            "175104" : 1,
            "177152" : 3,
            "179200" : 2,
            "181248" : 1,
            "185344" : 1,
            "187392" : 1,
            "189440" : 2,
            "193536" : 1,
            "197632" : 2,
            "199680" : 1,
            "203776" : 2,
            "207872" : 1,
            "209920" : 2,
            "211968" : 1,
            "214016" : 1,
            "216064" : 1,
            "218112" : 2,
            "220160" : 2,
            "222208" : 3,
            "224256" : 2,
            "230400" : 2,
            "234496" : 1,
            "238592" : 3,
            "240640" : 2,
            "242688" : 1,
            "244736" : 1,
            "246784" : 1,
            "248832" : 4,
            "250880" : 1,
            "254976" : 4,
            "257024" : 1,
            "259072" : 2,
            "264192" : 3,
            "268288" : 4,
            "272384" : 1,
            "276480" : 1,
            "284672" : 1,
            "288768" : 4,
            "292864" : 2,
            "296960" : 3,
            "305152" : 1,
            "309248" : 1,
            "317440" : 1,
            "321536" : 1,
            "325632" : 1,
            "329728" : 1,
            "333824" : 4,
            "337920" : 4,
            "346112" : 2,
            "350208" : 1,
            "354304" : 4,
            "366592" : 2,
            "374784" : 2,
            "378880" : 1,
            "382976" : 1,
            "391168" : 1,
            "399360" : 1,
            "403456" : 1,
            "407552" : 2,
            "411648" : 1,
            "415744" : 1,
            "419840" : 2,
            "432128" : 4,
            "436224" : 1,
            "448512" : 1,
            "452608" : 2,
            "456704" : 1,
            "460800" : 2,
            "473088" : 1,
            "481280" : 1,
            "493568" : 2,
            "497664" : 1,
            "505856" : 2,
            "514048" : 1,
            "522240" : 1,
            "528384" : 2,
            "544768" : 1,
            "552960" : 2,
            "561152" : 1,
            "569344" : 3,
            "577536" : 1,
            "626688" : 1,
            "634880" : 3,
            "643072" : 1,
            "651264" : 2,
            "675840" : 1,
            "684032" : 1,
            "692224" : 3,
            "708608" : 1,
            "724992" : 1,
            "733184" : 1,
            "749568" : 1,
            "757760" : 1,
            "774144" : 2,
            "806912" : 2,
            "856064" : 1,
            "864256" : 1,
            "888832" : 2,
            "905216" : 1,
            "913408" : 2,
            "937984" : 1,
            "946176" : 1,
            "962560" : 1,
            "1044480" : 1,
            "1105920" : 2,
            "1122304" : 1,
            "1138688" : 1,
            "1187840" : 2,
            "1220608" : 3,
            "1236992" : 1,
            "1335296" : 1,
            "1351680" : 1,
            "1531904" : 1,
            "1548288" : 2,
            "1564672" : 1,
            "1597440" : 1,
            "1630208" : 1,
            "1646592" : 1,
            "1662976" : 2,
            "1679360" : 1,
            "1695744" : 1,
            "1744896" : 1,
            "1810432" : 1,
            "1826816" : 1,
            "1859584" : 1,
            "1875968" : 1,
            "1990656" : 1,
            "2023424" : 1,
            "2088960" : 1,
            "2146304" : 3,
            "2244608" : 1,
            "2277376" : 2,
            "2310144" : 1,
            "2342912" : 1,
            "2375680" : 1,
            "2408448" : 1,
            "2441216" : 1,
            "2473984" : 1,
            "2506752" : 2,
            "2539520" : 2,
            "2572288" : 1,
            "3063808" : 1,
            "3129344" : 1,
            "3293184" : 1,
            "3391488" : 1,
            "3424256" : 1,
            "3588096" : 1,
            "3751936" : 1,
            "3915776" : 1,
            "4227072" : 1,
            "4358144" : 1,
            "5210112" : 1,
            "5472256" : 1,
            "5537792" : 1,
            "5799936" : 1,
            "10158080" : 1
          }
        },
        "lat_ns" : {
          "min" : 693,
          "max" : 10144719,
          "mean" : 11299.996147,
          "stddev" : 26614.448757,
          "N" : 822539,
          "percentile" : {
            "1.000000" : 804,
            "5.000000" : 924,
            "10.000000" : 6240,
            "20.000000" : 9536,
            "30.000000" : 9792,
            "40.000000" : 10176,
            "50.000000" : 10560,
            "60.000000" : 11072,
            "70.000000" : 11712,
            "80.000000" : 13632,
            "90.000000" : 16768,
            "95.000000" : 18816,
            "99.000000" : 23680,
            "99.500000" : 27776,
            "99.900000" : 57600,
            "99.950000" : 97792,
            "99.990000" : 724992
          },
          "bins" : {
            "692" : 1,
            "700" : 10,
            "708" : 16,
            "716" : 10,
            "724" : 19,
            "732" : 49,
            "740" : 105,
            "748" : 183,
            "756" : 356,
            "764" : 631,
            "772" : 908,
            "780" : 1300,
            "788" : 1731,
            "796" : 2033,
            "804" : 2406,
            "812" : 2691,
            "820" : 2762,
            "828" : 3047,
            "836" : 2672,
            "844" : 2801,
            "852" : 2651,
            "860" : 2520,
            "868" : 2130,
            "876" : 1844,
            "884" : 1738,
            "892" : 1532,
            "900" : 1426,
            "908" : 1472,
            "916" : 1414,
            "924" : 1695,
            "932" : 1795,
            "940" : 1876,
            "948" : 2042,
            "956" : 1882,
            "964" : 1762,
            "972" : 1565,
            "980" : 1258,
            "988" : 1027,
            "996" : 735,
            "1004" : 558,
            "1012" : 443,
            "1020" : 373,
            "1032" : 551,
            "1048" : 421,
            "1064" : 349,
            "1080" : 355,
            "1096" : 375,
            "1112" : 435,
            "1128" : 466,
            "1144" : 438,
            "1160" : 455,
            "1176" : 444,
            "1192" : 451,
            "1208" : 480,
            "1224" : 449,
            "1240" : 430,
            "1256" : 403,
            "1272" : 373,
            "1288" : 318,
            "1304" : 286,
            "1320" : 213,
            "1336" : 215,
            "1352" : 173,
            "1368" : 199,
            "1384" : 157,
            "1400" : 164,
            "1416" : 170,
            "1432" : 136,
            "1448" : 152,
            "1464" : 156,
            "1480" : 144,
            "1496" : 115,
            "1512" : 101,
            "1528" : 95,
            "1544" : 93,
            "1560" : 79,
            "1576" : 85,
            "1592" : 93,
            "1608" : 90,
            "1624" : 76,
            "1640" : 65,
            "1656" : 69,
            "1672" : 65,
            "1688" : 57,
            "1704" : 45,
            "1720" : 48,
            "1736" : 48,
            "1752" : 41,
            "1768" : 40,
            "1784" : 45,
            "1800" : 27,
            "1816" : 37,
            "1832" : 33,
            "1848" : 37,
            "1864" : 29,
            "1880" : 30,
            "1896" : 24,
            "1912" : 29,
            "1928" : 26,
            "1944" : 28,
            "1960" : 22,
            "1976" : 20,
            "1992" : 22,
            "2008" : 14,
            "2024" : 25,
            "2040" : 20,
            "2064" : 38,
            "2096" : 31,
            "2128" : 33,
            "2160" : 25,
            "2192" : 15,
            "2224" : 19,
            "2256" : 15,
            "2288" : 22,
            "2320" : 12,
            "2352" : 14,
            "2384" : 17,
            "2416" : 14,
            "2448" : 10,
            "2480" : 12,
            "2512" : 8,
            "2544" : 7,
            "2576" : 19,
            "2608" : 10,
            "2640" : 8,
            "2672" : 14,
            "2704" : 15,
            "2736" : 9,
            "2768" : 7,
            "2800" : 12,
            "2832" : 9,
            "2864" : 9,
            "2896" : 8,
            "2928" : 12,
            "2960" : 13,
            "2992" : 3,
            "3024" : 6,
            "3056" : 2,
            "3088" : 4,
            "3120" : 4,
            "3152" : 8,
            "3184" : 3,
            "3216" : 1,
            "3248" : 6,
            "3280" : 7,
            "3312" : 2,
            "3344" : 3,
            "3376" : 4,
            "3408" : 1,
            "3440" : 3,
            "3472" : 3,
            "3504" : 3,
            "3536" : 3,
            "3568" : 1,
            "3600" : 2,
            "3632" : 2,
            "3664" : 1,
            "3696" : 1,
            "3760" : 3,
            "3792" : 1,
            "3824" : 1,
            "3856" : 1,
            "3888" : 3,
            "3920" : 2,
            "3984" : 2,
            "4016" : 2,
            "4128" : 1,
            "4256" : 1,
            "4320" : 3,
            "4384" : 4,
            "4448" : 6,
            "4512" : 3,
            "4576" : 1,
            "4640" : 1,
            "4832" : 1,
            "4896" : 3,
            "5024" : 1,
            "5152" : 1,
            "5216" : 1,
            "5280" : 1,
            "5344" : 2,
            "5408" : 1,
            "5536" : 1,
            "5920" : 2,
            "5984" : 48,
            "6048" : 551,
            "6112" : 2267,
            "6176" : 4444,
            "6240" : 5807,
            "6304" : 6545,
            "6368" : 6861,
            "6432" : 5877,
            "6496" : 3832,
            "6560" : 2167,
            "6624" : 1068,
            "6688" : 497,
            "6752" : 293,
            "6816" : 176,
            "6880" : 130,
            "6944" : 105,
            "7008" : 145,
            "7072" : 267,
            "7136" : 543,
            "7200" : 991,
            "7264" : 1358,
            "7328" : 1482,
            "7392" : 1323,
            "7456" : 996,
            "7520" : 785,
            "7584" : 507,
            "7648" : 341,
            "7712" : 237,
            "7776" : 176,
            "7840" : 149,
            "7904" : 102,
            "7968" : 87,
            "8032" : 59,
            "8096" : 55,
            "8160" : 72,
            "8256" : 97,
            "8384" : 92,
            "8512" : 76,
            "8640" : 92,
            "8768" : 94,
            "8896" : 113,
            "9024" : 258,
            "9152" : 2101,
            "9280" : 8971,
            "9408" : 22935,
            "9536" : 38602,
            "9664" : 46056,
            "9792" : 42386,
            "9920" : 26081,
            "10048" : 11827,
            "10176" : 9868,
            "10304" : 21553,
            "10432" : 38790,
            "10560" : 43205,
            "10688" : 28765,
            "10816" : 15506,
            "10944" : 10378,
            "11072" : 11691,
            "11200" : 18504,
            "11328" : 23398,
            "11456" : 19133,
            "11584" : 11942,
            "11712" : 8115,
            "11840" : 6752,
            "11968" : 6643,
            "12096" : 7304,
            "12224" : 7233,
            "12352" : 6429,
            "12480" : 5438,
            "12608" : 4905,
            "12736" : 4479,
            "12864" : 4463,
            "12992" : 4251,
            "13120" : 4392,
            "13248" : 4595,
            "13376" : 4264,
            "13504" : 4172,
            "13632" : 4024,
            "13760" : 3911,
            "13888" : 3809,
            "14016" : 3491,
            "14144" : 3490,
            "14272" : 3371,
            "14400" : 3461,
            "14528" : 3132,
            "14656" : 3097,
            "14784" : 3016,
            "14912" : 2872,
            "15040" : 2874,
            "15168" : 3033,
            "15296" : 3120,
            "15424" : 3158,
            "15552" : 3239,
            "15680" : 3404,
            "15808" : 3353,
            "15936" : 3384,
            "16064" : 3327,
            "16192" : 3323,
            "16320" : 3417,
            "16512" : 6708,
            "16768" : 6265,
            "17024" : 5936,
            "17280" : 5397,
            "17536" : 5158,
            "17792" : 5021,
            "18048" : 5095,
            "18304" : 4954,
            "18560" : 4597,
            "18816" : 4096,
            "19072" : 3723,
            "19328" : 3634,
            "19584" : 3492,
            "19840" : 3076,
            "20096" : 2652,
            "20352" : 2277,
            "20608" : 2003,
            "20864" : 1757,
            "21120" : 1510,
            "21376" : 1347,
            "21632" : 1250,
            "21888" : 1061,
            "22144" : 952,
            "22400" : 914,
            "22656" : 769,
            "22912" : 666,
            "23168" : 606,
            "23424" : 517,
            "23680" : 460,
            "23936" : 430,
            "24192" : 417,
            "24448" : 340,
            "24704" : 308,
            "24960" : 320,
            "25216" : 271,
            "25472" : 241,
            "25728" : 210,
            "25984" : 227,
            "26240" : 193,
            "26496" : 169,
            "26752" : 172,
            "27008" : 154,
            "27264" : 125,
            "27520" : 127,
            "27776" : 134,
            "28032" : 114,
            "28288" : 119,
            "28544" : 114,
            "28800" : 84,
            "29056" : 83,
            "29312" : 80,
            "29568" : 85,
            "29824" : 82,
            "30080" : 84,
            "30336" : 65,
            "30592" : 62,
            "30848" : 52,
            "31104" : 65,
            "31360" : 53,
            "31616" : 56,
            "31872" : 50,
            "32128" : 46,
            "32384" : 60,
            "32640" : 45,
            "33024" : 89,
            "33536" : 82,
            "34048" : 86,
            "34560" : 87,
            "35072" : 59,
            "35584" : 70,
            "36096" : 74,
            "36608" : 60,
            "37120" : 62,
            "37632" : 58,
            "38144" : 66,
            "38656" : 48,
            "39168" : 59,
            "39680" : 48,
            "40192" : 47,
            "40704" : 55,
            "41216" : 50,
            "41728" : 31,
            "42240" : 31,
            "42752" : 47,
            "43264" : 32,
            "43776" : 36,
            "44288" : 35,
            "44800" : 37,
            "45312" : 30,
            "45824" : 37,
            "46336" : 35,
            "46848" : 36,
            "47360" : 23,
            "47872" : 35,
            "48384" : 24,
            "48896" : 19,
            "49408" : 22,
            "49920" : 20,
            "50432" : 12,
            "50944" : 19,
            "51456" : 22,
            "51968" : 13,
            "52480" : 10,
            "52992" : 8,
            "53504" : 13,
            "54016" : 15,
            "54528" : 10,
            "55040" : 17,
            "55552" : 16,
            "56064" : 16,
            "56576" : 12,
            "57088" : 11,
            "57600" : 12,
            "58112" : 10,
            "58624" : 15,
            "59136" : 13,
            "59648" : 17,
            "60160" : 11,
            "60672" : 8,
            "61184" : 11,
            "61696" : 10,
            "62208" : 5,
            "62720" : 6,
            "63232" : 9,
            "63744" : 4,
            "64256" : 14,
            "64768" : 6,
            "65280" : 6,
            "66048" : 14,
            "67072" : 12,
            "68096" : 11,
            "69120" : 9,
            "70144" : 14,
            "71168" : 8,
            "72192" : 10,
            "73216" : 15,
            "74240" : 10,
            "75264" : 10,
            "76288" : 6,
            "77312" : 17,
            "78336" : 8,
            "79360" : 6,
            "80384" : 10,
            "81408" : 7,
            "82432" : 10,
            "83456" : 5,
            "84480" : 5,
            "85504" : 10,
            "86528" : 8,
            "87552" : 6,
            "88576" : 6,
            "89600" : 8,
            "90624" : 4,
            "91648" : 7,
            "92672" : 7,
            "93696" : 3,
            "94720" : 7,
            "95744" : 1,
            "96768" : 5,
            "97792" : 4,
            "98816" : 3,
            "99840" : 2,
            "100864" : 4,
            "101888" : 2,
            "102912" : 5,
            "103936" : 2,
            "104960" : 4,
            "105984" : 1,
            "107008" : 3,
            "108032" : 1,
            "109056" : 6,
            "110080" : 1,
            "111104" : 2,
            "112128" : 3,
            "113152" : 1,
            "114176" : 2,
            "115200" : 3,
            "116224" : 1,
            "117248" : 1,
            "118272" : 4,
            "119296" : 4,
            "120320" : 3,
            "121344" : 5,
            "122368" : 2,
            "123392" : 2,
            "124416" : 3,
            "126464" : 6,
            "127488" : 3,
            "128512" : 4,
            "129536" : 2,
            "132096" : 6,
            "134144" : 6,
            "136192" : 7,
            "138240" : 3,
            "140288" : 8,
            "142336" : 9,
            "144384" : 4,
            "146432" : 3,
            "148480" : 4,
            "150528" : 2,
            "152576" : 8,
            "154624" : 3,
            "156672" : 4,
            "158720" : 2,
            "160768" : 4,
            "162816" : 3,
            "164864" : 4,
            "166912" : 2,
            "168960" : 1,
            "171008" : 2,
            "173056" : 3,
            "177152" : 4,
            "179200" : 2,
            "181248" : 1,
            "185344" : 1,
            "187392" : 1,
            "189440" : 2,
            "193536" : 1,
            "197632" : 2,
            "199680" : 1,
            "203776" : 2,
            "207872" : 1,
            "209920" : 2,
            "211968" : 1,
            "214016" : 1,
            "216064" : 1,
            "218112" : 2,
            "220160" : 1,
            "222208" : 4,
            "224256" : 2,
            "230400" : 2,
            "234496" : 1,
            "238592" : 3,
            "240640" : 2,
            "242688" : 1,
            "244736" : 1,
            "246784" : 1,
            "248832" : 4,
            "252928" : 1,
            "254976" : 3,
            "257024" : 2,
            "259072" : 2,
            "264192" : 3,
            "268288" : 3,
            "272384" : 2,
            "276480" : 1,
            "284672" : 1,
            "288768" : 4,
            "292864" : 2,
            "296960" : 3,
            "305152" : 1,
            "309248" : 1,
            "317440" : 1,
            "321536" : 1,
            "325632" : 1,
            "329728" : 1,
            "333824" : 4,
            "337920" : 4,
            "346112" : 2,
            "350208" : 1,
            "354304" : 4,
            "366592" : 2,
            "374784" : 2,
            "378880" : 1,
            "382976" : 1,
            "391168" : 1,
            "399360" : 1,
            "403456" : 1,
            "407552" : 2,
            "411648" : 1,
            "415744" : 1,
            "419840" : 2,
            "432128" : 4,
            "436224" : 1,
            "448512" : 1,
            "452608" : 2,
            "460800" : 3,
            "473088" : 1,
            "481280" : 1,
            "493568" : 2,
            "497664" : 1,
            "505856" : 2,
            "514048" : 1,
            "522240" : 1,
            "528384" : 2,
            "544768" : 1,
            "552960" : 2,
            "561152" : 1,
            "569344" : 3,
            "577536" : 1,
            "626688" : 1,
            "634880" : 3,
            "643072" : 1,
            "651264" : 2,
            "684032" : 1,
            "692224" : 3,
            "708608" : 1,
            "724992" : 1,
            "733184" : 1,
            "749568" : 1,
            "757760" : 1,
            "774144" : 2,
            "806912" : 2,
            "856064" : 1,
            "864256" : 1,
            "888832" : 2,
            "905216" : 1,
            "913408" : 2,
            "937984" : 1,
            "946176" : 1,
            "962560" : 1,
            "1028096" : 1,
            "1044480" : 1,
            "1105920" : 2,
            "1122304" : 1,
            "1138688" : 1,
            "1187840" : 2,
            "1220608" : 3,
            "1236992" : 1,
            "1335296" : 1,
            "1351680" : 1,
            "1531904" : 1,
            "1548288" : 2,
            "1564672" : 1,
            "1597440" : 1,
            "1630208" : 1,
            "1646592" : 1,
            "1662976" : 2,
            "1679360" : 1,
            "1695744" : 1,
            "1744896" : 1,
            "1810432" : 1,
            "1826816" : 1,
            "1859584" : 1,
            "1875968" : 1,
            "1990656" : 1,
            "2023424" : 1,
            "2088960" : 1,
            "2146304" : 3,
            "2244608" : 1,
            "2277376" : 2,
            "2310144" : 1,
            "2342912" : 1,
            "2375680" : 1,
            "2408448" : 1,
            "2441216" : 1,
            "2473984" : 1,
            "2506752" : 2,
            "2539520" : 2,
            "2572288" : 1,
            "3063808" : 1,
            "3129344" : 1,
            "3293184" : 1,
            "3391488" : 1,
            "3424256" : 1,
            "3588096" : 1,
            "3751936" : 1,
            "3915776" : 1,
            "4227072" : 1,
            "4358144" : 1,
            "5210112" : 1,
            "5472256" : 1,
            "5537792" : 1,
            "5799936" : 1,
            "10158080" : 1
          }
        },
        "bw_min" : 196984,
        "bw_max" : 294720,
        "bw_agg" : 100.000000,
        "bw_mean" : 219864.000000,
        "bw_dev" : 16225.308626,
        "bw_samples" : 29,
        "iops_min" : 49246,
        "iops_max" : 73680,
        "iops_mean" : 54966.000000,
        "iops_stddev" : 4056.314090,
        "iops_samples" : 29
      },
      "write" : {
        "io_bytes" : 3365150720,
        "io_kbytes" : 3286280,
        "bw_bytes" : 224328426,
        "bw" : 219070,
        "iops" : 54767.682155,
        "runtime" : 15001,
        "total_ios" : 821570,
        "short_ios" : 0,
        "drop_ios" : 0,
        "slat_ns" : {
          "min" : 0,
          "max" : 0,
          "mean" : 0.000000,
          "stddev" : 0.000000,
          "N" : 0
        },
        "clat_ns" : {
          "min" : 983,
          "max" : 7142021,
          "mean" : 2276.425629,
          "stddev" : 9724.818263,
          "N" : 821570,
          "percentile" : {
            "1.000000" : 1112,
            "5.000000" : 1352,
            "10.000000" : 1416,
            "20.000000" : 1448,
            "30.000000" : 1480,
            "40.000000" : 1752,
            "50.000000" : 2128,
            "60.000000" : 2224,
            "70.000000" : 2288,
            "80.000000" : 2544,
            "90.000000" : 3376,
            "95.000000" : 4384,
            "99.000000" : 6048,
            "99.500000" : 7008,
            "99.900000" : 16512,
            "99.950000" : 20608,
            "99.990000" : 74240
          },
          "bins" : {
            "980" : 1,
            "996" : 1,
            "1012" : 1,
            "1020" : 1,
            "1032" : 19,
            "1048" : 20,
            "1064" : 54,
            "1080" : 1049,
            "1096" : 4587,
            "1112" : 5574,
            "1128" : 3723,
            "1144" : 2279,
            "1160" : 1386,
            "1176" : 1482,
            "1192" : 2934,
            "1208" : 4154,
            "1224" : 3248,
            "1240" : 2180,
            "1256" : 1502,
            "1272" : 979,
            "1288" : 590,
            "1304" : 437,
            "1320" : 866,
            "1336" : 2461,
            "1352" : 4376,
            "1368" : 4409,
            "1384" : 4582,
            "1400" : 14336,
            "1416" : 42108,
            "1432" : 50334,
            "1448" : 46196,
            "1464" : 32274,
            "1480" : 21495,
            "1496" : 14930,
            "1512" : 9633,
            "1528" : 6768,
            "1544" : 4861,
            "1560" : 3594,
            "1576" : 3005,
            "1592" : 2479,
            "1608" : 2368,
            "1624" : 2373,
            "1640" : 2313,
            "1656" : 2435,
            "1672" : 2468,
            "1688" : 2508,
            "1704" : 2549,
            "1720" : 2810,
            "1736" : 3457,
            "1752" : 3874,
            "1768" : 3958,
            "1784" : 3673,
            "1800" : 3251,
            "1816" : 2945,
            "1832" : 2532,
            "1848" : 2344,
            "1864" : 1968,
            "1880" : 1664,
            "1896" : 1317,
            "1912" : 1092,
            "1928" : 1019,
            "1944" : 909,
            "1960" : 737,
            "1976" : 688,
            "1992" : 736,
            "2008" : 881,
            "2024" : 1154,
            "2040" : 1798,
            "2064" : 7583,
            "2096" : 16814,
            "2128" : 28237,
            "2160" : 36440,
            "2192" : 38936,
            "2224" : 34638,
            "2256" : 27082,
            "2288" : 20859,
            "2320" : 16587,
            "2352" : 13726,
            "2384" : 11817,
            "2416" : 10550,
            "2448" : 9749,
            "2480" : 9223,
            "2512" : 8544,
            "2544" : 7604,
            "2576" : 6790,
            "2608" : 6106,
            "2640" : 5095,
            "2672" : 4617,
            "2704" : 4020,
            "2736" : 3678,
            "2768" : 3247,
            "2800" : 2878,
            "2832" : 2795,
            "2864" : 2506,
            "2896" : 2443,
            "2928" : 2396,
            "2960" : 2530,
            "2992" : 3043,
            "3024" : 3301,
            "3056" : 3541,
            "3088" : 3178,
            "3120" : 2755,
            "3152" : 2225,
            "3184" : 1874,
            "3216" : 1597,
            "3248" : 1343,
            "3280" : 1233,
            "3312" : 1170,
            "3344" : 1124,
            "3376" : 1186,
            "3408" : 1078,
            "3440" : 1139,
            "3472" : 1106,
            "3504" : 1096,
            "3536" : 1221,
            "3568" : 1194,
            "3600" : 1233,
            "3632" : 1288,
            "3664" : 1261,
            "3696" : 1399,
            "3728" : 1360,
            "3760" : 1422,
            "3792" : 1510,
            "3824" : 1469,
            "3856" : 1552,
            "3888" : 1507,
            "3920" : 1476,
            "3952" : 1446,
            "3984" : 1470,
            "4016" : 1404,
            "4048" : 1360,
            "4080" : 1306,
            "4128" : 2511,
            "4192" : 2402,
            "4256" : 2380,
            "4320" : 2316,
            "4384" : 2165,
            "4448" : 2100,
            "4512" : 2017,
            "4576" : 1967,
            "4640" : 1909,
            "4704" : 1901,
            "4768" : 1867,
            "4832" : 1719,
            "4896" : 1675,
            "4960" : 1634,
            "5024" : 1534,
            "5088" : 1479,
            "5152" : 1361,
            "5216" : 1286,
            "5280" : 1208,
            "5344" : 1116,
            "5408" : 1049,
            "5472" : 965,
            "5536" : 907,
            "5600" : 840,
            "5664" : 783,
            "5728" : 709,
            "5792" : 678,
            "5856" : 595,
            "5920" : 571,
            "5984" : 518,
            "6048" : 494,
            "6112" : 442,
            "6176" : 399,
            "6240" : 390,
            "6304" : 347,
            "6368" : 293,
            "6432" : 285,
            "6496" : 273,
            "6560" : 222,
            "6624" : 241,
            "6688" : 178,
            "6752" : 187,
            "6816" : 176,
            "6880" : 140,
            "6944" : 124,
            "7008" : 120,
            "7072" : 105,
            "7136" : 112,
            "7200" : 70,
            "7264" : 74,
            "7328" : 61,
            "7392" : 58,
            "7456" : 40,
            "7520" : 58,
            "7584" : 38,
            "7648" : 39,
            "7712" : 29,
            "7776" : 29,
            "7840" : 34,
            "7904" : 25,
            "7968" : 23,
            "8032" : 24,
            "8096" : 27,
            "8160" : 18,
            "8256" : 24,
            "8384" : 26,
            "8512" : 31,
            "8640" : 33,
            "8768" : 25,
            "8896" : 40,
            "9024" : 24,
            "9152" : 30,
            "9280" : 24,
            "9408" : 31,
            "9536" : 24,
            "9664" : 23,
            "9792" : 27,
            "9920" : 39,
            "10048" : 25,
            "10176" : 29,
            "10304" : 31,
            "10432" : 20,
            "10560" : 21,
            "10688" : 33,
            "10816" : 34,
            "10944" : 30,
            "11072" : 51,
            "11200" : 40,
            "11328" : 44,
            "11456" : 47,
            "11584" : 37,
            "11712" : 45,
            "11840" : 55,
            "11968" : 50,
            "12096" : 46,
            "12224" : 60,
            "12352" : 41,
            "12480" : 40,
            "12608" : 56,
            "12736" : 49,
            "12864" : 38,
            "12992" : 52,
            "13120" : 42,
            "13248" : 41,
            "13376" : 37,
            "13504" : 39,
            "13632" : 49,
            "13760" : 48,
            "13888" : 37,
            "14016" : 41,
            "14144" : 35,
            "14272" : 49,
            "14400" : 47,
            "14528" : 38,
            "14656" : 37,
            "14784" : 45,
            "14912" : 51,
            "15040" : 39,
            "15168" : 31,
            "15296" : 37,
            "15424" : 23,
            "15552" : 20,
            "15680" : 28,
            "15808" : 17,
            "15936" : 23,
            "16064" : 28,
            "16192" : 23,
            "16320" : 26,
            "16512" : 51,
            "16768" : 30,
            "17024" : 34,
            "17280" : 33,
            "17536" : 28,
            "17792" : 42,
            "18048" : 35,
            "18304" : 23,
            "18560" : 22,
            "18816" : 22,
            "19072" : 24,
            "19328" : 18,
            "19584" : 15,
            "19840" : 20,
            "20096" : 15,
            "20352" : 12,
            "20608" : 17,
            "20864" : 10,
            "21120" : 13,
            "21376" : 11,
            "21632" : 10,
            "21888" : 8,
            "22144" : 7,
            "22400" : 9,
            "22656" : 10,
            "22912" : 8,
            "23168" : 4,
            "23424" : 5,
            "23680" : 9,
            "23936" : 4,
            "24192" : 6,
            "24448" : 7,
            "24704" : 2,
            "24960" : 4,
            "25216" : 10,
            "25472" : 6,
            "25728" : 5,
            "25984" : 6,
            "26240" : 6,
            "26496" : 1,
            "26752" : 5,
            "27008" : 2,
            "27264" : 6,
            "27520" : 5,
            "27776" : 2,
            "28032" : 6,
            "28288" : 3,
            "28544" : 4,
            "28800" : 1,
            "29056" : 4,
            "29312" : 3,
            "29568" : 5,
            "29824" : 3,
            "30080" : 1,
            "30336" : 3,
            "30848" : 2,
            "31104" : 3,
            "31360" : 3,
            "31872" : 2,
            "32128" : 4,
            "32384" : 2,
            "32640" : 7,
            "33024" : 7,
            "33536" : 5,
            "34048" : 1,
            "34560" : 5,
            "35072" : 6,
            "35584" : 2,
            "36096" : 3,
            "36608" : 1,
            "37120" : 1,
            "37632" : 3,
            "38656" : 1,
            "39168" : 1,
            "39680" : 4,
            "40704" : 4,
            "41216" : 2,
            "41728" : 2,
            "42240" : 2,
            "44288" : 1,
            "44800" : 1,
            "46336" : 2,
            "46848" : 2,
            "47360" : 1,
            "48384" : 1,
            "49408" : 1,
            "50944" : 2,
            "51456" : 1,
            "51968" : 1,
            "52480" : 1,
            "52992" : 2,
            "55552" : 1,
            "57600" : 1,
            "61184" : 1,
            "62720" : 1,
            "63744" : 1,
            "65280" : 1,
            "66048" : 1,
            "67072" : 2,
            "70144" : 1,
            "71168" : 2,
            "72192" : 2,
            "74240" : 2,
            "75264" : 1,
            "76288" : 2,
            "77312" : 1,
            "78336" : 1,
            "80384" : 2,
            "81408" : 2,
            "85504" : 1,
            "86528" : 1,
            "89600" : 1,
            "90624" : 1,
            "91648" : 2,
            "96768" : 1,
            "98816" : 1,
            "101888" : 2,
            "102912" : 1,
            "103936" : 1,
            "114176" : 1,
            "116224" : 1,
            "118272" : 2,
            "119296" : 1,
            "121344" : 1,
            "122368" : 1,
            "123392" : 1,
            "124416" : 1,
            "136192" : 2,
            "138240" : 1,
            "144384" : 1,
            "146432" : 1,
            "148480" : 1,
            "150528" : 1,
            "164864" : 1,
            "177152" : 1,
            "191488" : 2,
            "195584" : 1,
            "209920" : 1,
            "211968" : 1,
            "214016" : 1,
            "216064" : 2,
            "226304" : 1,
            "248832" : 1,
            "259072" : 1,
            "292864" : 1,
            "301056" : 1,
            "305152" : 1,
            "317440" : 1,
            "337920" : 1,
            "342016" : 2,
            "346112" : 1,
            "350208" : 1,
            "358400" : 1,
            "362496" : 1,
            "378880" : 1,
            "387072" : 2,
            "432128" : 1,
            "460800" : 1,
            "497664" : 1,
            "569344" : 2,
            "618496" : 1,
            "692224" : 1,
            "921600" : 1,
            "929792" : 1,
            "946176" : 1,
            "1302528" : 1,
            "1335296" : 1,
            "1679360" : 1,
            "1695744" : 2,
            "2441216" : 1,
            "7110656" : 1
          }
        },
        "lat_ns" : {
          "min" : 1025,
          "max" : 7142100,
          "mean" : 2362.577814,
          "stddev" : 9735.661060,
          "N" : 821570,
          "percentile" : {
            "1.000000" : 1160,
            "5.000000" : 1400,
            "10.000000" : 1464,
            "20.000000" : 1496,
            "30.000000" : 1528,
            "40.000000" : 1816,
            "50.000000" : 2224,
            "60.000000" : 2288,
            "70.000000" : 2384,
            "80.000000" : 2640,
            "90.000000" : 3536,
            "95.000000" : 4576,
            "99.000000" : 6304,
            "99.500000" : 7456,
            "99.900000" : 17024,
            "99.950000" : 21120,
            "99.990000" : 76288
          },
          "bins" : {
            "1032" : 1,
            "1048" : 1,
            "1064" : 3,
            "1080" : 16,
            "1096" : 20,
            "1112" : 45,
            "1128" : 586,
            "1144" : 3996,
            "1160" : 5958,
            "1176" : 3916,
            "1192" : 2387,
            "1208" : 1551,
            "1224" : 1257,
            "1240" : 2650,
            "1256" : 4196,
            "1272" : 3288,
            "1288" : 2438,
            "1304" : 1642,
            "1320" : 1038,
            "1336" : 657,
            "1352" : 413,
            "1368" : 539,
            "1384" : 1984,
            "1400" : 4286,
            "1416" : 4417,
            "1432" : 4102,
            "1448" : 13379,
            "1464" : 41319,
            "1480" : 49334,
            "1496" : 45571,
            "1512" : 32589,
            "1528" : 22761,
            "1544" : 15540,
            "1560" : 10228,
            "1576" : 7209,
            "1592" : 5009,
            "1608" : 3676,
            "1624" : 2837,
            "1640" : 2333,
            "1656" : 2155,
            "1672" : 2170,
            "1688" : 2259,
            "1704" : 2355,
            "1720" : 2476,
            "1736" : 2528,
            "1752" : 2368,
            "1768" : 2343,
            "1784" : 2485,
            "1800" : 2927,
            "1816" : 3563,
            "1832" : 3666,
            "1848" : 3643,
            "1864" : 3404,
            "1880" : 2888,
            "1896" : 2776,
            "1912" : 2346,
            "1928" : 2072,
            "1944" : 1737,
            "1960" : 1413,
            "1976" : 1206,
            "1992" : 998,
            "2008" : 921,
            "2024" : 786,
            "2040" : 673,
            "2064" : 1412,
            "2096" : 2204,
            "2128" : 5098,
            "2160" : 11578,
            "2192" : 21785,
            "2224" : 32162,
            "2256" : 38849,
            "2288" : 36987,
            "2320" : 31641,
            "2352" : 24713,
            "2384" : 18557,
            "2416" : 14232,
            "2448" : 11651,
            "2480" : 10218,
            "2512" : 9425,
            "2544" : 9130,
            "2576" : 8511,
            "2608" : 7777,
            "2640" : 6921,
            "2672" : 6348,
            "2704" : 5564,
            "2736" : 5078,
            "2768" : 4498,
            "2800" : 3942,
            "2832" : 3636,
            "2864" : 3108,
            "2896" : 2923,
            "2928" : 2753,
            "2960" : 2628,
            "2992" : 2611,
            "3024" : 2638,
            "3056" : 3145,
            "3088" : 3391,
            "3120" : 3639,
            "3152" : 3504,
            "3184" : 3167,
            "3216" : 2640,
            "3248" : 2081,
            "3280" : 1720,
            "3312" : 1409,
            "3344" : 1277,
            "3376" : 1114,
            "3408" : 1112,
            "3440" : 1100,
            "3472" : 1082,
            "3504" : 1085,
            "3536" : 1064,
            "3568" : 1119,
            "3600" : 1053,
            "3632" : 1088,
            "3664" : 1148,
            "3696" : 1165,
            "3728" : 1212,
            "3760" : 1227,
            "3792" : 1210,
            "3824" : 1352,
            "3856" : 1346,
            "3888" : 1381,
            "3920" : 1362,
            "3952" : 1418,
            "3984" : 1453,
            "4016" : 1478,
            "4048" : 1398,
            "4080" : 1457,
            "4128" : 2817,
            "4192" : 2674,
            "4256" : 2484,
            "4320" : 2291,
            "4384" : 2252,
            "4448" : 2204,
            "4512" : 2103,
            "4576" : 1998,
            "4640" : 2016,
            "4704" : 1936,
            "4768" : 1872,
            "4832" : 1829,
            "4896" : 1831,
            "4960" : 1754,
            "5024" : 1669,
            "5088" : 1580,
            "5152" : 1603,
            "5216" : 1489,
            "5280" : 1470,
            "5344" : 1327,
            "5408" : 1196,
            "5472" : 1227,
            "5536" : 1116,
            "5600" : 994,
            "5664" : 948,
            "5728" : 864,
            "5792" : 833,
            "5856" : 717,
            "5920" : 686,
            "5984" : 673,
            "6048" : 594,
            "6112" : 567,
            "6176" : 531,
            "6240" : 487,
            "6304" : 445,
            "6368" : 419,
            "6432" : 418,
            "6496" : 350,
            "6560" : 347,
            "6624" : 291,
            "6688" : 299,
            "6752" : 261,
            "6816" : 225,
            "6880" : 219,
            "6944" : 211,
            "7008" : 194,
            "7072" : 153,
            "7136" : 173,
            "7200" : 148,
            "7264" : 125,
            "7328" : 121,
            "7392" : 82,
            "7456" : 78,
            "7520" : 97,
            "7584" : 63,
            "7648" : 52,
            "7712" : 54,
            "7776" : 46,
            "7840" : 58,
            "7904" : 35,
            "7968" : 52,
            "8032" : 37,
            "8096" : 31,
            "8160" : 31,
            "8256" : 54,
            "8384" : 55,
            "8512" : 33,
            "8640" : 41,
            "8768" : 25,
            "8896" : 33,
            "9024" : 39,
            "9152" : 32,
            "9280" : 34,
            "9408" : 29,
            "9536" : 31,
            "9664" : 35,
            "9792" : 30,
            "9920" : 27,
            "10048" : 43,
            "10176" : 24,
            "10304" : 36,
            "10432" : 28,
            "10560" : 22,
            "10688" : 26,
            "10816" : 33,
            "10944" : 40,
            "11072" : 39,
            "11200" : 51,
            "11328" : 44,
            "11456" : 44,
            "11584" : 38,
            "11712" : 47,
            "11840" : 50,
            "11968" : 58,
            "12096" : 46,
            "12224" : 66,
            "12352" : 55,
            "12480" : 42,
            "12608" : 51,
            "12736" : 61,
            "12864" : 56,
            "12992" : 43,
            "13120" : 50,
            "13248" : 52,
            "13376" : 40,
            "13504" : 48,
            "13632" : 37,
            "13760" : 47,
            "13888" : 59,
            "14016" : 36,
            "14144" : 45,
            "14272" : 41,
            "14400" : 49,
            "14528" : 47,
            "14656" : 41,
            "14784" : 44,
            "14912" : 47,
            "15040" : 48,
            "15168" : 40,
            "15296" : 36,
            "15424" : 37,
            "15552" : 32,
            "15680" : 20,
            "15808" : 35,
            "15936" : 27,
            "16064" : 22,
            "16192" : 34,
            "16320" : 29,
            "16512" : 59,
            "16768" : 34,
            "17024" : 33,
            "17280" : 43,
            "17536" : 36,
            "17792" : 37,
            "18048" : 37,
            "18304" : 28,
            "18560" : 34,
            "18816" : 27,
            "19072" : 23,
            "19328" : 26,
            "19584" : 16,
            "19840" : 21,
            "20096" : 15,
            "20352" : 17,
            "20608" : 13,
            "20864" : 17,
            "21120" : 15,
            "21376" : 10,
            "21632" : 15,
            "21888" : 4,
            "22144" : 9,
            "22400" : 13,
            "22656" : 8,
            "22912" : 8,
            "23168" : 6,
            "23424" : 5,
            "23680" : 10,
            "23936" : 5,
            "24192" : 7,
            "24448" : 4,
            "24704" : 5,
            "24960" : 4,
            "25216" : 8,
            "25472" : 10,
            "25728" : 4,
            "25984" : 5,
            "26240" : 8,
            "26496" : 3,
            "26752" : 4,
            "27008" : 4,
            "27264" : 8,
            "27520" : 7,
            "27776" : 1,
            "28032" : 5,
            "28288" : 5,
            "28544" : 5,
            "29056" : 2,
            "29312" : 2,
            "29568" : 8,
            "29824" : 3,
            "30080" : 1,
            "30336" : 2,
            "30592" : 1,
            "30848" : 1,
            "31104" : 3,
            "31360" : 4,
            "31616" : 2,
            "32128" : 6,
            "32384" : 2,
            "32640" : 6,
            "33024" : 8,
            "33536" : 5,
            "34048" : 2,
            "34560" : 5,
            "35072" : 5,
            "35584" : 3,
            "36096" : 2,
            "36608" : 1,
            "37120" : 2,
            "37632" : 2,
            "38144" : 2,
            "39168" : 2,
            "39680" : 2,
            "40192" : 1,
            "40704" : 2,
            "41216" : 4,
            "41728" : 1,
            "42240" : 2,
            "42752" : 2,
            "44288" : 1,
            "44800" : 1,
            "46336" : 1,
            "46848" : 2,
            "47360" : 2,
            "48384" : 1,
            "49408" : 1,
            "50944" : 2,
            "51968" : 2,
            "52480" : 1,
            "52992" : 2,
            "56064" : 1,
            "57600" : 1,
            "61184" : 1,
            "63232" : 1,
            "64256" : 1,
            "65280" : 1,
            "66048" : 1,
            "67072" : 2,
            "70144" : 1,
            "71168" : 2,
            "72192" : 1,
            "73216" : 2,
            "74240" : 2,
            "75264" : 1,
            "76288" : 2,
            "77312" : 1,
            "78336" : 1,
            "80384" : 2,
            "81408" : 2,
            "85504" : 1,
            "86528" : 1,
            "89600" : 1,
            "90624" : 2,
            "91648" : 2,
            "96768" : 1,
            "98816" : 1,
            "101888" : 2,
            "102912" : 1,
            "104960" : 1,
            "114176" : 1,
            "116224" : 1,
            "118272" : 2,
            "119296" : 1,
            "121344" : 1,
            "123392" : 1,
            "124416" : 2,
            "136192" : 2,
            "138240" : 1,
            "140288" : 1,
            "144384" : 1,
            "148480" : 2,
            "150528" : 2,
            "164864" : 1,
            "177152" : 1,
            "191488" : 2,
            "195584" : 1,
            "209920" : 1,
            "214016" : 2,
            "216064" : 2,
            "226304" : 1,
            "250880" : 1,
            "259072" : 1,
            "292864" : 1,
            "301056" : 1,
            "305152" : 1,
            "317440" : 1,
            "337920" : 1,
            "342016" : 2,
            "346112" : 1,
            "350208" : 1,
            "358400" : 1,
            "362496" : 1,
            "378880" : 1,
            "387072" : 1,
            "391168" : 1,
            "432128" : 1,
            "460800" : 1,
            "497664" : 1,
            "569344" : 2,
            "618496" : 1,
            "692224" : 1,
            "921600" : 1,
            "929792" : 1,
            "946176" : 1,
            "1302528" : 1,
            "1335296" : 1,
            "1679360" : 1,
            "1695744" : 2,
            "2441216" : 1,
            "7110656" : 1
          }
        },
        "bw_min" : 194344,
        "bw_max" : 296912,
        "bw_agg" : 100.000000,
        "bw_mean" : 219520.000000,
        "bw_dev" : 16753.669312,
        "bw_samples" : 29,
        "iops_min" : 48586,
        "iops_max" : 74228,
        "iops_mean" : 54880.000000,
        "iops_stddev" : 4188.417328,
        "iops_samples" : 29
      },
      "trim" : {
        "io_bytes" : 0,
        "io_kbytes" : 0,
        "bw_bytes" : 0,
        "bw" : 0,
        "iops" : 0.000000,
        "runtime" : 0,
        "total_ios" : 0,
        "short_ios" : 0,
        "drop_ios" : 0,
        "slat_ns" : {
          "min" : 0,
          "max" : 0,
          "mean" : 0.000000,
          "stddev" : 0.000000,
          "N" : 0
        },
        "clat_ns" : {
          "min" : 0,
          "max" : 0,
          "mean" : 0.000000,
          "stddev" : 0.000000,
          "N" : 0
        },
        "lat_ns" : {
          "min" : 0,
          "max" : 0,
          "mean" : 0.000000,
          "stddev" : 0.000000,
          "N" : 0
        },
        "bw_min" : 0,
        "bw_max" : 0,
        "bw_agg" : 0.000000,
        "bw_mean" : 0.000000,
        "bw_dev" : 0.000000,
        "bw_samples" : 0,
        "iops_min" : 0,
        "iops_max" : 0,
        "iops_mean" : 0.000000,
        "iops_stddev" : 0.000000,
        "iops_samples" : 0
      },
      "sync" : {
        "total_ios" : 0,
        "lat_ns" : {
          "min" : 0,
          "max" : 0,
          "mean" : 0.000000,
          "stddev" : 0.000000,
          "N" : 0
        }
      },
      "job_runtime" : 15000,
      "usr_cpu" : 11.866667,
      "sys_cpu" : 59.933333,
      "ctx" : 811924,
      "majf" : 0,
      "minf" : 20,
      "iodepth_level" : {
        "1" : 100.000000,
        "2" : 0.000000,
        "4" : 0.000000,
        "8" : 0.000000,
        "16" : 0.000000,
        "32" : 0.000000,
        ">=64" : 0.000000
      },
      "iodepth_submit" : {
        "0" : 0.000000,
        "4" : 100.000000,
        "8" : 0.000000,
        "16" : 0.000000,
        "32" : 0.000000,
        "64" : 0.000000,
        ">=64" : 0.000000
      },
      "iodepth_complete" : {
        "0" : 0.000000,
        "4" : 100.000000,
        "8" : 0.000000,
        "16" : 0.000000,
        "32" : 0.000000,
        "64" : 0.000000,
        ">=64" : 0.000000
      },
      "latency_ns" : {
        "2" : 0.000000,
        "4" : 0.000000,
        "10" : 0.000000,
        "20" : 0.000000,
        "50" : 0.000000,
        "100" : 0.000000,
        "250" : 0.000000,
        "500" : 0.000000,
        "750" : 0.266649,
        "1000" : 3.299051
      },
      "latency_us" : {
        "2" : 22.570827,
        "4" : 24.603661,
        "10" : 18.180060,
        "20" : 29.538674,
        "50" : 1.472408,
        "100" : 0.040326,
        "250" : 0.014963,
        "500" : 0.010000,
        "750" : 0.010000,
        "1000" : 0.010000
      },
      "latency_ms" : {
        "2" : 0.010000,
        "4" : 0.010000,
        "10" : 0.010000,
        "20" : 0.010000,
        "50" : 0.000000,
        "100" : 0.000000,
        "250" : 0.000000,
        "500" : 0.000000,
        "750" : 0.000000,
        "1000" : 0.000000,
        "2000" : 0.000000,
        ">=2000" : 0.000000
      },
      "latency_depth" : 128,
      "latency_target" : 0,
      "latency_percentile" : 100.000000,
      "latency_window" : 0
    }
  ],
  "disk_util" : [
    {
      "name" : "loop25",
      "read_ios" : 747550,
      "write_ios" : 816294,
      "read_merges" : 0,
      "write_merges" : 0,
      "read_ticks" : 6035,
      "write_ticks" : 14639,
      "in_queue" : 0,
      "util" : 99.299486
    }
  ]
}
