{
  "fio version" : "fio-3.32-36-g5932",
  "timestamp" : 1664231813,
  "timestamp_ms" : 1664231813351,
  "time" : "Tue Sep 27 00:36:53 2022",
  "global options" : {
    "size" : "1M",
    "rw" : "randrw",
    "bs" : "4K",
    "numjobs" : "1",
    "iodepth" : "128",
    "runtime" : "15",
    "end_fsync" : "1",
    "lat_percentiles" : "1",
    "slat_percentiles" : "1",
    "clat_percentiles" : "1"
  },
  "jobs" : [
    {
      "jobname" : "random-rw",
      "groupid" : 0,
      "error" : 0,
      "eta" : 0,
      "elapsed" : 16,
      "job options" : {
        "name" : "random-rw"
      },
      "read" : {
        "io_bytes" : 3747651584,
        "io_kbytes" : 3659816,
        "bw_bytes" : 249826783,
        "bw" : 243971,
        "iops" : 60992.867142,
        "runtime" : 15001,
        "total_ios" : 914954,
        "short_ios" : 0,
        "drop_ios" : 0,
        "slat_ns" : {
          "min" : 0,
          "max" : 0,
          "mean" : 0.000000,
          "stddev" : 0.000000,
          "N" : 0
        },
        "clat_ns" : {
          "min" : 739,
          "max" : 9617214,
          "mean" : 10800.306372,
          "stddev" : 17647.870469,
          "N" : 914954,
          "percentile" : {
            "1.000000" : 6304,
            "5.000000" : 6624,
            "10.000000" : 9280,
            "20.000000" : 9536,
            "30.000000" : 9664,
            "40.000000" : 10176,
            "50.000000" : 10304,
            "60.000000" : 10432,
            "70.000000" : 10560,
            "80.000000" : 11072,
            "90.000000" : 12480,
            "95.000000" : 15296,
            "99.000000" : 20608,
            "99.500000" : 23424,
            "99.900000" : 43776,
            "99.950000" : 77312,
            "99.990000" : 448512
          },
          "bins" : {
            "740" : 1,
            "764" : 2,
            "772" : 5,
            "780" : 2,
            "788" : 2,
            "796" : 2,
            "804" : 3,
            "812" : 3,
            "820" : 3,
            "828" : 6,
            "836" : 6,
            "844" : 4,
            "852" : 4,
            "860" : 5,
            "868" : 1,
            "876" : 1,
            "884" : 3,
            "892" : 3,
            "900" : 3,
            "908" : 3,
            "916" : 1,
            "940" : 1,
            "948" : 1,
            "956" : 2,
            "980" : 1,
            "1004" : 1,
            "1020" : 1,
            "1032" : 2,
            "1048" : 2,
            "1144" : 1,
            "1176" : 2,
            "1208" : 1,
            "1272" : 2,
            "1464" : 1,
            "1480" : 1,
            "5984" : 2,
            "6048" : 94,
            "6112" : 715,
            "6176" : 2085,
            "6240" : 3742,
            "6304" : 5706,
            "6368" : 7752,
            "6432" : 9348,
            "6496" : 8183,
            "6560" : 6108,
            "6624" : 4128,
            "6688" : 2425,
            "6752" : 1358,
            "6816" : 731,
            "6880" : 436,
            "6944" : 295,
            "7008" : 221,
            "7072" : 178,
            "7136" : 191,
            "7200" : 270,
            "7264" : 366,
            "7328" : 496,
            "7392" : 614,
            "7456" : 685,
            "7520" : 596,
            "7584" : 445,
            "7648" : 335,
            "7712" : 165,
            "7776" : 127,
            "7840" : 76,
            "7904" : 64,
            "7968" : 54,
            "8032" : 50,
            "8096" : 34,
            "8160" : 43,
            "8256" : 90,
            "8384" : 79,
            "8512" : 87,
            "8640" : 80,
            "8768" : 92,
            "8896" : 576,
            "9024" : 3127,
            "9152" : 11380,
            "9280" : 31965,
            "9408" : 57651,
            "9536" : 72592,
            "9664" : 61473,
            "9792" : 34543,
            "9920" : 14957,
            "10048" : 12018,
            "10176" : 37009,
            "10304" : 84682,
            "10432" : 101983,
            "10560" : 72401,
            "10688" : 36005,
            "10816" : 16123,
            "10944" : 10988,
            "11072" : 14775,
            "11200" : 19669,
            "11328" : 19456,
            "11456" : 15119,
            "11584" : 9160,
            "11712" : 5499,
            "11840" : 4180,
            "11968" : 3906,
            "12096" : 4138,
            "12224" : 4333,
            "12352" : 4155,
            "12480" : 3634,
            "12608" : 3297,
            "12736" : 3209,
            "12864" : 2969,
            "12992" : 2870,
            "13120" : 2641,
            "13248" : 2474,
            "13376" : 2274,
            "13504" : 2275,
            "13632" : 2021,
            "13760" : 1974,
            "13888" : 1805,
            "14016" : 1736,
            "14144" : 1620,
            "14272" : 1525,
            "14400" : 1480,
            "14528" : 1464,
            "14656" : 1377,
            "14784" : 1284,
            "14912" : 1326,
            "15040" : 1271,
            "15168" : 1157,
            "15296" : 1245,
            "15424" : 1194,
            "15552" : 1248,
            "15680" : 1260,
            "15808" : 1302,
            "15936" : 1304,
            "16064" : 1342,
            "16192" : 1378,
            "16320" : 1310,
            "16512" : 2610,
            "16768" : 2465,
            "17024" : 2209,
            "17280" : 2058,
            "17536" : 2024,
            "17792" : 1823,
            "18048" : 1708,
            "18304" : 1720,
            "18560" : 1543,
            "18816" : 1405,
            "19072" : 1362,
            "19328" : 1297,
            "19584" : 1148,
            "19840" : 1010,
            "20096" : 881,
            "20352" : 754,
            "20608" : 708,
            "20864" : 618,
            "21120" : 555,
            "21376" : 506,
            "21632" : 387,
            "21888" : 359,
            "22144" : 344,
            "22400" : 254,
            "22656" : 268,
            "22912" : 230,
            "23168" : 235,
            "23424" : 202,
            "23680" : 156,
            "23936" : 166,
            "24192" : 145,
            "24448" : 132,
            "24704" : 106,
            "24960" : 106,
            "25216" : 127,
            "25472" : 127,
            "25728" : 97,
            "25984" : 100,
            "26240" : 89,
            "26496" : 86,
            "26752" : 89,
            "27008" : 78,
            "27264" : 88,
            "27520" : 94,
            "27776" : 96,
            "28032" : 76,
            "28288" : 67,
            "28544" : 62,
            "28800" : 64,
            "29056" : 47,
            "29312" : 51,
            "29568" : 55,
            "29824" : 59,
            "30080" : 41,
            "30336" : 34,
            "30592" : 38,
            "30848" : 49,
            "31104" : 33,
            "31360" : 40,
            "31616" : 33,
            "31872" : 48,
            "32128" : 32,
            "32384" : 31,
            "32640" : 26,
            "33024" : 74,
            "33536" : 49,
            "34048" : 41,
            "34560" : 50,
            "35072" : 50,
            "35584" : 48,
            "36096" : 48,
            "36608" : 36,
            "37120" : 27,
            "37632" : 37,
            "38144" : 50,
            "38656" : 35,
            "39168" : 39,
            "39680" : 29,
            "40192" : 31,
            "40704" : 24,
            "41216" : 30,
            "41728" : 33,
            "42240" : 31,
            "42752" : 26,
            "43264" : 26,
            "43776" : 24,
            "44288" : 21,
            "44800" : 15,
            "45312" : 20,
            "45824" : 20,
            "46336" : 24,
            "46848" : 15,
            "47360" : 11,
            "47872" : 18,
            "48384" : 13,
            "48896" : 17,
            "49408" : 11,
            "49920" : 10,
            "50432" : 14,
            "50944" : 13,
            "51456" : 10,
            "51968" : 11,
            "52480" : 7,
            "52992" : 7,
            "53504" : 5,
            "54016" : 14,
            "54528" : 8,
            "55040" : 4,
            "55552" : 6,
            "56064" : 5,
            "56576" : 2,
            "57088" : 7,
            "57600" : 4,
            "58112" : 6,
            "58624" : 2,
            "59136" : 5,
            "59648" : 2,
            "60160" : 5,
            "60672" : 5,
            "61184" : 4,
            "61696" : 2,
            "62208" : 4,
            "62720" : 8,
            "63232" : 7,
            "63744" : 3,
            "64256" : 3,
            "64768" : 6,
            "65280" : 4,
            "66048" : 6,
            "67072" : 13,
            "68096" : 7,
            "69120" : 10,
            "70144" : 5,
            "71168" : 4,
            "72192" : 3,
            "73216" : 6,
            "74240" : 3,
            "75264" : 3,
            "76288" : 7,
            "77312" : 7,
            "78336" : 9,
            "79360" : 8,
            "80384" : 11,
            "81408" : 7,
            "83456" : 4,
            "84480" : 5,
            "85504" : 4,
            "86528" : 5,
            "87552" : 7,
            "88576" : 6,
            "89600" : 6,
            "90624" : 10,
            "91648" : 4,
            "92672" : 4,
            "93696" : 4,
            "96768" : 3,
            "97792" : 1,
            "98816" : 1,
            "99840" : 3,
            "100864" : 3,
            "101888" : 4,
            "102912" : 3,
            "103936" : 3,
            "104960" : 2,
            "105984" : 3,
            "107008" : 6,
            "109056" : 6,
            "110080" : 6,
            "111104" : 2,
            "112128" : 5,
            "114176" : 3,
            "115200" : 2,
            "116224" : 2,
            "117248" : 1,
            "118272" : 3,
            "119296" : 3,
            "120320" : 2,
            "121344" : 4,
            "122368" : 1,
            "124416" : 4,
            "125440" : 1,
            "126464" : 1,
            "127488" : 3,
            "128512" : 3,
            "129536" : 3,
            "130560" : 2,
            "132096" : 7,
            "134144" : 3,
            "136192" : 1,
            "138240" : 2,
            "140288" : 2,
            "142336" : 3,
            "144384" : 2,
            "146432" : 6,
            "148480" : 2,
            "150528" : 4,
            "152576" : 1,
            "154624" : 1,
            "156672" : 3,
            "158720" : 5,
            "160768" : 4,
            "162816" : 1,
            "164864" : 1,
            "166912" : 1,
            "171008" : 2,
            "173056" : 2,
            "175104" : 2,
            "177152" : 1,
            "181248" : 1,
            "185344" : 1,
            "187392" : 1,
            "191488" : 1,
            "197632" : 1,
            "201728" : 1,
            "203776" : 1,
            "205824" : 2,
            "209920" : 2,
            "211968" : 1,
            "214016" : 2,
            "216064" : 2,
            "218112" : 3,
            "220160" : 2,
            "222208" : 2,
            "224256" : 1,
            "226304" : 1,
            "228352" : 2,
            "232448" : 1,
            "234496" : 1,
            "236544" : 2,
            "238592" : 1,
            "240640" : 3,
            "242688" : 1,
            "244736" : 1,
            "246784" : 1,
            "248832" : 1,
            "250880" : 3,
            "254976" : 2,
            "257024" : 3,
            "259072" : 3,
            "261120" : 1,
            "268288" : 5,
            "272384" : 4,
            "276480" : 1,
            "280576" : 1,
            "284672" : 2,
            "288768" : 1,
            "292864" : 1,
            "296960" : 1,
            "301056" : 2,
            "305152" : 2,
            "309248" : 1,
            "313344" : 4,
            "317440" : 3,
            "321536" : 2,
            "329728" : 2,
            "333824" : 3,
            "337920" : 2,
            "342016" : 1,
            "350208" : 1,
            "354304" : 3,
            "358400" : 1,
            "366592" : 1,
            "370688" : 2,
            "374784" : 4,
            "382976" : 2,
            "391168" : 1,
            "395264" : 5,
            "403456" : 3,
            "411648" : 1,
            "419840" : 5,
            "423936" : 2,
            "428032" : 1,
            "432128" : 1,
            "436224" : 2,
            "440320" : 1,
            "448512" : 2,
            "456704" : 1,
            "460800" : 2,
            "468992" : 3,
            "473088" : 2,
            "477184" : 1,
            "493568" : 1,
            "497664" : 2,
            "501760" : 1,
            "505856" : 1,
            "518144" : 1,
            "528384" : 2,
            "536576" : 2,
            "544768" : 1,
            "552960" : 1,
            "561152" : 3,
            "569344" : 3,
            "577536" : 3,
            "593920" : 2,
            "602112" : 2,
            "610304" : 3,
            "618496" : 2,
            "626688" : 1,
            "634880" : 5,
            "643072" : 3,
            "659456" : 1,
            "667648" : 2,
            "675840" : 1,
            "692224" : 1,
            "724992" : 1,
            "798720" : 3,
            "806912" : 1,
            "872448" : 1,
            "897024" : 2,
            "905216" : 1,
            "937984" : 1,
            "954368" : 1,
            "1056768" : 1,
            "1073152" : 1,
            "1105920" : 3,
            "1187840" : 1,
            "1236992" : 1,
            "1286144" : 1,
            "1335296" : 1,
            "1531904" : 1,
            "1695744" : 1,
            "1990656" : 1,
            "2375680" : 1,
            "2441216" : 2,
            "2473984" : 2,
            "2572288" : 1,
            "2801664" : 1,
            "3325952" : 1,
            "3391488" : 1,
            "3653632" : 1,
            "3850240" : 1,
            "3981312" : 1,
            "4046848" : 1,
            "9633792" : 1
          }
        },
        "lat_ns" : {
          "min" : 783,
          "max" : 9617270,
          "mean" : 10853.624387,
          "stddev" : 17852.621325,
          "N" : 914954,
          "percentile" : {
            "1.000000" : 6368,
            "5.000000" : 6688,
            "10.000000" : 9408,
            "20.000000" : 9536,
            "30.000000" : 9664,
            "40.000000" : 10176,
            "50.000000" : 10432,
            "60.000000" : 10560,
            "70.000000" : 10688,
            "80.000000" : 11200,
            "90.000000" : 12480,
            "95.000000" : 15424,
            "99.000000" : 20608,
            "99.500000" : 23680,
            "99.900000" : 44288,
            "99.950000" : 78336,
            "99.990000" : 456704
          },
          "bins" : {
            "780" : 1,
            "796" : 1,
            "804" : 6,
            "812" : 2,
            "820" : 2,
            "836" : 4,
            "844" : 3,
            "852" : 2,
            "860" : 4,
            "868" : 2,
            "876" : 4,
            "884" : 2,
            "892" : 3,
            "900" : 4,
            "908" : 3,
            "916" : 2,
            "924" : 4,
            "932" : 5,
            "940" : 1,
            "948" : 1,
            "956" : 4,
            "964" : 1,
            "972" : 2,
            "980" : 1,
            "988" : 1,
            "1004" : 1,
            "1012" : 1,
            "1020" : 1,
            "1048" : 2,
            "1064" : 2,
            "1080" : 2,
            "1208" : 1,
            "1256" : 1,
            "1272" : 1,
            "1304" : 1,
            "1336" : 1,
            "1368" : 1,
            "1544" : 1,
            "1576" : 1,
            "6048" : 4,
            "6112" : 125,
            "6176" : 899,
            "6240" : 2400,
            "6304" : 4173,
            "6368" : 6551,
            "6432" : 8909,
            "6496" : 9361,
            "6560" : 7535,
            "6624" : 5439,
            "6688" : 3475,
            "6752" : 1977,
            "6816" : 1093,
            "6880" : 613,
            "6944" : 374,
            "7008" : 262,
            "7072" : 191,
            "7136" : 164,
            "7200" : 211,
            "7264" : 303,
            "7328" : 406,
            "7392" : 547,
            "7456" : 632,
            "7520" : 670,
            "7584" : 550,
            "7648" : 413,
            "7712" : 297,
            "7776" : 133,
            "7840" : 113,
            "7904" : 66,
            "7968" : 70,
            "8032" : 49,
            "8096" : 52,
            "8160" : 38,
            "8256" : 84,
            "8384" : 75,
            "8512" : 75,
            "8640" : 79,
            "8768" : 77,
            "8896" : 222,
            "9024" : 1603,
            "9152" : 6832,
            "9280" : 22146,
            "9408" : 48543,
            "9536" : 71909,
            "9664" : 70134,
            "9792" : 43745,
            "9920" : 19461,
            "10048" : 9995,
            "10176" : 22236,
            "10304" : 67686,
            "10432" : 105140,
            "10560" : 87075,
            "10688" : 46802,
            "10816" : 20664,
            "10944" : 11101,
            "11072" : 12685,
            "11200" : 18422,
            "11328" : 20443,
            "11456" : 17002,
            "11584" : 10977,
            "11712" : 6476,
            "11840" : 4489,
            "11968" : 3865,
            "12096" : 4056,
            "12224" : 4336,
            "12352" : 4325,
            "12480" : 3792,
            "12608" : 3423,
            "12736" : 3161,
            "12864" : 3094,
            "12992" : 2838,
            "13120" : 2728,
            "13248" : 2573,
            "13376" : 2340,
            "13504" : 2273,
            "13632" : 2051,
            "13760" : 1926,
            "13888" : 1931,
            "14016" : 1743,
            "14144" : 1637,
            "14272" : 1557,
            "14400" : 1473,
            "14528" : 1431,
            "14656" : 1410,
            "14784" : 1319,
            "14912" : 1295,
            "15040" : 1275,
            "15168" : 1247,
            "15296" : 1149,
            "15424" : 1218,
            "15552" : 1201,
            "15680" : 1255,
            "15808" : 1251,
            "15936" : 1288,
            "16064" : 1304,
            "16192" : 1352,
            "16320" : 1340,
            "16512" : 2641,
            "16768" : 2528,
            "17024" : 2247,
            "17280" : 2149,
            "17536" : 1994,
            "17792" : 1929,
            "18048" : 1700,
            "18304" : 1746,
            "18560" : 1615,
            "18816" : 1457,
            "19072" : 1340,
            "19328" : 1328,
            "19584" : 1204,
            "19840" : 1075,
            "20096" : 917,
            "20352" : 793,
            "20608" : 745,
            "20864" : 642,
            "21120" : 574,
            "21376" : 524,
            "21632" : 437,
            "21888" : 350,
            "22144" : 377,
            "22400" : 280,
            "22656" : 267,
            "22912" : 243,
            "23168" : 235,
            "23424" : 208,
            "23680" : 170,
            "23936" : 171,
            "24192" : 152,
            "24448" : 135,
            "24704" : 102,
            "24960" : 121,
            "25216" : 124,
            "25472" : 126,
            "25728" : 94,
            "25984" : 102,
            "26240" : 102,
            "26496" : 90,
            "26752" : 86,
            "27008" : 78,
            "27264" : 75,
            "27520" : 105,
            "27776" : 94,
            "28032" : 78,
            "28288" : 74,
            "28544" : 63,
            "28800" : 51,
            "29056" : 56,
            "29312" : 57,
            "29568" : 52,
            "29824" : 60,
            "30080" : 47,
            "30336" : 38,
            "30592" : 35,
            "30848" : 54,
            "31104" : 31,
            "31360" : 42,
            "31616" : 33,
            "31872" : 38,
            "32128" : 45,
            "32384" : 29,
            "32640" : 26,
            "33024" : 77,
            "33536" : 53,
            "34048" : 36,
            "34560" : 51,
            "35072" : 52,
            "35584" : 48,
            "36096" : 41,
            "36608" : 43,
            "37120" : 31,
            "37632" : 30,
            "38144" : 55,
            "38656" : 33,
            "39168" : 40,
            "39680" : 30,
            "40192" : 33,
            "40704" : 22,
            "41216" : 26,
            "41728" : 37,
            "42240" : 31,
            "42752" : 29,
            "43264" : 26,
            "43776" : 22,
            "44288" : 23,
            "44800" : 16,
            "45312" : 19,
            "45824" : 21,
            "46336" : 21,
            "46848" : 18,
            "47360" : 10,
            "47872" : 16,
            "48384" : 15,
            "48896" : 14,
            "49408" : 15,
            "49920" : 10,
            "50432" : 13,
            "50944" : 15,
            "51456" : 8,
            "51968" : 11,
            "52480" : 11,
            "52992" : 6,
            "53504" : 6,
            "54016" : 12,
            "54528" : 9,
            "55040" : 2,
            "55552" : 8,
            "56064" : 4,
            "56576" : 2,
            "57088" : 8,
            "57600" : 4,
            "58112" : 6,
            "58624" : 2,
            "59136" : 5,
            "59648" : 1,
            "60160" : 4,
            "60672" : 6,
            "61184" : 5,
            "61696" : 2,
            "62208" : 3,
            "62720" : 9,
            "63232" : 5,
            "63744" : 5,
            "64256" : 3,
            "64768" : 6,
            "65280" : 3,
            "66048" : 7,
            "67072" : 12,
            "68096" : 8,
            "69120" : 9,
            "70144" : 5,
            "71168" : 5,
            "72192" : 2,
            "73216" : 6,
            "74240" : 3,
            "75264" : 3,
            "76288" : 7,
            "77312" : 7,
            "78336" : 9,
            "79360" : 8,
            "80384" : 10,
            "81408" : 8,
            "83456" : 2,
            "84480" : 4,
            "85504" : 7,
            "86528" : 5,
            "87552" : 7,
            "88576" : 6,
            "89600" : 4,
            "90624" : 11,
            "91648" : 3,
            "92672" : 6,
            "93696" : 4,
            "96768" : 3,
            "97792" : 1,
            "98816" : 1,
            "99840" : 3,
            "100864" : 2,
            "101888" : 3,
            "102912" : 5,
            "103936" : 3,
            "104960" : 2,
            "105984" : 3,
            "107008" : 5,
            "108032" : 1,
            "109056" : 6,
            "110080" : 6,
            "111104" : 2,
            "112128" : 3,
            "113152" : 2,
            "114176" : 3,
            "115200" : 2,
            "116224" : 2,
            "117248" : 1,
            "118272" : 3,
            "119296" : 3,
            "120320" : 1,
            "121344" : 5,
            "122368" : 1,
            "124416" : 3,
            "125440" : 2,
            "126464" : 1,
            "127488" : 3,
            "128512" : 3,
            "129536" : 3,
            "130560" : 2,
            "132096" : 5,
            "134144" : 5,
            "136192" : 1,
            "138240" : 3,
            "140288" : 2,
            "142336" : 3,
            "144384" : 2,
            "146432" : 7,
            "148480" : 2,
            "150528" : 4,
            "152576" : 1,
            "154624" : 1,
            "156672" : 3,
            "158720" : 5,
            "160768" : 4,
            "162816" : 1,
            "164864" : 1,
            "166912" : 1,
            "171008" : 2,
            "173056" : 2,
            "175104" : 2,
            "177152" : 1,
            "181248" : 1,
            "187392" : 2,
            "191488" : 1,
            "197632" : 1,
            "201728" : 1,
            "203776" : 1,
            "205824" : 2,
            "209920" : 2,
            "211968" : 1,
            "214016" : 2,
            "216064" : 2,
            "218112" : 3,
            "220160" : 2,
            "222208" : 2,
            "224256" : 1,
            "226304" : 1,
            "228352" : 2,
            "232448" : 1,
            "236544" : 3,
            "238592" : 1,
            "240640" : 3,
            "242688" : 1,
            "244736" : 1,
            "246784" : 1,
            "248832" : 1,
            "250880" : 3,
            "254976" : 2,
            "257024" : 3,
            "259072" : 3,
            "261120" : 1,
            "268288" : 5,
            "272384" : 4,
            "276480" : 1,
            "280576" : 1,
            "284672" : 2,
            "288768" : 1,
            "292864" : 1,
            "296960" : 1,
            "301056" : 2,
            "305152" : 2,
            "309248" : 1,
            "313344" : 4,
            "317440" : 2,
            "321536" : 2,
            "329728" : 2,
            "333824" : 3,
            "337920" : 2,
            "342016" : 1,
            "350208" : 1,
            "354304" : 3,
            "358400" : 1,
            "366592" : 1,
            "370688" : 2,
            "374784" : 4,
            "382976" : 2,
            "391168" : 1,
            "395264" : 5,
            "403456" : 3,
            "411648" : 1,
            "419840" : 5,
            "423936" : 2,
            "428032" : 1,
            "432128" : 1,
            "436224" : 2,
            "440320" : 1,
            "448512" : 2,
            "456704" : 1,
            "460800" : 2,
            "468992" : 3,
            "473088" : 2,
            "477184" : 1,
            "493568" : 1,
            "497664" : 2,
            "501760" : 1,
            "505856" : 1,
            "518144" : 1,
            "528384" : 2,
            "536576" : 2,
            "544768" : 1,
            "552960" : 1,
            "561152" : 3,
            "569344" : 3,
            "577536" : 3,
            "593920" : 2,
            "602112" : 2,
            "610304" : 3,
            "618496" : 2,
            "626688" : 1,
            "634880" : 5,
            "643072" : 3,
            "659456" : 1,
            "667648" : 2,
            "675840" : 1,
            "692224" : 1,
            "724992" : 1,
            "798720" : 3,
            "806912" : 1,
            "872448" : 1,
            "888832" : 1,
            "897024" : 1,
            "905216" : 2,
            "937984" : 1,
            "954368" : 1,
            "1056768" : 1,
            "1073152" : 1,
            "1105920" : 3,
            "1187840" : 1,
            "1236992" : 1,
            "1286144" : 1,
            "1335296" : 1,
            "1531904" : 1,
            "1695744" : 1,
            "1990656" : 1,
            "2375680" : 1,
            "2441216" : 3,
            "2473984" : 2,
            "2572288" : 1,
            "2801664" : 1,
            "3325952" : 1,
            "3391488" : 1,
            "3653632" : 1,
            "3850240" : 1,
            "3981312" : 1,
            "4046848" : 1,
            "9633792" : 1
          }
        },
        "bw_min" : 212880,
        "bw_max" : 334776,
        "bw_agg" : 99.988332,
        "bw_mean" : 243943.172414,
        "bw_dev" : 20769.356036,
        "bw_samples" : 29,
        "iops_min" : 53220,
        "iops_max" : 83694,
        "iops_mean" : 60985.793103,
        "iops_stddev" : 5192.339009,
        "iops_samples" : 29
      },
      "write" : {
        "io_bytes" : 3741519872,
        "io_kbytes" : 3653828,
        "bw_bytes" : 249418030,
        "bw" : 243572,
        "iops" : 60893.073795,
        "runtime" : 15001,
        "total_ios" : 913457,
        "short_ios" : 0,
        "drop_ios" : 0,
        "slat_ns" : {
          "min" : 0,
          "max" : 0,
          "mean" : 0.000000,
          "stddev" : 0.000000,
          "N" : 0
        },
        "clat_ns" : {
          "min" : 1122,
          "max" : 7402607,
          "mean" : 2048.308735,
          "stddev" : 9408.045120,
          "N" : 913457,
          "percentile" : {
            "1.000000" : 1416,
            "5.000000" : 1432,
            "10.000000" : 1464,
            "20.000000" : 1480,
            "30.000000" : 1512,
            "40.000000" : 1592,
            "50.000000" : 2064,
            "60.000000" : 2128,
            "70.000000" : 2160,
            "80.000000" : 2224,
            "90.000000" : 2480,
            "95.000000" : 3088,
            "99.000000" : 4832,
            "99.500000" : 5536,
            "99.900000" : 10048,
            "99.950000" : 14400,
            "99.990000" : 55040
          },
          "bins" : {
            "1128" : 3,
            "1144" : 1,
            "1160" : 6,
            "1176" : 13,
            "1192" : 3,
            "1208" : 3,
            "1224" : 5,
            "1272" : 1,
            "1304" : 2,
            "1320" : 1,
            "1336" : 19,
            "1352" : 84,
            "1368" : 405,
            "1384" : 1712,
            "1400" : 5634,
            "1416" : 14404,
            "1432" : 24007,
            "1448" : 35583,
            "1464" : 47642,
            "1480" : 53467,
            "1496" : 54345,
            "1512" : 43447,
            "1528" : 32512,
            "1544" : 23850,
            "1560" : 16000,
            "1576" : 11952,
            "1592" : 8560,
            "1608" : 6698,
            "1624" : 4893,
            "1640" : 3528,
            "1656" : 2582,
            "1672" : 1769,
            "1688" : 1381,
            "1704" : 1020,
            "1720" : 775,
            "1736" : 608,
            "1752" : 510,
            "1768" : 456,
            "1784" : 422,
            "1800" : 455,
            "1816" : 603,
            "1832" : 876,
            "1848" : 1332,
            "1864" : 1913,
            "1880" : 2365,
            "1896" : 2870,
            "1912" : 3057,
            "1928" : 2931,
            "1944" : 2795,
            "1960" : 2346,
            "1976" : 2344,
            "1992" : 2576,
            "2008" : 3552,
            "2024" : 5640,
            "2040" : 8463,
            "2064" : 29586,
            "2096" : 48869,
            "2128" : 61286,
            "2160" : 61660,
            "2192" : 51426,
            "2224" : 37253,
            "2256" : 24905,
            "2288" : 15829,
            "2320" : 10953,
            "2352" : 9308,
            "2384" : 9120,
            "2416" : 8774,
            "2448" : 7146,
            "2480" : 5234,
            "2512" : 4122,
            "2544" : 3092,
            "2576" : 2541,
            "2608" : 2215,
            "2640" : 1864,
            "2672" : 1787,
            "2704" : 1545,
            "2736" : 1541,
            "2768" : 1493,
            "2800" : 1348,
            "2832" : 1299,
            "2864" : 1118,
            "2896" : 1224,
            "2928" : 1386,
            "2960" : 2080,
            "2992" : 3120,
            "3024" : 4139,
            "3056" : 4628,
            "3088" : 4431,
            "3120" : 3812,
            "3152" : 2869,
            "3184" : 2022,
            "3216" : 1492,
            "3248" : 1176,
            "3280" : 878,
            "3312" : 731,
            "3344" : 626,
            "3376" : 548,
            "3408" : 508,
            "3440" : 510,
            "3472" : 522,
            "3504" : 476,
            "3536" : 497,
            "3568" : 550,
            "3600" : 479,
            "3632" : 503,
            "3664" : 612,
            "3696" : 539,
            "3728" : 531,
            "3760" : 594,
            "3792" : 608,
            "3824" : 564,
            "3856" : 585,
            "3888" : 624,
            "3920" : 577,
            "3952" : 598,
            "3984" : 542,
            "4016" : 540,
            "4048" : 524,
            "4080" : 512,
            "4128" : 1033,
            "4192" : 954,
            "4256" : 890,
            "4320" : 843,
            "4384" : 833,
            "4448" : 823,
            "4512" : 792,
            "4576" : 761,
            "4640" : 686,
            "4704" : 687,
            "4768" : 663,
            "4832" : 581,
            "4896" : 540,
            "4960" : 555,
            "5024" : 510,
            "5088" : 487,
            "5152" : 401,
            "5216" : 447,
            "5280" : 396,
            "5344" : 362,
            "5408" : 394,
            "5472" : 314,
            "5536" : 317,
            "5600" : 257,
            "5664" : 227,
            "5728" : 224,
            "5792" : 204,
            "5856" : 188,
            "5920" : 161,
            "5984" : 156,
            "6048" : 115,
            "6112" : 126,
            "6176" : 125,
            "6240" : 106,
            "6304" : 86,
            "6368" : 104,
            "6432" : 91,
            "6496" : 83,
            "6560" : 55,
            "6624" : 60,
            "6688" : 57,
            "6752" : 50,
            "6816" : 57,
            "6880" : 46,
            "6944" : 57,
            "7008" : 38,
            "7072" : 45,
            "7136" : 39,
            "7200" : 26,
            "7264" : 30,
            "7328" : 23,
            "7392" : 31,
            "7456" : 15,
            "7520" : 26,
            "7584" : 16,
            "7648" : 17,
            "7712" : 17,
            "7776" : 19,
            "7840" : 22,
            "7904" : 23,
            "7968" : 8,
            "8032" : 17,
            "8096" : 13,
            "8160" : 17,
            "8256" : 31,
            "8384" : 24,
            "8512" : 18,
            "8640" : 20,
            "8768" : 35,
            "8896" : 21,
            "9024" : 23,
            "9152" : 22,
            "9280" : 20,
            "9408" : 13,
            "9536" : 16,
            "9664" : 20,
            "9792" : 25,
            "9920" : 16,
            "10048" : 20,
            "10176" : 27,
            "10304" : 12,
            "10432" : 19,
            "10560" : 17,
            "10688" : 13,
            "10816" : 7,
            "10944" : 17,
            "11072" : 22,
            "11200" : 7,
            "11328" : 14,
            "11456" : 12,
            "11584" : 16,
            "11712" : 17,
            "11840" : 21,
            "11968" : 12,
            "12096" : 8,
            "12224" : 10,
            "12352" : 12,
            "12480" : 13,
            "12608" : 12,
            "12736" : 10,
            "12864" : 12,
            "12992" : 13,
            "13120" : 13,
            "13248" : 8,
            "13376" : 11,
            "13504" : 10,
            "13632" : 13,
            "13760" : 10,
            "13888" : 16,
            "14016" : 12,
            "14144" : 13,
            "14272" : 9,
            "14400" : 8,
            "14528" : 10,
            "14656" : 7,
            "14784" : 7,
            "14912" : 3,
            "15040" : 3,
            "15168" : 12,
            "15296" : 11,
            "15424" : 10,
            "15552" : 8,
            "15680" : 5,
            "15808" : 7,
            "15936" : 10,
            "16064" : 8,
            "16192" : 6,
            "16320" : 7,
            "16512" : 13,
            "16768" : 12,
            "17024" : 10,
            "17280" : 9,
            "17536" : 14,
            "17792" : 8,
            "18048" : 6,
            "18304" : 5,
            "18560" : 10,
            "18816" : 4,
            "19072" : 3,
            "19328" : 4,
            "19584" : 3,
            "19840" : 4,
            "20096" : 3,
            "20352" : 9,
            "20608" : 5,
            "20864" : 4,
            "21120" : 2,
            "21376" : 7,
            "21632" : 3,
            "21888" : 1,
            "22144" : 2,
            "22400" : 2,
            "22656" : 2,
            "22912" : 3,
            "23168" : 1,
            "23424" : 4,
            "23680" : 1,
            "23936" : 4,
            "24192" : 3,
            "24448" : 2,
            "24704" : 1,
            "24960" : 2,
            "25216" : 3,
            "25472" : 2,
            "25728" : 1,
            "26240" : 1,
            "26752" : 3,
            "27008" : 1,
            "27776" : 3,
            "28032" : 2,
            "28288" : 1,
            "29312" : 2,
            "29568" : 2,
            "30080" : 3,
            "30848" : 1,
            "31360" : 3,
            "31616" : 1,
            "32128" : 2,
            "32384" : 2,
            "32640" : 1,
            "33024" : 4,
            "33536" : 1,
            "34048" : 2,
            "34560" : 1,
            "35072" : 2,
            "36096" : 2,
            "37632" : 3,
            "38144" : 1,
            "38656" : 1,
            "39168" : 1,
            "39680" : 1,
            "40192" : 1,
            "41216" : 3,
            "41728" : 1,
            "42240" : 2,
            "42752" : 1,
            "43264" : 1,
            "43776" : 1,
            "45312" : 2,
            "45824" : 1,
            "47360" : 1,
            "47872" : 1,
            "48896" : 2,
            "49408" : 1,
            "49920" : 2,
            "50432" : 1,
            "52992" : 1,
            "54016" : 1,
            "54528" : 1,
            "55040" : 1,
            "56064" : 1,
            "58624" : 1,
            "60160" : 1,
            "60672" : 1,
            "62720" : 1,
            "65280" : 1,
            "66048" : 1,
            "69120" : 2,
            "70144" : 2,
            "71168" : 1,
            "72192" : 2,
            "73216" : 2,
            "74240" : 2,
            "75264" : 2,
            "77312" : 1,
            "80384" : 1,
            "81408" : 2,
            "83456" : 3,
            "84480" : 1,
            "86528" : 1,
            "87552" : 1,
            "88576" : 2,
            "93696" : 2,
            "95744" : 1,
            "96768" : 1,
            "97792" : 2,
            "98816" : 1,
            "101888" : 1,
            "103936" : 1,
            "104960" : 1,
            "108032" : 1,
            "109056" : 1,
            "110080" : 2,
            "111104" : 1,
            "112128" : 3,
            "114176" : 1,
            "118272" : 1,
            "126464" : 1,
            "128512" : 1,
            "140288" : 1,
            "144384" : 1,
            "150528" : 1,
            "152576" : 1,
            "160768" : 1,
            "166912" : 2,
            "175104" : 1,
            "185344" : 1,
            "191488" : 1,
            "201728" : 1,
            "268288" : 1,
            "280576" : 1,
            "305152" : 1,
            "317440" : 1,
            "321536" : 1,
            "329728" : 1,
            "346112" : 1,
            "374784" : 1,
            "382976" : 1,
            "387072" : 1,
            "423936" : 2,
            "432128" : 1,
            "460800" : 2,
            "497664" : 1,
            "514048" : 1,
            "536576" : 1,
            "552960" : 1,
            "700416" : 1,
            "757760" : 1,
            "1925120" : 1,
            "2211840" : 1,
            "2408448" : 1,
            "2506752" : 1,
            "7372800" : 1
          }
        },
        "lat_ns" : {
          "min" : 1162,
          "max" : 7402681,
          "mean" : 2115.730548,
          "stddev" : 9441.791381,
          "N" : 913457,
          "percentile" : {
            "1.000000" : 1448,
            "5.000000" : 1480,
            "10.000000" : 1512,
            "20.000000" : 1528,
            "30.000000" : 1560,
            "40.000000" : 1624,
            "50.000000" : 2128,
            "60.000000" : 2192,
            "70.000000" : 2256,
            "80.000000" : 2320,
            "90.000000" : 2544,
            "95.000000" : 3184,
            "99.000000" : 5024,
            "99.500000" : 5728,
            "99.900000" : 10432,
            "99.950000" : 14656,
            "99.990000" : 60160
          },
          "bins" : {
            "1160" : 1,
            "1176" : 2,
            "1192" : 3,
            "1208" : 5,
            "1224" : 13,
            "1240" : 4,
            "1256" : 2,
            "1272" : 4,
            "1320" : 1,
            "1352" : 3,
            "1368" : 1,
            "1384" : 27,
            "1400" : 95,
            "1416" : 497,
            "1432" : 2091,
            "1448" : 6819,
            "1464" : 16627,
            "1480" : 26377,
            "1496" : 38104,
            "1512" : 48463,
            "1528" : 55741,
            "1544" : 53257,
            "1560" : 40835,
            "1576" : 30439,
            "1592" : 21336,
            "1608" : 15249,
            "1624" : 11158,
            "1640" : 8072,
            "1656" : 6271,
            "1672" : 4473,
            "1688" : 3349,
            "1704" : 2406,
            "1720" : 1638,
            "1736" : 1332,
            "1752" : 927,
            "1768" : 746,
            "1784" : 606,
            "1800" : 467,
            "1816" : 434,
            "1832" : 374,
            "1848" : 380,
            "1864" : 397,
            "1880" : 420,
            "1896" : 728,
            "1912" : 1007,
            "1928" : 1610,
            "1944" : 2128,
            "1960" : 2571,
            "1976" : 2992,
            "1992" : 2954,
            "2008" : 2793,
            "2024" : 2572,
            "2040" : 2200,
            "2064" : 4922,
            "2096" : 9957,
            "2128" : 22534,
            "2160" : 39735,
            "2192" : 56014,
            "2224" : 61778,
            "2256" : 56893,
            "2288" : 43593,
            "2320" : 30268,
            "2352" : 20190,
            "2384" : 14455,
            "2416" : 11801,
            "2448" : 10290,
            "2480" : 8685,
            "2512" : 6568,
            "2544" : 4678,
            "2576" : 3604,
            "2608" : 2934,
            "2640" : 2358,
            "2672" : 2110,
            "2704" : 1860,
            "2736" : 1722,
            "2768" : 1678,
            "2800" : 1518,
            "2832" : 1477,
            "2864" : 1462,
            "2896" : 1363,
            "2928" : 1184,
            "2960" : 1144,
            "2992" : 1274,
            "3024" : 1708,
            "3056" : 2630,
            "3088" : 3713,
            "3120" : 4334,
            "3152" : 4572,
            "3184" : 4181,
            "3216" : 3305,
            "3248" : 2408,
            "3280" : 1640,
            "3312" : 1294,
            "3344" : 979,
            "3376" : 831,
            "3408" : 693,
            "3440" : 584,
            "3472" : 541,
            "3504" : 491,
            "3536" : 498,
            "3568" : 495,
            "3600" : 461,
            "3632" : 463,
            "3664" : 472,
            "3696" : 504,
            "3728" : 507,
            "3760" : 514,
            "3792" : 537,
            "3824" : 535,
            "3856" : 527,
            "3888" : 539,
            "3920" : 573,
            "3952" : 538,
            "3984" : 582,
            "4016" : 597,
            "4048" : 581,
            "4080" : 593,
            "4128" : 1103,
            "4192" : 985,
            "4256" : 1001,
            "4320" : 978,
            "4384" : 846,
            "4448" : 846,
            "4512" : 810,
            "4576" : 766,
            "4640" : 796,
            "4704" : 737,
            "4768" : 683,
            "4832" : 678,
            "4896" : 661,
            "4960" : 603,
            "5024" : 572,
            "5088" : 522,
            "5152" : 535,
            "5216" : 489,
            "5280" : 429,
            "5344" : 420,
            "5408" : 444,
            "5472" : 355,
            "5536" : 382,
            "5600" : 346,
            "5664" : 329,
            "5728" : 301,
            "5792" : 236,
            "5856" : 219,
            "5920" : 216,
            "5984" : 199,
            "6048" : 194,
            "6112" : 162,
            "6176" : 170,
            "6240" : 119,
            "6304" : 125,
            "6368" : 111,
            "6432" : 108,
            "6496" : 102,
            "6560" : 96,
            "6624" : 90,
            "6688" : 85,
            "6752" : 74,
            "6816" : 55,
            "6880" : 66,
            "6944" : 55,
            "7008" : 51,
            "7072" : 50,
            "7136" : 49,
            "7200" : 42,
            "7264" : 48,
            "7328" : 39,
            "7392" : 29,
            "7456" : 26,
            "7520" : 28,
            "7584" : 31,
            "7648" : 23,
            "7712" : 25,
            "7776" : 16,
            "7840" : 18,
            "7904" : 18,
            "7968" : 18,
            "8032" : 14,
            "8096" : 26,
            "8160" : 14,
            "8256" : 33,
            "8384" : 33,
            "8512" : 24,
            "8640" : 27,
            "8768" : 28,
            "8896" : 20,
            "9024" : 17,
            "9152" : 25,
            "9280" : 18,
            "9408" : 29,
            "9536" : 25,
            "9664" : 19,
            "9792" : 23,
            "9920" : 21,
            "10048" : 16,
            "10176" : 25,
            "10304" : 24,
            "10432" : 15,
            "10560" : 22,
            "10688" : 20,
            "10816" : 14,
            "10944" : 16,
            "11072" : 22,
            "11200" : 15,
            "11328" : 9,
            "11456" : 16,
            "11584" : 13,
            "11712" : 20,
            "11840" : 18,
            "11968" : 17,
            "12096" : 14,
            "12224" : 9,
            "12352" : 10,
            "12480" : 16,
            "12608" : 13,
            "12736" : 15,
            "12864" : 11,
            "12992" : 14,
            "13120" : 10,
            "13248" : 13,
            "13376" : 14,
            "13504" : 8,
            "13632" : 12,
            "13760" : 14,
            "13888" : 11,
            "14016" : 7,
            "14144" : 14,
            "14272" : 12,
            "14400" : 11,
            "14528" : 9,
            "14656" : 9,
            "14784" : 8,
            "14912" : 5,
            "15040" : 3,
            "15168" : 8,
            "15296" : 10,
            "15424" : 14,
            "15552" : 10,
            "15680" : 7,
            "15808" : 6,
            "15936" : 8,
            "16064" : 11,
            "16192" : 7,
            "16320" : 6,
            "16512" : 13,
            "16768" : 10,
            "17024" : 13,
            "17280" : 9,
            "17536" : 13,
            "17792" : 6,
            "18048" : 8,
            "18304" : 8,
            "18560" : 8,
            "18816" : 9,
            "19072" : 2,
            "19328" : 6,
            "19584" : 4,
            "19840" : 2,
            "20096" : 4,
            "20352" : 5,
            "20608" : 6,
            "20864" : 5,
            "21120" : 3,
            "21376" : 6,
            "21632" : 5,
            "21888" : 3,
            "22144" : 3,
            "22400" : 2,
            "22656" : 1,
            "22912" : 2,
            "23168" : 2,
            "23424" : 4,
            "23680" : 1,
            "23936" : 3,
            "24192" : 4,
            "24448" : 2,
            "24704" : 3,
            "24960" : 2,
            "25216" : 1,
            "25472" : 3,
            "25728" : 2,
            "26240" : 1,
            "26752" : 3,
            "27008" : 1,
            "27776" : 2,
            "28032" : 2,
            "28288" : 1,
            "29312" : 1,
            "29568" : 1,
            "29824" : 1,
            "30080" : 3,
            "30336" : 2,
            "31104" : 1,
            "31360" : 2,
            "31616" : 1,
            "31872" : 1,
            "32128" : 3,
            "32384" : 2,
            "32640" : 1,
            "33024" : 2,
            "33536" : 2,
            "34048" : 2,
            "35072" : 2,
            "36096" : 3,
            "37632" : 2,
            "38144" : 2,
            "38656" : 1,
            "39168" : 1,
            "39680" : 1,
            "40192" : 1,
            "41216" : 1,
            "41728" : 2,
            "42240" : 3,
            "43264" : 2,
            "43776" : 1,
            "45312" : 1,
            "45824" : 2,
            "47360" : 2,
            "47872" : 1,
            "48896" : 1,
            "49408" : 2,
            "49920" : 1,
            "50432" : 1,
            "50944" : 1,
            "52992" : 1,
            "54528" : 1,
            "55040" : 1,
            "55552" : 1,
            "56064" : 1,
            "58624" : 1,
            "60160" : 1,
            "60672" : 1,
            "62720" : 1,
            "65280" : 1,
            "66048" : 1,
            "69120" : 2,
            "70144" : 2,
            "71168" : 1,
            "72192" : 2,
            "73216" : 2,
            "74240" : 2,
            "75264" : 2,
            "77312" : 1,
            "80384" : 1,
            "81408" : 2,
            "83456" : 2,
            "84480" : 2,
            "86528" : 1,
            "87552" : 1,
            "88576" : 2,
            "93696" : 1,
            "94720" : 1,
            "95744" : 1,
            "96768" : 1,
            "97792" : 2,
            "98816" : 1,
            "101888" : 1,
            "103936" : 1,
            "104960" : 1,
            "107008" : 1,
            "108032" : 1,
            "109056" : 1,
            "110080" : 2,
            "111104" : 1,
            "112128" : 1,
            "113152" : 2,
            "114176" : 1,
            "118272" : 1,
            "126464" : 1,
            "128512" : 1,
            "132096" : 1,
            "140288" : 1,
            "144384" : 1,
            "150528" : 1,
            "154624" : 1,
            "162816" : 1,
            "166912" : 2,
            "175104" : 1,
            "187392" : 1,
            "191488" : 1,
            "201728" : 1,
            "268288" : 1,
            "280576" : 1,
            "305152" : 1,
            "317440" : 1,
            "321536" : 1,
            "329728" : 1,
            "346112" : 1,
            "374784" : 1,
            "382976" : 2,
            "387072" : 1,
            "423936" : 2,
            "432128" : 1,
            "460800" : 2,
            "497664" : 1,
            "514048" : 1,
            "536576" : 1,
            "552960" : 1,
            "757760" : 1,
            "929792" : 1,
            "1925120" : 1,
            "2211840" : 1,
            "2408448" : 1,
            "2506752" : 1,
            "7372800" : 1
          }
        },
        "bw_min" : 212104,
        "bw_max" : 336664,
        "bw_agg" : 99.996184,
        "bw_mean" : 243563.310345,
        "bw_dev" : 21347.613800,
        "bw_samples" : 29,
        "iops_min" : 53026,
        "iops_max" : 84166,
        "iops_mean" : 60890.827586,
        "iops_stddev" : 5336.903450,
        "iops_samples" : 29
      },
      "trim" : {
        "io_bytes" : 0,
        "io_kbytes" : 0,
        "bw_bytes" : 0,
        "bw" : 0,
        "iops" : 0.000000,
        "runtime" : 0,
        "total_ios" : 0,
        "short_ios" : 0,
        "drop_ios" : 0,
        "slat_ns" : {
          "min" : 0,
          "max" : 0,
          "mean" : 0.000000,
          "stddev" : 0.000000,
          "N" : 0
        },
        "clat_ns" : {
          "min" : 0,
          "max" : 0,
          "mean" : 0.000000,
          "stddev" : 0.000000,
          "N" : 0
        },
        "lat_ns" : {
          "min" : 0,
          "max" : 0,
          "mean" : 0.000000,
          "stddev" : 0.000000,
          "N" : 0
        },
        "bw_min" : 0,
        "bw_max" : 0,
        "bw_agg" : 0.000000,
        "bw_mean" : 0.000000,
        "bw_dev" : 0.000000,
        "bw_samples" : 0,
        "iops_min" : 0,
        "iops_max" : 0,
        "iops_mean" : 0.000000,
        "iops_stddev" : 0.000000,
        "iops_samples" : 0
      },
      "sync" : {
        "total_ios" : 0,
        "lat_ns" : {
          "min" : 0,
          "max" : 0,
          "mean" : 0.000000,
          "stddev" : 0.000000,
          "N" : 0
        }
      },
      "job_runtime" : 15000,
      "usr_cpu" : 12.046667,
      "sys_cpu" : 59.893333,
      "ctx" : 921281,
      "majf" : 0,
      "minf" : 19,
      "iodepth_level" : {
        "1" : 100.000000,
        "2" : 0.000000,
        "4" : 0.000000,
        "8" : 0.000000,
        "16" : 0.000000,
        "32" : 0.000000,
        ">=64" : 0.000000
      },
      "iodepth_submit" : {
        "0" : 0.000000,
        "4" : 100.000000,
        "8" : 0.000000,
        "16" : 0.000000,
        "32" : 0.000000,
        "64" : 0.000000,
        ">=64" : 0.000000
      },
      "iodepth_complete" : {
        "0" : 0.000000,
        "4" : 100.000000,
        "8" : 0.000000,
        "16" : 0.000000,
        "32" : 0.000000,
        "64" : 0.000000,
        ">=64" : 0.000000
      },
      "latency_ns" : {
        "2" : 0.000000,
        "4" : 0.000000,
        "10" : 0.000000,
        "20" : 0.000000,
        "50" : 0.000000,
        "100" : 0.000000,
        "250" : 0.000000,
        "500" : 0.000000,
        "750" : 0.010000,
        "1000" : 0.010000
      },
      "latency_us" : {
        "2" : 23.232195,
        "4" : 25.626076,
        "10" : 20.088700,
        "20" : 30.451469,
        "50" : 0.553486,
        "100" : 0.022041,
        "250" : 0.011212,
        "500" : 0.010000,
        "750" : 0.010000,
        "1000" : 0.010000
      },
      "latency_ms" : {
        "2" : 0.010000,
        "4" : 0.010000,
        "10" : 0.010000,
        "20" : 0.000000,
        "50" : 0.000000,
        "100" : 0.000000,
        "250" : 0.000000,
        "500" : 0.000000,
        "750" : 0.000000,
        "1000" : 0.000000,
        "2000" : 0.000000,
        ">=2000" : 0.000000
      },
      "latency_depth" : 128,
      "latency_target" : 0,
      "latency_percentile" : 100.000000,
      "latency_window" : 0
    }
  ],
  "disk_util" : [
    {
      "name" : "loop25",
      "read_ios" : 908490,
      "write_ios" : 907065,
      "read_merges" : 0,
      "write_merges" : 0,
      "read_ticks" : 6543,
      "write_ticks" : 24103,
      "in_queue" : 0,
      "util" : 99.352859
    }
  ]
}
