{
  "fio version" : "fio-3.32-36-g5932",
  "timestamp" : 1664205527,
  "timestamp_ms" : 1664205527956,
  "time" : "Mon Sep 26 17:18:47 2022",
  "global options" : {
    "size" : "64K",
    "rw" : "randrw",
    "bs" : "4K",
    "numjobs" : "1",
    "iodepth" : "128",
    "runtime" : "300",
    "end_fsync" : "1",
    "lat_percentiles" : "1",
    "slat_percentiles" : "1",
    "clat_percentiles" : "1"
  },
  "jobs" : [
    {
      "jobname" : "random-rw",
      "groupid" : 0,
      "error" : 0,
      "eta" : 0,
      "elapsed" : 301,
      "job options" : {
        "name" : "random-rw"
      },
      "read" : {
        "io_bytes" : 73381113856,
        "io_kbytes" : 71661244,
        "bw_bytes" : 244602897,
        "bw" : 238870,
        "iops" : 59717.504275,
        "runtime" : 300001,
        "total_ios" : 17915311,
        "short_ios" : 0,
        "drop_ios" : 0,
        "slat_ns" : {
          "min" : 0,
          "max" : 0,
          "mean" : 0.000000,
          "stddev" : 0.000000,
          "N" : 0
        },
        "clat_ns" : {
          "min" : 650,
          "max" : 7271955,
          "mean" : 10541.008350,
          "stddev" : 11812.649818,
          "N" : 17915311,
          "percentile" : {
            "1.000000" : 1080,
            "5.000000" : 9152,
            "10.000000" : 9280,
            "20.000000" : 9536,
            "30.000000" : 9792,
            "40.000000" : 10176,
            "50.000000" : 10304,
            "60.000000" : 10432,
            "70.000000" : 10688,
            "80.000000" : 11072,
            "90.000000" : 11456,
            "95.000000" : 12096,
            "99.000000" : 18816,
            "99.500000" : 21888,
            "99.900000" : 37120,
            "99.950000" : 62208,
            "99.990000" : 288768
          },
          "bins" : {
            "652" : 5,
            "660" : 14,
            "668" : 40,
            "676" : 63,
            "684" : 107,
            "692" : 116,
            "700" : 188,
            "708" : 305,
            "716" : 499,
            "724" : 962,
            "732" : 1749,
            "740" : 2722,
            "748" : 3950,
            "756" : 4872,
            "764" : 6388,
            "772" : 7349,
            "780" : 7962,
            "788" : 8237,
            "796" : 8122,
            "804" : 8369,
            "812" : 7927,
            "820" : 7917,
            "828" : 7458,
            "836" : 6519,
            "844" : 6135,
            "852" : 5690,
            "860" : 5202,
            "868" : 4854,
            "876" : 4478,
            "884" : 4611,
            "892" : 4553,
            "900" : 4586,
            "908" : 4563,
            "916" : 4317,
            "924" : 4543,
            "932" : 4329,
            "940" : 4092,
            "948" : 3745,
            "956" : 3162,
            "964" : 2782,
            "972" : 2428,
            "980" : 2023,
            "988" : 1709,
            "996" : 1316,
            "1004" : 1114,
            "1012" : 997,
            "1020" : 821,
            "1032" : 1305,
            "1048" : 1353,
            "1064" : 1243,
            "1080" : 1398,
            "1096" : 1403,
            "1112" : 1333,
            "1128" : 1358,
            "1144" : 1175,
            "1160" : 1038,
            "1176" : 987,
            "1192" : 832,
            "1208" : 729,
            "1224" : 692,
            "1240" : 627,
            "1256" : 577,
            "1272" : 527,
            "1288" : 503,
            "1304" : 436,
            "1320" : 401,
            "1336" : 364,
            "1352" : 354,
            "1368" : 344,
            "1384" : 307,
            "1400" : 269,
            "1416" : 279,
            "1432" : 252,
            "1448" : 187,
            "1464" : 222,
            "1480" : 179,
            "1496" : 164,
            "1512" : 163,
            "1528" : 177,
            "1544" : 125,
            "1560" : 131,
            "1576" : 156,
            "1592" : 137,
            "1608" : 98,
            "1624" : 96,
            "1640" : 116,
            "1656" : 106,
            "1672" : 83,
            "1688" : 88,
            "1704" : 83,
            "1720" : 75,
            "1736" : 74,
            "1752" : 52,
            "1768" : 61,
            "1784" : 62,
            "1800" : 65,
            "1816" : 50,
            "1832" : 40,
            "1848" : 37,
            "1864" : 57,
            "1880" : 37,
            "1896" : 34,
            "1912" : 42,
            "1928" : 36,
            "1944" : 46,
            "1960" : 37,
            "1976" : 39,
            "1992" : 37,
            "2008" : 32,
            "2024" : 37,
            "2040" : 51,
            "2064" : 93,
            "2096" : 84,
            "2128" : 67,
            "2160" : 67,
            "2192" : 45,
            "2224" : 36,
            "2256" : 31,
            "2288" : 34,
            "2320" : 33,
            "2352" : 25,
            "2384" : 33,
            "2416" : 24,
            "2448" : 26,
            "2480" : 18,
            "2512" : 23,
            "2544" : 16,
            "2576" : 17,
            "2608" : 16,
            "2640" : 13,
            "2672" : 16,
            "2704" : 16,
            "2736" : 10,
            "2768" : 13,
            "2800" : 15,
            "2832" : 3,
            "2864" : 9,
            "2896" : 10,
            "2928" : 9,
            "2960" : 3,
            "2992" : 15,
            "3024" : 7,
            "3056" : 11,
            "3088" : 11,
            "3120" : 6,
            "3152" : 6,
            "3184" : 4,
            "3216" : 3,
            "3248" : 1,
            "3280" : 1,
            "3312" : 8,
            "3344" : 2,
            "3376" : 5,
            "3408" : 6,
            "3440" : 10,
            "3472" : 6,
            "3504" : 5,
            "3536" : 3,
            "3568" : 10,
            "3600" : 10,
            "3632" : 7,
            "3664" : 7,
            "3696" : 10,
            "3728" : 15,
            "3760" : 9,
            "3792" : 6,
            "3824" : 6,
            "3856" : 7,
            "3888" : 7,
            "3920" : 5,
            "3952" : 13,
            "3984" : 11,
            "4016" : 4,
            "4048" : 10,
            "4080" : 3,
            "4128" : 15,
            "4192" : 8,
            "4256" : 9,
            "4320" : 18,
            "4384" : 9,
            "4448" : 14,
            "4512" : 2,
            "4576" : 7,
            "4640" : 9,
            "4704" : 1,
            "4768" : 8,
            "4832" : 7,
            "4896" : 10,
            "4960" : 9,
            "5024" : 4,
            "5088" : 9,
            "5152" : 5,
            "5216" : 6,
            "5280" : 3,
            "5344" : 7,
            "5408" : 4,
            "5472" : 4,
            "5536" : 2,
            "5600" : 6,
            "5664" : 4,
            "5728" : 1,
            "5792" : 5,
            "5856" : 2,
            "5920" : 51,
            "5984" : 1969,
            "6048" : 14968,
            "6112" : 33255,
            "6176" : 35485,
            "6240" : 36336,
            "6304" : 32939,
            "6368" : 24108,
            "6432" : 14573,
            "6496" : 8339,
            "6560" : 4614,
            "6624" : 2380,
            "6688" : 1166,
            "6752" : 663,
            "6816" : 419,
            "6880" : 597,
            "6944" : 1650,
            "7008" : 3051,
            "7072" : 3959,
            "7136" : 4857,
            "7200" : 5610,
            "7264" : 6204,
            "7328" : 6424,
            "7392" : 5527,
            "7456" : 4111,
            "7520" : 2619,
            "7584" : 1575,
            "7648" : 1034,
            "7712" : 652,
            "7776" : 511,
            "7840" : 399,
            "7904" : 298,
            "7968" : 230,
            "8032" : 204,
            "8096" : 176,
            "8160" : 147,
            "8256" : 275,
            "8384" : 298,
            "8512" : 251,
            "8640" : 305,
            "8768" : 2282,
            "8896" : 32137,
            "9024" : 220219,
            "9152" : 519552,
            "9280" : 784499,
            "9408" : 1119080,
            "9536" : 999574,
            "9664" : 796579,
            "9792" : 462321,
            "9920" : 242733,
            "10048" : 551773,
            "10176" : 1421348,
            "10304" : 2010874,
            "10432" : 1740064,
            "10560" : 1006185,
            "10688" : 457872,
            "10816" : 309528,
            "10944" : 559879,
            "11072" : 907379,
            "11200" : 912164,
            "11328" : 599578,
            "11456" : 297148,
            "11584" : 130529,
            "11712" : 81855,
            "11840" : 109812,
            "11968" : 146754,
            "12096" : 144612,
            "12224" : 95210,
            "12352" : 50651,
            "12480" : 32401,
            "12608" : 26475,
            "12736" : 23888,
            "12864" : 22159,
            "12992" : 20921,
            "13120" : 19804,
            "13248" : 18465,
            "13376" : 17508,
            "13504" : 16718,
            "13632" : 15750,
            "13760" : 14886,
            "13888" : 14128,
            "14016" : 13590,
            "14144" : 13109,
            "14272" : 12312,
            "14400" : 12213,
            "14528" : 11708,
            "14656" : 11318,
            "14784" : 10828,
            "14912" : 10469,
            "15040" : 10463,
            "15168" : 10126,
            "15296" : 9764,
            "15424" : 9574,
            "15552" : 9357,
            "15680" : 9297,
            "15808" : 8989,
            "15936" : 8960,
            "16064" : 8623,
            "16192" : 8429,
            "16320" : 8095,
            "16512" : 15097,
            "16768" : 14055,
            "17024" : 13041,
            "17280" : 12358,
            "17536" : 12146,
            "17792" : 12158,
            "18048" : 11733,
            "18304" : 11557,
            "18560" : 11293,
            "18816" : 10870,
            "19072" : 10295,
            "19328" : 9829,
            "19584" : 9138,
            "19840" : 8550,
            "20096" : 8100,
            "20352" : 7505,
            "20608" : 7013,
            "20864" : 6602,
            "21120" : 6084,
            "21376" : 5613,
            "21632" : 5195,
            "21888" : 4857,
            "22144" : 4560,
            "22400" : 4240,
            "22656" : 3866,
            "22912" : 3749,
            "23168" : 3500,
            "23424" : 3169,
            "23680" : 2958,
            "23936" : 2800,
            "24192" : 2702,
            "24448" : 2655,
            "24704" : 2352,
            "24960" : 2262,
            "25216" : 2290,
            "25472" : 2175,
            "25728" : 2006,
            "25984" : 1809,
            "26240" : 1775,
            "26496" : 1663,
            "26752" : 1578,
            "27008" : 1450,
            "27264" : 1337,
            "27520" : 1215,
            "27776" : 1068,
            "28032" : 1003,
            "28288" : 906,
            "28544" : 742,
            "28800" : 740,
            "29056" : 643,
            "29312" : 602,
            "29568" : 579,
            "29824" : 546,
            "30080" : 491,
            "30336" : 436,
            "30592" : 462,
            "30848" : 445,
            "31104" : 404,
            "31360" : 378,
            "31616" : 339,
            "31872" : 383,
            "32128" : 322,
            "32384" : 324,
            "32640" : 315,
            "33024" : 641,
            "33536" : 550,
            "34048" : 492,
            "34560" : 431,
            "35072" : 432,
            "35584" : 429,
            "36096" : 396,
            "36608" : 373,
            "37120" : 371,
            "37632" : 392,
            "38144" : 341,
            "38656" : 336,
            "39168" : 320,
            "39680" : 344,
            "40192" : 342,
            "40704" : 314,
            "41216" : 323,
            "41728" : 280,
            "42240" : 288,
            "42752" : 277,
            "43264" : 277,
            "43776" : 258,
            "44288" : 240,
            "44800" : 246,
            "45312" : 226,
            "45824" : 218,
            "46336" : 178,
            "46848" : 194,
            "47360" : 192,
            "47872" : 212,
            "48384" : 157,
            "48896" : 170,
            "49408" : 132,
            "49920" : 155,
            "50432" : 126,
            "50944" : 108,
            "51456" : 112,
            "51968" : 113,
            "52480" : 109,
            "52992" : 104,
            "53504" : 111,
            "54016" : 85,
            "54528" : 99,
            "55040" : 84,
            "55552" : 89,
            "56064" : 84,
            "56576" : 100,
            "57088" : 81,
            "57600" : 86,
            "58112" : 78,
            "58624" : 84,
            "59136" : 83,
            "59648" : 82,
            "60160" : 85,
            "60672" : 83,
            "61184" : 74,
            "61696" : 81,
            "62208" : 89,
            "62720" : 83,
            "63232" : 76,
            "63744" : 76,
            "64256" : 88,
            "64768" : 97,
            "65280" : 99,
            "66048" : 173,
            "67072" : 169,
            "68096" : 181,
            "69120" : 195,
            "70144" : 170,
            "71168" : 158,
            "72192" : 253,
            "73216" : 350,
            "74240" : 454,
            "75264" : 391,
            "76288" : 270,
            "77312" : 197,
            "78336" : 114,
            "79360" : 102,
            "80384" : 75,
            "81408" : 96,
            "82432" : 73,
            "83456" : 75,
            "84480" : 86,
            "85504" : 64,
            "86528" : 65,
            "87552" : 79,
            "88576" : 75,
            "89600" : 73,
            "90624" : 71,
            "91648" : 69,
            "92672" : 53,
            "93696" : 59,
            "94720" : 46,
            "95744" : 41,
            "96768" : 33,
            "97792" : 38,
            "98816" : 36,
            "99840" : 29,
            "100864" : 39,
            "101888" : 30,
            "102912" : 35,
            "103936" : 31,
            "104960" : 30,
            "105984" : 32,
            "107008" : 27,
            "108032" : 40,
            "109056" : 26,
            "110080" : 27,
            "111104" : 26,
            "112128" : 30,
            "113152" : 28,
            "114176" : 27,
            "115200" : 15,
            "116224" : 28,
            "117248" : 28,
            "118272" : 31,
            "119296" : 32,
            "120320" : 22,
            "121344" : 25,
            "122368" : 13,
            "123392" : 24,
            "124416" : 21,
            "125440" : 20,
            "126464" : 11,
            "127488" : 22,
            "128512" : 13,
            "129536" : 22,
            "130560" : 17,
            "132096" : 51,
            "134144" : 41,
            "136192" : 42,
            "138240" : 35,
            "140288" : 37,
            "142336" : 57,
            "144384" : 23,
            "146432" : 35,
            "148480" : 28,
            "150528" : 31,
            "152576" : 21,
            "154624" : 15,
            "156672" : 26,
            "158720" : 16,
            "160768" : 19,
            "162816" : 16,
            "164864" : 12,
            "166912" : 9,
            "168960" : 17,
            "171008" : 21,
            "173056" : 11,
            "175104" : 9,
            "177152" : 5,
            "179200" : 11,
            "181248" : 7,
            "183296" : 4,
            "185344" : 9,
            "187392" : 12,
            "189440" : 5,
            "191488" : 17,
            "193536" : 14,
            "195584" : 15,
            "197632" : 13,
            "199680" : 12,
            "201728" : 34,
            "203776" : 36,
            "205824" : 35,
            "207872" : 39,
            "209920" : 32,
            "211968" : 25,
            "214016" : 32,
            "216064" : 24,
            "218112" : 37,
            "220160" : 22,
            "222208" : 23,
            "224256" : 21,
            "226304" : 17,
            "228352" : 31,
            "230400" : 21,
            "232448" : 21,
            "234496" : 18,
            "236544" : 16,
            "238592" : 10,
            "240640" : 12,
            "242688" : 13,
            "244736" : 11,
            "246784" : 7,
            "248832" : 9,
            "250880" : 8,
            "252928" : 7,
            "254976" : 10,
            "257024" : 5,
            "259072" : 9,
            "261120" : 8,
            "264192" : 20,
            "268288" : 19,
            "272384" : 28,
            "276480" : 27,
            "280576" : 29,
            "284672" : 35,
            "288768" : 32,
            "292864" : 37,
            "296960" : 38,
            "301056" : 36,
            "305152" : 25,
            "309248" : 20,
            "313344" : 19,
            "317440" : 14,
            "321536" : 22,
            "325632" : 21,
            "329728" : 24,
            "333824" : 32,
            "337920" : 18,
            "342016" : 13,
            "346112" : 23,
            "350208" : 19,
            "354304" : 28,
            "358400" : 31,
            "362496" : 28,
            "366592" : 15,
            "370688" : 21,
            "374784" : 16,
            "378880" : 8,
            "382976" : 7,
            "387072" : 4,
            "391168" : 13,
            "395264" : 11,
            "399360" : 13,
            "403456" : 20,
            "407552" : 18,
            "411648" : 24,
            "415744" : 38,
            "419840" : 27,
            "423936" : 36,
            "428032" : 27,
            "432128" : 22,
            "436224" : 14,
            "440320" : 18,
            "444416" : 17,
            "448512" : 10,
            "452608" : 11,
            "456704" : 10,
            "460800" : 8,
            "464896" : 5,
            "468992" : 5,
            "473088" : 4,
            "477184" : 8,
            "481280" : 4,
            "485376" : 8,
            "489472" : 4,
            "493568" : 4,
            "497664" : 4,
            "501760" : 8,
            "505856" : 9,
            "509952" : 4,
            "514048" : 12,
            "518144" : 8,
            "522240" : 8,
            "528384" : 14,
            "536576" : 8,
            "544768" : 14,
            "552960" : 12,
            "561152" : 8,
            "569344" : 8,
            "577536" : 3,
            "585728" : 13,
            "593920" : 10,
            "602112" : 9,
            "610304" : 10,
            "618496" : 14,
            "626688" : 8,
            "634880" : 9,
            "643072" : 14,
            "651264" : 10,
            "659456" : 17,
            "667648" : 12,
            "675840" : 14,
            "684032" : 12,
            "692224" : 14,
            "700416" : 22,
            "708608" : 17,
            "716800" : 13,
            "724992" : 16,
            "733184" : 14,
            "741376" : 18,
            "749568" : 12,
            "757760" : 19,
            "765952" : 9,
            "774144" : 7,
            "782336" : 7,
            "790528" : 11,
            "798720" : 6,
            "806912" : 10,
            "815104" : 6,
            "823296" : 10,
            "831488" : 6,
            "839680" : 5,
            "847872" : 6,
            "856064" : 8,
            "864256" : 5,
            "872448" : 4,
            "880640" : 6,
            "888832" : 3,
            "897024" : 8,
            "905216" : 1,
            "913408" : 1,
            "921600" : 3,
            "929792" : 1,
            "937984" : 2,
            "946176" : 3,
            "954368" : 1,
            "962560" : 1,
            "978944" : 3,
            "987136" : 1,
            "995328" : 5,
            "1003520" : 2,
            "1011712" : 1,
            "1019904" : 3,
            "1028096" : 4,
            "1036288" : 1,
            "1044480" : 1,
            "1056768" : 5,
            "1073152" : 5,
            "1089536" : 1,
            "1105920" : 3,
            "1122304" : 4,
            "1138688" : 1,
            "1155072" : 4,
            "1187840" : 1,
            "1204224" : 1,
            "1220608" : 2,
            "1253376" : 1,
            "1302528" : 2,
            "1318912" : 2,
            "1335296" : 2,
            "1351680" : 1,
            "1368064" : 1,
            "1384448" : 3,
            "1417216" : 1,
            "1449984" : 1,
            "1515520" : 3,
            "1531904" : 2,
            "1548288" : 3,
            "1564672" : 8,
            "1581056" : 17,
            "1597440" : 6,
            "1613824" : 7,
            "1630208" : 4,
            "1646592" : 3,
            "1662976" : 2,
            "1679360" : 3,
            "1695744" : 2,
            "1712128" : 3,
            "1728512" : 1,
            "1744896" : 4,
            "1777664" : 1,
            "1794048" : 2,
            "1810432" : 2,
            "1826816" : 5,
            "1843200" : 2,
            "1859584" : 2,
            "1875968" : 2,
            "1892352" : 2,
            "1908736" : 3,
            "1925120" : 1,
            "1941504" : 3,
            "1974272" : 4,
            "1990656" : 5,
            "2007040" : 1,
            "2039808" : 2,
            "2113536" : 3,
            "2310144" : 2,
            "2375680" : 2,
            "2408448" : 1,
            "2473984" : 1,
            "2539520" : 2,
            "2637824" : 1,
            "2670592" : 1,
            "2736128" : 18,
            "2768896" : 27,
            "2801664" : 33,
            "2834432" : 14,
            "2867200" : 3,
            "2899968" : 2,
            "2932736" : 3,
            "2965504" : 2,
            "3031040" : 1,
            "3063808" : 1,
            "3096576" : 2,
            "3129344" : 3,
            "3162112" : 5,
            "3358720" : 2,
            "3391488" : 1,
            "3457024" : 1,
            "3522560" : 1,
            "3653632" : 1,
            "3686400" : 1,
            "3850240" : 2,
            "3883008" : 1,
            "3948544" : 2,
            "4112384" : 1,
            "4145152" : 2,
            "4292608" : 1,
            "4423680" : 1,
            "4620288" : 1,
            "4882432" : 1,
            "5144576" : 1,
            "5734400" : 1,
            "6389760" : 1,
            "6651904" : 1,
            "6979584" : 2,
            "7241728" : 1
          }
        },
        "lat_ns" : {
          "min" : 680,
          "max" : 7272023,
          "mean" : 10597.507911,
          "stddev" : 11870.917096,
          "N" : 17915311,
          "percentile" : {
            "1.000000" : 1192,
            "5.000000" : 9152,
            "10.000000" : 9408,
            "20.000000" : 9536,
            "30.000000" : 9920,
            "40.000000" : 10304,
            "50.000000" : 10432,
            "60.000000" : 10432,
            "70.000000" : 10688,
            "80.000000" : 11200,
            "90.000000" : 11456,
            "95.000000" : 12224,
            "99.000000" : 19072,
            "99.500000" : 22144,
            "99.900000" : 37120,
            "99.950000" : 62720,
            "99.990000" : 288768
          },
          "bins" : {
            "684" : 5,
            "692" : 15,
            "700" : 36,
            "708" : 59,
            "716" : 97,
            "724" : 115,
            "732" : 170,
            "740" : 274,
            "748" : 508,
            "756" : 840,
            "764" : 1604,
            "772" : 2505,
            "780" : 3669,
            "788" : 4886,
            "796" : 5652,
            "804" : 6991,
            "812" : 7653,
            "820" : 7956,
            "828" : 8114,
            "836" : 7866,
            "844" : 7936,
            "852" : 7459,
            "860" : 7469,
            "868" : 6763,
            "876" : 5760,
            "884" : 5244,
            "892" : 4651,
            "900" : 4143,
            "908" : 3678,
            "916" : 3357,
            "924" : 3429,
            "932" : 3449,
            "940" : 3607,
            "948" : 3532,
            "956" : 3720,
            "964" : 3946,
            "972" : 3867,
            "980" : 4006,
            "988" : 3852,
            "996" : 3625,
            "1004" : 3507,
            "1012" : 3184,
            "1020" : 2935,
            "1032" : 4345,
            "1048" : 3260,
            "1064" : 2205,
            "1080" : 1480,
            "1096" : 1097,
            "1112" : 943,
            "1128" : 856,
            "1144" : 865,
            "1160" : 859,
            "1176" : 976,
            "1192" : 1015,
            "1208" : 1004,
            "1224" : 1043,
            "1240" : 999,
            "1256" : 1008,
            "1272" : 946,
            "1288" : 875,
            "1304" : 900,
            "1320" : 790,
            "1336" : 807,
            "1352" : 706,
            "1368" : 614,
            "1384" : 569,
            "1400" : 504,
            "1416" : 458,
            "1432" : 428,
            "1448" : 391,
            "1464" : 339,
            "1480" : 289,
            "1496" : 229,
            "1512" : 243,
            "1528" : 247,
            "1544" : 208,
            "1560" : 200,
            "1576" : 191,
            "1592" : 145,
            "1608" : 170,
            "1624" : 155,
            "1640" : 140,
            "1656" : 132,
            "1672" : 124,
            "1688" : 119,
            "1704" : 109,
            "1720" : 119,
            "1736" : 119,
            "1752" : 109,
            "1768" : 95,
            "1784" : 88,
            "1800" : 81,
            "1816" : 77,
            "1832" : 83,
            "1848" : 77,
            "1864" : 62,
            "1880" : 75,
            "1896" : 53,
            "1912" : 59,
            "1928" : 58,
            "1944" : 44,
            "1960" : 49,
            "1976" : 48,
            "1992" : 27,
            "2008" : 52,
            "2024" : 34,
            "2040" : 56,
            "2064" : 72,
            "2096" : 84,
            "2128" : 62,
            "2160" : 75,
            "2192" : 61,
            "2224" : 61,
            "2256" : 68,
            "2288" : 73,
            "2320" : 56,
            "2352" : 65,
            "2384" : 59,
            "2416" : 37,
            "2448" : 41,
            "2480" : 27,
            "2512" : 26,
            "2544" : 26,
            "2576" : 32,
            "2608" : 27,
            "2640" : 18,
            "2672" : 19,
            "2704" : 17,
            "2736" : 28,
            "2768" : 14,
            "2800" : 12,
            "2832" : 17,
            "2864" : 16,
            "2896" : 19,
            "2928" : 12,
            "2960" : 16,
            "2992" : 10,
            "3024" : 10,
            "3056" : 11,
            "3088" : 6,
            "3120" : 8,
            "3152" : 13,
            "3184" : 10,
            "3216" : 7,
            "3248" : 8,
            "3280" : 7,
            "3312" : 13,
            "3344" : 8,
            "3376" : 4,
            "3408" : 5,
            "3440" : 7,
            "3472" : 7,
            "3504" : 6,
            "3536" : 8,
            "3568" : 7,
            "3600" : 5,
            "3632" : 7,
            "3664" : 10,
            "3696" : 6,
            "3728" : 12,
            "3760" : 5,
            "3792" : 12,
            "3824" : 12,
            "3856" : 10,
            "3888" : 10,
            "3920" : 8,
            "3952" : 7,
            "3984" : 11,
            "4016" : 15,
            "4048" : 13,
            "4080" : 6,
            "4128" : 14,
            "4192" : 12,
            "4256" : 10,
            "4320" : 12,
            "4384" : 14,
            "4448" : 13,
            "4512" : 9,
            "4576" : 7,
            "4640" : 10,
            "4704" : 10,
            "4768" : 3,
            "4832" : 6,
            "4896" : 8,
            "4960" : 14,
            "5024" : 5,
            "5088" : 11,
            "5152" : 4,
            "5216" : 5,
            "5280" : 5,
            "5344" : 3,
            "5408" : 9,
            "5472" : 1,
            "5536" : 4,
            "5600" : 3,
            "5664" : 8,
            "5728" : 4,
            "5792" : 1,
            "5856" : 6,
            "5920" : 3,
            "5984" : 207,
            "6048" : 4647,
            "6112" : 21656,
            "6176" : 34518,
            "6240" : 36626,
            "6304" : 36107,
            "6368" : 30350,
            "6432" : 20891,
            "6496" : 12173,
            "6560" : 6958,
            "6624" : 3569,
            "6688" : 1799,
            "6752" : 912,
            "6816" : 565,
            "6880" : 444,
            "6944" : 813,
            "7008" : 2106,
            "7072" : 3430,
            "7136" : 3973,
            "7200" : 4198,
            "7264" : 4481,
            "7328" : 5059,
            "7392" : 5727,
            "7456" : 5442,
            "7520" : 4488,
            "7584" : 3207,
            "7648" : 2077,
            "7712" : 1293,
            "7776" : 903,
            "7840" : 619,
            "7904" : 483,
            "7968" : 364,
            "8032" : 327,
            "8096" : 250,
            "8160" : 209,
            "8256" : 335,
            "8384" : 299,
            "8512" : 269,
            "8640" : 292,
            "8768" : 1093,
            "8896" : 13135,
            "9024" : 106232,
            "9152" : 396360,
            "9280" : 671982,
            "9408" : 1031538,
            "9536" : 1086607,
            "9664" : 891115,
            "9792" : 601852,
            "9920" : 286286,
            "10048" : 310114,
            "10176" : 1058410,
            "10304" : 1902034,
            "10432" : 1974535,
            "10560" : 1287946,
            "10688" : 612716,
            "10816" : 293779,
            "10944" : 408864,
            "11072" : 780144,
            "11200" : 968627,
            "11328" : 730185,
            "11456" : 402414,
            "11584" : 193046,
            "11712" : 101092,
            "11840" : 94825,
            "11968" : 132594,
            "12096" : 149483,
            "12224" : 119283,
            "12352" : 73098,
            "12480" : 43837,
            "12608" : 31252,
            "12736" : 26243,
            "12864" : 23771,
            "12992" : 21813,
            "13120" : 20543,
            "13248" : 19173,
            "13376" : 18109,
            "13504" : 16997,
            "13632" : 16278,
            "13760" : 15200,
            "13888" : 14482,
            "14016" : 13786,
            "14144" : 13193,
            "14272" : 12783,
            "14400" : 12096,
            "14528" : 11926,
            "14656" : 11422,
            "14784" : 11173,
            "14912" : 10624,
            "15040" : 10310,
            "15168" : 10075,
            "15296" : 10024,
            "15424" : 9543,
            "15552" : 9548,
            "15680" : 9187,
            "15808" : 9127,
            "15936" : 8854,
            "16064" : 8725,
            "16192" : 8634,
            "16320" : 8294,
            "16512" : 15531,
            "16768" : 14427,
            "17024" : 13498,
            "17280" : 12476,
            "17536" : 12111,
            "17792" : 12054,
            "18048" : 11897,
            "18304" : 11660,
            "18560" : 11359,
            "18816" : 11164,
            "19072" : 10437,
            "19328" : 9971,
            "19584" : 9372,
            "19840" : 8713,
            "20096" : 8287,
            "20352" : 7793,
            "20608" : 7126,
            "20864" : 6693,
            "21120" : 6376,
            "21376" : 5802,
            "21632" : 5359,
            "21888" : 5031,
            "22144" : 4640,
            "22400" : 4456,
            "22656" : 3991,
            "22912" : 3879,
            "23168" : 3672,
            "23424" : 3318,
            "23680" : 3060,
            "23936" : 2912,
            "24192" : 2773,
            "24448" : 2683,
            "24704" : 2444,
            "24960" : 2362,
            "25216" : 2341,
            "25472" : 2208,
            "25728" : 2048,
            "25984" : 1928,
            "26240" : 1793,
            "26496" : 1749,
            "26752" : 1617,
            "27008" : 1442,
            "27264" : 1449,
            "27520" : 1229,
            "27776" : 1126,
            "28032" : 1019,
            "28288" : 943,
            "28544" : 790,
            "28800" : 752,
            "29056" : 687,
            "29312" : 625,
            "29568" : 606,
            "29824" : 536,
            "30080" : 542,
            "30336" : 451,
            "30592" : 467,
            "30848" : 468,
            "31104" : 416,
            "31360" : 401,
            "31616" : 341,
            "31872" : 386,
            "32128" : 346,
            "32384" : 320,
            "32640" : 333,
            "33024" : 648,
            "33536" : 554,
            "34048" : 513,
            "34560" : 456,
            "35072" : 429,
            "35584" : 434,
            "36096" : 394,
            "36608" : 387,
            "37120" : 376,
            "37632" : 385,
            "38144" : 355,
            "38656" : 332,
            "39168" : 323,
            "39680" : 340,
            "40192" : 336,
            "40704" : 324,
            "41216" : 334,
            "41728" : 284,
            "42240" : 293,
            "42752" : 271,
            "43264" : 286,
            "43776" : 264,
            "44288" : 240,
            "44800" : 239,
            "45312" : 224,
            "45824" : 220,
            "46336" : 193,
            "46848" : 188,
            "47360" : 191,
            "47872" : 218,
            "48384" : 173,
            "48896" : 165,
            "49408" : 132,
            "49920" : 151,
            "50432" : 133,
            "50944" : 115,
            "51456" : 108,
            "51968" : 121,
            "52480" : 102,
            "52992" : 99,
            "53504" : 114,
            "54016" : 90,
            "54528" : 97,
            "55040" : 88,
            "55552" : 92,
            "56064" : 84,
            "56576" : 97,
            "57088" : 85,
            "57600" : 86,
            "58112" : 84,
            "58624" : 84,
            "59136" : 79,
            "59648" : 87,
            "60160" : 82,
            "60672" : 84,
            "61184" : 75,
            "61696" : 77,
            "62208" : 87,
            "62720" : 84,
            "63232" : 85,
            "63744" : 79,
            "64256" : 83,
            "64768" : 83,
            "65280" : 115,
            "66048" : 167,
            "67072" : 172,
            "68096" : 189,
            "69120" : 191,
            "70144" : 177,
            "71168" : 159,
            "72192" : 248,
            "73216" : 342,
            "74240" : 446,
            "75264" : 397,
            "76288" : 274,
            "77312" : 200,
            "78336" : 129,
            "79360" : 107,
            "80384" : 71,
            "81408" : 96,
            "82432" : 75,
            "83456" : 76,
            "84480" : 85,
            "85504" : 65,
            "86528" : 66,
            "87552" : 79,
            "88576" : 73,
            "89600" : 77,
            "90624" : 71,
            "91648" : 70,
            "92672" : 54,
            "93696" : 58,
            "94720" : 47,
            "95744" : 39,
            "96768" : 35,
            "97792" : 38,
            "98816" : 38,
            "99840" : 28,
            "100864" : 41,
            "101888" : 29,
            "102912" : 37,
            "103936" : 32,
            "104960" : 28,
            "105984" : 30,
            "107008" : 29,
            "108032" : 38,
            "109056" : 30,
            "110080" : 25,
            "111104" : 23,
            "112128" : 32,
            "113152" : 30,
            "114176" : 27,
            "115200" : 17,
            "116224" : 25,
            "117248" : 29,
            "118272" : 32,
            "119296" : 28,
            "120320" : 27,
            "121344" : 24,
            "122368" : 12,
            "123392" : 24,
            "124416" : 22,
            "125440" : 19,
            "126464" : 11,
            "127488" : 23,
            "128512" : 13,
            "129536" : 22,
            "130560" : 17,
            "132096" : 48,
            "134144" : 45,
            "136192" : 40,
            "138240" : 37,
            "140288" : 35,
            "142336" : 57,
            "144384" : 24,
            "146432" : 33,
            "148480" : 29,
            "150528" : 31,
            "152576" : 23,
            "154624" : 15,
            "156672" : 27,
            "158720" : 16,
            "160768" : 17,
            "162816" : 18,
            "164864" : 12,
            "166912" : 9,
            "168960" : 16,
            "171008" : 22,
            "173056" : 11,
            "175104" : 9,
            "177152" : 5,
            "179200" : 11,
            "181248" : 7,
            "183296" : 3,
            "185344" : 7,
            "187392" : 15,
            "189440" : 5,
            "191488" : 17,
            "193536" : 13,
            "195584" : 16,
            "197632" : 13,
            "199680" : 10,
            "201728" : 34,
            "203776" : 35,
            "205824" : 37,
            "207872" : 40,
            "209920" : 33,
            "211968" : 25,
            "214016" : 32,
            "216064" : 24,
            "218112" : 36,
            "220160" : 24,
            "222208" : 21,
            "224256" : 22,
            "226304" : 18,
            "228352" : 31,
            "230400" : 19,
            "232448" : 23,
            "234496" : 18,
            "236544" : 14,
            "238592" : 10,
            "240640" : 14,
            "242688" : 12,
            "244736" : 11,
            "246784" : 7,
            "248832" : 10,
            "250880" : 8,
            "252928" : 7,
            "254976" : 10,
            "257024" : 5,
            "259072" : 9,
            "261120" : 8,
            "264192" : 19,
            "268288" : 20,
            "272384" : 27,
            "276480" : 28,
            "280576" : 29,
            "284672" : 35,
            "288768" : 33,
            "292864" : 37,
            "296960" : 38,
            "301056" : 36,
            "305152" : 26,
            "309248" : 21,
            "313344" : 19,
            "317440" : 14,
            "321536" : 21,
            "325632" : 23,
            "329728" : 24,
            "333824" : 32,
            "337920" : 19,
            "342016" : 14,
            "346112" : 23,
            "350208" : 18,
            "354304" : 29,
            "358400" : 31,
            "362496" : 28,
            "366592" : 16,
            "370688" : 21,
            "374784" : 16,
            "378880" : 8,
            "382976" : 7,
            "387072" : 5,
            "391168" : 12,
            "395264" : 11,
            "399360" : 15,
            "403456" : 19,
            "407552" : 19,
            "411648" : 24,
            "415744" : 38,
            "419840" : 27,
            "423936" : 37,
            "428032" : 27,
            "432128" : 23,
            "436224" : 14,
            "440320" : 18,
            "444416" : 17,
            "448512" : 10,
            "452608" : 11,
            "456704" : 10,
            "460800" : 8,
            "464896" : 5,
            "468992" : 5,
            "473088" : 3,
            "477184" : 9,
            "481280" : 4,
            "485376" : 8,
            "489472" : 4,
            "493568" : 5,
            "497664" : 4,
            "501760" : 8,
            "505856" : 7,
            "509952" : 6,
            "514048" : 13,
            "518144" : 8,
            "522240" : 8,
            "528384" : 14,
            "536576" : 8,
            "544768" : 14,
            "552960" : 12,
            "561152" : 8,
            "569344" : 8,
            "577536" : 3,
            "585728" : 13,
            "593920" : 10,
            "602112" : 9,
            "610304" : 10,
            "618496" : 14,
            "626688" : 8,
            "634880" : 8,
            "643072" : 14,
            "651264" : 11,
            "659456" : 17,
            "667648" : 12,
            "675840" : 14,
            "684032" : 12,
            "692224" : 13,
            "700416" : 22,
            "708608" : 17,
            "716800" : 14,
            "724992" : 16,
            "733184" : 13,
            "741376" : 19,
            "749568" : 12,
            "757760" : 19,
            "765952" : 9,
            "774144" : 7,
            "782336" : 7,
            "790528" : 11,
            "798720" : 6,
            "806912" : 10,
            "815104" : 6,
            "823296" : 10,
            "831488" : 6,
            "839680" : 5,
            "847872" : 6,
            "856064" : 8,
            "864256" : 5,
            "872448" : 4,
            "880640" : 6,
            "888832" : 3,
            "897024" : 8,
            "905216" : 1,
            "913408" : 1,
            "921600" : 2,
            "929792" : 2,
            "937984" : 2,
            "946176" : 3,
            "954368" : 1,
            "962560" : 1,
            "978944" : 2,
            "987136" : 1,
            "995328" : 5,
            "1003520" : 2,
            "1011712" : 1,
            "1019904" : 3,
            "1028096" : 4,
            "1036288" : 1,
            "1044480" : 1,
            "1056768" : 5,
            "1073152" : 5,
            "1089536" : 1,
            "1105920" : 3,
            "1122304" : 4,
            "1138688" : 1,
            "1155072" : 4,
            "1187840" : 1,
            "1204224" : 1,
            "1220608" : 2,
            "1253376" : 1,
            "1302528" : 2,
            "1318912" : 2,
            "1335296" : 2,
            "1351680" : 1,
            "1368064" : 1,
            "1384448" : 3,
            "1417216" : 1,
            "1449984" : 1,
            "1515520" : 3,
            "1531904" : 2,
            "1548288" : 3,
            "1564672" : 8,
            "1581056" : 17,
            "1597440" : 6,
            "1613824" : 7,
            "1630208" : 4,
            "1646592" : 3,
            "1662976" : 2,
            "1679360" : 3,
            "1695744" : 2,
            "1712128" : 3,
            "1728512" : 1,
            "1744896" : 4,
            "1777664" : 1,
            "1794048" : 2,
            "1810432" : 2,
            "1826816" : 5,
            "1843200" : 2,
            "1859584" : 2,
            "1875968" : 2,
            "1892352" : 2,
            "1908736" : 3,
            "1925120" : 1,
            "1941504" : 3,
            "1974272" : 4,
            "1990656" : 5,
            "2007040" : 1,
            "2039808" : 2,
            "2113536" : 3,
            "2310144" : 2,
            "2375680" : 2,
            "2408448" : 1,
            "2473984" : 1,
            "2539520" : 2,
            "2637824" : 1,
            "2670592" : 1,
            "2736128" : 18,
            "2768896" : 27,
            "2801664" : 33,
            "2834432" : 15,
            "2867200" : 3,
            "2899968" : 2,
            "2932736" : 3,
            "2965504" : 2,
            "3031040" : 1,
            "3063808" : 1,
            "3096576" : 2,
            "3129344" : 3,
            "3162112" : 5,
            "3358720" : 2,
            "3391488" : 1,
            "3457024" : 1,
            "3522560" : 1,
            "3653632" : 1,
            "3686400" : 1,
            "3850240" : 2,
            "3883008" : 2,
            "3948544" : 2,
            "4112384" : 1,
            "4145152" : 2,
            "4292608" : 1,
            "4423680" : 1,
            "4620288" : 1,
            "4882432" : 1,
            "5144576" : 1,
            "5734400" : 1,
            "6389760" : 1,
            "6651904" : 1,
            "6979584" : 2,
            "7241728" : 1
          }
        },
        "bw_min" : 190968,
        "bw_max" : 329696,
        "bw_agg" : 100.000000,
        "bw_mean" : 238942.370618,
        "bw_dev" : 9075.801691,
        "bw_samples" : 599,
        "iops_min" : 47742,
        "iops_max" : 82424,
        "iops_mean" : 59735.595993,
        "iops_stddev" : 2268.951174,
        "iops_samples" : 599
      },
      "write" : {
        "io_bytes" : 73360121856,
        "io_kbytes" : 71640744,
        "bw_bytes" : 244532924,
        "bw" : 238801,
        "iops" : 59700.420999,
        "runtime" : 300001,
        "total_ios" : 17910186,
        "short_ios" : 0,
        "drop_ios" : 0,
        "slat_ns" : {
          "min" : 0,
          "max" : 0,
          "mean" : 0.000000,
          "stddev" : 0.000000,
          "N" : 0
        },
        "clat_ns" : {
          "min" : 870,
          "max" : 4727565,
          "mean" : 1992.488539,
          "stddev" : 4151.721906,
          "N" : 17910186,
          "percentile" : {
            "1.000000" : 1384,
            "5.000000" : 1416,
            "10.000000" : 1432,
            "20.000000" : 1448,
            "30.000000" : 1464,
            "40.000000" : 1528,
            "50.000000" : 2096,
            "60.000000" : 2128,
            "70.000000" : 2192,
            "80.000000" : 2288,
            "90.000000" : 2576,
            "95.000000" : 2928,
            "99.000000" : 3728,
            "99.500000" : 4768,
            "99.900000" : 11072,
            "99.950000" : 15424,
            "99.990000" : 38656
          },
          "bins" : {
            "868" : 1,
            "876" : 2,
            "884" : 3,
            "892" : 7,
            "900" : 13,
            "908" : 25,
            "916" : 31,
            "924" : 17,
            "932" : 9,
            "940" : 1,
            "964" : 3,
            "972" : 2,
            "980" : 3,
            "988" : 7,
            "996" : 7,
            "1004" : 7,
            "1012" : 15,
            "1020" : 35,
            "1032" : 160,
            "1048" : 214,
            "1064" : 201,
            "1080" : 2018,
            "1096" : 12456,
            "1112" : 16595,
            "1128" : 11050,
            "1144" : 7673,
            "1160" : 5468,
            "1176" : 5835,
            "1192" : 9691,
            "1208" : 10489,
            "1224" : 7991,
            "1240" : 5863,
            "1256" : 4643,
            "1272" : 3325,
            "1288" : 2308,
            "1304" : 1528,
            "1320" : 1229,
            "1336" : 7199,
            "1352" : 22942,
            "1368" : 28616,
            "1384" : 21601,
            "1400" : 217775,
            "1416" : 1202785,
            "1432" : 1583863,
            "1448" : 1496495,
            "1464" : 1078945,
            "1480" : 665503,
            "1496" : 390206,
            "1512" : 239539,
            "1528" : 183221,
            "1544" : 142900,
            "1560" : 109214,
            "1576" : 76445,
            "1592" : 47046,
            "1608" : 32678,
            "1624" : 25045,
            "1640" : 20060,
            "1656" : 17868,
            "1672" : 16382,
            "1688" : 18481,
            "1704" : 20865,
            "1720" : 21276,
            "1736" : 20356,
            "1752" : 17873,
            "1768" : 15283,
            "1784" : 12587,
            "1800" : 10338,
            "1816" : 8985,
            "1832" : 7392,
            "1848" : 6400,
            "1864" : 5286,
            "1880" : 4090,
            "1896" : 3484,
            "1912" : 2846,
            "1928" : 2700,
            "1944" : 2814,
            "1960" : 3646,
            "1976" : 6102,
            "1992" : 12780,
            "2008" : 31735,
            "2024" : 71617,
            "2040" : 134636,
            "2064" : 582821,
            "2096" : 1114336,
            "2128" : 1366737,
            "2160" : 1179102,
            "2192" : 804187,
            "2224" : 508156,
            "2256" : 357529,
            "2288" : 311535,
            "2320" : 297473,
            "2352" : 259735,
            "2384" : 211418,
            "2416" : 182113,
            "2448" : 170425,
            "2480" : 173510,
            "2512" : 177531,
            "2544" : 172201,
            "2576" : 160560,
            "2608" : 135285,
            "2640" : 108314,
            "2672" : 82553,
            "2704" : 65216,
            "2736" : 57004,
            "2768" : 55527,
            "2800" : 58911,
            "2832" : 59899,
            "2864" : 60477,
            "2896" : 69241,
            "2928" : 90379,
            "2960" : 118731,
            "2992" : 130956,
            "3024" : 115695,
            "3056" : 84752,
            "3088" : 52406,
            "3120" : 32018,
            "3152" : 20765,
            "3184" : 15152,
            "3216" : 12782,
            "3248" : 10828,
            "3280" : 9282,
            "3312" : 8652,
            "3344" : 7812,
            "3376" : 7407,
            "3408" : 6750,
            "3440" : 6343,
            "3472" : 5945,
            "3504" : 5506,
            "3536" : 5234,
            "3568" : 4993,
            "3600" : 4642,
            "3632" : 4611,
            "3664" : 4512,
            "3696" : 4348,
            "3728" : 4215,
            "3760" : 4050,
            "3792" : 3951,
            "3824" : 3774,
            "3856" : 3734,
            "3888" : 3458,
            "3920" : 3468,
            "3952" : 3248,
            "3984" : 3219,
            "4016" : 3252,
            "4048" : 3039,
            "4080" : 2940,
            "4128" : 5898,
            "4192" : 5561,
            "4256" : 5210,
            "4320" : 5002,
            "4384" : 4725,
            "4448" : 4676,
            "4512" : 4428,
            "4576" : 4171,
            "4640" : 4010,
            "4704" : 3693,
            "4768" : 3622,
            "4832" : 3501,
            "4896" : 3207,
            "4960" : 2932,
            "5024" : 2807,
            "5088" : 2720,
            "5152" : 2525,
            "5216" : 2607,
            "5280" : 2341,
            "5344" : 2218,
            "5408" : 2131,
            "5472" : 2068,
            "5536" : 1898,
            "5600" : 1866,
            "5664" : 1754,
            "5728" : 1652,
            "5792" : 1570,
            "5856" : 1460,
            "5920" : 1380,
            "5984" : 1312,
            "6048" : 1202,
            "6112" : 1096,
            "6176" : 1051,
            "6240" : 949,
            "6304" : 942,
            "6368" : 846,
            "6432" : 766,
            "6496" : 744,
            "6560" : 760,
            "6624" : 720,
            "6688" : 722,
            "6752" : 701,
            "6816" : 626,
            "6880" : 596,
            "6944" : 580,
            "7008" : 597,
            "7072" : 525,
            "7136" : 490,
            "7200" : 446,
            "7264" : 447,
            "7328" : 419,
            "7392" : 380,
            "7456" : 434,
            "7520" : 369,
            "7584" : 368,
            "7648" : 347,
            "7712" : 312,
            "7776" : 281,
            "7840" : 297,
            "7904" : 287,
            "7968" : 247,
            "8032" : 250,
            "8096" : 247,
            "8160" : 214,
            "8256" : 395,
            "8384" : 406,
            "8512" : 387,
            "8640" : 417,
            "8768" : 448,
            "8896" : 482,
            "9024" : 525,
            "9152" : 595,
            "9280" : 594,
            "9408" : 573,
            "9536" : 470,
            "9664" : 457,
            "9792" : 345,
            "9920" : 346,
            "10048" : 308,
            "10176" : 323,
            "10304" : 319,
            "10432" : 270,
            "10560" : 231,
            "10688" : 230,
            "10816" : 227,
            "10944" : 226,
            "11072" : 217,
            "11200" : 230,
            "11328" : 248,
            "11456" : 262,
            "11584" : 260,
            "11712" : 300,
            "11840" : 298,
            "11968" : 263,
            "12096" : 332,
            "12224" : 295,
            "12352" : 266,
            "12480" : 322,
            "12608" : 274,
            "12736" : 281,
            "12864" : 282,
            "12992" : 251,
            "13120" : 265,
            "13248" : 244,
            "13376" : 227,
            "13504" : 215,
            "13632" : 236,
            "13760" : 233,
            "13888" : 235,
            "14016" : 241,
            "14144" : 271,
            "14272" : 276,
            "14400" : 236,
            "14528" : 256,
            "14656" : 264,
            "14784" : 264,
            "14912" : 242,
            "15040" : 244,
            "15168" : 222,
            "15296" : 236,
            "15424" : 198,
            "15552" : 190,
            "15680" : 186,
            "15808" : 176,
            "15936" : 159,
            "16064" : 137,
            "16192" : 154,
            "16320" : 137,
            "16512" : 276,
            "16768" : 264,
            "17024" : 249,
            "17280" : 272,
            "17536" : 270,
            "17792" : 275,
            "18048" : 279,
            "18304" : 293,
            "18560" : 318,
            "18816" : 276,
            "19072" : 268,
            "19328" : 243,
            "19584" : 165,
            "19840" : 149,
            "20096" : 126,
            "20352" : 114,
            "20608" : 87,
            "20864" : 78,
            "21120" : 71,
            "21376" : 60,
            "21632" : 90,
            "21888" : 94,
            "22144" : 75,
            "22400" : 83,
            "22656" : 74,
            "22912" : 52,
            "23168" : 59,
            "23424" : 44,
            "23680" : 48,
            "23936" : 44,
            "24192" : 51,
            "24448" : 39,
            "24704" : 41,
            "24960" : 41,
            "25216" : 38,
            "25472" : 32,
            "25728" : 28,
            "25984" : 27,
            "26240" : 18,
            "26496" : 30,
            "26752" : 24,
            "27008" : 23,
            "27264" : 17,
            "27520" : 21,
            "27776" : 16,
            "28032" : 24,
            "28288" : 17,
            "28544" : 27,
            "28800" : 18,
            "29056" : 16,
            "29312" : 24,
            "29568" : 17,
            "29824" : 29,
            "30080" : 18,
            "30336" : 18,
            "30592" : 25,
            "30848" : 23,
            "31104" : 16,
            "31360" : 27,
            "31616" : 30,
            "31872" : 22,
            "32128" : 17,
            "32384" : 22,
            "32640" : 14,
            "33024" : 33,
            "33536" : 29,
            "34048" : 31,
            "34560" : 35,
            "35072" : 35,
            "35584" : 30,
            "36096" : 45,
            "36608" : 38,
            "37120" : 34,
            "37632" : 34,
            "38144" : 29,
            "38656" : 19,
            "39168" : 24,
            "39680" : 20,
            "40192" : 23,
            "40704" : 15,
            "41216" : 23,
            "41728" : 23,
            "42240" : 13,
            "42752" : 15,
            "43264" : 17,
            "43776" : 8,
            "44288" : 19,
            "44800" : 13,
            "45312" : 7,
            "45824" : 12,
            "46336" : 7,
            "46848" : 13,
            "47360" : 5,
            "47872" : 9,
            "48384" : 14,
            "48896" : 7,
            "49408" : 11,
            "49920" : 8,
            "50432" : 9,
            "50944" : 7,
            "51456" : 12,
            "51968" : 9,
            "52480" : 9,
            "52992" : 11,
            "53504" : 13,
            "54016" : 10,
            "54528" : 6,
            "55040" : 11,
            "55552" : 12,
            "56064" : 11,
            "56576" : 11,
            "57088" : 18,
            "57600" : 17,
            "58112" : 9,
            "58624" : 14,
            "59136" : 16,
            "59648" : 8,
            "60160" : 16,
            "60672" : 11,
            "61184" : 9,
            "61696" : 19,
            "62208" : 14,
            "62720" : 16,
            "63232" : 15,
            "63744" : 21,
            "64256" : 24,
            "64768" : 46,
            "65280" : 49,
            "66048" : 110,
            "67072" : 59,
            "68096" : 35,
            "69120" : 35,
            "70144" : 15,
            "71168" : 6,
            "72192" : 9,
            "73216" : 7,
            "74240" : 11,
            "75264" : 8,
            "76288" : 15,
            "77312" : 8,
            "78336" : 6,
            "79360" : 6,
            "80384" : 17,
            "81408" : 17,
            "82432" : 13,
            "83456" : 11,
            "84480" : 7,
            "85504" : 12,
            "86528" : 8,
            "87552" : 9,
            "88576" : 3,
            "89600" : 7,
            "90624" : 7,
            "91648" : 6,
            "92672" : 2,
            "93696" : 4,
            "94720" : 5,
            "95744" : 6,
            "96768" : 8,
            "97792" : 7,
            "98816" : 5,
            "99840" : 5,
            "100864" : 5,
            "102912" : 4,
            "103936" : 4,
            "104960" : 5,
            "105984" : 2,
            "107008" : 3,
            "108032" : 5,
            "109056" : 5,
            "110080" : 4,
            "111104" : 4,
            "112128" : 4,
            "113152" : 4,
            "114176" : 1,
            "115200" : 1,
            "116224" : 1,
            "117248" : 3,
            "118272" : 1,
            "119296" : 2,
            "120320" : 1,
            "121344" : 1,
            "122368" : 1,
            "127488" : 3,
            "128512" : 2,
            "129536" : 3,
            "130560" : 2,
            "132096" : 3,
            "134144" : 5,
            "136192" : 7,
            "138240" : 5,
            "140288" : 6,
            "142336" : 4,
            "144384" : 3,
            "146432" : 2,
            "148480" : 5,
            "150528" : 4,
            "152576" : 2,
            "154624" : 4,
            "156672" : 4,
            "160768" : 2,
            "162816" : 3,
            "164864" : 3,
            "166912" : 1,
            "168960" : 1,
            "171008" : 2,
            "173056" : 4,
            "177152" : 2,
            "179200" : 2,
            "181248" : 2,
            "185344" : 3,
            "187392" : 2,
            "191488" : 3,
            "193536" : 2,
            "195584" : 11,
            "197632" : 10,
            "199680" : 10,
            "201728" : 5,
            "203776" : 5,
            "205824" : 2,
            "207872" : 10,
            "209920" : 3,
            "211968" : 5,
            "214016" : 6,
            "216064" : 4,
            "218112" : 6,
            "220160" : 5,
            "222208" : 3,
            "224256" : 2,
            "226304" : 3,
            "228352" : 4,
            "232448" : 3,
            "234496" : 1,
            "236544" : 2,
            "240640" : 1,
            "242688" : 2,
            "244736" : 1,
            "246784" : 1,
            "248832" : 4,
            "250880" : 5,
            "259072" : 1,
            "264192" : 5,
            "268288" : 2,
            "272384" : 3,
            "276480" : 4,
            "280576" : 3,
            "284672" : 7,
            "288768" : 9,
            "292864" : 6,
            "296960" : 2,
            "301056" : 1,
            "305152" : 2,
            "309248" : 1,
            "313344" : 3,
            "317440" : 5,
            "321536" : 16,
            "325632" : 2,
            "329728" : 4,
            "333824" : 6,
            "337920" : 4,
            "342016" : 1,
            "346112" : 10,
            "350208" : 2,
            "354304" : 1,
            "370688" : 2,
            "378880" : 1,
            "382976" : 4,
            "391168" : 1,
            "395264" : 1,
            "399360" : 6,
            "403456" : 9,
            "407552" : 13,
            "411648" : 13,
            "415744" : 10,
            "419840" : 7,
            "423936" : 2,
            "428032" : 5,
            "436224" : 4,
            "440320" : 1,
            "444416" : 1,
            "452608" : 2,
            "456704" : 4,
            "460800" : 2,
            "473088" : 1,
            "489472" : 2,
            "497664" : 2,
            "505856" : 3,
            "514048" : 1,
            "518144" : 1,
            "522240" : 1,
            "544768" : 2,
            "552960" : 1,
            "569344" : 2,
            "577536" : 2,
            "593920" : 1,
            "610304" : 2,
            "700416" : 1,
            "716800" : 1,
            "733184" : 1,
            "741376" : 2,
            "831488" : 2,
            "839680" : 1,
            "888832" : 1,
            "897024" : 1,
            "913408" : 1,
            "929792" : 1,
            "937984" : 1,
            "946176" : 1,
            "1073152" : 1,
            "1171456" : 1,
            "1368064" : 1,
            "1531904" : 1,
            "1564672" : 1,
            "1581056" : 1,
            "1875968" : 1,
            "1941504" : 1,
            "2056192" : 1,
            "2703360" : 1,
            "2736128" : 8,
            "2768896" : 4,
            "2801664" : 4,
            "2867200" : 2,
            "2965504" : 1,
            "3129344" : 2,
            "3162112" : 1,
            "4014080" : 1,
            "4751360" : 1
          }
        },
        "lat_ns" : {
          "min" : 915,
          "max" : 6294812,
          "mean" : 2082.014314,
          "stddev" : 4602.420204,
          "N" : 17910186,
          "percentile" : {
            "1.000000" : 1448,
            "5.000000" : 1480,
            "10.000000" : 1480,
            "20.000000" : 1512,
            "30.000000" : 1528,
            "40.000000" : 1592,
            "50.000000" : 2192,
            "60.000000" : 2224,
            "70.000000" : 2288,
            "80.000000" : 2384,
            "90.000000" : 2704,
            "95.000000" : 3056,
            "99.000000" : 3920,
            "99.500000" : 5024,
            "99.900000" : 11712,
            "99.950000" : 15936,
            "99.990000" : 40704
          },
          "bins" : {
            "916" : 2,
            "924" : 2,
            "932" : 6,
            "940" : 7,
            "948" : 17,
            "956" : 25,
            "964" : 26,
            "972" : 11,
            "980" : 5,
            "988" : 3,
            "996" : 4,
            "1004" : 1,
            "1012" : 3,
            "1020" : 2,
            "1032" : 10,
            "1048" : 8,
            "1064" : 16,
            "1080" : 60,
            "1096" : 194,
            "1112" : 188,
            "1128" : 239,
            "1144" : 3115,
            "1160" : 14212,
            "1176" : 16336,
            "1192" : 9884,
            "1208" : 7172,
            "1224" : 5333,
            "1240" : 6109,
            "1256" : 10607,
            "1272" : 9864,
            "1288" : 7480,
            "1304" : 5850,
            "1320" : 4286,
            "1336" : 3188,
            "1352" : 2070,
            "1368" : 1393,
            "1384" : 1445,
            "1400" : 8974,
            "1416" : 25479,
            "1432" : 26749,
            "1448" : 22208,
            "1464" : 343265,
            "1480" : 1304303,
            "1496" : 1612300,
            "1512" : 1395277,
            "1528" : 1006564,
            "1544" : 635421,
            "1560" : 346515,
            "1576" : 211791,
            "1592" : 158732,
            "1608" : 132242,
            "1624" : 114147,
            "1640" : 87148,
            "1656" : 60688,
            "1672" : 40257,
            "1688" : 29557,
            "1704" : 22704,
            "1720" : 18211,
            "1736" : 16528,
            "1752" : 16125,
            "1768" : 18246,
            "1784" : 19673,
            "1800" : 19022,
            "1816" : 17960,
            "1832" : 15308,
            "1848" : 13219,
            "1864" : 11411,
            "1880" : 9559,
            "1896" : 8467,
            "1912" : 7391,
            "1928" : 6515,
            "1944" : 5540,
            "1960" : 4437,
            "1976" : 3857,
            "1992" : 3058,
            "2008" : 2630,
            "2024" : 2567,
            "2040" : 2698,
            "2064" : 10275,
            "2096" : 45746,
            "2128" : 211487,
            "2160" : 610526,
            "2192" : 1118304,
            "2224" : 1346653,
            "2256" : 1166345,
            "2288" : 775564,
            "2320" : 501834,
            "2352" : 397760,
            "2384" : 351982,
            "2416" : 289773,
            "2448" : 214379,
            "2480" : 170406,
            "2512" : 154420,
            "2544" : 149927,
            "2576" : 155175,
            "2608" : 158623,
            "2640" : 159051,
            "2672" : 150365,
            "2704" : 132993,
            "2736" : 114980,
            "2768" : 95347,
            "2800" : 80300,
            "2832" : 67407,
            "2864" : 55541,
            "2896" : 49084,
            "2928" : 47150,
            "2960" : 54220,
            "2992" : 75300,
            "3024" : 108062,
            "3056" : 140680,
            "3088" : 147892,
            "3120" : 128537,
            "3152" : 93878,
            "3184" : 60947,
            "3216" : 39249,
            "3248" : 25864,
            "3280" : 18962,
            "3312" : 15535,
            "3344" : 12853,
            "3376" : 11548,
            "3408" : 10093,
            "3440" : 9152,
            "3472" : 8553,
            "3504" : 7784,
            "3536" : 7451,
            "3568" : 6859,
            "3600" : 6306,
            "3632" : 5792,
            "3664" : 5470,
            "3696" : 5208,
            "3728" : 4996,
            "3760" : 4754,
            "3792" : 4564,
            "3824" : 4413,
            "3856" : 4311,
            "3888" : 4222,
            "3920" : 3907,
            "3952" : 3842,
            "3984" : 3670,
            "4016" : 3539,
            "4048" : 3403,
            "4080" : 3217,
            "4128" : 6269,
            "4192" : 6050,
            "4256" : 5673,
            "4320" : 5580,
            "4384" : 5295,
            "4448" : 5087,
            "4512" : 4918,
            "4576" : 4598,
            "4640" : 4432,
            "4704" : 4251,
            "4768" : 4078,
            "4832" : 3941,
            "4896" : 3602,
            "4960" : 3504,
            "5024" : 3408,
            "5088" : 3134,
            "5152" : 2952,
            "5216" : 2842,
            "5280" : 2710,
            "5344" : 2584,
            "5408" : 2380,
            "5472" : 2350,
            "5536" : 2212,
            "5600" : 2050,
            "5664" : 1962,
            "5728" : 1832,
            "5792" : 1888,
            "5856" : 1726,
            "5920" : 1662,
            "5984" : 1634,
            "6048" : 1429,
            "6112" : 1467,
            "6176" : 1301,
            "6240" : 1329,
            "6304" : 1151,
            "6368" : 1148,
            "6432" : 1067,
            "6496" : 979,
            "6560" : 945,
            "6624" : 881,
            "6688" : 874,
            "6752" : 839,
            "6816" : 792,
            "6880" : 781,
            "6944" : 746,
            "7008" : 720,
            "7072" : 730,
            "7136" : 642,
            "7200" : 645,
            "7264" : 556,
            "7328" : 535,
            "7392" : 488,
            "7456" : 493,
            "7520" : 431,
            "7584" : 466,
            "7648" : 448,
            "7712" : 404,
            "7776" : 372,
            "7840" : 374,
            "7904" : 343,
            "7968" : 312,
            "8032" : 306,
            "8096" : 282,
            "8160" : 288,
            "8256" : 473,
            "8384" : 452,
            "8512" : 421,
            "8640" : 425,
            "8768" : 462,
            "8896" : 489,
            "9024" : 512,
            "9152" : 563,
            "9280" : 601,
            "9408" : 598,
            "9536" : 566,
            "9664" : 552,
            "9792" : 415,
            "9920" : 392,
            "10048" : 373,
            "10176" : 341,
            "10304" : 365,
            "10432" : 331,
            "10560" : 278,
            "10688" : 251,
            "10816" : 232,
            "10944" : 229,
            "11072" : 241,
            "11200" : 235,
            "11328" : 266,
            "11456" : 257,
            "11584" : 249,
            "11712" : 285,
            "11840" : 315,
            "11968" : 317,
            "12096" : 310,
            "12224" : 337,
            "12352" : 305,
            "12480" : 308,
            "12608" : 338,
            "12736" : 293,
            "12864" : 302,
            "12992" : 308,
            "13120" : 276,
            "13248" : 272,
            "13376" : 252,
            "13504" : 258,
            "13632" : 235,
            "13760" : 242,
            "13888" : 251,
            "14016" : 245,
            "14144" : 247,
            "14272" : 294,
            "14400" : 296,
            "14528" : 245,
            "14656" : 274,
            "14784" : 294,
            "14912" : 276,
            "15040" : 257,
            "15168" : 251,
            "15296" : 248,
            "15424" : 252,
            "15552" : 223,
            "15680" : 202,
            "15808" : 209,
            "15936" : 183,
            "16064" : 176,
            "16192" : 140,
            "16320" : 174,
            "16512" : 315,
            "16768" : 269,
            "17024" : 269,
            "17280" : 292,
            "17536" : 289,
            "17792" : 300,
            "18048" : 288,
            "18304" : 294,
            "18560" : 331,
            "18816" : 312,
            "19072" : 272,
            "19328" : 276,
            "19584" : 214,
            "19840" : 169,
            "20096" : 140,
            "20352" : 139,
            "20608" : 110,
            "20864" : 93,
            "21120" : 82,
            "21376" : 59,
            "21632" : 84,
            "21888" : 103,
            "22144" : 79,
            "22400" : 84,
            "22656" : 78,
            "22912" : 71,
            "23168" : 54,
            "23424" : 55,
            "23680" : 49,
            "23936" : 50,
            "24192" : 48,
            "24448" : 48,
            "24704" : 45,
            "24960" : 47,
            "25216" : 40,
            "25472" : 39,
            "25728" : 28,
            "25984" : 34,
            "26240" : 25,
            "26496" : 22,
            "26752" : 27,
            "27008" : 27,
            "27264" : 20,
            "27520" : 26,
            "27776" : 18,
            "28032" : 15,
            "28288" : 29,
            "28544" : 27,
            "28800" : 19,
            "29056" : 17,
            "29312" : 18,
            "29568" : 26,
            "29824" : 23,
            "30080" : 24,
            "30336" : 16,
            "30592" : 25,
            "30848" : 21,
            "31104" : 21,
            "31360" : 25,
            "31616" : 28,
            "31872" : 27,
            "32128" : 20,
            "32384" : 19,
            "32640" : 18,
            "33024" : 38,
            "33536" : 28,
            "34048" : 34,
            "34560" : 35,
            "35072" : 28,
            "35584" : 30,
            "36096" : 49,
            "36608" : 42,
            "37120" : 36,
            "37632" : 32,
            "38144" : 36,
            "38656" : 27,
            "39168" : 20,
            "39680" : 22,
            "40192" : 22,
            "40704" : 17,
            "41216" : 20,
            "41728" : 29,
            "42240" : 15,
            "42752" : 15,
            "43264" : 17,
            "43776" : 12,
            "44288" : 21,
            "44800" : 16,
            "45312" : 10,
            "45824" : 8,
            "46336" : 11,
            "46848" : 10,
            "47360" : 8,
            "47872" : 8,
            "48384" : 12,
            "48896" : 9,
            "49408" : 14,
            "49920" : 11,
            "50432" : 9,
            "50944" : 7,
            "51456" : 13,
            "51968" : 9,
            "52480" : 8,
            "52992" : 12,
            "53504" : 15,
            "54016" : 10,
            "54528" : 8,
            "55040" : 11,
            "55552" : 13,
            "56064" : 13,
            "56576" : 8,
            "57088" : 19,
            "57600" : 22,
            "58112" : 9,
            "58624" : 14,
            "59136" : 22,
            "59648" : 9,
            "60160" : 14,
            "60672" : 11,
            "61184" : 10,
            "61696" : 16,
            "62208" : 19,
            "62720" : 13,
            "63232" : 19,
            "63744" : 15,
            "64256" : 25,
            "64768" : 36,
            "65280" : 57,
            "66048" : 109,
            "67072" : 83,
            "68096" : 33,
            "69120" : 36,
            "70144" : 19,
            "71168" : 7,
            "72192" : 8,
            "73216" : 9,
            "74240" : 12,
            "75264" : 8,
            "76288" : 15,
            "77312" : 10,
            "78336" : 5,
            "79360" : 6,
            "80384" : 17,
            "81408" : 17,
            "82432" : 14,
            "83456" : 11,
            "84480" : 7,
            "85504" : 12,
            "86528" : 10,
            "87552" : 8,
            "88576" : 4,
            "89600" : 7,
            "90624" : 6,
            "91648" : 6,
            "92672" : 1,
            "93696" : 6,
            "94720" : 4,
            "95744" : 6,
            "96768" : 9,
            "97792" : 5,
            "98816" : 8,
            "99840" : 5,
            "100864" : 5,
            "102912" : 4,
            "103936" : 3,
            "104960" : 5,
            "105984" : 3,
            "107008" : 3,
            "108032" : 5,
            "109056" : 5,
            "110080" : 3,
            "111104" : 5,
            "112128" : 2,
            "113152" : 6,
            "114176" : 2,
            "115200" : 1,
            "116224" : 1,
            "117248" : 2,
            "118272" : 1,
            "119296" : 3,
            "120320" : 1,
            "121344" : 1,
            "122368" : 1,
            "127488" : 2,
            "128512" : 3,
            "129536" : 2,
            "130560" : 3,
            "132096" : 3,
            "134144" : 5,
            "136192" : 7,
            "138240" : 4,
            "140288" : 6,
            "142336" : 5,
            "144384" : 3,
            "146432" : 1,
            "148480" : 6,
            "150528" : 4,
            "152576" : 3,
            "154624" : 5,
            "156672" : 4,
            "160768" : 2,
            "162816" : 4,
            "164864" : 2,
            "166912" : 1,
            "168960" : 2,
            "171008" : 2,
            "173056" : 4,
            "177152" : 2,
            "179200" : 2,
            "181248" : 2,
            "185344" : 2,
            "187392" : 3,
            "191488" : 4,
            "193536" : 2,
            "195584" : 11,
            "197632" : 10,
            "199680" : 10,
            "201728" : 5,
            "203776" : 5,
            "205824" : 2,
            "207872" : 9,
            "209920" : 4,
            "211968" : 5,
            "214016" : 4,
            "216064" : 7,
            "218112" : 6,
            "220160" : 6,
            "222208" : 3,
            "224256" : 2,
            "226304" : 3,
            "228352" : 4,
            "232448" : 3,
            "234496" : 1,
            "236544" : 2,
            "240640" : 1,
            "242688" : 2,
            "244736" : 1,
            "246784" : 1,
            "248832" : 3,
            "250880" : 5,
            "252928" : 1,
            "259072" : 1,
            "261120" : 1,
            "264192" : 4,
            "268288" : 3,
            "272384" : 3,
            "276480" : 4,
            "280576" : 4,
            "284672" : 7,
            "288768" : 9,
            "292864" : 6,
            "296960" : 2,
            "301056" : 1,
            "305152" : 2,
            "309248" : 1,
            "313344" : 3,
            "317440" : 5,
            "321536" : 15,
            "325632" : 4,
            "329728" : 4,
            "333824" : 6,
            "337920" : 4,
            "342016" : 1,
            "346112" : 12,
            "350208" : 1,
            "354304" : 2,
            "370688" : 2,
            "378880" : 1,
            "382976" : 4,
            "391168" : 1,
            "395264" : 1,
            "399360" : 5,
            "403456" : 9,
            "407552" : 13,
            "411648" : 14,
            "415744" : 8,
            "419840" : 9,
            "423936" : 2,
            "428032" : 5,
            "432128" : 1,
            "436224" : 5,
            "440320" : 1,
            "444416" : 1,
            "452608" : 2,
            "456704" : 4,
            "460800" : 2,
            "473088" : 1,
            "489472" : 2,
            "497664" : 2,
            "505856" : 2,
            "509952" : 3,
            "514048" : 1,
            "518144" : 1,
            "522240" : 1,
            "544768" : 2,
            "552960" : 1,
            "569344" : 2,
            "577536" : 2,
            "593920" : 1,
            "610304" : 2,
            "700416" : 1,
            "716800" : 1,
            "733184" : 1,
            "741376" : 2,
            "831488" : 2,
            "839680" : 1,
            "888832" : 1,
            "897024" : 1,
            "913408" : 1,
            "929792" : 1,
            "937984" : 1,
            "946176" : 2,
            "1073152" : 1,
            "1171456" : 1,
            "1368064" : 1,
            "1531904" : 1,
            "1564672" : 1,
            "1581056" : 1,
            "1875968" : 1,
            "1941504" : 1,
            "2056192" : 1,
            "2113536" : 1,
            "2703360" : 1,
            "2736128" : 8,
            "2768896" : 7,
            "2801664" : 4,
            "2867200" : 2,
            "2965504" : 1,
            "3129344" : 2,
            "3162112" : 1,
            "4014080" : 1,
            "4751360" : 1,
            "6324224" : 1
          }
        },
        "bw_min" : 188488,
        "bw_max" : 330888,
        "bw_agg" : 100.000000,
        "bw_mean" : 238871.853088,
        "bw_dev" : 9137.578920,
        "bw_samples" : 599,
        "iops_min" : 47122,
        "iops_max" : 82722,
        "iops_mean" : 59717.963272,
        "iops_stddev" : 2284.394349,
        "iops_samples" : 599
      },
      "trim" : {
        "io_bytes" : 0,
        "io_kbytes" : 0,
        "bw_bytes" : 0,
        "bw" : 0,
        "iops" : 0.000000,
        "runtime" : 0,
        "total_ios" : 0,
        "short_ios" : 0,
        "drop_ios" : 0,
        "slat_ns" : {
          "min" : 0,
          "max" : 0,
          "mean" : 0.000000,
          "stddev" : 0.000000,
          "N" : 0
        },
        "clat_ns" : {
          "min" : 0,
          "max" : 0,
          "mean" : 0.000000,
          "stddev" : 0.000000,
          "N" : 0
        },
        "lat_ns" : {
          "min" : 0,
          "max" : 0,
          "mean" : 0.000000,
          "stddev" : 0.000000,
          "N" : 0
        },
        "bw_min" : 0,
        "bw_max" : 0,
        "bw_agg" : 0.000000,
        "bw_mean" : 0.000000,
        "bw_dev" : 0.000000,
        "bw_samples" : 0,
        "iops_min" : 0,
        "iops_max" : 0,
        "iops_mean" : 0.000000,
        "iops_stddev" : 0.000000,
        "iops_samples" : 0
      },
      "sync" : {
        "total_ios" : 0,
        "lat_ns" : {
          "min" : 0,
          "max" : 0,
          "mean" : 0.000000,
          "stddev" : 0.000000,
          "N" : 0
        }
      },
      "job_runtime" : 300000,
      "usr_cpu" : 12.632000,
      "sys_cpu" : 61.265000,
      "ctx" : 18890212,
      "majf" : 0,
      "minf" : 19,
      "iodepth_level" : {
        "1" : 100.000000,
        "2" : 0.000000,
        "4" : 0.000000,
        "8" : 0.000000,
        "16" : 0.000000,
        "32" : 0.000000,
        ">=64" : 0.000000
      },
      "iodepth_submit" : {
        "0" : 0.000000,
        "4" : 100.000000,
        "8" : 0.000000,
        "16" : 0.000000,
        "32" : 0.000000,
        "64" : 0.000000,
        ">=64" : 0.000000
      },
      "iodepth_complete" : {
        "0" : 0.000000,
        "4" : 100.000000,
        "8" : 0.000000,
        "16" : 0.000000,
        "32" : 0.000000,
        "64" : 0.000000,
        ">=64" : 0.000000
      },
      "latency_ns" : {
        "2" : 0.000000,
        "4" : 0.000000,
        "10" : 0.000000,
        "20" : 0.000000,
        "50" : 0.000000,
        "100" : 0.000000,
        "250" : 0.000000,
        "500" : 0.000000,
        "750" : 0.026386,
        "1000" : 0.451176
      },
      "latency_us" : {
        "2" : 22.232535,
        "4" : 27.423374,
        "10" : 15.644863,
        "20" : 33.822305,
        "50" : 0.363883,
        "100" : 0.022755,
        "250" : 0.010000,
        "500" : 0.010000,
        "750" : 0.010000,
        "1000" : 0.010000
      },
      "latency_ms" : {
        "2" : 0.010000,
        "4" : 0.010000,
        "10" : 0.010000,
        "20" : 0.000000,
        "50" : 0.000000,
        "100" : 0.000000,
        "250" : 0.000000,
        "500" : 0.000000,
        "750" : 0.000000,
        "1000" : 0.000000,
        "2000" : 0.000000,
        ">=2000" : 0.000000
      },
      "latency_depth" : 128,
      "latency_target" : 0,
      "latency_percentile" : 100.000000,
      "latency_window" : 0
    }
  ],
  "disk_util" : [
    {
      "name" : "loop25",
      "read_ios" : 17708765,
      "write_ios" : 17905840,
      "read_merges" : 0,
      "write_merges" : 0,
      "read_ticks" : 127845,
      "write_ticks" : 279000,
      "in_queue" : 24,
      "util" : 99.978993
    }
  ]
}
