{
  "fio version" : "fio-3.32-36-g5932",
  "timestamp" : 1664232078,
  "timestamp_ms" : 1664232078919,
  "time" : "Tue Sep 27 00:41:18 2022",
  "global options" : {
    "size" : "8K",
    "rw" : "randrw",
    "bs" : "4K",
    "numjobs" : "1",
    "iodepth" : "1",
    "runtime" : "15",
    "end_fsync" : "1",
    "lat_percentiles" : "1",
    "slat_percentiles" : "1",
    "clat_percentiles" : "1"
  },
  "jobs" : [
    {
      "jobname" : "random-rw",
      "groupid" : 0,
      "error" : 0,
      "eta" : 0,
      "elapsed" : 16,
      "job options" : {
        "name" : "random-rw"
      },
      "read" : {
        "io_bytes" : 3669143552,
        "io_kbytes" : 3583148,
        "bw_bytes" : 244593263,
        "bw" : 238860,
        "iops" : 59715.152323,
        "runtime" : 15001,
        "total_ios" : 895787,
        "short_ios" : 0,
        "drop_ios" : 0,
        "slat_ns" : {
          "min" : 0,
          "max" : 0,
          "mean" : 0.000000,
          "stddev" : 0.000000,
          "N" : 0
        },
        "clat_ns" : {
          "min" : 576,
          "max" : 3707098,
          "mean" : 6985.498309,
          "stddev" : 10248.885868,
          "N" : 895787,
          "percentile" : {
            "1.000000" : 620,
            "5.000000" : 708,
            "10.000000" : 780,
            "20.000000" : 860,
            "30.000000" : 956,
            "40.000000" : 4128,
            "50.000000" : 6496,
            "60.000000" : 9664,
            "70.000000" : 10688,
            "80.000000" : 11712,
            "90.000000" : 13888,
            "95.000000" : 15168,
            "99.000000" : 20608,
            "99.500000" : 22912,
            "99.900000" : 49408,
            "99.950000" : 69120,
            "99.990000" : 164864
          },
          "bins" : {
            "580" : 122,
            "588" : 781,
            "596" : 1060,
            "604" : 1615,
            "612" : 3166,
            "620" : 4634,
            "628" : 4435,
            "636" : 3499,
            "644" : 2845,
            "652" : 1970,
            "660" : 1957,
            "668" : 2333,
            "676" : 2654,
            "684" : 3296,
            "692" : 3788,
            "700" : 4054,
            "708" : 3703,
            "716" : 3237,
            "724" : 3296,
            "732" : 3299,
            "740" : 3924,
            "748" : 4258,
            "756" : 4734,
            "764" : 6056,
            "772" : 7226,
            "780" : 8398,
            "788" : 9075,
            "796" : 8874,
            "804" : 9522,
            "812" : 9364,
            "820" : 9649,
            "828" : 9281,
            "836" : 8798,
            "844" : 8972,
            "852" : 8817,
            "860" : 8897,
            "868" : 8519,
            "876" : 8081,
            "884" : 8595,
            "892" : 8420,
            "900" : 8691,
            "908" : 8579,
            "916" : 8152,
            "924" : 7993,
            "932" : 7307,
            "940" : 6512,
            "948" : 5485,
            "956" : 4231,
            "964" : 3642,
            "972" : 3009,
            "980" : 2387,
            "988" : 1861,
            "996" : 1329,
            "1004" : 1212,
            "1012" : 955,
            "1020" : 775,
            "1032" : 1264,
            "1048" : 969,
            "1064" : 800,
            "1080" : 713,
            "1096" : 688,
            "1112" : 633,
            "1128" : 598,
            "1144" : 593,
            "1160" : 595,
            "1176" : 618,
            "1192" : 638,
            "1208" : 604,
            "1224" : 665,
            "1240" : 635,
            "1256" : 606,
            "1272" : 653,
            "1288" : 618,
            "1304" : 654,
            "1320" : 609,
            "1336" : 624,
            "1352" : 614,
            "1368" : 609,
            "1384" : 577,
            "1400" : 599,
            "1416" : 585,
            "1432" : 566,
            "1448" : 552,
            "1464" : 521,
            "1480" : 473,
            "1496" : 480,
            "1512" : 458,
            "1528" : 454,
            "1544" : 413,
            "1560" : 377,
            "1576" : 343,
            "1592" : 316,
            "1608" : 280,
            "1624" : 240,
            "1640" : 263,
            "1656" : 226,
            "1672" : 240,
            "1688" : 215,
            "1704" : 208,
            "1720" : 197,
            "1736" : 194,
            "1752" : 189,
            "1768" : 197,
            "1784" : 170,
            "1800" : 175,
            "1816" : 170,
            "1832" : 154,
            "1848" : 133,
            "1864" : 153,
            "1880" : 124,
            "1896" : 150,
            "1912" : 150,
            "1928" : 151,
            "1944" : 122,
            "1960" : 118,
            "1976" : 119,
            "1992" : 113,
            "2008" : 105,
            "2024" : 131,
            "2040" : 79,
            "2064" : 195,
            "2096" : 160,
            "2128" : 136,
            "2160" : 110,
            "2192" : 81,
            "2224" : 87,
            "2256" : 61,
            "2288" : 38,
            "2320" : 52,
            "2352" : 30,
            "2384" : 36,
            "2416" : 22,
            "2448" : 17,
            "2480" : 22,
            "2512" : 17,
            "2544" : 18,
            "2576" : 7,
            "2608" : 8,
            "2640" : 6,
            "2672" : 7,
            "2704" : 13,
            "2736" : 13,
            "2768" : 6,
            "2800" : 6,
            "2832" : 6,
            "2864" : 6,
            "2896" : 6,
            "2928" : 9,
            "2960" : 5,
            "2992" : 5,
            "3024" : 2,
            "3056" : 5,
            "3088" : 5,
            "3120" : 2,
            "3152" : 3,
            "3184" : 4,
            "3216" : 4,
            "3248" : 1,
            "3280" : 1,
            "3312" : 3,
            "3344" : 3,
            "3376" : 2,
            "3408" : 1,
            "3440" : 7,
            "3472" : 4,
            "3504" : 9,
            "3536" : 45,
            "3568" : 125,
            "3600" : 381,
            "3632" : 770,
            "3664" : 1286,
            "3696" : 1968,
            "3728" : 2363,
            "3760" : 2677,
            "3792" : 2767,
            "3824" : 2638,
            "3856" : 2681,
            "3888" : 2924,
            "3920" : 3240,
            "3952" : 3597,
            "3984" : 3571,
            "4016" : 3452,
            "4048" : 3018,
            "4080" : 3077,
            "4128" : 6517,
            "4192" : 8754,
            "4256" : 9397,
            "4320" : 7127,
            "4384" : 3987,
            "4448" : 3159,
            "4512" : 3195,
            "4576" : 2402,
            "4640" : 1882,
            "4704" : 1606,
            "4768" : 1425,
            "4832" : 1090,
            "4896" : 773,
            "4960" : 612,
            "5024" : 830,
            "5088" : 1786,
            "5152" : 2985,
            "5216" : 2633,
            "5280" : 1771,
            "5344" : 891,
            "5408" : 358,
            "5472" : 245,
            "5536" : 222,
            "5600" : 195,
            "5664" : 203,
            "5728" : 154,
            "5792" : 184,
            "5856" : 228,
            "5920" : 357,
            "5984" : 599,
            "6048" : 1200,
            "6112" : 2080,
            "6176" : 3277,
            "6240" : 4633,
            "6304" : 5497,
            "6368" : 5088,
            "6432" : 3703,
            "6496" : 2797,
            "6560" : 2512,
            "6624" : 2825,
            "6688" : 3475,
            "6752" : 4218,
            "6816" : 4327,
            "6880" : 4054,
            "6944" : 4210,
            "7008" : 3931,
            "7072" : 2986,
            "7136" : 2001,
            "7200" : 1335,
            "7264" : 940,
            "7328" : 683,
            "7392" : 481,
            "7456" : 345,
            "7520" : 307,
            "7584" : 268,
            "7648" : 237,
            "7712" : 254,
            "7776" : 243,
            "7840" : 303,
            "7904" : 499,
            "7968" : 824,
            "8032" : 1054,
            "8096" : 982,
            "8160" : 738,
            "8256" : 765,
            "8384" : 398,
            "8512" : 268,
            "8640" : 226,
            "8768" : 180,
            "8896" : 234,
            "9024" : 532,
            "9152" : 1730,
            "9280" : 5189,
            "9408" : 10803,
            "9536" : 14901,
            "9664" : 13741,
            "9792" : 10711,
            "9920" : 9327,
            "10048" : 8523,
            "10176" : 8276,
            "10304" : 10640,
            "10432" : 14564,
            "10560" : 17504,
            "10688" : 17166,
            "10816" : 14909,
            "10944" : 11708,
            "11072" : 8121,
            "11200" : 6734,
            "11328" : 9138,
            "11456" : 11282,
            "11584" : 10394,
            "11712" : 10633,
            "11840" : 11272,
            "11968" : 8551,
            "12096" : 5256,
            "12224" : 3306,
            "12352" : 2460,
            "12480" : 2637,
            "12608" : 3852,
            "12736" : 5479,
            "12864" : 6029,
            "12992" : 5336,
            "13120" : 5628,
            "13248" : 6566,
            "13376" : 6239,
            "13504" : 4947,
            "13632" : 3408,
            "13760" : 2934,
            "13888" : 4172,
            "14016" : 6504,
            "14144" : 8362,
            "14272" : 7557,
            "14400" : 5187,
            "14528" : 3549,
            "14656" : 2574,
            "14784" : 2461,
            "14912" : 2477,
            "15040" : 2124,
            "15168" : 1793,
            "15296" : 1517,
            "15424" : 1347,
            "15552" : 1171,
            "15680" : 1069,
            "15808" : 1084,
            "15936" : 981,
            "16064" : 940,
            "16192" : 911,
            "16320" : 903,
            "16512" : 1878,
            "16768" : 1810,
            "17024" : 1680,
            "17280" : 1630,
            "17536" : 1603,
            "17792" : 1549,
            "18048" : 1600,
            "18304" : 1573,
            "18560" : 1569,
            "18816" : 1457,
            "19072" : 1536,
            "19328" : 1478,
            "19584" : 1248,
            "19840" : 1219,
            "20096" : 1036,
            "20352" : 931,
            "20608" : 799,
            "20864" : 739,
            "21120" : 615,
            "21376" : 535,
            "21632" : 500,
            "21888" : 436,
            "22144" : 380,
            "22400" : 297,
            "22656" : 314,
            "22912" : 280,
            "23168" : 245,
            "23424" : 231,
            "23680" : 185,
            "23936" : 179,
            "24192" : 164,
            "24448" : 146,
            "24704" : 131,
            "24960" : 115,
            "25216" : 101,
            "25472" : 108,
            "25728" : 76,
            "25984" : 94,
            "26240" : 78,
            "26496" : 61,
            "26752" : 73,
            "27008" : 49,
            "27264" : 49,
            "27520" : 57,
            "27776" : 40,
            "28032" : 27,
            "28288" : 38,
            "28544" : 24,
            "28800" : 29,
            "29056" : 36,
            "29312" : 37,
            "29568" : 35,
            "29824" : 43,
            "30080" : 29,
            "30336" : 22,
            "30592" : 30,
            "30848" : 24,
            "31104" : 26,
            "31360" : 20,
            "31616" : 20,
            "31872" : 26,
            "32128" : 20,
            "32384" : 16,
            "32640" : 19,
            "33024" : 33,
            "33536" : 39,
            "34048" : 32,
            "34560" : 44,
            "35072" : 31,
            "35584" : 39,
            "36096" : 24,
            "36608" : 23,
            "37120" : 21,
            "37632" : 33,
            "38144" : 24,
            "38656" : 24,
            "39168" : 26,
            "39680" : 30,
            "40192" : 29,
            "40704" : 28,
            "41216" : 13,
            "41728" : 31,
            "42240" : 20,
            "42752" : 22,
            "43264" : 22,
            "43776" : 13,
            "44288" : 26,
            "44800" : 25,
            "45312" : 28,
            "45824" : 17,
            "46336" : 19,
            "46848" : 22,
            "47360" : 19,
            "47872" : 15,
            "48384" : 20,
            "48896" : 19,
            "49408" : 27,
            "49920" : 18,
            "50432" : 16,
            "50944" : 22,
            "51456" : 18,
            "51968" : 11,
            "52480" : 19,
            "52992" : 17,
            "53504" : 20,
            "54016" : 12,
            "54528" : 19,
            "55040" : 10,
            "55552" : 9,
            "56064" : 8,
            "56576" : 14,
            "57088" : 18,
            "57600" : 14,
            "58112" : 11,
            "58624" : 7,
            "59136" : 11,
            "59648" : 9,
            "60160" : 9,
            "60672" : 10,
            "61184" : 8,
            "61696" : 10,
            "62208" : 7,
            "62720" : 10,
            "63232" : 4,
            "63744" : 6,
            "64256" : 4,
            "64768" : 14,
            "65280" : 15,
            "66048" : 13,
            "67072" : 17,
            "68096" : 11,
            "69120" : 17,
            "70144" : 14,
            "71168" : 10,
            "72192" : 13,
            "73216" : 14,
            "74240" : 13,
            "75264" : 9,
            "76288" : 10,
            "77312" : 10,
            "78336" : 7,
            "79360" : 6,
            "80384" : 10,
            "81408" : 4,
            "82432" : 3,
            "83456" : 8,
            "84480" : 3,
            "85504" : 3,
            "86528" : 4,
            "87552" : 6,
            "88576" : 5,
            "89600" : 2,
            "90624" : 5,
            "91648" : 3,
            "92672" : 5,
            "93696" : 6,
            "94720" : 2,
            "95744" : 6,
            "96768" : 3,
            "97792" : 8,
            "98816" : 4,
            "99840" : 5,
            "100864" : 4,
            "101888" : 9,
            "102912" : 3,
            "103936" : 8,
            "104960" : 3,
            "105984" : 3,
            "107008" : 5,
            "108032" : 7,
            "109056" : 4,
            "110080" : 7,
            "111104" : 5,
            "112128" : 7,
            "113152" : 7,
            "114176" : 5,
            "115200" : 5,
            "116224" : 5,
            "117248" : 2,
            "118272" : 4,
            "119296" : 2,
            "120320" : 4,
            "121344" : 5,
            "123392" : 6,
            "124416" : 1,
            "125440" : 1,
            "128512" : 2,
            "129536" : 2,
            "132096" : 4,
            "134144" : 2,
            "136192" : 3,
            "140288" : 3,
            "142336" : 2,
            "144384" : 2,
            "146432" : 2,
            "148480" : 2,
            "150528" : 1,
            "154624" : 2,
            "156672" : 1,
            "158720" : 1,
            "160768" : 2,
            "162816" : 2,
            "164864" : 2,
            "168960" : 1,
            "173056" : 1,
            "175104" : 1,
            "191488" : 3,
            "197632" : 2,
            "203776" : 1,
            "205824" : 1,
            "207872" : 1,
            "211968" : 1,
            "218112" : 1,
            "222208" : 1,
            "224256" : 2,
            "228352" : 2,
            "232448" : 1,
            "240640" : 1,
            "244736" : 3,
            "248832" : 1,
            "250880" : 1,
            "252928" : 3,
            "259072" : 2,
            "264192" : 3,
            "268288" : 1,
            "280576" : 1,
            "284672" : 1,
            "296960" : 1,
            "301056" : 1,
            "309248" : 2,
            "317440" : 1,
            "321536" : 1,
            "325632" : 1,
            "333824" : 1,
            "342016" : 1,
            "346112" : 1,
            "354304" : 1,
            "358400" : 1,
            "370688" : 1,
            "374784" : 1,
            "391168" : 2,
            "399360" : 5,
            "407552" : 1,
            "423936" : 1,
            "432128" : 1,
            "440320" : 1,
            "460800" : 1,
            "464896" : 2,
            "528384" : 1,
            "643072" : 1,
            "667648" : 2,
            "692224" : 1,
            "700416" : 1,
            "708608" : 1,
            "716800" : 2,
            "724992" : 1,
            "790528" : 1,
            "847872" : 2,
            "856064" : 1,
            "946176" : 1,
            "1003520" : 1,
            "1187840" : 1,
            "1482752" : 1,
            "1531904" : 1,
            "1695744" : 1,
            "1810432" : 1,
            "1875968" : 1,
            "2703360" : 1,
            "3325952" : 1,
            "3719168" : 1
          }
        },
        "lat_ns" : {
          "min" : 608,
          "max" : 3707142,
          "mean" : 7084.675680,
          "stddev" : 10265.762230,
          "N" : 895787,
          "percentile" : {
            "1.000000" : 652,
            "5.000000" : 756,
            "10.000000" : 852,
            "20.000000" : 932,
            "30.000000" : 1048,
            "40.000000" : 4256,
            "50.000000" : 6560,
            "60.000000" : 9792,
            "70.000000" : 10688,
            "80.000000" : 11840,
            "90.000000" : 13888,
            "95.000000" : 15168,
            "99.000000" : 20864,
            "99.500000" : 23424,
            "99.900000" : 49408,
            "99.950000" : 69120,
            "99.990000" : 168960
          },
          "bins" : {
            "612" : 122,
            "620" : 750,
            "628" : 933,
            "636" : 1340,
            "644" : 3228,
            "652" : 4619,
            "660" : 4550,
            "668" : 3670,
            "676" : 2602,
            "684" : 1847,
            "692" : 1315,
            "700" : 1375,
            "708" : 1965,
            "716" : 2314,
            "724" : 2945,
            "732" : 3224,
            "740" : 3508,
            "748" : 3431,
            "756" : 2915,
            "764" : 2723,
            "772" : 2258,
            "780" : 1961,
            "788" : 1905,
            "796" : 1995,
            "804" : 2588,
            "812" : 3098,
            "820" : 3752,
            "828" : 4661,
            "836" : 5168,
            "844" : 6263,
            "852" : 7239,
            "860" : 8208,
            "868" : 8941,
            "876" : 9353,
            "884" : 10045,
            "892" : 9910,
            "900" : 10122,
            "908" : 9400,
            "916" : 8361,
            "924" : 8286,
            "932" : 7630,
            "940" : 7376,
            "948" : 6788,
            "956" : 6255,
            "964" : 6296,
            "972" : 6067,
            "980" : 6028,
            "988" : 5897,
            "996" : 5714,
            "1004" : 5977,
            "1012" : 5949,
            "1020" : 5962,
            "1032" : 11091,
            "1048" : 9514,
            "1064" : 6899,
            "1080" : 4378,
            "1096" : 2888,
            "1112" : 1928,
            "1128" : 1436,
            "1144" : 1094,
            "1160" : 773,
            "1176" : 649,
            "1192" : 612,
            "1208" : 573,
            "1224" : 547,
            "1240" : 550,
            "1256" : 567,
            "1272" : 570,
            "1288" : 543,
            "1304" : 545,
            "1320" : 536,
            "1336" : 519,
            "1352" : 527,
            "1368" : 545,
            "1384" : 511,
            "1400" : 515,
            "1416" : 546,
            "1432" : 542,
            "1448" : 555,
            "1464" : 552,
            "1480" : 520,
            "1496" : 516,
            "1512" : 501,
            "1528" : 541,
            "1544" : 514,
            "1560" : 486,
            "1576" : 455,
            "1592" : 426,
            "1608" : 446,
            "1624" : 394,
            "1640" : 360,
            "1656" : 369,
            "1672" : 335,
            "1688" : 359,
            "1704" : 354,
            "1720" : 285,
            "1736" : 276,
            "1752" : 282,
            "1768" : 245,
            "1784" : 241,
            "1800" : 198,
            "1816" : 191,
            "1832" : 217,
            "1848" : 193,
            "1864" : 160,
            "1880" : 184,
            "1896" : 190,
            "1912" : 173,
            "1928" : 157,
            "1944" : 137,
            "1960" : 138,
            "1976" : 149,
            "1992" : 122,
            "2008" : 149,
            "2024" : 141,
            "2040" : 132,
            "2064" : 242,
            "2096" : 221,
            "2128" : 211,
            "2160" : 219,
            "2192" : 205,
            "2224" : 169,
            "2256" : 152,
            "2288" : 167,
            "2320" : 146,
            "2352" : 118,
            "2384" : 108,
            "2416" : 95,
            "2448" : 65,
            "2480" : 65,
            "2512" : 55,
            "2544" : 51,
            "2576" : 30,
            "2608" : 41,
            "2640" : 25,
            "2672" : 25,
            "2704" : 15,
            "2736" : 17,
            "2768" : 14,
            "2800" : 13,
            "2832" : 9,
            "2864" : 5,
            "2896" : 15,
            "2928" : 11,
            "2960" : 6,
            "2992" : 6,
            "3024" : 11,
            "3056" : 5,
            "3088" : 7,
            "3120" : 2,
            "3152" : 7,
            "3184" : 8,
            "3216" : 7,
            "3248" : 3,
            "3280" : 7,
            "3312" : 1,
            "3344" : 6,
            "3376" : 6,
            "3408" : 2,
            "3440" : 3,
            "3472" : 2,
            "3504" : 4,
            "3536" : 4,
            "3568" : 14,
            "3600" : 21,
            "3632" : 70,
            "3664" : 216,
            "3696" : 560,
            "3728" : 959,
            "3760" : 1595,
            "3792" : 2092,
            "3824" : 2548,
            "3856" : 2663,
            "3888" : 2486,
            "3920" : 2348,
            "3952" : 2340,
            "3984" : 2884,
            "4016" : 3464,
            "4048" : 3986,
            "4080" : 3903,
            "4128" : 7002,
            "4192" : 6668,
            "4256" : 8285,
            "4320" : 9769,
            "4384" : 8030,
            "4448" : 4854,
            "4512" : 3296,
            "4576" : 3340,
            "4640" : 2620,
            "4704" : 1928,
            "4768" : 1945,
            "4832" : 1673,
            "4896" : 1193,
            "4960" : 848,
            "5024" : 650,
            "5088" : 771,
            "5152" : 1713,
            "5216" : 2924,
            "5280" : 2867,
            "5344" : 1741,
            "5408" : 756,
            "5472" : 331,
            "5536" : 243,
            "5600" : 236,
            "5664" : 214,
            "5728" : 192,
            "5792" : 199,
            "5856" : 187,
            "5920" : 195,
            "5984" : 325,
            "6048" : 534,
            "6112" : 1125,
            "6176" : 2135,
            "6240" : 3453,
            "6304" : 4729,
            "6368" : 5456,
            "6432" : 4973,
            "6496" : 3455,
            "6560" : 2515,
            "6624" : 2237,
            "6688" : 2448,
            "6752" : 3242,
            "6816" : 4168,
            "6880" : 4906,
            "6944" : 4960,
            "7008" : 4800,
            "7072" : 4177,
            "7136" : 2926,
            "7200" : 1729,
            "7264" : 1238,
            "7328" : 941,
            "7392" : 781,
            "7456" : 515,
            "7520" : 397,
            "7584" : 319,
            "7648" : 262,
            "7712" : 262,
            "7776" : 286,
            "7840" : 241,
            "7904" : 274,
            "7968" : 435,
            "8032" : 660,
            "8096" : 858,
            "8160" : 945,
            "8256" : 1482,
            "8384" : 798,
            "8512" : 379,
            "8640" : 270,
            "8768" : 200,
            "8896" : 209,
            "9024" : 298,
            "9152" : 1083,
            "9280" : 3343,
            "9408" : 8229,
            "9536" : 13575,
            "9664" : 14463,
            "9792" : 10754,
            "9920" : 8913,
            "10048" : 8643,
            "10176" : 8638,
            "10304" : 9569,
            "10432" : 13257,
            "10560" : 16216,
            "10688" : 17246,
            "10816" : 16202,
            "10944" : 13480,
            "11072" : 9898,
            "11200" : 6594,
            "11328" : 6809,
            "11456" : 10250,
            "11584" : 11562,
            "11712" : 10475,
            "11840" : 10916,
            "11968" : 10048,
            "12096" : 6988,
            "12224" : 4467,
            "12352" : 2936,
            "12480" : 2389,
            "12608" : 2608,
            "12736" : 4054,
            "12864" : 5783,
            "12992" : 6190,
            "13120" : 5537,
            "13248" : 5951,
            "13376" : 6603,
            "13504" : 5985,
            "13632" : 4641,
            "13760" : 3519,
            "13888" : 3496,
            "14016" : 5171,
            "14144" : 7286,
            "14272" : 8533,
            "14400" : 6726,
            "14528" : 4510,
            "14656" : 3053,
            "14784" : 2501,
            "14912" : 2625,
            "15040" : 2264,
            "15168" : 1876,
            "15296" : 1644,
            "15424" : 1404,
            "15552" : 1202,
            "15680" : 1115,
            "15808" : 1040,
            "15936" : 1026,
            "16064" : 939,
            "16192" : 883,
            "16320" : 884,
            "16512" : 1880,
            "16768" : 1794,
            "17024" : 1685,
            "17280" : 1600,
            "17536" : 1579,
            "17792" : 1523,
            "18048" : 1564,
            "18304" : 1560,
            "18560" : 1527,
            "18816" : 1525,
            "19072" : 1488,
            "19328" : 1523,
            "19584" : 1350,
            "19840" : 1256,
            "20096" : 1201,
            "20352" : 971,
            "20608" : 879,
            "20864" : 813,
            "21120" : 659,
            "21376" : 573,
            "21632" : 550,
            "21888" : 495,
            "22144" : 414,
            "22400" : 352,
            "22656" : 321,
            "22912" : 308,
            "23168" : 288,
            "23424" : 253,
            "23680" : 219,
            "23936" : 190,
            "24192" : 200,
            "24448" : 148,
            "24704" : 172,
            "24960" : 125,
            "25216" : 113,
            "25472" : 106,
            "25728" : 119,
            "25984" : 90,
            "26240" : 89,
            "26496" : 91,
            "26752" : 60,
            "27008" : 59,
            "27264" : 49,
            "27520" : 54,
            "27776" : 57,
            "28032" : 32,
            "28288" : 41,
            "28544" : 28,
            "28800" : 27,
            "29056" : 34,
            "29312" : 40,
            "29568" : 34,
            "29824" : 38,
            "30080" : 39,
            "30336" : 27,
            "30592" : 23,
            "30848" : 27,
            "31104" : 30,
            "31360" : 19,
            "31616" : 20,
            "31872" : 27,
            "32128" : 18,
            "32384" : 21,
            "32640" : 11,
            "33024" : 42,
            "33536" : 35,
            "34048" : 34,
            "34560" : 42,
            "35072" : 36,
            "35584" : 43,
            "36096" : 25,
            "36608" : 21,
            "37120" : 25,
            "37632" : 30,
            "38144" : 24,
            "38656" : 25,
            "39168" : 28,
            "39680" : 21,
            "40192" : 40,
            "40704" : 25,
            "41216" : 18,
            "41728" : 30,
            "42240" : 20,
            "42752" : 21,
            "43264" : 19,
            "43776" : 20,
            "44288" : 24,
            "44800" : 27,
            "45312" : 25,
            "45824" : 21,
            "46336" : 17,
            "46848" : 18,
            "47360" : 20,
            "47872" : 18,
            "48384" : 20,
            "48896" : 17,
            "49408" : 26,
            "49920" : 18,
            "50432" : 17,
            "50944" : 18,
            "51456" : 24,
            "51968" : 14,
            "52480" : 16,
            "52992" : 16,
            "53504" : 23,
            "54016" : 11,
            "54528" : 18,
            "55040" : 13,
            "55552" : 10,
            "56064" : 8,
            "56576" : 14,
            "57088" : 15,
            "57600" : 17,
            "58112" : 9,
            "58624" : 9,
            "59136" : 10,
            "59648" : 12,
            "60160" : 9,
            "60672" : 8,
            "61184" : 10,
            "61696" : 8,
            "62208" : 11,
            "62720" : 11,
            "63232" : 3,
            "63744" : 4,
            "64256" : 6,
            "64768" : 15,
            "65280" : 13,
            "66048" : 16,
            "67072" : 17,
            "68096" : 10,
            "69120" : 19,
            "70144" : 12,
            "71168" : 11,
            "72192" : 13,
            "73216" : 15,
            "74240" : 11,
            "75264" : 10,
            "76288" : 11,
            "77312" : 8,
            "78336" : 8,
            "79360" : 5,
            "80384" : 11,
            "81408" : 6,
            "82432" : 1,
            "83456" : 9,
            "84480" : 4,
            "85504" : 3,
            "86528" : 4,
            "87552" : 4,
            "88576" : 7,
            "89600" : 2,
            "90624" : 3,
            "91648" : 5,
            "92672" : 4,
            "93696" : 6,
            "94720" : 3,
            "95744" : 6,
            "96768" : 3,
            "97792" : 8,
            "98816" : 4,
            "99840" : 5,
            "100864" : 5,
            "101888" : 6,
            "102912" : 6,
            "103936" : 7,
            "104960" : 4,
            "105984" : 3,
            "107008" : 5,
            "108032" : 7,
            "109056" : 3,
            "110080" : 7,
            "111104" : 5,
            "112128" : 7,
            "113152" : 5,
            "114176" : 7,
            "115200" : 6,
            "116224" : 4,
            "117248" : 3,
            "118272" : 4,
            "119296" : 2,
            "120320" : 4,
            "121344" : 4,
            "122368" : 1,
            "123392" : 6,
            "124416" : 1,
            "126464" : 1,
            "128512" : 2,
            "129536" : 1,
            "130560" : 1,
            "132096" : 4,
            "134144" : 2,
            "136192" : 3,
            "140288" : 3,
            "142336" : 2,
            "144384" : 2,
            "146432" : 2,
            "148480" : 2,
            "150528" : 1,
            "154624" : 2,
            "156672" : 1,
            "158720" : 1,
            "160768" : 2,
            "162816" : 1,
            "164864" : 3,
            "168960" : 1,
            "173056" : 1,
            "175104" : 1,
            "191488" : 2,
            "193536" : 1,
            "197632" : 2,
            "203776" : 1,
            "205824" : 1,
            "207872" : 1,
            "211968" : 1,
            "218112" : 1,
            "222208" : 1,
            "224256" : 2,
            "228352" : 1,
            "230400" : 1,
            "232448" : 1,
            "240640" : 1,
            "244736" : 3,
            "248832" : 1,
            "250880" : 1,
            "252928" : 3,
            "259072" : 1,
            "261120" : 1,
            "264192" : 3,
            "268288" : 1,
            "280576" : 1,
            "288768" : 1,
            "296960" : 1,
            "301056" : 1,
            "309248" : 2,
            "317440" : 1,
            "321536" : 1,
            "325632" : 1,
            "333824" : 1,
            "342016" : 1,
            "346112" : 1,
            "354304" : 1,
            "358400" : 1,
            "370688" : 1,
            "374784" : 1,
            "391168" : 2,
            "399360" : 5,
            "407552" : 1,
            "419840" : 1,
            "428032" : 1,
            "432128" : 1,
            "440320" : 1,
            "460800" : 1,
            "468992" : 2,
            "528384" : 1,
            "643072" : 1,
            "667648" : 2,
            "692224" : 1,
            "700416" : 1,
            "708608" : 1,
            "716800" : 2,
            "724992" : 1,
            "790528" : 1,
            "847872" : 2,
            "856064" : 1,
            "946176" : 1,
            "1003520" : 1,
            "1187840" : 1,
            "1482752" : 1,
            "1531904" : 1,
            "1695744" : 1,
            "1810432" : 1,
            "1875968" : 1,
            "2703360" : 1,
            "3325952" : 1,
            "3719168" : 1
          }
        },
        "bw_min" : 201104,
        "bw_max" : 255640,
        "bw_agg" : 99.986767,
        "bw_mean" : 238829.793103,
        "bw_dev" : 12797.251294,
        "bw_samples" : 29,
        "iops_min" : 50276,
        "iops_max" : 63910,
        "iops_mean" : 59707.448276,
        "iops_stddev" : 3199.312823,
        "iops_samples" : 29
      },
      "write" : {
        "io_bytes" : 3663872000,
        "io_kbytes" : 3578000,
        "bw_bytes" : 244241850,
        "bw" : 238517,
        "iops" : 59629.358043,
        "runtime" : 15001,
        "total_ios" : 894500,
        "short_ios" : 0,
        "drop_ios" : 0,
        "slat_ns" : {
          "min" : 0,
          "max" : 0,
          "mean" : 0.000000,
          "stddev" : 0.000000,
          "N" : 0
        },
        "clat_ns" : {
          "min" : 848,
          "max" : 1752439,
          "mean" : 2987.576145,
          "stddev" : 3696.634614,
          "N" : 894500,
          "percentile" : {
            "1.000000" : 1048,
            "5.000000" : 1192,
            "10.000000" : 1272,
            "20.000000" : 1448,
            "30.000000" : 1736,
            "40.000000" : 2008,
            "50.000000" : 2320,
            "60.000000" : 2544,
            "70.000000" : 4320,
            "80.000000" : 4832,
            "90.000000" : 5408,
            "95.000000" : 5856,
            "99.000000" : 7584,
            "99.500000" : 8640,
            "99.900000" : 14016,
            "99.950000" : 28800,
            "99.990000" : 81408
          },
          "bins" : {
            "852" : 19,
            "860" : 146,
            "868" : 364,
            "876" : 470,
            "884" : 596,
            "892" : 646,
            "900" : 665,
            "908" : 616,
            "916" : 474,
            "924" : 407,
            "932" : 249,
            "940" : 164,
            "948" : 101,
            "956" : 71,
            "964" : 51,
            "972" : 120,
            "980" : 296,
            "988" : 337,
            "996" : 308,
            "1004" : 471,
            "1012" : 622,
            "1020" : 652,
            "1032" : 1004,
            "1048" : 855,
            "1064" : 770,
            "1080" : 1190,
            "1096" : 1189,
            "1112" : 1191,
            "1128" : 2095,
            "1144" : 4795,
            "1160" : 9654,
            "1176" : 11876,
            "1192" : 10662,
            "1208" : 8798,
            "1224" : 7665,
            "1240" : 7664,
            "1256" : 8611,
            "1272" : 8765,
            "1288" : 9115,
            "1304" : 9198,
            "1320" : 8734,
            "1336" : 8327,
            "1352" : 7725,
            "1368" : 7725,
            "1384" : 8070,
            "1400" : 8028,
            "1416" : 7967,
            "1432" : 7482,
            "1448" : 7323,
            "1464" : 6948,
            "1480" : 7163,
            "1496" : 8317,
            "1512" : 8797,
            "1528" : 8811,
            "1544" : 8528,
            "1560" : 7759,
            "1576" : 6697,
            "1592" : 4911,
            "1608" : 3445,
            "1624" : 2338,
            "1640" : 1513,
            "1656" : 1262,
            "1672" : 1143,
            "1688" : 1361,
            "1704" : 1888,
            "1720" : 2528,
            "1736" : 3496,
            "1752" : 4258,
            "1768" : 5338,
            "1784" : 6157,
            "1800" : 6712,
            "1816" : 7009,
            "1832" : 6735,
            "1848" : 6396,
            "1864" : 5534,
            "1880" : 5038,
            "1896" : 4547,
            "1912" : 4121,
            "1928" : 4088,
            "1944" : 4335,
            "1960" : 4470,
            "1976" : 4885,
            "1992" : 5047,
            "2008" : 5593,
            "2024" : 5576,
            "2040" : 5482,
            "2064" : 10920,
            "2096" : 10757,
            "2128" : 9931,
            "2160" : 9329,
            "2192" : 9176,
            "2224" : 8366,
            "2256" : 7579,
            "2288" : 6562,
            "2320" : 6599,
            "2352" : 7416,
            "2384" : 9089,
            "2416" : 11413,
            "2448" : 13792,
            "2480" : 15869,
            "2512" : 16484,
            "2544" : 14976,
            "2576" : 12339,
            "2608" : 8572,
            "2640" : 5758,
            "2672" : 4001,
            "2704" : 2943,
            "2736" : 2543,
            "2768" : 2163,
            "2800" : 2072,
            "2832" : 1862,
            "2864" : 1694,
            "2896" : 1503,
            "2928" : 1386,
            "2960" : 1226,
            "2992" : 1151,
            "3024" : 1066,
            "3056" : 1096,
            "3088" : 942,
            "3120" : 845,
            "3152" : 859,
            "3184" : 798,
            "3216" : 811,
            "3248" : 736,
            "3280" : 746,
            "3312" : 767,
            "3344" : 774,
            "3376" : 763,
            "3408" : 765,
            "3440" : 776,
            "3472" : 809,
            "3504" : 785,
            "3536" : 862,
            "3568" : 819,
            "3600" : 782,
            "3632" : 781,
            "3664" : 747,
            "3696" : 722,
            "3728" : 720,
            "3760" : 695,
            "3792" : 649,
            "3824" : 750,
            "3856" : 707,
            "3888" : 712,
            "3920" : 705,
            "3952" : 650,
            "3984" : 711,
            "4016" : 705,
            "4048" : 652,
            "4080" : 597,
            "4128" : 1399,
            "4192" : 2586,
            "4256" : 4716,
            "4320" : 6991,
            "4384" : 8194,
            "4448" : 8464,
            "4512" : 9334,
            "4576" : 11068,
            "4640" : 13693,
            "4704" : 14953,
            "4768" : 14715,
            "4832" : 13340,
            "4896" : 12257,
            "4960" : 11767,
            "5024" : 10932,
            "5088" : 9467,
            "5152" : 7951,
            "5216" : 7546,
            "5280" : 8438,
            "5344" : 9391,
            "5408" : 9187,
            "5472" : 7670,
            "5536" : 6415,
            "5600" : 6029,
            "5664" : 5924,
            "5728" : 5260,
            "5792" : 4484,
            "5856" : 3992,
            "5920" : 3646,
            "5984" : 3524,
            "6048" : 3452,
            "6112" : 3173,
            "6176" : 2667,
            "6240" : 2173,
            "6304" : 1654,
            "6368" : 1324,
            "6432" : 1148,
            "6496" : 1126,
            "6560" : 1150,
            "6624" : 1165,
            "6688" : 1111,
            "6752" : 1016,
            "6816" : 697,
            "6880" : 535,
            "6944" : 482,
            "7008" : 429,
            "7072" : 395,
            "7136" : 368,
            "7200" : 318,
            "7264" : 315,
            "7328" : 286,
            "7392" : 280,
            "7456" : 286,
            "7520" : 314,
            "7584" : 296,
            "7648" : 334,
            "7712" : 306,
            "7776" : 325,
            "7840" : 327,
            "7904" : 339,
            "7968" : 277,
            "8032" : 299,
            "8096" : 263,
            "8160" : 294,
            "8256" : 507,
            "8384" : 433,
            "8512" : 394,
            "8640" : 339,
            "8768" : 316,
            "8896" : 269,
            "9024" : 252,
            "9152" : 216,
            "9280" : 198,
            "9408" : 194,
            "9536" : 170,
            "9664" : 155,
            "9792" : 126,
            "9920" : 137,
            "10048" : 111,
            "10176" : 94,
            "10304" : 100,
            "10432" : 64,
            "10560" : 84,
            "10688" : 71,
            "10816" : 65,
            "10944" : 62,
            "11072" : 43,
            "11200" : 52,
            "11328" : 38,
            "11456" : 45,
            "11584" : 43,
            "11712" : 34,
            "11840" : 34,
            "11968" : 31,
            "12096" : 41,
            "12224" : 31,
            "12352" : 28,
            "12480" : 23,
            "12608" : 26,
            "12736" : 17,
            "12864" : 23,
            "12992" : 23,
            "13120" : 28,
            "13248" : 22,
            "13376" : 23,
            "13504" : 17,
            "13632" : 14,
            "13760" : 12,
            "13888" : 13,
            "14016" : 13,
            "14144" : 9,
            "14272" : 15,
            "14400" : 12,
            "14528" : 13,
            "14656" : 11,
            "14784" : 13,
            "14912" : 12,
            "15040" : 9,
            "15168" : 16,
            "15296" : 9,
            "15424" : 7,
            "15552" : 8,
            "15680" : 6,
            "15808" : 6,
            "15936" : 3,
            "16064" : 14,
            "16192" : 6,
            "16320" : 7,
            "16512" : 11,
            "16768" : 7,
            "17024" : 9,
            "17280" : 19,
            "17536" : 14,
            "17792" : 11,
            "18048" : 5,
            "18304" : 7,
            "18560" : 4,
            "18816" : 7,
            "19072" : 5,
            "19328" : 6,
            "19584" : 9,
            "19840" : 5,
            "20096" : 11,
            "20352" : 8,
            "20608" : 5,
            "20864" : 6,
            "21120" : 6,
            "21376" : 6,
            "21632" : 6,
            "21888" : 5,
            "22144" : 4,
            "22400" : 9,
            "22656" : 4,
            "22912" : 4,
            "23168" : 5,
            "23424" : 4,
            "23680" : 6,
            "23936" : 1,
            "24192" : 1,
            "24448" : 4,
            "24704" : 4,
            "24960" : 4,
            "25216" : 5,
            "25472" : 2,
            "25728" : 4,
            "25984" : 4,
            "26240" : 4,
            "26496" : 1,
            "26752" : 2,
            "27008" : 4,
            "27264" : 5,
            "27520" : 2,
            "27776" : 5,
            "28032" : 1,
            "28288" : 1,
            "28544" : 2,
            "28800" : 1,
            "29056" : 2,
            "29312" : 6,
            "29568" : 5,
            "29824" : 3,
            "30080" : 2,
            "30336" : 2,
            "30592" : 2,
            "30848" : 1,
            "31104" : 3,
            "31360" : 1,
            "31616" : 1,
            "31872" : 1,
            "32128" : 2,
            "32384" : 4,
            "32640" : 2,
            "33024" : 8,
            "33536" : 5,
            "34048" : 6,
            "34560" : 3,
            "35072" : 4,
            "35584" : 11,
            "36096" : 8,
            "36608" : 4,
            "37120" : 6,
            "37632" : 9,
            "38144" : 4,
            "38656" : 4,
            "39168" : 8,
            "39680" : 4,
            "40192" : 1,
            "40704" : 3,
            "41216" : 6,
            "41728" : 9,
            "42240" : 8,
            "42752" : 8,
            "43264" : 11,
            "43776" : 5,
            "44288" : 1,
            "44800" : 1,
            "45312" : 3,
            "45824" : 5,
            "46336" : 6,
            "46848" : 5,
            "47360" : 6,
            "47872" : 7,
            "48384" : 2,
            "48896" : 3,
            "49408" : 8,
            "49920" : 6,
            "50432" : 2,
            "50944" : 4,
            "51456" : 7,
            "51968" : 5,
            "52480" : 6,
            "52992" : 3,
            "53504" : 2,
            "54016" : 1,
            "54528" : 8,
            "55040" : 4,
            "55552" : 3,
            "56064" : 4,
            "56576" : 4,
            "57088" : 3,
            "57600" : 2,
            "58112" : 4,
            "59136" : 2,
            "59648" : 3,
            "60160" : 3,
            "60672" : 2,
            "61696" : 1,
            "62208" : 3,
            "62720" : 4,
            "63744" : 1,
            "64256" : 4,
            "64768" : 1,
            "65280" : 1,
            "66048" : 4,
            "67072" : 4,
            "69120" : 5,
            "70144" : 8,
            "71168" : 5,
            "72192" : 5,
            "73216" : 1,
            "74240" : 4,
            "75264" : 1,
            "76288" : 2,
            "78336" : 3,
            "79360" : 1,
            "80384" : 2,
            "81408" : 1,
            "82432" : 2,
            "84480" : 1,
            "87552" : 3,
            "89600" : 1,
            "90624" : 3,
            "91648" : 3,
            "94720" : 3,
            "95744" : 2,
            "96768" : 2,
            "97792" : 3,
            "98816" : 1,
            "99840" : 2,
            "100864" : 2,
            "101888" : 3,
            "102912" : 2,
            "103936" : 1,
            "104960" : 1,
            "105984" : 4,
            "107008" : 4,
            "108032" : 1,
            "110080" : 7,
            "111104" : 1,
            "112128" : 2,
            "113152" : 2,
            "114176" : 1,
            "115200" : 1,
            "119296" : 1,
            "121344" : 1,
            "122368" : 1,
            "125440" : 1,
            "126464" : 1,
            "127488" : 1,
            "128512" : 1,
            "140288" : 1,
            "144384" : 1,
            "152576" : 1,
            "156672" : 2,
            "171008" : 1,
            "189440" : 1,
            "191488" : 1,
            "199680" : 1,
            "211968" : 1,
            "238592" : 1,
            "248832" : 1,
            "272384" : 1,
            "280576" : 1,
            "309248" : 1,
            "325632" : 1,
            "370688" : 1,
            "374784" : 1,
            "428032" : 1,
            "593920" : 1,
            "602112" : 1,
            "626688" : 1,
            "1646592" : 1,
            "1744896" : 1
          }
        },
        "lat_ns" : {
          "min" : 898,
          "max" : 2132573,
          "mean" : 3111.468776,
          "stddev" : 4348.383383,
          "N" : 894500,
          "percentile" : {
            "1.000000" : 1096,
            "5.000000" : 1240,
            "10.000000" : 1352,
            "20.000000" : 1528,
            "30.000000" : 1832,
            "40.000000" : 2096,
            "50.000000" : 2416,
            "60.000000" : 2672,
            "70.000000" : 4448,
            "80.000000" : 4960,
            "90.000000" : 5536,
            "95.000000" : 5984,
            "99.000000" : 7904,
            "99.500000" : 9024,
            "99.900000" : 14528,
            "99.950000" : 30080,
            "99.990000" : 82432
          },
          "bins" : {
            "900" : 47,
            "908" : 142,
            "916" : 323,
            "924" : 578,
            "932" : 704,
            "940" : 643,
            "948" : 683,
            "956" : 490,
            "964" : 482,
            "972" : 364,
            "980" : 232,
            "988" : 154,
            "996" : 83,
            "1004" : 62,
            "1012" : 45,
            "1020" : 106,
            "1032" : 506,
            "1048" : 890,
            "1064" : 1212,
            "1080" : 1093,
            "1096" : 864,
            "1112" : 740,
            "1128" : 1052,
            "1144" : 1222,
            "1160" : 1200,
            "1176" : 1582,
            "1192" : 2895,
            "1208" : 7128,
            "1224" : 11014,
            "1240" : 10781,
            "1256" : 9080,
            "1272" : 6241,
            "1288" : 5273,
            "1304" : 5405,
            "1320" : 6101,
            "1336" : 7499,
            "1352" : 8173,
            "1368" : 8596,
            "1384" : 8456,
            "1400" : 8145,
            "1416" : 8098,
            "1432" : 7976,
            "1448" : 8093,
            "1464" : 8244,
            "1480" : 8062,
            "1496" : 8384,
            "1512" : 8212,
            "1528" : 9082,
            "1544" : 9891,
            "1560" : 10040,
            "1576" : 10273,
            "1592" : 9458,
            "1608" : 8999,
            "1624" : 7484,
            "1640" : 5595,
            "1656" : 3877,
            "1672" : 2513,
            "1688" : 1655,
            "1704" : 1166,
            "1720" : 898,
            "1736" : 819,
            "1752" : 939,
            "1768" : 1350,
            "1784" : 1612,
            "1800" : 1927,
            "1816" : 2391,
            "1832" : 2800,
            "1848" : 3382,
            "1864" : 4016,
            "1880" : 4528,
            "1896" : 5170,
            "1912" : 5584,
            "1928" : 6266,
            "1944" : 6609,
            "1960" : 6714,
            "1976" : 6671,
            "1992" : 6422,
            "2008" : 6410,
            "2024" : 6009,
            "2040" : 5422,
            "2064" : 10836,
            "2096" : 10304,
            "2128" : 10041,
            "2160" : 9664,
            "2192" : 9054,
            "2224" : 9116,
            "2256" : 9207,
            "2288" : 8768,
            "2320" : 8089,
            "2352" : 6849,
            "2384" : 6152,
            "2416" : 6257,
            "2448" : 6324,
            "2480" : 7169,
            "2512" : 8478,
            "2544" : 10348,
            "2576" : 12650,
            "2608" : 14500,
            "2640" : 15503,
            "2672" : 14359,
            "2704" : 11892,
            "2736" : 8614,
            "2768" : 5725,
            "2800" : 3805,
            "2832" : 2793,
            "2864" : 2270,
            "2896" : 2038,
            "2928" : 1978,
            "2960" : 1840,
            "2992" : 1750,
            "3024" : 1581,
            "3056" : 1383,
            "3088" : 1230,
            "3120" : 1113,
            "3152" : 1075,
            "3184" : 988,
            "3216" : 890,
            "3248" : 878,
            "3280" : 802,
            "3312" : 786,
            "3344" : 710,
            "3376" : 744,
            "3408" : 749,
            "3440" : 728,
            "3472" : 710,
            "3504" : 745,
            "3536" : 747,
            "3568" : 757,
            "3600" : 721,
            "3632" : 788,
            "3664" : 770,
            "3696" : 759,
            "3728" : 751,
            "3760" : 738,
            "3792" : 695,
            "3824" : 718,
            "3856" : 659,
            "3888" : 695,
            "3920" : 677,
            "3952" : 666,
            "3984" : 719,
            "4016" : 673,
            "4048" : 648,
            "4080" : 664,
            "4128" : 1323,
            "4192" : 1374,
            "4256" : 2108,
            "4320" : 4100,
            "4384" : 6354,
            "4448" : 7871,
            "4512" : 8701,
            "4576" : 9222,
            "4640" : 10758,
            "4704" : 12501,
            "4768" : 13927,
            "4832" : 14066,
            "4896" : 13580,
            "4960" : 12412,
            "5024" : 11949,
            "5088" : 11993,
            "5152" : 11232,
            "5216" : 9205,
            "5280" : 7852,
            "5344" : 7852,
            "5408" : 8738,
            "5472" : 9128,
            "5536" : 8360,
            "5600" : 7257,
            "5664" : 6465,
            "5728" : 6096,
            "5792" : 5466,
            "5856" : 4858,
            "5920" : 4503,
            "5984" : 4272,
            "6048" : 4011,
            "6112" : 3734,
            "6176" : 3185,
            "6240" : 2897,
            "6304" : 2449,
            "6368" : 2023,
            "6432" : 1633,
            "6496" : 1341,
            "6560" : 1099,
            "6624" : 1028,
            "6688" : 1060,
            "6752" : 1106,
            "6816" : 1100,
            "6880" : 1057,
            "6944" : 874,
            "7008" : 619,
            "7072" : 492,
            "7136" : 472,
            "7200" : 426,
            "7264" : 407,
            "7328" : 365,
            "7392" : 346,
            "7456" : 334,
            "7520" : 354,
            "7584" : 331,
            "7648" : 313,
            "7712" : 339,
            "7776" : 351,
            "7840" : 356,
            "7904" : 362,
            "7968" : 340,
            "8032" : 338,
            "8096" : 341,
            "8160" : 318,
            "8256" : 648,
            "8384" : 571,
            "8512" : 506,
            "8640" : 440,
            "8768" : 397,
            "8896" : 363,
            "9024" : 313,
            "9152" : 325,
            "9280" : 278,
            "9408" : 248,
            "9536" : 231,
            "9664" : 200,
            "9792" : 208,
            "9920" : 153,
            "10048" : 170,
            "10176" : 142,
            "10304" : 130,
            "10432" : 110,
            "10560" : 84,
            "10688" : 78,
            "10816" : 90,
            "10944" : 78,
            "11072" : 75,
            "11200" : 62,
            "11328" : 51,
            "11456" : 43,
            "11584" : 50,
            "11712" : 47,
            "11840" : 43,
            "11968" : 35,
            "12096" : 43,
            "12224" : 42,
            "12352" : 37,
            "12480" : 25,
            "12608" : 31,
            "12736" : 24,
            "12864" : 20,
            "12992" : 29,
            "13120" : 24,
            "13248" : 27,
            "13376" : 25,
            "13504" : 16,
            "13632" : 26,
            "13760" : 15,
            "13888" : 14,
            "14016" : 12,
            "14144" : 15,
            "14272" : 11,
            "14400" : 12,
            "14528" : 18,
            "14656" : 8,
            "14784" : 13,
            "14912" : 11,
            "15040" : 10,
            "15168" : 16,
            "15296" : 11,
            "15424" : 10,
            "15552" : 7,
            "15680" : 9,
            "15808" : 6,
            "15936" : 7,
            "16064" : 4,
            "16192" : 11,
            "16320" : 11,
            "16512" : 13,
            "16768" : 12,
            "17024" : 9,
            "17280" : 12,
            "17536" : 17,
            "17792" : 9,
            "18048" : 14,
            "18304" : 8,
            "18560" : 5,
            "18816" : 5,
            "19072" : 5,
            "19328" : 10,
            "19584" : 5,
            "19840" : 9,
            "20096" : 8,
            "20352" : 10,
            "20608" : 5,
            "20864" : 4,
            "21120" : 8,
            "21376" : 5,
            "21632" : 8,
            "21888" : 5,
            "22144" : 5,
            "22400" : 6,
            "22656" : 7,
            "22912" : 2,
            "23168" : 8,
            "23424" : 4,
            "23680" : 3,
            "23936" : 5,
            "24448" : 5,
            "24704" : 4,
            "24960" : 4,
            "25216" : 5,
            "25472" : 3,
            "25728" : 5,
            "25984" : 4,
            "26240" : 3,
            "26496" : 3,
            "26752" : 3,
            "27008" : 2,
            "27264" : 4,
            "27520" : 2,
            "27776" : 3,
            "28032" : 4,
            "28288" : 2,
            "28544" : 2,
            "28800" : 1,
            "29056" : 1,
            "29312" : 8,
            "29568" : 2,
            "29824" : 5,
            "30080" : 3,
            "30336" : 1,
            "30592" : 3,
            "30848" : 1,
            "31104" : 1,
            "31360" : 2,
            "31616" : 1,
            "31872" : 1,
            "32128" : 2,
            "32384" : 6,
            "32640" : 2,
            "33024" : 5,
            "33536" : 9,
            "34048" : 6,
            "34560" : 5,
            "35072" : 4,
            "35584" : 7,
            "36096" : 11,
            "36608" : 8,
            "37120" : 3,
            "37632" : 11,
            "38144" : 4,
            "38656" : 5,
            "39168" : 7,
            "39680" : 4,
            "40192" : 2,
            "40704" : 2,
            "41216" : 8,
            "41728" : 6,
            "42240" : 11,
            "42752" : 7,
            "43264" : 10,
            "43776" : 4,
            "44288" : 3,
            "44800" : 2,
            "45312" : 3,
            "45824" : 5,
            "46336" : 5,
            "46848" : 6,
            "47360" : 4,
            "47872" : 9,
            "48384" : 2,
            "48896" : 3,
            "49408" : 8,
            "49920" : 6,
            "50432" : 3,
            "50944" : 4,
            "51456" : 7,
            "51968" : 6,
            "52480" : 6,
            "52992" : 4,
            "53504" : 2,
            "54016" : 2,
            "54528" : 7,
            "55040" : 5,
            "55552" : 4,
            "56064" : 2,
            "56576" : 6,
            "57088" : 3,
            "57600" : 2,
            "58112" : 3,
            "58624" : 1,
            "59136" : 2,
            "59648" : 2,
            "60160" : 4,
            "60672" : 2,
            "61696" : 1,
            "62208" : 2,
            "62720" : 4,
            "63232" : 1,
            "63744" : 1,
            "64256" : 4,
            "65280" : 2,
            "66048" : 2,
            "67072" : 5,
            "68096" : 1,
            "69120" : 4,
            "70144" : 9,
            "71168" : 5,
            "72192" : 4,
            "73216" : 2,
            "74240" : 2,
            "75264" : 4,
            "76288" : 2,
            "78336" : 3,
            "79360" : 1,
            "80384" : 2,
            "81408" : 2,
            "82432" : 2,
            "85504" : 1,
            "87552" : 3,
            "89600" : 1,
            "90624" : 3,
            "91648" : 2,
            "92672" : 1,
            "94720" : 3,
            "95744" : 2,
            "96768" : 2,
            "97792" : 3,
            "98816" : 2,
            "99840" : 1,
            "100864" : 3,
            "101888" : 3,
            "102912" : 2,
            "104960" : 2,
            "105984" : 3,
            "107008" : 5,
            "108032" : 1,
            "110080" : 6,
            "111104" : 2,
            "112128" : 2,
            "113152" : 2,
            "114176" : 1,
            "115200" : 1,
            "119296" : 1,
            "122368" : 2,
            "125440" : 1,
            "126464" : 1,
            "127488" : 1,
            "128512" : 1,
            "140288" : 1,
            "144384" : 1,
            "152576" : 1,
            "156672" : 2,
            "171008" : 1,
            "189440" : 1,
            "191488" : 1,
            "201728" : 1,
            "211968" : 1,
            "238592" : 1,
            "248832" : 1,
            "272384" : 1,
            "280576" : 1,
            "309248" : 1,
            "325632" : 1,
            "370688" : 1,
            "374784" : 1,
            "428032" : 1,
            "593920" : 1,
            "602112" : 1,
            "626688" : 1,
            "1646592" : 1,
            "1744896" : 1,
            "2146304" : 1
          }
        },
        "bw_min" : 201760,
        "bw_max" : 254984,
        "bw_agg" : 99.978437,
        "bw_mean" : 238466.758621,
        "bw_dev" : 12257.642426,
        "bw_samples" : 29,
        "iops_min" : 50440,
        "iops_max" : 63746,
        "iops_mean" : 59616.689655,
        "iops_stddev" : 3064.423566,
        "iops_samples" : 29
      },
      "trim" : {
        "io_bytes" : 0,
        "io_kbytes" : 0,
        "bw_bytes" : 0,
        "bw" : 0,
        "iops" : 0.000000,
        "runtime" : 0,
        "total_ios" : 0,
        "short_ios" : 0,
        "drop_ios" : 0,
        "slat_ns" : {
          "min" : 0,
          "max" : 0,
          "mean" : 0.000000,
          "stddev" : 0.000000,
          "N" : 0
        },
        "clat_ns" : {
          "min" : 0,
          "max" : 0,
          "mean" : 0.000000,
          "stddev" : 0.000000,
          "N" : 0
        },
        "lat_ns" : {
          "min" : 0,
          "max" : 0,
          "mean" : 0.000000,
          "stddev" : 0.000000,
          "N" : 0
        },
        "bw_min" : 0,
        "bw_max" : 0,
        "bw_agg" : 0.000000,
        "bw_mean" : 0.000000,
        "bw_dev" : 0.000000,
        "bw_samples" : 0,
        "iops_min" : 0,
        "iops_max" : 0,
        "iops_mean" : 0.000000,
        "iops_stddev" : 0.000000,
        "iops_samples" : 0
      },
      "sync" : {
        "total_ios" : 0,
        "lat_ns" : {
          "min" : 0,
          "max" : 0,
          "mean" : 0.000000,
          "stddev" : 0.000000,
          "N" : 0
        }
      },
      "job_runtime" : 15000,
      "usr_cpu" : 13.700000,
      "sys_cpu" : 69.220000,
      "ctx" : 580283,
      "majf" : 0,
      "minf" : 19,
      "iodepth_level" : {
        "1" : 100.000000,
        "2" : 0.000000,
        "4" : 0.000000,
        "8" : 0.000000,
        "16" : 0.000000,
        "32" : 0.000000,
        ">=64" : 0.000000
      },
      "iodepth_submit" : {
        "0" : 0.000000,
        "4" : 100.000000,
        "8" : 0.000000,
        "16" : 0.000000,
        "32" : 0.000000,
        "64" : 0.000000,
        ">=64" : 0.000000
      },
      "iodepth_complete" : {
        "0" : 0.000000,
        "4" : 100.000000,
        "8" : 0.000000,
        "16" : 0.000000,
        "32" : 0.000000,
        "64" : 0.000000,
        ">=64" : 0.000000
      },
      "latency_ns" : {
        "2" : 0.000000,
        "4" : 0.000000,
        "10" : 0.000000,
        "20" : 0.000000,
        "50" : 0.000000,
        "100" : 0.000000,
        "250" : 0.000000,
        "500" : 0.000000,
        "750" : 3.495026,
        "1000" : 12.730417
      },
      "latency_us" : {
        "2" : 21.164484,
        "4" : 16.257784,
        "10" : 27.674892,
        "20" : 18.023088,
        "50" : 0.593369,
        "100" : 0.044071,
        "250" : 0.012568,
        "500" : 0.010000,
        "750" : 0.010000,
        "1000" : 0.010000
      },
      "latency_ms" : {
        "2" : 0.010000,
        "4" : 0.010000,
        "10" : 0.000000,
        "20" : 0.000000,
        "50" : 0.000000,
        "100" : 0.000000,
        "250" : 0.000000,
        "500" : 0.000000,
        "750" : 0.000000,
        "1000" : 0.000000,
        "2000" : 0.000000,
        ">=2000" : 0.000000
      },
      "latency_depth" : 1,
      "latency_target" : 0,
      "latency_percentile" : 100.000000,
      "latency_window" : 0
    }
  ],
  "disk_util" : [
    {
      "name" : "loop25",
      "read_ios" : 468102,
      "write_ios" : 874611,
      "read_merges" : 0,
      "write_merges" : 0,
      "read_ticks" : 3443,
      "write_ticks" : 7547,
      "in_queue" : 0,
      "util" : 99.359658
    }
  ]
}
