{
  "fio version" : "fio-3.32-36-g5932",
  "timestamp" : 1664212163,
  "timestamp_ms" : 1664212163519,
  "time" : "Mon Sep 26 19:09:23 2022",
  "global options" : {
    "size" : "16M",
    "rw" : "randrw",
    "bs" : "4K",
    "numjobs" : "1",
    "iodepth" : "1",
    "runtime" : "300",
    "end_fsync" : "1",
    "lat_percentiles" : "1",
    "slat_percentiles" : "1",
    "clat_percentiles" : "1"
  },
  "jobs" : [
    {
      "jobname" : "random-rw",
      "groupid" : 0,
      "error" : 0,
      "eta" : 0,
      "elapsed" : 301,
      "job options" : {
        "name" : "random-rw"
      },
      "read" : {
        "io_bytes" : 70510637056,
        "io_kbytes" : 68858044,
        "bw_bytes" : 235033889,
        "bw" : 229525,
        "iops" : 57381.320791,
        "runtime" : 300002,
        "total_ios" : 17214511,
        "short_ios" : 0,
        "drop_ios" : 0,
        "slat_ns" : {
          "min" : 0,
          "max" : 0,
          "mean" : 0.000000,
          "stddev" : 0.000000,
          "N" : 0
        },
        "clat_ns" : {
          "min" : 6028,
          "max" : 7148473,
          "mean" : 11478.739841,
          "stddev" : 6356.869488,
          "N" : 17214511,
          "percentile" : {
            "1.000000" : 6688,
            "5.000000" : 9536,
            "10.000000" : 9792,
            "20.000000" : 10304,
            "30.000000" : 10560,
            "40.000000" : 10688,
            "50.000000" : 10944,
            "60.000000" : 11200,
            "70.000000" : 11968,
            "80.000000" : 12480,
            "90.000000" : 13248,
            "95.000000" : 14016,
            "99.000000" : 20352,
            "99.500000" : 24192,
            "99.900000" : 39168,
            "99.950000" : 52480,
            "99.990000" : 132096
          },
          "bins" : {
            "6048" : 6,
            "6112" : 28,
            "6176" : 149,
            "6240" : 760,
            "6304" : 2724,
            "6368" : 7703,
            "6432" : 17311,
            "6496" : 28983,
            "6560" : 38128,
            "6624" : 42384,
            "6688" : 43287,
            "6752" : 42796,
            "6816" : 37096,
            "6880" : 28001,
            "6944" : 18916,
            "7008" : 11611,
            "7072" : 6699,
            "7136" : 3741,
            "7200" : 2227,
            "7264" : 1618,
            "7328" : 1663,
            "7392" : 2191,
            "7456" : 2771,
            "7520" : 3316,
            "7584" : 3702,
            "7648" : 3535,
            "7712" : 3178,
            "7776" : 2503,
            "7840" : 1784,
            "7904" : 1155,
            "7968" : 881,
            "8032" : 574,
            "8096" : 501,
            "8160" : 397,
            "8256" : 755,
            "8384" : 610,
            "8512" : 691,
            "8640" : 586,
            "8768" : 462,
            "8896" : 382,
            "9024" : 1105,
            "9152" : 8619,
            "9280" : 44837,
            "9408" : 139437,
            "9536" : 302483,
            "9664" : 494613,
            "9792" : 625690,
            "9920" : 620331,
            "10048" : 476719,
            "10176" : 298252,
            "10304" : 275253,
            "10432" : 567767,
            "10560" : 1119174,
            "10688" : 1549526,
            "10816" : 1493254,
            "10944" : 1082547,
            "11072" : 653105,
            "11200" : 401367,
            "11328" : 321049,
            "11456" : 323078,
            "11584" : 317486,
            "11712" : 276875,
            "11840" : 255922,
            "11968" : 323761,
            "12096" : 407620,
            "12224" : 439738,
            "12352" : 449027,
            "12480" : 402260,
            "12608" : 299431,
            "12736" : 250843,
            "12864" : 263403,
            "12992" : 275709,
            "13120" : 276679,
            "13248" : 242983,
            "13376" : 180286,
            "13504" : 133836,
            "13632" : 114220,
            "13760" : 105693,
            "13888" : 100214,
            "14016" : 91888,
            "14144" : 74250,
            "14272" : 60875,
            "14400" : 53821,
            "14528" : 49809,
            "14656" : 49390,
            "14784" : 44744,
            "14912" : 33921,
            "15040" : 24608,
            "15168" : 18427,
            "15296" : 15216,
            "15424" : 14786,
            "15552" : 13756,
            "15680" : 12952,
            "15808" : 11574,
            "15936" : 10512,
            "16064" : 9509,
            "16192" : 8909,
            "16320" : 8182,
            "16512" : 14991,
            "16768" : 13801,
            "17024" : 12661,
            "17280" : 11879,
            "17536" : 11053,
            "17792" : 10737,
            "18048" : 10197,
            "18304" : 9812,
            "18560" : 9175,
            "18816" : 8800,
            "19072" : 8407,
            "19328" : 8255,
            "19584" : 8152,
            "19840" : 7897,
            "20096" : 7685,
            "20352" : 7366,
            "20608" : 7264,
            "20864" : 7232,
            "21120" : 6908,
            "21376" : 6520,
            "21632" : 6239,
            "21888" : 5915,
            "22144" : 5784,
            "22400" : 5188,
            "22656" : 4967,
            "22912" : 4725,
            "23168" : 4459,
            "23424" : 4215,
            "23680" : 3886,
            "23936" : 3783,
            "24192" : 3400,
            "24448" : 3395,
            "24704" : 3293,
            "24960" : 3166,
            "25216" : 3044,
            "25472" : 2650,
            "25728" : 2602,
            "25984" : 2547,
            "26240" : 2384,
            "26496" : 2109,
            "26752" : 2049,
            "27008" : 2028,
            "27264" : 1825,
            "27520" : 1761,
            "27776" : 1582,
            "28032" : 1519,
            "28288" : 1395,
            "28544" : 1328,
            "28800" : 1195,
            "29056" : 1186,
            "29312" : 1179,
            "29568" : 1093,
            "29824" : 1043,
            "30080" : 975,
            "30336" : 967,
            "30592" : 938,
            "30848" : 950,
            "31104" : 936,
            "31360" : 1035,
            "31616" : 1011,
            "31872" : 989,
            "32128" : 906,
            "32384" : 968,
            "32640" : 836,
            "33024" : 1689,
            "33536" : 1596,
            "34048" : 1503,
            "34560" : 1390,
            "35072" : 1231,
            "35584" : 1121,
            "36096" : 999,
            "36608" : 876,
            "37120" : 861,
            "37632" : 767,
            "38144" : 660,
            "38656" : 714,
            "39168" : 609,
            "39680" : 545,
            "40192" : 570,
            "40704" : 529,
            "41216" : 520,
            "41728" : 491,
            "42240" : 413,
            "42752" : 382,
            "43264" : 350,
            "43776" : 335,
            "44288" : 365,
            "44800" : 316,
            "45312" : 272,
            "45824" : 247,
            "46336" : 264,
            "46848" : 254,
            "47360" : 224,
            "47872" : 236,
            "48384" : 263,
            "48896" : 272,
            "49408" : 240,
            "49920" : 225,
            "50432" : 246,
            "50944" : 246,
            "51456" : 247,
            "51968" : 256,
            "52480" : 252,
            "52992" : 246,
            "53504" : 206,
            "54016" : 196,
            "54528" : 200,
            "55040" : 179,
            "55552" : 165,
            "56064" : 156,
            "56576" : 113,
            "57088" : 110,
            "57600" : 97,
            "58112" : 87,
            "58624" : 90,
            "59136" : 76,
            "59648" : 72,
            "60160" : 71,
            "60672" : 66,
            "61184" : 76,
            "61696" : 53,
            "62208" : 55,
            "62720" : 66,
            "63232" : 51,
            "63744" : 55,
            "64256" : 55,
            "64768" : 58,
            "65280" : 69,
            "66048" : 110,
            "67072" : 111,
            "68096" : 111,
            "69120" : 128,
            "70144" : 124,
            "71168" : 95,
            "72192" : 95,
            "73216" : 84,
            "74240" : 76,
            "75264" : 90,
            "76288" : 74,
            "77312" : 102,
            "78336" : 104,
            "79360" : 124,
            "80384" : 127,
            "81408" : 148,
            "82432" : 160,
            "83456" : 153,
            "84480" : 172,
            "85504" : 148,
            "86528" : 151,
            "87552" : 150,
            "88576" : 139,
            "89600" : 129,
            "90624" : 99,
            "91648" : 90,
            "92672" : 89,
            "93696" : 70,
            "94720" : 49,
            "95744" : 55,
            "96768" : 47,
            "97792" : 26,
            "98816" : 36,
            "99840" : 49,
            "100864" : 34,
            "101888" : 33,
            "102912" : 28,
            "103936" : 30,
            "104960" : 32,
            "105984" : 35,
            "107008" : 24,
            "108032" : 31,
            "109056" : 23,
            "110080" : 26,
            "111104" : 41,
            "112128" : 22,
            "113152" : 27,
            "114176" : 37,
            "115200" : 34,
            "116224" : 20,
            "117248" : 21,
            "118272" : 29,
            "119296" : 11,
            "120320" : 13,
            "121344" : 24,
            "122368" : 12,
            "123392" : 14,
            "124416" : 9,
            "125440" : 10,
            "126464" : 5,
            "127488" : 6,
            "128512" : 10,
            "129536" : 16,
            "130560" : 10,
            "132096" : 10,
            "134144" : 22,
            "136192" : 20,
            "138240" : 11,
            "140288" : 19,
            "142336" : 24,
            "144384" : 10,
            "146432" : 19,
            "148480" : 18,
            "150528" : 20,
            "152576" : 17,
            "154624" : 24,
            "156672" : 12,
            "158720" : 12,
            "160768" : 8,
            "162816" : 2,
            "164864" : 4,
            "166912" : 8,
            "168960" : 15,
            "171008" : 9,
            "173056" : 14,
            "175104" : 5,
            "177152" : 3,
            "179200" : 12,
            "181248" : 7,
            "183296" : 2,
            "185344" : 6,
            "187392" : 5,
            "189440" : 8,
            "191488" : 2,
            "193536" : 7,
            "195584" : 1,
            "197632" : 5,
            "199680" : 3,
            "201728" : 7,
            "203776" : 3,
            "205824" : 1,
            "207872" : 4,
            "209920" : 9,
            "211968" : 7,
            "214016" : 1,
            "216064" : 6,
            "218112" : 4,
            "220160" : 7,
            "222208" : 6,
            "224256" : 3,
            "226304" : 3,
            "228352" : 3,
            "230400" : 2,
            "232448" : 6,
            "234496" : 4,
            "236544" : 4,
            "238592" : 2,
            "240640" : 7,
            "242688" : 3,
            "244736" : 3,
            "246784" : 6,
            "248832" : 8,
            "250880" : 8,
            "252928" : 16,
            "254976" : 19,
            "257024" : 23,
            "259072" : 15,
            "261120" : 19,
            "264192" : 41,
            "268288" : 23,
            "272384" : 22,
            "276480" : 17,
            "280576" : 14,
            "284672" : 14,
            "288768" : 13,
            "292864" : 15,
            "296960" : 16,
            "301056" : 19,
            "305152" : 12,
            "309248" : 7,
            "313344" : 19,
            "317440" : 26,
            "321536" : 19,
            "325632" : 26,
            "329728" : 26,
            "333824" : 20,
            "337920" : 19,
            "342016" : 19,
            "346112" : 12,
            "350208" : 13,
            "354304" : 17,
            "358400" : 6,
            "362496" : 7,
            "366592" : 13,
            "370688" : 6,
            "374784" : 5,
            "378880" : 6,
            "382976" : 3,
            "387072" : 1,
            "391168" : 6,
            "395264" : 5,
            "399360" : 2,
            "403456" : 4,
            "407552" : 8,
            "411648" : 15,
            "415744" : 21,
            "419840" : 17,
            "423936" : 22,
            "428032" : 29,
            "432128" : 23,
            "436224" : 19,
            "440320" : 19,
            "444416" : 24,
            "448512" : 18,
            "452608" : 23,
            "456704" : 10,
            "460800" : 12,
            "464896" : 11,
            "468992" : 18,
            "473088" : 13,
            "477184" : 7,
            "481280" : 8,
            "485376" : 3,
            "489472" : 3,
            "493568" : 2,
            "497664" : 2,
            "501760" : 3,
            "505856" : 2,
            "509952" : 1,
            "514048" : 1,
            "518144" : 2,
            "522240" : 2,
            "528384" : 2,
            "536576" : 2,
            "544768" : 1,
            "552960" : 3,
            "561152" : 4,
            "569344" : 6,
            "577536" : 13,
            "585728" : 9,
            "593920" : 14,
            "602112" : 5,
            "610304" : 13,
            "618496" : 7,
            "626688" : 9,
            "634880" : 6,
            "643072" : 12,
            "651264" : 8,
            "659456" : 9,
            "667648" : 3,
            "675840" : 4,
            "684032" : 2,
            "692224" : 2,
            "708608" : 1,
            "716800" : 1,
            "724992" : 1,
            "733184" : 2,
            "741376" : 2,
            "749568" : 2,
            "757760" : 2,
            "765952" : 1,
            "774144" : 1,
            "782336" : 3,
            "790528" : 5,
            "798720" : 3,
            "806912" : 6,
            "815104" : 5,
            "823296" : 4,
            "831488" : 3,
            "839680" : 5,
            "847872" : 11,
            "856064" : 7,
            "864256" : 7,
            "872448" : 8,
            "880640" : 7,
            "888832" : 5,
            "897024" : 5,
            "905216" : 1,
            "913408" : 3,
            "921600" : 3,
            "929792" : 1,
            "937984" : 1,
            "946176" : 5,
            "954368" : 2,
            "962560" : 7,
            "970752" : 3,
            "978944" : 7,
            "987136" : 5,
            "995328" : 3,
            "1003520" : 1,
            "1011712" : 2,
            "1019904" : 4,
            "1028096" : 1,
            "1036288" : 1,
            "1056768" : 2,
            "1073152" : 2,
            "1105920" : 1,
            "1122304" : 1,
            "1155072" : 1,
            "1187840" : 2,
            "1236992" : 1,
            "1269760" : 2,
            "1351680" : 2,
            "1368064" : 1,
            "1449984" : 1,
            "1482752" : 1,
            "1679360" : 1,
            "1695744" : 1,
            "1761280" : 1,
            "2039808" : 1,
            "2113536" : 2,
            "2179072" : 1,
            "2211840" : 2,
            "2375680" : 1,
            "2539520" : 1,
            "2801664" : 1,
            "3162112" : 2,
            "3424256" : 2,
            "4489216" : 1,
            "6979584" : 1,
            "7045120" : 1,
            "7176192" : 1
          }
        },
        "lat_ns" : {
          "min" : 6069,
          "max" : 7148514,
          "mean" : 11529.080502,
          "stddev" : 6360.836137,
          "N" : 17214511,
          "percentile" : {
            "1.000000" : 6752,
            "5.000000" : 9664,
            "10.000000" : 9792,
            "20.000000" : 10304,
            "30.000000" : 10688,
            "40.000000" : 10816,
            "50.000000" : 10944,
            "60.000000" : 11200,
            "70.000000" : 11968,
            "80.000000" : 12480,
            "90.000000" : 13248,
            "95.000000" : 14144,
            "99.000000" : 20352,
            "99.500000" : 24448,
            "99.900000" : 39680,
            "99.950000" : 52992,
            "99.990000" : 132096
          },
          "bins" : {
            "6048" : 2,
            "6112" : 8,
            "6176" : 52,
            "6240" : 262,
            "6304" : 1184,
            "6368" : 4011,
            "6432" : 10465,
            "6496" : 21254,
            "6560" : 33045,
            "6624" : 41069,
            "6688" : 43981,
            "6752" : 44801,
            "6816" : 41393,
            "6880" : 33619,
            "6944" : 23582,
            "7008" : 15490,
            "7072" : 9095,
            "7136" : 5240,
            "7200" : 2835,
            "7264" : 1814,
            "7328" : 1545,
            "7392" : 1782,
            "7456" : 2441,
            "7520" : 2993,
            "7584" : 3592,
            "7648" : 3742,
            "7712" : 3457,
            "7776" : 2913,
            "7840" : 2172,
            "7904" : 1514,
            "7968" : 980,
            "8032" : 752,
            "8096" : 507,
            "8160" : 449,
            "8256" : 799,
            "8384" : 623,
            "8512" : 674,
            "8640" : 610,
            "8768" : 514,
            "8896" : 406,
            "9024" : 483,
            "9152" : 3258,
            "9280" : 22270,
            "9408" : 89060,
            "9536" : 230542,
            "9664" : 425110,
            "9792" : 598189,
            "9920" : 655387,
            "10048" : 548433,
            "10176" : 352562,
            "10304" : 235426,
            "10432" : 386705,
            "10560" : 894818,
            "10688" : 1468768,
            "10816" : 1604525,
            "10944" : 1259272,
            "11072" : 785297,
            "11200" : 460049,
            "11328" : 330497,
            "11456" : 321771,
            "11584" : 328307,
            "11712" : 296353,
            "11840" : 250903,
            "11968" : 272909,
            "12096" : 365479,
            "12224" : 439158,
            "12352" : 472686,
            "12480" : 444205,
            "12608" : 333937,
            "12736" : 245676,
            "12864" : 244564,
            "12992" : 274126,
            "13120" : 289576,
            "13248" : 268948,
            "13376" : 204463,
            "13504" : 142720,
            "13632" : 114371,
            "13760" : 108329,
            "13888" : 106268,
            "14016" : 98615,
            "14144" : 80597,
            "14272" : 62486,
            "14400" : 54648,
            "14528" : 51575,
            "14656" : 51541,
            "14784" : 48413,
            "14912" : 37593,
            "15040" : 27116,
            "15168" : 20008,
            "15296" : 15935,
            "15424" : 14815,
            "15552" : 14277,
            "15680" : 13363,
            "15808" : 12214,
            "15936" : 10801,
            "16064" : 9894,
            "16192" : 9119,
            "16320" : 8377,
            "16512" : 15241,
            "16768" : 14055,
            "17024" : 12912,
            "17280" : 12080,
            "17536" : 11313,
            "17792" : 10839,
            "18048" : 10209,
            "18304" : 9849,
            "18560" : 9270,
            "18816" : 8876,
            "19072" : 8640,
            "19328" : 8287,
            "19584" : 8181,
            "19840" : 7971,
            "20096" : 7774,
            "20352" : 7425,
            "20608" : 7357,
            "20864" : 7247,
            "21120" : 6937,
            "21376" : 6707,
            "21632" : 6321,
            "21888" : 6041,
            "22144" : 5830,
            "22400" : 5460,
            "22656" : 5034,
            "22912" : 4705,
            "23168" : 4611,
            "23424" : 4359,
            "23680" : 3975,
            "23936" : 3823,
            "24192" : 3441,
            "24448" : 3379,
            "24704" : 3343,
            "24960" : 3188,
            "25216" : 3028,
            "25472" : 2822,
            "25728" : 2529,
            "25984" : 2575,
            "26240" : 2408,
            "26496" : 2214,
            "26752" : 2051,
            "27008" : 2022,
            "27264" : 1892,
            "27520" : 1750,
            "27776" : 1684,
            "28032" : 1540,
            "28288" : 1431,
            "28544" : 1394,
            "28800" : 1310,
            "29056" : 1193,
            "29312" : 1197,
            "29568" : 1087,
            "29824" : 1093,
            "30080" : 1027,
            "30336" : 999,
            "30592" : 942,
            "30848" : 937,
            "31104" : 952,
            "31360" : 1032,
            "31616" : 1026,
            "31872" : 998,
            "32128" : 900,
            "32384" : 980,
            "32640" : 886,
            "33024" : 1709,
            "33536" : 1616,
            "34048" : 1506,
            "34560" : 1418,
            "35072" : 1260,
            "35584" : 1136,
            "36096" : 1025,
            "36608" : 910,
            "37120" : 857,
            "37632" : 783,
            "38144" : 664,
            "38656" : 710,
            "39168" : 610,
            "39680" : 565,
            "40192" : 540,
            "40704" : 562,
            "41216" : 504,
            "41728" : 494,
            "42240" : 408,
            "42752" : 409,
            "43264" : 345,
            "43776" : 325,
            "44288" : 377,
            "44800" : 316,
            "45312" : 289,
            "45824" : 249,
            "46336" : 267,
            "46848" : 255,
            "47360" : 237,
            "47872" : 227,
            "48384" : 258,
            "48896" : 265,
            "49408" : 230,
            "49920" : 222,
            "50432" : 226,
            "50944" : 239,
            "51456" : 248,
            "51968" : 254,
            "52480" : 258,
            "52992" : 251,
            "53504" : 228,
            "54016" : 201,
            "54528" : 209,
            "55040" : 181,
            "55552" : 171,
            "56064" : 159,
            "56576" : 125,
            "57088" : 119,
            "57600" : 105,
            "58112" : 84,
            "58624" : 92,
            "59136" : 83,
            "59648" : 74,
            "60160" : 72,
            "60672" : 72,
            "61184" : 75,
            "61696" : 60,
            "62208" : 50,
            "62720" : 63,
            "63232" : 57,
            "63744" : 59,
            "64256" : 57,
            "64768" : 53,
            "65280" : 69,
            "66048" : 111,
            "67072" : 116,
            "68096" : 112,
            "69120" : 133,
            "70144" : 117,
            "71168" : 101,
            "72192" : 92,
            "73216" : 86,
            "74240" : 80,
            "75264" : 87,
            "76288" : 79,
            "77312" : 102,
            "78336" : 101,
            "79360" : 120,
            "80384" : 129,
            "81408" : 145,
            "82432" : 166,
            "83456" : 148,
            "84480" : 176,
            "85504" : 148,
            "86528" : 149,
            "87552" : 150,
            "88576" : 143,
            "89600" : 128,
            "90624" : 100,
            "91648" : 93,
            "92672" : 87,
            "93696" : 74,
            "94720" : 47,
            "95744" : 60,
            "96768" : 48,
            "97792" : 24,
            "98816" : 35,
            "99840" : 50,
            "100864" : 36,
            "101888" : 33,
            "102912" : 29,
            "103936" : 30,
            "104960" : 29,
            "105984" : 38,
            "107008" : 25,
            "108032" : 29,
            "109056" : 22,
            "110080" : 29,
            "111104" : 39,
            "112128" : 22,
            "113152" : 28,
            "114176" : 34,
            "115200" : 35,
            "116224" : 21,
            "117248" : 23,
            "118272" : 29,
            "119296" : 10,
            "120320" : 13,
            "121344" : 26,
            "122368" : 12,
            "123392" : 14,
            "124416" : 8,
            "125440" : 11,
            "126464" : 5,
            "127488" : 6,
            "128512" : 9,
            "129536" : 17,
            "130560" : 9,
            "132096" : 13,
            "134144" : 21,
            "136192" : 21,
            "138240" : 11,
            "140288" : 19,
            "142336" : 24,
            "144384" : 10,
            "146432" : 19,
            "148480" : 18,
            "150528" : 18,
            "152576" : 18,
            "154624" : 24,
            "156672" : 12,
            "158720" : 13,
            "160768" : 9,
            "162816" : 2,
            "164864" : 4,
            "166912" : 8,
            "168960" : 14,
            "171008" : 8,
            "173056" : 16,
            "175104" : 5,
            "177152" : 3,
            "179200" : 12,
            "181248" : 5,
            "183296" : 4,
            "185344" : 6,
            "187392" : 6,
            "189440" : 8,
            "191488" : 2,
            "193536" : 7,
            "195584" : 1,
            "197632" : 5,
            "199680" : 3,
            "201728" : 7,
            "203776" : 3,
            "205824" : 1,
            "207872" : 4,
            "209920" : 9,
            "211968" : 7,
            "214016" : 1,
            "216064" : 5,
            "218112" : 5,
            "220160" : 7,
            "222208" : 6,
            "224256" : 3,
            "226304" : 3,
            "228352" : 2,
            "230400" : 3,
            "232448" : 6,
            "234496" : 3,
            "236544" : 5,
            "238592" : 2,
            "240640" : 7,
            "242688" : 3,
            "244736" : 3,
            "246784" : 6,
            "248832" : 7,
            "250880" : 9,
            "252928" : 15,
            "254976" : 20,
            "257024" : 22,
            "259072" : 16,
            "261120" : 19,
            "264192" : 41,
            "268288" : 23,
            "272384" : 22,
            "276480" : 15,
            "280576" : 15,
            "284672" : 15,
            "288768" : 13,
            "292864" : 15,
            "296960" : 16,
            "301056" : 19,
            "305152" : 12,
            "309248" : 6,
            "313344" : 19,
            "317440" : 27,
            "321536" : 18,
            "325632" : 27,
            "329728" : 26,
            "333824" : 19,
            "337920" : 20,
            "342016" : 17,
            "346112" : 14,
            "350208" : 13,
            "354304" : 17,
            "358400" : 6,
            "362496" : 7,
            "366592" : 12,
            "370688" : 7,
            "374784" : 5,
            "378880" : 5,
            "382976" : 4,
            "387072" : 1,
            "391168" : 6,
            "395264" : 5,
            "399360" : 2,
            "403456" : 4,
            "407552" : 8,
            "411648" : 15,
            "415744" : 21,
            "419840" : 16,
            "423936" : 22,
            "428032" : 30,
            "432128" : 23,
            "436224" : 19,
            "440320" : 19,
            "444416" : 24,
            "448512" : 18,
            "452608" : 23,
            "456704" : 9,
            "460800" : 13,
            "464896" : 11,
            "468992" : 18,
            "473088" : 13,
            "477184" : 8,
            "481280" : 7,
            "485376" : 4,
            "489472" : 3,
            "493568" : 2,
            "497664" : 2,
            "501760" : 3,
            "505856" : 2,
            "509952" : 1,
            "514048" : 1,
            "518144" : 2,
            "522240" : 2,
            "528384" : 2,
            "536576" : 2,
            "544768" : 1,
            "552960" : 3,
            "561152" : 4,
            "569344" : 6,
            "577536" : 12,
            "585728" : 10,
            "593920" : 14,
            "602112" : 5,
            "610304" : 12,
            "618496" : 8,
            "626688" : 9,
            "634880" : 6,
            "643072" : 12,
            "651264" : 8,
            "659456" : 9,
            "667648" : 3,
            "675840" : 4,
            "684032" : 2,
            "692224" : 2,
            "708608" : 1,
            "716800" : 1,
            "724992" : 1,
            "733184" : 2,
            "741376" : 2,
            "749568" : 1,
            "757760" : 3,
            "765952" : 1,
            "774144" : 1,
            "782336" : 3,
            "790528" : 5,
            "798720" : 3,
            "806912" : 6,
            "815104" : 5,
            "823296" : 4,
            "831488" : 3,
            "839680" : 5,
            "847872" : 11,
            "856064" : 7,
            "864256" : 7,
            "872448" : 8,
            "880640" : 7,
            "888832" : 5,
            "897024" : 5,
            "905216" : 1,
            "913408" : 3,
            "921600" : 3,
            "929792" : 1,
            "937984" : 1,
            "946176" : 5,
            "954368" : 2,
            "962560" : 7,
            "970752" : 3,
            "978944" : 7,
            "987136" : 5,
            "995328" : 3,
            "1003520" : 1,
            "1011712" : 2,
            "1019904" : 4,
            "1028096" : 1,
            "1036288" : 1,
            "1056768" : 2,
            "1073152" : 2,
            "1105920" : 1,
            "1122304" : 1,
            "1155072" : 1,
            "1187840" : 2,
            "1236992" : 1,
            "1269760" : 2,
            "1351680" : 2,
            "1368064" : 1,
            "1449984" : 1,
            "1482752" : 1,
            "1679360" : 1,
            "1695744" : 1,
            "1761280" : 1,
            "2039808" : 1,
            "2113536" : 2,
            "2179072" : 1,
            "2211840" : 2,
            "2375680" : 1,
            "2539520" : 1,
            "2801664" : 1,
            "3162112" : 2,
            "3424256" : 2,
            "4489216" : 1,
            "6979584" : 1,
            "7045120" : 1,
            "7176192" : 1
          }
        },
        "bw_min" : 205048,
        "bw_max" : 322152,
        "bw_agg" : 100.000000,
        "bw_mean" : 229602.784641,
        "bw_dev" : 10439.254532,
        "bw_samples" : 599,
        "iops_min" : 51262,
        "iops_max" : 80538,
        "iops_mean" : 57400.679466,
        "iops_stddev" : 2609.815217,
        "iops_samples" : 599
      },
      "write" : {
        "io_bytes" : 70489710592,
        "io_kbytes" : 68837608,
        "bw_bytes" : 234964135,
        "bw" : 229457,
        "iops" : 57364.290905,
        "runtime" : 300002,
        "total_ios" : 17209402,
        "short_ios" : 0,
        "drop_ios" : 0,
        "slat_ns" : {
          "min" : 0,
          "max" : 0,
          "mean" : 0.000000,
          "stddev" : 0.000000,
          "N" : 0
        },
        "clat_ns" : {
          "min" : 1369,
          "max" : 6715835,
          "mean" : 2124.005095,
          "stddev" : 2516.275726,
          "N" : 17209402,
          "percentile" : {
            "1.000000" : 1496,
            "5.000000" : 1560,
            "10.000000" : 1592,
            "20.000000" : 1624,
            "30.000000" : 1672,
            "40.000000" : 1768,
            "50.000000" : 2160,
            "60.000000" : 2256,
            "70.000000" : 2320,
            "80.000000" : 2384,
            "90.000000" : 2576,
            "95.000000" : 3088,
            "99.000000" : 4320,
            "99.500000" : 5152,
            "99.900000" : 9792,
            "99.950000" : 13888,
            "99.990000" : 25984
          },
          "bins" : {
            "1368" : 1,
            "1384" : 21,
            "1400" : 191,
            "1416" : 971,
            "1432" : 3731,
            "1448" : 11700,
            "1464" : 26492,
            "1480" : 48776,
            "1496" : 85077,
            "1512" : 136020,
            "1528" : 211472,
            "1544" : 303333,
            "1560" : 389337,
            "1576" : 496726,
            "1592" : 566386,
            "1608" : 639191,
            "1624" : 672185,
            "1640" : 644656,
            "1656" : 617228,
            "1672" : 535151,
            "1688" : 461998,
            "1704" : 366959,
            "1720" : 273114,
            "1736" : 208521,
            "1752" : 151048,
            "1768" : 117058,
            "1784" : 92475,
            "1800" : 73823,
            "1816" : 64654,
            "1832" : 55906,
            "1848" : 52291,
            "1864" : 48436,
            "1880" : 44611,
            "1896" : 42653,
            "1912" : 39692,
            "1928" : 39252,
            "1944" : 37934,
            "1960" : 35987,
            "1976" : 35970,
            "1992" : 34730,
            "2008" : 35588,
            "2024" : 36913,
            "2040" : 38034,
            "2064" : 90176,
            "2096" : 134632,
            "2128" : 229655,
            "2160" : 398195,
            "2192" : 619344,
            "2224" : 820665,
            "2256" : 940266,
            "2288" : 906574,
            "2320" : 791673,
            "2352" : 652839,
            "2384" : 525803,
            "2416" : 433312,
            "2448" : 348839,
            "2480" : 283048,
            "2512" : 232651,
            "2544" : 193652,
            "2576" : 163546,
            "2608" : 134105,
            "2640" : 108946,
            "2672" : 87222,
            "2704" : 70375,
            "2736" : 58428,
            "2768" : 47903,
            "2800" : 40758,
            "2832" : 34587,
            "2864" : 29908,
            "2896" : 26759,
            "2928" : 23177,
            "2960" : 21981,
            "2992" : 22811,
            "3024" : 26394,
            "3056" : 34051,
            "3088" : 44763,
            "3120" : 55421,
            "3152" : 64529,
            "3184" : 67862,
            "3216" : 66040,
            "3248" : 58157,
            "3280" : 48901,
            "3312" : 39597,
            "3344" : 31212,
            "3376" : 24728,
            "3408" : 19714,
            "3440" : 16196,
            "3472" : 14273,
            "3504" : 13191,
            "3536" : 12426,
            "3568" : 11694,
            "3600" : 11230,
            "3632" : 10585,
            "3664" : 9874,
            "3696" : 9139,
            "3728" : 8171,
            "3760" : 7453,
            "3792" : 6519,
            "3824" : 5831,
            "3856" : 5402,
            "3888" : 5022,
            "3920" : 4791,
            "3952" : 4520,
            "3984" : 4405,
            "4016" : 4353,
            "4048" : 4248,
            "4080" : 4371,
            "4128" : 8789,
            "4192" : 9465,
            "4256" : 10133,
            "4320" : 10824,
            "4384" : 10475,
            "4448" : 9812,
            "4512" : 8517,
            "4576" : 7563,
            "4640" : 6620,
            "4704" : 6001,
            "4768" : 5643,
            "4832" : 5242,
            "4896" : 4847,
            "4960" : 4710,
            "5024" : 4493,
            "5088" : 4524,
            "5152" : 4379,
            "5216" : 4118,
            "5280" : 3892,
            "5344" : 3553,
            "5408" : 3388,
            "5472" : 3230,
            "5536" : 3070,
            "5600" : 2777,
            "5664" : 2691,
            "5728" : 2523,
            "5792" : 2372,
            "5856" : 2135,
            "5920" : 2017,
            "5984" : 1725,
            "6048" : 1582,
            "6112" : 1346,
            "6176" : 1257,
            "6240" : 1067,
            "6304" : 967,
            "6368" : 871,
            "6432" : 778,
            "6496" : 756,
            "6560" : 670,
            "6624" : 648,
            "6688" : 572,
            "6752" : 592,
            "6816" : 568,
            "6880" : 508,
            "6944" : 521,
            "7008" : 488,
            "7072" : 499,
            "7136" : 503,
            "7200" : 488,
            "7264" : 518,
            "7328" : 513,
            "7392" : 564,
            "7456" : 538,
            "7520" : 506,
            "7584" : 540,
            "7648" : 514,
            "7712" : 496,
            "7776" : 521,
            "7840" : 436,
            "7904" : 481,
            "7968" : 378,
            "8032" : 411,
            "8096" : 374,
            "8160" : 382,
            "8256" : 691,
            "8384" : 629,
            "8512" : 629,
            "8640" : 550,
            "8768" : 578,
            "8896" : 558,
            "9024" : 580,
            "9152" : 666,
            "9280" : 664,
            "9408" : 677,
            "9536" : 643,
            "9664" : 594,
            "9792" : 525,
            "9920" : 533,
            "10048" : 490,
            "10176" : 483,
            "10304" : 428,
            "10432" : 410,
            "10560" : 412,
            "10688" : 346,
            "10816" : 355,
            "10944" : 281,
            "11072" : 293,
            "11200" : 269,
            "11328" : 251,
            "11456" : 216,
            "11584" : 240,
            "11712" : 211,
            "11840" : 173,
            "11968" : 180,
            "12096" : 169,
            "12224" : 158,
            "12352" : 157,
            "12480" : 140,
            "12608" : 163,
            "12736" : 143,
            "12864" : 155,
            "12992" : 174,
            "13120" : 182,
            "13248" : 218,
            "13376" : 248,
            "13504" : 219,
            "13632" : 241,
            "13760" : 261,
            "13888" : 267,
            "14016" : 273,
            "14144" : 298,
            "14272" : 273,
            "14400" : 293,
            "14528" : 261,
            "14656" : 254,
            "14784" : 263,
            "14912" : 229,
            "15040" : 205,
            "15168" : 210,
            "15296" : 181,
            "15424" : 161,
            "15552" : 157,
            "15680" : 143,
            "15808" : 151,
            "15936" : 132,
            "16064" : 122,
            "16192" : 127,
            "16320" : 116,
            "16512" : 183,
            "16768" : 169,
            "17024" : 157,
            "17280" : 126,
            "17536" : 104,
            "17792" : 90,
            "18048" : 77,
            "18304" : 80,
            "18560" : 72,
            "18816" : 73,
            "19072" : 78,
            "19328" : 84,
            "19584" : 89,
            "19840" : 84,
            "20096" : 90,
            "20352" : 92,
            "20608" : 82,
            "20864" : 93,
            "21120" : 85,
            "21376" : 70,
            "21632" : 71,
            "21888" : 77,
            "22144" : 81,
            "22400" : 67,
            "22656" : 54,
            "22912" : 63,
            "23168" : 34,
            "23424" : 55,
            "23680" : 46,
            "23936" : 40,
            "24192" : 36,
            "24448" : 29,
            "24704" : 28,
            "24960" : 32,
            "25216" : 33,
            "25472" : 31,
            "25728" : 37,
            "25984" : 34,
            "26240" : 29,
            "26496" : 36,
            "26752" : 44,
            "27008" : 38,
            "27264" : 33,
            "27520" : 45,
            "27776" : 30,
            "28032" : 58,
            "28288" : 31,
            "28544" : 46,
            "28800" : 39,
            "29056" : 40,
            "29312" : 36,
            "29568" : 29,
            "29824" : 20,
            "30080" : 29,
            "30336" : 26,
            "30592" : 20,
            "30848" : 16,
            "31104" : 9,
            "31360" : 17,
            "31616" : 24,
            "31872" : 16,
            "32128" : 9,
            "32384" : 11,
            "32640" : 9,
            "33024" : 21,
            "33536" : 18,
            "34048" : 11,
            "34560" : 11,
            "35072" : 8,
            "35584" : 7,
            "36096" : 9,
            "36608" : 11,
            "37120" : 7,
            "37632" : 6,
            "38144" : 7,
            "38656" : 6,
            "39168" : 6,
            "39680" : 8,
            "40192" : 5,
            "40704" : 7,
            "41216" : 6,
            "41728" : 6,
            "42240" : 5,
            "42752" : 8,
            "43264" : 6,
            "43776" : 3,
            "44288" : 5,
            "44800" : 8,
            "45312" : 9,
            "45824" : 9,
            "46336" : 11,
            "46848" : 18,
            "47360" : 14,
            "47872" : 7,
            "48384" : 21,
            "48896" : 19,
            "49408" : 15,
            "49920" : 13,
            "50432" : 18,
            "50944" : 21,
            "51456" : 10,
            "51968" : 9,
            "52480" : 8,
            "52992" : 6,
            "53504" : 5,
            "54528" : 5,
            "55040" : 1,
            "55552" : 5,
            "56064" : 2,
            "56576" : 1,
            "57088" : 5,
            "58112" : 4,
            "58624" : 2,
            "59136" : 3,
            "59648" : 2,
            "60160" : 5,
            "60672" : 4,
            "61184" : 4,
            "61696" : 2,
            "62208" : 4,
            "62720" : 8,
            "63232" : 6,
            "63744" : 5,
            "64256" : 8,
            "64768" : 7,
            "65280" : 5,
            "66048" : 3,
            "67072" : 4,
            "68096" : 8,
            "69120" : 7,
            "70144" : 13,
            "71168" : 10,
            "72192" : 14,
            "73216" : 8,
            "74240" : 19,
            "75264" : 23,
            "76288" : 28,
            "77312" : 25,
            "78336" : 23,
            "79360" : 16,
            "80384" : 23,
            "81408" : 23,
            "82432" : 19,
            "83456" : 7,
            "84480" : 13,
            "85504" : 7,
            "86528" : 13,
            "87552" : 3,
            "88576" : 10,
            "89600" : 4,
            "90624" : 3,
            "91648" : 3,
            "92672" : 4,
            "93696" : 2,
            "94720" : 2,
            "95744" : 2,
            "96768" : 1,
            "97792" : 3,
            "99840" : 2,
            "100864" : 4,
            "101888" : 3,
            "102912" : 3,
            "103936" : 4,
            "104960" : 3,
            "105984" : 6,
            "107008" : 2,
            "108032" : 1,
            "109056" : 4,
            "110080" : 6,
            "111104" : 2,
            "113152" : 2,
            "114176" : 1,
            "115200" : 1,
            "116224" : 2,
            "122368" : 2,
            "125440" : 1,
            "126464" : 1,
            "129536" : 2,
            "132096" : 1,
            "136192" : 1,
            "138240" : 1,
            "140288" : 2,
            "146432" : 1,
            "148480" : 1,
            "175104" : 1,
            "177152" : 1,
            "179200" : 2,
            "195584" : 2,
            "216064" : 1,
            "222208" : 1,
            "224256" : 1,
            "230400" : 1,
            "246784" : 2,
            "252928" : 1,
            "254976" : 1,
            "257024" : 1,
            "268288" : 1,
            "272384" : 2,
            "288768" : 1,
            "292864" : 1,
            "301056" : 1,
            "305152" : 3,
            "309248" : 1,
            "333824" : 1,
            "337920" : 2,
            "342016" : 4,
            "346112" : 2,
            "354304" : 2,
            "362496" : 2,
            "382976" : 1,
            "407552" : 2,
            "428032" : 1,
            "440320" : 2,
            "444416" : 1,
            "448512" : 1,
            "522240" : 1,
            "626688" : 1,
            "823296" : 1,
            "847872" : 4,
            "856064" : 2,
            "864256" : 2,
            "888832" : 1,
            "946176" : 1,
            "954368" : 1,
            "962560" : 2,
            "970752" : 1,
            "978944" : 1,
            "1003520" : 1,
            "1011712" : 1,
            "1073152" : 1,
            "1384448" : 1,
            "2277376" : 2,
            "2867200" : 1,
            "3162112" : 1,
            "6717440" : 1
          }
        },
        "lat_ns" : {
          "min" : 1419,
          "max" : 6715951,
          "mean" : 2195.219722,
          "stddev" : 2529.058048,
          "N" : 17209402,
          "percentile" : {
            "1.000000" : 1544,
            "5.000000" : 1608,
            "10.000000" : 1640,
            "20.000000" : 1672,
            "30.000000" : 1720,
            "40.000000" : 1816,
            "50.000000" : 2256,
            "60.000000" : 2352,
            "70.000000" : 2384,
            "80.000000" : 2480,
            "90.000000" : 2672,
            "95.000000" : 3184,
            "99.000000" : 4448,
            "99.500000" : 5280,
            "99.900000" : 10176,
            "99.950000" : 14144,
            "99.990000" : 26752
          },
          "bins" : {
            "1416" : 1,
            "1432" : 34,
            "1448" : 229,
            "1464" : 1122,
            "1480" : 4145,
            "1496" : 12370,
            "1512" : 26258,
            "1528" : 49379,
            "1544" : 84293,
            "1560" : 135076,
            "1576" : 208849,
            "1592" : 287941,
            "1608" : 386948,
            "1624" : 485250,
            "1640" : 554244,
            "1656" : 628246,
            "1672" : 643611,
            "1688" : 652048,
            "1704" : 617057,
            "1720" : 537168,
            "1736" : 470239,
            "1752" : 370329,
            "1768" : 291464,
            "1784" : 220763,
            "1800" : 160742,
            "1816" : 123743,
            "1832" : 94573,
            "1848" : 78234,
            "1864" : 66476,
            "1880" : 56811,
            "1896" : 52900,
            "1912" : 47159,
            "1928" : 45406,
            "1944" : 42758,
            "1960" : 39307,
            "1976" : 38521,
            "1992" : 36037,
            "2008" : 35790,
            "2024" : 34921,
            "2040" : 33009,
            "2064" : 65680,
            "2096" : 65045,
            "2128" : 68785,
            "2160" : 88550,
            "2192" : 143506,
            "2224" : 258206,
            "2256" : 449114,
            "2288" : 661315,
            "2320" : 839524,
            "2352" : 918425,
            "2384" : 871652,
            "2416" : 766070,
            "2448" : 627468,
            "2480" : 516895,
            "2512" : 431826,
            "2544" : 356464,
            "2576" : 293441,
            "2608" : 230721,
            "2640" : 180664,
            "2672" : 142055,
            "2704" : 112112,
            "2736" : 90301,
            "2768" : 73310,
            "2800" : 61144,
            "2832" : 51732,
            "2864" : 44621,
            "2896" : 38334,
            "2928" : 32746,
            "2960" : 28245,
            "2992" : 24843,
            "3024" : 22385,
            "3056" : 21636,
            "3088" : 23001,
            "3120" : 27432,
            "3152" : 35519,
            "3184" : 46578,
            "3216" : 57861,
            "3248" : 65120,
            "3280" : 66958,
            "3312" : 63105,
            "3344" : 55756,
            "3376" : 47442,
            "3408" : 37665,
            "3440" : 29817,
            "3472" : 23908,
            "3504" : 19553,
            "3536" : 16416,
            "3568" : 14507,
            "3600" : 13510,
            "3632" : 12603,
            "3664" : 11766,
            "3696" : 11286,
            "3728" : 10342,
            "3760" : 9322,
            "3792" : 8427,
            "3824" : 7589,
            "3856" : 6760,
            "3888" : 6093,
            "3920" : 5507,
            "3952" : 5189,
            "3984" : 4772,
            "4016" : 4685,
            "4048" : 4435,
            "4080" : 4392,
            "4128" : 8624,
            "4192" : 8663,
            "4256" : 9209,
            "4320" : 9891,
            "4384" : 10543,
            "4448" : 10804,
            "4512" : 10423,
            "4576" : 9063,
            "4640" : 8099,
            "4704" : 6846,
            "4768" : 6220,
            "4832" : 5784,
            "4896" : 5306,
            "4960" : 5098,
            "5024" : 4693,
            "5088" : 4666,
            "5152" : 4536,
            "5216" : 4350,
            "5280" : 4206,
            "5344" : 3904,
            "5408" : 3620,
            "5472" : 3573,
            "5536" : 3253,
            "5600" : 3062,
            "5664" : 2953,
            "5728" : 2817,
            "5792" : 2564,
            "5856" : 2437,
            "5920" : 2333,
            "5984" : 2205,
            "6048" : 1893,
            "6112" : 1759,
            "6176" : 1543,
            "6240" : 1363,
            "6304" : 1264,
            "6368" : 1213,
            "6432" : 965,
            "6496" : 879,
            "6560" : 859,
            "6624" : 771,
            "6688" : 744,
            "6752" : 691,
            "6816" : 649,
            "6880" : 606,
            "6944" : 609,
            "7008" : 530,
            "7072" : 533,
            "7136" : 571,
            "7200" : 496,
            "7264" : 502,
            "7328" : 534,
            "7392" : 527,
            "7456" : 542,
            "7520" : 518,
            "7584" : 507,
            "7648" : 530,
            "7712" : 528,
            "7776" : 519,
            "7840" : 574,
            "7904" : 479,
            "7968" : 458,
            "8032" : 446,
            "8096" : 407,
            "8160" : 428,
            "8256" : 760,
            "8384" : 695,
            "8512" : 658,
            "8640" : 586,
            "8768" : 577,
            "8896" : 538,
            "9024" : 570,
            "9152" : 585,
            "9280" : 632,
            "9408" : 656,
            "9536" : 665,
            "9664" : 627,
            "9792" : 640,
            "9920" : 550,
            "10048" : 529,
            "10176" : 529,
            "10304" : 522,
            "10432" : 446,
            "10560" : 459,
            "10688" : 453,
            "10816" : 402,
            "10944" : 377,
            "11072" : 357,
            "11200" : 295,
            "11328" : 318,
            "11456" : 273,
            "11584" : 276,
            "11712" : 242,
            "11840" : 227,
            "11968" : 191,
            "12096" : 200,
            "12224" : 189,
            "12352" : 179,
            "12480" : 165,
            "12608" : 174,
            "12736" : 164,
            "12864" : 161,
            "12992" : 161,
            "13120" : 188,
            "13248" : 213,
            "13376" : 237,
            "13504" : 258,
            "13632" : 243,
            "13760" : 244,
            "13888" : 290,
            "14016" : 275,
            "14144" : 278,
            "14272" : 294,
            "14400" : 269,
            "14528" : 288,
            "14656" : 270,
            "14784" : 260,
            "14912" : 272,
            "15040" : 219,
            "15168" : 205,
            "15296" : 220,
            "15424" : 161,
            "15552" : 175,
            "15680" : 144,
            "15808" : 155,
            "15936" : 168,
            "16064" : 126,
            "16192" : 133,
            "16320" : 136,
            "16512" : 215,
            "16768" : 182,
            "17024" : 172,
            "17280" : 157,
            "17536" : 119,
            "17792" : 113,
            "18048" : 91,
            "18304" : 87,
            "18560" : 77,
            "18816" : 80,
            "19072" : 77,
            "19328" : 95,
            "19584" : 90,
            "19840" : 95,
            "20096" : 83,
            "20352" : 103,
            "20608" : 84,
            "20864" : 100,
            "21120" : 77,
            "21376" : 85,
            "21632" : 88,
            "21888" : 78,
            "22144" : 86,
            "22400" : 69,
            "22656" : 63,
            "22912" : 66,
            "23168" : 46,
            "23424" : 50,
            "23680" : 49,
            "23936" : 42,
            "24192" : 34,
            "24448" : 36,
            "24704" : 31,
            "24960" : 36,
            "25216" : 28,
            "25472" : 36,
            "25728" : 37,
            "25984" : 33,
            "26240" : 36,
            "26496" : 34,
            "26752" : 46,
            "27008" : 42,
            "27264" : 30,
            "27520" : 43,
            "27776" : 36,
            "28032" : 55,
            "28288" : 38,
            "28544" : 40,
            "28800" : 41,
            "29056" : 51,
            "29312" : 35,
            "29568" : 27,
            "29824" : 28,
            "30080" : 31,
            "30336" : 22,
            "30592" : 28,
            "30848" : 19,
            "31104" : 11,
            "31360" : 15,
            "31616" : 20,
            "31872" : 23,
            "32128" : 13,
            "32384" : 11,
            "32640" : 9,
            "33024" : 16,
            "33536" : 21,
            "34048" : 12,
            "34560" : 12,
            "35072" : 11,
            "35584" : 6,
            "36096" : 10,
            "36608" : 11,
            "37120" : 11,
            "37632" : 6,
            "38144" : 8,
            "38656" : 6,
            "39168" : 7,
            "39680" : 7,
            "40192" : 5,
            "40704" : 7,
            "41216" : 5,
            "41728" : 9,
            "42240" : 5,
            "42752" : 7,
            "43264" : 6,
            "43776" : 5,
            "44288" : 6,
            "44800" : 7,
            "45312" : 8,
            "45824" : 9,
            "46336" : 10,
            "46848" : 22,
            "47360" : 13,
            "47872" : 8,
            "48384" : 17,
            "48896" : 22,
            "49408" : 16,
            "49920" : 13,
            "50432" : 21,
            "50944" : 21,
            "51456" : 14,
            "51968" : 8,
            "52480" : 6,
            "52992" : 11,
            "53504" : 3,
            "54016" : 3,
            "54528" : 4,
            "55040" : 3,
            "55552" : 5,
            "56064" : 1,
            "56576" : 1,
            "57088" : 4,
            "57600" : 2,
            "58112" : 3,
            "58624" : 2,
            "59136" : 3,
            "59648" : 2,
            "60160" : 6,
            "60672" : 3,
            "61184" : 4,
            "61696" : 3,
            "62208" : 2,
            "62720" : 9,
            "63232" : 8,
            "63744" : 4,
            "64256" : 8,
            "64768" : 8,
            "65280" : 3,
            "66048" : 5,
            "67072" : 5,
            "68096" : 7,
            "69120" : 9,
            "70144" : 12,
            "71168" : 11,
            "72192" : 10,
            "73216" : 11,
            "74240" : 18,
            "75264" : 22,
            "76288" : 29,
            "77312" : 29,
            "78336" : 24,
            "79360" : 13,
            "80384" : 28,
            "81408" : 20,
            "82432" : 24,
            "83456" : 10,
            "84480" : 13,
            "85504" : 8,
            "86528" : 12,
            "87552" : 5,
            "88576" : 9,
            "89600" : 5,
            "90624" : 3,
            "91648" : 3,
            "92672" : 4,
            "93696" : 2,
            "94720" : 3,
            "95744" : 2,
            "96768" : 1,
            "97792" : 4,
            "99840" : 2,
            "100864" : 4,
            "101888" : 3,
            "102912" : 3,
            "103936" : 4,
            "104960" : 3,
            "105984" : 4,
            "107008" : 4,
            "108032" : 1,
            "109056" : 2,
            "110080" : 7,
            "111104" : 3,
            "113152" : 1,
            "114176" : 2,
            "115200" : 1,
            "116224" : 2,
            "122368" : 2,
            "125440" : 1,
            "126464" : 1,
            "129536" : 2,
            "134144" : 1,
            "136192" : 2,
            "138240" : 1,
            "140288" : 2,
            "146432" : 1,
            "148480" : 1,
            "175104" : 1,
            "177152" : 1,
            "179200" : 2,
            "195584" : 2,
            "216064" : 1,
            "222208" : 1,
            "224256" : 1,
            "230400" : 1,
            "246784" : 2,
            "252928" : 1,
            "254976" : 1,
            "257024" : 1,
            "259072" : 1,
            "268288" : 1,
            "272384" : 2,
            "288768" : 1,
            "292864" : 1,
            "301056" : 1,
            "305152" : 3,
            "309248" : 1,
            "333824" : 1,
            "337920" : 2,
            "342016" : 4,
            "346112" : 2,
            "354304" : 2,
            "362496" : 1,
            "366592" : 1,
            "382976" : 1,
            "407552" : 2,
            "428032" : 1,
            "440320" : 2,
            "444416" : 1,
            "448512" : 1,
            "522240" : 1,
            "626688" : 2,
            "823296" : 1,
            "847872" : 4,
            "856064" : 2,
            "864256" : 2,
            "897024" : 1,
            "946176" : 1,
            "954368" : 1,
            "962560" : 2,
            "970752" : 1,
            "978944" : 1,
            "1003520" : 1,
            "1011712" : 1,
            "1073152" : 1,
            "1384448" : 1,
            "2277376" : 2,
            "2867200" : 1,
            "3162112" : 1,
            "6717440" : 1
          }
        },
        "bw_min" : 206048,
        "bw_max" : 321952,
        "bw_agg" : 100.000000,
        "bw_mean" : 229534.739566,
        "bw_dev" : 10462.241356,
        "bw_samples" : 599,
        "iops_min" : 51512,
        "iops_max" : 80488,
        "iops_mean" : 57383.664441,
        "iops_stddev" : 2615.562222,
        "iops_samples" : 599
      },
      "trim" : {
        "io_bytes" : 0,
        "io_kbytes" : 0,
        "bw_bytes" : 0,
        "bw" : 0,
        "iops" : 0.000000,
        "runtime" : 0,
        "total_ios" : 0,
        "short_ios" : 0,
        "drop_ios" : 0,
        "slat_ns" : {
          "min" : 0,
          "max" : 0,
          "mean" : 0.000000,
          "stddev" : 0.000000,
          "N" : 0
        },
        "clat_ns" : {
          "min" : 0,
          "max" : 0,
          "mean" : 0.000000,
          "stddev" : 0.000000,
          "N" : 0
        },
        "lat_ns" : {
          "min" : 0,
          "max" : 0,
          "mean" : 0.000000,
          "stddev" : 0.000000,
          "N" : 0
        },
        "bw_min" : 0,
        "bw_max" : 0,
        "bw_agg" : 0.000000,
        "bw_mean" : 0.000000,
        "bw_dev" : 0.000000,
        "bw_samples" : 0,
        "iops_min" : 0,
        "iops_max" : 0,
        "iops_mean" : 0.000000,
        "iops_stddev" : 0.000000,
        "iops_samples" : 0
      },
      "sync" : {
        "total_ios" : 0,
        "lat_ns" : {
          "min" : 0,
          "max" : 0,
          "mean" : 0.000000,
          "stddev" : 0.000000,
          "N" : 0
        }
      },
      "job_runtime" : 300001,
      "usr_cpu" : 11.643628,
      "sys_cpu" : 61.118796,
      "ctx" : 17259736,
      "majf" : 0,
      "minf" : 19,
      "iodepth_level" : {
        "1" : 100.000000,
        "2" : 0.000000,
        "4" : 0.000000,
        "8" : 0.000000,
        "16" : 0.000000,
        "32" : 0.000000,
        ">=64" : 0.000000
      },
      "iodepth_submit" : {
        "0" : 0.000000,
        "4" : 100.000000,
        "8" : 0.000000,
        "16" : 0.000000,
        "32" : 0.000000,
        "64" : 0.000000,
        ">=64" : 0.000000
      },
      "iodepth_complete" : {
        "0" : 0.000000,
        "4" : 100.000000,
        "8" : 0.000000,
        "16" : 0.000000,
        "32" : 0.000000,
        "64" : 0.000000,
        ">=64" : 0.000000
      },
      "latency_ns" : {
        "2" : 0.000000,
        "4" : 0.000000,
        "10" : 0.000000,
        "20" : 0.000000,
        "50" : 0.000000,
        "100" : 0.000000,
        "250" : 0.000000,
        "500" : 0.000000,
        "750" : 0.000000,
        "1000" : 0.000000
      },
      "latency_us" : {
        "2" : 22.268697,
        "4" : 27.087147,
        "10" : 8.350951,
        "20" : 41.759634,
        "50" : 0.502988,
        "100" : 0.023219,
        "250" : 0.010000,
        "500" : 0.010000,
        "750" : 0.010000,
        "1000" : 0.010000
      },
      "latency_ms" : {
        "2" : 0.010000,
        "4" : 0.010000,
        "10" : 0.010000,
        "20" : 0.000000,
        "50" : 0.000000,
        "100" : 0.000000,
        "250" : 0.000000,
        "500" : 0.000000,
        "750" : 0.000000,
        "1000" : 0.000000,
        "2000" : 0.000000,
        ">=2000" : 0.000000
      },
      "latency_depth" : 1,
      "latency_target" : 0,
      "latency_percentile" : 100.000000,
      "latency_window" : 0
    }
  ],
  "disk_util" : [
    {
      "name" : "loop25",
      "read_ios" : 17204053,
      "write_ios" : 17204553,
      "read_merges" : 0,
      "write_merges" : 0,
      "read_ticks" : 131866,
      "write_ticks" : 484465,
      "in_queue" : 32,
      "util" : 100.000000
    }
  ]
}
