{
  "fio version" : "fio-3.32-36-g5932",
  "timestamp" : 1664226369,
  "timestamp_ms" : 1664226369274,
  "time" : "Mon Sep 26 23:06:09 2022",
  "global options" : {
    "size" : "8K",
    "rw" : "randrw",
    "bs" : "4K",
    "numjobs" : "1",
    "iodepth" : "128",
    "runtime" : "15",
    "end_fsync" : "1",
    "lat_percentiles" : "1",
    "slat_percentiles" : "1",
    "clat_percentiles" : "1"
  },
  "jobs" : [
    {
      "jobname" : "random-rw",
      "groupid" : 0,
      "error" : 0,
      "eta" : 0,
      "elapsed" : 16,
      "job options" : {
        "name" : "random-rw"
      },
      "read" : {
        "io_bytes" : 3196887040,
        "io_kbytes" : 3121960,
        "bw_bytes" : 213111595,
        "bw" : 208116,
        "iops" : 52029.198053,
        "runtime" : 15001,
        "total_ios" : 780490,
        "short_ios" : 0,
        "drop_ios" : 0,
        "slat_ns" : {
          "min" : 0,
          "max" : 0,
          "mean" : 0.000000,
          "stddev" : 0.000000,
          "N" : 0
        },
        "clat_ns" : {
          "min" : 692,
          "max" : 6073850,
          "mean" : 7693.414848,
          "stddev" : 15022.246664,
          "N" : 780490,
          "percentile" : {
            "1.000000" : 812,
            "5.000000" : 876,
            "10.000000" : 932,
            "20.000000" : 1048,
            "30.000000" : 1336,
            "40.000000" : 3984,
            "50.000000" : 6560,
            "60.000000" : 9536,
            "70.000000" : 10944,
            "80.000000" : 13120,
            "90.000000" : 16512,
            "95.000000" : 19328,
            "99.000000" : 24448,
            "99.500000" : 28032,
            "99.900000" : 70144,
            "99.950000" : 97792,
            "99.990000" : 268288
          },
          "bins" : {
            "692" : 5,
            "700" : 4,
            "708" : 17,
            "716" : 12,
            "724" : 27,
            "732" : 44,
            "740" : 75,
            "748" : 135,
            "756" : 179,
            "764" : 305,
            "772" : 456,
            "780" : 660,
            "788" : 920,
            "796" : 1120,
            "804" : 1719,
            "812" : 2145,
            "820" : 2760,
            "828" : 3317,
            "836" : 3544,
            "844" : 4007,
            "852" : 4154,
            "860" : 4460,
            "868" : 4673,
            "876" : 4742,
            "884" : 5254,
            "892" : 5586,
            "900" : 5858,
            "908" : 5933,
            "916" : 6097,
            "924" : 6184,
            "932" : 5896,
            "940" : 5723,
            "948" : 5579,
            "956" : 5064,
            "964" : 5323,
            "972" : 5284,
            "980" : 5220,
            "988" : 5336,
            "996" : 5234,
            "1004" : 5660,
            "1012" : 5830,
            "1020" : 5869,
            "1032" : 11933,
            "1048" : 12171,
            "1064" : 12051,
            "1080" : 10947,
            "1096" : 9754,
            "1112" : 7413,
            "1128" : 5674,
            "1144" : 4089,
            "1160" : 3027,
            "1176" : 2290,
            "1192" : 1970,
            "1208" : 1688,
            "1224" : 1544,
            "1240" : 1497,
            "1256" : 1399,
            "1272" : 1401,
            "1288" : 1489,
            "1304" : 1523,
            "1320" : 1466,
            "1336" : 1679,
            "1352" : 1736,
            "1368" : 1842,
            "1384" : 1899,
            "1400" : 1929,
            "1416" : 1970,
            "1432" : 1899,
            "1448" : 1996,
            "1464" : 2001,
            "1480" : 2112,
            "1496" : 2149,
            "1512" : 2120,
            "1528" : 2201,
            "1544" : 2096,
            "1560" : 2026,
            "1576" : 2013,
            "1592" : 1875,
            "1608" : 1847,
            "1624" : 1814,
            "1640" : 1676,
            "1656" : 1672,
            "1672" : 1537,
            "1688" : 1505,
            "1704" : 1407,
            "1720" : 1257,
            "1736" : 1206,
            "1752" : 1048,
            "1768" : 1030,
            "1784" : 966,
            "1800" : 949,
            "1816" : 816,
            "1832" : 850,
            "1848" : 755,
            "1864" : 673,
            "1880" : 667,
            "1896" : 646,
            "1912" : 614,
            "1928" : 491,
            "1944" : 533,
            "1960" : 481,
            "1976" : 493,
            "1992" : 447,
            "2008" : 442,
            "2024" : 400,
            "2040" : 376,
            "2064" : 705,
            "2096" : 589,
            "2128" : 561,
            "2160" : 488,
            "2192" : 431,
            "2224" : 365,
            "2256" : 364,
            "2288" : 347,
            "2320" : 281,
            "2352" : 264,
            "2384" : 225,
            "2416" : 194,
            "2448" : 182,
            "2480" : 149,
            "2512" : 124,
            "2544" : 131,
            "2576" : 115,
            "2608" : 94,
            "2640" : 110,
            "2672" : 81,
            "2704" : 63,
            "2736" : 50,
            "2768" : 47,
            "2800" : 54,
            "2832" : 34,
            "2864" : 25,
            "2896" : 33,
            "2928" : 26,
            "2960" : 26,
            "2992" : 26,
            "3024" : 19,
            "3056" : 19,
            "3088" : 37,
            "3120" : 17,
            "3152" : 21,
            "3184" : 17,
            "3216" : 22,
            "3248" : 10,
            "3280" : 18,
            "3312" : 10,
            "3344" : 12,
            "3376" : 7,
            "3408" : 8,
            "3440" : 12,
            "3472" : 10,
            "3504" : 10,
            "3536" : 4,
            "3568" : 10,
            "3600" : 20,
            "3632" : 28,
            "3664" : 62,
            "3696" : 173,
            "3728" : 381,
            "3760" : 590,
            "3792" : 882,
            "3824" : 1312,
            "3856" : 1461,
            "3888" : 1699,
            "3920" : 1855,
            "3952" : 1873,
            "3984" : 1905,
            "4016" : 1882,
            "4048" : 1801,
            "4080" : 1619,
            "4128" : 2993,
            "4192" : 2806,
            "4256" : 2803,
            "4320" : 2468,
            "4384" : 1863,
            "4448" : 1556,
            "4512" : 1450,
            "4576" : 1285,
            "4640" : 1068,
            "4704" : 948,
            "4768" : 1420,
            "4832" : 1979,
            "4896" : 1893,
            "4960" : 2121,
            "5024" : 2489,
            "5088" : 2617,
            "5152" : 2072,
            "5216" : 1514,
            "5280" : 1522,
            "5344" : 1648,
            "5408" : 1422,
            "5472" : 986,
            "5536" : 701,
            "5600" : 661,
            "5664" : 634,
            "5728" : 626,
            "5792" : 631,
            "5856" : 578,
            "5920" : 571,
            "5984" : 571,
            "6048" : 705,
            "6112" : 746,
            "6176" : 1450,
            "6240" : 2984,
            "6304" : 4415,
            "6368" : 4838,
            "6432" : 4526,
            "6496" : 3924,
            "6560" : 3012,
            "6624" : 2014,
            "6688" : 2116,
            "6752" : 3087,
            "6816" : 3739,
            "6880" : 4822,
            "6944" : 6277,
            "7008" : 6773,
            "7072" : 6085,
            "7136" : 4803,
            "7200" : 3045,
            "7264" : 1970,
            "7328" : 1363,
            "7392" : 1085,
            "7456" : 926,
            "7520" : 776,
            "7584" : 621,
            "7648" : 535,
            "7712" : 424,
            "7776" : 402,
            "7840" : 311,
            "7904" : 306,
            "7968" : 247,
            "8032" : 209,
            "8096" : 203,
            "8160" : 192,
            "8256" : 344,
            "8384" : 290,
            "8512" : 307,
            "8640" : 299,
            "8768" : 285,
            "8896" : 417,
            "9024" : 947,
            "9152" : 2451,
            "9280" : 4903,
            "9408" : 8469,
            "9536" : 10154,
            "9664" : 8952,
            "9792" : 7008,
            "9920" : 6107,
            "10048" : 5538,
            "10176" : 5262,
            "10304" : 6382,
            "10432" : 8110,
            "10560" : 9084,
            "10688" : 8945,
            "10816" : 8357,
            "10944" : 7449,
            "11072" : 6419,
            "11200" : 5853,
            "11328" : 5701,
            "11456" : 5373,
            "11584" : 5263,
            "11712" : 4933,
            "11840" : 4581,
            "11968" : 4141,
            "12096" : 3404,
            "12224" : 3062,
            "12352" : 2871,
            "12480" : 3168,
            "12608" : 3370,
            "12736" : 3429,
            "12864" : 3316,
            "12992" : 3618,
            "13120" : 3841,
            "13248" : 4012,
            "13376" : 3978,
            "13504" : 3677,
            "13632" : 3631,
            "13760" : 3530,
            "13888" : 3823,
            "14016" : 4030,
            "14144" : 4215,
            "14272" : 4098,
            "14400" : 3507,
            "14528" : 3036,
            "14656" : 2683,
            "14784" : 2589,
            "14912" : 2448,
            "15040" : 2422,
            "15168" : 2323,
            "15296" : 2300,
            "15424" : 2312,
            "15552" : 2223,
            "15680" : 2264,
            "15808" : 2238,
            "15936" : 2300,
            "16064" : 2275,
            "16192" : 2287,
            "16320" : 2339,
            "16512" : 4364,
            "16768" : 4167,
            "17024" : 3778,
            "17280" : 3556,
            "17536" : 3466,
            "17792" : 3600,
            "18048" : 3572,
            "18304" : 3395,
            "18560" : 3239,
            "18816" : 3159,
            "19072" : 3222,
            "19328" : 3239,
            "19584" : 3088,
            "19840" : 2981,
            "20096" : 2674,
            "20352" : 2352,
            "20608" : 2129,
            "20864" : 1947,
            "21120" : 1897,
            "21376" : 1736,
            "21632" : 1564,
            "21888" : 1387,
            "22144" : 1339,
            "22400" : 1198,
            "22656" : 1103,
            "22912" : 1018,
            "23168" : 941,
            "23424" : 811,
            "23680" : 728,
            "23936" : 647,
            "24192" : 577,
            "24448" : 484,
            "24704" : 466,
            "24960" : 399,
            "25216" : 373,
            "25472" : 360,
            "25728" : 297,
            "25984" : 267,
            "26240" : 247,
            "26496" : 228,
            "26752" : 211,
            "27008" : 202,
            "27264" : 172,
            "27520" : 151,
            "27776" : 131,
            "28032" : 127,
            "28288" : 123,
            "28544" : 123,
            "28800" : 86,
            "29056" : 108,
            "29312" : 76,
            "29568" : 78,
            "29824" : 77,
            "30080" : 75,
            "30336" : 52,
            "30592" : 56,
            "30848" : 60,
            "31104" : 54,
            "31360" : 51,
            "31616" : 56,
            "31872" : 47,
            "32128" : 59,
            "32384" : 38,
            "32640" : 36,
            "33024" : 62,
            "33536" : 81,
            "34048" : 63,
            "34560" : 52,
            "35072" : 43,
            "35584" : 50,
            "36096" : 58,
            "36608" : 47,
            "37120" : 48,
            "37632" : 37,
            "38144" : 37,
            "38656" : 34,
            "39168" : 46,
            "39680" : 38,
            "40192" : 28,
            "40704" : 28,
            "41216" : 40,
            "41728" : 32,
            "42240" : 33,
            "42752" : 26,
            "43264" : 36,
            "43776" : 26,
            "44288" : 29,
            "44800" : 33,
            "45312" : 23,
            "45824" : 30,
            "46336" : 28,
            "46848" : 22,
            "47360" : 30,
            "47872" : 27,
            "48384" : 14,
            "48896" : 23,
            "49408" : 18,
            "49920" : 20,
            "50432" : 21,
            "50944" : 23,
            "51456" : 26,
            "51968" : 22,
            "52480" : 18,
            "52992" : 23,
            "53504" : 19,
            "54016" : 15,
            "54528" : 24,
            "55040" : 19,
            "55552" : 14,
            "56064" : 19,
            "56576" : 8,
            "57088" : 19,
            "57600" : 13,
            "58112" : 20,
            "58624" : 14,
            "59136" : 14,
            "59648" : 12,
            "60160" : 18,
            "60672" : 10,
            "61184" : 14,
            "61696" : 15,
            "62208" : 14,
            "62720" : 13,
            "63232" : 9,
            "63744" : 22,
            "64256" : 23,
            "64768" : 10,
            "65280" : 13,
            "66048" : 25,
            "67072" : 20,
            "68096" : 22,
            "69120" : 15,
            "70144" : 30,
            "71168" : 26,
            "72192" : 19,
            "73216" : 19,
            "74240" : 23,
            "75264" : 12,
            "76288" : 14,
            "77312" : 16,
            "78336" : 13,
            "79360" : 19,
            "80384" : 17,
            "81408" : 19,
            "82432" : 14,
            "83456" : 8,
            "84480" : 15,
            "85504" : 12,
            "86528" : 9,
            "87552" : 16,
            "88576" : 15,
            "89600" : 9,
            "90624" : 11,
            "91648" : 11,
            "92672" : 6,
            "93696" : 8,
            "94720" : 6,
            "95744" : 11,
            "96768" : 10,
            "97792" : 10,
            "98816" : 4,
            "99840" : 5,
            "100864" : 13,
            "101888" : 4,
            "102912" : 7,
            "103936" : 8,
            "104960" : 6,
            "105984" : 8,
            "107008" : 4,
            "108032" : 6,
            "109056" : 6,
            "110080" : 6,
            "111104" : 8,
            "112128" : 2,
            "113152" : 4,
            "114176" : 4,
            "115200" : 4,
            "116224" : 2,
            "117248" : 5,
            "118272" : 5,
            "119296" : 5,
            "120320" : 3,
            "121344" : 2,
            "122368" : 5,
            "123392" : 6,
            "124416" : 6,
            "126464" : 6,
            "127488" : 4,
            "128512" : 4,
            "129536" : 3,
            "130560" : 1,
            "132096" : 9,
            "134144" : 2,
            "136192" : 10,
            "138240" : 9,
            "140288" : 3,
            "142336" : 6,
            "144384" : 7,
            "146432" : 8,
            "148480" : 4,
            "150528" : 8,
            "152576" : 5,
            "154624" : 2,
            "156672" : 6,
            "158720" : 6,
            "160768" : 4,
            "164864" : 1,
            "168960" : 2,
            "171008" : 1,
            "173056" : 1,
            "175104" : 3,
            "179200" : 1,
            "181248" : 2,
            "183296" : 1,
            "185344" : 2,
            "187392" : 1,
            "193536" : 2,
            "195584" : 2,
            "197632" : 1,
            "199680" : 2,
            "201728" : 1,
            "203776" : 2,
            "205824" : 1,
            "209920" : 2,
            "211968" : 1,
            "214016" : 2,
            "216064" : 1,
            "218112" : 1,
            "220160" : 2,
            "222208" : 1,
            "224256" : 3,
            "228352" : 1,
            "230400" : 1,
            "234496" : 3,
            "236544" : 1,
            "238592" : 2,
            "240640" : 2,
            "246784" : 1,
            "248832" : 1,
            "257024" : 2,
            "259072" : 2,
            "264192" : 3,
            "268288" : 2,
            "272384" : 1,
            "276480" : 2,
            "284672" : 1,
            "288768" : 1,
            "292864" : 2,
            "296960" : 1,
            "301056" : 1,
            "309248" : 2,
            "313344" : 1,
            "325632" : 2,
            "329728" : 2,
            "333824" : 2,
            "337920" : 1,
            "342016" : 1,
            "346112" : 2,
            "354304" : 1,
            "362496" : 1,
            "374784" : 2,
            "382976" : 1,
            "391168" : 1,
            "399360" : 1,
            "403456" : 1,
            "407552" : 1,
            "419840" : 2,
            "423936" : 1,
            "428032" : 3,
            "452608" : 1,
            "464896" : 1,
            "481280" : 1,
            "485376" : 2,
            "501760" : 2,
            "509952" : 1,
            "528384" : 1,
            "585728" : 2,
            "593920" : 2,
            "602112" : 1,
            "626688" : 1,
            "659456" : 1,
            "675840" : 1,
            "774144" : 2,
            "872448" : 1,
            "888832" : 1,
            "921600" : 1,
            "937984" : 1,
            "954368" : 1,
            "995328" : 2,
            "1028096" : 1,
            "1138688" : 1,
            "1155072" : 1,
            "1171456" : 1,
            "1187840" : 1,
            "1515520" : 2,
            "1794048" : 1,
            "2039808" : 1,
            "2408448" : 1,
            "2539520" : 1,
            "2670592" : 1,
            "2932736" : 1,
            "5865472" : 1,
            "6062080" : 1
          }
        },
        "lat_ns" : {
          "min" : 723,
          "max" : 6074130,
          "mean" : 7840.290771,
          "stddev" : 15063.793582,
          "N" : 780490,
          "percentile" : {
            "1.000000" : 852,
            "5.000000" : 932,
            "10.000000" : 1004,
            "20.000000" : 1144,
            "30.000000" : 1480,
            "40.000000" : 4192,
            "50.000000" : 6688,
            "60.000000" : 9664,
            "70.000000" : 11072,
            "80.000000" : 13248,
            "90.000000" : 16768,
            "95.000000" : 19584,
            "99.000000" : 24704,
            "99.500000" : 28288,
            "99.900000" : 70144,
            "99.950000" : 98816,
            "99.990000" : 268288
          },
          "bins" : {
            "724" : 3,
            "732" : 5,
            "740" : 14,
            "748" : 16,
            "756" : 25,
            "764" : 45,
            "772" : 70,
            "780" : 130,
            "788" : 192,
            "796" : 270,
            "804" : 442,
            "812" : 618,
            "820" : 846,
            "828" : 1118,
            "836" : 1474,
            "844" : 2048,
            "852" : 2492,
            "860" : 2892,
            "868" : 3224,
            "876" : 3228,
            "884" : 3452,
            "892" : 3308,
            "900" : 3309,
            "908" : 3232,
            "916" : 3066,
            "924" : 3275,
            "932" : 3162,
            "940" : 3539,
            "948" : 3808,
            "956" : 3759,
            "964" : 4353,
            "972" : 4693,
            "980" : 4779,
            "988" : 5064,
            "996" : 4881,
            "1004" : 5064,
            "1012" : 5143,
            "1020" : 5158,
            "1032" : 9648,
            "1048" : 9363,
            "1064" : 8810,
            "1080" : 8214,
            "1096" : 8302,
            "1112" : 8106,
            "1128" : 8608,
            "1144" : 8544,
            "1160" : 8597,
            "1176" : 8393,
            "1192" : 8320,
            "1208" : 8078,
            "1224" : 7166,
            "1240" : 5673,
            "1256" : 4377,
            "1272" : 3182,
            "1288" : 2416,
            "1304" : 1907,
            "1320" : 1488,
            "1336" : 1422,
            "1352" : 1315,
            "1368" : 1321,
            "1384" : 1375,
            "1400" : 1307,
            "1416" : 1285,
            "1432" : 1324,
            "1448" : 1284,
            "1464" : 1432,
            "1480" : 1569,
            "1496" : 1565,
            "1512" : 1737,
            "1528" : 1746,
            "1544" : 1791,
            "1560" : 1764,
            "1576" : 1732,
            "1592" : 1699,
            "1608" : 1785,
            "1624" : 1855,
            "1640" : 1772,
            "1656" : 1796,
            "1672" : 1726,
            "1688" : 1822,
            "1704" : 1736,
            "1720" : 1662,
            "1736" : 1714,
            "1752" : 1560,
            "1768" : 1559,
            "1784" : 1558,
            "1800" : 1414,
            "1816" : 1447,
            "1832" : 1247,
            "1848" : 1292,
            "1864" : 1211,
            "1880" : 1085,
            "1896" : 1078,
            "1912" : 1002,
            "1928" : 881,
            "1944" : 884,
            "1960" : 802,
            "1976" : 756,
            "1992" : 737,
            "2008" : 702,
            "2024" : 642,
            "2040" : 605,
            "2064" : 1109,
            "2096" : 1018,
            "2128" : 986,
            "2160" : 936,
            "2192" : 758,
            "2224" : 681,
            "2256" : 654,
            "2288" : 542,
            "2320" : 464,
            "2352" : 427,
            "2384" : 398,
            "2416" : 360,
            "2448" : 305,
            "2480" : 305,
            "2512" : 256,
            "2544" : 255,
            "2576" : 253,
            "2608" : 216,
            "2640" : 189,
            "2672" : 170,
            "2704" : 136,
            "2736" : 127,
            "2768" : 114,
            "2800" : 124,
            "2832" : 113,
            "2864" : 80,
            "2896" : 89,
            "2928" : 64,
            "2960" : 61,
            "2992" : 53,
            "3024" : 51,
            "3056" : 44,
            "3088" : 40,
            "3120" : 40,
            "3152" : 24,
            "3184" : 28,
            "3216" : 31,
            "3248" : 24,
            "3280" : 26,
            "3312" : 20,
            "3344" : 24,
            "3376" : 20,
            "3408" : 15,
            "3440" : 21,
            "3472" : 16,
            "3504" : 9,
            "3536" : 13,
            "3568" : 11,
            "3600" : 8,
            "3632" : 19,
            "3664" : 20,
            "3696" : 26,
            "3728" : 44,
            "3760" : 118,
            "3792" : 291,
            "3824" : 584,
            "3856" : 900,
            "3888" : 1278,
            "3920" : 1641,
            "3952" : 1839,
            "3984" : 1814,
            "4016" : 1942,
            "4048" : 1798,
            "4080" : 1669,
            "4128" : 3090,
            "4192" : 2983,
            "4256" : 3121,
            "4320" : 3259,
            "4384" : 2850,
            "4448" : 2315,
            "4512" : 1878,
            "4576" : 1860,
            "4640" : 1673,
            "4704" : 1376,
            "4768" : 1225,
            "4832" : 1499,
            "4896" : 1836,
            "4960" : 1820,
            "5024" : 1618,
            "5088" : 2007,
            "5152" : 2496,
            "5216" : 2352,
            "5280" : 1743,
            "5344" : 1408,
            "5408" : 1459,
            "5472" : 1609,
            "5536" : 1378,
            "5600" : 939,
            "5664" : 709,
            "5728" : 633,
            "5792" : 657,
            "5856" : 671,
            "5920" : 601,
            "5984" : 636,
            "6048" : 692,
            "6112" : 729,
            "6176" : 835,
            "6240" : 1605,
            "6304" : 3214,
            "6368" : 4571,
            "6432" : 4780,
            "6496" : 3941,
            "6560" : 3732,
            "6624" : 3258,
            "6688" : 2258,
            "6752" : 1667,
            "6816" : 2261,
            "6880" : 3682,
            "6944" : 4272,
            "7008" : 5350,
            "7072" : 7578,
            "7136" : 7818,
            "7200" : 5545,
            "7264" : 3312,
            "7328" : 2015,
            "7392" : 1498,
            "7456" : 1163,
            "7520" : 1001,
            "7584" : 835,
            "7648" : 710,
            "7712" : 623,
            "7776" : 491,
            "7840" : 437,
            "7904" : 367,
            "7968" : 326,
            "8032" : 303,
            "8096" : 248,
            "8160" : 229,
            "8256" : 411,
            "8384" : 353,
            "8512" : 316,
            "8640" : 311,
            "8768" : 308,
            "8896" : 337,
            "9024" : 570,
            "9152" : 1158,
            "9280" : 2966,
            "9408" : 6240,
            "9536" : 9077,
            "9664" : 9264,
            "9792" : 7526,
            "9920" : 6541,
            "10048" : 5977,
            "10176" : 5458,
            "10304" : 5634,
            "10432" : 7336,
            "10560" : 8678,
            "10688" : 8953,
            "10816" : 8638,
            "10944" : 7825,
            "11072" : 6858,
            "11200" : 5952,
            "11328" : 5483,
            "11456" : 5623,
            "11584" : 5402,
            "11712" : 4937,
            "11840" : 4703,
            "11968" : 4325,
            "12096" : 3881,
            "12224" : 3496,
            "12352" : 3392,
            "12480" : 3166,
            "12608" : 3384,
            "12736" : 3413,
            "12864" : 3445,
            "12992" : 3449,
            "13120" : 3660,
            "13248" : 4000,
            "13376" : 4025,
            "13504" : 3968,
            "13632" : 3838,
            "13760" : 3744,
            "13888" : 3760,
            "14016" : 4058,
            "14144" : 4069,
            "14272" : 4211,
            "14400" : 3988,
            "14528" : 3396,
            "14656" : 3040,
            "14784" : 2709,
            "14912" : 2599,
            "15040" : 2367,
            "15168" : 2328,
            "15296" : 2259,
            "15424" : 2289,
            "15552" : 2231,
            "15680" : 2180,
            "15808" : 2308,
            "15936" : 2176,
            "16064" : 2250,
            "16192" : 2215,
            "16320" : 2274,
            "16512" : 4468,
            "16768" : 4135,
            "17024" : 3861,
            "17280" : 3713,
            "17536" : 3437,
            "17792" : 3475,
            "18048" : 3520,
            "18304" : 3449,
            "18560" : 3364,
            "18816" : 3157,
            "19072" : 3073,
            "19328" : 3202,
            "19584" : 3171,
            "19840" : 3075,
            "20096" : 2875,
            "20352" : 2543,
            "20608" : 2284,
            "20864" : 2068,
            "21120" : 1926,
            "21376" : 1931,
            "21632" : 1704,
            "21888" : 1492,
            "22144" : 1397,
            "22400" : 1314,
            "22656" : 1201,
            "22912" : 1132,
            "23168" : 1009,
            "23424" : 920,
            "23680" : 788,
            "23936" : 701,
            "24192" : 656,
            "24448" : 545,
            "24704" : 497,
            "24960" : 458,
            "25216" : 412,
            "25472" : 374,
            "25728" : 368,
            "25984" : 277,
            "26240" : 277,
            "26496" : 263,
            "26752" : 230,
            "27008" : 219,
            "27264" : 193,
            "27520" : 175,
            "27776" : 142,
            "28032" : 148,
            "28288" : 131,
            "28544" : 109,
            "28800" : 113,
            "29056" : 104,
            "29312" : 102,
            "29568" : 79,
            "29824" : 85,
            "30080" : 78,
            "30336" : 58,
            "30592" : 66,
            "30848" : 67,
            "31104" : 43,
            "31360" : 59,
            "31616" : 54,
            "31872" : 50,
            "32128" : 49,
            "32384" : 46,
            "32640" : 43,
            "33024" : 63,
            "33536" : 88,
            "34048" : 67,
            "34560" : 64,
            "35072" : 42,
            "35584" : 45,
            "36096" : 59,
            "36608" : 52,
            "37120" : 60,
            "37632" : 33,
            "38144" : 42,
            "38656" : 38,
            "39168" : 42,
            "39680" : 35,
            "40192" : 36,
            "40704" : 30,
            "41216" : 38,
            "41728" : 30,
            "42240" : 31,
            "42752" : 35,
            "43264" : 36,
            "43776" : 25,
            "44288" : 32,
            "44800" : 36,
            "45312" : 22,
            "45824" : 27,
            "46336" : 28,
            "46848" : 25,
            "47360" : 30,
            "47872" : 28,
            "48384" : 13,
            "48896" : 25,
            "49408" : 16,
            "49920" : 21,
            "50432" : 19,
            "50944" : 21,
            "51456" : 28,
            "51968" : 23,
            "52480" : 20,
            "52992" : 24,
            "53504" : 19,
            "54016" : 13,
            "54528" : 23,
            "55040" : 22,
            "55552" : 18,
            "56064" : 17,
            "56576" : 11,
            "57088" : 15,
            "57600" : 14,
            "58112" : 20,
            "58624" : 13,
            "59136" : 14,
            "59648" : 14,
            "60160" : 16,
            "60672" : 11,
            "61184" : 14,
            "61696" : 14,
            "62208" : 14,
            "62720" : 17,
            "63232" : 6,
            "63744" : 18,
            "64256" : 24,
            "64768" : 13,
            "65280" : 15,
            "66048" : 24,
            "67072" : 20,
            "68096" : 22,
            "69120" : 18,
            "70144" : 29,
            "71168" : 28,
            "72192" : 18,
            "73216" : 22,
            "74240" : 21,
            "75264" : 15,
            "76288" : 12,
            "77312" : 18,
            "78336" : 13,
            "79360" : 21,
            "80384" : 13,
            "81408" : 19,
            "82432" : 15,
            "83456" : 10,
            "84480" : 14,
            "85504" : 12,
            "86528" : 9,
            "87552" : 15,
            "88576" : 16,
            "89600" : 10,
            "90624" : 10,
            "91648" : 10,
            "92672" : 8,
            "93696" : 8,
            "94720" : 6,
            "95744" : 10,
            "96768" : 12,
            "97792" : 7,
            "98816" : 7,
            "99840" : 6,
            "100864" : 13,
            "101888" : 5,
            "102912" : 7,
            "103936" : 7,
            "104960" : 7,
            "105984" : 7,
            "107008" : 4,
            "108032" : 6,
            "109056" : 7,
            "110080" : 7,
            "111104" : 7,
            "112128" : 4,
            "113152" : 3,
            "114176" : 5,
            "115200" : 4,
            "116224" : 2,
            "117248" : 5,
            "118272" : 5,
            "119296" : 4,
            "120320" : 4,
            "121344" : 2,
            "122368" : 4,
            "123392" : 7,
            "124416" : 6,
            "126464" : 5,
            "127488" : 5,
            "128512" : 3,
            "129536" : 3,
            "130560" : 2,
            "132096" : 8,
            "134144" : 3,
            "136192" : 9,
            "138240" : 10,
            "140288" : 3,
            "142336" : 5,
            "144384" : 9,
            "146432" : 8,
            "148480" : 5,
            "150528" : 6,
            "152576" : 5,
            "154624" : 4,
            "156672" : 6,
            "158720" : 5,
            "160768" : 5,
            "164864" : 1,
            "168960" : 2,
            "171008" : 1,
            "173056" : 1,
            "175104" : 3,
            "179200" : 1,
            "181248" : 2,
            "183296" : 1,
            "185344" : 2,
            "187392" : 1,
            "193536" : 2,
            "195584" : 1,
            "197632" : 2,
            "199680" : 2,
            "203776" : 2,
            "205824" : 2,
            "209920" : 2,
            "211968" : 1,
            "214016" : 2,
            "216064" : 1,
            "218112" : 1,
            "220160" : 2,
            "222208" : 2,
            "224256" : 2,
            "226304" : 1,
            "228352" : 1,
            "230400" : 1,
            "234496" : 2,
            "236544" : 2,
            "238592" : 2,
            "240640" : 2,
            "246784" : 1,
            "248832" : 1,
            "257024" : 2,
            "259072" : 2,
            "264192" : 2,
            "268288" : 3,
            "272384" : 1,
            "276480" : 2,
            "288768" : 1,
            "292864" : 2,
            "296960" : 1,
            "301056" : 1,
            "309248" : 2,
            "313344" : 1,
            "325632" : 2,
            "329728" : 3,
            "333824" : 2,
            "342016" : 1,
            "346112" : 2,
            "354304" : 1,
            "362496" : 1,
            "374784" : 2,
            "382976" : 1,
            "391168" : 1,
            "399360" : 1,
            "403456" : 1,
            "407552" : 1,
            "419840" : 1,
            "423936" : 2,
            "428032" : 3,
            "452608" : 1,
            "464896" : 1,
            "481280" : 1,
            "485376" : 2,
            "501760" : 2,
            "509952" : 1,
            "528384" : 1,
            "585728" : 2,
            "593920" : 2,
            "602112" : 1,
            "626688" : 1,
            "659456" : 1,
            "675840" : 1,
            "774144" : 2,
            "839680" : 1,
            "872448" : 1,
            "888832" : 1,
            "921600" : 1,
            "937984" : 1,
            "954368" : 1,
            "995328" : 2,
            "1028096" : 1,
            "1138688" : 1,
            "1155072" : 1,
            "1171456" : 1,
            "1187840" : 1,
            "1515520" : 2,
            "1794048" : 1,
            "2039808" : 1,
            "2408448" : 1,
            "2539520" : 1,
            "2670592" : 1,
            "2932736" : 1,
            "5865472" : 1,
            "6062080" : 1
          }
        },
        "bw_min" : 168920,
        "bw_max" : 236144,
        "bw_agg" : 99.677685,
        "bw_mean" : 207446.344828,
        "bw_dev" : 18586.950308,
        "bw_samples" : 29,
        "iops_min" : 42230,
        "iops_max" : 59036,
        "iops_mean" : 51861.586207,
        "iops_stddev" : 4646.737577,
        "iops_samples" : 29
      },
      "write" : {
        "io_bytes" : 3191132160,
        "io_kbytes" : 3116340,
        "bw_bytes" : 212727962,
        "bw" : 207742,
        "iops" : 51935.537631,
        "runtime" : 15001,
        "total_ios" : 779085,
        "short_ios" : 0,
        "drop_ios" : 0,
        "slat_ns" : {
          "min" : 0,
          "max" : 0,
          "mean" : 0.000000,
          "stddev" : 0.000000,
          "N" : 0
        },
        "clat_ns" : {
          "min" : 956,
          "max" : 2855909,
          "mean" : 3600.248230,
          "stddev" : 5452.589576,
          "N" : 779085,
          "percentile" : {
            "1.000000" : 1112,
            "5.000000" : 1320,
            "10.000000" : 1432,
            "20.000000" : 1736,
            "30.000000" : 2128,
            "40.000000" : 2640,
            "50.000000" : 2896,
            "60.000000" : 3280,
            "70.000000" : 4512,
            "80.000000" : 5216,
            "90.000000" : 6240,
            "95.000000" : 7264,
            "99.000000" : 10176,
            "99.500000" : 11328,
            "99.900000" : 22144,
            "99.950000" : 42752,
            "99.990000" : 109056
          },
          "bins" : {
            "956" : 2,
            "964" : 78,
            "972" : 299,
            "980" : 442,
            "988" : 456,
            "996" : 629,
            "1004" : 1109,
            "1012" : 1345,
            "1020" : 987,
            "1032" : 881,
            "1048" : 585,
            "1064" : 359,
            "1080" : 231,
            "1096" : 256,
            "1112" : 625,
            "1128" : 1192,
            "1144" : 1217,
            "1160" : 1150,
            "1176" : 1864,
            "1192" : 1998,
            "1208" : 1514,
            "1224" : 1464,
            "1240" : 2129,
            "1256" : 2987,
            "1272" : 2916,
            "1288" : 3592,
            "1304" : 4365,
            "1320" : 4746,
            "1336" : 6650,
            "1352" : 7381,
            "1368" : 6421,
            "1384" : 5257,
            "1400" : 4843,
            "1416" : 4941,
            "1432" : 5141,
            "1448" : 5666,
            "1464" : 5514,
            "1480" : 5237,
            "1496" : 5375,
            "1512" : 5477,
            "1528" : 6091,
            "1544" : 6469,
            "1560" : 6033,
            "1576" : 5365,
            "1592" : 4526,
            "1608" : 4046,
            "1624" : 3478,
            "1640" : 2801,
            "1656" : 2479,
            "1672" : 1878,
            "1688" : 1784,
            "1704" : 1501,
            "1720" : 1391,
            "1736" : 1352,
            "1752" : 1371,
            "1768" : 1540,
            "1784" : 1725,
            "1800" : 1826,
            "1816" : 2154,
            "1832" : 2283,
            "1848" : 2511,
            "1864" : 2783,
            "1880" : 2795,
            "1896" : 2987,
            "1912" : 2887,
            "1928" : 2950,
            "1944" : 3232,
            "1960" : 3885,
            "1976" : 4521,
            "1992" : 4130,
            "2008" : 3881,
            "2024" : 4824,
            "2040" : 6007,
            "2064" : 9605,
            "2096" : 7240,
            "2128" : 5887,
            "2160" : 3927,
            "2192" : 3128,
            "2224" : 3218,
            "2256" : 3619,
            "2288" : 3788,
            "2320" : 3984,
            "2352" : 3921,
            "2384" : 3980,
            "2416" : 4355,
            "2448" : 4694,
            "2480" : 4992,
            "2512" : 5375,
            "2544" : 5795,
            "2576" : 7099,
            "2608" : 9024,
            "2640" : 11400,
            "2672" : 12663,
            "2704" : 11314,
            "2736" : 9454,
            "2768" : 7717,
            "2800" : 7234,
            "2832" : 7170,
            "2864" : 7391,
            "2896" : 8287,
            "2928" : 9076,
            "2960" : 9973,
            "2992" : 10331,
            "3024" : 9798,
            "3056" : 8474,
            "3088" : 6909,
            "3120" : 5589,
            "3152" : 4323,
            "3184" : 3758,
            "3216" : 3295,
            "3248" : 2928,
            "3280" : 2851,
            "3312" : 2546,
            "3344" : 2397,
            "3376" : 2300,
            "3408" : 2069,
            "3440" : 1970,
            "3472" : 1893,
            "3504" : 1852,
            "3536" : 1760,
            "3568" : 1666,
            "3600" : 1589,
            "3632" : 1484,
            "3664" : 1541,
            "3696" : 1435,
            "3728" : 1398,
            "3760" : 1392,
            "3792" : 1378,
            "3824" : 1350,
            "3856" : 1411,
            "3888" : 1396,
            "3920" : 1295,
            "3952" : 1365,
            "3984" : 1344,
            "4016" : 1372,
            "4048" : 1374,
            "4080" : 1321,
            "4128" : 3147,
            "4192" : 3714,
            "4256" : 4806,
            "4320" : 6315,
            "4384" : 7995,
            "4448" : 9278,
            "4512" : 10778,
            "4576" : 10211,
            "4640" : 8238,
            "4704" : 6442,
            "4768" : 5830,
            "4832" : 5775,
            "4896" : 5894,
            "4960" : 5846,
            "5024" : 5386,
            "5088" : 5306,
            "5152" : 5351,
            "5216" : 5200,
            "5280" : 4747,
            "5344" : 4686,
            "5408" : 5042,
            "5472" : 5991,
            "5536" : 6206,
            "5600" : 6398,
            "5664" : 6048,
            "5728" : 5476,
            "5792" : 5060,
            "5856" : 4673,
            "5920" : 4287,
            "5984" : 4165,
            "6048" : 4159,
            "6112" : 4019,
            "6176" : 3938,
            "6240" : 3726,
            "6304" : 3481,
            "6368" : 3290,
            "6432" : 3088,
            "6496" : 2760,
            "6560" : 2638,
            "6624" : 2549,
            "6688" : 2422,
            "6752" : 2376,
            "6816" : 2175,
            "6880" : 2080,
            "6944" : 1899,
            "7008" : 1756,
            "7072" : 1752,
            "7136" : 1590,
            "7200" : 1516,
            "7264" : 1465,
            "7328" : 1358,
            "7392" : 1284,
            "7456" : 1127,
            "7520" : 1026,
            "7584" : 943,
            "7648" : 917,
            "7712" : 886,
            "7776" : 892,
            "7840" : 841,
            "7904" : 790,
            "7968" : 811,
            "8032" : 783,
            "8096" : 726,
            "8160" : 774,
            "8256" : 1431,
            "8384" : 1304,
            "8512" : 1222,
            "8640" : 1282,
            "8768" : 1299,
            "8896" : 1334,
            "9024" : 1314,
            "9152" : 1301,
            "9280" : 1219,
            "9408" : 1113,
            "9536" : 995,
            "9664" : 917,
            "9792" : 910,
            "9920" : 857,
            "10048" : 767,
            "10176" : 732,
            "10304" : 657,
            "10432" : 581,
            "10560" : 559,
            "10688" : 499,
            "10816" : 425,
            "10944" : 360,
            "11072" : 354,
            "11200" : 269,
            "11328" : 255,
            "11456" : 243,
            "11584" : 167,
            "11712" : 166,
            "11840" : 177,
            "11968" : 155,
            "12096" : 121,
            "12224" : 118,
            "12352" : 98,
            "12480" : 84,
            "12608" : 93,
            "12736" : 74,
            "12864" : 87,
            "12992" : 63,
            "13120" : 61,
            "13248" : 59,
            "13376" : 53,
            "13504" : 52,
            "13632" : 55,
            "13760" : 50,
            "13888" : 39,
            "14016" : 37,
            "14144" : 39,
            "14272" : 38,
            "14400" : 30,
            "14528" : 31,
            "14656" : 29,
            "14784" : 30,
            "14912" : 25,
            "15040" : 25,
            "15168" : 18,
            "15296" : 20,
            "15424" : 25,
            "15552" : 15,
            "15680" : 17,
            "15808" : 23,
            "15936" : 18,
            "16064" : 19,
            "16192" : 14,
            "16320" : 16,
            "16512" : 35,
            "16768" : 38,
            "17024" : 36,
            "17280" : 25,
            "17536" : 23,
            "17792" : 22,
            "18048" : 27,
            "18304" : 29,
            "18560" : 18,
            "18816" : 19,
            "19072" : 17,
            "19328" : 23,
            "19584" : 21,
            "19840" : 15,
            "20096" : 14,
            "20352" : 20,
            "20608" : 20,
            "20864" : 14,
            "21120" : 16,
            "21376" : 9,
            "21632" : 11,
            "21888" : 12,
            "22144" : 19,
            "22400" : 8,
            "22656" : 8,
            "22912" : 9,
            "23168" : 14,
            "23424" : 11,
            "23680" : 13,
            "23936" : 7,
            "24192" : 10,
            "24448" : 7,
            "24704" : 8,
            "24960" : 7,
            "25216" : 8,
            "25472" : 3,
            "25728" : 7,
            "25984" : 7,
            "26240" : 7,
            "26496" : 4,
            "26752" : 7,
            "27008" : 10,
            "27264" : 6,
            "27520" : 6,
            "27776" : 6,
            "28032" : 8,
            "28288" : 4,
            "28544" : 7,
            "28800" : 4,
            "29056" : 3,
            "29312" : 5,
            "29568" : 6,
            "29824" : 2,
            "30080" : 4,
            "30336" : 5,
            "30592" : 5,
            "30848" : 6,
            "31104" : 4,
            "31360" : 3,
            "31616" : 4,
            "31872" : 3,
            "32128" : 3,
            "32384" : 7,
            "32640" : 1,
            "33024" : 10,
            "33536" : 8,
            "34048" : 8,
            "34560" : 6,
            "35072" : 3,
            "35584" : 7,
            "36096" : 3,
            "36608" : 3,
            "37120" : 8,
            "37632" : 10,
            "38144" : 6,
            "38656" : 6,
            "39168" : 5,
            "39680" : 6,
            "40192" : 9,
            "40704" : 4,
            "41216" : 5,
            "41728" : 4,
            "42240" : 4,
            "42752" : 5,
            "43264" : 6,
            "43776" : 3,
            "44288" : 5,
            "44800" : 7,
            "45312" : 8,
            "45824" : 3,
            "46336" : 6,
            "46848" : 4,
            "47360" : 7,
            "47872" : 3,
            "48384" : 3,
            "48896" : 7,
            "49408" : 5,
            "49920" : 4,
            "50432" : 3,
            "50944" : 3,
            "51456" : 7,
            "51968" : 7,
            "52480" : 4,
            "52992" : 3,
            "53504" : 4,
            "54016" : 2,
            "54528" : 4,
            "55040" : 6,
            "55552" : 2,
            "56064" : 2,
            "56576" : 3,
            "57088" : 1,
            "57600" : 3,
            "58112" : 3,
            "58624" : 2,
            "59136" : 5,
            "59648" : 2,
            "60160" : 4,
            "60672" : 3,
            "61184" : 3,
            "61696" : 1,
            "62208" : 3,
            "62720" : 7,
            "63744" : 3,
            "64256" : 2,
            "64768" : 3,
            "65280" : 2,
            "66048" : 8,
            "67072" : 5,
            "68096" : 8,
            "69120" : 4,
            "70144" : 4,
            "71168" : 5,
            "72192" : 6,
            "73216" : 6,
            "74240" : 2,
            "75264" : 5,
            "76288" : 5,
            "77312" : 4,
            "78336" : 4,
            "79360" : 3,
            "80384" : 4,
            "81408" : 3,
            "82432" : 2,
            "83456" : 6,
            "84480" : 4,
            "85504" : 7,
            "86528" : 1,
            "87552" : 3,
            "88576" : 3,
            "89600" : 2,
            "90624" : 3,
            "91648" : 3,
            "93696" : 3,
            "94720" : 5,
            "95744" : 1,
            "96768" : 2,
            "97792" : 4,
            "98816" : 1,
            "99840" : 2,
            "100864" : 1,
            "101888" : 1,
            "102912" : 1,
            "103936" : 2,
            "104960" : 2,
            "107008" : 3,
            "108032" : 1,
            "109056" : 2,
            "110080" : 3,
            "111104" : 1,
            "112128" : 2,
            "113152" : 2,
            "115200" : 1,
            "116224" : 1,
            "118272" : 1,
            "121344" : 1,
            "126464" : 1,
            "129536" : 1,
            "130560" : 1,
            "134144" : 1,
            "136192" : 1,
            "138240" : 3,
            "140288" : 1,
            "142336" : 3,
            "144384" : 2,
            "146432" : 1,
            "150528" : 1,
            "152576" : 2,
            "154624" : 1,
            "160768" : 1,
            "162816" : 1,
            "164864" : 2,
            "166912" : 1,
            "171008" : 1,
            "173056" : 1,
            "177152" : 1,
            "183296" : 1,
            "185344" : 1,
            "187392" : 1,
            "189440" : 2,
            "191488" : 1,
            "193536" : 1,
            "195584" : 1,
            "197632" : 1,
            "199680" : 1,
            "201728" : 2,
            "205824" : 1,
            "211968" : 1,
            "216064" : 1,
            "220160" : 1,
            "222208" : 1,
            "224256" : 1,
            "228352" : 2,
            "234496" : 1,
            "242688" : 1,
            "246784" : 1,
            "261120" : 1,
            "284672" : 1,
            "292864" : 2,
            "296960" : 1,
            "370688" : 1,
            "411648" : 1,
            "415744" : 1,
            "419840" : 1,
            "456704" : 1,
            "757760" : 1,
            "1155072" : 1,
            "1335296" : 1,
            "1875968" : 1,
            "2867200" : 1
          }
        },
        "lat_ns" : {
          "min" : 1002,
          "max" : 2856093,
          "mean" : 3779.618997,
          "stddev" : 5505.948478,
          "N" : 779085,
          "percentile" : {
            "1.000000" : 1160,
            "5.000000" : 1384,
            "10.000000" : 1512,
            "20.000000" : 1880,
            "30.000000" : 2224,
            "40.000000" : 2768,
            "50.000000" : 3056,
            "60.000000" : 3568,
            "70.000000" : 4640,
            "80.000000" : 5472,
            "90.000000" : 6496,
            "95.000000" : 7648,
            "99.000000" : 10560,
            "99.500000" : 11712,
            "99.900000" : 23168,
            "99.950000" : 44288,
            "99.990000" : 110080
          },
          "bins" : {
            "1004" : 14,
            "1012" : 109,
            "1020" : 311,
            "1032" : 956,
            "1048" : 1872,
            "1064" : 2141,
            "1080" : 828,
            "1096" : 595,
            "1112" : 339,
            "1128" : 231,
            "1144" : 263,
            "1160" : 670,
            "1176" : 1108,
            "1192" : 1176,
            "1208" : 1165,
            "1224" : 1941,
            "1240" : 1878,
            "1256" : 1388,
            "1272" : 1300,
            "1288" : 2255,
            "1304" : 2780,
            "1320" : 2330,
            "1336" : 2364,
            "1352" : 2985,
            "1368" : 4348,
            "1384" : 5808,
            "1400" : 6947,
            "1416" : 7177,
            "1432" : 5763,
            "1448" : 5120,
            "1464" : 4207,
            "1480" : 3177,
            "1496" : 2580,
            "1512" : 2552,
            "1528" : 2816,
            "1544" : 3320,
            "1560" : 3949,
            "1576" : 4926,
            "1592" : 5326,
            "1608" : 5819,
            "1624" : 5773,
            "1640" : 5443,
            "1656" : 5204,
            "1672" : 4918,
            "1688" : 4607,
            "1704" : 4172,
            "1720" : 3655,
            "1736" : 3296,
            "1752" : 2740,
            "1768" : 2241,
            "1784" : 1870,
            "1800" : 1628,
            "1816" : 1333,
            "1832" : 1191,
            "1848" : 1197,
            "1864" : 1275,
            "1880" : 1263,
            "1896" : 1523,
            "1912" : 1622,
            "1928" : 1819,
            "1944" : 2047,
            "1960" : 2185,
            "1976" : 2691,
            "1992" : 3492,
            "2008" : 4705,
            "2024" : 5610,
            "2040" : 5083,
            "2064" : 10469,
            "2096" : 12699,
            "2128" : 8433,
            "2160" : 7387,
            "2192" : 5137,
            "2224" : 3452,
            "2256" : 2957,
            "2288" : 3007,
            "2320" : 3359,
            "2352" : 3465,
            "2384" : 3744,
            "2416" : 3838,
            "2448" : 3741,
            "2480" : 3987,
            "2512" : 4277,
            "2544" : 4694,
            "2576" : 4914,
            "2608" : 4900,
            "2640" : 5275,
            "2672" : 5918,
            "2704" : 7460,
            "2736" : 9711,
            "2768" : 11055,
            "2800" : 10574,
            "2832" : 8906,
            "2864" : 7398,
            "2896" : 6795,
            "2928" : 6736,
            "2960" : 6959,
            "2992" : 7340,
            "3024" : 7647,
            "3056" : 8630,
            "3088" : 9116,
            "3120" : 9493,
            "3152" : 9251,
            "3184" : 8165,
            "3216" : 7022,
            "3248" : 5644,
            "3280" : 4433,
            "3312" : 3706,
            "3344" : 3311,
            "3376" : 2962,
            "3408" : 2654,
            "3440" : 2482,
            "3472" : 2359,
            "3504" : 2182,
            "3536" : 2019,
            "3568" : 1960,
            "3600" : 1852,
            "3632" : 1753,
            "3664" : 1685,
            "3696" : 1698,
            "3728" : 1541,
            "3760" : 1495,
            "3792" : 1455,
            "3824" : 1454,
            "3856" : 1351,
            "3888" : 1328,
            "3920" : 1283,
            "3952" : 1303,
            "3984" : 1318,
            "4016" : 1355,
            "4048" : 1359,
            "4080" : 1246,
            "4128" : 2721,
            "4192" : 2989,
            "4256" : 3686,
            "4320" : 4791,
            "4384" : 5624,
            "4448" : 6414,
            "4512" : 7706,
            "4576" : 9301,
            "4640" : 10715,
            "4704" : 9906,
            "4768" : 7427,
            "4832" : 6042,
            "4896" : 5563,
            "4960" : 5493,
            "5024" : 5631,
            "5088" : 5851,
            "5152" : 5960,
            "5216" : 5930,
            "5280" : 6020,
            "5344" : 5402,
            "5408" : 4944,
            "5472" : 5122,
            "5536" : 5545,
            "5600" : 6210,
            "5664" : 6149,
            "5728" : 6314,
            "5792" : 6107,
            "5856" : 5658,
            "5920" : 5232,
            "5984" : 4755,
            "6048" : 4228,
            "6112" : 4319,
            "6176" : 4264,
            "6240" : 4231,
            "6304" : 4053,
            "6368" : 3827,
            "6432" : 3532,
            "6496" : 3461,
            "6560" : 3376,
            "6624" : 3103,
            "6688" : 2913,
            "6752" : 2642,
            "6816" : 2461,
            "6880" : 2443,
            "6944" : 2342,
            "7008" : 2206,
            "7072" : 2107,
            "7136" : 1909,
            "7200" : 1906,
            "7264" : 1749,
            "7328" : 1645,
            "7392" : 1538,
            "7456" : 1434,
            "7520" : 1362,
            "7584" : 1256,
            "7648" : 1197,
            "7712" : 1108,
            "7776" : 1039,
            "7840" : 1037,
            "7904" : 860,
            "7968" : 921,
            "8032" : 875,
            "8096" : 824,
            "8160" : 873,
            "8256" : 1662,
            "8384" : 1570,
            "8512" : 1476,
            "8640" : 1375,
            "8768" : 1378,
            "8896" : 1395,
            "9024" : 1382,
            "9152" : 1410,
            "9280" : 1394,
            "9408" : 1278,
            "9536" : 1283,
            "9664" : 1154,
            "9792" : 1056,
            "9920" : 967,
            "10048" : 954,
            "10176" : 873,
            "10304" : 801,
            "10432" : 764,
            "10560" : 693,
            "10688" : 606,
            "10816" : 604,
            "10944" : 517,
            "11072" : 451,
            "11200" : 390,
            "11328" : 363,
            "11456" : 292,
            "11584" : 261,
            "11712" : 259,
            "11840" : 197,
            "11968" : 160,
            "12096" : 172,
            "12224" : 187,
            "12352" : 128,
            "12480" : 131,
            "12608" : 116,
            "12736" : 103,
            "12864" : 84,
            "12992" : 85,
            "13120" : 92,
            "13248" : 66,
            "13376" : 76,
            "13504" : 61,
            "13632" : 54,
            "13760" : 51,
            "13888" : 58,
            "14016" : 43,
            "14144" : 43,
            "14272" : 42,
            "14400" : 39,
            "14528" : 41,
            "14656" : 39,
            "14784" : 36,
            "14912" : 36,
            "15040" : 18,
            "15168" : 24,
            "15296" : 32,
            "15424" : 15,
            "15552" : 23,
            "15680" : 22,
            "15808" : 19,
            "15936" : 21,
            "16064" : 23,
            "16192" : 16,
            "16320" : 21,
            "16512" : 34,
            "16768" : 41,
            "17024" : 31,
            "17280" : 40,
            "17536" : 25,
            "17792" : 27,
            "18048" : 22,
            "18304" : 28,
            "18560" : 29,
            "18816" : 15,
            "19072" : 26,
            "19328" : 15,
            "19584" : 26,
            "19840" : 18,
            "20096" : 18,
            "20352" : 23,
            "20608" : 18,
            "20864" : 20,
            "21120" : 16,
            "21376" : 13,
            "21632" : 11,
            "21888" : 9,
            "22144" : 15,
            "22400" : 13,
            "22656" : 12,
            "22912" : 9,
            "23168" : 14,
            "23424" : 14,
            "23680" : 10,
            "23936" : 13,
            "24192" : 10,
            "24448" : 7,
            "24704" : 9,
            "24960" : 7,
            "25216" : 9,
            "25472" : 5,
            "25728" : 7,
            "25984" : 4,
            "26240" : 10,
            "26496" : 5,
            "26752" : 6,
            "27008" : 9,
            "27264" : 9,
            "27520" : 5,
            "27776" : 6,
            "28032" : 9,
            "28288" : 7,
            "28544" : 7,
            "28800" : 5,
            "29056" : 4,
            "29312" : 5,
            "29568" : 5,
            "29824" : 6,
            "30080" : 4,
            "30336" : 4,
            "30592" : 8,
            "30848" : 5,
            "31104" : 4,
            "31360" : 3,
            "31616" : 3,
            "31872" : 4,
            "32128" : 3,
            "32384" : 2,
            "32640" : 6,
            "33024" : 8,
            "33536" : 10,
            "34048" : 7,
            "34560" : 7,
            "35072" : 6,
            "35584" : 5,
            "36096" : 4,
            "36608" : 4,
            "37120" : 9,
            "37632" : 8,
            "38144" : 9,
            "38656" : 8,
            "39168" : 1,
            "39680" : 9,
            "40192" : 8,
            "40704" : 6,
            "41216" : 6,
            "41728" : 5,
            "42240" : 5,
            "42752" : 3,
            "43264" : 6,
            "43776" : 3,
            "44288" : 7,
            "44800" : 4,
            "45312" : 8,
            "45824" : 6,
            "46336" : 7,
            "46848" : 4,
            "47360" : 4,
            "47872" : 6,
            "48384" : 2,
            "48896" : 7,
            "49408" : 5,
            "49920" : 4,
            "50432" : 5,
            "50944" : 2,
            "51456" : 8,
            "51968" : 8,
            "52480" : 4,
            "52992" : 3,
            "53504" : 4,
            "54016" : 2,
            "54528" : 4,
            "55040" : 6,
            "55552" : 3,
            "56064" : 3,
            "56576" : 2,
            "57600" : 4,
            "58112" : 3,
            "58624" : 2,
            "59136" : 4,
            "59648" : 2,
            "60160" : 4,
            "60672" : 4,
            "61184" : 2,
            "61696" : 2,
            "62208" : 3,
            "62720" : 7,
            "63232" : 2,
            "63744" : 2,
            "64256" : 2,
            "64768" : 2,
            "65280" : 5,
            "66048" : 8,
            "67072" : 4,
            "68096" : 7,
            "69120" : 6,
            "70144" : 3,
            "71168" : 5,
            "72192" : 6,
            "73216" : 6,
            "74240" : 1,
            "75264" : 7,
            "76288" : 4,
            "77312" : 5,
            "78336" : 4,
            "79360" : 3,
            "80384" : 6,
            "81408" : 4,
            "82432" : 3,
            "83456" : 6,
            "84480" : 3,
            "85504" : 7,
            "86528" : 1,
            "87552" : 4,
            "88576" : 3,
            "89600" : 2,
            "90624" : 3,
            "91648" : 3,
            "93696" : 2,
            "94720" : 4,
            "95744" : 3,
            "96768" : 1,
            "97792" : 5,
            "98816" : 1,
            "99840" : 2,
            "100864" : 1,
            "101888" : 2,
            "102912" : 1,
            "103936" : 2,
            "104960" : 2,
            "107008" : 3,
            "109056" : 2,
            "110080" : 4,
            "111104" : 1,
            "112128" : 2,
            "113152" : 2,
            "114176" : 1,
            "115200" : 1,
            "116224" : 1,
            "118272" : 1,
            "121344" : 1,
            "126464" : 1,
            "128512" : 1,
            "129536" : 1,
            "130560" : 1,
            "134144" : 1,
            "138240" : 4,
            "140288" : 1,
            "142336" : 3,
            "144384" : 2,
            "146432" : 1,
            "150528" : 1,
            "152576" : 2,
            "154624" : 1,
            "160768" : 1,
            "162816" : 1,
            "164864" : 1,
            "166912" : 2,
            "171008" : 1,
            "173056" : 1,
            "177152" : 1,
            "183296" : 1,
            "185344" : 1,
            "187392" : 1,
            "189440" : 2,
            "191488" : 1,
            "193536" : 1,
            "195584" : 1,
            "197632" : 1,
            "201728" : 3,
            "205824" : 1,
            "211968" : 1,
            "216064" : 1,
            "220160" : 1,
            "222208" : 1,
            "224256" : 1,
            "228352" : 2,
            "234496" : 1,
            "244736" : 1,
            "246784" : 1,
            "261120" : 1,
            "284672" : 1,
            "292864" : 2,
            "296960" : 1,
            "358400" : 1,
            "370688" : 1,
            "411648" : 1,
            "415744" : 1,
            "419840" : 1,
            "456704" : 1,
            "757760" : 1,
            "1155072" : 1,
            "1335296" : 1,
            "1875968" : 1,
            "2867200" : 1
          }
        },
        "bw_min" : 170216,
        "bw_max" : 235856,
        "bw_agg" : 99.649493,
        "bw_mean" : 207014.344828,
        "bw_dev" : 18693.341260,
        "bw_samples" : 29,
        "iops_min" : 42554,
        "iops_max" : 58964,
        "iops_mean" : 51753.586207,
        "iops_stddev" : 4673.335315,
        "iops_samples" : 29
      },
      "trim" : {
        "io_bytes" : 0,
        "io_kbytes" : 0,
        "bw_bytes" : 0,
        "bw" : 0,
        "iops" : 0.000000,
        "runtime" : 0,
        "total_ios" : 0,
        "short_ios" : 0,
        "drop_ios" : 0,
        "slat_ns" : {
          "min" : 0,
          "max" : 0,
          "mean" : 0.000000,
          "stddev" : 0.000000,
          "N" : 0
        },
        "clat_ns" : {
          "min" : 0,
          "max" : 0,
          "mean" : 0.000000,
          "stddev" : 0.000000,
          "N" : 0
        },
        "lat_ns" : {
          "min" : 0,
          "max" : 0,
          "mean" : 0.000000,
          "stddev" : 0.000000,
          "N" : 0
        },
        "bw_min" : 0,
        "bw_max" : 0,
        "bw_agg" : 0.000000,
        "bw_mean" : 0.000000,
        "bw_dev" : 0.000000,
        "bw_samples" : 0,
        "iops_min" : 0,
        "iops_max" : 0,
        "iops_mean" : 0.000000,
        "iops_stddev" : 0.000000,
        "iops_samples" : 0
      },
      "sync" : {
        "total_ios" : 0,
        "lat_ns" : {
          "min" : 0,
          "max" : 0,
          "mean" : 0.000000,
          "stddev" : 0.000000,
          "N" : 0
        }
      },
      "job_runtime" : 15000,
      "usr_cpu" : 14.580000,
      "sys_cpu" : 67.920000,
      "ctx" : 541683,
      "majf" : 0,
      "minf" : 19,
      "iodepth_level" : {
        "1" : 100.000000,
        "2" : 0.000000,
        "4" : 0.000000,
        "8" : 0.000000,
        "16" : 0.000000,
        "32" : 0.000000,
        ">=64" : 0.000000
      },
      "iodepth_submit" : {
        "0" : 0.000000,
        "4" : 100.000000,
        "8" : 0.000000,
        "16" : 0.000000,
        "32" : 0.000000,
        "64" : 0.000000,
        ">=64" : 0.000000
      },
      "iodepth_complete" : {
        "0" : 0.000000,
        "4" : 100.000000,
        "8" : 0.000000,
        "16" : 0.000000,
        "32" : 0.000000,
        "64" : 0.000000,
        ">=64" : 0.000000
      },
      "latency_ns" : {
        "2" : 0.000000,
        "4" : 0.000000,
        "10" : 0.000000,
        "20" : 0.000000,
        "50" : 0.000000,
        "100" : 0.000000,
        "250" : 0.000000,
        "500" : 0.000000,
        "750" : 0.017569,
        "1000" : 7.994678
      },
      "latency_us" : {
        "2" : 23.583156,
        "4" : 20.839972,
        "10" : 28.632608,
        "20" : 16.842537,
        "50" : 1.981117,
        "100" : 0.078419,
        "250" : 0.023404,
        "500" : 0.010000,
        "750" : 0.010000,
        "1000" : 0.010000
      },
      "latency_ms" : {
        "2" : 0.010000,
        "4" : 0.010000,
        "10" : 0.010000,
        "20" : 0.000000,
        "50" : 0.000000,
        "100" : 0.000000,
        "250" : 0.000000,
        "500" : 0.000000,
        "750" : 0.000000,
        "1000" : 0.000000,
        "2000" : 0.000000,
        ">=2000" : 0.000000
      },
      "latency_depth" : 128,
      "latency_target" : 0,
      "latency_percentile" : 100.000000,
      "latency_window" : 0
    }
  ],
  "disk_util" : [
    {
      "name" : "loop25",
      "read_ios" : 401164,
      "write_ios" : 551205,
      "read_merges" : 0,
      "write_merges" : 0,
      "read_ticks" : 3297,
      "write_ticks" : 5201,
      "in_queue" : 12,
      "util" : 99.399600
    }
  ]
}
