{
  "fio version" : "fio-3.32-36-g5932",
  "timestamp" : 1664226025,
  "timestamp_ms" : 1664226025314,
  "time" : "Mon Sep 26 23:00:25 2022",
  "global options" : {
    "size" : "128M",
    "rw" : "randrw",
    "bs" : "4K",
    "numjobs" : "1",
    "iodepth" : "128",
    "runtime" : "15",
    "end_fsync" : "1",
    "lat_percentiles" : "1",
    "slat_percentiles" : "1",
    "clat_percentiles" : "1"
  },
  "jobs" : [
    {
      "jobname" : "random-rw",
      "groupid" : 0,
      "error" : 0,
      "eta" : 0,
      "elapsed" : 16,
      "job options" : {
        "name" : "random-rw"
      },
      "read" : {
        "io_bytes" : 1257476096,
        "io_kbytes" : 1228004,
        "bw_bytes" : 82788603,
        "bw" : 80848,
        "iops" : 20212.061360,
        "runtime" : 15189,
        "total_ios" : 307001,
        "short_ios" : 0,
        "drop_ios" : 0,
        "slat_ns" : {
          "min" : 0,
          "max" : 0,
          "mean" : 0.000000,
          "stddev" : 0.000000,
          "N" : 0
        },
        "clat_ns" : {
          "min" : 1370,
          "max" : 10123671,
          "mean" : 26786.179270,
          "stddev" : 49262.389474,
          "N" : 307001,
          "percentile" : {
            "1.000000" : 12864,
            "5.000000" : 13888,
            "10.000000" : 15808,
            "20.000000" : 18560,
            "30.000000" : 20096,
            "40.000000" : 21376,
            "50.000000" : 23168,
            "60.000000" : 24960,
            "70.000000" : 27776,
            "80.000000" : 33024,
            "90.000000" : 37632,
            "95.000000" : 41728,
            "99.000000" : 63232,
            "99.500000" : 98816,
            "99.900000" : 301056,
            "99.950000" : 552960,
            "99.990000" : 2023424
          },
          "bins" : {
            "1368" : 1,
            "1512" : 1,
            "3184" : 1,
            "11328" : 4,
            "11456" : 7,
            "11584" : 22,
            "11712" : 36,
            "11840" : 86,
            "11968" : 135,
            "12096" : 205,
            "12224" : 245,
            "12352" : 374,
            "12480" : 438,
            "12608" : 601,
            "12736" : 797,
            "12864" : 955,
            "12992" : 1095,
            "13120" : 1289,
            "13248" : 1494,
            "13376" : 1571,
            "13504" : 1795,
            "13632" : 1744,
            "13760" : 1776,
            "13888" : 1765,
            "14016" : 1711,
            "14144" : 1627,
            "14272" : 1446,
            "14400" : 1450,
            "14528" : 1281,
            "14656" : 1078,
            "14784" : 963,
            "14912" : 874,
            "15040" : 846,
            "15168" : 675,
            "15296" : 598,
            "15424" : 566,
            "15552" : 542,
            "15680" : 483,
            "15808" : 484,
            "15936" : 383,
            "16064" : 456,
            "16192" : 430,
            "16320" : 486,
            "16512" : 1096,
            "16768" : 1412,
            "17024" : 1876,
            "17280" : 2572,
            "17536" : 3316,
            "17792" : 4050,
            "18048" : 4701,
            "18304" : 5291,
            "18560" : 5565,
            "18816" : 5749,
            "19072" : 5732,
            "19328" : 5733,
            "19584" : 5485,
            "19840" : 5502,
            "20096" : 5515,
            "20352" : 5503,
            "20608" : 5490,
            "20864" : 5453,
            "21120" : 5326,
            "21376" : 5214,
            "21632" : 5156,
            "21888" : 4989,
            "22144" : 5040,
            "22400" : 4986,
            "22656" : 4873,
            "22912" : 4918,
            "23168" : 4871,
            "23424" : 4777,
            "23680" : 4595,
            "23936" : 4411,
            "24192" : 4068,
            "24448" : 3882,
            "24704" : 3687,
            "24960" : 3506,
            "25216" : 3378,
            "25472" : 3164,
            "25728" : 2866,
            "25984" : 2873,
            "26240" : 2590,
            "26496" : 2460,
            "26752" : 2349,
            "27008" : 2192,
            "27264" : 2156,
            "27520" : 2061,
            "27776" : 1957,
            "28032" : 1928,
            "28288" : 1803,
            "28544" : 1716,
            "28800" : 1679,
            "29056" : 1690,
            "29312" : 1555,
            "29568" : 1586,
            "29824" : 1549,
            "30080" : 1479,
            "30336" : 1464,
            "30592" : 1454,
            "30848" : 1484,
            "31104" : 1446,
            "31360" : 1520,
            "31616" : 1537,
            "31872" : 1571,
            "32128" : 1615,
            "32384" : 1608,
            "32640" : 1565,
            "33024" : 3248,
            "33536" : 3361,
            "34048" : 3440,
            "34560" : 3408,
            "35072" : 3234,
            "35584" : 3187,
            "36096" : 3038,
            "36608" : 2851,
            "37120" : 2704,
            "37632" : 2668,
            "38144" : 2426,
            "38656" : 2290,
            "39168" : 2177,
            "39680" : 1877,
            "40192" : 1795,
            "40704" : 1683,
            "41216" : 1543,
            "41728" : 1322,
            "42240" : 1234,
            "42752" : 1127,
            "43264" : 1086,
            "43776" : 848,
            "44288" : 766,
            "44800" : 754,
            "45312" : 620,
            "45824" : 550,
            "46336" : 465,
            "46848" : 423,
            "47360" : 367,
            "47872" : 329,
            "48384" : 312,
            "48896" : 237,
            "49408" : 248,
            "49920" : 221,
            "50432" : 193,
            "50944" : 199,
            "51456" : 158,
            "51968" : 132,
            "52480" : 149,
            "52992" : 163,
            "53504" : 132,
            "54016" : 111,
            "54528" : 120,
            "55040" : 123,
            "55552" : 123,
            "56064" : 82,
            "56576" : 105,
            "57088" : 80,
            "57600" : 78,
            "58112" : 81,
            "58624" : 72,
            "59136" : 78,
            "59648" : 54,
            "60160" : 70,
            "60672" : 57,
            "61184" : 59,
            "61696" : 68,
            "62208" : 60,
            "62720" : 44,
            "63232" : 68,
            "63744" : 50,
            "64256" : 45,
            "64768" : 36,
            "65280" : 44,
            "66048" : 70,
            "67072" : 92,
            "68096" : 61,
            "69120" : 71,
            "70144" : 55,
            "71168" : 65,
            "72192" : 50,
            "73216" : 60,
            "74240" : 56,
            "75264" : 48,
            "76288" : 59,
            "77312" : 58,
            "78336" : 52,
            "79360" : 37,
            "80384" : 38,
            "81408" : 32,
            "82432" : 38,
            "83456" : 42,
            "84480" : 28,
            "85504" : 35,
            "86528" : 29,
            "87552" : 27,
            "88576" : 15,
            "89600" : 24,
            "90624" : 18,
            "91648" : 29,
            "92672" : 28,
            "93696" : 18,
            "94720" : 34,
            "95744" : 23,
            "96768" : 17,
            "97792" : 24,
            "98816" : 19,
            "99840" : 21,
            "100864" : 21,
            "101888" : 12,
            "102912" : 17,
            "103936" : 13,
            "104960" : 15,
            "105984" : 18,
            "107008" : 22,
            "108032" : 12,
            "109056" : 23,
            "110080" : 19,
            "111104" : 12,
            "112128" : 20,
            "113152" : 21,
            "114176" : 11,
            "115200" : 21,
            "116224" : 22,
            "117248" : 18,
            "118272" : 16,
            "119296" : 16,
            "120320" : 18,
            "121344" : 20,
            "122368" : 8,
            "123392" : 10,
            "124416" : 13,
            "125440" : 17,
            "126464" : 16,
            "127488" : 14,
            "128512" : 7,
            "129536" : 12,
            "130560" : 10,
            "132096" : 20,
            "134144" : 20,
            "136192" : 30,
            "138240" : 25,
            "140288" : 20,
            "142336" : 14,
            "144384" : 20,
            "146432" : 11,
            "148480" : 22,
            "150528" : 14,
            "152576" : 14,
            "154624" : 13,
            "156672" : 15,
            "158720" : 15,
            "160768" : 18,
            "162816" : 16,
            "164864" : 9,
            "166912" : 13,
            "168960" : 12,
            "171008" : 10,
            "173056" : 10,
            "175104" : 13,
            "177152" : 9,
            "179200" : 11,
            "181248" : 12,
            "183296" : 12,
            "185344" : 3,
            "187392" : 8,
            "189440" : 4,
            "191488" : 3,
            "193536" : 5,
            "195584" : 2,
            "197632" : 7,
            "199680" : 14,
            "201728" : 11,
            "203776" : 5,
            "205824" : 2,
            "207872" : 5,
            "209920" : 9,
            "211968" : 13,
            "214016" : 8,
            "216064" : 7,
            "218112" : 5,
            "220160" : 6,
            "222208" : 9,
            "224256" : 13,
            "226304" : 6,
            "228352" : 4,
            "230400" : 9,
            "232448" : 9,
            "234496" : 10,
            "236544" : 6,
            "238592" : 2,
            "240640" : 9,
            "242688" : 12,
            "244736" : 8,
            "246784" : 6,
            "248832" : 9,
            "250880" : 8,
            "252928" : 5,
            "254976" : 6,
            "257024" : 3,
            "259072" : 6,
            "261120" : 8,
            "264192" : 8,
            "268288" : 7,
            "272384" : 6,
            "276480" : 7,
            "280576" : 6,
            "284672" : 5,
            "288768" : 3,
            "292864" : 7,
            "296960" : 6,
            "301056" : 7,
            "305152" : 4,
            "309248" : 4,
            "313344" : 3,
            "317440" : 6,
            "321536" : 2,
            "325632" : 1,
            "329728" : 2,
            "333824" : 4,
            "337920" : 2,
            "342016" : 6,
            "346112" : 4,
            "350208" : 3,
            "354304" : 5,
            "358400" : 1,
            "362496" : 5,
            "366592" : 1,
            "370688" : 4,
            "374784" : 3,
            "378880" : 2,
            "382976" : 3,
            "387072" : 2,
            "391168" : 3,
            "395264" : 4,
            "399360" : 4,
            "403456" : 5,
            "407552" : 2,
            "411648" : 2,
            "415744" : 4,
            "419840" : 5,
            "423936" : 4,
            "428032" : 1,
            "432128" : 1,
            "436224" : 4,
            "440320" : 2,
            "444416" : 2,
            "448512" : 1,
            "456704" : 5,
            "460800" : 2,
            "464896" : 3,
            "468992" : 3,
            "473088" : 1,
            "477184" : 1,
            "481280" : 3,
            "485376" : 2,
            "489472" : 2,
            "497664" : 2,
            "509952" : 1,
            "514048" : 2,
            "518144" : 5,
            "528384" : 5,
            "536576" : 1,
            "544768" : 2,
            "552960" : 1,
            "561152" : 2,
            "569344" : 1,
            "577536" : 1,
            "585728" : 2,
            "593920" : 6,
            "602112" : 1,
            "610304" : 2,
            "618496" : 4,
            "626688" : 6,
            "634880" : 3,
            "643072" : 1,
            "651264" : 1,
            "659456" : 4,
            "667648" : 2,
            "675840" : 3,
            "684032" : 2,
            "692224" : 1,
            "700416" : 4,
            "716800" : 2,
            "724992" : 3,
            "733184" : 3,
            "749568" : 1,
            "757760" : 2,
            "765952" : 1,
            "774144" : 1,
            "790528" : 1,
            "798720" : 1,
            "806912" : 1,
            "823296" : 2,
            "831488" : 1,
            "856064" : 1,
            "864256" : 2,
            "888832" : 1,
            "897024" : 2,
            "913408" : 4,
            "929792" : 1,
            "937984" : 1,
            "946176" : 1,
            "962560" : 2,
            "970752" : 1,
            "978944" : 1,
            "987136" : 1,
            "995328" : 1,
            "1003520" : 1,
            "1011712" : 1,
            "1044480" : 2,
            "1073152" : 2,
            "1089536" : 1,
            "1122304" : 1,
            "1155072" : 1,
            "1171456" : 1,
            "1187840" : 1,
            "1220608" : 2,
            "1236992" : 1,
            "1253376" : 2,
            "1318912" : 3,
            "1351680" : 1,
            "1384448" : 1,
            "1400832" : 2,
            "1433600" : 1,
            "1466368" : 1,
            "1499136" : 1,
            "1515520" : 1,
            "1548288" : 1,
            "1662976" : 1,
            "1679360" : 1,
            "1810432" : 2,
            "1875968" : 1,
            "1892352" : 1,
            "1925120" : 1,
            "1957888" : 2,
            "1974272" : 1,
            "2023424" : 1,
            "2039808" : 1,
            "2146304" : 1,
            "2244608" : 1,
            "2277376" : 1,
            "2310144" : 3,
            "2342912" : 1,
            "2473984" : 2,
            "2605056" : 1,
            "2670592" : 1,
            "2736128" : 1,
            "2801664" : 2,
            "2834432" : 2,
            "3031040" : 2,
            "3850240" : 1,
            "3948544" : 1,
            "4079616" : 1,
            "4145152" : 1,
            "4177920" : 1,
            "5799936" : 1,
            "6651904" : 1,
            "7110656" : 1,
            "7241728" : 1,
            "8028160" : 1,
            "10158080" : 1
          }
        },
        "lat_ns" : {
          "min" : 1473,
          "max" : 10123784,
          "mean" : 26889.038694,
          "stddev" : 49274.570959,
          "N" : 307001,
          "percentile" : {
            "1.000000" : 12864,
            "5.000000" : 13888,
            "10.000000" : 15808,
            "20.000000" : 18816,
            "30.000000" : 20096,
            "40.000000" : 21632,
            "50.000000" : 23168,
            "60.000000" : 24960,
            "70.000000" : 28032,
            "80.000000" : 33024,
            "90.000000" : 38144,
            "95.000000" : 42240,
            "99.000000" : 63744,
            "99.500000" : 98816,
            "99.900000" : 301056,
            "99.950000" : 552960,
            "99.990000" : 2023424
          },
          "bins" : {
            "1480" : 1,
            "1576" : 1,
            "3408" : 1,
            "11456" : 6,
            "11584" : 12,
            "11712" : 22,
            "11840" : 59,
            "11968" : 100,
            "12096" : 156,
            "12224" : 214,
            "12352" : 297,
            "12480" : 388,
            "12608" : 511,
            "12736" : 668,
            "12864" : 821,
            "12992" : 1008,
            "13120" : 1218,
            "13248" : 1329,
            "13376" : 1550,
            "13504" : 1682,
            "13632" : 1864,
            "13760" : 1722,
            "13888" : 1807,
            "14016" : 1760,
            "14144" : 1681,
            "14272" : 1538,
            "14400" : 1423,
            "14528" : 1396,
            "14656" : 1176,
            "14784" : 1045,
            "14912" : 932,
            "15040" : 874,
            "15168" : 763,
            "15296" : 624,
            "15424" : 584,
            "15552" : 533,
            "15680" : 528,
            "15808" : 459,
            "15936" : 439,
            "16064" : 431,
            "16192" : 429,
            "16320" : 456,
            "16512" : 969,
            "16768" : 1292,
            "17024" : 1688,
            "17280" : 2248,
            "17536" : 3168,
            "17792" : 3844,
            "18048" : 4519,
            "18304" : 5093,
            "18560" : 5671,
            "18816" : 5708,
            "19072" : 5666,
            "19328" : 5710,
            "19584" : 5446,
            "19840" : 5432,
            "20096" : 5480,
            "20352" : 5474,
            "20608" : 5513,
            "20864" : 5458,
            "21120" : 5439,
            "21376" : 5242,
            "21632" : 5171,
            "21888" : 5075,
            "22144" : 5010,
            "22400" : 5020,
            "22656" : 4924,
            "22912" : 4954,
            "23168" : 4893,
            "23424" : 4816,
            "23680" : 4711,
            "23936" : 4429,
            "24192" : 4203,
            "24448" : 3940,
            "24704" : 3745,
            "24960" : 3529,
            "25216" : 3441,
            "25472" : 3149,
            "25728" : 2966,
            "25984" : 2839,
            "26240" : 2679,
            "26496" : 2500,
            "26752" : 2377,
            "27008" : 2212,
            "27264" : 2172,
            "27520" : 2117,
            "27776" : 1963,
            "28032" : 1920,
            "28288" : 1845,
            "28544" : 1751,
            "28800" : 1680,
            "29056" : 1664,
            "29312" : 1618,
            "29568" : 1583,
            "29824" : 1546,
            "30080" : 1484,
            "30336" : 1471,
            "30592" : 1424,
            "30848" : 1498,
            "31104" : 1445,
            "31360" : 1449,
            "31616" : 1545,
            "31872" : 1522,
            "32128" : 1625,
            "32384" : 1625,
            "32640" : 1562,
            "33024" : 3154,
            "33536" : 3439,
            "34048" : 3339,
            "34560" : 3414,
            "35072" : 3249,
            "35584" : 3253,
            "36096" : 3038,
            "36608" : 2912,
            "37120" : 2710,
            "37632" : 2696,
            "38144" : 2518,
            "38656" : 2308,
            "39168" : 2208,
            "39680" : 1927,
            "40192" : 1844,
            "40704" : 1678,
            "41216" : 1605,
            "41728" : 1384,
            "42240" : 1268,
            "42752" : 1147,
            "43264" : 1107,
            "43776" : 906,
            "44288" : 772,
            "44800" : 765,
            "45312" : 692,
            "45824" : 546,
            "46336" : 466,
            "46848" : 447,
            "47360" : 382,
            "47872" : 333,
            "48384" : 331,
            "48896" : 249,
            "49408" : 249,
            "49920" : 223,
            "50432" : 202,
            "50944" : 206,
            "51456" : 156,
            "51968" : 144,
            "52480" : 141,
            "52992" : 156,
            "53504" : 133,
            "54016" : 135,
            "54528" : 105,
            "55040" : 128,
            "55552" : 129,
            "56064" : 86,
            "56576" : 98,
            "57088" : 92,
            "57600" : 80,
            "58112" : 75,
            "58624" : 79,
            "59136" : 69,
            "59648" : 67,
            "60160" : 65,
            "60672" : 62,
            "61184" : 59,
            "61696" : 72,
            "62208" : 62,
            "62720" : 43,
            "63232" : 60,
            "63744" : 51,
            "64256" : 54,
            "64768" : 37,
            "65280" : 41,
            "66048" : 72,
            "67072" : 92,
            "68096" : 67,
            "69120" : 66,
            "70144" : 60,
            "71168" : 62,
            "72192" : 55,
            "73216" : 56,
            "74240" : 56,
            "75264" : 53,
            "76288" : 54,
            "77312" : 55,
            "78336" : 51,
            "79360" : 42,
            "80384" : 43,
            "81408" : 29,
            "82432" : 34,
            "83456" : 51,
            "84480" : 23,
            "85504" : 31,
            "86528" : 36,
            "87552" : 23,
            "88576" : 21,
            "89600" : 22,
            "90624" : 18,
            "91648" : 28,
            "92672" : 27,
            "93696" : 19,
            "94720" : 30,
            "95744" : 26,
            "96768" : 19,
            "97792" : 24,
            "98816" : 22,
            "99840" : 19,
            "100864" : 20,
            "101888" : 13,
            "102912" : 18,
            "103936" : 14,
            "104960" : 13,
            "105984" : 17,
            "107008" : 20,
            "108032" : 15,
            "109056" : 21,
            "110080" : 22,
            "111104" : 9,
            "112128" : 22,
            "113152" : 15,
            "114176" : 18,
            "115200" : 20,
            "116224" : 18,
            "117248" : 20,
            "118272" : 19,
            "119296" : 14,
            "120320" : 17,
            "121344" : 24,
            "122368" : 7,
            "123392" : 10,
            "124416" : 12,
            "125440" : 18,
            "126464" : 16,
            "127488" : 13,
            "128512" : 8,
            "129536" : 12,
            "130560" : 10,
            "132096" : 20,
            "134144" : 19,
            "136192" : 31,
            "138240" : 24,
            "140288" : 20,
            "142336" : 15,
            "144384" : 19,
            "146432" : 11,
            "148480" : 23,
            "150528" : 13,
            "152576" : 15,
            "154624" : 15,
            "156672" : 15,
            "158720" : 14,
            "160768" : 19,
            "162816" : 15,
            "164864" : 9,
            "166912" : 14,
            "168960" : 13,
            "171008" : 9,
            "173056" : 11,
            "175104" : 11,
            "177152" : 10,
            "179200" : 9,
            "181248" : 10,
            "183296" : 17,
            "185344" : 3,
            "187392" : 7,
            "189440" : 5,
            "191488" : 2,
            "193536" : 6,
            "195584" : 2,
            "197632" : 7,
            "199680" : 12,
            "201728" : 12,
            "203776" : 6,
            "205824" : 1,
            "207872" : 6,
            "209920" : 7,
            "211968" : 12,
            "214016" : 10,
            "216064" : 8,
            "218112" : 5,
            "220160" : 6,
            "222208" : 9,
            "224256" : 10,
            "226304" : 6,
            "228352" : 7,
            "230400" : 8,
            "232448" : 10,
            "234496" : 9,
            "236544" : 6,
            "238592" : 3,
            "240640" : 9,
            "242688" : 11,
            "244736" : 8,
            "246784" : 7,
            "248832" : 9,
            "250880" : 8,
            "252928" : 5,
            "254976" : 5,
            "257024" : 4,
            "259072" : 5,
            "261120" : 9,
            "264192" : 8,
            "268288" : 6,
            "272384" : 7,
            "276480" : 7,
            "280576" : 6,
            "284672" : 4,
            "288768" : 4,
            "292864" : 7,
            "296960" : 6,
            "301056" : 7,
            "305152" : 4,
            "309248" : 4,
            "313344" : 3,
            "317440" : 6,
            "321536" : 2,
            "325632" : 1,
            "329728" : 2,
            "333824" : 4,
            "337920" : 2,
            "342016" : 6,
            "346112" : 3,
            "350208" : 4,
            "354304" : 5,
            "358400" : 1,
            "362496" : 5,
            "366592" : 1,
            "370688" : 4,
            "374784" : 3,
            "378880" : 2,
            "382976" : 3,
            "387072" : 2,
            "391168" : 3,
            "395264" : 4,
            "399360" : 4,
            "403456" : 5,
            "407552" : 2,
            "411648" : 2,
            "415744" : 4,
            "419840" : 5,
            "423936" : 4,
            "428032" : 2,
            "432128" : 1,
            "436224" : 3,
            "440320" : 3,
            "444416" : 2,
            "452608" : 1,
            "456704" : 5,
            "460800" : 2,
            "464896" : 3,
            "468992" : 3,
            "473088" : 1,
            "477184" : 1,
            "481280" : 3,
            "485376" : 2,
            "489472" : 2,
            "497664" : 2,
            "509952" : 1,
            "514048" : 2,
            "518144" : 5,
            "528384" : 5,
            "536576" : 1,
            "544768" : 2,
            "552960" : 1,
            "561152" : 2,
            "569344" : 1,
            "577536" : 1,
            "585728" : 2,
            "593920" : 6,
            "602112" : 1,
            "610304" : 2,
            "618496" : 4,
            "626688" : 6,
            "634880" : 3,
            "643072" : 1,
            "651264" : 1,
            "659456" : 4,
            "667648" : 2,
            "675840" : 3,
            "684032" : 2,
            "692224" : 1,
            "700416" : 4,
            "716800" : 2,
            "724992" : 3,
            "733184" : 2,
            "741376" : 1,
            "749568" : 1,
            "757760" : 2,
            "765952" : 1,
            "774144" : 1,
            "790528" : 1,
            "798720" : 1,
            "806912" : 1,
            "823296" : 1,
            "831488" : 2,
            "856064" : 1,
            "864256" : 2,
            "888832" : 1,
            "897024" : 2,
            "913408" : 4,
            "929792" : 1,
            "937984" : 1,
            "946176" : 1,
            "962560" : 2,
            "970752" : 1,
            "978944" : 1,
            "987136" : 1,
            "995328" : 1,
            "1003520" : 1,
            "1011712" : 1,
            "1044480" : 2,
            "1073152" : 2,
            "1089536" : 1,
            "1122304" : 1,
            "1155072" : 1,
            "1171456" : 1,
            "1187840" : 1,
            "1220608" : 2,
            "1236992" : 1,
            "1253376" : 2,
            "1318912" : 3,
            "1351680" : 1,
            "1384448" : 1,
            "1400832" : 2,
            "1433600" : 1,
            "1466368" : 1,
            "1499136" : 1,
            "1515520" : 1,
            "1548288" : 1,
            "1662976" : 1,
            "1679360" : 1,
            "1810432" : 2,
            "1875968" : 1,
            "1892352" : 1,
            "1925120" : 1,
            "1957888" : 2,
            "1974272" : 1,
            "2023424" : 1,
            "2039808" : 1,
            "2146304" : 1,
            "2244608" : 1,
            "2277376" : 1,
            "2310144" : 3,
            "2342912" : 1,
            "2473984" : 2,
            "2605056" : 1,
            "2670592" : 1,
            "2736128" : 1,
            "2801664" : 2,
            "2834432" : 2,
            "3031040" : 2,
            "3850240" : 1,
            "3948544" : 1,
            "4079616" : 1,
            "4145152" : 1,
            "4177920" : 1,
            "5799936" : 1,
            "6651904" : 1,
            "7110656" : 1,
            "7241728" : 1,
            "8028160" : 1,
            "10158080" : 1
          }
        },
        "bw_min" : 49424,
        "bw_max" : 110896,
        "bw_agg" : 100.000000,
        "bw_mean" : 81866.933333,
        "bw_dev" : 16758.130352,
        "bw_samples" : 30,
        "iops_min" : 12356,
        "iops_max" : 27724,
        "iops_mean" : 20466.733333,
        "iops_stddev" : 4189.532588,
        "iops_samples" : 30
      },
      "write" : {
        "io_bytes" : 1256845312,
        "io_kbytes" : 1227388,
        "bw_bytes" : 82747074,
        "bw" : 80807,
        "iops" : 20201.922444,
        "runtime" : 15189,
        "total_ios" : 306847,
        "short_ios" : 0,
        "drop_ios" : 0,
        "slat_ns" : {
          "min" : 0,
          "max" : 0,
          "mean" : 0.000000,
          "stddev" : 0.000000,
          "N" : 0
        },
        "clat_ns" : {
          "min" : 2160,
          "max" : 210340726,
          "mean" : 16484.248590,
          "stddev" : 1256185.970896,
          "N" : 306847,
          "percentile" : {
            "1.000000" : 2928,
            "5.000000" : 3376,
            "10.000000" : 3632,
            "20.000000" : 4048,
            "30.000000" : 4640,
            "40.000000" : 5280,
            "50.000000" : 5792,
            "60.000000" : 6176,
            "70.000000" : 6688,
            "80.000000" : 7712,
            "90.000000" : 9664,
            "95.000000" : 11072,
            "99.000000" : 14272,
            "99.500000" : 17280,
            "99.900000" : 39680,
            "99.950000" : 65280,
            "99.990000" : 8716288
          },
          "bins" : {
            "2160" : 1,
            "2192" : 3,
            "2224" : 6,
            "2256" : 14,
            "2288" : 13,
            "2320" : 30,
            "2352" : 26,
            "2384" : 44,
            "2416" : 64,
            "2448" : 73,
            "2480" : 60,
            "2512" : 76,
            "2544" : 103,
            "2576" : 91,
            "2608" : 114,
            "2640" : 115,
            "2672" : 139,
            "2704" : 170,
            "2736" : 196,
            "2768" : 243,
            "2800" : 247,
            "2832" : 311,
            "2864" : 319,
            "2896" : 381,
            "2928" : 413,
            "2960" : 497,
            "2992" : 565,
            "3024" : 656,
            "3056" : 747,
            "3088" : 743,
            "3120" : 822,
            "3152" : 879,
            "3184" : 973,
            "3216" : 1110,
            "3248" : 1095,
            "3280" : 1165,
            "3312" : 1337,
            "3344" : 1378,
            "3376" : 1476,
            "3408" : 1569,
            "3440" : 1672,
            "3472" : 1742,
            "3504" : 1892,
            "3536" : 1975,
            "3568" : 1973,
            "3600" : 2062,
            "3632" : 2143,
            "3664" : 2223,
            "3696" : 2338,
            "3728" : 2353,
            "3760" : 2347,
            "3792" : 2350,
            "3824" : 2487,
            "3856" : 2410,
            "3888" : 2439,
            "3920" : 2305,
            "3952" : 2372,
            "3984" : 2287,
            "4016" : 2295,
            "4048" : 2239,
            "4080" : 2256,
            "4128" : 4221,
            "4192" : 3957,
            "4256" : 3740,
            "4320" : 3493,
            "4384" : 3328,
            "4448" : 3057,
            "4512" : 3040,
            "4576" : 2747,
            "4640" : 2766,
            "4704" : 2665,
            "4768" : 2537,
            "4832" : 2579,
            "4896" : 2649,
            "4960" : 2630,
            "5024" : 2610,
            "5088" : 2940,
            "5152" : 3136,
            "5216" : 3104,
            "5280" : 3339,
            "5344" : 3543,
            "5408" : 3817,
            "5472" : 3923,
            "5536" : 3997,
            "5600" : 4343,
            "5664" : 4427,
            "5728" : 4573,
            "5792" : 4656,
            "5856" : 4729,
            "5920" : 4925,
            "5984" : 4636,
            "6048" : 4707,
            "6112" : 4820,
            "6176" : 4619,
            "6240" : 4366,
            "6304" : 4282,
            "6368" : 4205,
            "6432" : 3892,
            "6496" : 3769,
            "6560" : 3552,
            "6624" : 3320,
            "6688" : 3105,
            "6752" : 2965,
            "6816" : 2797,
            "6880" : 2597,
            "6944" : 2454,
            "7008" : 2359,
            "7072" : 2173,
            "7136" : 2082,
            "7200" : 2029,
            "7264" : 1826,
            "7328" : 1750,
            "7392" : 1561,
            "7456" : 1551,
            "7520" : 1530,
            "7584" : 1349,
            "7648" : 1282,
            "7712" : 1264,
            "7776" : 1265,
            "7840" : 1191,
            "7904" : 1125,
            "7968" : 1102,
            "8032" : 1059,
            "8096" : 1029,
            "8160" : 1035,
            "8256" : 1913,
            "8384" : 1968,
            "8512" : 1872,
            "8640" : 1962,
            "8768" : 1898,
            "8896" : 1765,
            "9024" : 1889,
            "9152" : 1862,
            "9280" : 1855,
            "9408" : 1856,
            "9536" : 1782,
            "9664" : 1789,
            "9792" : 1726,
            "9920" : 1584,
            "10048" : 1504,
            "10176" : 1499,
            "10304" : 1298,
            "10432" : 1347,
            "10560" : 1287,
            "10688" : 1220,
            "10816" : 1182,
            "10944" : 1181,
            "11072" : 1037,
            "11200" : 1071,
            "11328" : 967,
            "11456" : 914,
            "11584" : 864,
            "11712" : 806,
            "11840" : 756,
            "11968" : 719,
            "12096" : 646,
            "12224" : 601,
            "12352" : 565,
            "12480" : 515,
            "12608" : 449,
            "12736" : 418,
            "12864" : 386,
            "12992" : 343,
            "13120" : 289,
            "13248" : 255,
            "13376" : 269,
            "13504" : 225,
            "13632" : 194,
            "13760" : 189,
            "13888" : 186,
            "14016" : 170,
            "14144" : 155,
            "14272" : 151,
            "14400" : 100,
            "14528" : 111,
            "14656" : 107,
            "14784" : 97,
            "14912" : 84,
            "15040" : 74,
            "15168" : 66,
            "15296" : 78,
            "15424" : 60,
            "15552" : 58,
            "15680" : 70,
            "15808" : 52,
            "15936" : 64,
            "16064" : 53,
            "16192" : 40,
            "16320" : 38,
            "16512" : 86,
            "16768" : 71,
            "17024" : 53,
            "17280" : 61,
            "17536" : 60,
            "17792" : 51,
            "18048" : 48,
            "18304" : 51,
            "18560" : 41,
            "18816" : 38,
            "19072" : 40,
            "19328" : 37,
            "19584" : 28,
            "19840" : 30,
            "20096" : 36,
            "20352" : 23,
            "20608" : 32,
            "20864" : 35,
            "21120" : 28,
            "21376" : 22,
            "21632" : 26,
            "21888" : 20,
            "22144" : 17,
            "22400" : 20,
            "22656" : 18,
            "22912" : 19,
            "23168" : 18,
            "23424" : 18,
            "23680" : 19,
            "23936" : 24,
            "24192" : 8,
            "24448" : 13,
            "24704" : 9,
            "24960" : 11,
            "25216" : 14,
            "25472" : 16,
            "25728" : 7,
            "25984" : 15,
            "26240" : 12,
            "26496" : 11,
            "26752" : 7,
            "27008" : 10,
            "27264" : 7,
            "27520" : 7,
            "27776" : 18,
            "28032" : 6,
            "28288" : 7,
            "28544" : 12,
            "28800" : 6,
            "29056" : 8,
            "29312" : 9,
            "29568" : 10,
            "29824" : 12,
            "30080" : 5,
            "30336" : 8,
            "30592" : 7,
            "30848" : 6,
            "31104" : 1,
            "31360" : 4,
            "31616" : 3,
            "31872" : 3,
            "32128" : 7,
            "32384" : 3,
            "32640" : 3,
            "33024" : 10,
            "33536" : 12,
            "34048" : 7,
            "34560" : 6,
            "35072" : 5,
            "35584" : 10,
            "36096" : 8,
            "36608" : 8,
            "37120" : 16,
            "37632" : 8,
            "38144" : 3,
            "38656" : 10,
            "39168" : 8,
            "39680" : 9,
            "40192" : 6,
            "40704" : 4,
            "41216" : 9,
            "41728" : 5,
            "42240" : 6,
            "42752" : 6,
            "43264" : 4,
            "43776" : 5,
            "44288" : 5,
            "44800" : 4,
            "45312" : 6,
            "45824" : 6,
            "46336" : 6,
            "46848" : 2,
            "47360" : 2,
            "47872" : 2,
            "48384" : 2,
            "48896" : 4,
            "49408" : 1,
            "49920" : 3,
            "50944" : 1,
            "51456" : 4,
            "51968" : 6,
            "52480" : 1,
            "52992" : 2,
            "53504" : 7,
            "54016" : 4,
            "54528" : 2,
            "55040" : 1,
            "55552" : 5,
            "56064" : 1,
            "57088" : 1,
            "57600" : 4,
            "58112" : 2,
            "58624" : 3,
            "59648" : 2,
            "60160" : 1,
            "61184" : 1,
            "62720" : 1,
            "63232" : 2,
            "63744" : 1,
            "64256" : 1,
            "64768" : 2,
            "65280" : 2,
            "66048" : 1,
            "67072" : 4,
            "68096" : 2,
            "69120" : 1,
            "71168" : 4,
            "72192" : 3,
            "73216" : 2,
            "74240" : 2,
            "75264" : 1,
            "76288" : 3,
            "77312" : 1,
            "80384" : 2,
            "81408" : 2,
            "82432" : 1,
            "83456" : 1,
            "84480" : 1,
            "87552" : 1,
            "88576" : 1,
            "89600" : 2,
            "91648" : 1,
            "93696" : 1,
            "94720" : 1,
            "100864" : 2,
            "101888" : 1,
            "102912" : 1,
            "104960" : 1,
            "105984" : 2,
            "107008" : 2,
            "111104" : 1,
            "113152" : 2,
            "114176" : 2,
            "118272" : 1,
            "119296" : 1,
            "124416" : 1,
            "128512" : 1,
            "130560" : 1,
            "138240" : 2,
            "140288" : 1,
            "142336" : 2,
            "146432" : 2,
            "150528" : 1,
            "154624" : 1,
            "164864" : 1,
            "175104" : 1,
            "179200" : 1,
            "181248" : 1,
            "185344" : 1,
            "187392" : 1,
            "193536" : 2,
            "195584" : 3,
            "236544" : 1,
            "242688" : 1,
            "248832" : 1,
            "250880" : 2,
            "272384" : 1,
            "280576" : 2,
            "284672" : 1,
            "288768" : 1,
            "301056" : 1,
            "317440" : 1,
            "325632" : 1,
            "362496" : 1,
            "366592" : 1,
            "382976" : 1,
            "387072" : 1,
            "391168" : 2,
            "395264" : 2,
            "399360" : 1,
            "403456" : 2,
            "411648" : 1,
            "423936" : 1,
            "428032" : 1,
            "436224" : 1,
            "440320" : 1,
            "448512" : 2,
            "473088" : 1,
            "522240" : 1,
            "839680" : 1,
            "1105920" : 1,
            "1187840" : 1,
            "1581056" : 1,
            "1613824" : 1,
            "1662976" : 1,
            "1777664" : 1,
            "2605056" : 1,
            "5275648" : 1,
            "6455296" : 1,
            "8093696" : 1,
            "8454144" : 1,
            "8716288" : 1,
            "8847360" : 1,
            "9371648" : 1,
            "9502720" : 2,
            "9633792" : 1,
            "9895936" : 1,
            "10158080" : 1,
            "10551296" : 1,
            "11206656" : 1,
            "15007744" : 1,
            "17694720" : 1,
            "96993280" : 1,
            "104333312" : 1,
            "117964800" : 1,
            "121110528" : 1,
            "123207680" : 1,
            "145752064" : 1,
            "147849216" : 2,
            "149946368" : 1,
            "152043520" : 1,
            "156237824" : 2,
            "173015040" : 1,
            "175112192" : 1,
            "177209344" : 1,
            "200278016" : 1,
            "204472320" : 2,
            "210763776" : 1
          }
        },
        "lat_ns" : {
          "min" : 2213,
          "max" : 210340872,
          "mean" : 16607.830316,
          "stddev" : 1256186.213070,
          "N" : 306847,
          "percentile" : {
            "1.000000" : 2992,
            "5.000000" : 3408,
            "10.000000" : 3696,
            "20.000000" : 4128,
            "30.000000" : 4704,
            "40.000000" : 5408,
            "50.000000" : 5920,
            "60.000000" : 6304,
            "70.000000" : 6816,
            "80.000000" : 7840,
            "90.000000" : 9920,
            "95.000000" : 11328,
            "99.000000" : 14528,
            "99.500000" : 17536,
            "99.900000" : 40192,
            "99.950000" : 67072,
            "99.990000" : 8716288
          },
          "bins" : {
            "2224" : 1,
            "2256" : 7,
            "2288" : 5,
            "2320" : 13,
            "2352" : 17,
            "2384" : 27,
            "2416" : 34,
            "2448" : 48,
            "2480" : 65,
            "2512" : 67,
            "2544" : 61,
            "2576" : 85,
            "2608" : 105,
            "2640" : 89,
            "2672" : 117,
            "2704" : 114,
            "2736" : 145,
            "2768" : 182,
            "2800" : 183,
            "2832" : 261,
            "2864" : 247,
            "2896" : 334,
            "2928" : 322,
            "2960" : 389,
            "2992" : 439,
            "3024" : 495,
            "3056" : 582,
            "3088" : 678,
            "3120" : 741,
            "3152" : 760,
            "3184" : 813,
            "3216" : 909,
            "3248" : 1001,
            "3280" : 1087,
            "3312" : 1108,
            "3344" : 1204,
            "3376" : 1349,
            "3408" : 1389,
            "3440" : 1483,
            "3472" : 1590,
            "3504" : 1681,
            "3536" : 1756,
            "3568" : 1880,
            "3600" : 1994,
            "3632" : 1996,
            "3664" : 2065,
            "3696" : 2169,
            "3728" : 2218,
            "3760" : 2300,
            "3792" : 2371,
            "3824" : 2354,
            "3856" : 2397,
            "3888" : 2444,
            "3920" : 2401,
            "3952" : 2412,
            "3984" : 2268,
            "4016" : 2337,
            "4048" : 2292,
            "4080" : 2324,
            "4128" : 4412,
            "4192" : 4202,
            "4256" : 3852,
            "4320" : 3687,
            "4384" : 3482,
            "4448" : 3214,
            "4512" : 3010,
            "4576" : 2871,
            "4640" : 2691,
            "4704" : 2590,
            "4768" : 2609,
            "4832" : 2448,
            "4896" : 2353,
            "4960" : 2444,
            "5024" : 2461,
            "5088" : 2472,
            "5152" : 2636,
            "5216" : 2849,
            "5280" : 2962,
            "5344" : 3019,
            "5408" : 3267,
            "5472" : 3519,
            "5536" : 3683,
            "5600" : 3853,
            "5664" : 3902,
            "5728" : 4264,
            "5792" : 4338,
            "5856" : 4510,
            "5920" : 4521,
            "5984" : 4667,
            "6048" : 4786,
            "6112" : 4648,
            "6176" : 4695,
            "6240" : 4702,
            "6304" : 4605,
            "6368" : 4325,
            "6432" : 4224,
            "6496" : 4275,
            "6560" : 3895,
            "6624" : 3630,
            "6688" : 3548,
            "6752" : 3373,
            "6816" : 3103,
            "6880" : 2967,
            "6944" : 2787,
            "7008" : 2523,
            "7072" : 2541,
            "7136" : 2310,
            "7200" : 2198,
            "7264" : 2074,
            "7328" : 1982,
            "7392" : 1850,
            "7456" : 1730,
            "7520" : 1581,
            "7584" : 1522,
            "7648" : 1482,
            "7712" : 1403,
            "7776" : 1277,
            "7840" : 1214,
            "7904" : 1217,
            "7968" : 1213,
            "8032" : 1120,
            "8096" : 1051,
            "8160" : 1082,
            "8256" : 1978,
            "8384" : 1901,
            "8512" : 1909,
            "8640" : 1801,
            "8768" : 1879,
            "8896" : 1827,
            "9024" : 1819,
            "9152" : 1764,
            "9280" : 1814,
            "9408" : 1835,
            "9536" : 1815,
            "9664" : 1796,
            "9792" : 1751,
            "9920" : 1751,
            "10048" : 1665,
            "10176" : 1501,
            "10304" : 1488,
            "10432" : 1397,
            "10560" : 1301,
            "10688" : 1309,
            "10816" : 1234,
            "10944" : 1254,
            "11072" : 1138,
            "11200" : 1088,
            "11328" : 1047,
            "11456" : 1043,
            "11584" : 961,
            "11712" : 894,
            "11840" : 843,
            "11968" : 795,
            "12096" : 750,
            "12224" : 698,
            "12352" : 631,
            "12480" : 572,
            "12608" : 552,
            "12736" : 514,
            "12864" : 466,
            "12992" : 399,
            "13120" : 396,
            "13248" : 305,
            "13376" : 300,
            "13504" : 261,
            "13632" : 274,
            "13760" : 200,
            "13888" : 209,
            "14016" : 192,
            "14144" : 179,
            "14272" : 165,
            "14400" : 151,
            "14528" : 154,
            "14656" : 111,
            "14784" : 104,
            "14912" : 111,
            "15040" : 89,
            "15168" : 79,
            "15296" : 86,
            "15424" : 66,
            "15552" : 79,
            "15680" : 65,
            "15808" : 58,
            "15936" : 60,
            "16064" : 61,
            "16192" : 55,
            "16320" : 50,
            "16512" : 81,
            "16768" : 82,
            "17024" : 75,
            "17280" : 55,
            "17536" : 70,
            "17792" : 59,
            "18048" : 44,
            "18304" : 52,
            "18560" : 50,
            "18816" : 39,
            "19072" : 42,
            "19328" : 40,
            "19584" : 28,
            "19840" : 39,
            "20096" : 30,
            "20352" : 34,
            "20608" : 25,
            "20864" : 34,
            "21120" : 34,
            "21376" : 32,
            "21632" : 23,
            "21888" : 22,
            "22144" : 18,
            "22400" : 22,
            "22656" : 18,
            "22912" : 20,
            "23168" : 20,
            "23424" : 15,
            "23680" : 19,
            "23936" : 19,
            "24192" : 17,
            "24448" : 13,
            "24704" : 11,
            "24960" : 8,
            "25216" : 16,
            "25472" : 12,
            "25728" : 19,
            "25984" : 10,
            "26240" : 7,
            "26496" : 13,
            "26752" : 12,
            "27008" : 12,
            "27264" : 7,
            "27520" : 8,
            "27776" : 11,
            "28032" : 7,
            "28288" : 11,
            "28544" : 12,
            "28800" : 8,
            "29056" : 13,
            "29312" : 6,
            "29568" : 12,
            "29824" : 7,
            "30080" : 7,
            "30336" : 9,
            "30592" : 10,
            "30848" : 7,
            "31104" : 4,
            "31360" : 3,
            "31616" : 3,
            "31872" : 2,
            "32128" : 6,
            "32384" : 7,
            "32640" : 3,
            "33024" : 7,
            "33536" : 14,
            "34048" : 8,
            "34560" : 5,
            "35072" : 6,
            "35584" : 10,
            "36096" : 4,
            "36608" : 8,
            "37120" : 17,
            "37632" : 11,
            "38144" : 5,
            "38656" : 7,
            "39168" : 8,
            "39680" : 8,
            "40192" : 8,
            "40704" : 5,
            "41216" : 6,
            "41728" : 7,
            "42240" : 8,
            "42752" : 5,
            "43264" : 4,
            "43776" : 6,
            "44288" : 5,
            "44800" : 4,
            "45312" : 5,
            "45824" : 5,
            "46336" : 8,
            "46848" : 1,
            "47360" : 3,
            "47872" : 5,
            "48384" : 2,
            "48896" : 4,
            "49408" : 1,
            "49920" : 3,
            "50432" : 1,
            "51456" : 3,
            "51968" : 5,
            "52480" : 4,
            "52992" : 2,
            "53504" : 7,
            "54016" : 2,
            "54528" : 5,
            "55040" : 2,
            "55552" : 1,
            "56064" : 4,
            "56576" : 1,
            "57088" : 1,
            "57600" : 3,
            "58112" : 1,
            "58624" : 2,
            "59136" : 1,
            "59648" : 2,
            "60160" : 3,
            "61696" : 1,
            "62720" : 1,
            "63232" : 2,
            "63744" : 1,
            "64768" : 2,
            "65280" : 2,
            "66048" : 1,
            "67072" : 5,
            "68096" : 2,
            "69120" : 1,
            "71168" : 2,
            "72192" : 5,
            "73216" : 2,
            "74240" : 2,
            "75264" : 1,
            "76288" : 2,
            "77312" : 1,
            "78336" : 1,
            "80384" : 2,
            "81408" : 2,
            "82432" : 1,
            "83456" : 1,
            "85504" : 1,
            "88576" : 2,
            "89600" : 2,
            "91648" : 1,
            "93696" : 1,
            "94720" : 1,
            "100864" : 2,
            "101888" : 1,
            "102912" : 1,
            "105984" : 3,
            "107008" : 2,
            "111104" : 1,
            "113152" : 2,
            "114176" : 2,
            "119296" : 2,
            "124416" : 1,
            "129536" : 1,
            "130560" : 1,
            "138240" : 2,
            "140288" : 1,
            "142336" : 2,
            "146432" : 2,
            "152576" : 1,
            "154624" : 1,
            "156672" : 1,
            "164864" : 1,
            "175104" : 1,
            "179200" : 1,
            "181248" : 1,
            "185344" : 1,
            "187392" : 1,
            "193536" : 2,
            "195584" : 3,
            "236544" : 1,
            "242688" : 1,
            "248832" : 1,
            "250880" : 2,
            "272384" : 1,
            "280576" : 2,
            "284672" : 1,
            "288768" : 1,
            "301056" : 1,
            "317440" : 1,
            "325632" : 1,
            "362496" : 1,
            "366592" : 1,
            "387072" : 2,
            "391168" : 2,
            "395264" : 2,
            "399360" : 1,
            "403456" : 2,
            "411648" : 1,
            "423936" : 1,
            "428032" : 1,
            "436224" : 1,
            "440320" : 1,
            "448512" : 2,
            "473088" : 1,
            "522240" : 1,
            "839680" : 1,
            "1105920" : 1,
            "1187840" : 1,
            "1581056" : 1,
            "1613824" : 1,
            "1662976" : 1,
            "1777664" : 1,
            "2605056" : 1,
            "5275648" : 1,
            "6455296" : 1,
            "8093696" : 1,
            "8454144" : 1,
            "8716288" : 1,
            "8847360" : 1,
            "9371648" : 1,
            "9502720" : 2,
            "9633792" : 1,
            "9895936" : 1,
            "10158080" : 1,
            "10551296" : 1,
            "11206656" : 1,
            "15007744" : 1,
            "17694720" : 1,
            "96993280" : 1,
            "104333312" : 1,
            "117964800" : 1,
            "121110528" : 1,
            "123207680" : 1,
            "145752064" : 1,
            "147849216" : 2,
            "149946368" : 1,
            "152043520" : 1,
            "156237824" : 2,
            "173015040" : 1,
            "175112192" : 1,
            "177209344" : 1,
            "200278016" : 1,
            "204472320" : 2,
            "210763776" : 1
          }
        },
        "bw_min" : 50544,
        "bw_max" : 110776,
        "bw_agg" : 100.000000,
        "bw_mean" : 81825.600000,
        "bw_dev" : 16573.330287,
        "bw_samples" : 30,
        "iops_min" : 12636,
        "iops_max" : 27694,
        "iops_mean" : 20456.400000,
        "iops_stddev" : 4143.332572,
        "iops_samples" : 30
      },
      "trim" : {
        "io_bytes" : 0,
        "io_kbytes" : 0,
        "bw_bytes" : 0,
        "bw" : 0,
        "iops" : 0.000000,
        "runtime" : 0,
        "total_ios" : 0,
        "short_ios" : 0,
        "drop_ios" : 0,
        "slat_ns" : {
          "min" : 0,
          "max" : 0,
          "mean" : 0.000000,
          "stddev" : 0.000000,
          "N" : 0
        },
        "clat_ns" : {
          "min" : 0,
          "max" : 0,
          "mean" : 0.000000,
          "stddev" : 0.000000,
          "N" : 0
        },
        "lat_ns" : {
          "min" : 0,
          "max" : 0,
          "mean" : 0.000000,
          "stddev" : 0.000000,
          "N" : 0
        },
        "bw_min" : 0,
        "bw_max" : 0,
        "bw_agg" : 0.000000,
        "bw_mean" : 0.000000,
        "bw_dev" : 0.000000,
        "bw_samples" : 0,
        "iops_min" : 0,
        "iops_max" : 0,
        "iops_mean" : 0.000000,
        "iops_stddev" : 0.000000,
        "iops_samples" : 0
      },
      "sync" : {
        "total_ios" : 0,
        "lat_ns" : {
          "min" : 0,
          "max" : 0,
          "mean" : 0.000000,
          "stddev" : 0.000000,
          "N" : 0
        }
      },
      "job_runtime" : 15188,
      "usr_cpu" : 6.696076,
      "sys_cpu" : 39.570714,
      "ctx" : 347821,
      "majf" : 0,
      "minf" : 17,
      "iodepth_level" : {
        "1" : 100.000000,
        "2" : 0.000000,
        "4" : 0.000000,
        "8" : 0.000000,
        "16" : 0.000000,
        "32" : 0.000000,
        ">=64" : 0.000000
      },
      "iodepth_submit" : {
        "0" : 0.000000,
        "4" : 100.000000,
        "8" : 0.000000,
        "16" : 0.000000,
        "32" : 0.000000,
        "64" : 0.000000,
        ">=64" : 0.000000
      },
      "iodepth_complete" : {
        "0" : 0.000000,
        "4" : 100.000000,
        "8" : 0.000000,
        "16" : 0.000000,
        "32" : 0.000000,
        "64" : 0.000000,
        ">=64" : 0.000000
      },
      "latency_ns" : {
        "2" : 0.000000,
        "4" : 0.000000,
        "10" : 0.000000,
        "20" : 0.000000,
        "50" : 0.000000,
        "100" : 0.000000,
        "250" : 0.000000,
        "500" : 0.000000,
        "750" : 0.000000,
        "1000" : 0.000000
      },
      "latency_us" : {
        "2" : 0.010000,
        "4" : 9.389132,
        "10" : 36.299214,
        "20" : 19.042010,
        "50" : 34.291877,
        "100" : 0.712717,
        "250" : 0.187180,
        "500" : 0.042682,
        "750" : 0.011892,
        "1000" : 0.010000
      },
      "latency_ms" : {
        "2" : 0.010000,
        "4" : 0.010000,
        "10" : 0.010000,
        "20" : 0.010000,
        "50" : 0.000000,
        "100" : 0.010000,
        "250" : 0.010000,
        "500" : 0.000000,
        "750" : 0.000000,
        "1000" : 0.000000,
        "2000" : 0.000000,
        ">=2000" : 0.000000
      },
      "latency_depth" : 128,
      "latency_target" : 0,
      "latency_percentile" : 100.000000,
      "latency_window" : 0
    }
  ]
}
