{
  "fio version" : "fio-3.32-36-g5932",
  "timestamp" : 1664245825,
  "timestamp_ms" : 1664245825389,
  "time" : "Tue Sep 27 04:30:25 2022",
  "global options" : {
    "size" : "16K",
    "rw" : "randrw",
    "bs" : "4K",
    "numjobs" : "1",
    "iodepth" : "128",
    "runtime" : "30",
    "end_fsync" : "1",
    "lat_percentiles" : "1",
    "slat_percentiles" : "1",
    "clat_percentiles" : "1"
  },
  "jobs" : [
    {
      "jobname" : "random-rw",
      "groupid" : 0,
      "error" : 0,
      "eta" : 0,
      "elapsed" : 31,
      "job options" : {
        "name" : "random-rw"
      },
      "read" : {
        "io_bytes" : 3587043328,
        "io_kbytes" : 3502972,
        "bw_bytes" : 119556155,
        "bw" : 116754,
        "iops" : 29188.514482,
        "runtime" : 30003,
        "total_ios" : 875743,
        "short_ios" : 0,
        "drop_ios" : 0,
        "slat_ns" : {
          "min" : 0,
          "max" : 0,
          "mean" : 0.000000,
          "stddev" : 0.000000,
          "N" : 0
        },
        "clat_ns" : {
          "min" : 631,
          "max" : 10805654,
          "mean" : 11769.413199,
          "stddev" : 41141.322312,
          "N" : 875743,
          "percentile" : {
            "1.000000" : 748,
            "5.000000" : 812,
            "10.000000" : 884,
            "20.000000" : 1032,
            "30.000000" : 1192,
            "40.000000" : 2224,
            "50.000000" : 13248,
            "60.000000" : 15936,
            "70.000000" : 17280,
            "80.000000" : 18560,
            "90.000000" : 21632,
            "95.000000" : 27008,
            "99.000000" : 35072,
            "99.500000" : 40704,
            "99.900000" : 82432,
            "99.950000" : 185344,
            "99.990000" : 1433600
          },
          "bins" : {
            "628" : 1,
            "644" : 3,
            "652" : 15,
            "660" : 27,
            "668" : 52,
            "676" : 86,
            "684" : 137,
            "692" : 232,
            "700" : 358,
            "708" : 489,
            "716" : 688,
            "724" : 1129,
            "732" : 1567,
            "740" : 2279,
            "748" : 3000,
            "756" : 3444,
            "764" : 4338,
            "772" : 4729,
            "780" : 5073,
            "788" : 5411,
            "796" : 5169,
            "804" : 5298,
            "812" : 5272,
            "820" : 5225,
            "828" : 5016,
            "836" : 4800,
            "844" : 4938,
            "852" : 4568,
            "860" : 4429,
            "868" : 4266,
            "876" : 3716,
            "884" : 3828,
            "892" : 3530,
            "900" : 3542,
            "908" : 3527,
            "916" : 3498,
            "924" : 3742,
            "932" : 4025,
            "940" : 4521,
            "948" : 4619,
            "956" : 4807,
            "964" : 5332,
            "972" : 5563,
            "980" : 5994,
            "988" : 5976,
            "996" : 6195,
            "1004" : 6667,
            "1012" : 6824,
            "1020" : 6885,
            "1032" : 13557,
            "1048" : 12784,
            "1064" : 10931,
            "1080" : 8896,
            "1096" : 7989,
            "1112" : 6968,
            "1128" : 6643,
            "1144" : 6065,
            "1160" : 5420,
            "1176" : 5170,
            "1192" : 4975,
            "1208" : 5014,
            "1224" : 4950,
            "1240" : 4673,
            "1256" : 4587,
            "1272" : 3917,
            "1288" : 3806,
            "1304" : 3453,
            "1320" : 2956,
            "1336" : 2619,
            "1352" : 2216,
            "1368" : 2062,
            "1384" : 1810,
            "1400" : 1615,
            "1416" : 1515,
            "1432" : 1346,
            "1448" : 1282,
            "1464" : 1274,
            "1480" : 1187,
            "1496" : 1303,
            "1512" : 1439,
            "1528" : 1644,
            "1544" : 1990,
            "1560" : 2325,
            "1576" : 2530,
            "1592" : 2676,
            "1608" : 2869,
            "1624" : 2723,
            "1640" : 2465,
            "1656" : 2233,
            "1672" : 1824,
            "1688" : 1529,
            "1704" : 1156,
            "1720" : 879,
            "1736" : 676,
            "1752" : 549,
            "1768" : 434,
            "1784" : 354,
            "1800" : 286,
            "1816" : 225,
            "1832" : 218,
            "1848" : 214,
            "1864" : 218,
            "1880" : 175,
            "1896" : 190,
            "1912" : 173,
            "1928" : 176,
            "1944" : 169,
            "1960" : 161,
            "1976" : 143,
            "1992" : 134,
            "2008" : 132,
            "2024" : 126,
            "2040" : 118,
            "2064" : 273,
            "2096" : 252,
            "2128" : 244,
            "2160" : 218,
            "2192" : 239,
            "2224" : 233,
            "2256" : 228,
            "2288" : 218,
            "2320" : 229,
            "2352" : 193,
            "2384" : 205,
            "2416" : 193,
            "2448" : 165,
            "2480" : 175,
            "2512" : 174,
            "2544" : 153,
            "2576" : 136,
            "2608" : 130,
            "2640" : 143,
            "2672" : 134,
            "2704" : 105,
            "2736" : 95,
            "2768" : 96,
            "2800" : 84,
            "2832" : 85,
            "2864" : 83,
            "2896" : 73,
            "2928" : 65,
            "2960" : 48,
            "2992" : 70,
            "3024" : 61,
            "3056" : 41,
            "3088" : 39,
            "3120" : 42,
            "3152" : 51,
            "3184" : 25,
            "3216" : 32,
            "3248" : 19,
            "3280" : 29,
            "3312" : 27,
            "3344" : 11,
            "3376" : 14,
            "3408" : 14,
            "3440" : 17,
            "3472" : 18,
            "3504" : 9,
            "3536" : 13,
            "3568" : 12,
            "3600" : 10,
            "3632" : 9,
            "3664" : 16,
            "3696" : 13,
            "3728" : 13,
            "3760" : 10,
            "3792" : 14,
            "3824" : 15,
            "3856" : 16,
            "3888" : 15,
            "3920" : 13,
            "3952" : 11,
            "3984" : 11,
            "4016" : 12,
            "4048" : 19,
            "4080" : 20,
            "4128" : 24,
            "4192" : 30,
            "4256" : 27,
            "4320" : 22,
            "4384" : 21,
            "4448" : 32,
            "4512" : 37,
            "4576" : 51,
            "4640" : 80,
            "4704" : 79,
            "4768" : 77,
            "4832" : 85,
            "4896" : 114,
            "4960" : 165,
            "5024" : 175,
            "5088" : 160,
            "5152" : 138,
            "5216" : 137,
            "5280" : 148,
            "5344" : 146,
            "5408" : 148,
            "5472" : 136,
            "5536" : 120,
            "5600" : 102,
            "5664" : 89,
            "5728" : 93,
            "5792" : 87,
            "5856" : 69,
            "5920" : 53,
            "5984" : 67,
            "6048" : 66,
            "6112" : 53,
            "6176" : 38,
            "6240" : 58,
            "6304" : 53,
            "6368" : 37,
            "6432" : 49,
            "6496" : 40,
            "6560" : 47,
            "6624" : 46,
            "6688" : 37,
            "6752" : 26,
            "6816" : 29,
            "6880" : 32,
            "6944" : 28,
            "7008" : 44,
            "7072" : 28,
            "7136" : 35,
            "7200" : 34,
            "7264" : 25,
            "7328" : 22,
            "7392" : 21,
            "7456" : 14,
            "7520" : 23,
            "7584" : 18,
            "7648" : 10,
            "7712" : 18,
            "7776" : 17,
            "7840" : 10,
            "7904" : 12,
            "7968" : 12,
            "8032" : 16,
            "8096" : 12,
            "8160" : 18,
            "8256" : 47,
            "8384" : 50,
            "8512" : 55,
            "8640" : 37,
            "8768" : 48,
            "8896" : 90,
            "9024" : 146,
            "9152" : 240,
            "9280" : 342,
            "9408" : 469,
            "9536" : 983,
            "9664" : 1722,
            "9792" : 2094,
            "9920" : 2513,
            "10048" : 3420,
            "10176" : 4521,
            "10304" : 4753,
            "10432" : 4092,
            "10560" : 4096,
            "10688" : 4444,
            "10816" : 4568,
            "10944" : 4040,
            "11072" : 3149,
            "11200" : 2696,
            "11328" : 2485,
            "11456" : 2295,
            "11584" : 1866,
            "11712" : 1619,
            "11840" : 1209,
            "11968" : 870,
            "12096" : 735,
            "12224" : 631,
            "12352" : 731,
            "12480" : 1196,
            "12608" : 1887,
            "12736" : 2826,
            "12864" : 3675,
            "12992" : 3847,
            "13120" : 4252,
            "13248" : 4672,
            "13376" : 4843,
            "13504" : 4270,
            "13632" : 3793,
            "13760" : 3638,
            "13888" : 3658,
            "14016" : 3584,
            "14144" : 3461,
            "14272" : 3338,
            "14400" : 3356,
            "14528" : 3271,
            "14656" : 3343,
            "14784" : 3608,
            "14912" : 3919,
            "15040" : 4125,
            "15168" : 4280,
            "15296" : 4615,
            "15424" : 4917,
            "15552" : 5158,
            "15680" : 5438,
            "15808" : 5787,
            "15936" : 6146,
            "16064" : 6664,
            "16192" : 6806,
            "16320" : 7117,
            "16512" : 14441,
            "16768" : 15107,
            "17024" : 16833,
            "17280" : 19745,
            "17536" : 21499,
            "17792" : 20018,
            "18048" : 17956,
            "18304" : 16183,
            "18560" : 15257,
            "18816" : 14402,
            "19072" : 12503,
            "19328" : 11020,
            "19584" : 8802,
            "19840" : 6584,
            "20096" : 5056,
            "20352" : 4329,
            "20608" : 4120,
            "20864" : 4085,
            "21120" : 3759,
            "21376" : 3433,
            "21632" : 3000,
            "21888" : 2743,
            "22144" : 2479,
            "22400" : 2292,
            "22656" : 2254,
            "22912" : 2211,
            "23168" : 2025,
            "23424" : 1892,
            "23680" : 1846,
            "23936" : 1794,
            "24192" : 1867,
            "24448" : 1797,
            "24704" : 1821,
            "24960" : 1843,
            "25216" : 2066,
            "25472" : 2084,
            "25728" : 2095,
            "25984" : 2157,
            "26240" : 2015,
            "26496" : 1973,
            "26752" : 2041,
            "27008" : 2136,
            "27264" : 2054,
            "27520" : 1993,
            "27776" : 2002,
            "28032" : 1927,
            "28288" : 1885,
            "28544" : 1879,
            "28800" : 1755,
            "29056" : 1674,
            "29312" : 1540,
            "29568" : 1411,
            "29824" : 1347,
            "30080" : 1199,
            "30336" : 1140,
            "30592" : 1016,
            "30848" : 981,
            "31104" : 946,
            "31360" : 942,
            "31616" : 873,
            "31872" : 877,
            "32128" : 860,
            "32384" : 884,
            "32640" : 811,
            "33024" : 1439,
            "33536" : 1264,
            "34048" : 1047,
            "34560" : 863,
            "35072" : 688,
            "35584" : 596,
            "36096" : 470,
            "36608" : 419,
            "37120" : 361,
            "37632" : 362,
            "38144" : 322,
            "38656" : 321,
            "39168" : 305,
            "39680" : 289,
            "40192" : 293,
            "40704" : 296,
            "41216" : 260,
            "41728" : 214,
            "42240" : 203,
            "42752" : 186,
            "43264" : 146,
            "43776" : 146,
            "44288" : 123,
            "44800" : 116,
            "45312" : 82,
            "45824" : 97,
            "46336" : 98,
            "46848" : 82,
            "47360" : 81,
            "47872" : 74,
            "48384" : 73,
            "48896" : 75,
            "49408" : 66,
            "49920" : 48,
            "50432" : 52,
            "50944" : 43,
            "51456" : 57,
            "51968" : 50,
            "52480" : 47,
            "52992" : 34,
            "53504" : 40,
            "54016" : 31,
            "54528" : 39,
            "55040" : 40,
            "55552" : 24,
            "56064" : 36,
            "56576" : 28,
            "57088" : 19,
            "57600" : 40,
            "58112" : 20,
            "58624" : 21,
            "59136" : 24,
            "59648" : 28,
            "60160" : 18,
            "60672" : 20,
            "61184" : 36,
            "61696" : 21,
            "62208" : 15,
            "62720" : 14,
            "63232" : 10,
            "63744" : 16,
            "64256" : 7,
            "64768" : 12,
            "65280" : 15,
            "66048" : 24,
            "67072" : 23,
            "68096" : 23,
            "69120" : 19,
            "70144" : 19,
            "71168" : 16,
            "72192" : 19,
            "73216" : 10,
            "74240" : 8,
            "75264" : 14,
            "76288" : 23,
            "77312" : 13,
            "78336" : 15,
            "79360" : 12,
            "80384" : 13,
            "81408" : 6,
            "82432" : 11,
            "83456" : 17,
            "84480" : 16,
            "85504" : 7,
            "86528" : 10,
            "87552" : 7,
            "88576" : 12,
            "89600" : 9,
            "90624" : 12,
            "91648" : 8,
            "92672" : 11,
            "93696" : 11,
            "94720" : 8,
            "95744" : 11,
            "96768" : 2,
            "97792" : 6,
            "98816" : 5,
            "99840" : 11,
            "100864" : 6,
            "101888" : 4,
            "102912" : 8,
            "103936" : 4,
            "104960" : 11,
            "105984" : 5,
            "107008" : 2,
            "108032" : 5,
            "109056" : 2,
            "110080" : 4,
            "111104" : 6,
            "112128" : 3,
            "113152" : 5,
            "114176" : 9,
            "115200" : 1,
            "116224" : 2,
            "117248" : 8,
            "118272" : 7,
            "119296" : 6,
            "120320" : 5,
            "121344" : 5,
            "122368" : 5,
            "123392" : 8,
            "124416" : 8,
            "125440" : 3,
            "126464" : 2,
            "127488" : 4,
            "128512" : 4,
            "129536" : 9,
            "130560" : 2,
            "132096" : 6,
            "134144" : 8,
            "136192" : 6,
            "138240" : 6,
            "140288" : 8,
            "142336" : 6,
            "144384" : 5,
            "146432" : 4,
            "148480" : 6,
            "150528" : 4,
            "152576" : 4,
            "154624" : 5,
            "156672" : 1,
            "158720" : 3,
            "160768" : 7,
            "162816" : 5,
            "164864" : 2,
            "166912" : 2,
            "168960" : 3,
            "171008" : 3,
            "173056" : 5,
            "175104" : 4,
            "177152" : 5,
            "179200" : 2,
            "181248" : 3,
            "183296" : 3,
            "185344" : 3,
            "187392" : 5,
            "189440" : 1,
            "191488" : 3,
            "193536" : 3,
            "195584" : 1,
            "197632" : 3,
            "199680" : 1,
            "201728" : 3,
            "203776" : 2,
            "205824" : 3,
            "207872" : 1,
            "211968" : 3,
            "214016" : 1,
            "216064" : 3,
            "218112" : 2,
            "220160" : 3,
            "222208" : 2,
            "224256" : 2,
            "226304" : 5,
            "232448" : 4,
            "234496" : 5,
            "238592" : 3,
            "240640" : 2,
            "242688" : 1,
            "244736" : 4,
            "246784" : 2,
            "248832" : 1,
            "250880" : 1,
            "252928" : 2,
            "254976" : 1,
            "257024" : 5,
            "259072" : 2,
            "264192" : 4,
            "268288" : 4,
            "272384" : 5,
            "276480" : 4,
            "280576" : 3,
            "284672" : 4,
            "288768" : 1,
            "292864" : 4,
            "296960" : 1,
            "301056" : 2,
            "305152" : 3,
            "309248" : 2,
            "313344" : 3,
            "317440" : 3,
            "321536" : 4,
            "325632" : 2,
            "329728" : 1,
            "333824" : 2,
            "337920" : 1,
            "342016" : 3,
            "346112" : 3,
            "350208" : 4,
            "354304" : 1,
            "362496" : 5,
            "366592" : 1,
            "370688" : 2,
            "378880" : 3,
            "382976" : 1,
            "387072" : 2,
            "395264" : 1,
            "399360" : 1,
            "403456" : 2,
            "407552" : 2,
            "415744" : 1,
            "419840" : 3,
            "423936" : 1,
            "428032" : 2,
            "436224" : 1,
            "440320" : 1,
            "444416" : 1,
            "448512" : 3,
            "452608" : 1,
            "456704" : 1,
            "460800" : 4,
            "464896" : 2,
            "468992" : 3,
            "477184" : 3,
            "481280" : 4,
            "485376" : 1,
            "497664" : 1,
            "501760" : 2,
            "505856" : 1,
            "509952" : 1,
            "514048" : 3,
            "518144" : 2,
            "522240" : 2,
            "528384" : 3,
            "536576" : 4,
            "544768" : 3,
            "552960" : 4,
            "561152" : 4,
            "569344" : 4,
            "577536" : 2,
            "585728" : 4,
            "593920" : 2,
            "602112" : 1,
            "610304" : 2,
            "626688" : 1,
            "634880" : 2,
            "643072" : 3,
            "651264" : 4,
            "659456" : 3,
            "667648" : 4,
            "675840" : 1,
            "684032" : 4,
            "692224" : 3,
            "700416" : 3,
            "708608" : 3,
            "716800" : 1,
            "724992" : 1,
            "733184" : 4,
            "741376" : 1,
            "749568" : 1,
            "757760" : 1,
            "782336" : 1,
            "798720" : 3,
            "815104" : 2,
            "823296" : 1,
            "831488" : 3,
            "839680" : 3,
            "847872" : 2,
            "856064" : 1,
            "880640" : 1,
            "897024" : 1,
            "905216" : 3,
            "913408" : 1,
            "921600" : 2,
            "929792" : 1,
            "937984" : 1,
            "946176" : 1,
            "954368" : 3,
            "962560" : 1,
            "970752" : 3,
            "987136" : 1,
            "1011712" : 1,
            "1044480" : 2,
            "1056768" : 3,
            "1073152" : 1,
            "1089536" : 1,
            "1105920" : 3,
            "1122304" : 3,
            "1138688" : 1,
            "1155072" : 1,
            "1171456" : 3,
            "1187840" : 5,
            "1204224" : 1,
            "1220608" : 1,
            "1236992" : 2,
            "1269760" : 1,
            "1318912" : 1,
            "1351680" : 1,
            "1368064" : 1,
            "1400832" : 1,
            "1433600" : 1,
            "1449984" : 2,
            "1466368" : 1,
            "1482752" : 2,
            "1499136" : 1,
            "1515520" : 1,
            "1548288" : 1,
            "1564672" : 1,
            "1581056" : 1,
            "1613824" : 3,
            "1646592" : 2,
            "1728512" : 3,
            "1761280" : 1,
            "1826816" : 1,
            "1908736" : 1,
            "1925120" : 1,
            "1957888" : 2,
            "1990656" : 2,
            "2023424" : 1,
            "2039808" : 2,
            "2056192" : 1,
            "2113536" : 1,
            "2179072" : 2,
            "2211840" : 2,
            "2277376" : 2,
            "2310144" : 1,
            "2342912" : 4,
            "2441216" : 2,
            "2473984" : 1,
            "2605056" : 2,
            "2670592" : 1,
            "2834432" : 1,
            "2899968" : 1,
            "2998272" : 2,
            "3129344" : 1,
            "3227648" : 1,
            "3293184" : 1,
            "3325952" : 1,
            "3391488" : 1,
            "3424256" : 1,
            "3522560" : 1,
            "3751936" : 1,
            "4014080" : 2,
            "4079616" : 1,
            "4112384" : 1,
            "4145152" : 2,
            "4423680" : 3,
            "4489216" : 1,
            "4554752" : 1,
            "4816896" : 1,
            "4882432" : 1,
            "5013504" : 1,
            "5144576" : 1,
            "5210112" : 1,
            "5799936" : 1,
            "5865472" : 2,
            "5931008" : 1,
            "6062080" : 1,
            "6258688" : 1,
            "7766016" : 1,
            "8028160" : 1,
            "9371648" : 1,
            "9764864" : 1,
            "10813440" : 1
          }
        },
        "lat_ns" : {
          "min" : 662,
          "max" : 10805699,
          "mean" : 11904.546359,
          "stddev" : 41148.211785,
          "N" : 875743,
          "percentile" : {
            "1.000000" : 780,
            "5.000000" : 844,
            "10.000000" : 932,
            "20.000000" : 1096,
            "30.000000" : 1304,
            "40.000000" : 2800,
            "50.000000" : 13376,
            "60.000000" : 16064,
            "70.000000" : 17536,
            "80.000000" : 18560,
            "90.000000" : 21888,
            "95.000000" : 27264,
            "99.000000" : 35072,
            "99.500000" : 40704,
            "99.900000" : 83456,
            "99.950000" : 185344,
            "99.990000" : 1433600
          },
          "bins" : {
            "660" : 1,
            "676" : 1,
            "684" : 17,
            "692" : 25,
            "700" : 49,
            "708" : 86,
            "716" : 128,
            "724" : 204,
            "732" : 341,
            "740" : 473,
            "748" : 667,
            "756" : 951,
            "764" : 1448,
            "772" : 2107,
            "780" : 2806,
            "788" : 3403,
            "796" : 3841,
            "804" : 4567,
            "812" : 4711,
            "820" : 5105,
            "828" : 5241,
            "836" : 4789,
            "844" : 5166,
            "852" : 4729,
            "860" : 4500,
            "868" : 4409,
            "876" : 4167,
            "884" : 4088,
            "892" : 3857,
            "900" : 3787,
            "908" : 3537,
            "916" : 3234,
            "924" : 3141,
            "932" : 2984,
            "940" : 2754,
            "948" : 2620,
            "956" : 2445,
            "964" : 2549,
            "972" : 2487,
            "980" : 2544,
            "988" : 2676,
            "996" : 2676,
            "1004" : 3043,
            "1012" : 3171,
            "1020" : 3618,
            "1032" : 8401,
            "1048" : 10352,
            "1064" : 12330,
            "1080" : 13632,
            "1096" : 14185,
            "1112" : 13211,
            "1128" : 11969,
            "1144" : 10321,
            "1160" : 8964,
            "1176" : 7991,
            "1192" : 6483,
            "1208" : 5388,
            "1224" : 4327,
            "1240" : 3571,
            "1256" : 3351,
            "1272" : 3132,
            "1288" : 3099,
            "1304" : 3256,
            "1320" : 3214,
            "1336" : 3232,
            "1352" : 3283,
            "1368" : 3601,
            "1384" : 3735,
            "1400" : 3541,
            "1416" : 3290,
            "1432" : 3055,
            "1448" : 2942,
            "1464" : 2738,
            "1480" : 2413,
            "1496" : 2211,
            "1512" : 1951,
            "1528" : 1855,
            "1544" : 1634,
            "1560" : 1510,
            "1576" : 1380,
            "1592" : 1252,
            "1608" : 1061,
            "1624" : 967,
            "1640" : 915,
            "1656" : 889,
            "1672" : 888,
            "1688" : 1018,
            "1704" : 1248,
            "1720" : 1495,
            "1736" : 1704,
            "1752" : 2005,
            "1768" : 2290,
            "1784" : 2506,
            "1800" : 2585,
            "1816" : 2636,
            "1832" : 2321,
            "1848" : 2239,
            "1864" : 1939,
            "1880" : 1529,
            "1896" : 1206,
            "1912" : 975,
            "1928" : 748,
            "1944" : 560,
            "1960" : 415,
            "1976" : 318,
            "1992" : 287,
            "2008" : 242,
            "2024" : 212,
            "2040" : 176,
            "2064" : 336,
            "2096" : 304,
            "2128" : 308,
            "2160" : 298,
            "2192" : 244,
            "2224" : 221,
            "2256" : 208,
            "2288" : 221,
            "2320" : 210,
            "2352" : 203,
            "2384" : 193,
            "2416" : 206,
            "2448" : 221,
            "2480" : 198,
            "2512" : 208,
            "2544" : 192,
            "2576" : 225,
            "2608" : 188,
            "2640" : 173,
            "2672" : 178,
            "2704" : 149,
            "2736" : 158,
            "2768" : 131,
            "2800" : 142,
            "2832" : 142,
            "2864" : 113,
            "2896" : 112,
            "2928" : 114,
            "2960" : 112,
            "2992" : 94,
            "3024" : 93,
            "3056" : 70,
            "3088" : 85,
            "3120" : 80,
            "3152" : 77,
            "3184" : 55,
            "3216" : 62,
            "3248" : 57,
            "3280" : 53,
            "3312" : 54,
            "3344" : 51,
            "3376" : 59,
            "3408" : 43,
            "3440" : 45,
            "3472" : 39,
            "3504" : 34,
            "3536" : 38,
            "3568" : 25,
            "3600" : 25,
            "3632" : 25,
            "3664" : 24,
            "3696" : 20,
            "3728" : 26,
            "3760" : 16,
            "3792" : 18,
            "3824" : 15,
            "3856" : 14,
            "3888" : 23,
            "3920" : 14,
            "3952" : 20,
            "3984" : 14,
            "4016" : 17,
            "4048" : 20,
            "4080" : 15,
            "4128" : 41,
            "4192" : 40,
            "4256" : 31,
            "4320" : 28,
            "4384" : 32,
            "4448" : 26,
            "4512" : 22,
            "4576" : 30,
            "4640" : 47,
            "4704" : 58,
            "4768" : 67,
            "4832" : 80,
            "4896" : 77,
            "4960" : 95,
            "5024" : 156,
            "5088" : 200,
            "5152" : 219,
            "5216" : 203,
            "5280" : 179,
            "5344" : 200,
            "5408" : 157,
            "5472" : 142,
            "5536" : 143,
            "5600" : 128,
            "5664" : 120,
            "5728" : 94,
            "5792" : 122,
            "5856" : 96,
            "5920" : 92,
            "5984" : 76,
            "6048" : 65,
            "6112" : 66,
            "6176" : 44,
            "6240" : 59,
            "6304" : 55,
            "6368" : 43,
            "6432" : 60,
            "6496" : 44,
            "6560" : 34,
            "6624" : 45,
            "6688" : 54,
            "6752" : 45,
            "6816" : 32,
            "6880" : 21,
            "6944" : 35,
            "7008" : 29,
            "7072" : 25,
            "7136" : 34,
            "7200" : 34,
            "7264" : 34,
            "7328" : 40,
            "7392" : 36,
            "7456" : 17,
            "7520" : 34,
            "7584" : 18,
            "7648" : 15,
            "7712" : 21,
            "7776" : 12,
            "7840" : 15,
            "7904" : 18,
            "7968" : 11,
            "8032" : 17,
            "8096" : 11,
            "8160" : 15,
            "8256" : 27,
            "8384" : 54,
            "8512" : 52,
            "8640" : 65,
            "8768" : 54,
            "8896" : 60,
            "9024" : 113,
            "9152" : 150,
            "9280" : 255,
            "9408" : 392,
            "9536" : 834,
            "9664" : 1501,
            "9792" : 1949,
            "9920" : 2298,
            "10048" : 2820,
            "10176" : 4158,
            "10304" : 4732,
            "10432" : 4493,
            "10560" : 4216,
            "10688" : 4236,
            "10816" : 4643,
            "10944" : 4485,
            "11072" : 3624,
            "11200" : 2956,
            "11328" : 2592,
            "11456" : 2453,
            "11584" : 2124,
            "11712" : 1734,
            "11840" : 1383,
            "11968" : 1021,
            "12096" : 771,
            "12224" : 619,
            "12352" : 533,
            "12480" : 681,
            "12608" : 1199,
            "12736" : 1949,
            "12864" : 3011,
            "12992" : 3534,
            "13120" : 3873,
            "13248" : 4398,
            "13376" : 4848,
            "13504" : 4848,
            "13632" : 4341,
            "13760" : 3917,
            "13888" : 3685,
            "14016" : 3679,
            "14144" : 3625,
            "14272" : 3417,
            "14400" : 3367,
            "14528" : 3284,
            "14656" : 3339,
            "14784" : 3450,
            "14912" : 3788,
            "15040" : 3911,
            "15168" : 4199,
            "15296" : 4502,
            "15424" : 4719,
            "15552" : 5005,
            "15680" : 5318,
            "15808" : 5572,
            "15936" : 5934,
            "16064" : 6337,
            "16192" : 6627,
            "16320" : 6919,
            "16512" : 14248,
            "16768" : 14856,
            "17024" : 16094,
            "17280" : 18303,
            "17536" : 20625,
            "17792" : 21020,
            "18048" : 18935,
            "18304" : 16672,
            "18560" : 15608,
            "18816" : 14964,
            "19072" : 13051,
            "19328" : 11318,
            "19584" : 9435,
            "19840" : 7141,
            "20096" : 5377,
            "20352" : 4597,
            "20608" : 4145,
            "20864" : 4024,
            "21120" : 3862,
            "21376" : 3608,
            "21632" : 3085,
            "21888" : 2843,
            "22144" : 2522,
            "22400" : 2341,
            "22656" : 2280,
            "22912" : 2204,
            "23168" : 2089,
            "23424" : 1983,
            "23680" : 1827,
            "23936" : 1834,
            "24192" : 1887,
            "24448" : 1894,
            "24704" : 1824,
            "24960" : 1827,
            "25216" : 2048,
            "25472" : 2156,
            "25728" : 2134,
            "25984" : 2191,
            "26240" : 2148,
            "26496" : 2017,
            "26752" : 2046,
            "27008" : 2100,
            "27264" : 2125,
            "27520" : 2053,
            "27776" : 1994,
            "28032" : 1983,
            "28288" : 1931,
            "28544" : 1916,
            "28800" : 1850,
            "29056" : 1728,
            "29312" : 1600,
            "29568" : 1503,
            "29824" : 1435,
            "30080" : 1248,
            "30336" : 1201,
            "30592" : 1085,
            "30848" : 992,
            "31104" : 980,
            "31360" : 926,
            "31616" : 935,
            "31872" : 869,
            "32128" : 916,
            "32384" : 891,
            "32640" : 853,
            "33024" : 1497,
            "33536" : 1335,
            "34048" : 1166,
            "34560" : 916,
            "35072" : 746,
            "35584" : 637,
            "36096" : 524,
            "36608" : 452,
            "37120" : 386,
            "37632" : 371,
            "38144" : 338,
            "38656" : 324,
            "39168" : 318,
            "39680" : 309,
            "40192" : 291,
            "40704" : 324,
            "41216" : 278,
            "41728" : 257,
            "42240" : 229,
            "42752" : 194,
            "43264" : 157,
            "43776" : 146,
            "44288" : 142,
            "44800" : 112,
            "45312" : 100,
            "45824" : 96,
            "46336" : 101,
            "46848" : 96,
            "47360" : 72,
            "47872" : 83,
            "48384" : 71,
            "48896" : 82,
            "49408" : 62,
            "49920" : 62,
            "50432" : 52,
            "50944" : 42,
            "51456" : 54,
            "51968" : 52,
            "52480" : 53,
            "52992" : 37,
            "53504" : 45,
            "54016" : 36,
            "54528" : 39,
            "55040" : 33,
            "55552" : 33,
            "56064" : 33,
            "56576" : 27,
            "57088" : 28,
            "57600" : 26,
            "58112" : 33,
            "58624" : 20,
            "59136" : 25,
            "59648" : 30,
            "60160" : 15,
            "60672" : 23,
            "61184" : 29,
            "61696" : 28,
            "62208" : 20,
            "62720" : 12,
            "63232" : 11,
            "63744" : 15,
            "64256" : 12,
            "64768" : 8,
            "65280" : 17,
            "66048" : 21,
            "67072" : 27,
            "68096" : 20,
            "69120" : 23,
            "70144" : 19,
            "71168" : 15,
            "72192" : 24,
            "73216" : 8,
            "74240" : 9,
            "75264" : 14,
            "76288" : 22,
            "77312" : 13,
            "78336" : 15,
            "79360" : 14,
            "80384" : 11,
            "81408" : 7,
            "82432" : 7,
            "83456" : 15,
            "84480" : 22,
            "85504" : 6,
            "86528" : 12,
            "87552" : 8,
            "88576" : 10,
            "89600" : 11,
            "90624" : 12,
            "91648" : 8,
            "92672" : 8,
            "93696" : 13,
            "94720" : 8,
            "95744" : 10,
            "96768" : 4,
            "97792" : 3,
            "98816" : 7,
            "99840" : 11,
            "100864" : 5,
            "101888" : 6,
            "102912" : 8,
            "103936" : 3,
            "104960" : 10,
            "105984" : 6,
            "107008" : 2,
            "108032" : 6,
            "109056" : 2,
            "110080" : 4,
            "111104" : 4,
            "112128" : 4,
            "113152" : 4,
            "114176" : 10,
            "115200" : 1,
            "116224" : 1,
            "117248" : 9,
            "118272" : 5,
            "119296" : 7,
            "120320" : 6,
            "121344" : 4,
            "122368" : 4,
            "123392" : 10,
            "124416" : 8,
            "125440" : 3,
            "126464" : 1,
            "127488" : 5,
            "128512" : 4,
            "129536" : 7,
            "130560" : 4,
            "132096" : 7,
            "134144" : 8,
            "136192" : 5,
            "138240" : 7,
            "140288" : 8,
            "142336" : 6,
            "144384" : 4,
            "146432" : 5,
            "148480" : 6,
            "150528" : 4,
            "152576" : 4,
            "154624" : 4,
            "156672" : 2,
            "158720" : 2,
            "160768" : 8,
            "162816" : 4,
            "164864" : 3,
            "166912" : 2,
            "168960" : 3,
            "171008" : 3,
            "173056" : 4,
            "175104" : 5,
            "177152" : 5,
            "179200" : 1,
            "181248" : 4,
            "183296" : 3,
            "185344" : 3,
            "187392" : 5,
            "189440" : 1,
            "191488" : 2,
            "193536" : 4,
            "195584" : 1,
            "197632" : 2,
            "199680" : 2,
            "201728" : 3,
            "203776" : 2,
            "205824" : 3,
            "207872" : 1,
            "211968" : 3,
            "216064" : 4,
            "218112" : 2,
            "220160" : 3,
            "222208" : 2,
            "224256" : 2,
            "226304" : 5,
            "232448" : 3,
            "234496" : 6,
            "238592" : 2,
            "240640" : 2,
            "242688" : 1,
            "244736" : 5,
            "246784" : 1,
            "248832" : 2,
            "250880" : 1,
            "252928" : 2,
            "257024" : 6,
            "259072" : 2,
            "264192" : 4,
            "268288" : 4,
            "272384" : 5,
            "276480" : 4,
            "280576" : 3,
            "284672" : 4,
            "288768" : 1,
            "292864" : 3,
            "296960" : 2,
            "301056" : 2,
            "305152" : 2,
            "309248" : 3,
            "313344" : 3,
            "317440" : 3,
            "321536" : 4,
            "325632" : 2,
            "329728" : 1,
            "333824" : 2,
            "337920" : 1,
            "342016" : 3,
            "346112" : 3,
            "350208" : 4,
            "354304" : 1,
            "362496" : 5,
            "366592" : 1,
            "370688" : 2,
            "378880" : 3,
            "382976" : 1,
            "387072" : 2,
            "395264" : 1,
            "399360" : 1,
            "403456" : 2,
            "407552" : 2,
            "415744" : 1,
            "419840" : 3,
            "423936" : 1,
            "428032" : 2,
            "436224" : 1,
            "440320" : 1,
            "444416" : 1,
            "448512" : 3,
            "456704" : 2,
            "460800" : 4,
            "464896" : 2,
            "468992" : 3,
            "477184" : 3,
            "481280" : 4,
            "485376" : 1,
            "497664" : 1,
            "501760" : 2,
            "505856" : 1,
            "509952" : 1,
            "514048" : 3,
            "518144" : 2,
            "522240" : 2,
            "528384" : 3,
            "536576" : 4,
            "544768" : 3,
            "552960" : 4,
            "561152" : 4,
            "569344" : 4,
            "577536" : 2,
            "585728" : 4,
            "593920" : 2,
            "602112" : 1,
            "610304" : 2,
            "626688" : 1,
            "634880" : 2,
            "643072" : 3,
            "651264" : 4,
            "659456" : 3,
            "667648" : 4,
            "675840" : 1,
            "684032" : 4,
            "692224" : 3,
            "700416" : 3,
            "708608" : 3,
            "716800" : 1,
            "724992" : 1,
            "733184" : 4,
            "741376" : 1,
            "749568" : 1,
            "757760" : 1,
            "782336" : 1,
            "798720" : 3,
            "815104" : 2,
            "823296" : 1,
            "831488" : 3,
            "839680" : 2,
            "847872" : 3,
            "856064" : 1,
            "880640" : 1,
            "897024" : 1,
            "905216" : 3,
            "913408" : 1,
            "921600" : 2,
            "929792" : 1,
            "937984" : 1,
            "946176" : 1,
            "954368" : 2,
            "962560" : 2,
            "970752" : 3,
            "987136" : 1,
            "1011712" : 1,
            "1044480" : 2,
            "1056768" : 3,
            "1073152" : 1,
            "1089536" : 1,
            "1105920" : 3,
            "1122304" : 3,
            "1138688" : 1,
            "1155072" : 1,
            "1171456" : 3,
            "1187840" : 5,
            "1204224" : 1,
            "1220608" : 1,
            "1236992" : 2,
            "1269760" : 1,
            "1318912" : 1,
            "1351680" : 1,
            "1368064" : 1,
            "1400832" : 1,
            "1433600" : 1,
            "1449984" : 2,
            "1466368" : 1,
            "1482752" : 2,
            "1499136" : 1,
            "1515520" : 1,
            "1548288" : 1,
            "1564672" : 1,
            "1581056" : 1,
            "1613824" : 3,
            "1646592" : 2,
            "1728512" : 3,
            "1761280" : 1,
            "1843200" : 1,
            "1925120" : 2,
            "1957888" : 2,
            "1990656" : 2,
            "2023424" : 1,
            "2039808" : 2,
            "2056192" : 1,
            "2113536" : 1,
            "2179072" : 2,
            "2211840" : 2,
            "2277376" : 2,
            "2310144" : 1,
            "2342912" : 4,
            "2441216" : 2,
            "2473984" : 1,
            "2605056" : 2,
            "2670592" : 1,
            "2834432" : 1,
            "2899968" : 1,
            "2998272" : 2,
            "3129344" : 1,
            "3227648" : 1,
            "3293184" : 1,
            "3325952" : 1,
            "3391488" : 1,
            "3424256" : 1,
            "3522560" : 1,
            "3751936" : 1,
            "4014080" : 2,
            "4079616" : 1,
            "4112384" : 1,
            "4145152" : 2,
            "4423680" : 3,
            "4489216" : 1,
            "4554752" : 1,
            "4816896" : 1,
            "4882432" : 1,
            "5013504" : 1,
            "5144576" : 1,
            "5210112" : 1,
            "5799936" : 1,
            "5865472" : 2,
            "5931008" : 1,
            "6062080" : 1,
            "6258688" : 1,
            "7766016" : 1,
            "8028160" : 1,
            "9371648" : 1,
            "9764864" : 1,
            "10813440" : 1
          }
        },
        "bw_min" : 86720,
        "bw_max" : 126315,
        "bw_agg" : 100.000000,
        "bw_mean" : 116887.593220,
        "bw_dev" : 6765.007052,
        "bw_samples" : 59,
        "iops_min" : 21680,
        "iops_max" : 31578,
        "iops_mean" : 29221.881356,
        "iops_stddev" : 1691.232341,
        "iops_samples" : 59
      },
      "write" : {
        "io_bytes" : 3581222912,
        "io_kbytes" : 3497288,
        "bw_bytes" : 119362160,
        "bw" : 116564,
        "iops" : 29141.152551,
        "runtime" : 30003,
        "total_ios" : 874322,
        "short_ios" : 0,
        "drop_ios" : 0,
        "slat_ns" : {
          "min" : 0,
          "max" : 0,
          "mean" : 0.000000,
          "stddev" : 0.000000,
          "N" : 0
        },
        "clat_ns" : {
          "min" : 1669,
          "max" : 9801662,
          "mean" : 6909.502873,
          "stddev" : 57811.974582,
          "N" : 874322,
          "percentile" : {
            "1.000000" : 1832,
            "5.000000" : 1944,
            "10.000000" : 2064,
            "20.000000" : 2288,
            "30.000000" : 2832,
            "40.000000" : 3696,
            "50.000000" : 4128,
            "60.000000" : 4576,
            "70.000000" : 4960,
            "80.000000" : 7392,
            "90.000000" : 15168,
            "95.000000" : 21632,
            "99.000000" : 31104,
            "99.500000" : 36096,
            "99.900000" : 52480,
            "99.950000" : 73216,
            "99.990000" : 1531904
          },
          "bins" : {
            "1672" : 1,
            "1688" : 2,
            "1704" : 29,
            "1720" : 104,
            "1736" : 199,
            "1752" : 388,
            "1768" : 661,
            "1784" : 1053,
            "1800" : 1510,
            "1816" : 2268,
            "1832" : 2968,
            "1848" : 3690,
            "1864" : 4798,
            "1880" : 5336,
            "1896" : 6014,
            "1912" : 6374,
            "1928" : 6762,
            "1944" : 6610,
            "1960" : 6239,
            "1976" : 5955,
            "1992" : 5486,
            "2008" : 5265,
            "2024" : 4767,
            "2040" : 4488,
            "2064" : 8535,
            "2096" : 9436,
            "2128" : 10706,
            "2160" : 12176,
            "2192" : 13950,
            "2224" : 15025,
            "2256" : 15469,
            "2288" : 14163,
            "2320" : 12605,
            "2352" : 10641,
            "2384" : 8454,
            "2416" : 6588,
            "2448" : 4987,
            "2480" : 4038,
            "2512" : 3432,
            "2544" : 3030,
            "2576" : 2796,
            "2608" : 2720,
            "2640" : 2700,
            "2672" : 2799,
            "2704" : 3005,
            "2736" : 3280,
            "2768" : 3591,
            "2800" : 3810,
            "2832" : 4138,
            "2864" : 4466,
            "2896" : 4647,
            "2928" : 4806,
            "2960" : 4498,
            "2992" : 4034,
            "3024" : 3378,
            "3056" : 2834,
            "3088" : 2318,
            "3120" : 1933,
            "3152" : 1672,
            "3184" : 1529,
            "3216" : 1494,
            "3248" : 1531,
            "3280" : 1628,
            "3312" : 1829,
            "3344" : 2104,
            "3376" : 2419,
            "3408" : 2823,
            "3440" : 3224,
            "3472" : 3692,
            "3504" : 4101,
            "3536" : 4560,
            "3568" : 4839,
            "3600" : 4997,
            "3632" : 4788,
            "3664" : 4695,
            "3696" : 4559,
            "3728" : 4288,
            "3760" : 4105,
            "3792" : 4119,
            "3824" : 4203,
            "3856" : 4439,
            "3888" : 5004,
            "3920" : 5737,
            "3952" : 6644,
            "3984" : 7782,
            "4016" : 8674,
            "4048" : 9091,
            "4080" : 9442,
            "4128" : 17842,
            "4192" : 16113,
            "4256" : 14054,
            "4320" : 12532,
            "4384" : 11621,
            "4448" : 11523,
            "4512" : 12692,
            "4576" : 14771,
            "4640" : 16446,
            "4704" : 16397,
            "4768" : 14406,
            "4832" : 12149,
            "4896" : 10050,
            "4960" : 10064,
            "5024" : 9759,
            "5088" : 9163,
            "5152" : 7665,
            "5216" : 5585,
            "5280" : 3916,
            "5344" : 2682,
            "5408" : 2090,
            "5472" : 1759,
            "5536" : 1460,
            "5600" : 1528,
            "5664" : 1617,
            "5728" : 1640,
            "5792" : 1492,
            "5856" : 1315,
            "5920" : 1238,
            "5984" : 1373,
            "6048" : 1495,
            "6112" : 1500,
            "6176" : 1410,
            "6240" : 1410,
            "6304" : 1465,
            "6368" : 1618,
            "6432" : 1739,
            "6496" : 1579,
            "6560" : 1510,
            "6624" : 1443,
            "6688" : 1287,
            "6752" : 1388,
            "6816" : 1515,
            "6880" : 1461,
            "6944" : 1306,
            "7008" : 1278,
            "7072" : 1115,
            "7136" : 938,
            "7200" : 934,
            "7264" : 871,
            "7328" : 842,
            "7392" : 814,
            "7456" : 837,
            "7520" : 894,
            "7584" : 991,
            "7648" : 1214,
            "7712" : 1221,
            "7776" : 1290,
            "7840" : 1329,
            "7904" : 1278,
            "7968" : 1118,
            "8032" : 1030,
            "8096" : 937,
            "8160" : 1003,
            "8256" : 1742,
            "8384" : 1704,
            "8512" : 1623,
            "8640" : 1516,
            "8768" : 1419,
            "8896" : 1272,
            "9024" : 1281,
            "9152" : 1240,
            "9280" : 1221,
            "9408" : 1248,
            "9536" : 1195,
            "9664" : 1207,
            "9792" : 1161,
            "9920" : 1118,
            "10048" : 1085,
            "10176" : 1138,
            "10304" : 1148,
            "10432" : 1201,
            "10560" : 1108,
            "10688" : 1142,
            "10816" : 1128,
            "10944" : 1140,
            "11072" : 1152,
            "11200" : 1249,
            "11328" : 1268,
            "11456" : 1273,
            "11584" : 1278,
            "11712" : 1317,
            "11840" : 1431,
            "11968" : 1443,
            "12096" : 1677,
            "12224" : 1742,
            "12352" : 1768,
            "12480" : 1677,
            "12608" : 1658,
            "12736" : 1656,
            "12864" : 1706,
            "12992" : 1641,
            "13120" : 1675,
            "13248" : 1648,
            "13376" : 1587,
            "13504" : 1546,
            "13632" : 1530,
            "13760" : 1461,
            "13888" : 1403,
            "14016" : 1318,
            "14144" : 1331,
            "14272" : 1235,
            "14400" : 1191,
            "14528" : 1085,
            "14656" : 1112,
            "14784" : 1109,
            "14912" : 998,
            "15040" : 990,
            "15168" : 945,
            "15296" : 922,
            "15424" : 976,
            "15552" : 968,
            "15680" : 1033,
            "15808" : 986,
            "15936" : 1003,
            "16064" : 1123,
            "16192" : 1125,
            "16320" : 1228,
            "16512" : 2106,
            "16768" : 2205,
            "17024" : 2111,
            "17280" : 1862,
            "17536" : 1745,
            "17792" : 1757,
            "18048" : 1812,
            "18304" : 1773,
            "18560" : 1867,
            "18816" : 1853,
            "19072" : 1808,
            "19328" : 1672,
            "19584" : 1534,
            "19840" : 1559,
            "20096" : 1494,
            "20352" : 1359,
            "20608" : 1310,
            "20864" : 1256,
            "21120" : 1187,
            "21376" : 1221,
            "21632" : 1251,
            "21888" : 1241,
            "22144" : 1246,
            "22400" : 1291,
            "22656" : 1316,
            "22912" : 1201,
            "23168" : 1234,
            "23424" : 1155,
            "23680" : 1098,
            "23936" : 1098,
            "24192" : 1104,
            "24448" : 1170,
            "24704" : 1152,
            "24960" : 1114,
            "25216" : 1101,
            "25472" : 1138,
            "25728" : 1097,
            "25984" : 1144,
            "26240" : 1122,
            "26496" : 1148,
            "26752" : 1070,
            "27008" : 1063,
            "27264" : 973,
            "27520" : 922,
            "27776" : 846,
            "28032" : 814,
            "28288" : 700,
            "28544" : 718,
            "28800" : 672,
            "29056" : 623,
            "29312" : 569,
            "29568" : 560,
            "29824" : 537,
            "30080" : 491,
            "30336" : 486,
            "30592" : 432,
            "30848" : 397,
            "31104" : 395,
            "31360" : 328,
            "31616" : 323,
            "31872" : 289,
            "32128" : 297,
            "32384" : 244,
            "32640" : 232,
            "33024" : 466,
            "33536" : 440,
            "34048" : 410,
            "34560" : 377,
            "35072" : 334,
            "35584" : 320,
            "36096" : 293,
            "36608" : 250,
            "37120" : 244,
            "37632" : 234,
            "38144" : 179,
            "38656" : 182,
            "39168" : 162,
            "39680" : 192,
            "40192" : 160,
            "40704" : 163,
            "41216" : 123,
            "41728" : 132,
            "42240" : 111,
            "42752" : 108,
            "43264" : 108,
            "43776" : 122,
            "44288" : 102,
            "44800" : 93,
            "45312" : 88,
            "45824" : 85,
            "46336" : 62,
            "46848" : 68,
            "47360" : 76,
            "47872" : 70,
            "48384" : 44,
            "48896" : 54,
            "49408" : 29,
            "49920" : 42,
            "50432" : 36,
            "50944" : 33,
            "51456" : 32,
            "51968" : 30,
            "52480" : 39,
            "52992" : 33,
            "53504" : 21,
            "54016" : 21,
            "54528" : 20,
            "55040" : 20,
            "55552" : 27,
            "56064" : 14,
            "56576" : 15,
            "57088" : 21,
            "57600" : 10,
            "58112" : 16,
            "58624" : 12,
            "59136" : 15,
            "59648" : 16,
            "60160" : 17,
            "60672" : 16,
            "61184" : 10,
            "61696" : 14,
            "62208" : 7,
            "62720" : 10,
            "63232" : 6,
            "63744" : 5,
            "64256" : 7,
            "64768" : 8,
            "65280" : 5,
            "66048" : 11,
            "67072" : 10,
            "68096" : 12,
            "69120" : 2,
            "70144" : 9,
            "71168" : 9,
            "72192" : 5,
            "73216" : 5,
            "74240" : 8,
            "75264" : 10,
            "76288" : 2,
            "77312" : 8,
            "78336" : 4,
            "79360" : 3,
            "80384" : 5,
            "81408" : 13,
            "82432" : 4,
            "83456" : 8,
            "84480" : 4,
            "85504" : 3,
            "86528" : 3,
            "88576" : 2,
            "89600" : 5,
            "90624" : 3,
            "91648" : 7,
            "92672" : 5,
            "93696" : 1,
            "94720" : 6,
            "95744" : 2,
            "96768" : 3,
            "97792" : 2,
            "98816" : 2,
            "99840" : 2,
            "100864" : 1,
            "101888" : 3,
            "102912" : 1,
            "103936" : 2,
            "104960" : 2,
            "107008" : 3,
            "108032" : 2,
            "109056" : 1,
            "110080" : 5,
            "111104" : 2,
            "112128" : 1,
            "113152" : 2,
            "114176" : 1,
            "115200" : 2,
            "116224" : 3,
            "117248" : 4,
            "119296" : 4,
            "120320" : 1,
            "123392" : 2,
            "124416" : 7,
            "125440" : 1,
            "126464" : 2,
            "127488" : 2,
            "129536" : 2,
            "130560" : 1,
            "132096" : 3,
            "134144" : 3,
            "136192" : 3,
            "138240" : 2,
            "142336" : 2,
            "144384" : 2,
            "146432" : 2,
            "148480" : 3,
            "150528" : 1,
            "154624" : 2,
            "156672" : 2,
            "158720" : 4,
            "160768" : 1,
            "164864" : 2,
            "168960" : 2,
            "171008" : 1,
            "173056" : 1,
            "177152" : 2,
            "181248" : 3,
            "183296" : 3,
            "185344" : 2,
            "187392" : 1,
            "189440" : 1,
            "191488" : 1,
            "195584" : 1,
            "197632" : 2,
            "199680" : 1,
            "201728" : 1,
            "207872" : 1,
            "211968" : 2,
            "218112" : 1,
            "226304" : 1,
            "228352" : 1,
            "230400" : 1,
            "232448" : 1,
            "238592" : 1,
            "240640" : 1,
            "244736" : 1,
            "248832" : 1,
            "250880" : 2,
            "254976" : 2,
            "259072" : 1,
            "268288" : 1,
            "284672" : 2,
            "288768" : 1,
            "296960" : 3,
            "301056" : 1,
            "309248" : 1,
            "313344" : 1,
            "317440" : 2,
            "325632" : 1,
            "329728" : 2,
            "333824" : 1,
            "342016" : 2,
            "350208" : 2,
            "354304" : 1,
            "366592" : 1,
            "374784" : 1,
            "395264" : 1,
            "411648" : 1,
            "436224" : 1,
            "452608" : 1,
            "464896" : 1,
            "481280" : 1,
            "493568" : 1,
            "497664" : 1,
            "501760" : 2,
            "505856" : 1,
            "509952" : 2,
            "514048" : 1,
            "522240" : 1,
            "528384" : 3,
            "536576" : 3,
            "544768" : 3,
            "552960" : 1,
            "561152" : 3,
            "577536" : 1,
            "593920" : 1,
            "610304" : 2,
            "618496" : 1,
            "634880" : 2,
            "643072" : 1,
            "667648" : 1,
            "675840" : 2,
            "684032" : 1,
            "724992" : 1,
            "741376" : 2,
            "749568" : 2,
            "757760" : 1,
            "798720" : 1,
            "806912" : 1,
            "815104" : 1,
            "823296" : 1,
            "831488" : 1,
            "839680" : 2,
            "847872" : 1,
            "888832" : 1,
            "905216" : 1,
            "913408" : 2,
            "929792" : 1,
            "937984" : 1,
            "987136" : 1,
            "1019904" : 1,
            "1028096" : 1,
            "1056768" : 3,
            "1073152" : 1,
            "1089536" : 1,
            "1105920" : 1,
            "1122304" : 1,
            "1138688" : 2,
            "1171456" : 1,
            "1236992" : 1,
            "1253376" : 1,
            "1302528" : 2,
            "1318912" : 1,
            "1335296" : 1,
            "1400832" : 1,
            "1417216" : 1,
            "1499136" : 1,
            "1515520" : 1,
            "1531904" : 1,
            "1597440" : 1,
            "1630208" : 1,
            "1662976" : 1,
            "1728512" : 2,
            "1777664" : 1,
            "1826816" : 1,
            "1925120" : 1,
            "1974272" : 1,
            "1990656" : 1,
            "2179072" : 2,
            "2211840" : 1,
            "2244608" : 1,
            "2375680" : 1,
            "2539520" : 2,
            "2801664" : 2,
            "3391488" : 2,
            "3457024" : 1,
            "3719168" : 1,
            "3784704" : 1,
            "3850240" : 1,
            "3948544" : 1,
            "4112384" : 1,
            "4358144" : 1,
            "4423680" : 1,
            "4554752" : 1,
            "4620288" : 2,
            "4816896" : 1,
            "5013504" : 2,
            "5079040" : 1,
            "5144576" : 1,
            "5210112" : 1,
            "5275648" : 1,
            "5472256" : 4,
            "5537792" : 4,
            "5603328" : 1,
            "5668864" : 1,
            "5865472" : 1,
            "5996544" : 2,
            "6127616" : 1,
            "6324224" : 2,
            "6389760" : 2,
            "6520832" : 1,
            "6586368" : 1,
            "6651904" : 2,
            "6717440" : 2,
            "6782976" : 3,
            "6848512" : 2,
            "6979584" : 1,
            "7045120" : 1,
            "7110656" : 1,
            "7176192" : 1,
            "7241728" : 2,
            "7503872" : 1,
            "7766016" : 1,
            "7831552" : 1,
            "7897088" : 1,
            "8159232" : 1,
            "8224768" : 1,
            "8454144" : 2,
            "8585216" : 1,
            "8716288" : 2,
            "9764864" : 2
          }
        },
        "lat_ns" : {
          "min" : 1716,
          "max" : 9801731,
          "mean" : 7084.938623,
          "stddev" : 57839.843255,
          "N" : 874322,
          "percentile" : {
            "1.000000" : 1896,
            "5.000000" : 1992,
            "10.000000" : 2128,
            "20.000000" : 2352,
            "30.000000" : 2896,
            "40.000000" : 3792,
            "50.000000" : 4320,
            "60.000000" : 4704,
            "70.000000" : 5152,
            "80.000000" : 7776,
            "90.000000" : 15680,
            "95.000000" : 22144,
            "99.000000" : 31360,
            "99.500000" : 36608,
            "99.900000" : 52992,
            "99.950000" : 74240,
            "99.990000" : 1531904
          },
          "bins" : {
            "1720" : 1,
            "1736" : 4,
            "1752" : 25,
            "1768" : 99,
            "1784" : 191,
            "1800" : 362,
            "1816" : 619,
            "1832" : 902,
            "1848" : 1362,
            "1864" : 2085,
            "1880" : 2688,
            "1896" : 3532,
            "1912" : 4199,
            "1928" : 5177,
            "1944" : 5789,
            "1960" : 6128,
            "1976" : 6617,
            "1992" : 6412,
            "2008" : 6451,
            "2024" : 6073,
            "2040" : 5589,
            "2064" : 10095,
            "2096" : 8898,
            "2128" : 8379,
            "2160" : 9274,
            "2192" : 10848,
            "2224" : 12536,
            "2256" : 14265,
            "2288" : 15192,
            "2320" : 15045,
            "2352" : 13717,
            "2384" : 11896,
            "2416" : 9940,
            "2448" : 7566,
            "2480" : 5973,
            "2512" : 4642,
            "2544" : 3806,
            "2576" : 3373,
            "2608" : 3308,
            "2640" : 3052,
            "2672" : 3028,
            "2704" : 2972,
            "2736" : 3064,
            "2768" : 3127,
            "2800" : 3407,
            "2832" : 3548,
            "2864" : 3882,
            "2896" : 4137,
            "2928" : 4355,
            "2960" : 4525,
            "2992" : 4693,
            "3024" : 4356,
            "3056" : 3958,
            "3088" : 3192,
            "3120" : 2664,
            "3152" : 2234,
            "3184" : 1791,
            "3216" : 1612,
            "3248" : 1464,
            "3280" : 1393,
            "3312" : 1321,
            "3344" : 1379,
            "3376" : 1521,
            "3408" : 1605,
            "3440" : 1929,
            "3472" : 2148,
            "3504" : 2566,
            "3536" : 3220,
            "3568" : 3744,
            "3600" : 4106,
            "3632" : 4473,
            "3664" : 4851,
            "3696" : 4896,
            "3728" : 4778,
            "3760" : 4567,
            "3792" : 4304,
            "3824" : 4176,
            "3856" : 4099,
            "3888" : 3919,
            "3920" : 4002,
            "3952" : 3971,
            "3984" : 4108,
            "4016" : 4413,
            "4048" : 4697,
            "4080" : 5366,
            "4128" : 12912,
            "4192" : 15693,
            "4256" : 16970,
            "4320" : 17867,
            "4384" : 16591,
            "4448" : 14610,
            "4512" : 12763,
            "4576" : 11658,
            "4640" : 12294,
            "4704" : 13316,
            "4768" : 14472,
            "4832" : 14642,
            "4896" : 13236,
            "4960" : 11517,
            "5024" : 9805,
            "5088" : 8732,
            "5152" : 8329,
            "5216" : 8249,
            "5280" : 8375,
            "5344" : 7399,
            "5408" : 6227,
            "5472" : 4513,
            "5536" : 3144,
            "5600" : 2329,
            "5664" : 1910,
            "5728" : 1795,
            "5792" : 1727,
            "5856" : 1657,
            "5920" : 1539,
            "5984" : 1316,
            "6048" : 1208,
            "6112" : 1429,
            "6176" : 1424,
            "6240" : 1515,
            "6304" : 1484,
            "6368" : 1422,
            "6432" : 1512,
            "6496" : 1538,
            "6560" : 1725,
            "6624" : 1532,
            "6688" : 1472,
            "6752" : 1305,
            "6816" : 1197,
            "6880" : 1192,
            "6944" : 1256,
            "7008" : 1426,
            "7072" : 1468,
            "7136" : 1414,
            "7200" : 1176,
            "7264" : 1065,
            "7328" : 926,
            "7392" : 896,
            "7456" : 857,
            "7520" : 887,
            "7584" : 851,
            "7648" : 925,
            "7712" : 1034,
            "7776" : 1055,
            "7840" : 1223,
            "7904" : 1108,
            "7968" : 1159,
            "8032" : 1214,
            "8096" : 1208,
            "8160" : 1130,
            "8256" : 2095,
            "8384" : 1782,
            "8512" : 1737,
            "8640" : 1610,
            "8768" : 1523,
            "8896" : 1416,
            "9024" : 1389,
            "9152" : 1335,
            "9280" : 1279,
            "9408" : 1309,
            "9536" : 1250,
            "9664" : 1306,
            "9792" : 1270,
            "9920" : 1231,
            "10048" : 1126,
            "10176" : 1141,
            "10304" : 1236,
            "10432" : 1257,
            "10560" : 1171,
            "10688" : 1152,
            "10816" : 1130,
            "10944" : 1156,
            "11072" : 1194,
            "11200" : 1215,
            "11328" : 1237,
            "11456" : 1285,
            "11584" : 1274,
            "11712" : 1250,
            "11840" : 1319,
            "11968" : 1370,
            "12096" : 1478,
            "12224" : 1614,
            "12352" : 1731,
            "12480" : 1738,
            "12608" : 1733,
            "12736" : 1708,
            "12864" : 1695,
            "12992" : 1693,
            "13120" : 1677,
            "13248" : 1675,
            "13376" : 1640,
            "13504" : 1606,
            "13632" : 1515,
            "13760" : 1480,
            "13888" : 1526,
            "14016" : 1306,
            "14144" : 1382,
            "14272" : 1265,
            "14400" : 1247,
            "14528" : 1168,
            "14656" : 1119,
            "14784" : 1114,
            "14912" : 1055,
            "15040" : 986,
            "15168" : 972,
            "15296" : 959,
            "15424" : 912,
            "15552" : 954,
            "15680" : 951,
            "15808" : 992,
            "15936" : 991,
            "16064" : 1001,
            "16192" : 1103,
            "16320" : 1143,
            "16512" : 2288,
            "16768" : 2144,
            "17024" : 2270,
            "17280" : 2042,
            "17536" : 1822,
            "17792" : 1767,
            "18048" : 1722,
            "18304" : 1775,
            "18560" : 1794,
            "18816" : 1841,
            "19072" : 1832,
            "19328" : 1794,
            "19584" : 1585,
            "19840" : 1549,
            "20096" : 1553,
            "20352" : 1460,
            "20608" : 1398,
            "20864" : 1348,
            "21120" : 1230,
            "21376" : 1284,
            "21632" : 1336,
            "21888" : 1339,
            "22144" : 1367,
            "22400" : 1401,
            "22656" : 1385,
            "22912" : 1393,
            "23168" : 1326,
            "23424" : 1266,
            "23680" : 1236,
            "23936" : 1165,
            "24192" : 1131,
            "24448" : 1188,
            "24704" : 1251,
            "24960" : 1137,
            "25216" : 1153,
            "25472" : 1184,
            "25728" : 1180,
            "25984" : 1141,
            "26240" : 1161,
            "26496" : 1185,
            "26752" : 1149,
            "27008" : 1102,
            "27264" : 1069,
            "27520" : 989,
            "27776" : 905,
            "28032" : 880,
            "28288" : 790,
            "28544" : 736,
            "28800" : 721,
            "29056" : 680,
            "29312" : 612,
            "29568" : 607,
            "29824" : 562,
            "30080" : 535,
            "30336" : 493,
            "30592" : 506,
            "30848" : 406,
            "31104" : 413,
            "31360" : 391,
            "31616" : 337,
            "31872" : 304,
            "32128" : 306,
            "32384" : 274,
            "32640" : 248,
            "33024" : 467,
            "33536" : 470,
            "34048" : 422,
            "34560" : 400,
            "35072" : 343,
            "35584" : 335,
            "36096" : 297,
            "36608" : 280,
            "37120" : 252,
            "37632" : 236,
            "38144" : 192,
            "38656" : 172,
            "39168" : 180,
            "39680" : 196,
            "40192" : 175,
            "40704" : 166,
            "41216" : 131,
            "41728" : 122,
            "42240" : 125,
            "42752" : 112,
            "43264" : 117,
            "43776" : 110,
            "44288" : 112,
            "44800" : 105,
            "45312" : 81,
            "45824" : 85,
            "46336" : 76,
            "46848" : 70,
            "47360" : 76,
            "47872" : 70,
            "48384" : 53,
            "48896" : 55,
            "49408" : 36,
            "49920" : 33,
            "50432" : 42,
            "50944" : 34,
            "51456" : 33,
            "51968" : 26,
            "52480" : 33,
            "52992" : 41,
            "53504" : 20,
            "54016" : 26,
            "54528" : 19,
            "55040" : 15,
            "55552" : 31,
            "56064" : 20,
            "56576" : 13,
            "57088" : 26,
            "57600" : 10,
            "58112" : 15,
            "58624" : 14,
            "59136" : 13,
            "59648" : 17,
            "60160" : 18,
            "60672" : 16,
            "61184" : 11,
            "61696" : 14,
            "62208" : 11,
            "62720" : 8,
            "63232" : 9,
            "63744" : 1,
            "64256" : 9,
            "64768" : 9,
            "65280" : 7,
            "66048" : 12,
            "67072" : 9,
            "68096" : 10,
            "69120" : 5,
            "70144" : 7,
            "71168" : 10,
            "72192" : 6,
            "73216" : 6,
            "74240" : 8,
            "75264" : 9,
            "76288" : 3,
            "77312" : 7,
            "78336" : 5,
            "79360" : 2,
            "80384" : 6,
            "81408" : 12,
            "82432" : 5,
            "83456" : 7,
            "84480" : 5,
            "85504" : 5,
            "86528" : 3,
            "88576" : 1,
            "89600" : 6,
            "90624" : 3,
            "91648" : 6,
            "92672" : 5,
            "93696" : 2,
            "94720" : 5,
            "95744" : 3,
            "96768" : 3,
            "97792" : 2,
            "98816" : 2,
            "99840" : 2,
            "100864" : 1,
            "101888" : 2,
            "102912" : 2,
            "103936" : 2,
            "104960" : 2,
            "107008" : 3,
            "108032" : 1,
            "109056" : 2,
            "110080" : 5,
            "111104" : 2,
            "113152" : 2,
            "114176" : 2,
            "115200" : 1,
            "116224" : 3,
            "117248" : 3,
            "119296" : 4,
            "120320" : 1,
            "122368" : 1,
            "123392" : 2,
            "124416" : 6,
            "125440" : 2,
            "126464" : 1,
            "127488" : 3,
            "129536" : 2,
            "130560" : 1,
            "132096" : 3,
            "134144" : 3,
            "136192" : 3,
            "138240" : 2,
            "142336" : 2,
            "144384" : 2,
            "146432" : 2,
            "148480" : 3,
            "150528" : 1,
            "154624" : 1,
            "156672" : 3,
            "158720" : 3,
            "160768" : 1,
            "164864" : 3,
            "168960" : 2,
            "171008" : 1,
            "175104" : 1,
            "177152" : 2,
            "181248" : 3,
            "183296" : 3,
            "185344" : 2,
            "187392" : 1,
            "189440" : 1,
            "191488" : 1,
            "195584" : 1,
            "197632" : 1,
            "199680" : 3,
            "201728" : 1,
            "207872" : 1,
            "211968" : 1,
            "214016" : 1,
            "218112" : 1,
            "226304" : 1,
            "230400" : 2,
            "232448" : 1,
            "238592" : 1,
            "240640" : 1,
            "244736" : 1,
            "248832" : 1,
            "250880" : 2,
            "254976" : 1,
            "257024" : 1,
            "259072" : 1,
            "268288" : 1,
            "284672" : 1,
            "288768" : 2,
            "296960" : 1,
            "301056" : 3,
            "309248" : 2,
            "313344" : 1,
            "317440" : 2,
            "325632" : 1,
            "329728" : 2,
            "333824" : 1,
            "342016" : 2,
            "350208" : 2,
            "354304" : 1,
            "366592" : 1,
            "374784" : 1,
            "395264" : 1,
            "411648" : 1,
            "440320" : 1,
            "452608" : 1,
            "464896" : 1,
            "481280" : 1,
            "493568" : 1,
            "497664" : 1,
            "501760" : 2,
            "505856" : 1,
            "509952" : 2,
            "514048" : 1,
            "522240" : 1,
            "528384" : 3,
            "536576" : 2,
            "544768" : 4,
            "552960" : 1,
            "561152" : 3,
            "577536" : 1,
            "593920" : 1,
            "610304" : 1,
            "618496" : 2,
            "634880" : 2,
            "643072" : 1,
            "667648" : 1,
            "675840" : 2,
            "684032" : 1,
            "733184" : 1,
            "741376" : 2,
            "749568" : 2,
            "757760" : 1,
            "798720" : 1,
            "806912" : 1,
            "815104" : 1,
            "823296" : 1,
            "831488" : 1,
            "839680" : 2,
            "847872" : 1,
            "888832" : 1,
            "905216" : 1,
            "913408" : 2,
            "929792" : 1,
            "937984" : 1,
            "987136" : 1,
            "1019904" : 1,
            "1028096" : 1,
            "1056768" : 2,
            "1073152" : 2,
            "1089536" : 1,
            "1105920" : 1,
            "1122304" : 1,
            "1138688" : 3,
            "1171456" : 1,
            "1236992" : 1,
            "1253376" : 1,
            "1302528" : 2,
            "1318912" : 1,
            "1335296" : 1,
            "1400832" : 1,
            "1417216" : 1,
            "1499136" : 1,
            "1515520" : 1,
            "1531904" : 1,
            "1597440" : 1,
            "1630208" : 1,
            "1662976" : 1,
            "1728512" : 2,
            "1777664" : 1,
            "1826816" : 1,
            "1925120" : 1,
            "1974272" : 1,
            "1990656" : 1,
            "2179072" : 2,
            "2211840" : 1,
            "2244608" : 1,
            "2375680" : 1,
            "2539520" : 2,
            "2801664" : 2,
            "3391488" : 2,
            "3457024" : 1,
            "3719168" : 1,
            "3784704" : 1,
            "3850240" : 1,
            "3948544" : 1,
            "4112384" : 1,
            "4358144" : 1,
            "4423680" : 1,
            "4554752" : 1,
            "4620288" : 2,
            "4816896" : 1,
            "5013504" : 2,
            "5079040" : 1,
            "5144576" : 1,
            "5210112" : 1,
            "5275648" : 1,
            "5472256" : 4,
            "5537792" : 4,
            "5603328" : 1,
            "5668864" : 1,
            "5865472" : 1,
            "5996544" : 2,
            "6127616" : 1,
            "6324224" : 2,
            "6389760" : 2,
            "6520832" : 1,
            "6586368" : 1,
            "6651904" : 2,
            "6717440" : 1,
            "6782976" : 4,
            "6848512" : 2,
            "6979584" : 1,
            "7045120" : 1,
            "7110656" : 1,
            "7176192" : 1,
            "7241728" : 2,
            "7503872" : 1,
            "7766016" : 1,
            "7831552" : 1,
            "7897088" : 1,
            "8159232" : 1,
            "8224768" : 1,
            "8454144" : 2,
            "8585216" : 1,
            "8716288" : 2,
            "9764864" : 2
          }
        },
        "bw_min" : 86616,
        "bw_max" : 125908,
        "bw_agg" : 100.000000,
        "bw_mean" : 116730.694915,
        "bw_dev" : 6931.072501,
        "bw_samples" : 59,
        "iops_min" : 21654,
        "iops_max" : 31477,
        "iops_mean" : 29182.661017,
        "iops_stddev" : 1732.765575,
        "iops_samples" : 59
      },
      "trim" : {
        "io_bytes" : 0,
        "io_kbytes" : 0,
        "bw_bytes" : 0,
        "bw" : 0,
        "iops" : 0.000000,
        "runtime" : 0,
        "total_ios" : 0,
        "short_ios" : 0,
        "drop_ios" : 0,
        "slat_ns" : {
          "min" : 0,
          "max" : 0,
          "mean" : 0.000000,
          "stddev" : 0.000000,
          "N" : 0
        },
        "clat_ns" : {
          "min" : 0,
          "max" : 0,
          "mean" : 0.000000,
          "stddev" : 0.000000,
          "N" : 0
        },
        "lat_ns" : {
          "min" : 0,
          "max" : 0,
          "mean" : 0.000000,
          "stddev" : 0.000000,
          "N" : 0
        },
        "bw_min" : 0,
        "bw_max" : 0,
        "bw_agg" : 0.000000,
        "bw_mean" : 0.000000,
        "bw_dev" : 0.000000,
        "bw_samples" : 0,
        "iops_min" : 0,
        "iops_max" : 0,
        "iops_mean" : 0.000000,
        "iops_stddev" : 0.000000,
        "iops_samples" : 0
      },
      "sync" : {
        "total_ios" : 0,
        "lat_ns" : {
          "min" : 0,
          "max" : 0,
          "mean" : 0.000000,
          "stddev" : 0.000000,
          "N" : 0
        }
      },
      "job_runtime" : 30002,
      "usr_cpu" : 8.032798,
      "sys_cpu" : 43.137124,
      "ctx" : 1463863,
      "majf" : 2,
      "minf" : 19,
      "iodepth_level" : {
        "1" : 100.000000,
        "2" : 0.000000,
        "4" : 0.000000,
        "8" : 0.000000,
        "16" : 0.000000,
        "32" : 0.000000,
        ">=64" : 0.000000
      },
      "iodepth_submit" : {
        "0" : 0.000000,
        "4" : 100.000000,
        "8" : 0.000000,
        "16" : 0.000000,
        "32" : 0.000000,
        "64" : 0.000000,
        ">=64" : 0.000000
      },
      "iodepth_complete" : {
        "0" : 0.000000,
        "4" : 100.000000,
        "8" : 0.000000,
        "16" : 0.000000,
        "32" : 0.000000,
        "64" : 0.000000,
        ">=64" : 0.000000
      },
      "latency_ns" : {
        "2" : 0.000000,
        "4" : 0.000000,
        "10" : 0.000000,
        "20" : 0.000000,
        "50" : 0.000000,
        "100" : 0.000000,
        "250" : 0.000000,
        "500" : 0.000000,
        "750" : 0.520324,
        "1000" : 8.305292
      },
      "latency_us" : {
        "2" : 14.889904,
        "4" : 19.317454,
        "10" : 19.785608,
        "20" : 27.695086,
        "50" : 9.311254,
        "100" : 0.115939,
        "250" : 0.026742,
        "500" : 0.010000,
        "750" : 0.010000,
        "1000" : 0.010000
      },
      "latency_ms" : {
        "2" : 0.010000,
        "4" : 0.010000,
        "10" : 0.010000,
        "20" : 0.010000,
        "50" : 0.000000,
        "100" : 0.000000,
        "250" : 0.000000,
        "500" : 0.000000,
        "750" : 0.000000,
        "1000" : 0.000000,
        "2000" : 0.000000,
        ">=2000" : 0.000000
      },
      "latency_depth" : 128,
      "latency_target" : 0,
      "latency_percentile" : 100.000000,
      "latency_window" : 0
    }
  ]
}
