{
  "fio version" : "fio-3.32-36-g5932",
  "timestamp" : 1663477403,
  "timestamp_ms" : 1663477403010,
  "time" : "Sun Sep 18 07:03:23 2022",
  "global options" : {
    "size" : "128K",
    "rw" : "randrw",
    "bs" : "4K",
    "numjobs" : "1",
    "iodepth" : "1",
    "runtime" : "300",
    "end_fsync" : "1",
    "lat_percentiles" : "1",
    "slat_percentiles" : "1",
    "clat_percentiles" : "1"
  },
  "jobs" : [
    {
      "jobname" : "random-rw",
      "groupid" : 0,
      "error" : 0,
      "eta" : 0,
      "elapsed" : 301,
      "job options" : {
        "name" : "random-rw"
      },
      "read" : {
        "io_bytes" : 69402607616,
        "io_kbytes" : 67775984,
        "bw_bytes" : 231341254,
        "bw" : 225919,
        "iops" : 56479.798401,
        "runtime" : 300001,
        "total_ios" : 16943996,
        "short_ios" : 0,
        "drop_ios" : 0,
        "slat_ns" : {
          "min" : 0,
          "max" : 0,
          "mean" : 0.000000,
          "stddev" : 0.000000,
          "N" : 0
        },
        "clat_ns" : {
          "min" : 602,
          "max" : 3653782,
          "mean" : 11606.197491,
          "stddev" : 6115.154157,
          "N" : 16943996,
          "percentile" : {
            "1.000000" : 9536,
            "5.000000" : 9664,
            "10.000000" : 9792,
            "20.000000" : 10048,
            "30.000000" : 10176,
            "40.000000" : 10688,
            "50.000000" : 10816,
            "60.000000" : 10944,
            "70.000000" : 11328,
            "80.000000" : 11840,
            "90.000000" : 14400,
            "95.000000" : 17536,
            "99.000000" : 23168,
            "99.500000" : 26496,
            "99.900000" : 46848,
            "99.950000" : 65280,
            "99.990000" : 142336
          },
          "bins" : {
            "604" : 10,
            "612" : 74,
            "620" : 571,
            "628" : 1242,
            "636" : 1562,
            "644" : 1330,
            "652" : 1176,
            "660" : 1080,
            "668" : 983,
            "676" : 994,
            "684" : 1222,
            "692" : 1286,
            "700" : 1356,
            "708" : 1098,
            "716" : 974,
            "724" : 830,
            "732" : 915,
            "740" : 1158,
            "748" : 1417,
            "756" : 1588,
            "764" : 1665,
            "772" : 1602,
            "780" : 1452,
            "788" : 1517,
            "796" : 1481,
            "804" : 1667,
            "812" : 1775,
            "820" : 1939,
            "828" : 1981,
            "836" : 1845,
            "844" : 1920,
            "852" : 1749,
            "860" : 1712,
            "868" : 1570,
            "876" : 1311,
            "884" : 1282,
            "892" : 1009,
            "900" : 937,
            "908" : 826,
            "916" : 614,
            "924" : 557,
            "932" : 468,
            "940" : 377,
            "948" : 361,
            "956" : 315,
            "964" : 305,
            "972" : 293,
            "980" : 272,
            "988" : 298,
            "996" : 237,
            "1004" : 258,
            "1012" : 257,
            "1020" : 252,
            "1032" : 391,
            "1048" : 359,
            "1064" : 330,
            "1080" : 276,
            "1096" : 282,
            "1112" : 268,
            "1128" : 256,
            "1144" : 240,
            "1160" : 255,
            "1176" : 244,
            "1192" : 264,
            "1208" : 248,
            "1224" : 271,
            "1240" : 260,
            "1256" : 267,
            "1272" : 271,
            "1288" : 298,
            "1304" : 272,
            "1320" : 242,
            "1336" : 270,
            "1352" : 228,
            "1368" : 214,
            "1384" : 216,
            "1400" : 164,
            "1416" : 173,
            "1432" : 141,
            "1448" : 123,
            "1464" : 147,
            "1480" : 118,
            "1496" : 118,
            "1512" : 121,
            "1528" : 112,
            "1544" : 103,
            "1560" : 113,
            "1576" : 94,
            "1592" : 87,
            "1608" : 83,
            "1624" : 69,
            "1640" : 82,
            "1656" : 65,
            "1672" : 72,
            "1688" : 67,
            "1704" : 61,
            "1720" : 63,
            "1736" : 58,
            "1752" : 43,
            "1768" : 46,
            "1784" : 39,
            "1800" : 47,
            "1816" : 38,
            "1832" : 39,
            "1848" : 30,
            "1864" : 38,
            "1880" : 28,
            "1896" : 34,
            "1912" : 31,
            "1928" : 35,
            "1944" : 24,
            "1960" : 29,
            "1976" : 19,
            "1992" : 14,
            "2008" : 17,
            "2024" : 26,
            "2040" : 15,
            "2064" : 27,
            "2096" : 20,
            "2128" : 25,
            "2160" : 18,
            "2192" : 15,
            "2224" : 21,
            "2256" : 19,
            "2288" : 10,
            "2320" : 9,
            "2352" : 13,
            "2384" : 13,
            "2416" : 6,
            "2448" : 11,
            "2480" : 8,
            "2512" : 16,
            "2544" : 17,
            "2576" : 8,
            "2608" : 10,
            "2640" : 13,
            "2672" : 12,
            "2704" : 14,
            "2736" : 11,
            "2768" : 13,
            "2800" : 14,
            "2832" : 16,
            "2864" : 8,
            "2896" : 19,
            "2928" : 5,
            "2960" : 8,
            "2992" : 19,
            "3024" : 11,
            "3056" : 11,
            "3088" : 10,
            "3120" : 8,
            "3152" : 4,
            "3184" : 2,
            "3216" : 8,
            "3248" : 1,
            "3280" : 3,
            "3312" : 3,
            "3344" : 6,
            "3376" : 1,
            "3472" : 2,
            "3504" : 3,
            "3536" : 3,
            "3600" : 1,
            "3632" : 2,
            "3696" : 2,
            "3728" : 1,
            "3760" : 1,
            "3792" : 1,
            "3824" : 1,
            "3984" : 1,
            "4080" : 1,
            "4128" : 1,
            "4256" : 2,
            "4320" : 1,
            "4448" : 1,
            "4512" : 1,
            "4640" : 1,
            "4704" : 2,
            "4768" : 1,
            "4960" : 1,
            "5024" : 1,
            "5088" : 2,
            "5984" : 12,
            "6048" : 242,
            "6112" : 1557,
            "6176" : 3689,
            "6240" : 4189,
            "6304" : 3342,
            "6368" : 3329,
            "6432" : 4359,
            "6496" : 4074,
            "6560" : 2669,
            "6624" : 1502,
            "6688" : 850,
            "6752" : 547,
            "6816" : 392,
            "6880" : 272,
            "6944" : 194,
            "7008" : 188,
            "7072" : 262,
            "7136" : 350,
            "7200" : 323,
            "7264" : 386,
            "7328" : 520,
            "7392" : 472,
            "7456" : 399,
            "7520" : 258,
            "7584" : 182,
            "7648" : 165,
            "7712" : 145,
            "7776" : 159,
            "7840" : 220,
            "7904" : 189,
            "7968" : 168,
            "8032" : 144,
            "8096" : 99,
            "8160" : 67,
            "8256" : 153,
            "8384" : 106,
            "8512" : 122,
            "8640" : 128,
            "8768" : 110,
            "8896" : 126,
            "9024" : 652,
            "9152" : 4536,
            "9280" : 15605,
            "9408" : 46315,
            "9536" : 211119,
            "9664" : 585206,
            "9792" : 940329,
            "9920" : 1206963,
            "10048" : 1214673,
            "10176" : 762696,
            "10304" : 383661,
            "10432" : 352639,
            "10560" : 816888,
            "10688" : 1511704,
            "10816" : 1668367,
            "10944" : 1124813,
            "11072" : 576071,
            "11200" : 299350,
            "11328" : 280731,
            "11456" : 420714,
            "11584" : 525774,
            "11712" : 458942,
            "11840" : 292682,
            "11968" : 156014,
            "12096" : 98616,
            "12224" : 85525,
            "12352" : 93024,
            "12480" : 106612,
            "12608" : 103672,
            "12736" : 87578,
            "12864" : 75376,
            "12992" : 68197,
            "13120" : 61997,
            "13248" : 58577,
            "13376" : 56321,
            "13504" : 55426,
            "13632" : 55305,
            "13760" : 53655,
            "13888" : 51027,
            "14016" : 48720,
            "14144" : 46185,
            "14272" : 43821,
            "14400" : 42443,
            "14528" : 40579,
            "14656" : 40228,
            "14784" : 40221,
            "14912" : 40746,
            "15040" : 40334,
            "15168" : 39839,
            "15296" : 38578,
            "15424" : 37312,
            "15552" : 36442,
            "15680" : 35197,
            "15808" : 35407,
            "15936" : 35285,
            "16064" : 36316,
            "16192" : 37160,
            "16320" : 37360,
            "16512" : 73931,
            "16768" : 70031,
            "17024" : 64965,
            "17280" : 60337,
            "17536" : 56079,
            "17792" : 51390,
            "18048" : 48623,
            "18304" : 46520,
            "18560" : 46060,
            "18816" : 43120,
            "19072" : 39627,
            "19328" : 37196,
            "19584" : 35365,
            "19840" : 33351,
            "20096" : 30382,
            "20352" : 27533,
            "20608" : 25262,
            "20864" : 23375,
            "21120" : 21950,
            "21376" : 20355,
            "21632" : 18890,
            "21888" : 17494,
            "22144" : 15915,
            "22400" : 14535,
            "22656" : 13465,
            "22912" : 11946,
            "23168" : 11154,
            "23424" : 10202,
            "23680" : 9114,
            "23936" : 8378,
            "24192" : 7524,
            "24448" : 7119,
            "24704" : 6528,
            "24960" : 5875,
            "25216" : 5485,
            "25472" : 4995,
            "25728" : 4639,
            "25984" : 4352,
            "26240" : 3851,
            "26496" : 3692,
            "26752" : 3309,
            "27008" : 3041,
            "27264" : 2803,
            "27520" : 2641,
            "27776" : 2471,
            "28032" : 2229,
            "28288" : 2030,
            "28544" : 1975,
            "28800" : 1829,
            "29056" : 1720,
            "29312" : 1583,
            "29568" : 1430,
            "29824" : 1428,
            "30080" : 1304,
            "30336" : 1247,
            "30592" : 1181,
            "30848" : 1150,
            "31104" : 1085,
            "31360" : 1073,
            "31616" : 1015,
            "31872" : 944,
            "32128" : 936,
            "32384" : 842,
            "32640" : 856,
            "33024" : 1540,
            "33536" : 1517,
            "34048" : 1494,
            "34560" : 1340,
            "35072" : 1313,
            "35584" : 1297,
            "36096" : 1288,
            "36608" : 1210,
            "37120" : 1203,
            "37632" : 1170,
            "38144" : 1149,
            "38656" : 1076,
            "39168" : 1066,
            "39680" : 996,
            "40192" : 843,
            "40704" : 812,
            "41216" : 733,
            "41728" : 743,
            "42240" : 641,
            "42752" : 611,
            "43264" : 539,
            "43776" : 534,
            "44288" : 522,
            "44800" : 498,
            "45312" : 434,
            "45824" : 422,
            "46336" : 392,
            "46848" : 433,
            "47360" : 358,
            "47872" : 340,
            "48384" : 351,
            "48896" : 312,
            "49408" : 332,
            "49920" : 320,
            "50432" : 297,
            "50944" : 271,
            "51456" : 318,
            "51968" : 313,
            "52480" : 296,
            "52992" : 344,
            "53504" : 328,
            "54016" : 298,
            "54528" : 303,
            "55040" : 303,
            "55552" : 286,
            "56064" : 252,
            "56576" : 261,
            "57088" : 250,
            "57600" : 215,
            "58112" : 210,
            "58624" : 169,
            "59136" : 164,
            "59648" : 160,
            "60160" : 142,
            "60672" : 132,
            "61184" : 121,
            "61696" : 106,
            "62208" : 124,
            "62720" : 126,
            "63232" : 117,
            "63744" : 110,
            "64256" : 104,
            "64768" : 113,
            "65280" : 126,
            "66048" : 207,
            "67072" : 202,
            "68096" : 184,
            "69120" : 205,
            "70144" : 211,
            "71168" : 189,
            "72192" : 184,
            "73216" : 198,
            "74240" : 158,
            "75264" : 200,
            "76288" : 201,
            "77312" : 200,
            "78336" : 187,
            "79360" : 218,
            "80384" : 218,
            "81408" : 199,
            "82432" : 152,
            "83456" : 156,
            "84480" : 133,
            "85504" : 120,
            "86528" : 98,
            "87552" : 126,
            "88576" : 96,
            "89600" : 97,
            "90624" : 69,
            "91648" : 59,
            "92672" : 70,
            "93696" : 58,
            "94720" : 49,
            "95744" : 57,
            "96768" : 65,
            "97792" : 67,
            "98816" : 73,
            "99840" : 61,
            "100864" : 66,
            "101888" : 65,
            "102912" : 89,
            "103936" : 104,
            "104960" : 111,
            "105984" : 81,
            "107008" : 80,
            "108032" : 64,
            "109056" : 68,
            "110080" : 55,
            "111104" : 72,
            "112128" : 71,
            "113152" : 100,
            "114176" : 109,
            "115200" : 91,
            "116224" : 80,
            "117248" : 54,
            "118272" : 56,
            "119296" : 41,
            "120320" : 34,
            "121344" : 37,
            "122368" : 32,
            "123392" : 24,
            "124416" : 27,
            "125440" : 27,
            "126464" : 18,
            "127488" : 18,
            "128512" : 17,
            "129536" : 25,
            "130560" : 21,
            "132096" : 44,
            "134144" : 32,
            "136192" : 31,
            "138240" : 24,
            "140288" : 26,
            "142336" : 24,
            "144384" : 23,
            "146432" : 18,
            "148480" : 18,
            "150528" : 16,
            "152576" : 15,
            "154624" : 19,
            "156672" : 12,
            "158720" : 11,
            "160768" : 11,
            "162816" : 18,
            "164864" : 10,
            "166912" : 11,
            "168960" : 8,
            "171008" : 8,
            "173056" : 9,
            "175104" : 12,
            "177152" : 9,
            "179200" : 3,
            "181248" : 7,
            "183296" : 7,
            "185344" : 7,
            "187392" : 5,
            "189440" : 1,
            "191488" : 3,
            "193536" : 5,
            "195584" : 4,
            "197632" : 4,
            "199680" : 7,
            "201728" : 12,
            "203776" : 6,
            "205824" : 8,
            "207872" : 9,
            "209920" : 3,
            "211968" : 11,
            "214016" : 13,
            "216064" : 9,
            "218112" : 12,
            "220160" : 3,
            "222208" : 8,
            "224256" : 8,
            "226304" : 9,
            "228352" : 8,
            "230400" : 4,
            "232448" : 7,
            "234496" : 6,
            "236544" : 6,
            "238592" : 5,
            "240640" : 1,
            "242688" : 10,
            "244736" : 8,
            "246784" : 7,
            "248832" : 3,
            "250880" : 13,
            "252928" : 9,
            "254976" : 10,
            "257024" : 9,
            "259072" : 7,
            "261120" : 14,
            "264192" : 18,
            "268288" : 42,
            "272384" : 43,
            "276480" : 40,
            "280576" : 22,
            "284672" : 27,
            "288768" : 21,
            "292864" : 27,
            "296960" : 30,
            "301056" : 22,
            "305152" : 12,
            "309248" : 16,
            "313344" : 12,
            "317440" : 12,
            "321536" : 11,
            "325632" : 14,
            "329728" : 15,
            "333824" : 5,
            "337920" : 7,
            "342016" : 7,
            "346112" : 9,
            "350208" : 9,
            "354304" : 9,
            "358400" : 10,
            "362496" : 8,
            "366592" : 10,
            "370688" : 6,
            "374784" : 8,
            "378880" : 3,
            "382976" : 8,
            "387072" : 2,
            "391168" : 6,
            "395264" : 7,
            "399360" : 6,
            "403456" : 4,
            "407552" : 3,
            "411648" : 2,
            "415744" : 8,
            "419840" : 11,
            "423936" : 8,
            "428032" : 6,
            "432128" : 13,
            "436224" : 8,
            "440320" : 9,
            "444416" : 11,
            "448512" : 10,
            "452608" : 13,
            "456704" : 8,
            "460800" : 7,
            "464896" : 8,
            "468992" : 11,
            "473088" : 3,
            "477184" : 12,
            "481280" : 9,
            "485376" : 13,
            "489472" : 9,
            "493568" : 5,
            "497664" : 6,
            "501760" : 11,
            "505856" : 8,
            "509952" : 8,
            "514048" : 8,
            "518144" : 6,
            "522240" : 9,
            "528384" : 11,
            "536576" : 4,
            "544768" : 11,
            "552960" : 12,
            "561152" : 10,
            "569344" : 5,
            "577536" : 9,
            "585728" : 13,
            "593920" : 15,
            "602112" : 18,
            "610304" : 16,
            "618496" : 20,
            "626688" : 12,
            "634880" : 10,
            "643072" : 13,
            "651264" : 3,
            "659456" : 12,
            "667648" : 3,
            "675840" : 3,
            "684032" : 4,
            "692224" : 6,
            "700416" : 4,
            "708608" : 4,
            "716800" : 3,
            "724992" : 4,
            "733184" : 6,
            "741376" : 2,
            "749568" : 1,
            "757760" : 3,
            "765952" : 5,
            "774144" : 7,
            "782336" : 4,
            "790528" : 4,
            "798720" : 3,
            "806912" : 7,
            "815104" : 4,
            "823296" : 4,
            "831488" : 1,
            "839680" : 3,
            "847872" : 4,
            "856064" : 3,
            "864256" : 1,
            "880640" : 1,
            "888832" : 2,
            "897024" : 1,
            "913408" : 2,
            "921600" : 1,
            "929792" : 1,
            "937984" : 3,
            "946176" : 2,
            "954368" : 6,
            "962560" : 2,
            "978944" : 3,
            "987136" : 3,
            "995328" : 4,
            "1003520" : 10,
            "1011712" : 6,
            "1019904" : 5,
            "1028096" : 7,
            "1036288" : 2,
            "1044480" : 5,
            "1056768" : 8,
            "1073152" : 4,
            "1089536" : 1,
            "1105920" : 2,
            "1122304" : 3,
            "1138688" : 4,
            "1155072" : 1,
            "1171456" : 2,
            "1204224" : 1,
            "1220608" : 1,
            "1286144" : 1,
            "1302528" : 1,
            "1318912" : 2,
            "1482752" : 1,
            "1515520" : 1,
            "1695744" : 1,
            "1777664" : 1,
            "1794048" : 2,
            "1826816" : 2,
            "1859584" : 1,
            "1875968" : 1,
            "1892352" : 1,
            "1990656" : 1,
            "2310144" : 2,
            "2473984" : 1,
            "2736128" : 1,
            "2867200" : 1,
            "3031040" : 1,
            "3162112" : 1,
            "3653632" : 1
          }
        },
        "lat_ns" : {
          "min" : 634,
          "max" : 3653833,
          "mean" : 11658.944219,
          "stddev" : 6124.179669,
          "N" : 16943996,
          "percentile" : {
            "1.000000" : 9536,
            "5.000000" : 9792,
            "10.000000" : 9920,
            "20.000000" : 10048,
            "30.000000" : 10304,
            "40.000000" : 10688,
            "50.000000" : 10816,
            "60.000000" : 10944,
            "70.000000" : 11328,
            "80.000000" : 11840,
            "90.000000" : 14528,
            "95.000000" : 17536,
            "99.000000" : 23424,
            "99.500000" : 26496,
            "99.900000" : 46848,
            "99.950000" : 65280,
            "99.990000" : 142336
          },
          "bins" : {
            "636" : 7,
            "644" : 80,
            "652" : 497,
            "660" : 1235,
            "668" : 1647,
            "676" : 1223,
            "684" : 1225,
            "692" : 1064,
            "700" : 984,
            "708" : 1010,
            "716" : 1093,
            "724" : 1279,
            "732" : 1348,
            "740" : 1105,
            "748" : 1032,
            "756" : 812,
            "764" : 857,
            "772" : 1070,
            "780" : 1340,
            "788" : 1588,
            "796" : 1605,
            "804" : 1597,
            "812" : 1385,
            "820" : 1430,
            "828" : 1362,
            "836" : 1299,
            "844" : 1337,
            "852" : 1301,
            "860" : 1387,
            "868" : 1422,
            "876" : 1503,
            "884" : 1658,
            "892" : 1672,
            "900" : 1635,
            "908" : 1537,
            "916" : 1383,
            "924" : 1398,
            "932" : 1266,
            "940" : 1061,
            "948" : 976,
            "956" : 852,
            "964" : 694,
            "972" : 592,
            "980" : 496,
            "988" : 474,
            "996" : 356,
            "1004" : 341,
            "1012" : 330,
            "1020" : 307,
            "1032" : 557,
            "1048" : 564,
            "1064" : 437,
            "1080" : 409,
            "1096" : 346,
            "1112" : 298,
            "1128" : 249,
            "1144" : 256,
            "1160" : 249,
            "1176" : 235,
            "1192" : 227,
            "1208" : 230,
            "1224" : 205,
            "1240" : 233,
            "1256" : 186,
            "1272" : 209,
            "1288" : 201,
            "1304" : 192,
            "1320" : 221,
            "1336" : 220,
            "1352" : 215,
            "1368" : 237,
            "1384" : 245,
            "1400" : 212,
            "1416" : 271,
            "1432" : 270,
            "1448" : 233,
            "1464" : 209,
            "1480" : 195,
            "1496" : 196,
            "1512" : 194,
            "1528" : 159,
            "1544" : 153,
            "1560" : 123,
            "1576" : 142,
            "1592" : 122,
            "1608" : 105,
            "1624" : 103,
            "1640" : 103,
            "1656" : 98,
            "1672" : 95,
            "1688" : 81,
            "1704" : 99,
            "1720" : 62,
            "1736" : 73,
            "1752" : 59,
            "1768" : 63,
            "1784" : 68,
            "1800" : 60,
            "1816" : 61,
            "1832" : 55,
            "1848" : 51,
            "1864" : 57,
            "1880" : 57,
            "1896" : 46,
            "1912" : 35,
            "1928" : 39,
            "1944" : 43,
            "1960" : 36,
            "1976" : 28,
            "1992" : 33,
            "2008" : 34,
            "2024" : 20,
            "2040" : 34,
            "2064" : 62,
            "2096" : 46,
            "2128" : 44,
            "2160" : 43,
            "2192" : 34,
            "2224" : 26,
            "2256" : 28,
            "2288" : 24,
            "2320" : 15,
            "2352" : 22,
            "2384" : 17,
            "2416" : 10,
            "2448" : 16,
            "2480" : 10,
            "2512" : 10,
            "2544" : 8,
            "2576" : 9,
            "2608" : 15,
            "2640" : 14,
            "2672" : 6,
            "2704" : 12,
            "2736" : 15,
            "2768" : 16,
            "2800" : 16,
            "2832" : 15,
            "2864" : 11,
            "2896" : 8,
            "2928" : 11,
            "2960" : 13,
            "2992" : 9,
            "3024" : 11,
            "3056" : 12,
            "3088" : 12,
            "3120" : 11,
            "3152" : 11,
            "3184" : 13,
            "3216" : 11,
            "3248" : 12,
            "3280" : 7,
            "3312" : 11,
            "3344" : 10,
            "3376" : 6,
            "3408" : 3,
            "3440" : 3,
            "3472" : 5,
            "3504" : 2,
            "3536" : 5,
            "3568" : 3,
            "3600" : 4,
            "3632" : 2,
            "3664" : 3,
            "3696" : 2,
            "3728" : 1,
            "3792" : 5,
            "3856" : 6,
            "3952" : 1,
            "3984" : 1,
            "4016" : 1,
            "4048" : 1,
            "4080" : 1,
            "4128" : 2,
            "4192" : 1,
            "4320" : 2,
            "4576" : 2,
            "4640" : 1,
            "4704" : 1,
            "4832" : 4,
            "4960" : 1,
            "5152" : 1,
            "5216" : 1,
            "5280" : 1,
            "5344" : 1,
            "5408" : 2,
            "6048" : 23,
            "6112" : 367,
            "6176" : 1942,
            "6240" : 3959,
            "6304" : 4158,
            "6368" : 3535,
            "6432" : 4108,
            "6496" : 4532,
            "6560" : 3526,
            "6624" : 2087,
            "6688" : 1174,
            "6752" : 677,
            "6816" : 451,
            "6880" : 348,
            "6944" : 210,
            "7008" : 170,
            "7072" : 189,
            "7136" : 277,
            "7200" : 353,
            "7264" : 349,
            "7328" : 429,
            "7392" : 521,
            "7456" : 423,
            "7520" : 340,
            "7584" : 229,
            "7648" : 178,
            "7712" : 143,
            "7776" : 160,
            "7840" : 174,
            "7904" : 206,
            "7968" : 182,
            "8032" : 152,
            "8096" : 143,
            "8160" : 98,
            "8256" : 167,
            "8384" : 135,
            "8512" : 115,
            "8640" : 130,
            "8768" : 120,
            "8896" : 108,
            "9024" : 298,
            "9152" : 2356,
            "9280" : 10743,
            "9408" : 28027,
            "9536" : 117970,
            "9664" : 416788,
            "9792" : 823656,
            "9920" : 1167251,
            "10048" : 1308130,
            "10176" : 927262,
            "10304" : 467798,
            "10432" : 295777,
            "10560" : 569755,
            "10688" : 1294728,
            "10816" : 1761906,
            "10944" : 1353679,
            "11072" : 721230,
            "11200" : 356460,
            "11328" : 253182,
            "11456" : 356906,
            "11584" : 511028,
            "11712" : 504672,
            "11840" : 355487,
            "11968" : 196135,
            "12096" : 112881,
            "12224" : 88014,
            "12352" : 89154,
            "12480" : 103131,
            "12608" : 107718,
            "12736" : 93646,
            "12864" : 79495,
            "12992" : 70461,
            "13120" : 64221,
            "13248" : 59396,
            "13376" : 56705,
            "13504" : 55168,
            "13632" : 54859,
            "13760" : 53987,
            "13888" : 51668,
            "14016" : 49451,
            "14144" : 46833,
            "14272" : 44278,
            "14400" : 42656,
            "14528" : 40710,
            "14656" : 39923,
            "14784" : 39578,
            "14912" : 39921,
            "15040" : 40185,
            "15168" : 39920,
            "15296" : 39246,
            "15424" : 37972,
            "15552" : 36608,
            "15680" : 35731,
            "15808" : 34709,
            "15936" : 35035,
            "16064" : 35372,
            "16192" : 36320,
            "16320" : 36959,
            "16512" : 73903,
            "16768" : 71340,
            "17024" : 66450,
            "17280" : 61681,
            "17536" : 57438,
            "17792" : 53058,
            "18048" : 49458,
            "18304" : 46977,
            "18560" : 46133,
            "18816" : 44624,
            "19072" : 40532,
            "19328" : 37795,
            "19584" : 35906,
            "19840" : 33880,
            "20096" : 31466,
            "20352" : 28238,
            "20608" : 26075,
            "20864" : 23888,
            "21120" : 22435,
            "21376" : 20937,
            "21632" : 19437,
            "21888" : 18155,
            "22144" : 16601,
            "22400" : 15079,
            "22656" : 14033,
            "22912" : 12447,
            "23168" : 11520,
            "23424" : 10728,
            "23680" : 9681,
            "23936" : 8761,
            "24192" : 8052,
            "24448" : 7338,
            "24704" : 6765,
            "24960" : 6213,
            "25216" : 5705,
            "25472" : 5225,
            "25728" : 4864,
            "25984" : 4458,
            "26240" : 4150,
            "26496" : 3788,
            "26752" : 3450,
            "27008" : 3227,
            "27264" : 2958,
            "27520" : 2675,
            "27776" : 2593,
            "28032" : 2364,
            "28288" : 2095,
            "28544" : 2029,
            "28800" : 1909,
            "29056" : 1760,
            "29312" : 1670,
            "29568" : 1495,
            "29824" : 1452,
            "30080" : 1330,
            "30336" : 1281,
            "30592" : 1206,
            "30848" : 1163,
            "31104" : 1166,
            "31360" : 1048,
            "31616" : 1050,
            "31872" : 990,
            "32128" : 910,
            "32384" : 889,
            "32640" : 867,
            "33024" : 1564,
            "33536" : 1540,
            "34048" : 1484,
            "34560" : 1379,
            "35072" : 1342,
            "35584" : 1287,
            "36096" : 1285,
            "36608" : 1226,
            "37120" : 1200,
            "37632" : 1221,
            "38144" : 1128,
            "38656" : 1078,
            "39168" : 1072,
            "39680" : 1040,
            "40192" : 856,
            "40704" : 812,
            "41216" : 748,
            "41728" : 738,
            "42240" : 647,
            "42752" : 606,
            "43264" : 561,
            "43776" : 541,
            "44288" : 539,
            "44800" : 483,
            "45312" : 450,
            "45824" : 423,
            "46336" : 401,
            "46848" : 433,
            "47360" : 352,
            "47872" : 335,
            "48384" : 371,
            "48896" : 317,
            "49408" : 325,
            "49920" : 341,
            "50432" : 296,
            "50944" : 274,
            "51456" : 318,
            "51968" : 314,
            "52480" : 300,
            "52992" : 348,
            "53504" : 328,
            "54016" : 302,
            "54528" : 290,
            "55040" : 317,
            "55552" : 287,
            "56064" : 260,
            "56576" : 259,
            "57088" : 249,
            "57600" : 232,
            "58112" : 200,
            "58624" : 188,
            "59136" : 156,
            "59648" : 169,
            "60160" : 145,
            "60672" : 123,
            "61184" : 132,
            "61696" : 110,
            "62208" : 128,
            "62720" : 120,
            "63232" : 118,
            "63744" : 115,
            "64256" : 105,
            "64768" : 110,
            "65280" : 131,
            "66048" : 204,
            "67072" : 210,
            "68096" : 183,
            "69120" : 197,
            "70144" : 211,
            "71168" : 197,
            "72192" : 176,
            "73216" : 197,
            "74240" : 164,
            "75264" : 198,
            "76288" : 209,
            "77312" : 197,
            "78336" : 189,
            "79360" : 212,
            "80384" : 226,
            "81408" : 199,
            "82432" : 154,
            "83456" : 157,
            "84480" : 136,
            "85504" : 117,
            "86528" : 100,
            "87552" : 127,
            "88576" : 98,
            "89600" : 103,
            "90624" : 73,
            "91648" : 57,
            "92672" : 69,
            "93696" : 58,
            "94720" : 48,
            "95744" : 58,
            "96768" : 65,
            "97792" : 71,
            "98816" : 72,
            "99840" : 58,
            "100864" : 71,
            "101888" : 60,
            "102912" : 92,
            "103936" : 101,
            "104960" : 115,
            "105984" : 80,
            "107008" : 82,
            "108032" : 66,
            "109056" : 66,
            "110080" : 61,
            "111104" : 67,
            "112128" : 73,
            "113152" : 100,
            "114176" : 110,
            "115200" : 94,
            "116224" : 77,
            "117248" : 56,
            "118272" : 59,
            "119296" : 41,
            "120320" : 35,
            "121344" : 37,
            "122368" : 32,
            "123392" : 21,
            "124416" : 27,
            "125440" : 29,
            "126464" : 19,
            "127488" : 15,
            "128512" : 18,
            "129536" : 27,
            "130560" : 18,
            "132096" : 47,
            "134144" : 32,
            "136192" : 33,
            "138240" : 25,
            "140288" : 25,
            "142336" : 23,
            "144384" : 23,
            "146432" : 21,
            "148480" : 18,
            "150528" : 15,
            "152576" : 16,
            "154624" : 19,
            "156672" : 11,
            "158720" : 10,
            "160768" : 13,
            "162816" : 18,
            "164864" : 9,
            "166912" : 12,
            "168960" : 8,
            "171008" : 7,
            "173056" : 9,
            "175104" : 11,
            "177152" : 11,
            "179200" : 2,
            "181248" : 8,
            "183296" : 6,
            "185344" : 7,
            "187392" : 6,
            "189440" : 1,
            "191488" : 3,
            "193536" : 5,
            "195584" : 4,
            "197632" : 4,
            "199680" : 7,
            "201728" : 12,
            "203776" : 6,
            "205824" : 8,
            "207872" : 9,
            "209920" : 3,
            "211968" : 11,
            "214016" : 12,
            "216064" : 11,
            "218112" : 12,
            "220160" : 3,
            "222208" : 8,
            "224256" : 8,
            "226304" : 9,
            "228352" : 8,
            "230400" : 4,
            "232448" : 6,
            "234496" : 7,
            "236544" : 6,
            "238592" : 5,
            "240640" : 1,
            "242688" : 10,
            "244736" : 8,
            "246784" : 6,
            "248832" : 4,
            "250880" : 13,
            "252928" : 9,
            "254976" : 10,
            "257024" : 9,
            "259072" : 7,
            "261120" : 13,
            "264192" : 19,
            "268288" : 42,
            "272384" : 42,
            "276480" : 40,
            "280576" : 23,
            "284672" : 26,
            "288768" : 22,
            "292864" : 27,
            "296960" : 30,
            "301056" : 22,
            "305152" : 11,
            "309248" : 17,
            "313344" : 11,
            "317440" : 13,
            "321536" : 10,
            "325632" : 13,
            "329728" : 15,
            "333824" : 6,
            "337920" : 7,
            "342016" : 7,
            "346112" : 9,
            "350208" : 9,
            "354304" : 8,
            "358400" : 11,
            "362496" : 8,
            "366592" : 10,
            "370688" : 7,
            "374784" : 8,
            "378880" : 3,
            "382976" : 8,
            "387072" : 2,
            "391168" : 6,
            "395264" : 7,
            "399360" : 6,
            "403456" : 4,
            "407552" : 3,
            "411648" : 2,
            "415744" : 7,
            "419840" : 12,
            "423936" : 8,
            "428032" : 6,
            "432128" : 12,
            "436224" : 9,
            "440320" : 9,
            "444416" : 11,
            "448512" : 10,
            "452608" : 12,
            "456704" : 9,
            "460800" : 7,
            "464896" : 8,
            "468992" : 11,
            "473088" : 3,
            "477184" : 12,
            "481280" : 9,
            "485376" : 13,
            "489472" : 9,
            "493568" : 5,
            "497664" : 6,
            "501760" : 11,
            "505856" : 8,
            "509952" : 8,
            "514048" : 8,
            "518144" : 6,
            "522240" : 9,
            "528384" : 11,
            "536576" : 4,
            "544768" : 11,
            "552960" : 12,
            "561152" : 10,
            "569344" : 5,
            "577536" : 9,
            "585728" : 13,
            "593920" : 15,
            "602112" : 18,
            "610304" : 16,
            "618496" : 20,
            "626688" : 12,
            "634880" : 10,
            "643072" : 13,
            "651264" : 3,
            "659456" : 12,
            "667648" : 3,
            "675840" : 3,
            "684032" : 4,
            "692224" : 6,
            "700416" : 4,
            "708608" : 4,
            "716800" : 3,
            "724992" : 4,
            "733184" : 5,
            "741376" : 3,
            "749568" : 1,
            "757760" : 3,
            "765952" : 4,
            "774144" : 6,
            "782336" : 6,
            "790528" : 4,
            "798720" : 3,
            "806912" : 7,
            "815104" : 4,
            "823296" : 4,
            "831488" : 1,
            "839680" : 3,
            "847872" : 4,
            "856064" : 3,
            "864256" : 1,
            "880640" : 1,
            "888832" : 2,
            "897024" : 1,
            "913408" : 2,
            "921600" : 1,
            "929792" : 1,
            "937984" : 3,
            "946176" : 2,
            "954368" : 6,
            "962560" : 2,
            "978944" : 3,
            "987136" : 3,
            "995328" : 4,
            "1003520" : 10,
            "1011712" : 6,
            "1019904" : 5,
            "1028096" : 7,
            "1036288" : 2,
            "1044480" : 5,
            "1056768" : 8,
            "1073152" : 4,
            "1089536" : 1,
            "1105920" : 2,
            "1122304" : 3,
            "1138688" : 4,
            "1155072" : 1,
            "1171456" : 2,
            "1204224" : 1,
            "1220608" : 1,
            "1286144" : 1,
            "1302528" : 1,
            "1318912" : 2,
            "1482752" : 1,
            "1515520" : 1,
            "1695744" : 1,
            "1777664" : 1,
            "1794048" : 2,
            "1826816" : 2,
            "1859584" : 1,
            "1875968" : 1,
            "1892352" : 1,
            "1990656" : 1,
            "2310144" : 2,
            "2473984" : 1,
            "2736128" : 1,
            "2867200" : 1,
            "3031040" : 1,
            "3162112" : 1,
            "3653632" : 1
          }
        },
        "bw_min" : 202768,
        "bw_max" : 301376,
        "bw_agg" : 100.000000,
        "bw_mean" : 226002.711185,
        "bw_dev" : 4825.171882,
        "bw_samples" : 599,
        "iops_min" : 50692,
        "iops_max" : 75344,
        "iops_mean" : 56500.677796,
        "iops_stddev" : 1206.292970,
        "iops_samples" : 599
      },
      "write" : {
        "io_bytes" : 69378723840,
        "io_kbytes" : 67752660,
        "bw_bytes" : 231261641,
        "bw" : 225841,
        "iops" : 56460.361799,
        "runtime" : 300001,
        "total_ios" : 16938165,
        "short_ios" : 0,
        "drop_ios" : 0,
        "slat_ns" : {
          "min" : 0,
          "max" : 0,
          "mean" : 0.000000,
          "stddev" : 0.000000,
          "N" : 0
        },
        "clat_ns" : {
          "min" : 1019,
          "max" : 6356996,
          "mean" : 2165.243280,
          "stddev" : 2018.442257,
          "N" : 16938165,
          "percentile" : {
            "1.000000" : 1416,
            "5.000000" : 1432,
            "10.000000" : 1432,
            "20.000000" : 1464,
            "30.000000" : 1496,
            "40.000000" : 1608,
            "50.000000" : 2224,
            "60.000000" : 2256,
            "70.000000" : 2320,
            "80.000000" : 2416,
            "90.000000" : 3024,
            "95.000000" : 3600,
            "99.000000" : 5536,
            "99.500000" : 6176,
            "99.900000" : 10816,
            "99.950000" : 16064,
            "99.990000" : 42752
          },
          "bins" : {
            "1020" : 2,
            "1032" : 37,
            "1048" : 84,
            "1064" : 106,
            "1080" : 208,
            "1096" : 1164,
            "1112" : 2184,
            "1128" : 2338,
            "1144" : 2015,
            "1160" : 1561,
            "1176" : 1377,
            "1192" : 1683,
            "1208" : 3007,
            "1224" : 3652,
            "1240" : 3025,
            "1256" : 2634,
            "1272" : 1926,
            "1288" : 1360,
            "1304" : 986,
            "1320" : 798,
            "1336" : 770,
            "1352" : 1675,
            "1368" : 3753,
            "1384" : 6027,
            "1400" : 57504,
            "1416" : 566064,
            "1432" : 1114478,
            "1448" : 1146049,
            "1464" : 1038200,
            "1480" : 850620,
            "1496" : 651172,
            "1512" : 420742,
            "1528" : 281754,
            "1544" : 194627,
            "1560" : 138203,
            "1576" : 111742,
            "1592" : 90945,
            "1608" : 77535,
            "1624" : 61772,
            "1640" : 45122,
            "1656" : 33969,
            "1672" : 24494,
            "1688" : 18790,
            "1704" : 14418,
            "1720" : 11635,
            "1736" : 10373,
            "1752" : 8788,
            "1768" : 8131,
            "1784" : 7332,
            "1800" : 6346,
            "1816" : 5772,
            "1832" : 4944,
            "1848" : 4481,
            "1864" : 3802,
            "1880" : 3352,
            "1896" : 2956,
            "1912" : 2597,
            "1928" : 2723,
            "1944" : 2941,
            "1960" : 3037,
            "1976" : 3215,
            "1992" : 3257,
            "2008" : 3347,
            "2024" : 3181,
            "2040" : 3156,
            "2064" : 7297,
            "2096" : 14476,
            "2128" : 42643,
            "2160" : 165867,
            "2192" : 542537,
            "2224" : 1104160,
            "2256" : 1416607,
            "2288" : 1248738,
            "2320" : 898533,
            "2352" : 587050,
            "2384" : 379288,
            "2416" : 260630,
            "2448" : 182638,
            "2480" : 135532,
            "2512" : 108361,
            "2544" : 93694,
            "2576" : 91453,
            "2608" : 95004,
            "2640" : 100450,
            "2672" : 100460,
            "2704" : 94533,
            "2736" : 84015,
            "2768" : 69568,
            "2800" : 58746,
            "2832" : 50961,
            "2864" : 45938,
            "2896" : 44495,
            "2928" : 42003,
            "2960" : 41003,
            "2992" : 40295,
            "3024" : 41248,
            "3056" : 50898,
            "3088" : 72351,
            "3120" : 97395,
            "3152" : 110813,
            "3184" : 100388,
            "3216" : 80384,
            "3248" : 58346,
            "3280" : 41824,
            "3312" : 32351,
            "3344" : 26633,
            "3376" : 23380,
            "3408" : 20812,
            "3440" : 19304,
            "3472" : 18475,
            "3504" : 18100,
            "3536" : 18401,
            "3568" : 18710,
            "3600" : 18498,
            "3632" : 18893,
            "3664" : 19006,
            "3696" : 19392,
            "3728" : 18670,
            "3760" : 18474,
            "3792" : 18170,
            "3824" : 17948,
            "3856" : 18129,
            "3888" : 17565,
            "3920" : 17169,
            "3952" : 16328,
            "3984" : 15629,
            "4016" : 15138,
            "4048" : 14472,
            "4080" : 13822,
            "4128" : 26480,
            "4192" : 25643,
            "4256" : 24439,
            "4320" : 23498,
            "4384" : 22940,
            "4448" : 22203,
            "4512" : 21832,
            "4576" : 20999,
            "4640" : 20178,
            "4704" : 19851,
            "4768" : 18892,
            "4832" : 18283,
            "4896" : 17412,
            "4960" : 16490,
            "5024" : 15340,
            "5088" : 14951,
            "5152" : 14323,
            "5216" : 13723,
            "5280" : 13119,
            "5344" : 12631,
            "5408" : 12006,
            "5472" : 11611,
            "5536" : 11018,
            "5600" : 10348,
            "5664" : 9659,
            "5728" : 9222,
            "5792" : 8680,
            "5856" : 7960,
            "5920" : 7466,
            "5984" : 6791,
            "6048" : 6259,
            "6112" : 5811,
            "6176" : 5190,
            "6240" : 4958,
            "6304" : 4356,
            "6368" : 4089,
            "6432" : 3635,
            "6496" : 3314,
            "6560" : 3050,
            "6624" : 2812,
            "6688" : 2626,
            "6752" : 2466,
            "6816" : 2335,
            "6880" : 2133,
            "6944" : 1974,
            "7008" : 2024,
            "7072" : 1853,
            "7136" : 1737,
            "7200" : 1603,
            "7264" : 1457,
            "7328" : 1460,
            "7392" : 1317,
            "7456" : 1214,
            "7520" : 1138,
            "7584" : 1021,
            "7648" : 912,
            "7712" : 814,
            "7776" : 712,
            "7840" : 661,
            "7904" : 551,
            "7968" : 501,
            "8032" : 498,
            "8096" : 392,
            "8160" : 385,
            "8256" : 644,
            "8384" : 571,
            "8512" : 463,
            "8640" : 450,
            "8768" : 377,
            "8896" : 365,
            "9024" : 351,
            "9152" : 372,
            "9280" : 319,
            "9408" : 360,
            "9536" : 342,
            "9664" : 353,
            "9792" : 347,
            "9920" : 364,
            "10048" : 318,
            "10176" : 335,
            "10304" : 350,
            "10432" : 352,
            "10560" : 349,
            "10688" : 378,
            "10816" : 343,
            "10944" : 356,
            "11072" : 343,
            "11200" : 350,
            "11328" : 300,
            "11456" : 330,
            "11584" : 291,
            "11712" : 283,
            "11840" : 256,
            "11968" : 250,
            "12096" : 230,
            "12224" : 236,
            "12352" : 239,
            "12480" : 241,
            "12608" : 190,
            "12736" : 206,
            "12864" : 191,
            "12992" : 191,
            "13120" : 188,
            "13248" : 165,
            "13376" : 187,
            "13504" : 171,
            "13632" : 144,
            "13760" : 187,
            "13888" : 186,
            "14016" : 150,
            "14144" : 178,
            "14272" : 159,
            "14400" : 165,
            "14528" : 143,
            "14656" : 169,
            "14784" : 152,
            "14912" : 162,
            "15040" : 178,
            "15168" : 169,
            "15296" : 156,
            "15424" : 154,
            "15552" : 143,
            "15680" : 159,
            "15808" : 161,
            "15936" : 124,
            "16064" : 159,
            "16192" : 146,
            "16320" : 165,
            "16512" : 254,
            "16768" : 289,
            "17024" : 283,
            "17280" : 257,
            "17536" : 255,
            "17792" : 246,
            "18048" : 251,
            "18304" : 227,
            "18560" : 197,
            "18816" : 213,
            "19072" : 184,
            "19328" : 167,
            "19584" : 182,
            "19840" : 154,
            "20096" : 134,
            "20352" : 127,
            "20608" : 112,
            "20864" : 123,
            "21120" : 106,
            "21376" : 109,
            "21632" : 109,
            "21888" : 94,
            "22144" : 104,
            "22400" : 83,
            "22656" : 83,
            "22912" : 97,
            "23168" : 68,
            "23424" : 69,
            "23680" : 68,
            "23936" : 74,
            "24192" : 57,
            "24448" : 65,
            "24704" : 64,
            "24960" : 65,
            "25216" : 49,
            "25472" : 68,
            "25728" : 62,
            "25984" : 51,
            "26240" : 67,
            "26496" : 59,
            "26752" : 40,
            "27008" : 48,
            "27264" : 40,
            "27520" : 35,
            "27776" : 39,
            "28032" : 35,
            "28288" : 39,
            "28544" : 32,
            "28800" : 23,
            "29056" : 23,
            "29312" : 21,
            "29568" : 16,
            "29824" : 20,
            "30080" : 21,
            "30336" : 19,
            "30592" : 21,
            "30848" : 17,
            "31104" : 17,
            "31360" : 12,
            "31616" : 14,
            "31872" : 15,
            "32128" : 22,
            "32384" : 12,
            "32640" : 17,
            "33024" : 26,
            "33536" : 27,
            "34048" : 28,
            "34560" : 18,
            "35072" : 22,
            "35584" : 25,
            "36096" : 21,
            "36608" : 30,
            "37120" : 27,
            "37632" : 26,
            "38144" : 27,
            "38656" : 24,
            "39168" : 23,
            "39680" : 28,
            "40192" : 31,
            "40704" : 27,
            "41216" : 21,
            "41728" : 17,
            "42240" : 18,
            "42752" : 25,
            "43264" : 25,
            "43776" : 19,
            "44288" : 20,
            "44800" : 32,
            "45312" : 42,
            "45824" : 32,
            "46336" : 27,
            "46848" : 34,
            "47360" : 36,
            "47872" : 22,
            "48384" : 25,
            "48896" : 45,
            "49408" : 44,
            "49920" : 44,
            "50432" : 45,
            "50944" : 36,
            "51456" : 24,
            "51968" : 22,
            "52480" : 27,
            "52992" : 25,
            "53504" : 18,
            "54016" : 24,
            "54528" : 10,
            "55040" : 13,
            "55552" : 19,
            "56064" : 23,
            "56576" : 12,
            "57088" : 10,
            "57600" : 13,
            "58112" : 12,
            "58624" : 12,
            "59136" : 10,
            "59648" : 7,
            "60160" : 13,
            "60672" : 8,
            "61184" : 10,
            "61696" : 9,
            "62208" : 5,
            "62720" : 8,
            "63232" : 13,
            "63744" : 13,
            "64256" : 10,
            "64768" : 13,
            "65280" : 17,
            "66048" : 28,
            "67072" : 28,
            "68096" : 30,
            "69120" : 41,
            "70144" : 41,
            "71168" : 31,
            "72192" : 30,
            "73216" : 33,
            "74240" : 27,
            "75264" : 26,
            "76288" : 23,
            "77312" : 14,
            "78336" : 8,
            "79360" : 9,
            "80384" : 10,
            "81408" : 7,
            "82432" : 9,
            "83456" : 5,
            "84480" : 10,
            "85504" : 7,
            "86528" : 5,
            "87552" : 6,
            "88576" : 10,
            "89600" : 13,
            "90624" : 8,
            "91648" : 4,
            "92672" : 5,
            "93696" : 17,
            "94720" : 12,
            "95744" : 14,
            "96768" : 17,
            "97792" : 11,
            "98816" : 16,
            "99840" : 9,
            "100864" : 11,
            "101888" : 11,
            "102912" : 7,
            "103936" : 11,
            "104960" : 13,
            "105984" : 5,
            "107008" : 12,
            "108032" : 8,
            "109056" : 6,
            "110080" : 9,
            "111104" : 7,
            "112128" : 8,
            "113152" : 3,
            "114176" : 3,
            "115200" : 3,
            "116224" : 1,
            "117248" : 3,
            "118272" : 3,
            "119296" : 4,
            "120320" : 1,
            "121344" : 1,
            "122368" : 2,
            "123392" : 1,
            "124416" : 3,
            "125440" : 2,
            "126464" : 3,
            "127488" : 2,
            "128512" : 1,
            "134144" : 2,
            "136192" : 2,
            "138240" : 1,
            "142336" : 2,
            "146432" : 1,
            "154624" : 1,
            "179200" : 1,
            "183296" : 1,
            "201728" : 1,
            "205824" : 1,
            "272384" : 1,
            "329728" : 1,
            "354304" : 2,
            "362496" : 1,
            "366592" : 1,
            "370688" : 1,
            "374784" : 1,
            "378880" : 1,
            "382976" : 2,
            "387072" : 1,
            "391168" : 1,
            "403456" : 1,
            "448512" : 1,
            "464896" : 1,
            "536576" : 1,
            "602112" : 1,
            "1744896" : 1,
            "6389760" : 1
          }
        },
        "lat_ns" : {
          "min" : 1063,
          "max" : 6357075,
          "mean" : 2239.210551,
          "stddev" : 2061.184394,
          "N" : 16938165,
          "percentile" : {
            "1.000000" : 1464,
            "5.000000" : 1480,
            "10.000000" : 1480,
            "20.000000" : 1512,
            "30.000000" : 1544,
            "40.000000" : 1656,
            "50.000000" : 2320,
            "60.000000" : 2352,
            "70.000000" : 2384,
            "80.000000" : 2480,
            "90.000000" : 3152,
            "95.000000" : 3728,
            "99.000000" : 5728,
            "99.500000" : 6432,
            "99.900000" : 11072,
            "99.950000" : 16512,
            "99.990000" : 43776
          },
          "bins" : {
            "1064" : 8,
            "1080" : 42,
            "1096" : 89,
            "1112" : 111,
            "1128" : 378,
            "1144" : 1513,
            "1160" : 2103,
            "1176" : 2274,
            "1192" : 1807,
            "1208" : 1571,
            "1224" : 1346,
            "1240" : 1926,
            "1256" : 3082,
            "1272" : 3394,
            "1288" : 2978,
            "1304" : 2540,
            "1320" : 1873,
            "1336" : 1346,
            "1352" : 930,
            "1368" : 822,
            "1384" : 844,
            "1400" : 1794,
            "1416" : 3714,
            "1432" : 7010,
            "1448" : 86417,
            "1464" : 638336,
            "1480" : 1058235,
            "1496" : 1085755,
            "1512" : 1002083,
            "1528" : 859616,
            "1544" : 653804,
            "1560" : 429611,
            "1576" : 292136,
            "1592" : 197520,
            "1608" : 147666,
            "1624" : 115764,
            "1640" : 92466,
            "1656" : 77557,
            "1672" : 59601,
            "1688" : 45714,
            "1704" : 34225,
            "1720" : 24556,
            "1736" : 18880,
            "1752" : 14104,
            "1768" : 11854,
            "1784" : 10087,
            "1800" : 8630,
            "1816" : 7974,
            "1832" : 6925,
            "1848" : 6457,
            "1864" : 5913,
            "1880" : 5060,
            "1896" : 4654,
            "1912" : 3846,
            "1928" : 3566,
            "1944" : 3039,
            "1960" : 2661,
            "1976" : 2450,
            "1992" : 2423,
            "2008" : 2651,
            "2024" : 2853,
            "2040" : 2930,
            "2064" : 6369,
            "2096" : 6279,
            "2128" : 6321,
            "2160" : 10435,
            "2192" : 27278,
            "2224" : 98777,
            "2256" : 361233,
            "2288" : 872271,
            "2320" : 1336317,
            "2352" : 1379020,
            "2384" : 1051961,
            "2416" : 689452,
            "2448" : 427559,
            "2480" : 282569,
            "2512" : 199849,
            "2544" : 146914,
            "2576" : 113722,
            "2608" : 92803,
            "2640" : 84846,
            "2672" : 86266,
            "2704" : 92914,
            "2736" : 101561,
            "2768" : 99999,
            "2800" : 92903,
            "2832" : 82425,
            "2864" : 69148,
            "2896" : 58021,
            "2928" : 48290,
            "2960" : 42241,
            "2992" : 39139,
            "3024" : 36759,
            "3056" : 37257,
            "3088" : 38789,
            "3120" : 46454,
            "3152" : 65517,
            "3184" : 91496,
            "3216" : 112752,
            "3248" : 109597,
            "3280" : 91844,
            "3312" : 69843,
            "3344" : 50988,
            "3376" : 39279,
            "3408" : 31301,
            "3440" : 26158,
            "3472" : 23025,
            "3504" : 20963,
            "3536" : 19441,
            "3568" : 17947,
            "3600" : 17616,
            "3632" : 17492,
            "3664" : 17803,
            "3696" : 18275,
            "3728" : 18495,
            "3760" : 18258,
            "3792" : 18541,
            "3824" : 18618,
            "3856" : 18553,
            "3888" : 17981,
            "3920" : 17913,
            "3952" : 17514,
            "3984" : 17335,
            "4016" : 17339,
            "4048" : 16647,
            "4080" : 16284,
            "4128" : 30348,
            "4192" : 28495,
            "4256" : 26165,
            "4320" : 24854,
            "4384" : 23539,
            "4448" : 22841,
            "4512" : 22033,
            "4576" : 21755,
            "4640" : 21251,
            "4704" : 20647,
            "4768" : 19608,
            "4832" : 19609,
            "4896" : 18639,
            "4960" : 17953,
            "5024" : 17451,
            "5088" : 16697,
            "5152" : 15807,
            "5216" : 15008,
            "5280" : 14637,
            "5344" : 13726,
            "5408" : 13184,
            "5472" : 12643,
            "5536" : 12025,
            "5600" : 11675,
            "5664" : 11159,
            "5728" : 10540,
            "5792" : 9949,
            "5856" : 9649,
            "5920" : 8917,
            "5984" : 8565,
            "6048" : 7839,
            "6112" : 7385,
            "6176" : 6769,
            "6240" : 6406,
            "6304" : 5856,
            "6368" : 5289,
            "6432" : 4872,
            "6496" : 4568,
            "6560" : 3958,
            "6624" : 3756,
            "6688" : 3359,
            "6752" : 3072,
            "6816" : 2883,
            "6880" : 2657,
            "6944" : 2552,
            "7008" : 2357,
            "7072" : 2201,
            "7136" : 2109,
            "7200" : 2071,
            "7264" : 1925,
            "7328" : 1846,
            "7392" : 1726,
            "7456" : 1639,
            "7520" : 1594,
            "7584" : 1453,
            "7648" : 1348,
            "7712" : 1271,
            "7776" : 1120,
            "7840" : 1059,
            "7904" : 924,
            "7968" : 888,
            "8032" : 742,
            "8096" : 719,
            "8160" : 598,
            "8256" : 1033,
            "8384" : 873,
            "8512" : 720,
            "8640" : 567,
            "8768" : 548,
            "8896" : 464,
            "9024" : 415,
            "9152" : 390,
            "9280" : 408,
            "9408" : 394,
            "9536" : 359,
            "9664" : 380,
            "9792" : 367,
            "9920" : 387,
            "10048" : 368,
            "10176" : 336,
            "10304" : 376,
            "10432" : 352,
            "10560" : 364,
            "10688" : 383,
            "10816" : 347,
            "10944" : 360,
            "11072" : 395,
            "11200" : 356,
            "11328" : 328,
            "11456" : 328,
            "11584" : 317,
            "11712" : 291,
            "11840" : 306,
            "11968" : 245,
            "12096" : 269,
            "12224" : 253,
            "12352" : 241,
            "12480" : 263,
            "12608" : 217,
            "12736" : 189,
            "12864" : 206,
            "12992" : 217,
            "13120" : 187,
            "13248" : 191,
            "13376" : 164,
            "13504" : 195,
            "13632" : 167,
            "13760" : 184,
            "13888" : 186,
            "14016" : 173,
            "14144" : 168,
            "14272" : 179,
            "14400" : 164,
            "14528" : 172,
            "14656" : 156,
            "14784" : 160,
            "14912" : 169,
            "15040" : 171,
            "15168" : 181,
            "15296" : 169,
            "15424" : 165,
            "15552" : 159,
            "15680" : 148,
            "15808" : 178,
            "15936" : 159,
            "16064" : 148,
            "16192" : 155,
            "16320" : 154,
            "16512" : 288,
            "16768" : 295,
            "17024" : 293,
            "17280" : 288,
            "17536" : 246,
            "17792" : 259,
            "18048" : 243,
            "18304" : 273,
            "18560" : 197,
            "18816" : 234,
            "19072" : 188,
            "19328" : 171,
            "19584" : 185,
            "19840" : 171,
            "20096" : 151,
            "20352" : 137,
            "20608" : 121,
            "20864" : 121,
            "21120" : 115,
            "21376" : 109,
            "21632" : 119,
            "21888" : 94,
            "22144" : 106,
            "22400" : 98,
            "22656" : 81,
            "22912" : 92,
            "23168" : 82,
            "23424" : 65,
            "23680" : 85,
            "23936" : 73,
            "24192" : 71,
            "24448" : 55,
            "24704" : 71,
            "24960" : 72,
            "25216" : 57,
            "25472" : 48,
            "25728" : 68,
            "25984" : 57,
            "26240" : 74,
            "26496" : 67,
            "26752" : 44,
            "27008" : 46,
            "27264" : 45,
            "27520" : 31,
            "27776" : 46,
            "28032" : 39,
            "28288" : 39,
            "28544" : 39,
            "28800" : 30,
            "29056" : 27,
            "29312" : 24,
            "29568" : 16,
            "29824" : 21,
            "30080" : 22,
            "30336" : 20,
            "30592" : 21,
            "30848" : 21,
            "31104" : 16,
            "31360" : 17,
            "31616" : 12,
            "31872" : 18,
            "32128" : 18,
            "32384" : 15,
            "32640" : 15,
            "33024" : 30,
            "33536" : 30,
            "34048" : 27,
            "34560" : 23,
            "35072" : 21,
            "35584" : 25,
            "36096" : 22,
            "36608" : 37,
            "37120" : 24,
            "37632" : 25,
            "38144" : 31,
            "38656" : 26,
            "39168" : 22,
            "39680" : 27,
            "40192" : 31,
            "40704" : 35,
            "41216" : 21,
            "41728" : 19,
            "42240" : 17,
            "42752" : 23,
            "43264" : 27,
            "43776" : 20,
            "44288" : 21,
            "44800" : 31,
            "45312" : 41,
            "45824" : 32,
            "46336" : 27,
            "46848" : 34,
            "47360" : 37,
            "47872" : 25,
            "48384" : 26,
            "48896" : 44,
            "49408" : 45,
            "49920" : 42,
            "50432" : 54,
            "50944" : 36,
            "51456" : 21,
            "51968" : 28,
            "52480" : 28,
            "52992" : 26,
            "53504" : 21,
            "54016" : 22,
            "54528" : 14,
            "55040" : 12,
            "55552" : 19,
            "56064" : 23,
            "56576" : 13,
            "57088" : 13,
            "57600" : 14,
            "58112" : 9,
            "58624" : 12,
            "59136" : 10,
            "59648" : 9,
            "60160" : 11,
            "60672" : 11,
            "61184" : 11,
            "61696" : 10,
            "62208" : 6,
            "62720" : 6,
            "63232" : 15,
            "63744" : 14,
            "64256" : 10,
            "64768" : 13,
            "65280" : 18,
            "66048" : 26,
            "67072" : 30,
            "68096" : 32,
            "69120" : 35,
            "70144" : 46,
            "71168" : 33,
            "72192" : 32,
            "73216" : 31,
            "74240" : 27,
            "75264" : 29,
            "76288" : 18,
            "77312" : 20,
            "78336" : 11,
            "79360" : 9,
            "80384" : 10,
            "81408" : 4,
            "82432" : 12,
            "83456" : 5,
            "84480" : 12,
            "85504" : 7,
            "86528" : 5,
            "87552" : 6,
            "88576" : 10,
            "89600" : 13,
            "90624" : 7,
            "91648" : 5,
            "92672" : 3,
            "93696" : 18,
            "94720" : 13,
            "95744" : 14,
            "96768" : 15,
            "97792" : 13,
            "98816" : 14,
            "99840" : 8,
            "100864" : 13,
            "101888" : 13,
            "102912" : 7,
            "103936" : 11,
            "104960" : 14,
            "105984" : 5,
            "107008" : 11,
            "108032" : 8,
            "109056" : 8,
            "110080" : 12,
            "111104" : 6,
            "112128" : 8,
            "113152" : 4,
            "114176" : 4,
            "115200" : 4,
            "116224" : 1,
            "117248" : 3,
            "118272" : 3,
            "119296" : 3,
            "120320" : 2,
            "121344" : 1,
            "122368" : 1,
            "123392" : 2,
            "124416" : 3,
            "125440" : 1,
            "126464" : 4,
            "127488" : 2,
            "128512" : 1,
            "134144" : 2,
            "136192" : 2,
            "138240" : 1,
            "142336" : 2,
            "146432" : 1,
            "154624" : 1,
            "179200" : 1,
            "185344" : 1,
            "201728" : 1,
            "207872" : 1,
            "272384" : 1,
            "329728" : 1,
            "354304" : 2,
            "362496" : 1,
            "366592" : 1,
            "370688" : 1,
            "374784" : 1,
            "378880" : 1,
            "382976" : 2,
            "387072" : 1,
            "391168" : 1,
            "403456" : 1,
            "448512" : 1,
            "464896" : 1,
            "536576" : 1,
            "602112" : 1,
            "1302528" : 1,
            "1744896" : 1,
            "6389760" : 1
          }
        },
        "bw_min" : 204128,
        "bw_max" : 303688,
        "bw_agg" : 100.000000,
        "bw_mean" : 225922.858097,
        "bw_dev" : 5018.162912,
        "bw_samples" : 599,
        "iops_min" : 51032,
        "iops_max" : 75922,
        "iops_mean" : 56480.714524,
        "iops_stddev" : 1254.540728,
        "iops_samples" : 599
      },
      "trim" : {
        "io_bytes" : 0,
        "io_kbytes" : 0,
        "bw_bytes" : 0,
        "bw" : 0,
        "iops" : 0.000000,
        "runtime" : 0,
        "total_ios" : 0,
        "short_ios" : 0,
        "drop_ios" : 0,
        "slat_ns" : {
          "min" : 0,
          "max" : 0,
          "mean" : 0.000000,
          "stddev" : 0.000000,
          "N" : 0
        },
        "clat_ns" : {
          "min" : 0,
          "max" : 0,
          "mean" : 0.000000,
          "stddev" : 0.000000,
          "N" : 0
        },
        "lat_ns" : {
          "min" : 0,
          "max" : 0,
          "mean" : 0.000000,
          "stddev" : 0.000000,
          "N" : 0
        },
        "bw_min" : 0,
        "bw_max" : 0,
        "bw_agg" : 0.000000,
        "bw_mean" : 0.000000,
        "bw_dev" : 0.000000,
        "bw_samples" : 0,
        "iops_min" : 0,
        "iops_max" : 0,
        "iops_mean" : 0.000000,
        "iops_stddev" : 0.000000,
        "iops_samples" : 0
      },
      "sync" : {
        "total_ios" : 0,
        "lat_ns" : {
          "min" : 0,
          "max" : 0,
          "mean" : 0.000000,
          "stddev" : 0.000000,
          "N" : 0
        }
      },
      "job_runtime" : 300000,
      "usr_cpu" : 12.830333,
      "sys_cpu" : 60.805000,
      "ctx" : 17006052,
      "majf" : 0,
      "minf" : 22,
      "iodepth_level" : {
        "1" : 100.000000,
        "2" : 0.000000,
        "4" : 0.000000,
        "8" : 0.000000,
        "16" : 0.000000,
        "32" : 0.000000,
        ">=64" : 0.000000
      },
      "iodepth_submit" : {
        "0" : 0.000000,
        "4" : 100.000000,
        "8" : 0.000000,
        "16" : 0.000000,
        "32" : 0.000000,
        "64" : 0.000000,
        ">=64" : 0.000000
      },
      "iodepth_complete" : {
        "0" : 0.000000,
        "4" : 100.000000,
        "8" : 0.000000,
        "16" : 0.000000,
        "32" : 0.000000,
        "64" : 0.000000,
        ">=64" : 0.000000
      },
      "latency_ns" : {
        "2" : 0.000000,
        "4" : 0.000000,
        "10" : 0.000000,
        "20" : 0.000000,
        "50" : 0.000000,
        "100" : 0.000000,
        "250" : 0.000000,
        "500" : 0.000000,
        "750" : 0.055590,
        "1000" : 0.104385
      },
      "latency_us" : {
        "2" : 20.913693,
        "4" : 27.273659,
        "10" : 11.245000,
        "20" : 39.175181,
        "50" : 1.185084,
        "100" : 0.036214,
        "250" : 0.010000,
        "500" : 0.010000,
        "750" : 0.010000,
        "1000" : 0.010000
      },
      "latency_ms" : {
        "2" : 0.010000,
        "4" : 0.010000,
        "10" : 0.010000,
        "20" : 0.000000,
        "50" : 0.000000,
        "100" : 0.000000,
        "250" : 0.000000,
        "500" : 0.000000,
        "750" : 0.000000,
        "1000" : 0.000000,
        "2000" : 0.000000,
        ">=2000" : 0.000000
      },
      "latency_depth" : 1,
      "latency_target" : 0,
      "latency_percentile" : 100.000000,
      "latency_window" : 0
    }
  ],
  "disk_util" : [
    {
      "name" : "loop26",
      "read_ios" : 16873352,
      "write_ios" : 16932688,
      "read_merges" : 0,
      "write_merges" : 0,
      "read_ticks" : 134765,
      "write_ticks" : 413645,
      "in_queue" : 0,
      "util" : 100.000000
    }
  ]
}
