{
  "fio version" : "fio-3.32-36-g5932",
  "timestamp" : 1663478029,
  "timestamp_ms" : 1663478029006,
  "time" : "Sun Sep 18 07:13:49 2022",
  "global options" : {
    "size" : "512K",
    "rw" : "randrw",
    "bs" : "4K",
    "numjobs" : "1",
    "iodepth" : "1",
    "runtime" : "300",
    "end_fsync" : "1",
    "lat_percentiles" : "1",
    "slat_percentiles" : "1",
    "clat_percentiles" : "1"
  },
  "jobs" : [
    {
      "jobname" : "random-rw",
      "groupid" : 0,
      "error" : 0,
      "eta" : 0,
      "elapsed" : 301,
      "job options" : {
        "name" : "random-rw"
      },
      "read" : {
        "io_bytes" : 70278561792,
        "io_kbytes" : 68631408,
        "bw_bytes" : 234261091,
        "bw" : 228770,
        "iops" : 57192.649358,
        "runtime" : 300001,
        "total_ios" : 17157852,
        "short_ios" : 0,
        "drop_ios" : 0,
        "slat_ns" : {
          "min" : 0,
          "max" : 0,
          "mean" : 0.000000,
          "stddev" : 0.000000,
          "N" : 0
        },
        "clat_ns" : {
          "min" : 613,
          "max" : 9210274,
          "mean" : 11612.114184,
          "stddev" : 10733.369348,
          "N" : 17157852,
          "percentile" : {
            "1.000000" : 6240,
            "5.000000" : 9664,
            "10.000000" : 9792,
            "20.000000" : 9920,
            "30.000000" : 10432,
            "40.000000" : 10688,
            "50.000000" : 10816,
            "60.000000" : 10944,
            "70.000000" : 11456,
            "80.000000" : 11840,
            "90.000000" : 14272,
            "95.000000" : 17280,
            "99.000000" : 23168,
            "99.500000" : 26752,
            "99.900000" : 46848,
            "99.950000" : 66048,
            "99.990000" : 150528
          },
          "bins" : {
            "612" : 4,
            "620" : 14,
            "628" : 27,
            "636" : 20,
            "644" : 31,
            "652" : 40,
            "660" : 36,
            "668" : 32,
            "676" : 37,
            "684" : 53,
            "692" : 51,
            "700" : 55,
            "708" : 58,
            "716" : 54,
            "724" : 77,
            "732" : 86,
            "740" : 109,
            "748" : 128,
            "756" : 123,
            "764" : 139,
            "772" : 135,
            "780" : 155,
            "788" : 161,
            "796" : 185,
            "804" : 181,
            "812" : 201,
            "820" : 175,
            "828" : 169,
            "836" : 160,
            "844" : 133,
            "852" : 129,
            "860" : 121,
            "868" : 113,
            "876" : 83,
            "884" : 92,
            "892" : 62,
            "900" : 57,
            "908" : 39,
            "916" : 46,
            "924" : 25,
            "932" : 20,
            "940" : 20,
            "948" : 13,
            "956" : 13,
            "964" : 20,
            "972" : 16,
            "980" : 12,
            "988" : 14,
            "996" : 11,
            "1004" : 9,
            "1012" : 14,
            "1020" : 10,
            "1032" : 13,
            "1048" : 18,
            "1064" : 22,
            "1080" : 20,
            "1096" : 16,
            "1112" : 23,
            "1128" : 17,
            "1144" : 21,
            "1160" : 20,
            "1176" : 20,
            "1192" : 16,
            "1208" : 20,
            "1224" : 19,
            "1240" : 12,
            "1256" : 11,
            "1272" : 15,
            "1288" : 14,
            "1304" : 11,
            "1320" : 12,
            "1336" : 17,
            "1352" : 14,
            "1368" : 10,
            "1384" : 12,
            "1400" : 12,
            "1416" : 9,
            "1432" : 8,
            "1448" : 11,
            "1464" : 12,
            "1480" : 9,
            "1496" : 4,
            "1512" : 3,
            "1528" : 7,
            "1544" : 7,
            "1560" : 3,
            "1576" : 5,
            "1592" : 5,
            "1608" : 3,
            "1624" : 4,
            "1640" : 2,
            "1656" : 4,
            "1672" : 2,
            "1688" : 5,
            "1704" : 1,
            "1736" : 3,
            "1752" : 3,
            "1768" : 1,
            "1784" : 4,
            "1832" : 2,
            "1848" : 2,
            "1864" : 3,
            "1912" : 2,
            "1944" : 1,
            "1960" : 1,
            "1976" : 1,
            "2008" : 1,
            "2040" : 1,
            "2064" : 1,
            "2096" : 2,
            "2160" : 1,
            "2192" : 2,
            "2224" : 1,
            "2320" : 1,
            "2352" : 3,
            "2384" : 1,
            "2416" : 1,
            "2448" : 1,
            "2576" : 1,
            "2640" : 1,
            "2768" : 1,
            "3440" : 1,
            "3568" : 1,
            "3600" : 2,
            "3696" : 1,
            "5664" : 5,
            "5728" : 40,
            "5792" : 87,
            "5856" : 198,
            "5920" : 1817,
            "5984" : 11968,
            "6048" : 32072,
            "6112" : 42790,
            "6176" : 42373,
            "6240" : 45840,
            "6304" : 46392,
            "6368" : 36624,
            "6432" : 23435,
            "6496" : 13085,
            "6560" : 7360,
            "6624" : 4367,
            "6688" : 2776,
            "6752" : 1886,
            "6816" : 1357,
            "6880" : 1140,
            "6944" : 1540,
            "7008" : 2576,
            "7072" : 3323,
            "7136" : 3498,
            "7200" : 3843,
            "7264" : 3413,
            "7328" : 2606,
            "7392" : 1694,
            "7456" : 1037,
            "7520" : 716,
            "7584" : 503,
            "7648" : 380,
            "7712" : 342,
            "7776" : 356,
            "7840" : 381,
            "7904" : 440,
            "7968" : 530,
            "8032" : 571,
            "8096" : 576,
            "8160" : 551,
            "8256" : 1000,
            "8384" : 821,
            "8512" : 740,
            "8640" : 609,
            "8768" : 641,
            "8896" : 596,
            "9024" : 651,
            "9152" : 2798,
            "9280" : 21376,
            "9408" : 70986,
            "9536" : 156136,
            "9664" : 537530,
            "9792" : 1246037,
            "9920" : 1387813,
            "10048" : 794697,
            "10176" : 305321,
            "10304" : 154299,
            "10432" : 209902,
            "10560" : 842163,
            "10688" : 2072211,
            "10816" : 1849584,
            "10944" : 870035,
            "11072" : 348319,
            "11200" : 201723,
            "11328" : 285578,
            "11456" : 659331,
            "11584" : 780006,
            "11712" : 501996,
            "11840" : 246561,
            "11968" : 134908,
            "12096" : 99611,
            "12224" : 90787,
            "12352" : 106760,
            "12480" : 129275,
            "12608" : 116537,
            "12736" : 95654,
            "12864" : 83267,
            "12992" : 75004,
            "13120" : 68664,
            "13248" : 65097,
            "13376" : 63774,
            "13504" : 65294,
            "13632" : 66538,
            "13760" : 64326,
            "13888" : 60803,
            "14016" : 57079,
            "14144" : 53931,
            "14272" : 51124,
            "14400" : 49465,
            "14528" : 48258,
            "14656" : 47000,
            "14784" : 46183,
            "14912" : 44846,
            "15040" : 43117,
            "15168" : 41356,
            "15296" : 39111,
            "15424" : 37303,
            "15552" : 35712,
            "15680" : 35540,
            "15808" : 35655,
            "15936" : 35718,
            "16064" : 36249,
            "16192" : 36069,
            "16320" : 35941,
            "16512" : 69829,
            "16768" : 66181,
            "17024" : 62003,
            "17280" : 57531,
            "17536" : 53417,
            "17792" : 48078,
            "18048" : 45111,
            "18304" : 44725,
            "18560" : 43325,
            "18816" : 39389,
            "19072" : 35839,
            "19328" : 34298,
            "19584" : 32949,
            "19840" : 31038,
            "20096" : 27926,
            "20352" : 25389,
            "20608" : 23401,
            "20864" : 21509,
            "21120" : 20383,
            "21376" : 19067,
            "21632" : 17533,
            "21888" : 16092,
            "22144" : 14621,
            "22400" : 13492,
            "22656" : 12235,
            "22912" : 11244,
            "23168" : 10418,
            "23424" : 9650,
            "23680" : 8822,
            "23936" : 8107,
            "24192" : 7405,
            "24448" : 6759,
            "24704" : 6398,
            "24960" : 5746,
            "25216" : 5381,
            "25472" : 5090,
            "25728" : 4591,
            "25984" : 4267,
            "26240" : 3923,
            "26496" : 3614,
            "26752" : 3454,
            "27008" : 3157,
            "27264" : 2932,
            "27520" : 2690,
            "27776" : 2517,
            "28032" : 2410,
            "28288" : 2164,
            "28544" : 2035,
            "28800" : 1946,
            "29056" : 1799,
            "29312" : 1657,
            "29568" : 1474,
            "29824" : 1401,
            "30080" : 1327,
            "30336" : 1309,
            "30592" : 1204,
            "30848" : 1140,
            "31104" : 1120,
            "31360" : 969,
            "31616" : 957,
            "31872" : 917,
            "32128" : 861,
            "32384" : 830,
            "32640" : 826,
            "33024" : 1484,
            "33536" : 1427,
            "34048" : 1442,
            "34560" : 1380,
            "35072" : 1288,
            "35584" : 1328,
            "36096" : 1252,
            "36608" : 1283,
            "37120" : 1302,
            "37632" : 1252,
            "38144" : 1203,
            "38656" : 1134,
            "39168" : 1168,
            "39680" : 1174,
            "40192" : 1126,
            "40704" : 1054,
            "41216" : 1059,
            "41728" : 1024,
            "42240" : 906,
            "42752" : 808,
            "43264" : 786,
            "43776" : 741,
            "44288" : 670,
            "44800" : 587,
            "45312" : 550,
            "45824" : 504,
            "46336" : 451,
            "46848" : 461,
            "47360" : 442,
            "47872" : 402,
            "48384" : 383,
            "48896" : 356,
            "49408" : 371,
            "49920" : 284,
            "50432" : 339,
            "50944" : 298,
            "51456" : 331,
            "51968" : 336,
            "52480" : 297,
            "52992" : 337,
            "53504" : 258,
            "54016" : 279,
            "54528" : 271,
            "55040" : 234,
            "55552" : 231,
            "56064" : 234,
            "56576" : 199,
            "57088" : 202,
            "57600" : 212,
            "58112" : 161,
            "58624" : 168,
            "59136" : 161,
            "59648" : 154,
            "60160" : 137,
            "60672" : 150,
            "61184" : 135,
            "61696" : 140,
            "62208" : 127,
            "62720" : 117,
            "63232" : 135,
            "63744" : 130,
            "64256" : 118,
            "64768" : 105,
            "65280" : 114,
            "66048" : 219,
            "67072" : 211,
            "68096" : 215,
            "69120" : 196,
            "70144" : 210,
            "71168" : 202,
            "72192" : 179,
            "73216" : 149,
            "74240" : 147,
            "75264" : 136,
            "76288" : 147,
            "77312" : 147,
            "78336" : 162,
            "79360" : 145,
            "80384" : 139,
            "81408" : 126,
            "82432" : 147,
            "83456" : 139,
            "84480" : 112,
            "85504" : 124,
            "86528" : 104,
            "87552" : 118,
            "88576" : 91,
            "89600" : 79,
            "90624" : 85,
            "91648" : 93,
            "92672" : 96,
            "93696" : 78,
            "94720" : 85,
            "95744" : 113,
            "96768" : 126,
            "97792" : 147,
            "98816" : 118,
            "99840" : 107,
            "100864" : 93,
            "101888" : 89,
            "102912" : 93,
            "103936" : 73,
            "104960" : 76,
            "105984" : 89,
            "107008" : 83,
            "108032" : 75,
            "109056" : 75,
            "110080" : 70,
            "111104" : 64,
            "112128" : 70,
            "113152" : 64,
            "114176" : 112,
            "115200" : 81,
            "116224" : 61,
            "117248" : 70,
            "118272" : 63,
            "119296" : 66,
            "120320" : 67,
            "121344" : 43,
            "122368" : 47,
            "123392" : 44,
            "124416" : 31,
            "125440" : 29,
            "126464" : 28,
            "127488" : 18,
            "128512" : 22,
            "129536" : 27,
            "130560" : 18,
            "132096" : 31,
            "134144" : 36,
            "136192" : 38,
            "138240" : 21,
            "140288" : 38,
            "142336" : 34,
            "144384" : 43,
            "146432" : 35,
            "148480" : 44,
            "150528" : 46,
            "152576" : 40,
            "154624" : 42,
            "156672" : 21,
            "158720" : 16,
            "160768" : 27,
            "162816" : 27,
            "164864" : 31,
            "166912" : 23,
            "168960" : 16,
            "171008" : 8,
            "173056" : 12,
            "175104" : 9,
            "177152" : 8,
            "179200" : 11,
            "181248" : 10,
            "183296" : 10,
            "185344" : 7,
            "187392" : 3,
            "189440" : 8,
            "191488" : 6,
            "193536" : 6,
            "195584" : 7,
            "197632" : 4,
            "199680" : 2,
            "201728" : 6,
            "203776" : 4,
            "205824" : 4,
            "207872" : 9,
            "209920" : 9,
            "211968" : 8,
            "214016" : 6,
            "216064" : 3,
            "218112" : 7,
            "220160" : 2,
            "222208" : 9,
            "224256" : 4,
            "226304" : 2,
            "228352" : 6,
            "230400" : 1,
            "232448" : 3,
            "234496" : 5,
            "236544" : 7,
            "240640" : 3,
            "242688" : 3,
            "244736" : 5,
            "246784" : 3,
            "248832" : 3,
            "250880" : 1,
            "252928" : 4,
            "254976" : 7,
            "257024" : 3,
            "259072" : 3,
            "261120" : 2,
            "264192" : 19,
            "268288" : 19,
            "272384" : 12,
            "276480" : 15,
            "280576" : 14,
            "284672" : 15,
            "288768" : 17,
            "292864" : 12,
            "296960" : 11,
            "301056" : 12,
            "305152" : 10,
            "309248" : 13,
            "313344" : 17,
            "317440" : 7,
            "321536" : 15,
            "325632" : 7,
            "329728" : 11,
            "333824" : 12,
            "337920" : 12,
            "342016" : 8,
            "346112" : 9,
            "350208" : 6,
            "354304" : 5,
            "358400" : 6,
            "362496" : 6,
            "366592" : 7,
            "370688" : 2,
            "374784" : 7,
            "378880" : 7,
            "382976" : 5,
            "387072" : 8,
            "391168" : 6,
            "395264" : 9,
            "399360" : 3,
            "403456" : 5,
            "407552" : 4,
            "411648" : 2,
            "415744" : 2,
            "419840" : 5,
            "423936" : 7,
            "428032" : 2,
            "432128" : 3,
            "436224" : 5,
            "440320" : 2,
            "444416" : 11,
            "448512" : 4,
            "452608" : 11,
            "456704" : 6,
            "460800" : 5,
            "464896" : 5,
            "468992" : 6,
            "473088" : 5,
            "481280" : 10,
            "485376" : 4,
            "489472" : 3,
            "493568" : 1,
            "497664" : 2,
            "501760" : 8,
            "505856" : 4,
            "514048" : 2,
            "518144" : 3,
            "522240" : 1,
            "528384" : 12,
            "536576" : 4,
            "544768" : 2,
            "552960" : 3,
            "561152" : 3,
            "569344" : 6,
            "577536" : 3,
            "585728" : 5,
            "593920" : 11,
            "602112" : 14,
            "610304" : 11,
            "618496" : 11,
            "626688" : 15,
            "634880" : 9,
            "643072" : 13,
            "651264" : 14,
            "659456" : 9,
            "667648" : 6,
            "675840" : 17,
            "684032" : 9,
            "692224" : 2,
            "700416" : 5,
            "708608" : 6,
            "716800" : 5,
            "724992" : 10,
            "733184" : 3,
            "741376" : 8,
            "749568" : 8,
            "757760" : 7,
            "765952" : 5,
            "774144" : 10,
            "782336" : 6,
            "790528" : 7,
            "798720" : 7,
            "806912" : 7,
            "815104" : 9,
            "823296" : 17,
            "831488" : 8,
            "839680" : 9,
            "847872" : 12,
            "856064" : 8,
            "864256" : 6,
            "872448" : 4,
            "880640" : 8,
            "888832" : 2,
            "897024" : 6,
            "905216" : 5,
            "913408" : 1,
            "921600" : 3,
            "929792" : 6,
            "937984" : 1,
            "946176" : 5,
            "954368" : 5,
            "962560" : 4,
            "970752" : 5,
            "978944" : 7,
            "987136" : 13,
            "995328" : 12,
            "1003520" : 12,
            "1011712" : 14,
            "1019904" : 15,
            "1028096" : 9,
            "1036288" : 10,
            "1044480" : 9,
            "1056768" : 8,
            "1073152" : 17,
            "1089536" : 7,
            "1105920" : 8,
            "1122304" : 5,
            "1138688" : 8,
            "1155072" : 2,
            "1171456" : 3,
            "1187840" : 1,
            "1204224" : 5,
            "1220608" : 3,
            "1236992" : 2,
            "1269760" : 3,
            "1286144" : 4,
            "1302528" : 2,
            "1318912" : 1,
            "1351680" : 3,
            "1368064" : 1,
            "1384448" : 1,
            "1400832" : 2,
            "1417216" : 2,
            "1433600" : 1,
            "1482752" : 2,
            "1499136" : 1,
            "1515520" : 3,
            "1564672" : 3,
            "1613824" : 2,
            "1630208" : 1,
            "1646592" : 1,
            "1712128" : 3,
            "1728512" : 1,
            "1761280" : 2,
            "1777664" : 1,
            "1794048" : 1,
            "1810432" : 1,
            "1826816" : 2,
            "1875968" : 1,
            "1892352" : 1,
            "1908736" : 1,
            "1925120" : 1,
            "1941504" : 1,
            "1974272" : 1,
            "2007040" : 1,
            "2023424" : 2,
            "2039808" : 1,
            "2056192" : 1,
            "2113536" : 2,
            "2146304" : 4,
            "2179072" : 2,
            "2211840" : 1,
            "2277376" : 2,
            "2310144" : 4,
            "2342912" : 4,
            "2375680" : 4,
            "2408448" : 5,
            "2441216" : 2,
            "2473984" : 1,
            "2506752" : 2,
            "2539520" : 1,
            "2605056" : 1,
            "2736128" : 2,
            "2768896" : 1,
            "2801664" : 1,
            "2965504" : 1,
            "2998272" : 2,
            "3031040" : 3,
            "3063808" : 4,
            "3096576" : 3,
            "3129344" : 3,
            "3162112" : 3,
            "3194880" : 9,
            "3227648" : 7,
            "3293184" : 1,
            "3325952" : 1,
            "3424256" : 1,
            "3457024" : 1,
            "3653632" : 1,
            "3686400" : 3,
            "3719168" : 1,
            "3784704" : 2,
            "3817472" : 1,
            "3850240" : 1,
            "3915776" : 1,
            "4046848" : 1,
            "4112384" : 1,
            "4358144" : 2,
            "4554752" : 1,
            "4685824" : 1,
            "4751360" : 1,
            "4816896" : 1,
            "5079040" : 1,
            "5210112" : 1,
            "7438336" : 1,
            "8028160" : 1,
            "9240576" : 1
          }
        },
        "lat_ns" : {
          "min" : 642,
          "max" : 9210320,
          "mean" : 11662.833884,
          "stddev" : 10738.461840,
          "N" : 17157852,
          "percentile" : {
            "1.000000" : 6304,
            "5.000000" : 9664,
            "10.000000" : 9792,
            "20.000000" : 10048,
            "30.000000" : 10560,
            "40.000000" : 10688,
            "50.000000" : 10816,
            "60.000000" : 10944,
            "70.000000" : 11456,
            "80.000000" : 11840,
            "90.000000" : 14400,
            "95.000000" : 17280,
            "99.000000" : 23424,
            "99.500000" : 26752,
            "99.900000" : 46848,
            "99.950000" : 66048,
            "99.990000" : 150528
          },
          "bins" : {
            "644" : 6,
            "652" : 17,
            "660" : 24,
            "668" : 19,
            "676" : 32,
            "684" : 39,
            "692" : 34,
            "700" : 30,
            "708" : 30,
            "716" : 47,
            "724" : 42,
            "732" : 40,
            "740" : 42,
            "748" : 54,
            "756" : 60,
            "764" : 53,
            "772" : 86,
            "780" : 95,
            "788" : 119,
            "796" : 118,
            "804" : 119,
            "812" : 142,
            "820" : 134,
            "828" : 158,
            "836" : 163,
            "844" : 192,
            "852" : 202,
            "860" : 184,
            "868" : 175,
            "876" : 155,
            "884" : 154,
            "892" : 130,
            "900" : 137,
            "908" : 117,
            "916" : 84,
            "924" : 90,
            "932" : 74,
            "940" : 54,
            "948" : 52,
            "956" : 34,
            "964" : 35,
            "972" : 28,
            "980" : 23,
            "988" : 11,
            "996" : 16,
            "1004" : 16,
            "1012" : 16,
            "1020" : 16,
            "1032" : 17,
            "1048" : 23,
            "1064" : 19,
            "1080" : 16,
            "1096" : 13,
            "1112" : 17,
            "1128" : 13,
            "1144" : 23,
            "1160" : 22,
            "1176" : 16,
            "1192" : 12,
            "1208" : 26,
            "1224" : 13,
            "1240" : 13,
            "1256" : 18,
            "1272" : 19,
            "1288" : 14,
            "1304" : 19,
            "1320" : 17,
            "1336" : 7,
            "1352" : 10,
            "1368" : 14,
            "1384" : 15,
            "1400" : 11,
            "1416" : 5,
            "1432" : 9,
            "1448" : 11,
            "1464" : 13,
            "1480" : 10,
            "1496" : 14,
            "1512" : 12,
            "1528" : 7,
            "1544" : 12,
            "1560" : 9,
            "1576" : 6,
            "1592" : 7,
            "1608" : 5,
            "1624" : 7,
            "1640" : 8,
            "1656" : 2,
            "1672" : 1,
            "1688" : 9,
            "1704" : 4,
            "1720" : 2,
            "1736" : 1,
            "1752" : 4,
            "1768" : 3,
            "1784" : 6,
            "1800" : 2,
            "1816" : 1,
            "1832" : 1,
            "1864" : 4,
            "1880" : 1,
            "1912" : 2,
            "1928" : 1,
            "1944" : 1,
            "1960" : 6,
            "1992" : 1,
            "2008" : 2,
            "2024" : 1,
            "2064" : 1,
            "2096" : 2,
            "2128" : 1,
            "2160" : 2,
            "2192" : 1,
            "2224" : 1,
            "2256" : 1,
            "2288" : 1,
            "2320" : 1,
            "2448" : 2,
            "2480" : 2,
            "2512" : 1,
            "2544" : 1,
            "2576" : 2,
            "2608" : 2,
            "2704" : 2,
            "2832" : 1,
            "3728" : 1,
            "3792" : 1,
            "3920" : 1,
            "3952" : 2,
            "5728" : 8,
            "5792" : 65,
            "5856" : 92,
            "5920" : 406,
            "5984" : 3727,
            "6048" : 17986,
            "6112" : 37367,
            "6176" : 42519,
            "6240" : 42638,
            "6304" : 46746,
            "6368" : 44736,
            "6432" : 32817,
            "6496" : 19440,
            "6560" : 10906,
            "6624" : 6156,
            "6688" : 3777,
            "6752" : 2436,
            "6816" : 1644,
            "6880" : 1307,
            "6944" : 1189,
            "7008" : 1845,
            "7072" : 2910,
            "7136" : 3354,
            "7200" : 3648,
            "7264" : 3763,
            "7328" : 3176,
            "7392" : 2361,
            "7456" : 1437,
            "7520" : 903,
            "7584" : 638,
            "7648" : 451,
            "7712" : 348,
            "7776" : 327,
            "7840" : 322,
            "7904" : 344,
            "7968" : 407,
            "8032" : 491,
            "8096" : 543,
            "8160" : 545,
            "8256" : 1045,
            "8384" : 949,
            "8512" : 781,
            "8640" : 710,
            "8768" : 608,
            "8896" : 652,
            "9024" : 606,
            "9152" : 1276,
            "9280" : 11754,
            "9408" : 51027,
            "9536" : 116622,
            "9664" : 358191,
            "9792" : 1005883,
            "9920" : 1445471,
            "10048" : 1022909,
            "10176" : 433044,
            "10304" : 178584,
            "10432" : 168015,
            "10560" : 513588,
            "10688" : 1716334,
            "10816" : 2099708,
            "10944" : 1179627,
            "11072" : 471167,
            "11200" : 229160,
            "11328" : 224339,
            "11456" : 521963,
            "11584" : 797066,
            "11712" : 608931,
            "11840" : 317370,
            "11968" : 159456,
            "12096" : 106423,
            "12224" : 92133,
            "12352" : 99607,
            "12480" : 125725,
            "12608" : 123818,
            "12736" : 101828,
            "12864" : 86498,
            "12992" : 77502,
            "13120" : 70801,
            "13248" : 66147,
            "13376" : 63702,
            "13504" : 64134,
            "13632" : 65234,
            "13760" : 64891,
            "13888" : 61731,
            "14016" : 58005,
            "14144" : 55040,
            "14272" : 51637,
            "14400" : 49212,
            "14528" : 48012,
            "14656" : 46578,
            "14784" : 45986,
            "14912" : 45275,
            "15040" : 43700,
            "15168" : 42120,
            "15296" : 40275,
            "15424" : 38225,
            "15552" : 36364,
            "15680" : 35134,
            "15808" : 35550,
            "15936" : 35296,
            "16064" : 35692,
            "16192" : 35858,
            "16320" : 35904,
            "16512" : 70192,
            "16768" : 67350,
            "17024" : 63129,
            "17280" : 58820,
            "17536" : 55064,
            "17792" : 49853,
            "18048" : 45692,
            "18304" : 44533,
            "18560" : 44381,
            "18816" : 40818,
            "19072" : 36933,
            "19328" : 34742,
            "19584" : 33300,
            "19840" : 31756,
            "20096" : 28831,
            "20352" : 26289,
            "20608" : 24039,
            "20864" : 22098,
            "21120" : 20646,
            "21376" : 19563,
            "21632" : 18054,
            "21888" : 16766,
            "22144" : 15287,
            "22400" : 13816,
            "22656" : 12822,
            "22912" : 11663,
            "23168" : 10737,
            "23424" : 10131,
            "23680" : 9153,
            "23936" : 8404,
            "24192" : 7749,
            "24448" : 7046,
            "24704" : 6501,
            "24960" : 6077,
            "25216" : 5615,
            "25472" : 5195,
            "25728" : 4762,
            "25984" : 4388,
            "26240" : 4218,
            "26496" : 3752,
            "26752" : 3536,
            "27008" : 3308,
            "27264" : 3012,
            "27520" : 2820,
            "27776" : 2580,
            "28032" : 2522,
            "28288" : 2266,
            "28544" : 2110,
            "28800" : 2008,
            "29056" : 1871,
            "29312" : 1743,
            "29568" : 1519,
            "29824" : 1474,
            "30080" : 1373,
            "30336" : 1319,
            "30592" : 1250,
            "30848" : 1200,
            "31104" : 1107,
            "31360" : 1018,
            "31616" : 956,
            "31872" : 963,
            "32128" : 880,
            "32384" : 829,
            "32640" : 851,
            "33024" : 1506,
            "33536" : 1450,
            "34048" : 1460,
            "34560" : 1394,
            "35072" : 1314,
            "35584" : 1330,
            "36096" : 1276,
            "36608" : 1287,
            "37120" : 1297,
            "37632" : 1243,
            "38144" : 1232,
            "38656" : 1146,
            "39168" : 1185,
            "39680" : 1160,
            "40192" : 1145,
            "40704" : 1065,
            "41216" : 1065,
            "41728" : 1016,
            "42240" : 933,
            "42752" : 812,
            "43264" : 795,
            "43776" : 767,
            "44288" : 674,
            "44800" : 583,
            "45312" : 575,
            "45824" : 504,
            "46336" : 461,
            "46848" : 451,
            "47360" : 460,
            "47872" : 425,
            "48384" : 382,
            "48896" : 372,
            "49408" : 356,
            "49920" : 313,
            "50432" : 328,
            "50944" : 292,
            "51456" : 327,
            "51968" : 355,
            "52480" : 305,
            "52992" : 333,
            "53504" : 273,
            "54016" : 274,
            "54528" : 277,
            "55040" : 226,
            "55552" : 243,
            "56064" : 237,
            "56576" : 200,
            "57088" : 201,
            "57600" : 217,
            "58112" : 170,
            "58624" : 162,
            "59136" : 157,
            "59648" : 160,
            "60160" : 142,
            "60672" : 149,
            "61184" : 139,
            "61696" : 148,
            "62208" : 121,
            "62720" : 124,
            "63232" : 133,
            "63744" : 128,
            "64256" : 123,
            "64768" : 105,
            "65280" : 111,
            "66048" : 224,
            "67072" : 209,
            "68096" : 223,
            "69120" : 205,
            "70144" : 201,
            "71168" : 203,
            "72192" : 173,
            "73216" : 162,
            "74240" : 144,
            "75264" : 135,
            "76288" : 149,
            "77312" : 143,
            "78336" : 171,
            "79360" : 142,
            "80384" : 140,
            "81408" : 129,
            "82432" : 143,
            "83456" : 140,
            "84480" : 118,
            "85504" : 122,
            "86528" : 104,
            "87552" : 117,
            "88576" : 90,
            "89600" : 87,
            "90624" : 83,
            "91648" : 93,
            "92672" : 93,
            "93696" : 81,
            "94720" : 86,
            "95744" : 107,
            "96768" : 129,
            "97792" : 143,
            "98816" : 125,
            "99840" : 112,
            "100864" : 91,
            "101888" : 87,
            "102912" : 95,
            "103936" : 74,
            "104960" : 77,
            "105984" : 87,
            "107008" : 84,
            "108032" : 75,
            "109056" : 79,
            "110080" : 71,
            "111104" : 64,
            "112128" : 67,
            "113152" : 65,
            "114176" : 108,
            "115200" : 84,
            "116224" : 62,
            "117248" : 71,
            "118272" : 63,
            "119296" : 67,
            "120320" : 66,
            "121344" : 46,
            "122368" : 42,
            "123392" : 49,
            "124416" : 29,
            "125440" : 31,
            "126464" : 23,
            "127488" : 22,
            "128512" : 23,
            "129536" : 25,
            "130560" : 21,
            "132096" : 31,
            "134144" : 37,
            "136192" : 39,
            "138240" : 20,
            "140288" : 38,
            "142336" : 35,
            "144384" : 43,
            "146432" : 34,
            "148480" : 44,
            "150528" : 47,
            "152576" : 39,
            "154624" : 41,
            "156672" : 23,
            "158720" : 16,
            "160768" : 25,
            "162816" : 30,
            "164864" : 31,
            "166912" : 22,
            "168960" : 16,
            "171008" : 9,
            "173056" : 12,
            "175104" : 9,
            "177152" : 8,
            "179200" : 11,
            "181248" : 10,
            "183296" : 11,
            "185344" : 6,
            "187392" : 4,
            "189440" : 8,
            "191488" : 6,
            "193536" : 6,
            "195584" : 7,
            "197632" : 4,
            "199680" : 2,
            "201728" : 6,
            "203776" : 3,
            "205824" : 4,
            "207872" : 10,
            "209920" : 9,
            "211968" : 8,
            "214016" : 6,
            "216064" : 4,
            "218112" : 6,
            "220160" : 3,
            "222208" : 9,
            "224256" : 4,
            "226304" : 2,
            "228352" : 6,
            "230400" : 1,
            "232448" : 3,
            "234496" : 5,
            "236544" : 6,
            "238592" : 1,
            "240640" : 2,
            "242688" : 4,
            "244736" : 4,
            "246784" : 4,
            "248832" : 3,
            "250880" : 1,
            "252928" : 4,
            "254976" : 7,
            "257024" : 3,
            "259072" : 3,
            "261120" : 2,
            "264192" : 19,
            "268288" : 18,
            "272384" : 13,
            "276480" : 14,
            "280576" : 14,
            "284672" : 14,
            "288768" : 18,
            "292864" : 11,
            "296960" : 11,
            "301056" : 13,
            "305152" : 10,
            "309248" : 13,
            "313344" : 18,
            "317440" : 7,
            "321536" : 14,
            "325632" : 8,
            "329728" : 11,
            "333824" : 12,
            "337920" : 11,
            "342016" : 9,
            "346112" : 9,
            "350208" : 6,
            "354304" : 5,
            "358400" : 5,
            "362496" : 7,
            "366592" : 6,
            "370688" : 3,
            "374784" : 7,
            "378880" : 7,
            "382976" : 5,
            "387072" : 7,
            "391168" : 7,
            "395264" : 9,
            "399360" : 3,
            "403456" : 5,
            "407552" : 4,
            "411648" : 2,
            "415744" : 2,
            "419840" : 5,
            "423936" : 7,
            "428032" : 2,
            "432128" : 3,
            "436224" : 5,
            "440320" : 2,
            "444416" : 10,
            "448512" : 5,
            "452608" : 11,
            "456704" : 6,
            "460800" : 5,
            "464896" : 5,
            "468992" : 6,
            "473088" : 5,
            "481280" : 10,
            "485376" : 4,
            "489472" : 3,
            "493568" : 1,
            "497664" : 2,
            "501760" : 8,
            "505856" : 4,
            "514048" : 2,
            "518144" : 3,
            "522240" : 1,
            "528384" : 12,
            "536576" : 4,
            "544768" : 2,
            "552960" : 3,
            "561152" : 3,
            "569344" : 6,
            "577536" : 3,
            "585728" : 5,
            "593920" : 11,
            "602112" : 14,
            "610304" : 11,
            "618496" : 11,
            "626688" : 15,
            "634880" : 9,
            "643072" : 13,
            "651264" : 14,
            "659456" : 9,
            "667648" : 6,
            "675840" : 17,
            "684032" : 9,
            "692224" : 2,
            "700416" : 5,
            "708608" : 5,
            "716800" : 6,
            "724992" : 10,
            "733184" : 3,
            "741376" : 8,
            "749568" : 8,
            "757760" : 7,
            "765952" : 5,
            "774144" : 10,
            "782336" : 6,
            "790528" : 7,
            "798720" : 7,
            "806912" : 7,
            "815104" : 9,
            "823296" : 16,
            "831488" : 9,
            "839680" : 9,
            "847872" : 12,
            "856064" : 8,
            "864256" : 6,
            "872448" : 4,
            "880640" : 8,
            "888832" : 2,
            "897024" : 6,
            "905216" : 5,
            "913408" : 1,
            "921600" : 3,
            "929792" : 6,
            "937984" : 1,
            "946176" : 5,
            "954368" : 4,
            "962560" : 5,
            "970752" : 5,
            "978944" : 7,
            "987136" : 13,
            "995328" : 12,
            "1003520" : 12,
            "1011712" : 14,
            "1019904" : 15,
            "1028096" : 9,
            "1036288" : 10,
            "1044480" : 9,
            "1056768" : 8,
            "1073152" : 17,
            "1089536" : 7,
            "1105920" : 8,
            "1122304" : 5,
            "1138688" : 8,
            "1155072" : 2,
            "1171456" : 3,
            "1187840" : 1,
            "1204224" : 5,
            "1220608" : 3,
            "1236992" : 2,
            "1269760" : 3,
            "1286144" : 4,
            "1302528" : 2,
            "1318912" : 1,
            "1351680" : 3,
            "1368064" : 1,
            "1384448" : 1,
            "1400832" : 2,
            "1417216" : 2,
            "1433600" : 1,
            "1482752" : 2,
            "1499136" : 1,
            "1515520" : 3,
            "1564672" : 3,
            "1613824" : 2,
            "1630208" : 1,
            "1646592" : 1,
            "1712128" : 3,
            "1728512" : 1,
            "1761280" : 2,
            "1777664" : 1,
            "1794048" : 1,
            "1810432" : 1,
            "1826816" : 2,
            "1875968" : 1,
            "1892352" : 1,
            "1908736" : 1,
            "1925120" : 1,
            "1941504" : 1,
            "1974272" : 1,
            "2007040" : 1,
            "2023424" : 1,
            "2039808" : 2,
            "2056192" : 1,
            "2113536" : 2,
            "2146304" : 4,
            "2179072" : 2,
            "2211840" : 1,
            "2277376" : 2,
            "2310144" : 4,
            "2342912" : 4,
            "2375680" : 4,
            "2408448" : 4,
            "2441216" : 3,
            "2473984" : 1,
            "2506752" : 2,
            "2539520" : 1,
            "2605056" : 1,
            "2736128" : 2,
            "2768896" : 1,
            "2801664" : 1,
            "2965504" : 1,
            "2998272" : 2,
            "3031040" : 3,
            "3063808" : 4,
            "3096576" : 3,
            "3129344" : 3,
            "3162112" : 3,
            "3194880" : 9,
            "3227648" : 7,
            "3293184" : 1,
            "3325952" : 1,
            "3424256" : 1,
            "3457024" : 1,
            "3653632" : 1,
            "3686400" : 3,
            "3719168" : 1,
            "3784704" : 2,
            "3817472" : 1,
            "3850240" : 1,
            "3915776" : 1,
            "4046848" : 1,
            "4112384" : 1,
            "4358144" : 2,
            "4554752" : 1,
            "4685824" : 1,
            "4751360" : 1,
            "4816896" : 1,
            "5079040" : 1,
            "5210112" : 1,
            "7438336" : 1,
            "8028160" : 1,
            "9240576" : 1
          }
        },
        "bw_min" : 190504,
        "bw_max" : 343872,
        "bw_agg" : 100.000000,
        "bw_mean" : 228862.248748,
        "bw_dev" : 13236.598343,
        "bw_samples" : 599,
        "iops_min" : 47626,
        "iops_max" : 85968,
        "iops_mean" : 57215.557596,
        "iops_stddev" : 3309.133598,
        "iops_samples" : 599
      },
      "write" : {
        "io_bytes" : 70257340416,
        "io_kbytes" : 68610684,
        "bw_bytes" : 234190354,
        "bw" : 228701,
        "iops" : 57175.379415,
        "runtime" : 300001,
        "total_ios" : 17152671,
        "short_ios" : 0,
        "drop_ios" : 0,
        "slat_ns" : {
          "min" : 0,
          "max" : 0,
          "mean" : 0.000000,
          "stddev" : 0.000000,
          "N" : 0
        },
        "clat_ns" : {
          "min" : 1032,
          "max" : 9300335,
          "mean" : 2156.697062,
          "stddev" : 4141.441770,
          "N" : 17152671,
          "percentile" : {
            "1.000000" : 1416,
            "5.000000" : 1448,
            "10.000000" : 1464,
            "20.000000" : 1496,
            "30.000000" : 1528,
            "40.000000" : 1624,
            "50.000000" : 2224,
            "60.000000" : 2256,
            "70.000000" : 2288,
            "80.000000" : 2384,
            "90.000000" : 2896,
            "95.000000" : 3568,
            "99.000000" : 5472,
            "99.500000" : 6176,
            "99.900000" : 11456,
            "99.950000" : 17024,
            "99.990000" : 39680
          },
          "bins" : {
            "1032" : 3,
            "1048" : 10,
            "1064" : 15,
            "1080" : 33,
            "1096" : 52,
            "1112" : 107,
            "1128" : 167,
            "1144" : 222,
            "1160" : 237,
            "1176" : 261,
            "1192" : 229,
            "1208" : 211,
            "1224" : 151,
            "1240" : 119,
            "1256" : 79,
            "1272" : 73,
            "1288" : 45,
            "1304" : 43,
            "1320" : 43,
            "1336" : 78,
            "1352" : 1476,
            "1368" : 9783,
            "1384" : 20754,
            "1400" : 33437,
            "1416" : 166582,
            "1432" : 488954,
            "1448" : 740153,
            "1464" : 848877,
            "1480" : 942541,
            "1496" : 967439,
            "1512" : 799376,
            "1528" : 630485,
            "1544" : 447828,
            "1560" : 294250,
            "1576" : 199576,
            "1592" : 136240,
            "1608" : 103120,
            "1624" : 80839,
            "1640" : 63235,
            "1656" : 53361,
            "1672" : 43121,
            "1688" : 37238,
            "1704" : 31807,
            "1720" : 26231,
            "1736" : 22608,
            "1752" : 18055,
            "1768" : 15414,
            "1784" : 12738,
            "1800" : 10084,
            "1816" : 8648,
            "1832" : 7040,
            "1848" : 6516,
            "1864" : 6210,
            "1880" : 6754,
            "1896" : 9329,
            "1912" : 12255,
            "1928" : 15356,
            "1944" : 17705,
            "1960" : 18226,
            "1976" : 18467,
            "1992" : 17036,
            "2008" : 15823,
            "2024" : 13791,
            "2040" : 11333,
            "2064" : 18584,
            "2096" : 22330,
            "2128" : 68461,
            "2160" : 256139,
            "2192" : 657018,
            "2224" : 1118819,
            "2256" : 1351689,
            "2288" : 1193875,
            "2320" : 881538,
            "2352" : 613405,
            "2384" : 433489,
            "2416" : 319381,
            "2448" : 228300,
            "2480" : 163652,
            "2512" : 121111,
            "2544" : 92420,
            "2576" : 73346,
            "2608" : 59652,
            "2640" : 51284,
            "2672" : 45677,
            "2704" : 41309,
            "2736" : 40163,
            "2768" : 38148,
            "2800" : 38449,
            "2832" : 37448,
            "2864" : 35506,
            "2896" : 33000,
            "2928" : 29869,
            "2960" : 26670,
            "2992" : 26060,
            "3024" : 29747,
            "3056" : 44185,
            "3088" : 65085,
            "3120" : 86160,
            "3152" : 93776,
            "3184" : 85578,
            "3216" : 70483,
            "3248" : 52672,
            "3280" : 39787,
            "3312" : 31378,
            "3344" : 25714,
            "3376" : 22542,
            "3408" : 20053,
            "3440" : 18606,
            "3472" : 18035,
            "3504" : 17689,
            "3536" : 17791,
            "3568" : 17695,
            "3600" : 17870,
            "3632" : 18223,
            "3664" : 18197,
            "3696" : 18838,
            "3728" : 18206,
            "3760" : 18533,
            "3792" : 18317,
            "3824" : 18355,
            "3856" : 18435,
            "3888" : 17884,
            "3920" : 17597,
            "3952" : 17565,
            "3984" : 17093,
            "4016" : 16222,
            "4048" : 15386,
            "4080" : 14864,
            "4128" : 28078,
            "4192" : 26339,
            "4256" : 24189,
            "4320" : 23612,
            "4384" : 22617,
            "4448" : 21853,
            "4512" : 21093,
            "4576" : 20446,
            "4640" : 19864,
            "4704" : 18974,
            "4768" : 18233,
            "4832" : 17452,
            "4896" : 16682,
            "4960" : 15680,
            "5024" : 14809,
            "5088" : 14252,
            "5152" : 13359,
            "5216" : 12705,
            "5280" : 12176,
            "5344" : 11738,
            "5408" : 11375,
            "5472" : 11065,
            "5536" : 10612,
            "5600" : 9980,
            "5664" : 9309,
            "5728" : 8888,
            "5792" : 8456,
            "5856" : 7767,
            "5920" : 7429,
            "5984" : 6723,
            "6048" : 6132,
            "6112" : 5700,
            "6176" : 5140,
            "6240" : 4752,
            "6304" : 4316,
            "6368" : 3923,
            "6432" : 3621,
            "6496" : 3131,
            "6560" : 2849,
            "6624" : 2551,
            "6688" : 2361,
            "6752" : 2128,
            "6816" : 2035,
            "6880" : 1813,
            "6944" : 1622,
            "7008" : 1515,
            "7072" : 1416,
            "7136" : 1375,
            "7200" : 1341,
            "7264" : 1255,
            "7328" : 1178,
            "7392" : 1105,
            "7456" : 1063,
            "7520" : 996,
            "7584" : 906,
            "7648" : 872,
            "7712" : 785,
            "7776" : 766,
            "7840" : 689,
            "7904" : 606,
            "7968" : 669,
            "8032" : 560,
            "8096" : 530,
            "8160" : 472,
            "8256" : 901,
            "8384" : 788,
            "8512" : 742,
            "8640" : 681,
            "8768" : 626,
            "8896" : 543,
            "9024" : 540,
            "9152" : 538,
            "9280" : 496,
            "9408" : 504,
            "9536" : 423,
            "9664" : 426,
            "9792" : 373,
            "9920" : 391,
            "10048" : 347,
            "10176" : 363,
            "10304" : 364,
            "10432" : 356,
            "10560" : 351,
            "10688" : 362,
            "10816" : 367,
            "10944" : 408,
            "11072" : 317,
            "11200" : 351,
            "11328" : 334,
            "11456" : 323,
            "11584" : 318,
            "11712" : 306,
            "11840" : 328,
            "11968" : 291,
            "12096" : 285,
            "12224" : 286,
            "12352" : 273,
            "12480" : 227,
            "12608" : 237,
            "12736" : 217,
            "12864" : 224,
            "12992" : 195,
            "13120" : 163,
            "13248" : 169,
            "13376" : 178,
            "13504" : 155,
            "13632" : 151,
            "13760" : 170,
            "13888" : 156,
            "14016" : 180,
            "14144" : 163,
            "14272" : 174,
            "14400" : 146,
            "14528" : 143,
            "14656" : 145,
            "14784" : 146,
            "14912" : 170,
            "15040" : 184,
            "15168" : 170,
            "15296" : 148,
            "15424" : 178,
            "15552" : 166,
            "15680" : 167,
            "15808" : 175,
            "15936" : 170,
            "16064" : 172,
            "16192" : 165,
            "16320" : 165,
            "16512" : 315,
            "16768" : 307,
            "17024" : 301,
            "17280" : 289,
            "17536" : 242,
            "17792" : 282,
            "18048" : 235,
            "18304" : 194,
            "18560" : 217,
            "18816" : 215,
            "19072" : 182,
            "19328" : 189,
            "19584" : 154,
            "19840" : 133,
            "20096" : 134,
            "20352" : 150,
            "20608" : 133,
            "20864" : 101,
            "21120" : 132,
            "21376" : 113,
            "21632" : 113,
            "21888" : 102,
            "22144" : 77,
            "22400" : 85,
            "22656" : 73,
            "22912" : 81,
            "23168" : 70,
            "23424" : 70,
            "23680" : 64,
            "23936" : 56,
            "24192" : 61,
            "24448" : 64,
            "24704" : 62,
            "24960" : 59,
            "25216" : 61,
            "25472" : 66,
            "25728" : 49,
            "25984" : 48,
            "26240" : 55,
            "26496" : 60,
            "26752" : 64,
            "27008" : 72,
            "27264" : 55,
            "27520" : 75,
            "27776" : 72,
            "28032" : 60,
            "28288" : 78,
            "28544" : 71,
            "28800" : 48,
            "29056" : 57,
            "29312" : 54,
            "29568" : 49,
            "29824" : 51,
            "30080" : 28,
            "30336" : 58,
            "30592" : 59,
            "30848" : 54,
            "31104" : 54,
            "31360" : 45,
            "31616" : 54,
            "31872" : 51,
            "32128" : 49,
            "32384" : 58,
            "32640" : 53,
            "33024" : 109,
            "33536" : 123,
            "34048" : 115,
            "34560" : 101,
            "35072" : 103,
            "35584" : 82,
            "36096" : 55,
            "36608" : 62,
            "37120" : 50,
            "37632" : 42,
            "38144" : 37,
            "38656" : 34,
            "39168" : 42,
            "39680" : 26,
            "40192" : 30,
            "40704" : 28,
            "41216" : 30,
            "41728" : 28,
            "42240" : 31,
            "42752" : 30,
            "43264" : 17,
            "43776" : 41,
            "44288" : 21,
            "44800" : 28,
            "45312" : 29,
            "45824" : 27,
            "46336" : 20,
            "46848" : 31,
            "47360" : 31,
            "47872" : 20,
            "48384" : 25,
            "48896" : 27,
            "49408" : 25,
            "49920" : 23,
            "50432" : 32,
            "50944" : 20,
            "51456" : 22,
            "51968" : 24,
            "52480" : 15,
            "52992" : 16,
            "53504" : 14,
            "54016" : 13,
            "54528" : 14,
            "55040" : 10,
            "55552" : 17,
            "56064" : 17,
            "56576" : 15,
            "57088" : 20,
            "57600" : 24,
            "58112" : 9,
            "58624" : 14,
            "59136" : 14,
            "59648" : 7,
            "60160" : 15,
            "60672" : 9,
            "61184" : 9,
            "61696" : 5,
            "62208" : 12,
            "62720" : 13,
            "63232" : 8,
            "63744" : 6,
            "64256" : 14,
            "64768" : 9,
            "65280" : 6,
            "66048" : 21,
            "67072" : 16,
            "68096" : 14,
            "69120" : 20,
            "70144" : 14,
            "71168" : 19,
            "72192" : 21,
            "73216" : 16,
            "74240" : 9,
            "75264" : 8,
            "76288" : 6,
            "77312" : 17,
            "78336" : 6,
            "79360" : 9,
            "80384" : 17,
            "81408" : 6,
            "82432" : 5,
            "83456" : 5,
            "84480" : 12,
            "85504" : 13,
            "86528" : 12,
            "87552" : 17,
            "88576" : 16,
            "89600" : 19,
            "90624" : 17,
            "91648" : 18,
            "92672" : 13,
            "93696" : 8,
            "94720" : 8,
            "95744" : 6,
            "96768" : 14,
            "97792" : 11,
            "98816" : 12,
            "99840" : 10,
            "100864" : 7,
            "101888" : 8,
            "102912" : 10,
            "103936" : 6,
            "104960" : 9,
            "105984" : 11,
            "107008" : 11,
            "108032" : 7,
            "109056" : 8,
            "110080" : 14,
            "111104" : 5,
            "112128" : 6,
            "113152" : 2,
            "114176" : 6,
            "115200" : 2,
            "116224" : 5,
            "117248" : 3,
            "118272" : 4,
            "119296" : 2,
            "120320" : 6,
            "121344" : 2,
            "122368" : 3,
            "123392" : 2,
            "127488" : 1,
            "128512" : 3,
            "129536" : 2,
            "130560" : 3,
            "132096" : 4,
            "134144" : 3,
            "136192" : 6,
            "138240" : 1,
            "140288" : 1,
            "142336" : 2,
            "144384" : 6,
            "146432" : 4,
            "150528" : 1,
            "152576" : 1,
            "154624" : 2,
            "158720" : 2,
            "160768" : 1,
            "162816" : 1,
            "166912" : 1,
            "168960" : 1,
            "171008" : 1,
            "175104" : 1,
            "183296" : 1,
            "187392" : 1,
            "195584" : 1,
            "205824" : 1,
            "209920" : 1,
            "214016" : 2,
            "242688" : 1,
            "250880" : 1,
            "264192" : 1,
            "268288" : 1,
            "276480" : 3,
            "280576" : 3,
            "284672" : 2,
            "288768" : 2,
            "292864" : 3,
            "296960" : 1,
            "301056" : 1,
            "305152" : 1,
            "309248" : 1,
            "313344" : 1,
            "321536" : 2,
            "329728" : 3,
            "337920" : 2,
            "342016" : 1,
            "366592" : 3,
            "370688" : 1,
            "374784" : 1,
            "378880" : 1,
            "387072" : 1,
            "395264" : 1,
            "399360" : 1,
            "403456" : 2,
            "407552" : 1,
            "411648" : 1,
            "423936" : 2,
            "428032" : 1,
            "432128" : 1,
            "440320" : 1,
            "448512" : 2,
            "452608" : 2,
            "456704" : 1,
            "477184" : 1,
            "489472" : 1,
            "493568" : 1,
            "497664" : 1,
            "505856" : 1,
            "522240" : 1,
            "536576" : 2,
            "552960" : 1,
            "593920" : 1,
            "610304" : 1,
            "618496" : 1,
            "626688" : 2,
            "643072" : 1,
            "651264" : 1,
            "667648" : 1,
            "700416" : 1,
            "716800" : 1,
            "806912" : 1,
            "831488" : 1,
            "839680" : 1,
            "847872" : 1,
            "978944" : 2,
            "987136" : 1,
            "995328" : 1,
            "1011712" : 2,
            "1028096" : 2,
            "1073152" : 1,
            "1318912" : 1,
            "1613824" : 2,
            "1630208" : 1,
            "1662976" : 1,
            "1974272" : 1,
            "2039808" : 2,
            "2113536" : 1,
            "2179072" : 1,
            "2244608" : 1,
            "2277376" : 1,
            "2342912" : 3,
            "2375680" : 1,
            "2441216" : 2,
            "2998272" : 2,
            "3031040" : 1,
            "3096576" : 2,
            "3293184" : 2,
            "3653632" : 1,
            "9240576" : 1
          }
        },
        "lat_ns" : {
          "min" : 1078,
          "max" : 9300389,
          "mean" : 2223.014297,
          "stddev" : 4216.732461,
          "N" : 17152671,
          "percentile" : {
            "1.000000" : 1464,
            "5.000000" : 1496,
            "10.000000" : 1512,
            "20.000000" : 1544,
            "30.000000" : 1576,
            "40.000000" : 1672,
            "50.000000" : 2288,
            "60.000000" : 2320,
            "70.000000" : 2352,
            "80.000000" : 2448,
            "90.000000" : 2960,
            "95.000000" : 3696,
            "99.000000" : 5664,
            "99.500000" : 6368,
            "99.900000" : 11712,
            "99.950000" : 17536,
            "99.990000" : 40704
          },
          "bins" : {
            "1080" : 4,
            "1096" : 8,
            "1112" : 15,
            "1128" : 28,
            "1144" : 54,
            "1160" : 79,
            "1176" : 160,
            "1192" : 201,
            "1208" : 228,
            "1224" : 262,
            "1240" : 227,
            "1256" : 200,
            "1272" : 183,
            "1288" : 126,
            "1304" : 89,
            "1320" : 86,
            "1336" : 53,
            "1352" : 37,
            "1368" : 38,
            "1384" : 115,
            "1400" : 1404,
            "1416" : 7945,
            "1432" : 16214,
            "1448" : 28302,
            "1464" : 116620,
            "1480" : 379272,
            "1496" : 640638,
            "1512" : 761367,
            "1528" : 919958,
            "1544" : 967487,
            "1560" : 843782,
            "1576" : 701289,
            "1592" : 510873,
            "1608" : 362662,
            "1624" : 243087,
            "1640" : 161671,
            "1656" : 120055,
            "1672" : 88653,
            "1688" : 71581,
            "1704" : 58756,
            "1720" : 47445,
            "1736" : 40340,
            "1752" : 33566,
            "1768" : 29227,
            "1784" : 24437,
            "1800" : 20177,
            "1816" : 16782,
            "1832" : 13716,
            "1848" : 11436,
            "1864" : 9524,
            "1880" : 7747,
            "1896" : 6712,
            "1912" : 6106,
            "1928" : 6252,
            "1944" : 7486,
            "1960" : 10095,
            "1976" : 13337,
            "1992" : 15545,
            "2008" : 17756,
            "2024" : 18478,
            "2040" : 17499,
            "2064" : 31767,
            "2096" : 23966,
            "2128" : 17388,
            "2160" : 22239,
            "2192" : 76123,
            "2224" : 283831,
            "2256" : 710425,
            "2288" : 1154145,
            "2320" : 1328457,
            "2352" : 1167747,
            "2384" : 856780,
            "2416" : 595547,
            "2448" : 413618,
            "2480" : 295755,
            "2512" : 215118,
            "2544" : 156729,
            "2576" : 119462,
            "2608" : 91538,
            "2640" : 73345,
            "2672" : 60956,
            "2704" : 51750,
            "2736" : 46184,
            "2768" : 41203,
            "2800" : 39905,
            "2832" : 39279,
            "2864" : 39197,
            "2896" : 39172,
            "2928" : 36778,
            "2960" : 34021,
            "2992" : 31147,
            "3024" : 28120,
            "3056" : 26875,
            "3088" : 30534,
            "3120" : 44938,
            "3152" : 66910,
            "3184" : 87178,
            "3216" : 94413,
            "3248" : 84720,
            "3280" : 68390,
            "3312" : 52136,
            "3344" : 39567,
            "3376" : 31583,
            "3408" : 25508,
            "3440" : 21979,
            "3472" : 19698,
            "3504" : 17827,
            "3536" : 16892,
            "3568" : 16283,
            "3600" : 16112,
            "3632" : 16240,
            "3664" : 16681,
            "3696" : 17131,
            "3728" : 17108,
            "3760" : 17625,
            "3792" : 17692,
            "3824" : 18000,
            "3856" : 17985,
            "3888" : 18004,
            "3920" : 17915,
            "3952" : 17658,
            "3984" : 17322,
            "4016" : 17422,
            "4048" : 17110,
            "4080" : 16809,
            "4128" : 32494,
            "4192" : 29925,
            "4256" : 27335,
            "4320" : 25557,
            "4384" : 23538,
            "4448" : 22492,
            "4512" : 21847,
            "4576" : 21201,
            "4640" : 20535,
            "4704" : 19866,
            "4768" : 19347,
            "4832" : 18724,
            "4896" : 18038,
            "4960" : 17462,
            "5024" : 16629,
            "5088" : 15640,
            "5152" : 15116,
            "5216" : 14168,
            "5280" : 13618,
            "5344" : 12692,
            "5408" : 12170,
            "5472" : 11603,
            "5536" : 11219,
            "5600" : 10873,
            "5664" : 10309,
            "5728" : 9989,
            "5792" : 9528,
            "5856" : 8995,
            "5920" : 8576,
            "5984" : 8051,
            "6048" : 7717,
            "6112" : 7217,
            "6176" : 6678,
            "6240" : 6234,
            "6304" : 5658,
            "6368" : 5240,
            "6432" : 4869,
            "6496" : 4394,
            "6560" : 3940,
            "6624" : 3705,
            "6688" : 3292,
            "6752" : 2886,
            "6816" : 2714,
            "6880" : 2372,
            "6944" : 2256,
            "7008" : 2061,
            "7072" : 1866,
            "7136" : 1697,
            "7200" : 1572,
            "7264" : 1447,
            "7328" : 1392,
            "7392" : 1336,
            "7456" : 1301,
            "7520" : 1186,
            "7584" : 1098,
            "7648" : 1030,
            "7712" : 995,
            "7776" : 969,
            "7840" : 843,
            "7904" : 787,
            "7968" : 772,
            "8032" : 779,
            "8096" : 686,
            "8160" : 604,
            "8256" : 1133,
            "8384" : 969,
            "8512" : 936,
            "8640" : 756,
            "8768" : 751,
            "8896" : 702,
            "9024" : 650,
            "9152" : 616,
            "9280" : 617,
            "9408" : 577,
            "9536" : 546,
            "9664" : 483,
            "9792" : 478,
            "9920" : 456,
            "10048" : 461,
            "10176" : 403,
            "10304" : 415,
            "10432" : 410,
            "10560" : 392,
            "10688" : 425,
            "10816" : 407,
            "10944" : 409,
            "11072" : 372,
            "11200" : 355,
            "11328" : 353,
            "11456" : 352,
            "11584" : 321,
            "11712" : 351,
            "11840" : 318,
            "11968" : 348,
            "12096" : 281,
            "12224" : 305,
            "12352" : 290,
            "12480" : 265,
            "12608" : 223,
            "12736" : 249,
            "12864" : 235,
            "12992" : 221,
            "13120" : 165,
            "13248" : 202,
            "13376" : 164,
            "13504" : 186,
            "13632" : 156,
            "13760" : 172,
            "13888" : 142,
            "14016" : 189,
            "14144" : 166,
            "14272" : 187,
            "14400" : 171,
            "14528" : 159,
            "14656" : 148,
            "14784" : 153,
            "14912" : 162,
            "15040" : 185,
            "15168" : 176,
            "15296" : 179,
            "15424" : 185,
            "15552" : 161,
            "15680" : 161,
            "15808" : 177,
            "15936" : 196,
            "16064" : 154,
            "16192" : 189,
            "16320" : 165,
            "16512" : 346,
            "16768" : 319,
            "17024" : 317,
            "17280" : 289,
            "17536" : 257,
            "17792" : 285,
            "18048" : 248,
            "18304" : 224,
            "18560" : 215,
            "18816" : 224,
            "19072" : 201,
            "19328" : 192,
            "19584" : 165,
            "19840" : 140,
            "20096" : 144,
            "20352" : 156,
            "20608" : 144,
            "20864" : 99,
            "21120" : 133,
            "21376" : 121,
            "21632" : 107,
            "21888" : 110,
            "22144" : 91,
            "22400" : 87,
            "22656" : 81,
            "22912" : 82,
            "23168" : 81,
            "23424" : 60,
            "23680" : 70,
            "23936" : 63,
            "24192" : 63,
            "24448" : 68,
            "24704" : 67,
            "24960" : 56,
            "25216" : 58,
            "25472" : 64,
            "25728" : 63,
            "25984" : 50,
            "26240" : 57,
            "26496" : 57,
            "26752" : 68,
            "27008" : 58,
            "27264" : 68,
            "27520" : 65,
            "27776" : 75,
            "28032" : 74,
            "28288" : 76,
            "28544" : 77,
            "28800" : 61,
            "29056" : 57,
            "29312" : 62,
            "29568" : 51,
            "29824" : 47,
            "30080" : 37,
            "30336" : 41,
            "30592" : 62,
            "30848" : 59,
            "31104" : 59,
            "31360" : 46,
            "31616" : 45,
            "31872" : 70,
            "32128" : 45,
            "32384" : 55,
            "32640" : 56,
            "33024" : 117,
            "33536" : 127,
            "34048" : 121,
            "34560" : 95,
            "35072" : 116,
            "35584" : 87,
            "36096" : 56,
            "36608" : 60,
            "37120" : 56,
            "37632" : 46,
            "38144" : 34,
            "38656" : 38,
            "39168" : 44,
            "39680" : 26,
            "40192" : 31,
            "40704" : 27,
            "41216" : 32,
            "41728" : 27,
            "42240" : 32,
            "42752" : 30,
            "43264" : 19,
            "43776" : 38,
            "44288" : 25,
            "44800" : 31,
            "45312" : 28,
            "45824" : 29,
            "46336" : 19,
            "46848" : 30,
            "47360" : 28,
            "47872" : 26,
            "48384" : 28,
            "48896" : 28,
            "49408" : 24,
            "49920" : 24,
            "50432" : 32,
            "50944" : 23,
            "51456" : 24,
            "51968" : 25,
            "52480" : 14,
            "52992" : 21,
            "53504" : 13,
            "54016" : 11,
            "54528" : 15,
            "55040" : 12,
            "55552" : 15,
            "56064" : 17,
            "56576" : 18,
            "57088" : 19,
            "57600" : 22,
            "58112" : 10,
            "58624" : 15,
            "59136" : 16,
            "59648" : 8,
            "60160" : 12,
            "60672" : 10,
            "61184" : 10,
            "61696" : 6,
            "62208" : 11,
            "62720" : 11,
            "63232" : 9,
            "63744" : 8,
            "64256" : 15,
            "64768" : 11,
            "65280" : 6,
            "66048" : 21,
            "67072" : 15,
            "68096" : 14,
            "69120" : 22,
            "70144" : 12,
            "71168" : 20,
            "72192" : 21,
            "73216" : 17,
            "74240" : 11,
            "75264" : 9,
            "76288" : 6,
            "77312" : 13,
            "78336" : 13,
            "79360" : 7,
            "80384" : 18,
            "81408" : 7,
            "82432" : 4,
            "83456" : 5,
            "84480" : 12,
            "85504" : 12,
            "86528" : 14,
            "87552" : 18,
            "88576" : 18,
            "89600" : 17,
            "90624" : 19,
            "91648" : 17,
            "92672" : 13,
            "93696" : 10,
            "94720" : 8,
            "95744" : 6,
            "96768" : 11,
            "97792" : 13,
            "98816" : 13,
            "99840" : 10,
            "100864" : 7,
            "101888" : 8,
            "102912" : 10,
            "103936" : 6,
            "104960" : 9,
            "105984" : 11,
            "107008" : 9,
            "108032" : 11,
            "109056" : 9,
            "110080" : 14,
            "111104" : 5,
            "112128" : 6,
            "113152" : 1,
            "114176" : 6,
            "115200" : 3,
            "116224" : 5,
            "117248" : 4,
            "118272" : 4,
            "119296" : 3,
            "120320" : 6,
            "121344" : 3,
            "122368" : 3,
            "123392" : 2,
            "125440" : 1,
            "127488" : 1,
            "128512" : 4,
            "129536" : 2,
            "130560" : 2,
            "132096" : 5,
            "134144" : 2,
            "136192" : 7,
            "138240" : 1,
            "140288" : 1,
            "142336" : 2,
            "144384" : 5,
            "146432" : 6,
            "148480" : 1,
            "150528" : 1,
            "152576" : 1,
            "154624" : 2,
            "158720" : 2,
            "160768" : 1,
            "162816" : 1,
            "166912" : 1,
            "168960" : 1,
            "171008" : 1,
            "175104" : 1,
            "183296" : 1,
            "187392" : 1,
            "195584" : 1,
            "205824" : 1,
            "211968" : 1,
            "214016" : 2,
            "242688" : 1,
            "250880" : 1,
            "264192" : 1,
            "268288" : 1,
            "276480" : 3,
            "280576" : 3,
            "284672" : 2,
            "288768" : 2,
            "292864" : 3,
            "296960" : 1,
            "301056" : 1,
            "305152" : 1,
            "309248" : 1,
            "313344" : 1,
            "321536" : 2,
            "329728" : 2,
            "333824" : 1,
            "337920" : 2,
            "342016" : 1,
            "366592" : 3,
            "370688" : 1,
            "374784" : 1,
            "378880" : 1,
            "387072" : 1,
            "395264" : 1,
            "399360" : 1,
            "403456" : 3,
            "407552" : 1,
            "411648" : 1,
            "423936" : 2,
            "428032" : 1,
            "436224" : 1,
            "440320" : 1,
            "448512" : 1,
            "452608" : 3,
            "456704" : 1,
            "468992" : 1,
            "477184" : 1,
            "489472" : 1,
            "493568" : 1,
            "497664" : 1,
            "505856" : 1,
            "522240" : 1,
            "536576" : 2,
            "552960" : 1,
            "593920" : 1,
            "610304" : 1,
            "618496" : 1,
            "626688" : 2,
            "643072" : 1,
            "651264" : 1,
            "667648" : 1,
            "700416" : 1,
            "716800" : 1,
            "806912" : 1,
            "831488" : 1,
            "839680" : 1,
            "847872" : 1,
            "978944" : 2,
            "987136" : 1,
            "995328" : 1,
            "1011712" : 2,
            "1028096" : 2,
            "1073152" : 1,
            "1318912" : 1,
            "1613824" : 2,
            "1630208" : 1,
            "1662976" : 1,
            "1974272" : 1,
            "2039808" : 2,
            "2113536" : 1,
            "2179072" : 1,
            "2244608" : 1,
            "2277376" : 1,
            "2342912" : 3,
            "2375680" : 1,
            "2441216" : 2,
            "2998272" : 2,
            "3031040" : 1,
            "3063808" : 1,
            "3096576" : 2,
            "3293184" : 2,
            "3653632" : 1,
            "9240576" : 1
          }
        },
        "bw_min" : 190424,
        "bw_max" : 341472,
        "bw_agg" : 100.000000,
        "bw_mean" : 228794.612688,
        "bw_dev" : 13243.880713,
        "bw_samples" : 599,
        "iops_min" : 47606,
        "iops_max" : 85368,
        "iops_mean" : 57198.647746,
        "iops_stddev" : 3310.947239,
        "iops_samples" : 599
      },
      "trim" : {
        "io_bytes" : 0,
        "io_kbytes" : 0,
        "bw_bytes" : 0,
        "bw" : 0,
        "iops" : 0.000000,
        "runtime" : 0,
        "total_ios" : 0,
        "short_ios" : 0,
        "drop_ios" : 0,
        "slat_ns" : {
          "min" : 0,
          "max" : 0,
          "mean" : 0.000000,
          "stddev" : 0.000000,
          "N" : 0
        },
        "clat_ns" : {
          "min" : 0,
          "max" : 0,
          "mean" : 0.000000,
          "stddev" : 0.000000,
          "N" : 0
        },
        "lat_ns" : {
          "min" : 0,
          "max" : 0,
          "mean" : 0.000000,
          "stddev" : 0.000000,
          "N" : 0
        },
        "bw_min" : 0,
        "bw_max" : 0,
        "bw_agg" : 0.000000,
        "bw_mean" : 0.000000,
        "bw_dev" : 0.000000,
        "bw_samples" : 0,
        "iops_min" : 0,
        "iops_max" : 0,
        "iops_mean" : 0.000000,
        "iops_stddev" : 0.000000,
        "iops_samples" : 0
      },
      "sync" : {
        "total_ios" : 0,
        "lat_ns" : {
          "min" : 0,
          "max" : 0,
          "mean" : 0.000000,
          "stddev" : 0.000000,
          "N" : 0
        }
      },
      "job_runtime" : 300000,
      "usr_cpu" : 12.185667,
      "sys_cpu" : 60.111667,
      "ctx" : 17204820,
      "majf" : 0,
      "minf" : 20,
      "iodepth_level" : {
        "1" : 100.000000,
        "2" : 0.000000,
        "4" : 0.000000,
        "8" : 0.000000,
        "16" : 0.000000,
        "32" : 0.000000,
        ">=64" : 0.000000
      },
      "iodepth_submit" : {
        "0" : 0.000000,
        "4" : 100.000000,
        "8" : 0.000000,
        "16" : 0.000000,
        "32" : 0.000000,
        "64" : 0.000000,
        ">=64" : 0.000000
      },
      "iodepth_complete" : {
        "0" : 0.000000,
        "4" : 100.000000,
        "8" : 0.000000,
        "16" : 0.000000,
        "32" : 0.000000,
        "64" : 0.000000,
        ">=64" : 0.000000
      },
      "latency_ns" : {
        "2" : 0.000000,
        "4" : 0.000000,
        "10" : 0.000000,
        "20" : 0.000000,
        "50" : 0.000000,
        "100" : 0.000000,
        "250" : 0.000000,
        "500" : 0.000000,
        "750" : 0.010000,
        "1000" : 0.010000
      },
      "latency_us" : {
        "2" : 21.544023,
        "4" : 26.667772,
        "10" : 13.107197,
        "20" : 37.496858,
        "50" : 1.126742,
        "100" : 0.034202,
        "250" : 0.010000,
        "500" : 0.010000,
        "750" : 0.010000,
        "1000" : 0.010000
      },
      "latency_ms" : {
        "2" : 0.010000,
        "4" : 0.010000,
        "10" : 0.010000,
        "20" : 0.000000,
        "50" : 0.000000,
        "100" : 0.000000,
        "250" : 0.000000,
        "500" : 0.000000,
        "750" : 0.000000,
        "1000" : 0.000000,
        "2000" : 0.000000,
        ">=2000" : 0.000000
      },
      "latency_depth" : 1,
      "latency_target" : 0,
      "latency_percentile" : 100.000000,
      "latency_window" : 0
    }
  ],
  "disk_util" : [
    {
      "name" : "loop26",
      "read_ios" : 17147481,
      "write_ios" : 17147141,
      "read_merges" : 0,
      "write_merges" : 0,
      "read_ticks" : 136492,
      "write_ticks" : 470958,
      "in_queue" : 84,
      "util" : 100.000000
    }
  ]
}
