{
  "fio version" : "fio-3.32-36-g5932",
  "timestamp" : 1663476145,
  "timestamp_ms" : 1663476145309,
  "time" : "Sun Sep 18 06:42:25 2022",
  "global options" : {
    "size" : "8K",
    "rw" : "randrw",
    "bs" : "4K",
    "numjobs" : "1",
    "iodepth" : "1",
    "runtime" : "300",
    "end_fsync" : "1",
    "lat_percentiles" : "1",
    "slat_percentiles" : "1",
    "clat_percentiles" : "1"
  },
  "jobs" : [
    {
      "jobname" : "random-rw",
      "groupid" : 0,
      "error" : 0,
      "eta" : 0,
      "elapsed" : 301,
      "job options" : {
        "name" : "random-rw"
      },
      "read" : {
        "io_bytes" : 69351497728,
        "io_kbytes" : 67726072,
        "bw_bytes" : 231170888,
        "bw" : 225752,
        "iops" : 56438.205206,
        "runtime" : 300001,
        "total_ios" : 16931518,
        "short_ios" : 0,
        "drop_ios" : 0,
        "slat_ns" : {
          "min" : 0,
          "max" : 0,
          "mean" : 0.000000,
          "stddev" : 0.000000,
          "N" : 0
        },
        "clat_ns" : {
          "min" : 583,
          "max" : 8273075,
          "mean" : 7412.686304,
          "stddev" : 13532.002114,
          "N" : 16931518,
          "percentile" : {
            "1.000000" : 636,
            "5.000000" : 748,
            "10.000000" : 844,
            "20.000000" : 924,
            "30.000000" : 1080,
            "40.000000" : 4192,
            "50.000000" : 6624,
            "60.000000" : 9792,
            "70.000000" : 10944,
            "80.000000" : 12352,
            "90.000000" : 14656,
            "95.000000" : 17536,
            "99.000000" : 22912,
            "99.500000" : 25984,
            "99.900000" : 60160,
            "99.950000" : 83456,
            "99.990000" : 214016
          },
          "bins" : {
            "580" : 1,
            "588" : 825,
            "596" : 5499,
            "604" : 19552,
            "612" : 37918,
            "620" : 50416,
            "628" : 52631,
            "636" : 55854,
            "644" : 61275,
            "652" : 52821,
            "660" : 43191,
            "668" : 37481,
            "676" : 35986,
            "684" : 41480,
            "692" : 45684,
            "700" : 49778,
            "708" : 51408,
            "716" : 49635,
            "724" : 51361,
            "732" : 49049,
            "740" : 48100,
            "748" : 45153,
            "756" : 41703,
            "764" : 41020,
            "772" : 39037,
            "780" : 39168,
            "788" : 42350,
            "796" : 47924,
            "804" : 63732,
            "812" : 81116,
            "820" : 102586,
            "828" : 121550,
            "836" : 132299,
            "844" : 152290,
            "852" : 159619,
            "860" : 166554,
            "868" : 166971,
            "876" : 160748,
            "884" : 170346,
            "892" : 169866,
            "900" : 172985,
            "908" : 171890,
            "916" : 163248,
            "924" : 169892,
            "932" : 164504,
            "940" : 161587,
            "948" : 154600,
            "956" : 140893,
            "964" : 139286,
            "972" : 127990,
            "980" : 118060,
            "988" : 104464,
            "996" : 87584,
            "1004" : 79171,
            "1012" : 66271,
            "1020" : 55804,
            "1032" : 83288,
            "1048" : 59747,
            "1064" : 43845,
            "1080" : 32496,
            "1096" : 27167,
            "1112" : 22600,
            "1128" : 20812,
            "1144" : 18959,
            "1160" : 17618,
            "1176" : 17473,
            "1192" : 17471,
            "1208" : 18314,
            "1224" : 19210,
            "1240" : 19579,
            "1256" : 21515,
            "1272" : 22109,
            "1288" : 23497,
            "1304" : 24364,
            "1320" : 24169,
            "1336" : 24682,
            "1352" : 24285,
            "1368" : 24723,
            "1384" : 25168,
            "1400" : 24593,
            "1416" : 24912,
            "1432" : 24215,
            "1448" : 24380,
            "1464" : 23872,
            "1480" : 22828,
            "1496" : 22172,
            "1512" : 20907,
            "1528" : 20427,
            "1544" : 19545,
            "1560" : 17923,
            "1576" : 17025,
            "1592" : 15607,
            "1608" : 14969,
            "1624" : 14068,
            "1640" : 12977,
            "1656" : 12522,
            "1672" : 11587,
            "1688" : 11115,
            "1704" : 10591,
            "1720" : 9436,
            "1736" : 9095,
            "1752" : 8519,
            "1768" : 8071,
            "1784" : 7950,
            "1800" : 7305,
            "1816" : 7109,
            "1832" : 6496,
            "1848" : 6418,
            "1864" : 6257,
            "1880" : 5851,
            "1896" : 5646,
            "1912" : 5210,
            "1928" : 5092,
            "1944" : 4808,
            "1960" : 4358,
            "1976" : 4324,
            "1992" : 3893,
            "2008" : 3699,
            "2024" : 3652,
            "2040" : 3381,
            "2064" : 6143,
            "2096" : 5487,
            "2128" : 4704,
            "2160" : 4203,
            "2192" : 3622,
            "2224" : 3133,
            "2256" : 2721,
            "2288" : 2346,
            "2320" : 2113,
            "2352" : 1784,
            "2384" : 1589,
            "2416" : 1326,
            "2448" : 1178,
            "2480" : 988,
            "2512" : 884,
            "2544" : 755,
            "2576" : 662,
            "2608" : 581,
            "2640" : 463,
            "2672" : 452,
            "2704" : 378,
            "2736" : 380,
            "2768" : 346,
            "2800" : 292,
            "2832" : 310,
            "2864" : 269,
            "2896" : 287,
            "2928" : 249,
            "2960" : 265,
            "2992" : 212,
            "3024" : 217,
            "3056" : 192,
            "3088" : 179,
            "3120" : 148,
            "3152" : 167,
            "3184" : 147,
            "3216" : 120,
            "3248" : 120,
            "3280" : 130,
            "3312" : 117,
            "3344" : 110,
            "3376" : 112,
            "3408" : 120,
            "3440" : 110,
            "3472" : 181,
            "3504" : 459,
            "3536" : 1445,
            "3568" : 3640,
            "3600" : 7530,
            "3632" : 12881,
            "3664" : 19214,
            "3696" : 25313,
            "3728" : 29026,
            "3760" : 30960,
            "3792" : 31714,
            "3824" : 31322,
            "3856" : 31618,
            "3888" : 33131,
            "3920" : 36695,
            "3952" : 42323,
            "3984" : 47326,
            "4016" : 51905,
            "4048" : 53021,
            "4080" : 54145,
            "4128" : 116366,
            "4192" : 139694,
            "4256" : 149831,
            "4320" : 130456,
            "4384" : 91696,
            "4448" : 64612,
            "4512" : 57079,
            "4576" : 54592,
            "4640" : 48740,
            "4704" : 41736,
            "4768" : 37440,
            "4832" : 31084,
            "4896" : 23025,
            "4960" : 17812,
            "5024" : 14578,
            "5088" : 15074,
            "5152" : 24186,
            "5216" : 37472,
            "5280" : 43434,
            "5344" : 35514,
            "5408" : 23135,
            "5472" : 13386,
            "5536" : 8602,
            "5600" : 6921,
            "5664" : 6446,
            "5728" : 5979,
            "5792" : 5841,
            "5856" : 6141,
            "5920" : 8187,
            "5984" : 16346,
            "6048" : 38351,
            "6112" : 68144,
            "6176" : 96237,
            "6240" : 104840,
            "6304" : 84878,
            "6368" : 60140,
            "6432" : 47112,
            "6496" : 47390,
            "6560" : 56909,
            "6624" : 69378,
            "6688" : 83272,
            "6752" : 88199,
            "6816" : 74073,
            "6880" : 55656,
            "6944" : 46818,
            "7008" : 51722,
            "7072" : 60474,
            "7136" : 60380,
            "7200" : 48106,
            "7264" : 33011,
            "7328" : 22028,
            "7392" : 15789,
            "7456" : 12068,
            "7520" : 10039,
            "7584" : 8689,
            "7648" : 7896,
            "7712" : 7158,
            "7776" : 6561,
            "7840" : 5981,
            "7904" : 5445,
            "7968" : 5037,
            "8032" : 4641,
            "8096" : 4477,
            "8160" : 4327,
            "8256" : 8729,
            "8384" : 7985,
            "8512" : 6919,
            "8640" : 6426,
            "8768" : 6075,
            "8896" : 6321,
            "9024" : 8728,
            "9152" : 15503,
            "9280" : 45486,
            "9408" : 122040,
            "9536" : 217393,
            "9664" : 286712,
            "9792" : 285948,
            "9920" : 236403,
            "10048" : 166141,
            "10176" : 123759,
            "10304" : 139560,
            "10432" : 174288,
            "10560" : 200554,
            "10688" : 240155,
            "10816" : 277401,
            "10944" : 268337,
            "11072" : 212730,
            "11200" : 176199,
            "11328" : 161457,
            "11456" : 146257,
            "11584" : 137450,
            "11712" : 129500,
            "11840" : 124281,
            "11968" : 126705,
            "12096" : 121873,
            "12224" : 99576,
            "12352" : 76847,
            "12480" : 72426,
            "12608" : 76713,
            "12736" : 80717,
            "12864" : 89315,
            "12992" : 85627,
            "13120" : 81601,
            "13248" : 101619,
            "13376" : 127859,
            "13504" : 125985,
            "13632" : 106368,
            "13760" : 91403,
            "13888" : 82749,
            "14016" : 85346,
            "14144" : 96788,
            "14272" : 102651,
            "14400" : 95972,
            "14528" : 84948,
            "14656" : 72550,
            "14784" : 61506,
            "14912" : 54764,
            "15040" : 50316,
            "15168" : 46199,
            "15296" : 43120,
            "15424" : 40653,
            "15552" : 38370,
            "15680" : 37029,
            "15808" : 35291,
            "15936" : 34142,
            "16064" : 33651,
            "16192" : 33276,
            "16320" : 32489,
            "16512" : 63292,
            "16768" : 59773,
            "17024" : 56670,
            "17280" : 54312,
            "17536" : 52354,
            "17792" : 50316,
            "18048" : 49516,
            "18304" : 48976,
            "18560" : 47490,
            "18816" : 45038,
            "19072" : 42859,
            "19328" : 40986,
            "19584" : 39776,
            "19840" : 36717,
            "20096" : 33650,
            "20352" : 31015,
            "20608" : 28174,
            "20864" : 25178,
            "21120" : 22607,
            "21376" : 20941,
            "21632" : 19545,
            "21888" : 18031,
            "22144" : 16347,
            "22400" : 14842,
            "22656" : 13700,
            "22912" : 12674,
            "23168" : 11868,
            "23424" : 10856,
            "23680" : 9718,
            "23936" : 8660,
            "24192" : 7653,
            "24448" : 6819,
            "24704" : 6316,
            "24960" : 5681,
            "25216" : 5118,
            "25472" : 4700,
            "25728" : 4174,
            "25984" : 3876,
            "26240" : 3427,
            "26496" : 3036,
            "26752" : 2728,
            "27008" : 2550,
            "27264" : 2320,
            "27520" : 2104,
            "27776" : 1959,
            "28032" : 1766,
            "28288" : 1570,
            "28544" : 1512,
            "28800" : 1366,
            "29056" : 1280,
            "29312" : 1235,
            "29568" : 1152,
            "29824" : 1019,
            "30080" : 962,
            "30336" : 907,
            "30592" : 841,
            "30848" : 813,
            "31104" : 765,
            "31360" : 733,
            "31616" : 694,
            "31872" : 690,
            "32128" : 617,
            "32384" : 655,
            "32640" : 647,
            "33024" : 1054,
            "33536" : 1035,
            "34048" : 1017,
            "34560" : 934,
            "35072" : 916,
            "35584" : 906,
            "36096" : 836,
            "36608" : 827,
            "37120" : 843,
            "37632" : 710,
            "38144" : 751,
            "38656" : 718,
            "39168" : 716,
            "39680" : 666,
            "40192" : 659,
            "40704" : 634,
            "41216" : 585,
            "41728" : 643,
            "42240" : 545,
            "42752" : 532,
            "43264" : 539,
            "43776" : 490,
            "44288" : 501,
            "44800" : 509,
            "45312" : 442,
            "45824" : 455,
            "46336" : 455,
            "46848" : 427,
            "47360" : 436,
            "47872" : 465,
            "48384" : 453,
            "48896" : 471,
            "49408" : 399,
            "49920" : 400,
            "50432" : 435,
            "50944" : 423,
            "51456" : 407,
            "51968" : 398,
            "52480" : 379,
            "52992" : 383,
            "53504" : 406,
            "54016" : 384,
            "54528" : 437,
            "55040" : 436,
            "55552" : 354,
            "56064" : 369,
            "56576" : 364,
            "57088" : 355,
            "57600" : 309,
            "58112" : 336,
            "58624" : 302,
            "59136" : 316,
            "59648" : 326,
            "60160" : 287,
            "60672" : 265,
            "61184" : 270,
            "61696" : 268,
            "62208" : 258,
            "62720" : 248,
            "63232" : 203,
            "63744" : 231,
            "64256" : 206,
            "64768" : 203,
            "65280" : 224,
            "66048" : 432,
            "67072" : 397,
            "68096" : 427,
            "69120" : 398,
            "70144" : 396,
            "71168" : 432,
            "72192" : 376,
            "73216" : 362,
            "74240" : 343,
            "75264" : 337,
            "76288" : 365,
            "77312" : 319,
            "78336" : 290,
            "79360" : 269,
            "80384" : 237,
            "81408" : 246,
            "82432" : 234,
            "83456" : 232,
            "84480" : 209,
            "85504" : 195,
            "86528" : 187,
            "87552" : 167,
            "88576" : 146,
            "89600" : 160,
            "90624" : 157,
            "91648" : 159,
            "92672" : 158,
            "93696" : 155,
            "94720" : 139,
            "95744" : 142,
            "96768" : 134,
            "97792" : 142,
            "98816" : 135,
            "99840" : 119,
            "100864" : 109,
            "101888" : 143,
            "102912" : 113,
            "103936" : 124,
            "104960" : 120,
            "105984" : 93,
            "107008" : 111,
            "108032" : 120,
            "109056" : 92,
            "110080" : 97,
            "111104" : 107,
            "112128" : 115,
            "113152" : 94,
            "114176" : 105,
            "115200" : 87,
            "116224" : 95,
            "117248" : 90,
            "118272" : 86,
            "119296" : 91,
            "120320" : 87,
            "121344" : 80,
            "122368" : 72,
            "123392" : 78,
            "124416" : 74,
            "125440" : 76,
            "126464" : 63,
            "127488" : 65,
            "128512" : 54,
            "129536" : 41,
            "130560" : 43,
            "132096" : 93,
            "134144" : 87,
            "136192" : 87,
            "138240" : 77,
            "140288" : 81,
            "142336" : 69,
            "144384" : 71,
            "146432" : 58,
            "148480" : 53,
            "150528" : 35,
            "152576" : 46,
            "154624" : 31,
            "156672" : 29,
            "158720" : 32,
            "160768" : 29,
            "162816" : 31,
            "164864" : 28,
            "166912" : 21,
            "168960" : 24,
            "171008" : 34,
            "173056" : 17,
            "175104" : 19,
            "177152" : 16,
            "179200" : 12,
            "181248" : 13,
            "183296" : 21,
            "185344" : 18,
            "187392" : 16,
            "189440" : 16,
            "191488" : 11,
            "193536" : 15,
            "195584" : 14,
            "197632" : 14,
            "199680" : 11,
            "201728" : 14,
            "203776" : 13,
            "205824" : 13,
            "207872" : 13,
            "209920" : 15,
            "211968" : 15,
            "214016" : 18,
            "216064" : 14,
            "218112" : 7,
            "220160" : 9,
            "222208" : 16,
            "224256" : 15,
            "226304" : 11,
            "228352" : 15,
            "230400" : 8,
            "232448" : 12,
            "234496" : 15,
            "236544" : 12,
            "238592" : 11,
            "240640" : 12,
            "242688" : 14,
            "244736" : 15,
            "246784" : 8,
            "248832" : 14,
            "250880" : 10,
            "252928" : 12,
            "254976" : 9,
            "257024" : 7,
            "259072" : 9,
            "261120" : 4,
            "264192" : 27,
            "268288" : 22,
            "272384" : 21,
            "276480" : 13,
            "280576" : 17,
            "284672" : 4,
            "288768" : 11,
            "292864" : 17,
            "296960" : 6,
            "301056" : 12,
            "305152" : 9,
            "309248" : 12,
            "313344" : 10,
            "317440" : 10,
            "321536" : 12,
            "325632" : 12,
            "329728" : 15,
            "333824" : 11,
            "337920" : 19,
            "342016" : 16,
            "346112" : 18,
            "350208" : 18,
            "354304" : 18,
            "358400" : 23,
            "362496" : 13,
            "366592" : 20,
            "370688" : 11,
            "374784" : 14,
            "378880" : 9,
            "382976" : 10,
            "387072" : 17,
            "391168" : 13,
            "395264" : 6,
            "399360" : 14,
            "403456" : 7,
            "407552" : 6,
            "411648" : 8,
            "415744" : 10,
            "419840" : 12,
            "423936" : 13,
            "428032" : 8,
            "432128" : 10,
            "436224" : 9,
            "440320" : 8,
            "444416" : 12,
            "448512" : 11,
            "452608" : 8,
            "456704" : 16,
            "460800" : 13,
            "464896" : 14,
            "468992" : 13,
            "473088" : 9,
            "477184" : 8,
            "481280" : 11,
            "485376" : 7,
            "489472" : 9,
            "493568" : 6,
            "497664" : 7,
            "501760" : 4,
            "505856" : 8,
            "509952" : 3,
            "514048" : 7,
            "518144" : 2,
            "522240" : 5,
            "528384" : 8,
            "536576" : 12,
            "544768" : 6,
            "552960" : 6,
            "561152" : 7,
            "569344" : 10,
            "577536" : 10,
            "585728" : 19,
            "593920" : 10,
            "602112" : 10,
            "610304" : 14,
            "618496" : 11,
            "626688" : 13,
            "634880" : 11,
            "643072" : 6,
            "651264" : 5,
            "659456" : 2,
            "667648" : 12,
            "675840" : 1,
            "684032" : 5,
            "692224" : 4,
            "700416" : 3,
            "708608" : 4,
            "716800" : 7,
            "724992" : 4,
            "733184" : 4,
            "741376" : 4,
            "749568" : 4,
            "757760" : 5,
            "765952" : 4,
            "774144" : 5,
            "782336" : 7,
            "790528" : 4,
            "798720" : 13,
            "806912" : 10,
            "815104" : 6,
            "823296" : 13,
            "831488" : 6,
            "839680" : 5,
            "847872" : 5,
            "856064" : 7,
            "864256" : 6,
            "872448" : 7,
            "880640" : 2,
            "888832" : 6,
            "897024" : 4,
            "905216" : 2,
            "913408" : 6,
            "921600" : 8,
            "929792" : 3,
            "937984" : 2,
            "946176" : 3,
            "954368" : 2,
            "962560" : 2,
            "970752" : 1,
            "978944" : 3,
            "987136" : 3,
            "995328" : 7,
            "1003520" : 4,
            "1011712" : 3,
            "1019904" : 3,
            "1028096" : 3,
            "1036288" : 4,
            "1044480" : 3,
            "1056768" : 8,
            "1073152" : 5,
            "1089536" : 6,
            "1105920" : 8,
            "1122304" : 5,
            "1138688" : 3,
            "1155072" : 4,
            "1171456" : 5,
            "1187840" : 5,
            "1204224" : 6,
            "1220608" : 4,
            "1236992" : 2,
            "1253376" : 3,
            "1269760" : 5,
            "1286144" : 1,
            "1318912" : 4,
            "1335296" : 2,
            "1351680" : 3,
            "1368064" : 2,
            "1384448" : 1,
            "1400832" : 2,
            "1417216" : 2,
            "1433600" : 2,
            "1449984" : 1,
            "1466368" : 2,
            "1482752" : 1,
            "1515520" : 2,
            "1531904" : 4,
            "1548288" : 2,
            "1564672" : 2,
            "1581056" : 2,
            "1597440" : 2,
            "1613824" : 2,
            "1646592" : 1,
            "1679360" : 2,
            "1728512" : 1,
            "1744896" : 1,
            "1777664" : 2,
            "1794048" : 5,
            "1810432" : 3,
            "1826816" : 3,
            "1843200" : 3,
            "1859584" : 1,
            "1875968" : 3,
            "1892352" : 3,
            "1908736" : 3,
            "1925120" : 2,
            "1941504" : 4,
            "1974272" : 1,
            "1990656" : 1,
            "2007040" : 2,
            "2023424" : 2,
            "2056192" : 2,
            "2072576" : 4,
            "2088960" : 3,
            "2113536" : 5,
            "2146304" : 3,
            "2179072" : 2,
            "2277376" : 2,
            "2310144" : 2,
            "2375680" : 2,
            "2408448" : 2,
            "2441216" : 3,
            "2473984" : 2,
            "2506752" : 4,
            "2539520" : 2,
            "2605056" : 2,
            "2670592" : 1,
            "2703360" : 1,
            "2736128" : 1,
            "2801664" : 1,
            "2834432" : 1,
            "2867200" : 1,
            "2899968" : 3,
            "2965504" : 2,
            "2998272" : 2,
            "3031040" : 3,
            "3063808" : 1,
            "3096576" : 1,
            "3129344" : 4,
            "3162112" : 4,
            "3227648" : 3,
            "3260416" : 1,
            "3293184" : 2,
            "3391488" : 3,
            "3424256" : 5,
            "3457024" : 3,
            "3489792" : 1,
            "3522560" : 2,
            "3555328" : 2,
            "3588096" : 3,
            "3620864" : 2,
            "3686400" : 2,
            "3751936" : 1,
            "3784704" : 1,
            "3883008" : 4,
            "3915776" : 2,
            "3948544" : 3,
            "4014080" : 2,
            "4079616" : 4,
            "4145152" : 1,
            "4177920" : 1,
            "4227072" : 1,
            "4358144" : 2,
            "4423680" : 1,
            "4620288" : 1,
            "4685824" : 1,
            "4882432" : 3,
            "5013504" : 1,
            "5406720" : 1,
            "5996544" : 1,
            "6127616" : 2,
            "6651904" : 1,
            "7045120" : 2,
            "7438336" : 1,
            "8290304" : 1
          }
        },
        "lat_ns" : {
          "min" : 614,
          "max" : 8273122,
          "mean" : 7518.706668,
          "stddev" : 13578.526374,
          "N" : 16931518,
          "percentile" : {
            "1.000000" : 676,
            "5.000000" : 788,
            "10.000000" : 900,
            "20.000000" : 996,
            "30.000000" : 1208,
            "40.000000" : 4320,
            "50.000000" : 6688,
            "60.000000" : 9920,
            "70.000000" : 10944,
            "80.000000" : 12480,
            "90.000000" : 14784,
            "95.000000" : 17792,
            "99.000000" : 23168,
            "99.500000" : 26240,
            "99.900000" : 60672,
            "99.950000" : 83456,
            "99.990000" : 214016
          },
          "bins" : {
            "612" : 3,
            "620" : 689,
            "628" : 4781,
            "636" : 11549,
            "644" : 18160,
            "652" : 25701,
            "660" : 41384,
            "668" : 61857,
            "676" : 70397,
            "684" : 66058,
            "692" : 50681,
            "700" : 40829,
            "708" : 37102,
            "716" : 36689,
            "724" : 42037,
            "732" : 45002,
            "740" : 48460,
            "748" : 49262,
            "756" : 46793,
            "764" : 46547,
            "772" : 42064,
            "780" : 38671,
            "788" : 33655,
            "796" : 30223,
            "804" : 30044,
            "812" : 29649,
            "820" : 30935,
            "828" : 32334,
            "836" : 34162,
            "844" : 42185,
            "852" : 50849,
            "860" : 64110,
            "868" : 77238,
            "876" : 89532,
            "884" : 110901,
            "892" : 125518,
            "900" : 140856,
            "908" : 149898,
            "916" : 147995,
            "924" : 157806,
            "932" : 156444,
            "940" : 155445,
            "948" : 151751,
            "956" : 140640,
            "964" : 143451,
            "972" : 137442,
            "980" : 134921,
            "988" : 129986,
            "996" : 121379,
            "1004" : 125886,
            "1012" : 122966,
            "1020" : 121654,
            "1032" : 229409,
            "1048" : 222981,
            "1064" : 200808,
            "1080" : 164636,
            "1096" : 130649,
            "1112" : 92031,
            "1128" : 65414,
            "1144" : 45764,
            "1160" : 32069,
            "1176" : 25672,
            "1192" : 20969,
            "1208" : 18577,
            "1224" : 16928,
            "1240" : 15501,
            "1256" : 14927,
            "1272" : 14652,
            "1288" : 15235,
            "1304" : 16164,
            "1320" : 16768,
            "1336" : 17862,
            "1352" : 18387,
            "1368" : 19485,
            "1384" : 20167,
            "1400" : 20398,
            "1416" : 21674,
            "1432" : 21703,
            "1448" : 22490,
            "1464" : 22642,
            "1480" : 21929,
            "1496" : 22179,
            "1512" : 21254,
            "1528" : 21701,
            "1544" : 21617,
            "1560" : 20742,
            "1576" : 20693,
            "1592" : 19992,
            "1608" : 19977,
            "1624" : 19449,
            "1640" : 18199,
            "1656" : 17872,
            "1672" : 16809,
            "1688" : 16120,
            "1704" : 15140,
            "1720" : 13945,
            "1736" : 13502,
            "1752" : 12313,
            "1768" : 11999,
            "1784" : 11490,
            "1800" : 10547,
            "1816" : 10226,
            "1832" : 9330,
            "1848" : 9096,
            "1864" : 8609,
            "1880" : 7983,
            "1896" : 7735,
            "1912" : 7025,
            "1928" : 7010,
            "1944" : 6866,
            "1960" : 6335,
            "1976" : 6268,
            "1992" : 5719,
            "2008" : 5788,
            "2024" : 5505,
            "2040" : 5138,
            "2064" : 9723,
            "2096" : 8849,
            "2128" : 7926,
            "2160" : 7144,
            "2192" : 6556,
            "2224" : 5996,
            "2256" : 5266,
            "2288" : 4790,
            "2320" : 4265,
            "2352" : 3744,
            "2384" : 3410,
            "2416" : 3037,
            "2448" : 2566,
            "2480" : 2288,
            "2512" : 2116,
            "2544" : 1907,
            "2576" : 1701,
            "2608" : 1548,
            "2640" : 1314,
            "2672" : 1181,
            "2704" : 1036,
            "2736" : 905,
            "2768" : 801,
            "2800" : 701,
            "2832" : 597,
            "2864" : 578,
            "2896" : 457,
            "2928" : 469,
            "2960" : 371,
            "2992" : 399,
            "3024" : 325,
            "3056" : 331,
            "3088" : 289,
            "3120" : 270,
            "3152" : 254,
            "3184" : 226,
            "3216" : 201,
            "3248" : 209,
            "3280" : 170,
            "3312" : 183,
            "3344" : 143,
            "3376" : 168,
            "3408" : 137,
            "3440" : 149,
            "3472" : 113,
            "3504" : 137,
            "3536" : 171,
            "3568" : 347,
            "3600" : 1036,
            "3632" : 2640,
            "3664" : 5773,
            "3696" : 10835,
            "3728" : 16484,
            "3760" : 22722,
            "3792" : 27302,
            "3824" : 30269,
            "3856" : 31016,
            "3888" : 30691,
            "3920" : 30806,
            "3952" : 33721,
            "3984" : 39112,
            "4016" : 46854,
            "4048" : 52642,
            "4080" : 55009,
            "4128" : 109329,
            "4192" : 112345,
            "4256" : 132536,
            "4320" : 154180,
            "4384" : 141949,
            "4448" : 105495,
            "4512" : 72397,
            "4576" : 58625,
            "4640" : 55911,
            "4704" : 51842,
            "4768" : 48499,
            "4832" : 42816,
            "4896" : 33494,
            "4960" : 24401,
            "5024" : 18398,
            "5088" : 15009,
            "5152" : 15363,
            "5216" : 23356,
            "5280" : 36142,
            "5344" : 42470,
            "5408" : 36348,
            "5472" : 23402,
            "5536" : 13183,
            "5600" : 8577,
            "5664" : 6910,
            "5728" : 6558,
            "5792" : 6222,
            "5856" : 6314,
            "5920" : 6419,
            "5984" : 8365,
            "6048" : 18258,
            "6112" : 42136,
            "6176" : 70698,
            "6240" : 99758,
            "6304" : 102617,
            "6368" : 80467,
            "6432" : 54517,
            "6496" : 41432,
            "6560" : 42637,
            "6624" : 51717,
            "6688" : 65070,
            "6752" : 81789,
            "6816" : 89830,
            "6880" : 81119,
            "6944" : 63058,
            "7008" : 55730,
            "7072" : 60137,
            "7136" : 65075,
            "7200" : 61803,
            "7264" : 47090,
            "7328" : 31971,
            "7392" : 22129,
            "7456" : 16101,
            "7520" : 12762,
            "7584" : 10575,
            "7648" : 9306,
            "7712" : 8468,
            "7776" : 7753,
            "7840" : 7267,
            "7904" : 6513,
            "7968" : 5896,
            "8032" : 5342,
            "8096" : 4873,
            "8160" : 4633,
            "8256" : 9124,
            "8384" : 8789,
            "8512" : 8148,
            "8640" : 7222,
            "8768" : 6481,
            "8896" : 6301,
            "9024" : 7779,
            "9152" : 12236,
            "9280" : 29422,
            "9408" : 88670,
            "9536" : 173679,
            "9664" : 256727,
            "9792" : 289297,
            "9920" : 258126,
            "10048" : 193829,
            "10176" : 135707,
            "10304" : 129599,
            "10432" : 161776,
            "10560" : 185005,
            "10688" : 216020,
            "10816" : 259963,
            "10944" : 277682,
            "11072" : 234956,
            "11200" : 186001,
            "11328" : 165184,
            "11456" : 150214,
            "11584" : 138666,
            "11712" : 132863,
            "11840" : 122592,
            "11968" : 121257,
            "12096" : 123240,
            "12224" : 112231,
            "12352" : 87498,
            "12480" : 71862,
            "12608" : 73613,
            "12736" : 78371,
            "12864" : 86321,
            "12992" : 91976,
            "13120" : 85208,
            "13248" : 87256,
            "13376" : 113194,
            "13504" : 130917,
            "13632" : 120643,
            "13760" : 102751,
            "13888" : 90547,
            "14016" : 86355,
            "14144" : 93715,
            "14272" : 103928,
            "14400" : 102317,
            "14528" : 91639,
            "14656" : 79362,
            "14784" : 67187,
            "14912" : 58301,
            "15040" : 52346,
            "15168" : 47118,
            "15296" : 44156,
            "15424" : 41286,
            "15552" : 38902,
            "15680" : 37419,
            "15808" : 35560,
            "15936" : 34539,
            "16064" : 33220,
            "16192" : 33220,
            "16320" : 32350,
            "16512" : 63204,
            "16768" : 60379,
            "17024" : 56929,
            "17280" : 54397,
            "17536" : 52678,
            "17792" : 50197,
            "18048" : 49046,
            "18304" : 48830,
            "18560" : 47371,
            "18816" : 46080,
            "19072" : 43417,
            "19328" : 41810,
            "19584" : 40401,
            "19840" : 38478,
            "20096" : 35273,
            "20352" : 32570,
            "20608" : 30028,
            "20864" : 27128,
            "21120" : 24103,
            "21376" : 22072,
            "21632" : 20630,
            "21888" : 19365,
            "22144" : 17850,
            "22400" : 15937,
            "22656" : 14793,
            "22912" : 13775,
            "23168" : 12864,
            "23424" : 11790,
            "23680" : 10562,
            "23936" : 9524,
            "24192" : 8468,
            "24448" : 7451,
            "24704" : 6894,
            "24960" : 6252,
            "25216" : 5564,
            "25472" : 5071,
            "25728" : 4700,
            "25984" : 4160,
            "26240" : 3802,
            "26496" : 3390,
            "26752" : 3017,
            "27008" : 2775,
            "27264" : 2541,
            "27520" : 2271,
            "27776" : 2116,
            "28032" : 1942,
            "28288" : 1748,
            "28544" : 1557,
            "28800" : 1467,
            "29056" : 1371,
            "29312" : 1288,
            "29568" : 1193,
            "29824" : 1172,
            "30080" : 1010,
            "30336" : 969,
            "30592" : 878,
            "30848" : 855,
            "31104" : 767,
            "31360" : 795,
            "31616" : 720,
            "31872" : 718,
            "32128" : 659,
            "32384" : 672,
            "32640" : 643,
            "33024" : 1172,
            "33536" : 1035,
            "34048" : 1054,
            "34560" : 947,
            "35072" : 943,
            "35584" : 922,
            "36096" : 834,
            "36608" : 831,
            "37120" : 863,
            "37632" : 757,
            "38144" : 758,
            "38656" : 732,
            "39168" : 721,
            "39680" : 705,
            "40192" : 653,
            "40704" : 642,
            "41216" : 594,
            "41728" : 652,
            "42240" : 542,
            "42752" : 552,
            "43264" : 557,
            "43776" : 517,
            "44288" : 476,
            "44800" : 519,
            "45312" : 466,
            "45824" : 454,
            "46336" : 459,
            "46848" : 457,
            "47360" : 420,
            "47872" : 476,
            "48384" : 454,
            "48896" : 485,
            "49408" : 417,
            "49920" : 390,
            "50432" : 423,
            "50944" : 436,
            "51456" : 426,
            "51968" : 393,
            "52480" : 394,
            "52992" : 390,
            "53504" : 392,
            "54016" : 398,
            "54528" : 431,
            "55040" : 440,
            "55552" : 360,
            "56064" : 368,
            "56576" : 370,
            "57088" : 355,
            "57600" : 326,
            "58112" : 323,
            "58624" : 311,
            "59136" : 324,
            "59648" : 328,
            "60160" : 297,
            "60672" : 259,
            "61184" : 292,
            "61696" : 270,
            "62208" : 270,
            "62720" : 238,
            "63232" : 215,
            "63744" : 231,
            "64256" : 229,
            "64768" : 199,
            "65280" : 212,
            "66048" : 445,
            "67072" : 405,
            "68096" : 418,
            "69120" : 398,
            "70144" : 386,
            "71168" : 446,
            "72192" : 396,
            "73216" : 358,
            "74240" : 346,
            "75264" : 362,
            "76288" : 346,
            "77312" : 336,
            "78336" : 297,
            "79360" : 273,
            "80384" : 234,
            "81408" : 260,
            "82432" : 229,
            "83456" : 243,
            "84480" : 212,
            "85504" : 190,
            "86528" : 192,
            "87552" : 172,
            "88576" : 154,
            "89600" : 152,
            "90624" : 173,
            "91648" : 161,
            "92672" : 159,
            "93696" : 156,
            "94720" : 146,
            "95744" : 148,
            "96768" : 136,
            "97792" : 133,
            "98816" : 139,
            "99840" : 119,
            "100864" : 111,
            "101888" : 151,
            "102912" : 116,
            "103936" : 128,
            "104960" : 115,
            "105984" : 90,
            "107008" : 117,
            "108032" : 122,
            "109056" : 89,
            "110080" : 98,
            "111104" : 110,
            "112128" : 116,
            "113152" : 93,
            "114176" : 110,
            "115200" : 88,
            "116224" : 93,
            "117248" : 94,
            "118272" : 87,
            "119296" : 89,
            "120320" : 91,
            "121344" : 78,
            "122368" : 83,
            "123392" : 70,
            "124416" : 77,
            "125440" : 78,
            "126464" : 58,
            "127488" : 72,
            "128512" : 62,
            "129536" : 38,
            "130560" : 42,
            "132096" : 98,
            "134144" : 87,
            "136192" : 84,
            "138240" : 80,
            "140288" : 78,
            "142336" : 66,
            "144384" : 79,
            "146432" : 60,
            "148480" : 49,
            "150528" : 35,
            "152576" : 53,
            "154624" : 30,
            "156672" : 33,
            "158720" : 31,
            "160768" : 28,
            "162816" : 33,
            "164864" : 26,
            "166912" : 24,
            "168960" : 24,
            "171008" : 34,
            "173056" : 18,
            "175104" : 19,
            "177152" : 17,
            "179200" : 14,
            "181248" : 12,
            "183296" : 22,
            "185344" : 17,
            "187392" : 15,
            "189440" : 17,
            "191488" : 12,
            "193536" : 16,
            "195584" : 14,
            "197632" : 14,
            "199680" : 11,
            "201728" : 13,
            "203776" : 13,
            "205824" : 13,
            "207872" : 13,
            "209920" : 15,
            "211968" : 16,
            "214016" : 17,
            "216064" : 15,
            "218112" : 8,
            "220160" : 10,
            "222208" : 15,
            "224256" : 14,
            "226304" : 13,
            "228352" : 14,
            "230400" : 9,
            "232448" : 10,
            "234496" : 16,
            "236544" : 11,
            "238592" : 13,
            "240640" : 10,
            "242688" : 14,
            "244736" : 16,
            "246784" : 9,
            "248832" : 14,
            "250880" : 10,
            "252928" : 9,
            "254976" : 12,
            "257024" : 7,
            "259072" : 8,
            "261120" : 4,
            "264192" : 27,
            "268288" : 22,
            "272384" : 22,
            "276480" : 13,
            "280576" : 17,
            "284672" : 3,
            "288768" : 12,
            "292864" : 17,
            "296960" : 7,
            "301056" : 11,
            "305152" : 10,
            "309248" : 10,
            "313344" : 13,
            "317440" : 10,
            "321536" : 12,
            "325632" : 13,
            "329728" : 16,
            "333824" : 12,
            "337920" : 19,
            "342016" : 15,
            "346112" : 18,
            "350208" : 18,
            "354304" : 18,
            "358400" : 23,
            "362496" : 14,
            "366592" : 20,
            "370688" : 11,
            "374784" : 15,
            "378880" : 8,
            "382976" : 10,
            "387072" : 18,
            "391168" : 11,
            "395264" : 8,
            "399360" : 13,
            "403456" : 8,
            "407552" : 6,
            "411648" : 9,
            "415744" : 9,
            "419840" : 12,
            "423936" : 13,
            "428032" : 8,
            "432128" : 9,
            "436224" : 10,
            "440320" : 8,
            "444416" : 12,
            "448512" : 11,
            "452608" : 8,
            "456704" : 16,
            "460800" : 13,
            "464896" : 14,
            "468992" : 13,
            "473088" : 9,
            "477184" : 8,
            "481280" : 11,
            "485376" : 6,
            "489472" : 10,
            "493568" : 5,
            "497664" : 7,
            "501760" : 4,
            "505856" : 8,
            "509952" : 3,
            "514048" : 7,
            "518144" : 2,
            "522240" : 5,
            "528384" : 9,
            "536576" : 12,
            "544768" : 6,
            "552960" : 6,
            "561152" : 7,
            "569344" : 11,
            "577536" : 10,
            "585728" : 19,
            "593920" : 10,
            "602112" : 10,
            "610304" : 16,
            "618496" : 11,
            "626688" : 13,
            "634880" : 11,
            "643072" : 6,
            "651264" : 5,
            "659456" : 2,
            "667648" : 12,
            "675840" : 1,
            "684032" : 5,
            "692224" : 4,
            "700416" : 3,
            "708608" : 4,
            "716800" : 7,
            "724992" : 4,
            "733184" : 4,
            "741376" : 4,
            "749568" : 4,
            "757760" : 5,
            "765952" : 5,
            "774144" : 5,
            "782336" : 7,
            "790528" : 4,
            "798720" : 13,
            "806912" : 10,
            "815104" : 6,
            "823296" : 13,
            "831488" : 6,
            "839680" : 4,
            "847872" : 6,
            "856064" : 7,
            "864256" : 6,
            "872448" : 7,
            "880640" : 2,
            "888832" : 6,
            "897024" : 4,
            "905216" : 2,
            "913408" : 6,
            "921600" : 8,
            "929792" : 3,
            "937984" : 2,
            "946176" : 3,
            "954368" : 2,
            "962560" : 2,
            "970752" : 1,
            "978944" : 3,
            "987136" : 3,
            "995328" : 7,
            "1003520" : 4,
            "1011712" : 3,
            "1019904" : 3,
            "1028096" : 3,
            "1036288" : 4,
            "1044480" : 3,
            "1056768" : 7,
            "1073152" : 6,
            "1089536" : 7,
            "1105920" : 8,
            "1122304" : 5,
            "1138688" : 3,
            "1155072" : 4,
            "1171456" : 5,
            "1187840" : 5,
            "1204224" : 6,
            "1220608" : 4,
            "1236992" : 2,
            "1253376" : 3,
            "1269760" : 5,
            "1286144" : 1,
            "1318912" : 4,
            "1335296" : 2,
            "1351680" : 3,
            "1368064" : 2,
            "1384448" : 1,
            "1400832" : 2,
            "1417216" : 2,
            "1433600" : 2,
            "1449984" : 1,
            "1466368" : 2,
            "1482752" : 1,
            "1515520" : 2,
            "1531904" : 4,
            "1548288" : 2,
            "1564672" : 2,
            "1581056" : 2,
            "1597440" : 2,
            "1613824" : 2,
            "1646592" : 1,
            "1679360" : 2,
            "1728512" : 1,
            "1744896" : 1,
            "1761280" : 1,
            "1777664" : 2,
            "1794048" : 6,
            "1810432" : 3,
            "1826816" : 3,
            "1843200" : 3,
            "1859584" : 1,
            "1875968" : 3,
            "1892352" : 3,
            "1908736" : 3,
            "1925120" : 2,
            "1941504" : 4,
            "1974272" : 1,
            "1990656" : 1,
            "2007040" : 2,
            "2023424" : 2,
            "2056192" : 2,
            "2072576" : 4,
            "2088960" : 3,
            "2113536" : 5,
            "2146304" : 3,
            "2179072" : 2,
            "2277376" : 2,
            "2310144" : 2,
            "2375680" : 2,
            "2408448" : 2,
            "2441216" : 3,
            "2473984" : 2,
            "2506752" : 4,
            "2539520" : 2,
            "2605056" : 2,
            "2670592" : 1,
            "2703360" : 1,
            "2736128" : 1,
            "2801664" : 2,
            "2834432" : 1,
            "2867200" : 1,
            "2899968" : 3,
            "2965504" : 2,
            "2998272" : 2,
            "3031040" : 3,
            "3063808" : 1,
            "3096576" : 1,
            "3129344" : 4,
            "3162112" : 4,
            "3227648" : 3,
            "3260416" : 1,
            "3293184" : 2,
            "3391488" : 3,
            "3424256" : 5,
            "3457024" : 3,
            "3489792" : 1,
            "3522560" : 2,
            "3555328" : 2,
            "3588096" : 3,
            "3620864" : 2,
            "3686400" : 2,
            "3751936" : 1,
            "3784704" : 1,
            "3883008" : 4,
            "3915776" : 2,
            "3948544" : 3,
            "4014080" : 2,
            "4079616" : 4,
            "4145152" : 1,
            "4177920" : 1,
            "4227072" : 1,
            "4358144" : 2,
            "4423680" : 1,
            "4620288" : 1,
            "4685824" : 1,
            "4882432" : 3,
            "5013504" : 1,
            "5406720" : 1,
            "5996544" : 1,
            "6127616" : 2,
            "6651904" : 1,
            "7045120" : 2,
            "7438336" : 1,
            "8290304" : 1
          }
        },
        "bw_min" : 138856,
        "bw_max" : 251520,
        "bw_agg" : 100.000000,
        "bw_mean" : 225865.709516,
        "bw_dev" : 16553.157375,
        "bw_samples" : 599,
        "iops_min" : 34714,
        "iops_max" : 62880,
        "iops_mean" : 56466.424040,
        "iops_stddev" : 4138.303735,
        "iops_samples" : 599
      },
      "write" : {
        "io_bytes" : 69327269888,
        "io_kbytes" : 67702412,
        "bw_bytes" : 231090129,
        "bw" : 225673,
        "iops" : 56418.488605,
        "runtime" : 300001,
        "total_ios" : 16925603,
        "short_ios" : 0,
        "drop_ios" : 0,
        "slat_ns" : {
          "min" : 0,
          "max" : 0,
          "mean" : 0.000000,
          "stddev" : 0.000000,
          "N" : 0
        },
        "clat_ns" : {
          "min" : 861,
          "max" : 4461811,
          "mean" : 3144.254851,
          "stddev" : 6261.194271,
          "N" : 16925603,
          "percentile" : {
            "1.000000" : 1032,
            "5.000000" : 1192,
            "10.000000" : 1272,
            "20.000000" : 1496,
            "30.000000" : 1784,
            "40.000000" : 2128,
            "50.000000" : 2416,
            "60.000000" : 2672,
            "70.000000" : 4256,
            "80.000000" : 4896,
            "90.000000" : 5536,
            "95.000000" : 6240,
            "99.000000" : 8896,
            "99.500000" : 9920,
            "99.900000" : 17792,
            "99.950000" : 39680,
            "99.990000" : 91648
          },
          "bins" : {
            "860" : 10,
            "868" : 1054,
            "876" : 5143,
            "884" : 13119,
            "892" : 27455,
            "900" : 34708,
            "908" : 20800,
            "916" : 11209,
            "924" : 8025,
            "932" : 5532,
            "940" : 3931,
            "948" : 2470,
            "956" : 1408,
            "964" : 946,
            "972" : 710,
            "980" : 1037,
            "988" : 2337,
            "996" : 4297,
            "1004" : 7137,
            "1012" : 8297,
            "1020" : 8583,
            "1032" : 19993,
            "1048" : 26347,
            "1064" : 21210,
            "1080" : 17682,
            "1096" : 24327,
            "1112" : 45045,
            "1128" : 75587,
            "1144" : 110773,
            "1160" : 124361,
            "1176" : 139148,
            "1192" : 151220,
            "1208" : 175035,
            "1224" : 197599,
            "1240" : 195400,
            "1256" : 197513,
            "1272" : 192200,
            "1288" : 182419,
            "1304" : 164438,
            "1320" : 149457,
            "1336" : 148122,
            "1352" : 133785,
            "1368" : 118944,
            "1384" : 103549,
            "1400" : 90686,
            "1416" : 86305,
            "1432" : 79063,
            "1448" : 75718,
            "1464" : 73543,
            "1480" : 72826,
            "1496" : 76644,
            "1512" : 72097,
            "1528" : 66888,
            "1544" : 60679,
            "1560" : 60595,
            "1576" : 76671,
            "1592" : 100721,
            "1608" : 131327,
            "1624" : 147776,
            "1640" : 140979,
            "1656" : 125965,
            "1672" : 101108,
            "1688" : 82697,
            "1704" : 73558,
            "1720" : 71771,
            "1736" : 80006,
            "1752" : 85355,
            "1768" : 96426,
            "1784" : 102714,
            "1800" : 102759,
            "1816" : 102653,
            "1832" : 94123,
            "1848" : 87902,
            "1864" : 81502,
            "1880" : 73583,
            "1896" : 71684,
            "1912" : 65871,
            "1928" : 63208,
            "1944" : 58963,
            "1960" : 54988,
            "1976" : 56132,
            "1992" : 56497,
            "2008" : 61971,
            "2024" : 69075,
            "2040" : 74602,
            "2064" : 175966,
            "2096" : 208615,
            "2128" : 223946,
            "2160" : 219270,
            "2192" : 202495,
            "2224" : 184889,
            "2256" : 175158,
            "2288" : 164327,
            "2320" : 153288,
            "2352" : 148604,
            "2384" : 150711,
            "2416" : 173565,
            "2448" : 204742,
            "2480" : 240049,
            "2512" : 267195,
            "2544" : 272622,
            "2576" : 257742,
            "2608" : 215425,
            "2640" : 168602,
            "2672" : 128719,
            "2704" : 96250,
            "2736" : 76028,
            "2768" : 61540,
            "2800" : 53724,
            "2832" : 49474,
            "2864" : 46333,
            "2896" : 44176,
            "2928" : 41652,
            "2960" : 39671,
            "2992" : 37457,
            "3024" : 35042,
            "3056" : 33420,
            "3088" : 31203,
            "3120" : 30512,
            "3152" : 29411,
            "3184" : 27957,
            "3216" : 27173,
            "3248" : 26080,
            "3280" : 25049,
            "3312" : 24575,
            "3344" : 24427,
            "3376" : 24300,
            "3408" : 23606,
            "3440" : 23825,
            "3472" : 24020,
            "3504" : 23706,
            "3536" : 24394,
            "3568" : 24125,
            "3600" : 23645,
            "3632" : 24126,
            "3664" : 24149,
            "3696" : 24149,
            "3728" : 23262,
            "3760" : 23289,
            "3792" : 22977,
            "3824" : 22623,
            "3856" : 23138,
            "3888" : 23174,
            "3920" : 23019,
            "3952" : 23114,
            "3984" : 22510,
            "4016" : 23010,
            "4048" : 23029,
            "4080" : 23322,
            "4128" : 55415,
            "4192" : 77839,
            "4256" : 100108,
            "4320" : 119313,
            "4384" : 138590,
            "4448" : 160171,
            "4512" : 182573,
            "4576" : 199690,
            "4640" : 219589,
            "4704" : 218383,
            "4768" : 199493,
            "4832" : 176512,
            "4896" : 162064,
            "4960" : 170189,
            "5024" : 183183,
            "5088" : 181952,
            "5152" : 169334,
            "5216" : 160308,
            "5280" : 159905,
            "5344" : 158667,
            "5408" : 155434,
            "5472" : 145707,
            "5536" : 133573,
            "5600" : 120425,
            "5664" : 105263,
            "5728" : 93671,
            "5792" : 85025,
            "5856" : 76832,
            "5920" : 73327,
            "5984" : 70643,
            "6048" : 69240,
            "6112" : 65318,
            "6176" : 57781,
            "6240" : 50063,
            "6304" : 40990,
            "6368" : 34716,
            "6432" : 32063,
            "6496" : 29885,
            "6560" : 27883,
            "6624" : 26771,
            "6688" : 26764,
            "6752" : 25656,
            "6816" : 22721,
            "6880" : 19926,
            "6944" : 17038,
            "7008" : 15426,
            "7072" : 14425,
            "7136" : 13748,
            "7200" : 13352,
            "7264" : 12754,
            "7328" : 12352,
            "7392" : 12154,
            "7456" : 11796,
            "7520" : 11494,
            "7584" : 11401,
            "7648" : 11349,
            "7712" : 11498,
            "7776" : 11691,
            "7840" : 11633,
            "7904" : 11521,
            "7968" : 11644,
            "8032" : 11574,
            "8096" : 11296,
            "8160" : 11541,
            "8256" : 22056,
            "8384" : 21171,
            "8512" : 19163,
            "8640" : 16904,
            "8768" : 15039,
            "8896" : 13876,
            "9024" : 12784,
            "9152" : 11991,
            "9280" : 10648,
            "9408" : 9567,
            "9536" : 8619,
            "9664" : 8077,
            "9792" : 7245,
            "9920" : 6500,
            "10048" : 5619,
            "10176" : 4956,
            "10304" : 4426,
            "10432" : 3933,
            "10560" : 3483,
            "10688" : 3117,
            "10816" : 2823,
            "10944" : 2663,
            "11072" : 2279,
            "11200" : 2150,
            "11328" : 1904,
            "11456" : 1781,
            "11584" : 1598,
            "11712" : 1480,
            "11840" : 1369,
            "11968" : 1336,
            "12096" : 1178,
            "12224" : 1096,
            "12352" : 980,
            "12480" : 909,
            "12608" : 881,
            "12736" : 817,
            "12864" : 751,
            "12992" : 709,
            "13120" : 649,
            "13248" : 667,
            "13376" : 638,
            "13504" : 586,
            "13632" : 536,
            "13760" : 537,
            "13888" : 480,
            "14016" : 421,
            "14144" : 465,
            "14272" : 447,
            "14400" : 442,
            "14528" : 396,
            "14656" : 410,
            "14784" : 357,
            "14912" : 379,
            "15040" : 388,
            "15168" : 330,
            "15296" : 292,
            "15424" : 315,
            "15552" : 289,
            "15680" : 266,
            "15808" : 263,
            "15936" : 267,
            "16064" : 249,
            "16192" : 252,
            "16320" : 231,
            "16512" : 457,
            "16768" : 401,
            "17024" : 390,
            "17280" : 361,
            "17536" : 393,
            "17792" : 314,
            "18048" : 307,
            "18304" : 273,
            "18560" : 309,
            "18816" : 245,
            "19072" : 284,
            "19328" : 254,
            "19584" : 249,
            "19840" : 232,
            "20096" : 211,
            "20352" : 210,
            "20608" : 225,
            "20864" : 178,
            "21120" : 196,
            "21376" : 178,
            "21632" : 136,
            "21888" : 150,
            "22144" : 154,
            "22400" : 142,
            "22656" : 133,
            "22912" : 115,
            "23168" : 118,
            "23424" : 110,
            "23680" : 94,
            "23936" : 116,
            "24192" : 99,
            "24448" : 84,
            "24704" : 74,
            "24960" : 90,
            "25216" : 83,
            "25472" : 65,
            "25728" : 74,
            "25984" : 78,
            "26240" : 72,
            "26496" : 81,
            "26752" : 56,
            "27008" : 58,
            "27264" : 72,
            "27520" : 64,
            "27776" : 66,
            "28032" : 55,
            "28288" : 67,
            "28544" : 54,
            "28800" : 82,
            "29056" : 66,
            "29312" : 63,
            "29568" : 53,
            "29824" : 55,
            "30080" : 49,
            "30336" : 50,
            "30592" : 52,
            "30848" : 52,
            "31104" : 62,
            "31360" : 51,
            "31616" : 51,
            "31872" : 56,
            "32128" : 55,
            "32384" : 44,
            "32640" : 42,
            "33024" : 94,
            "33536" : 97,
            "34048" : 112,
            "34560" : 99,
            "35072" : 100,
            "35584" : 95,
            "36096" : 96,
            "36608" : 91,
            "37120" : 103,
            "37632" : 112,
            "38144" : 117,
            "38656" : 121,
            "39168" : 126,
            "39680" : 104,
            "40192" : 107,
            "40704" : 87,
            "41216" : 99,
            "41728" : 120,
            "42240" : 100,
            "42752" : 108,
            "43264" : 109,
            "43776" : 101,
            "44288" : 124,
            "44800" : 108,
            "45312" : 105,
            "45824" : 155,
            "46336" : 131,
            "46848" : 129,
            "47360" : 139,
            "47872" : 130,
            "48384" : 123,
            "48896" : 137,
            "49408" : 132,
            "49920" : 122,
            "50432" : 143,
            "50944" : 114,
            "51456" : 118,
            "51968" : 125,
            "52480" : 89,
            "52992" : 114,
            "53504" : 102,
            "54016" : 103,
            "54528" : 101,
            "55040" : 87,
            "55552" : 85,
            "56064" : 90,
            "56576" : 63,
            "57088" : 84,
            "57600" : 62,
            "58112" : 79,
            "58624" : 68,
            "59136" : 54,
            "59648" : 63,
            "60160" : 63,
            "60672" : 62,
            "61184" : 68,
            "61696" : 72,
            "62208" : 70,
            "62720" : 74,
            "63232" : 65,
            "63744" : 67,
            "64256" : 72,
            "64768" : 59,
            "65280" : 75,
            "66048" : 115,
            "67072" : 108,
            "68096" : 107,
            "69120" : 105,
            "70144" : 101,
            "71168" : 98,
            "72192" : 84,
            "73216" : 75,
            "74240" : 91,
            "75264" : 81,
            "76288" : 65,
            "77312" : 55,
            "78336" : 63,
            "79360" : 54,
            "80384" : 47,
            "81408" : 66,
            "82432" : 64,
            "83456" : 56,
            "84480" : 53,
            "85504" : 57,
            "86528" : 62,
            "87552" : 57,
            "88576" : 35,
            "89600" : 51,
            "90624" : 35,
            "91648" : 48,
            "92672" : 35,
            "93696" : 44,
            "94720" : 33,
            "95744" : 42,
            "96768" : 36,
            "97792" : 39,
            "98816" : 34,
            "99840" : 48,
            "100864" : 43,
            "101888" : 24,
            "102912" : 38,
            "103936" : 41,
            "104960" : 35,
            "105984" : 50,
            "107008" : 39,
            "108032" : 32,
            "109056" : 39,
            "110080" : 29,
            "111104" : 45,
            "112128" : 28,
            "113152" : 25,
            "114176" : 27,
            "115200" : 36,
            "116224" : 23,
            "117248" : 22,
            "118272" : 25,
            "119296" : 15,
            "120320" : 16,
            "121344" : 17,
            "122368" : 14,
            "123392" : 10,
            "124416" : 13,
            "125440" : 20,
            "126464" : 18,
            "127488" : 11,
            "128512" : 9,
            "129536" : 9,
            "130560" : 3,
            "132096" : 11,
            "134144" : 13,
            "136192" : 12,
            "138240" : 9,
            "140288" : 19,
            "142336" : 7,
            "144384" : 12,
            "146432" : 5,
            "148480" : 5,
            "150528" : 4,
            "152576" : 6,
            "154624" : 12,
            "156672" : 5,
            "158720" : 7,
            "160768" : 8,
            "162816" : 7,
            "164864" : 7,
            "166912" : 7,
            "168960" : 9,
            "171008" : 3,
            "173056" : 3,
            "175104" : 3,
            "177152" : 2,
            "179200" : 6,
            "181248" : 5,
            "183296" : 7,
            "185344" : 1,
            "187392" : 3,
            "189440" : 5,
            "191488" : 3,
            "193536" : 6,
            "195584" : 6,
            "197632" : 3,
            "199680" : 7,
            "201728" : 6,
            "203776" : 2,
            "205824" : 3,
            "207872" : 2,
            "209920" : 4,
            "211968" : 4,
            "214016" : 2,
            "216064" : 3,
            "218112" : 2,
            "220160" : 2,
            "222208" : 3,
            "224256" : 3,
            "226304" : 7,
            "228352" : 3,
            "230400" : 5,
            "234496" : 1,
            "238592" : 2,
            "242688" : 2,
            "244736" : 2,
            "246784" : 6,
            "248832" : 4,
            "250880" : 2,
            "252928" : 6,
            "254976" : 1,
            "257024" : 1,
            "259072" : 1,
            "261120" : 1,
            "264192" : 1,
            "268288" : 1,
            "276480" : 2,
            "284672" : 1,
            "288768" : 2,
            "292864" : 2,
            "296960" : 5,
            "301056" : 3,
            "305152" : 2,
            "309248" : 3,
            "317440" : 2,
            "321536" : 5,
            "325632" : 5,
            "329728" : 2,
            "333824" : 2,
            "337920" : 3,
            "342016" : 5,
            "346112" : 3,
            "350208" : 5,
            "354304" : 13,
            "358400" : 3,
            "362496" : 1,
            "366592" : 4,
            "370688" : 5,
            "374784" : 1,
            "378880" : 2,
            "382976" : 1,
            "391168" : 1,
            "395264" : 2,
            "403456" : 2,
            "407552" : 2,
            "411648" : 2,
            "415744" : 1,
            "419840" : 3,
            "423936" : 2,
            "428032" : 3,
            "432128" : 4,
            "436224" : 3,
            "444416" : 2,
            "452608" : 3,
            "456704" : 2,
            "460800" : 4,
            "464896" : 1,
            "473088" : 3,
            "477184" : 5,
            "481280" : 1,
            "485376" : 1,
            "493568" : 2,
            "501760" : 1,
            "505856" : 2,
            "509952" : 3,
            "514048" : 1,
            "522240" : 1,
            "528384" : 1,
            "536576" : 1,
            "544768" : 3,
            "552960" : 1,
            "561152" : 3,
            "569344" : 5,
            "577536" : 5,
            "585728" : 4,
            "602112" : 6,
            "610304" : 1,
            "626688" : 1,
            "634880" : 1,
            "643072" : 3,
            "651264" : 1,
            "659456" : 2,
            "667648" : 1,
            "675840" : 2,
            "684032" : 3,
            "692224" : 1,
            "700416" : 1,
            "708608" : 1,
            "716800" : 1,
            "724992" : 3,
            "733184" : 1,
            "741376" : 1,
            "749568" : 2,
            "757760" : 1,
            "765952" : 2,
            "790528" : 2,
            "798720" : 2,
            "806912" : 4,
            "815104" : 1,
            "823296" : 1,
            "839680" : 1,
            "856064" : 1,
            "872448" : 1,
            "897024" : 2,
            "913408" : 1,
            "937984" : 1,
            "946176" : 1,
            "970752" : 1,
            "978944" : 1,
            "987136" : 1,
            "995328" : 1,
            "1036288" : 1,
            "1044480" : 1,
            "1056768" : 2,
            "1073152" : 1,
            "1105920" : 4,
            "1155072" : 2,
            "1187840" : 1,
            "1204224" : 1,
            "1220608" : 1,
            "1253376" : 1,
            "1269760" : 1,
            "1286144" : 1,
            "1335296" : 1,
            "1400832" : 1,
            "1433600" : 1,
            "1449984" : 2,
            "1482752" : 1,
            "1499136" : 1,
            "1564672" : 1,
            "1581056" : 1,
            "1695744" : 1,
            "1712128" : 1,
            "1777664" : 3,
            "1794048" : 1,
            "1843200" : 1,
            "1859584" : 1,
            "1875968" : 2,
            "1892352" : 2,
            "1990656" : 1,
            "2039808" : 1,
            "2072576" : 1,
            "2113536" : 1,
            "2310144" : 1,
            "2342912" : 1,
            "2408448" : 1,
            "2506752" : 1,
            "2867200" : 1,
            "2932736" : 2,
            "3063808" : 1,
            "3096576" : 3,
            "3162112" : 1,
            "3227648" : 4,
            "3260416" : 1,
            "3293184" : 1,
            "3325952" : 1,
            "3358720" : 2,
            "3391488" : 3,
            "3424256" : 1,
            "3457024" : 1,
            "3489792" : 3,
            "3555328" : 3,
            "3620864" : 2,
            "3784704" : 1,
            "3817472" : 1,
            "4489216" : 1
          }
        },
        "lat_ns" : {
          "min" : 905,
          "max" : 4511010,
          "mean" : 3304.279763,
          "stddev" : 6396.427741,
          "N" : 16925603,
          "percentile" : {
            "1.000000" : 1080,
            "5.000000" : 1256,
            "10.000000" : 1352,
            "20.000000" : 1592,
            "30.000000" : 1896,
            "40.000000" : 2224,
            "50.000000" : 2576,
            "60.000000" : 2864,
            "70.000000" : 4512,
            "80.000000" : 5088,
            "90.000000" : 5728,
            "95.000000" : 6432,
            "99.000000" : 9152,
            "99.500000" : 10304,
            "99.900000" : 18560,
            "99.950000" : 41728,
            "99.990000" : 94720
          },
          "bins" : {
            "908" : 13,
            "916" : 661,
            "924" : 5328,
            "932" : 10616,
            "940" : 12395,
            "948" : 15036,
            "956" : 11536,
            "964" : 9692,
            "972" : 14295,
            "980" : 20216,
            "988" : 15555,
            "996" : 8338,
            "1004" : 5257,
            "1012" : 3284,
            "1020" : 2158,
            "1032" : 3553,
            "1048" : 8105,
            "1064" : 12354,
            "1080" : 14849,
            "1096" : 24965,
            "1112" : 25514,
            "1128" : 20110,
            "1144" : 20095,
            "1160" : 27624,
            "1176" : 43750,
            "1192" : 63260,
            "1208" : 96070,
            "1224" : 115170,
            "1240" : 124194,
            "1256" : 125315,
            "1272" : 122492,
            "1288" : 136849,
            "1304" : 154222,
            "1320" : 166166,
            "1336" : 184912,
            "1352" : 190020,
            "1368" : 192260,
            "1384" : 176541,
            "1400" : 149212,
            "1416" : 133122,
            "1432" : 114789,
            "1448" : 108146,
            "1464" : 97361,
            "1480" : 85281,
            "1496" : 79132,
            "1512" : 72114,
            "1528" : 71820,
            "1544" : 74458,
            "1560" : 78409,
            "1576" : 85567,
            "1592" : 83922,
            "1608" : 82523,
            "1624" : 82210,
            "1640" : 87927,
            "1656" : 107769,
            "1672" : 124586,
            "1688" : 139213,
            "1704" : 137996,
            "1720" : 117547,
            "1736" : 97908,
            "1752" : 73074,
            "1768" : 59341,
            "1784" : 52863,
            "1800" : 52132,
            "1816" : 60337,
            "1832" : 68696,
            "1848" : 82091,
            "1864" : 93024,
            "1880" : 97540,
            "1896" : 102258,
            "1912" : 98541,
            "1928" : 97423,
            "1944" : 93730,
            "1960" : 86012,
            "1976" : 81481,
            "1992" : 71362,
            "2008" : 65127,
            "2024" : 58449,
            "2040" : 52980,
            "2064" : 107842,
            "2096" : 123150,
            "2128" : 144611,
            "2160" : 173380,
            "2192" : 201267,
            "2224" : 210263,
            "2256" : 203604,
            "2288" : 186759,
            "2320" : 178854,
            "2352" : 173332,
            "2384" : 157844,
            "2416" : 139879,
            "2448" : 126620,
            "2480" : 127157,
            "2512" : 139802,
            "2544" : 161588,
            "2576" : 195903,
            "2608" : 230656,
            "2640" : 256287,
            "2672" : 262311,
            "2704" : 239783,
            "2736" : 200795,
            "2768" : 152540,
            "2800" : 114991,
            "2832" : 87031,
            "2864" : 68452,
            "2896" : 58154,
            "2928" : 50749,
            "2960" : 46428,
            "2992" : 44056,
            "3024" : 41868,
            "3056" : 40804,
            "3088" : 38616,
            "3120" : 36498,
            "3152" : 34830,
            "3184" : 32413,
            "3216" : 31423,
            "3248" : 29625,
            "3280" : 27957,
            "3312" : 26965,
            "3344" : 25690,
            "3376" : 25099,
            "3408" : 24134,
            "3440" : 23576,
            "3472" : 23135,
            "3504" : 22847,
            "3536" : 23102,
            "3568" : 22636,
            "3600" : 22857,
            "3632" : 22797,
            "3664" : 22976,
            "3696" : 23179,
            "3728" : 22798,
            "3760" : 22729,
            "3792" : 22642,
            "3824" : 22110,
            "3856" : 22118,
            "3888" : 21701,
            "3920" : 21300,
            "3952" : 21136,
            "3984" : 21051,
            "4016" : 21171,
            "4048" : 21554,
            "4080" : 21837,
            "4128" : 44015,
            "4192" : 48748,
            "4256" : 64310,
            "4320" : 92778,
            "4384" : 115410,
            "4448" : 131604,
            "4512" : 152780,
            "4576" : 179095,
            "4640" : 206413,
            "4704" : 216569,
            "4768" : 222368,
            "4832" : 211026,
            "4896" : 183057,
            "4960" : 162776,
            "5024" : 160710,
            "5088" : 180523,
            "5152" : 200864,
            "5216" : 195452,
            "5280" : 180760,
            "5344" : 170725,
            "5408" : 166870,
            "5472" : 162788,
            "5536" : 153292,
            "5600" : 146032,
            "5664" : 135226,
            "5728" : 120467,
            "5792" : 106736,
            "5856" : 96230,
            "5920" : 88531,
            "5984" : 82684,
            "6048" : 78779,
            "6112" : 76737,
            "6176" : 71401,
            "6240" : 64771,
            "6304" : 55666,
            "6368" : 47270,
            "6432" : 40926,
            "6496" : 35286,
            "6560" : 32677,
            "6624" : 29238,
            "6688" : 27052,
            "6752" : 26274,
            "6816" : 26251,
            "6880" : 26056,
            "6944" : 24150,
            "7008" : 21098,
            "7072" : 18506,
            "7136" : 16391,
            "7200" : 15193,
            "7264" : 14343,
            "7328" : 14198,
            "7392" : 13583,
            "7456" : 13428,
            "7520" : 13153,
            "7584" : 13129,
            "7648" : 12848,
            "7712" : 12819,
            "7776" : 12727,
            "7840" : 12868,
            "7904" : 12763,
            "7968" : 12910,
            "8032" : 13041,
            "8096" : 12759,
            "8160" : 12856,
            "8256" : 25298,
            "8384" : 24994,
            "8512" : 23335,
            "8640" : 21043,
            "8768" : 19225,
            "8896" : 17102,
            "9024" : 15789,
            "9152" : 14776,
            "9280" : 13665,
            "9408" : 12204,
            "9536" : 10774,
            "9664" : 10191,
            "9792" : 9139,
            "9920" : 8410,
            "10048" : 7584,
            "10176" : 6652,
            "10304" : 5795,
            "10432" : 5254,
            "10560" : 4667,
            "10688" : 4153,
            "10816" : 3639,
            "10944" : 3398,
            "11072" : 3035,
            "11200" : 2708,
            "11328" : 2391,
            "11456" : 2229,
            "11584" : 2073,
            "11712" : 1861,
            "11840" : 1731,
            "11968" : 1559,
            "12096" : 1530,
            "12224" : 1415,
            "12352" : 1289,
            "12480" : 1107,
            "12608" : 1078,
            "12736" : 966,
            "12864" : 937,
            "12992" : 833,
            "13120" : 812,
            "13248" : 760,
            "13376" : 699,
            "13504" : 711,
            "13632" : 649,
            "13760" : 583,
            "13888" : 617,
            "14016" : 508,
            "14144" : 510,
            "14272" : 463,
            "14400" : 497,
            "14528" : 452,
            "14656" : 452,
            "14784" : 406,
            "14912" : 399,
            "15040" : 412,
            "15168" : 403,
            "15296" : 351,
            "15424" : 330,
            "15552" : 347,
            "15680" : 295,
            "15808" : 282,
            "15936" : 302,
            "16064" : 279,
            "16192" : 242,
            "16320" : 278,
            "16512" : 497,
            "16768" : 464,
            "17024" : 415,
            "17280" : 392,
            "17536" : 398,
            "17792" : 360,
            "18048" : 354,
            "18304" : 293,
            "18560" : 307,
            "18816" : 326,
            "19072" : 265,
            "19328" : 260,
            "19584" : 280,
            "19840" : 258,
            "20096" : 237,
            "20352" : 233,
            "20608" : 237,
            "20864" : 197,
            "21120" : 202,
            "21376" : 188,
            "21632" : 177,
            "21888" : 151,
            "22144" : 149,
            "22400" : 168,
            "22656" : 142,
            "22912" : 142,
            "23168" : 121,
            "23424" : 115,
            "23680" : 103,
            "23936" : 115,
            "24192" : 105,
            "24448" : 111,
            "24704" : 91,
            "24960" : 74,
            "25216" : 98,
            "25472" : 78,
            "25728" : 80,
            "25984" : 82,
            "26240" : 76,
            "26496" : 73,
            "26752" : 76,
            "27008" : 62,
            "27264" : 68,
            "27520" : 77,
            "27776" : 65,
            "28032" : 66,
            "28288" : 63,
            "28544" : 55,
            "28800" : 67,
            "29056" : 85,
            "29312" : 63,
            "29568" : 64,
            "29824" : 62,
            "30080" : 52,
            "30336" : 49,
            "30592" : 67,
            "30848" : 55,
            "31104" : 58,
            "31360" : 60,
            "31616" : 54,
            "31872" : 49,
            "32128" : 68,
            "32384" : 52,
            "32640" : 47,
            "33024" : 99,
            "33536" : 103,
            "34048" : 119,
            "34560" : 99,
            "35072" : 105,
            "35584" : 109,
            "36096" : 93,
            "36608" : 107,
            "37120" : 111,
            "37632" : 116,
            "38144" : 119,
            "38656" : 124,
            "39168" : 126,
            "39680" : 111,
            "40192" : 111,
            "40704" : 96,
            "41216" : 104,
            "41728" : 112,
            "42240" : 109,
            "42752" : 116,
            "43264" : 120,
            "43776" : 100,
            "44288" : 122,
            "44800" : 114,
            "45312" : 118,
            "45824" : 150,
            "46336" : 142,
            "46848" : 129,
            "47360" : 151,
            "47872" : 131,
            "48384" : 140,
            "48896" : 125,
            "49408" : 144,
            "49920" : 124,
            "50432" : 129,
            "50944" : 138,
            "51456" : 132,
            "51968" : 120,
            "52480" : 98,
            "52992" : 111,
            "53504" : 113,
            "54016" : 105,
            "54528" : 98,
            "55040" : 99,
            "55552" : 91,
            "56064" : 94,
            "56576" : 77,
            "57088" : 73,
            "57600" : 69,
            "58112" : 81,
            "58624" : 66,
            "59136" : 59,
            "59648" : 69,
            "60160" : 57,
            "60672" : 70,
            "61184" : 71,
            "61696" : 66,
            "62208" : 79,
            "62720" : 65,
            "63232" : 83,
            "63744" : 68,
            "64256" : 85,
            "64768" : 61,
            "65280" : 75,
            "66048" : 120,
            "67072" : 105,
            "68096" : 124,
            "69120" : 108,
            "70144" : 104,
            "71168" : 100,
            "72192" : 94,
            "73216" : 85,
            "74240" : 90,
            "75264" : 89,
            "76288" : 68,
            "77312" : 63,
            "78336" : 58,
            "79360" : 64,
            "80384" : 49,
            "81408" : 67,
            "82432" : 62,
            "83456" : 68,
            "84480" : 60,
            "85504" : 60,
            "86528" : 63,
            "87552" : 60,
            "88576" : 41,
            "89600" : 49,
            "90624" : 49,
            "91648" : 50,
            "92672" : 36,
            "93696" : 46,
            "94720" : 37,
            "95744" : 43,
            "96768" : 35,
            "97792" : 41,
            "98816" : 35,
            "99840" : 49,
            "100864" : 52,
            "101888" : 26,
            "102912" : 40,
            "103936" : 43,
            "104960" : 41,
            "105984" : 45,
            "107008" : 50,
            "108032" : 32,
            "109056" : 40,
            "110080" : 38,
            "111104" : 46,
            "112128" : 35,
            "113152" : 31,
            "114176" : 28,
            "115200" : 38,
            "116224" : 27,
            "117248" : 27,
            "118272" : 27,
            "119296" : 13,
            "120320" : 22,
            "121344" : 14,
            "122368" : 18,
            "123392" : 12,
            "124416" : 14,
            "125440" : 19,
            "126464" : 19,
            "127488" : 14,
            "128512" : 12,
            "129536" : 7,
            "130560" : 5,
            "132096" : 10,
            "134144" : 15,
            "136192" : 11,
            "138240" : 11,
            "140288" : 20,
            "142336" : 8,
            "144384" : 12,
            "146432" : 6,
            "148480" : 5,
            "150528" : 7,
            "152576" : 5,
            "154624" : 12,
            "156672" : 6,
            "158720" : 8,
            "160768" : 7,
            "162816" : 8,
            "164864" : 6,
            "166912" : 9,
            "168960" : 9,
            "171008" : 3,
            "173056" : 2,
            "175104" : 3,
            "177152" : 2,
            "179200" : 5,
            "181248" : 6,
            "183296" : 8,
            "185344" : 3,
            "187392" : 3,
            "189440" : 6,
            "191488" : 3,
            "193536" : 7,
            "195584" : 5,
            "197632" : 4,
            "199680" : 6,
            "201728" : 7,
            "203776" : 3,
            "205824" : 3,
            "207872" : 2,
            "209920" : 6,
            "211968" : 4,
            "214016" : 2,
            "216064" : 3,
            "218112" : 2,
            "220160" : 2,
            "222208" : 3,
            "224256" : 4,
            "226304" : 7,
            "228352" : 3,
            "230400" : 5,
            "232448" : 1,
            "234496" : 1,
            "238592" : 1,
            "240640" : 1,
            "242688" : 2,
            "244736" : 2,
            "246784" : 6,
            "248832" : 3,
            "250880" : 2,
            "252928" : 8,
            "254976" : 1,
            "259072" : 2,
            "261120" : 1,
            "264192" : 1,
            "268288" : 1,
            "276480" : 2,
            "284672" : 1,
            "288768" : 2,
            "292864" : 2,
            "296960" : 5,
            "301056" : 3,
            "305152" : 1,
            "309248" : 4,
            "317440" : 2,
            "321536" : 5,
            "325632" : 5,
            "329728" : 3,
            "333824" : 2,
            "337920" : 2,
            "342016" : 7,
            "346112" : 4,
            "350208" : 5,
            "354304" : 14,
            "358400" : 2,
            "362496" : 3,
            "366592" : 4,
            "370688" : 4,
            "374784" : 3,
            "378880" : 2,
            "382976" : 1,
            "391168" : 1,
            "395264" : 2,
            "403456" : 2,
            "407552" : 2,
            "411648" : 2,
            "415744" : 1,
            "419840" : 3,
            "423936" : 2,
            "428032" : 3,
            "432128" : 4,
            "436224" : 2,
            "440320" : 1,
            "444416" : 2,
            "452608" : 3,
            "456704" : 2,
            "460800" : 4,
            "464896" : 1,
            "473088" : 4,
            "477184" : 5,
            "481280" : 1,
            "485376" : 1,
            "493568" : 2,
            "501760" : 1,
            "505856" : 2,
            "509952" : 2,
            "514048" : 1,
            "522240" : 2,
            "528384" : 1,
            "536576" : 1,
            "544768" : 3,
            "552960" : 1,
            "561152" : 3,
            "569344" : 5,
            "577536" : 5,
            "585728" : 4,
            "593920" : 1,
            "602112" : 6,
            "610304" : 1,
            "626688" : 1,
            "634880" : 1,
            "643072" : 2,
            "651264" : 2,
            "659456" : 2,
            "667648" : 1,
            "675840" : 2,
            "684032" : 2,
            "692224" : 1,
            "700416" : 2,
            "708608" : 1,
            "716800" : 1,
            "724992" : 3,
            "733184" : 1,
            "741376" : 1,
            "749568" : 2,
            "757760" : 1,
            "765952" : 2,
            "790528" : 2,
            "798720" : 2,
            "806912" : 4,
            "815104" : 1,
            "831488" : 1,
            "839680" : 1,
            "856064" : 1,
            "872448" : 1,
            "897024" : 2,
            "913408" : 1,
            "937984" : 1,
            "946176" : 1,
            "970752" : 1,
            "978944" : 1,
            "987136" : 1,
            "995328" : 1,
            "1036288" : 2,
            "1056768" : 3,
            "1073152" : 1,
            "1105920" : 4,
            "1155072" : 2,
            "1187840" : 1,
            "1204224" : 1,
            "1220608" : 1,
            "1253376" : 1,
            "1269760" : 1,
            "1286144" : 1,
            "1335296" : 1,
            "1400832" : 1,
            "1433600" : 1,
            "1449984" : 2,
            "1482752" : 1,
            "1499136" : 1,
            "1564672" : 1,
            "1581056" : 1,
            "1695744" : 1,
            "1712128" : 1,
            "1777664" : 3,
            "1794048" : 1,
            "1843200" : 1,
            "1859584" : 1,
            "1875968" : 2,
            "1892352" : 2,
            "1990656" : 1,
            "2039808" : 1,
            "2072576" : 1,
            "2113536" : 1,
            "2310144" : 1,
            "2342912" : 1,
            "2408448" : 1,
            "2506752" : 1,
            "2867200" : 1,
            "2932736" : 2,
            "3063808" : 1,
            "3096576" : 3,
            "3162112" : 1,
            "3227648" : 4,
            "3260416" : 1,
            "3293184" : 1,
            "3325952" : 1,
            "3358720" : 2,
            "3391488" : 3,
            "3424256" : 1,
            "3457024" : 1,
            "3489792" : 3,
            "3555328" : 3,
            "3620864" : 2,
            "3784704" : 1,
            "3817472" : 1,
            "4489216" : 2
          }
        },
        "bw_min" : 143152,
        "bw_max" : 253144,
        "bw_agg" : 100.000000,
        "bw_mean" : 225785.714524,
        "bw_dev" : 16548.085781,
        "bw_samples" : 599,
        "iops_min" : 35788,
        "iops_max" : 63286,
        "iops_mean" : 56446.427379,
        "iops_stddev" : 4137.028083,
        "iops_samples" : 599
      },
      "trim" : {
        "io_bytes" : 0,
        "io_kbytes" : 0,
        "bw_bytes" : 0,
        "bw" : 0,
        "iops" : 0.000000,
        "runtime" : 0,
        "total_ios" : 0,
        "short_ios" : 0,
        "drop_ios" : 0,
        "slat_ns" : {
          "min" : 0,
          "max" : 0,
          "mean" : 0.000000,
          "stddev" : 0.000000,
          "N" : 0
        },
        "clat_ns" : {
          "min" : 0,
          "max" : 0,
          "mean" : 0.000000,
          "stddev" : 0.000000,
          "N" : 0
        },
        "lat_ns" : {
          "min" : 0,
          "max" : 0,
          "mean" : 0.000000,
          "stddev" : 0.000000,
          "N" : 0
        },
        "bw_min" : 0,
        "bw_max" : 0,
        "bw_agg" : 0.000000,
        "bw_mean" : 0.000000,
        "bw_dev" : 0.000000,
        "bw_samples" : 0,
        "iops_min" : 0,
        "iops_max" : 0,
        "iops_mean" : 0.000000,
        "iops_stddev" : 0.000000,
        "iops_samples" : 0
      },
      "sync" : {
        "total_ios" : 0,
        "lat_ns" : {
          "min" : 0,
          "max" : 0,
          "mean" : 0.000000,
          "stddev" : 0.000000,
          "N" : 0
        }
      },
      "job_runtime" : 300000,
      "usr_cpu" : 13.579000,
      "sys_cpu" : 68.984000,
      "ctx" : 11137332,
      "majf" : 0,
      "minf" : 21,
      "iodepth_level" : {
        "1" : 100.000000,
        "2" : 0.000000,
        "4" : 0.000000,
        "8" : 0.000000,
        "16" : 0.000000,
        "32" : 0.000000,
        ">=64" : 0.000000
      },
      "iodepth_submit" : {
        "0" : 0.000000,
        "4" : 100.000000,
        "8" : 0.000000,
        "16" : 0.000000,
        "32" : 0.000000,
        "64" : 0.000000,
        ">=64" : 0.000000
      },
      "iodepth_complete" : {
        "0" : 0.000000,
        "4" : 100.000000,
        "8" : 0.000000,
        "16" : 0.000000,
        "32" : 0.000000,
        "64" : 0.000000,
        ">=64" : 0.000000
      },
      "latency_ns" : {
        "2" : 0.000000,
        "4" : 0.000000,
        "10" : 0.000000,
        "20" : 0.000000,
        "50" : 0.000000,
        "100" : 0.000000,
        "250" : 0.000000,
        "500" : 0.000000,
        "750" : 2.576640,
        "1000" : 11.615799
      },
      "latency_us" : {
        "2" : 21.432903,
        "4" : 17.483778,
        "10" : 27.766699,
        "20" : 17.837379,
        "50" : 1.197388,
        "100" : 0.068287,
        "250" : 0.015873,
        "500" : 0.010000,
        "750" : 0.010000,
        "1000" : 0.010000
      },
      "latency_ms" : {
        "2" : 0.010000,
        "4" : 0.010000,
        "10" : 0.010000,
        "20" : 0.000000,
        "50" : 0.000000,
        "100" : 0.000000,
        "250" : 0.000000,
        "500" : 0.000000,
        "750" : 0.000000,
        "1000" : 0.000000,
        "2000" : 0.000000,
        ">=2000" : 0.000000
      },
      "latency_depth" : 1,
      "latency_target" : 0,
      "latency_percentile" : 100.000000,
      "latency_window" : 0
    }
  ],
  "disk_util" : [
    {
      "name" : "loop26",
      "read_ios" : 8903348,
      "write_ios" : 16551021,
      "read_merges" : 0,
      "write_merges" : 0,
      "read_ticks" : 69073,
      "write_ticks" : 150406,
      "in_queue" : 60,
      "util" : 99.982659
    }
  ]
}
