{
  "fio version" : "fio-3.32-36-g5932",
  "timestamp" : 1663476462,
  "timestamp_ms" : 1663476462352,
  "time" : "Sun Sep 18 06:47:42 2022",
  "global options" : {
    "size" : "16K",
    "rw" : "randrw",
    "bs" : "4K",
    "numjobs" : "1",
    "iodepth" : "1",
    "runtime" : "300",
    "end_fsync" : "1",
    "lat_percentiles" : "1",
    "slat_percentiles" : "1",
    "clat_percentiles" : "1"
  },
  "jobs" : [
    {
      "jobname" : "random-rw",
      "groupid" : 0,
      "error" : 0,
      "eta" : 0,
      "elapsed" : 301,
      "job options" : {
        "name" : "random-rw"
      },
      "read" : {
        "io_bytes" : 78845063168,
        "io_kbytes" : 76997132,
        "bw_bytes" : 262816001,
        "bw" : 256656,
        "iops" : 64164.062786,
        "runtime" : 300001,
        "total_ios" : 19249283,
        "short_ios" : 0,
        "drop_ios" : 0,
        "slat_ns" : {
          "min" : 0,
          "max" : 0,
          "mean" : 0.000000,
          "stddev" : 0.000000,
          "N" : 0
        },
        "clat_ns" : {
          "min" : 570,
          "max" : 7001298,
          "mean" : 7112.795993,
          "stddev" : 9888.741941,
          "N" : 19249283,
          "percentile" : {
            "1.000000" : 620,
            "5.000000" : 660,
            "10.000000" : 740,
            "20.000000" : 812,
            "30.000000" : 924,
            "40.000000" : 1320,
            "50.000000" : 8768,
            "60.000000" : 9792,
            "70.000000" : 10560,
            "80.000000" : 11456,
            "90.000000" : 14528,
            "95.000000" : 17280,
            "99.000000" : 22400,
            "99.500000" : 25472,
            "99.900000" : 44800,
            "99.950000" : 61184,
            "99.990000" : 160768
          },
          "bins" : {
            "572" : 344,
            "580" : 5432,
            "588" : 5663,
            "596" : 8992,
            "604" : 38398,
            "612" : 79577,
            "620" : 125550,
            "628" : 166559,
            "636" : 146103,
            "644" : 135919,
            "652" : 130699,
            "660" : 128170,
            "668" : 117964,
            "676" : 109711,
            "684" : 118472,
            "692" : 120601,
            "700" : 115470,
            "708" : 97112,
            "716" : 78666,
            "724" : 79833,
            "732" : 89823,
            "740" : 118450,
            "748" : 159355,
            "756" : 193348,
            "764" : 240481,
            "772" : 253878,
            "780" : 256031,
            "788" : 239031,
            "796" : 207375,
            "804" : 191323,
            "812" : 165044,
            "820" : 147427,
            "828" : 133523,
            "836" : 121873,
            "844" : 128408,
            "852" : 129421,
            "860" : 135856,
            "868" : 138103,
            "876" : 133946,
            "884" : 141638,
            "892" : 139677,
            "900" : 138202,
            "908" : 131867,
            "916" : 118857,
            "924" : 117980,
            "932" : 110358,
            "940" : 105553,
            "948" : 99998,
            "956" : 91731,
            "964" : 93605,
            "972" : 90598,
            "980" : 90349,
            "988" : 88225,
            "996" : 82561,
            "1004" : 85882,
            "1012" : 82099,
            "1020" : 80108,
            "1032" : 143571,
            "1048" : 126978,
            "1064" : 103621,
            "1080" : 76737,
            "1096" : 55612,
            "1112" : 37944,
            "1128" : 28871,
            "1144" : 23939,
            "1160" : 21088,
            "1176" : 20904,
            "1192" : 20048,
            "1208" : 21070,
            "1224" : 21205,
            "1240" : 21247,
            "1256" : 22701,
            "1272" : 22087,
            "1288" : 22290,
            "1304" : 22007,
            "1320" : 20566,
            "1336" : 20342,
            "1352" : 18922,
            "1368" : 18383,
            "1384" : 17397,
            "1400" : 15955,
            "1416" : 15436,
            "1432" : 14248,
            "1448" : 13965,
            "1464" : 13138,
            "1480" : 12364,
            "1496" : 11989,
            "1512" : 10885,
            "1528" : 10783,
            "1544" : 9993,
            "1560" : 9327,
            "1576" : 9031,
            "1592" : 8140,
            "1608" : 8049,
            "1624" : 7410,
            "1640" : 6781,
            "1656" : 6461,
            "1672" : 5740,
            "1688" : 5608,
            "1704" : 5205,
            "1720" : 4878,
            "1736" : 4669,
            "1752" : 4294,
            "1768" : 4117,
            "1784" : 3923,
            "1800" : 3586,
            "1816" : 3449,
            "1832" : 3129,
            "1848" : 3137,
            "1864" : 2945,
            "1880" : 2831,
            "1896" : 2724,
            "1912" : 2472,
            "1928" : 2471,
            "1944" : 2409,
            "1960" : 2199,
            "1976" : 2162,
            "1992" : 1980,
            "2008" : 1957,
            "2024" : 1838,
            "2040" : 1759,
            "2064" : 3260,
            "2096" : 2982,
            "2128" : 2548,
            "2160" : 2364,
            "2192" : 2024,
            "2224" : 1885,
            "2256" : 1645,
            "2288" : 1545,
            "2320" : 1298,
            "2352" : 1161,
            "2384" : 1082,
            "2416" : 863,
            "2448" : 790,
            "2480" : 780,
            "2512" : 637,
            "2544" : 575,
            "2576" : 523,
            "2608" : 482,
            "2640" : 430,
            "2672" : 433,
            "2704" : 369,
            "2736" : 351,
            "2768" : 316,
            "2800" : 316,
            "2832" : 324,
            "2864" : 258,
            "2896" : 239,
            "2928" : 250,
            "2960" : 196,
            "2992" : 238,
            "3024" : 189,
            "3056" : 187,
            "3088" : 152,
            "3120" : 134,
            "3152" : 136,
            "3184" : 116,
            "3216" : 108,
            "3248" : 99,
            "3280" : 86,
            "3312" : 89,
            "3344" : 81,
            "3376" : 77,
            "3408" : 75,
            "3440" : 72,
            "3472" : 80,
            "3504" : 88,
            "3536" : 74,
            "3568" : 53,
            "3600" : 90,
            "3632" : 75,
            "3664" : 110,
            "3696" : 122,
            "3728" : 145,
            "3760" : 194,
            "3792" : 164,
            "3824" : 218,
            "3856" : 227,
            "3888" : 248,
            "3920" : 356,
            "3952" : 490,
            "3984" : 723,
            "4016" : 1194,
            "4048" : 1946,
            "4080" : 2919,
            "4128" : 8666,
            "4192" : 11193,
            "4256" : 11093,
            "4320" : 11510,
            "4384" : 15057,
            "4448" : 23488,
            "4512" : 33408,
            "4576" : 37561,
            "4640" : 34832,
            "4704" : 31651,
            "4768" : 33393,
            "4832" : 35072,
            "4896" : 32364,
            "4960" : 31283,
            "5024" : 29234,
            "5088" : 22848,
            "5152" : 17649,
            "5216" : 17580,
            "5280" : 19329,
            "5344" : 17875,
            "5408" : 13283,
            "5472" : 9185,
            "5536" : 6910,
            "5600" : 6718,
            "5664" : 7750,
            "5728" : 9135,
            "5792" : 8899,
            "5856" : 7043,
            "5920" : 5297,
            "5984" : 5098,
            "6048" : 12616,
            "6112" : 31777,
            "6176" : 48907,
            "6240" : 55594,
            "6304" : 60299,
            "6368" : 58171,
            "6432" : 48392,
            "6496" : 38690,
            "6560" : 33129,
            "6624" : 30687,
            "6688" : 30955,
            "6752" : 29467,
            "6816" : 27100,
            "6880" : 28100,
            "6944" : 31458,
            "7008" : 35224,
            "7072" : 35006,
            "7136" : 29894,
            "7200" : 25194,
            "7264" : 24480,
            "7328" : 30710,
            "7392" : 39660,
            "7456" : 41159,
            "7520" : 34142,
            "7584" : 23230,
            "7648" : 14843,
            "7712" : 10123,
            "7776" : 7597,
            "7840" : 6380,
            "7904" : 5448,
            "7968" : 4915,
            "8032" : 4656,
            "8096" : 4588,
            "8160" : 4116,
            "8256" : 8145,
            "8384" : 6838,
            "8512" : 5649,
            "8640" : 5214,
            "8768" : 5196,
            "8896" : 5299,
            "9024" : 11876,
            "9152" : 67016,
            "9280" : 228454,
            "9408" : 447699,
            "9536" : 522547,
            "9664" : 496184,
            "9792" : 472117,
            "9920" : 374529,
            "10048" : 266442,
            "10176" : 247984,
            "10304" : 287549,
            "10432" : 301392,
            "10560" : 297456,
            "10688" : 359644,
            "10816" : 367712,
            "10944" : 307120,
            "11072" : 259991,
            "11200" : 212139,
            "11328" : 182954,
            "11456" : 186086,
            "11584" : 180268,
            "11712" : 150496,
            "11840" : 118429,
            "11968" : 86304,
            "12096" : 66235,
            "12224" : 53305,
            "12352" : 47070,
            "12480" : 44531,
            "12608" : 42573,
            "12736" : 40982,
            "12864" : 39873,
            "12992" : 38400,
            "13120" : 38137,
            "13248" : 41669,
            "13376" : 57734,
            "13504" : 73706,
            "13632" : 75309,
            "13760" : 80358,
            "13888" : 95600,
            "14016" : 96563,
            "14144" : 92960,
            "14272" : 92747,
            "14400" : 84762,
            "14528" : 75086,
            "14656" : 73698,
            "14784" : 69982,
            "14912" : 59632,
            "15040" : 55474,
            "15168" : 51118,
            "15296" : 45696,
            "15424" : 43184,
            "15552" : 42018,
            "15680" : 41273,
            "15808" : 41270,
            "15936" : 41594,
            "16064" : 42031,
            "16192" : 41187,
            "16320" : 40318,
            "16512" : 77298,
            "16768" : 73436,
            "17024" : 69521,
            "17280" : 66480,
            "17536" : 62867,
            "17792" : 60277,
            "18048" : 58238,
            "18304" : 57378,
            "18560" : 54236,
            "18816" : 51207,
            "19072" : 46938,
            "19328" : 44514,
            "19584" : 41104,
            "19840" : 37600,
            "20096" : 34627,
            "20352" : 31514,
            "20608" : 29454,
            "20864" : 26308,
            "21120" : 23505,
            "21376" : 20963,
            "21632" : 18389,
            "21888" : 16668,
            "22144" : 15066,
            "22400" : 13452,
            "22656" : 12162,
            "22912" : 11158,
            "23168" : 10064,
            "23424" : 9027,
            "23680" : 8463,
            "23936" : 8025,
            "24192" : 7211,
            "24448" : 6744,
            "24704" : 6204,
            "24960" : 5683,
            "25216" : 5184,
            "25472" : 4768,
            "25728" : 4423,
            "25984" : 3957,
            "26240" : 3767,
            "26496" : 3419,
            "26752" : 3021,
            "27008" : 2878,
            "27264" : 2727,
            "27520" : 2447,
            "27776" : 2278,
            "28032" : 2120,
            "28288" : 1938,
            "28544" : 1836,
            "28800" : 1671,
            "29056" : 1580,
            "29312" : 1515,
            "29568" : 1394,
            "29824" : 1319,
            "30080" : 1231,
            "30336" : 1104,
            "30592" : 1064,
            "30848" : 1074,
            "31104" : 1069,
            "31360" : 898,
            "31616" : 982,
            "31872" : 900,
            "32128" : 885,
            "32384" : 826,
            "32640" : 809,
            "33024" : 1520,
            "33536" : 1377,
            "34048" : 1376,
            "34560" : 1269,
            "35072" : 1196,
            "35584" : 1125,
            "36096" : 1079,
            "36608" : 1072,
            "37120" : 1093,
            "37632" : 989,
            "38144" : 991,
            "38656" : 871,
            "39168" : 850,
            "39680" : 831,
            "40192" : 810,
            "40704" : 711,
            "41216" : 706,
            "41728" : 667,
            "42240" : 638,
            "42752" : 624,
            "43264" : 585,
            "43776" : 589,
            "44288" : 520,
            "44800" : 525,
            "45312" : 503,
            "45824" : 475,
            "46336" : 479,
            "46848" : 444,
            "47360" : 377,
            "47872" : 395,
            "48384" : 400,
            "48896" : 402,
            "49408" : 351,
            "49920" : 313,
            "50432" : 322,
            "50944" : 318,
            "51456" : 333,
            "51968" : 301,
            "52480" : 310,
            "52992" : 294,
            "53504" : 292,
            "54016" : 283,
            "54528" : 265,
            "55040" : 268,
            "55552" : 249,
            "56064" : 254,
            "56576" : 238,
            "57088" : 230,
            "57600" : 209,
            "58112" : 205,
            "58624" : 171,
            "59136" : 181,
            "59648" : 169,
            "60160" : 170,
            "60672" : 164,
            "61184" : 168,
            "61696" : 153,
            "62208" : 154,
            "62720" : 138,
            "63232" : 140,
            "63744" : 136,
            "64256" : 135,
            "64768" : 130,
            "65280" : 121,
            "66048" : 261,
            "67072" : 211,
            "68096" : 198,
            "69120" : 181,
            "70144" : 185,
            "71168" : 174,
            "72192" : 172,
            "73216" : 182,
            "74240" : 183,
            "75264" : 170,
            "76288" : 162,
            "77312" : 151,
            "78336" : 165,
            "79360" : 151,
            "80384" : 153,
            "81408" : 130,
            "82432" : 139,
            "83456" : 115,
            "84480" : 105,
            "85504" : 112,
            "86528" : 95,
            "87552" : 110,
            "88576" : 90,
            "89600" : 85,
            "90624" : 68,
            "91648" : 78,
            "92672" : 75,
            "93696" : 75,
            "94720" : 56,
            "95744" : 73,
            "96768" : 75,
            "97792" : 72,
            "98816" : 63,
            "99840" : 55,
            "100864" : 54,
            "101888" : 58,
            "102912" : 54,
            "103936" : 51,
            "104960" : 62,
            "105984" : 53,
            "107008" : 58,
            "108032" : 66,
            "109056" : 58,
            "110080" : 66,
            "111104" : 67,
            "112128" : 53,
            "113152" : 66,
            "114176" : 43,
            "115200" : 39,
            "116224" : 50,
            "117248" : 59,
            "118272" : 47,
            "119296" : 52,
            "120320" : 37,
            "121344" : 40,
            "122368" : 38,
            "123392" : 36,
            "124416" : 42,
            "125440" : 40,
            "126464" : 30,
            "127488" : 28,
            "128512" : 31,
            "129536" : 33,
            "130560" : 30,
            "132096" : 65,
            "134144" : 54,
            "136192" : 57,
            "138240" : 55,
            "140288" : 57,
            "142336" : 34,
            "144384" : 51,
            "146432" : 49,
            "148480" : 36,
            "150528" : 35,
            "152576" : 29,
            "154624" : 29,
            "156672" : 40,
            "158720" : 31,
            "160768" : 34,
            "162816" : 23,
            "164864" : 23,
            "166912" : 24,
            "168960" : 20,
            "171008" : 22,
            "173056" : 19,
            "175104" : 16,
            "177152" : 10,
            "179200" : 8,
            "181248" : 12,
            "183296" : 10,
            "185344" : 13,
            "187392" : 12,
            "189440" : 10,
            "191488" : 13,
            "193536" : 11,
            "195584" : 12,
            "197632" : 15,
            "199680" : 15,
            "201728" : 9,
            "203776" : 7,
            "205824" : 8,
            "207872" : 11,
            "209920" : 12,
            "211968" : 12,
            "214016" : 5,
            "216064" : 11,
            "218112" : 7,
            "220160" : 17,
            "222208" : 10,
            "224256" : 16,
            "226304" : 17,
            "228352" : 13,
            "230400" : 22,
            "232448" : 20,
            "234496" : 21,
            "236544" : 20,
            "238592" : 15,
            "240640" : 18,
            "242688" : 17,
            "244736" : 21,
            "246784" : 10,
            "248832" : 11,
            "250880" : 12,
            "252928" : 16,
            "254976" : 12,
            "257024" : 10,
            "259072" : 13,
            "261120" : 10,
            "264192" : 19,
            "268288" : 12,
            "272384" : 16,
            "276480" : 9,
            "280576" : 20,
            "284672" : 11,
            "288768" : 11,
            "292864" : 11,
            "296960" : 8,
            "301056" : 9,
            "305152" : 6,
            "309248" : 7,
            "313344" : 10,
            "317440" : 12,
            "321536" : 13,
            "325632" : 12,
            "329728" : 19,
            "333824" : 23,
            "337920" : 16,
            "342016" : 26,
            "346112" : 18,
            "350208" : 19,
            "354304" : 14,
            "358400" : 17,
            "362496" : 18,
            "366592" : 10,
            "370688" : 11,
            "374784" : 10,
            "378880" : 9,
            "382976" : 13,
            "387072" : 12,
            "391168" : 15,
            "395264" : 13,
            "399360" : 8,
            "403456" : 7,
            "407552" : 13,
            "411648" : 6,
            "415744" : 10,
            "419840" : 5,
            "423936" : 6,
            "428032" : 10,
            "432128" : 11,
            "436224" : 4,
            "440320" : 9,
            "444416" : 14,
            "448512" : 9,
            "452608" : 8,
            "456704" : 9,
            "460800" : 6,
            "464896" : 6,
            "468992" : 6,
            "473088" : 10,
            "477184" : 9,
            "481280" : 6,
            "485376" : 6,
            "489472" : 10,
            "493568" : 6,
            "497664" : 4,
            "501760" : 9,
            "505856" : 4,
            "509952" : 7,
            "514048" : 4,
            "518144" : 8,
            "522240" : 7,
            "528384" : 19,
            "536576" : 15,
            "544768" : 11,
            "552960" : 14,
            "561152" : 16,
            "569344" : 6,
            "577536" : 7,
            "585728" : 6,
            "593920" : 7,
            "602112" : 15,
            "610304" : 12,
            "618496" : 13,
            "626688" : 11,
            "634880" : 6,
            "643072" : 10,
            "651264" : 9,
            "659456" : 17,
            "667648" : 9,
            "675840" : 8,
            "684032" : 10,
            "692224" : 9,
            "700416" : 5,
            "708608" : 7,
            "716800" : 7,
            "724992" : 3,
            "733184" : 5,
            "741376" : 7,
            "749568" : 5,
            "757760" : 3,
            "765952" : 2,
            "774144" : 10,
            "782336" : 4,
            "790528" : 5,
            "798720" : 3,
            "806912" : 8,
            "815104" : 11,
            "823296" : 10,
            "831488" : 3,
            "839680" : 3,
            "847872" : 7,
            "856064" : 5,
            "864256" : 3,
            "872448" : 4,
            "880640" : 2,
            "888832" : 4,
            "897024" : 2,
            "905216" : 1,
            "913408" : 3,
            "921600" : 2,
            "929792" : 2,
            "937984" : 2,
            "946176" : 3,
            "954368" : 2,
            "970752" : 1,
            "978944" : 2,
            "987136" : 6,
            "1003520" : 2,
            "1011712" : 5,
            "1019904" : 2,
            "1028096" : 2,
            "1036288" : 3,
            "1044480" : 1,
            "1056768" : 8,
            "1073152" : 4,
            "1089536" : 2,
            "1105920" : 2,
            "1122304" : 2,
            "1155072" : 1,
            "1187840" : 2,
            "1236992" : 1,
            "1253376" : 2,
            "1269760" : 4,
            "1286144" : 1,
            "1302528" : 2,
            "1318912" : 3,
            "1335296" : 2,
            "1351680" : 3,
            "1368064" : 2,
            "1384448" : 2,
            "1400832" : 2,
            "1417216" : 1,
            "1433600" : 2,
            "1449984" : 1,
            "1466368" : 1,
            "1499136" : 1,
            "1515520" : 1,
            "1531904" : 1,
            "1564672" : 1,
            "1581056" : 1,
            "1597440" : 3,
            "1630208" : 3,
            "1646592" : 1,
            "1662976" : 2,
            "1679360" : 1,
            "1695744" : 1,
            "1712128" : 2,
            "1728512" : 2,
            "1744896" : 4,
            "1777664" : 3,
            "1794048" : 1,
            "1810432" : 1,
            "1843200" : 3,
            "1859584" : 2,
            "1875968" : 4,
            "1957888" : 2,
            "2056192" : 2,
            "2072576" : 3,
            "2113536" : 1,
            "2146304" : 1,
            "2179072" : 1,
            "2211840" : 1,
            "2244608" : 1,
            "2310144" : 1,
            "2342912" : 1,
            "2375680" : 3,
            "2408448" : 1,
            "2441216" : 1,
            "2506752" : 3,
            "2539520" : 3,
            "2572288" : 1,
            "2637824" : 2,
            "2703360" : 1,
            "2834432" : 1,
            "2965504" : 1,
            "3031040" : 1,
            "3129344" : 1,
            "3194880" : 1,
            "3260416" : 1,
            "3293184" : 1,
            "3325952" : 1,
            "3522560" : 1,
            "3719168" : 1,
            "3751936" : 1,
            "3915776" : 1,
            "3948544" : 1,
            "4014080" : 1,
            "4046848" : 2,
            "4227072" : 1,
            "4751360" : 1,
            "4947968" : 1,
            "5013504" : 1,
            "5341184" : 1,
            "5406720" : 1,
            "6651904" : 1,
            "6979584" : 1
          }
        },
        "lat_ns" : {
          "min" : 601,
          "max" : 7001330,
          "mean" : 7189.477095,
          "stddev" : 9901.615170,
          "N" : 19249283,
          "percentile" : {
            "1.000000" : 660,
            "5.000000" : 700,
            "10.000000" : 780,
            "20.000000" : 860,
            "30.000000" : 980,
            "40.000000" : 1448,
            "50.000000" : 9024,
            "60.000000" : 9792,
            "70.000000" : 10560,
            "80.000000" : 11456,
            "90.000000" : 14656,
            "95.000000" : 17536,
            "99.000000" : 22656,
            "99.500000" : 25728,
            "99.900000" : 45312,
            "99.950000" : 61184,
            "99.990000" : 160768
          },
          "bins" : {
            "604" : 342,
            "612" : 2788,
            "620" : 3303,
            "628" : 7955,
            "636" : 17591,
            "644" : 38561,
            "652" : 85582,
            "660" : 138179,
            "668" : 177336,
            "676" : 176737,
            "684" : 152500,
            "692" : 124352,
            "700" : 110819,
            "708" : 101672,
            "716" : 95279,
            "724" : 103853,
            "732" : 102488,
            "740" : 98723,
            "748" : 89971,
            "756" : 79678,
            "764" : 80245,
            "772" : 83604,
            "780" : 102336,
            "788" : 133642,
            "796" : 168009,
            "804" : 215328,
            "812" : 237202,
            "820" : 246730,
            "828" : 238006,
            "836" : 211839,
            "844" : 202756,
            "852" : 177989,
            "860" : 160175,
            "868" : 142946,
            "876" : 126059,
            "884" : 128130,
            "892" : 125361,
            "900" : 127758,
            "908" : 129310,
            "916" : 123808,
            "924" : 131139,
            "932" : 128327,
            "940" : 126824,
            "948" : 120183,
            "956" : 107905,
            "964" : 106414,
            "972" : 97446,
            "980" : 91090,
            "988" : 83815,
            "996" : 73473,
            "1004" : 73026,
            "1012" : 68855,
            "1020" : 68365,
            "1032" : 133136,
            "1048" : 140066,
            "1064" : 145620,
            "1080" : 143407,
            "1096" : 142687,
            "1112" : 130837,
            "1128" : 120121,
            "1144" : 102491,
            "1160" : 79718,
            "1176" : 61553,
            "1192" : 42741,
            "1208" : 31842,
            "1224" : 24883,
            "1240" : 20203,
            "1256" : 19225,
            "1272" : 18097,
            "1288" : 18812,
            "1304" : 19364,
            "1320" : 18671,
            "1336" : 20004,
            "1352" : 19939,
            "1368" : 20538,
            "1384" : 20723,
            "1400" : 19758,
            "1416" : 19836,
            "1432" : 18585,
            "1448" : 18185,
            "1464" : 17281,
            "1480" : 15670,
            "1496" : 15357,
            "1512" : 13929,
            "1528" : 13494,
            "1544" : 12748,
            "1560" : 11987,
            "1576" : 11637,
            "1592" : 10801,
            "1608" : 10389,
            "1624" : 10156,
            "1640" : 9304,
            "1656" : 9385,
            "1672" : 8662,
            "1688" : 8274,
            "1704" : 7910,
            "1720" : 7354,
            "1736" : 7071,
            "1752" : 6313,
            "1768" : 6297,
            "1784" : 5927,
            "1800" : 5404,
            "1816" : 5194,
            "1832" : 4749,
            "1848" : 4541,
            "1864" : 4373,
            "1880" : 4005,
            "1896" : 3879,
            "1912" : 3617,
            "1928" : 3624,
            "1944" : 3280,
            "1960" : 3214,
            "1976" : 3166,
            "1992" : 2966,
            "2008" : 2824,
            "2024" : 2659,
            "2040" : 2586,
            "2064" : 4905,
            "2096" : 4516,
            "2128" : 4056,
            "2160" : 3759,
            "2192" : 3487,
            "2224" : 3147,
            "2256" : 2895,
            "2288" : 2596,
            "2320" : 2327,
            "2352" : 2202,
            "2384" : 1914,
            "2416" : 1817,
            "2448" : 1595,
            "2480" : 1415,
            "2512" : 1372,
            "2544" : 1178,
            "2576" : 1136,
            "2608" : 989,
            "2640" : 830,
            "2672" : 830,
            "2704" : 759,
            "2736" : 694,
            "2768" : 594,
            "2800" : 555,
            "2832" : 520,
            "2864" : 459,
            "2896" : 442,
            "2928" : 400,
            "2960" : 362,
            "2992" : 338,
            "3024" : 332,
            "3056" : 290,
            "3088" : 244,
            "3120" : 259,
            "3152" : 246,
            "3184" : 238,
            "3216" : 197,
            "3248" : 165,
            "3280" : 140,
            "3312" : 135,
            "3344" : 129,
            "3376" : 108,
            "3408" : 93,
            "3440" : 111,
            "3472" : 105,
            "3504" : 89,
            "3536" : 105,
            "3568" : 89,
            "3600" : 87,
            "3632" : 82,
            "3664" : 94,
            "3696" : 103,
            "3728" : 138,
            "3760" : 129,
            "3792" : 176,
            "3824" : 192,
            "3856" : 196,
            "3888" : 253,
            "3920" : 293,
            "3952" : 366,
            "3984" : 526,
            "4016" : 679,
            "4048" : 925,
            "4080" : 1206,
            "4128" : 4654,
            "4192" : 8591,
            "4256" : 11935,
            "4320" : 12871,
            "4384" : 12728,
            "4448" : 15141,
            "4512" : 21719,
            "4576" : 31385,
            "4640" : 38361,
            "4704" : 36789,
            "4768" : 33767,
            "4832" : 34737,
            "4896" : 35126,
            "4960" : 32703,
            "5024" : 31333,
            "5088" : 30047,
            "5152" : 24322,
            "5216" : 18552,
            "5280" : 18761,
            "5344" : 20643,
            "5408" : 19224,
            "5472" : 14316,
            "5536" : 9638,
            "5600" : 7274,
            "5664" : 6785,
            "5728" : 7986,
            "5792" : 9394,
            "5856" : 8896,
            "5920" : 7166,
            "5984" : 5392,
            "6048" : 6542,
            "6112" : 18350,
            "6176" : 37526,
            "6240" : 49903,
            "6304" : 54856,
            "6368" : 59696,
            "6432" : 56753,
            "6496" : 46311,
            "6560" : 37609,
            "6624" : 32166,
            "6688" : 30455,
            "6752" : 29970,
            "6816" : 26706,
            "6880" : 23826,
            "6944" : 24751,
            "7008" : 29251,
            "7072" : 33954,
            "7136" : 34812,
            "7200" : 32749,
            "7264" : 28837,
            "7328" : 29011,
            "7392" : 35606,
            "7456" : 42173,
            "7520" : 41718,
            "7584" : 32935,
            "7648" : 21937,
            "7712" : 14347,
            "7776" : 10020,
            "7840" : 7581,
            "7904" : 6427,
            "7968" : 5765,
            "8032" : 5215,
            "8096" : 4698,
            "8160" : 4761,
            "8256" : 8795,
            "8384" : 8082,
            "8512" : 6403,
            "8640" : 5551,
            "8768" : 5459,
            "8896" : 5366,
            "9024" : 7343,
            "9152" : 35844,
            "9280" : 147052,
            "9408" : 362861,
            "9536" : 520137,
            "9664" : 513444,
            "9792" : 470965,
            "9920" : 411040,
            "10048" : 296657,
            "10176" : 249292,
            "10304" : 277080,
            "10432" : 304044,
            "10560" : 296381,
            "10688" : 339508,
            "10816" : 379984,
            "10944" : 326879,
            "11072" : 274875,
            "11200" : 225740,
            "11328" : 188146,
            "11456" : 181795,
            "11584" : 186222,
            "11712" : 160607,
            "11840" : 128927,
            "11968" : 95746,
            "12096" : 71661,
            "12224" : 56815,
            "12352" : 48637,
            "12480" : 45359,
            "12608" : 43809,
            "12736" : 42253,
            "12864" : 41103,
            "12992" : 41040,
            "13120" : 39827,
            "13248" : 40161,
            "13376" : 48200,
            "13504" : 67117,
            "13632" : 76591,
            "13760" : 76472,
            "13888" : 86464,
            "14016" : 98264,
            "14144" : 94969,
            "14272" : 92604,
            "14400" : 90388,
            "14528" : 79864,
            "14656" : 73525,
            "14784" : 73502,
            "14912" : 65657,
            "15040" : 57421,
            "15168" : 54134,
            "15296" : 48802,
            "15424" : 44239,
            "15552" : 42293,
            "15680" : 41539,
            "15808" : 40561,
            "15936" : 41041,
            "16064" : 41473,
            "16192" : 41642,
            "16320" : 40849,
            "16512" : 78463,
            "16768" : 74625,
            "17024" : 70584,
            "17280" : 67614,
            "17536" : 63335,
            "17792" : 60954,
            "18048" : 58595,
            "18304" : 57663,
            "18560" : 55315,
            "18816" : 52616,
            "19072" : 48337,
            "19328" : 45474,
            "19584" : 42235,
            "19840" : 39168,
            "20096" : 36025,
            "20352" : 32386,
            "20608" : 30326,
            "20864" : 28017,
            "21120" : 24854,
            "21376" : 22228,
            "21632" : 19670,
            "21888" : 17824,
            "22144" : 16056,
            "22400" : 14281,
            "22656" : 13154,
            "22912" : 11802,
            "23168" : 10800,
            "23424" : 9637,
            "23680" : 8933,
            "23936" : 8302,
            "24192" : 7838,
            "24448" : 7170,
            "24704" : 6665,
            "24960" : 6010,
            "25216" : 5621,
            "25472" : 5126,
            "25728" : 4679,
            "25984" : 4355,
            "26240" : 3994,
            "26496" : 3663,
            "26752" : 3275,
            "27008" : 3054,
            "27264" : 2849,
            "27520" : 2740,
            "27776" : 2367,
            "28032" : 2229,
            "28288" : 2081,
            "28544" : 1971,
            "28800" : 1761,
            "29056" : 1658,
            "29312" : 1579,
            "29568" : 1455,
            "29824" : 1423,
            "30080" : 1281,
            "30336" : 1229,
            "30592" : 1048,
            "30848" : 1133,
            "31104" : 1073,
            "31360" : 980,
            "31616" : 1020,
            "31872" : 947,
            "32128" : 922,
            "32384" : 850,
            "32640" : 847,
            "33024" : 1562,
            "33536" : 1420,
            "34048" : 1390,
            "34560" : 1312,
            "35072" : 1215,
            "35584" : 1181,
            "36096" : 1098,
            "36608" : 1068,
            "37120" : 1105,
            "37632" : 1015,
            "38144" : 991,
            "38656" : 882,
            "39168" : 860,
            "39680" : 868,
            "40192" : 798,
            "40704" : 709,
            "41216" : 733,
            "41728" : 681,
            "42240" : 655,
            "42752" : 656,
            "43264" : 562,
            "43776" : 590,
            "44288" : 540,
            "44800" : 538,
            "45312" : 504,
            "45824" : 493,
            "46336" : 458,
            "46848" : 448,
            "47360" : 398,
            "47872" : 409,
            "48384" : 389,
            "48896" : 422,
            "49408" : 360,
            "49920" : 322,
            "50432" : 328,
            "50944" : 324,
            "51456" : 319,
            "51968" : 321,
            "52480" : 311,
            "52992" : 302,
            "53504" : 279,
            "54016" : 296,
            "54528" : 265,
            "55040" : 282,
            "55552" : 252,
            "56064" : 256,
            "56576" : 241,
            "57088" : 224,
            "57600" : 223,
            "58112" : 202,
            "58624" : 189,
            "59136" : 175,
            "59648" : 182,
            "60160" : 166,
            "60672" : 164,
            "61184" : 162,
            "61696" : 171,
            "62208" : 143,
            "62720" : 142,
            "63232" : 144,
            "63744" : 136,
            "64256" : 132,
            "64768" : 142,
            "65280" : 113,
            "66048" : 265,
            "67072" : 220,
            "68096" : 200,
            "69120" : 186,
            "70144" : 190,
            "71168" : 171,
            "72192" : 172,
            "73216" : 194,
            "74240" : 178,
            "75264" : 171,
            "76288" : 160,
            "77312" : 151,
            "78336" : 167,
            "79360" : 156,
            "80384" : 153,
            "81408" : 130,
            "82432" : 148,
            "83456" : 112,
            "84480" : 109,
            "85504" : 110,
            "86528" : 96,
            "87552" : 110,
            "88576" : 89,
            "89600" : 91,
            "90624" : 63,
            "91648" : 81,
            "92672" : 74,
            "93696" : 81,
            "94720" : 60,
            "95744" : 69,
            "96768" : 76,
            "97792" : 68,
            "98816" : 69,
            "99840" : 57,
            "100864" : 53,
            "101888" : 59,
            "102912" : 52,
            "103936" : 48,
            "104960" : 62,
            "105984" : 55,
            "107008" : 60,
            "108032" : 68,
            "109056" : 62,
            "110080" : 62,
            "111104" : 67,
            "112128" : 59,
            "113152" : 69,
            "114176" : 42,
            "115200" : 37,
            "116224" : 50,
            "117248" : 58,
            "118272" : 50,
            "119296" : 51,
            "120320" : 36,
            "121344" : 42,
            "122368" : 35,
            "123392" : 43,
            "124416" : 38,
            "125440" : 44,
            "126464" : 28,
            "127488" : 29,
            "128512" : 35,
            "129536" : 32,
            "130560" : 28,
            "132096" : 67,
            "134144" : 54,
            "136192" : 59,
            "138240" : 51,
            "140288" : 61,
            "142336" : 37,
            "144384" : 50,
            "146432" : 49,
            "148480" : 35,
            "150528" : 35,
            "152576" : 31,
            "154624" : 27,
            "156672" : 41,
            "158720" : 30,
            "160768" : 35,
            "162816" : 26,
            "164864" : 24,
            "166912" : 22,
            "168960" : 20,
            "171008" : 24,
            "173056" : 18,
            "175104" : 14,
            "177152" : 12,
            "179200" : 8,
            "181248" : 13,
            "183296" : 9,
            "185344" : 14,
            "187392" : 11,
            "189440" : 11,
            "191488" : 12,
            "193536" : 12,
            "195584" : 11,
            "197632" : 16,
            "199680" : 15,
            "201728" : 8,
            "203776" : 8,
            "205824" : 8,
            "207872" : 10,
            "209920" : 12,
            "211968" : 13,
            "214016" : 5,
            "216064" : 11,
            "218112" : 6,
            "220160" : 17,
            "222208" : 10,
            "224256" : 17,
            "226304" : 16,
            "228352" : 13,
            "230400" : 21,
            "232448" : 22,
            "234496" : 21,
            "236544" : 18,
            "238592" : 17,
            "240640" : 17,
            "242688" : 16,
            "244736" : 22,
            "246784" : 11,
            "248832" : 11,
            "250880" : 11,
            "252928" : 17,
            "254976" : 11,
            "257024" : 11,
            "259072" : 12,
            "261120" : 10,
            "264192" : 18,
            "268288" : 14,
            "272384" : 15,
            "276480" : 9,
            "280576" : 19,
            "284672" : 11,
            "288768" : 13,
            "292864" : 11,
            "296960" : 8,
            "301056" : 9,
            "305152" : 5,
            "309248" : 8,
            "313344" : 10,
            "317440" : 12,
            "321536" : 13,
            "325632" : 12,
            "329728" : 19,
            "333824" : 23,
            "337920" : 16,
            "342016" : 26,
            "346112" : 18,
            "350208" : 19,
            "354304" : 14,
            "358400" : 17,
            "362496" : 18,
            "366592" : 10,
            "370688" : 11,
            "374784" : 9,
            "378880" : 10,
            "382976" : 13,
            "387072" : 12,
            "391168" : 15,
            "395264" : 13,
            "399360" : 8,
            "403456" : 7,
            "407552" : 11,
            "411648" : 8,
            "415744" : 10,
            "419840" : 5,
            "423936" : 6,
            "428032" : 10,
            "432128" : 11,
            "436224" : 4,
            "440320" : 9,
            "444416" : 14,
            "448512" : 9,
            "452608" : 8,
            "456704" : 9,
            "460800" : 6,
            "464896" : 6,
            "468992" : 6,
            "473088" : 10,
            "477184" : 8,
            "481280" : 6,
            "485376" : 7,
            "489472" : 10,
            "493568" : 6,
            "497664" : 4,
            "501760" : 9,
            "505856" : 4,
            "509952" : 7,
            "514048" : 4,
            "518144" : 8,
            "522240" : 7,
            "528384" : 19,
            "536576" : 15,
            "544768" : 11,
            "552960" : 14,
            "561152" : 15,
            "569344" : 6,
            "577536" : 7,
            "585728" : 5,
            "593920" : 8,
            "602112" : 15,
            "610304" : 12,
            "618496" : 13,
            "626688" : 11,
            "634880" : 6,
            "643072" : 10,
            "651264" : 9,
            "659456" : 17,
            "667648" : 9,
            "675840" : 9,
            "684032" : 10,
            "692224" : 9,
            "700416" : 5,
            "708608" : 7,
            "716800" : 7,
            "724992" : 3,
            "733184" : 5,
            "741376" : 8,
            "749568" : 5,
            "757760" : 3,
            "765952" : 2,
            "774144" : 10,
            "782336" : 4,
            "790528" : 5,
            "798720" : 3,
            "806912" : 8,
            "815104" : 11,
            "823296" : 10,
            "831488" : 3,
            "839680" : 3,
            "847872" : 7,
            "856064" : 5,
            "864256" : 3,
            "872448" : 4,
            "880640" : 2,
            "888832" : 4,
            "897024" : 2,
            "905216" : 1,
            "913408" : 3,
            "921600" : 2,
            "929792" : 2,
            "937984" : 2,
            "946176" : 3,
            "954368" : 2,
            "970752" : 1,
            "978944" : 2,
            "987136" : 6,
            "1003520" : 2,
            "1011712" : 5,
            "1019904" : 2,
            "1028096" : 2,
            "1036288" : 3,
            "1044480" : 1,
            "1056768" : 8,
            "1073152" : 4,
            "1089536" : 2,
            "1105920" : 2,
            "1122304" : 2,
            "1155072" : 1,
            "1187840" : 2,
            "1236992" : 1,
            "1253376" : 2,
            "1269760" : 4,
            "1286144" : 1,
            "1302528" : 2,
            "1318912" : 3,
            "1335296" : 2,
            "1351680" : 3,
            "1368064" : 2,
            "1384448" : 2,
            "1400832" : 2,
            "1417216" : 1,
            "1433600" : 2,
            "1449984" : 1,
            "1466368" : 1,
            "1499136" : 1,
            "1515520" : 1,
            "1531904" : 1,
            "1564672" : 1,
            "1581056" : 1,
            "1597440" : 3,
            "1630208" : 3,
            "1646592" : 1,
            "1662976" : 2,
            "1679360" : 1,
            "1695744" : 1,
            "1712128" : 2,
            "1728512" : 2,
            "1744896" : 4,
            "1777664" : 3,
            "1794048" : 1,
            "1810432" : 1,
            "1843200" : 3,
            "1859584" : 2,
            "1875968" : 4,
            "1957888" : 2,
            "2056192" : 2,
            "2072576" : 3,
            "2113536" : 1,
            "2146304" : 1,
            "2179072" : 1,
            "2211840" : 1,
            "2244608" : 1,
            "2310144" : 1,
            "2342912" : 1,
            "2375680" : 3,
            "2408448" : 1,
            "2441216" : 1,
            "2506752" : 3,
            "2539520" : 3,
            "2572288" : 1,
            "2637824" : 2,
            "2703360" : 1,
            "2834432" : 1,
            "2965504" : 1,
            "3031040" : 1,
            "3129344" : 1,
            "3194880" : 1,
            "3260416" : 1,
            "3293184" : 1,
            "3325952" : 1,
            "3522560" : 1,
            "3719168" : 1,
            "3751936" : 1,
            "3915776" : 1,
            "3948544" : 1,
            "4014080" : 1,
            "4046848" : 2,
            "4227072" : 1,
            "4751360" : 1,
            "4947968" : 1,
            "5013504" : 1,
            "5341184" : 1,
            "5406720" : 1,
            "6651904" : 1,
            "6979584" : 1
          }
        },
        "bw_min" : 171856,
        "bw_max" : 282648,
        "bw_agg" : 100.000000,
        "bw_mean" : 256735.575960,
        "bw_dev" : 17882.398401,
        "bw_samples" : 599,
        "iops_min" : 42964,
        "iops_max" : 70662,
        "iops_mean" : 64183.893155,
        "iops_stddev" : 4470.599032,
        "iops_samples" : 599
      },
      "write" : {
        "io_bytes" : 78824054784,
        "io_kbytes" : 76976616,
        "bw_bytes" : 262745973,
        "bw" : 256587,
        "iops" : 64146.966177,
        "runtime" : 300001,
        "total_ios" : 19244154,
        "short_ios" : 0,
        "drop_ios" : 0,
        "slat_ns" : {
          "min" : 0,
          "max" : 0,
          "mean" : 0.000000,
          "stddev" : 0.000000,
          "N" : 0
        },
        "clat_ns" : {
          "min" : 845,
          "max" : 7336520,
          "mean" : 2423.550829,
          "stddev" : 3634.570421,
          "N" : 19244154,
          "percentile" : {
            "1.000000" : 1080,
            "5.000000" : 1112,
            "10.000000" : 1144,
            "20.000000" : 1384,
            "30.000000" : 1512,
            "40.000000" : 1608,
            "50.000000" : 1784,
            "60.000000" : 2128,
            "70.000000" : 2352,
            "80.000000" : 2704,
            "90.000000" : 5216,
            "95.000000" : 5984,
            "99.000000" : 8640,
            "99.500000" : 10048,
            "99.900000" : 14272,
            "99.950000" : 20608,
            "99.990000" : 49408
          },
          "bins" : {
            "844" : 1,
            "852" : 39,
            "860" : 544,
            "868" : 3366,
            "876" : 8501,
            "884" : 13928,
            "892" : 14796,
            "900" : 11771,
            "908" : 7690,
            "916" : 4571,
            "924" : 2868,
            "932" : 1698,
            "940" : 1032,
            "948" : 670,
            "956" : 405,
            "964" : 338,
            "972" : 455,
            "980" : 835,
            "988" : 974,
            "996" : 1022,
            "1004" : 1145,
            "1012" : 1744,
            "1020" : 2926,
            "1032" : 9813,
            "1048" : 10501,
            "1064" : 23284,
            "1080" : 208060,
            "1096" : 443989,
            "1112" : 517932,
            "1128" : 558016,
            "1144" : 474984,
            "1160" : 344087,
            "1176" : 275737,
            "1192" : 187555,
            "1208" : 122835,
            "1224" : 86462,
            "1240" : 63220,
            "1256" : 50265,
            "1272" : 40024,
            "1288" : 36114,
            "1304" : 35910,
            "1320" : 39730,
            "1336" : 50578,
            "1352" : 68254,
            "1368" : 96560,
            "1384" : 116050,
            "1400" : 122423,
            "1416" : 136033,
            "1432" : 179764,
            "1448" : 284374,
            "1464" : 369272,
            "1480" : 366322,
            "1496" : 365248,
            "1512" : 364506,
            "1528" : 369926,
            "1544" : 339163,
            "1560" : 283602,
            "1576" : 244656,
            "1592" : 198605,
            "1608" : 172448,
            "1624" : 152918,
            "1640" : 139362,
            "1656" : 139135,
            "1672" : 137655,
            "1688" : 152750,
            "1704" : 171690,
            "1720" : 187172,
            "1736" : 207154,
            "1752" : 207513,
            "1768" : 209029,
            "1784" : 198669,
            "1800" : 174832,
            "1816" : 159834,
            "1832" : 137767,
            "1848" : 125524,
            "1864" : 114211,
            "1880" : 102636,
            "1896" : 97534,
            "1912" : 86721,
            "1928" : 78768,
            "1944" : 70450,
            "1960" : 60015,
            "1976" : 55313,
            "1992" : 50684,
            "2008" : 51754,
            "2024" : 55415,
            "2040" : 60697,
            "2064" : 148298,
            "2096" : 188402,
            "2128" : 228902,
            "2160" : 264206,
            "2192" : 275277,
            "2224" : 255701,
            "2256" : 235632,
            "2288" : 229967,
            "2320" : 251436,
            "2352" : 278068,
            "2384" : 283467,
            "2416" : 268792,
            "2448" : 241874,
            "2480" : 220896,
            "2512" : 205509,
            "2544" : 186358,
            "2576" : 164618,
            "2608" : 135314,
            "2640" : 108659,
            "2672" : 87676,
            "2704" : 71140,
            "2736" : 60022,
            "2768" : 51430,
            "2800" : 46993,
            "2832" : 43870,
            "2864" : 42118,
            "2896" : 40929,
            "2928" : 38856,
            "2960" : 37467,
            "2992" : 35395,
            "3024" : 33074,
            "3056" : 31296,
            "3088" : 29448,
            "3120" : 27765,
            "3152" : 26650,
            "3184" : 25738,
            "3216" : 24845,
            "3248" : 23407,
            "3280" : 22632,
            "3312" : 21759,
            "3344" : 21618,
            "3376" : 21384,
            "3408" : 20932,
            "3440" : 20943,
            "3472" : 20462,
            "3504" : 20664,
            "3536" : 20619,
            "3568" : 20014,
            "3600" : 19775,
            "3632" : 19775,
            "3664" : 19378,
            "3696" : 19220,
            "3728" : 18880,
            "3760" : 19027,
            "3792" : 19130,
            "3824" : 19367,
            "3856" : 19087,
            "3888" : 19282,
            "3920" : 19175,
            "3952" : 18820,
            "3984" : 18420,
            "4016" : 18386,
            "4048" : 17748,
            "4080" : 17919,
            "4128" : 34793,
            "4192" : 33733,
            "4256" : 32350,
            "4320" : 31218,
            "4384" : 30251,
            "4448" : 29893,
            "4512" : 29680,
            "4576" : 29526,
            "4640" : 31294,
            "4704" : 33520,
            "4768" : 37366,
            "4832" : 41514,
            "4896" : 47397,
            "4960" : 53732,
            "5024" : 56553,
            "5088" : 61731,
            "5152" : 69589,
            "5216" : 76103,
            "5280" : 84706,
            "5344" : 86278,
            "5408" : 81839,
            "5472" : 81619,
            "5536" : 83485,
            "5600" : 85902,
            "5664" : 86737,
            "5728" : 88289,
            "5792" : 87168,
            "5856" : 83046,
            "5920" : 79768,
            "5984" : 74663,
            "6048" : 67876,
            "6112" : 59711,
            "6176" : 53062,
            "6240" : 48521,
            "6304" : 43077,
            "6368" : 37716,
            "6432" : 33184,
            "6496" : 26811,
            "6560" : 22825,
            "6624" : 19111,
            "6688" : 16207,
            "6752" : 14399,
            "6816" : 12672,
            "6880" : 11603,
            "6944" : 10521,
            "7008" : 10119,
            "7072" : 9555,
            "7136" : 8903,
            "7200" : 8890,
            "7264" : 9786,
            "7328" : 11722,
            "7392" : 13886,
            "7456" : 14943,
            "7520" : 14015,
            "7584" : 11651,
            "7648" : 9749,
            "7712" : 8571,
            "7776" : 7500,
            "7840" : 7011,
            "7904" : 6513,
            "7968" : 6714,
            "8032" : 6574,
            "8096" : 6710,
            "8160" : 6843,
            "8256" : 14050,
            "8384" : 14179,
            "8512" : 13351,
            "8640" : 12121,
            "8768" : 11096,
            "8896" : 10036,
            "9024" : 9587,
            "9152" : 9019,
            "9280" : 8406,
            "9408" : 7807,
            "9536" : 7168,
            "9664" : 6664,
            "9792" : 6213,
            "9920" : 5820,
            "10048" : 5568,
            "10176" : 5201,
            "10304" : 4703,
            "10432" : 4503,
            "10560" : 4343,
            "10688" : 4264,
            "10816" : 4374,
            "10944" : 4130,
            "11072" : 4026,
            "11200" : 3662,
            "11328" : 3400,
            "11456" : 3130,
            "11584" : 2900,
            "11712" : 2664,
            "11840" : 2420,
            "11968" : 2300,
            "12096" : 2141,
            "12224" : 2011,
            "12352" : 1881,
            "12480" : 1759,
            "12608" : 1536,
            "12736" : 1416,
            "12864" : 1262,
            "12992" : 1164,
            "13120" : 1044,
            "13248" : 942,
            "13376" : 903,
            "13504" : 905,
            "13632" : 773,
            "13760" : 715,
            "13888" : 641,
            "14016" : 571,
            "14144" : 549,
            "14272" : 472,
            "14400" : 464,
            "14528" : 436,
            "14656" : 418,
            "14784" : 392,
            "14912" : 382,
            "15040" : 331,
            "15168" : 328,
            "15296" : 305,
            "15424" : 278,
            "15552" : 246,
            "15680" : 254,
            "15808" : 234,
            "15936" : 239,
            "16064" : 231,
            "16192" : 188,
            "16320" : 197,
            "16512" : 405,
            "16768" : 377,
            "17024" : 297,
            "17280" : 297,
            "17536" : 287,
            "17792" : 313,
            "18048" : 261,
            "18304" : 280,
            "18560" : 248,
            "18816" : 268,
            "19072" : 247,
            "19328" : 231,
            "19584" : 213,
            "19840" : 199,
            "20096" : 205,
            "20352" : 176,
            "20608" : 207,
            "20864" : 180,
            "21120" : 205,
            "21376" : 210,
            "21632" : 165,
            "21888" : 168,
            "22144" : 163,
            "22400" : 175,
            "22656" : 155,
            "22912" : 172,
            "23168" : 116,
            "23424" : 149,
            "23680" : 129,
            "23936" : 163,
            "24192" : 130,
            "24448" : 146,
            "24704" : 135,
            "24960" : 128,
            "25216" : 121,
            "25472" : 108,
            "25728" : 116,
            "25984" : 101,
            "26240" : 116,
            "26496" : 105,
            "26752" : 109,
            "27008" : 112,
            "27264" : 99,
            "27520" : 104,
            "27776" : 77,
            "28032" : 82,
            "28288" : 95,
            "28544" : 88,
            "28800" : 96,
            "29056" : 78,
            "29312" : 84,
            "29568" : 82,
            "29824" : 79,
            "30080" : 92,
            "30336" : 73,
            "30592" : 71,
            "30848" : 61,
            "31104" : 62,
            "31360" : 57,
            "31616" : 59,
            "31872" : 76,
            "32128" : 61,
            "32384" : 83,
            "32640" : 59,
            "33024" : 115,
            "33536" : 128,
            "34048" : 128,
            "34560" : 91,
            "35072" : 91,
            "35584" : 91,
            "36096" : 116,
            "36608" : 87,
            "37120" : 92,
            "37632" : 71,
            "38144" : 76,
            "38656" : 76,
            "39168" : 74,
            "39680" : 77,
            "40192" : 74,
            "40704" : 64,
            "41216" : 63,
            "41728" : 61,
            "42240" : 67,
            "42752" : 49,
            "43264" : 57,
            "43776" : 45,
            "44288" : 45,
            "44800" : 49,
            "45312" : 58,
            "45824" : 47,
            "46336" : 56,
            "46848" : 44,
            "47360" : 45,
            "47872" : 55,
            "48384" : 47,
            "48896" : 42,
            "49408" : 51,
            "49920" : 36,
            "50432" : 38,
            "50944" : 47,
            "51456" : 30,
            "51968" : 37,
            "52480" : 35,
            "52992" : 32,
            "53504" : 44,
            "54016" : 27,
            "54528" : 35,
            "55040" : 23,
            "55552" : 32,
            "56064" : 30,
            "56576" : 25,
            "57088" : 26,
            "57600" : 18,
            "58112" : 21,
            "58624" : 18,
            "59136" : 15,
            "59648" : 25,
            "60160" : 21,
            "60672" : 19,
            "61184" : 20,
            "61696" : 14,
            "62208" : 15,
            "62720" : 22,
            "63232" : 18,
            "63744" : 18,
            "64256" : 18,
            "64768" : 22,
            "65280" : 25,
            "66048" : 45,
            "67072" : 39,
            "68096" : 42,
            "69120" : 33,
            "70144" : 25,
            "71168" : 33,
            "72192" : 27,
            "73216" : 15,
            "74240" : 21,
            "75264" : 15,
            "76288" : 26,
            "77312" : 8,
            "78336" : 19,
            "79360" : 18,
            "80384" : 11,
            "81408" : 18,
            "82432" : 21,
            "83456" : 15,
            "84480" : 10,
            "85504" : 11,
            "86528" : 23,
            "87552" : 15,
            "88576" : 14,
            "89600" : 13,
            "90624" : 10,
            "91648" : 6,
            "92672" : 10,
            "93696" : 15,
            "94720" : 9,
            "95744" : 13,
            "96768" : 11,
            "97792" : 8,
            "98816" : 10,
            "99840" : 15,
            "100864" : 8,
            "101888" : 15,
            "102912" : 10,
            "103936" : 9,
            "104960" : 5,
            "105984" : 9,
            "107008" : 15,
            "108032" : 11,
            "109056" : 11,
            "110080" : 14,
            "111104" : 9,
            "112128" : 9,
            "113152" : 9,
            "114176" : 10,
            "115200" : 11,
            "116224" : 6,
            "117248" : 8,
            "118272" : 9,
            "119296" : 4,
            "120320" : 9,
            "121344" : 6,
            "122368" : 10,
            "123392" : 6,
            "124416" : 6,
            "125440" : 2,
            "126464" : 5,
            "127488" : 3,
            "128512" : 4,
            "129536" : 6,
            "130560" : 8,
            "132096" : 9,
            "134144" : 6,
            "136192" : 1,
            "138240" : 4,
            "140288" : 3,
            "142336" : 2,
            "144384" : 2,
            "146432" : 5,
            "148480" : 2,
            "150528" : 1,
            "152576" : 2,
            "156672" : 2,
            "158720" : 1,
            "160768" : 3,
            "162816" : 1,
            "164864" : 3,
            "166912" : 3,
            "168960" : 2,
            "171008" : 2,
            "173056" : 3,
            "175104" : 2,
            "177152" : 3,
            "179200" : 1,
            "181248" : 1,
            "185344" : 2,
            "187392" : 3,
            "189440" : 1,
            "191488" : 3,
            "195584" : 1,
            "199680" : 1,
            "203776" : 1,
            "205824" : 1,
            "207872" : 1,
            "211968" : 1,
            "214016" : 2,
            "218112" : 1,
            "220160" : 1,
            "224256" : 3,
            "228352" : 1,
            "230400" : 2,
            "232448" : 1,
            "234496" : 3,
            "236544" : 1,
            "246784" : 2,
            "248832" : 2,
            "252928" : 1,
            "254976" : 2,
            "257024" : 1,
            "259072" : 1,
            "261120" : 1,
            "268288" : 1,
            "272384" : 3,
            "280576" : 2,
            "288768" : 4,
            "301056" : 1,
            "305152" : 2,
            "309248" : 2,
            "313344" : 3,
            "317440" : 2,
            "321536" : 2,
            "325632" : 1,
            "329728" : 1,
            "337920" : 1,
            "342016" : 2,
            "350208" : 2,
            "354304" : 1,
            "374784" : 2,
            "378880" : 1,
            "382976" : 1,
            "387072" : 1,
            "399360" : 1,
            "403456" : 1,
            "419840" : 1,
            "423936" : 1,
            "428032" : 1,
            "432128" : 1,
            "440320" : 1,
            "448512" : 2,
            "468992" : 3,
            "481280" : 1,
            "489472" : 1,
            "505856" : 1,
            "509952" : 1,
            "514048" : 1,
            "528384" : 1,
            "569344" : 1,
            "593920" : 1,
            "602112" : 2,
            "610304" : 1,
            "618496" : 1,
            "626688" : 1,
            "643072" : 1,
            "667648" : 1,
            "708608" : 1,
            "765952" : 1,
            "815104" : 1,
            "823296" : 1,
            "847872" : 1,
            "880640" : 1,
            "946176" : 2,
            "962560" : 1,
            "995328" : 1,
            "1056768" : 1,
            "1105920" : 1,
            "1171456" : 1,
            "1187840" : 1,
            "1204224" : 1,
            "1269760" : 1,
            "1630208" : 2,
            "1646592" : 1,
            "1679360" : 1,
            "1744896" : 1,
            "1777664" : 1,
            "1810432" : 1,
            "1957888" : 1,
            "1974272" : 1,
            "2023424" : 1,
            "2146304" : 1,
            "2179072" : 1,
            "2310144" : 1,
            "2572288" : 1,
            "6979584" : 1,
            "7307264" : 1
          }
        },
        "lat_ns" : {
          "min" : 894,
          "max" : 7336569,
          "mean" : 2518.970307,
          "stddev" : 3706.499805,
          "N" : 19244154,
          "percentile" : {
            "1.000000" : 1128,
            "5.000000" : 1160,
            "10.000000" : 1192,
            "20.000000" : 1432,
            "30.000000" : 1560,
            "40.000000" : 1688,
            "50.000000" : 1864,
            "60.000000" : 2192,
            "70.000000" : 2448,
            "80.000000" : 2832,
            "90.000000" : 5408,
            "95.000000" : 6112,
            "99.000000" : 8896,
            "99.500000" : 10432,
            "99.900000" : 14656,
            "99.950000" : 21120,
            "99.990000" : 50432
          },
          "bins" : {
            "892" : 4,
            "900" : 169,
            "908" : 1404,
            "916" : 4344,
            "924" : 8954,
            "932" : 11501,
            "940" : 12851,
            "948" : 11944,
            "956" : 8366,
            "964" : 5159,
            "972" : 3032,
            "980" : 1832,
            "988" : 1111,
            "996" : 714,
            "1004" : 458,
            "1012" : 367,
            "1020" : 415,
            "1032" : 1424,
            "1048" : 2250,
            "1064" : 3820,
            "1080" : 7162,
            "1096" : 10270,
            "1112" : 36262,
            "1128" : 202103,
            "1144" : 348816,
            "1160" : 436193,
            "1176" : 516393,
            "1192" : 485230,
            "1208" : 384565,
            "1224" : 304522,
            "1240" : 224279,
            "1256" : 151664,
            "1272" : 99009,
            "1288" : 74772,
            "1304" : 56367,
            "1320" : 42560,
            "1336" : 36866,
            "1352" : 34774,
            "1368" : 39451,
            "1384" : 47457,
            "1400" : 60289,
            "1416" : 85910,
            "1432" : 104640,
            "1448" : 115352,
            "1464" : 123500,
            "1480" : 153966,
            "1496" : 233925,
            "1512" : 301569,
            "1528" : 333880,
            "1544" : 330401,
            "1560" : 321729,
            "1576" : 336449,
            "1592" : 319967,
            "1608" : 299999,
            "1624" : 268411,
            "1640" : 235116,
            "1656" : 215641,
            "1672" : 188797,
            "1688" : 173829,
            "1704" : 158401,
            "1720" : 143957,
            "1736" : 145808,
            "1752" : 152634,
            "1768" : 174501,
            "1784" : 196526,
            "1800" : 204421,
            "1816" : 211834,
            "1832" : 200148,
            "1848" : 189987,
            "1864" : 172770,
            "1880" : 151519,
            "1896" : 140696,
            "1912" : 124631,
            "1928" : 117827,
            "1944" : 109330,
            "1960" : 96679,
            "1976" : 87724,
            "1992" : 75522,
            "2008" : 67457,
            "2024" : 60562,
            "2040" : 54157,
            "2064" : 109776,
            "2096" : 128220,
            "2128" : 146944,
            "2160" : 163517,
            "2192" : 191621,
            "2224" : 230103,
            "2256" : 263097,
            "2288" : 263114,
            "2320" : 245354,
            "2352" : 234516,
            "2384" : 245954,
            "2416" : 269842,
            "2448" : 273353,
            "2480" : 256551,
            "2512" : 231829,
            "2544" : 212156,
            "2576" : 201283,
            "2608" : 186822,
            "2640" : 168695,
            "2672" : 145324,
            "2704" : 119384,
            "2736" : 97643,
            "2768" : 77738,
            "2800" : 64135,
            "2832" : 55231,
            "2864" : 48734,
            "2896" : 45668,
            "2928" : 42549,
            "2960" : 40485,
            "2992" : 39454,
            "3024" : 37695,
            "3056" : 36544,
            "3088" : 33997,
            "3120" : 32282,
            "3152" : 30589,
            "3184" : 29086,
            "3216" : 27900,
            "3248" : 25997,
            "3280" : 24753,
            "3312" : 23537,
            "3344" : 22752,
            "3376" : 22027,
            "3408" : 21094,
            "3440" : 20686,
            "3472" : 20495,
            "3504" : 20053,
            "3536" : 20124,
            "3568" : 19599,
            "3600" : 19527,
            "3632" : 19285,
            "3664" : 19399,
            "3696" : 19357,
            "3728" : 18836,
            "3760" : 18972,
            "3792" : 18447,
            "3824" : 18338,
            "3856" : 18326,
            "3888" : 18102,
            "3920" : 18109,
            "3952" : 18188,
            "3984" : 18355,
            "4016" : 18462,
            "4048" : 18364,
            "4080" : 17928,
            "4128" : 35474,
            "4192" : 34885,
            "4256" : 33934,
            "4320" : 33121,
            "4384" : 31813,
            "4448" : 31254,
            "4512" : 30688,
            "4576" : 30029,
            "4640" : 30178,
            "4704" : 31032,
            "4768" : 33399,
            "4832" : 36805,
            "4896" : 40437,
            "4960" : 46052,
            "5024" : 52621,
            "5088" : 58528,
            "5152" : 63415,
            "5216" : 69236,
            "5280" : 76348,
            "5344" : 84121,
            "5408" : 89399,
            "5472" : 87689,
            "5536" : 84639,
            "5600" : 87178,
            "5664" : 86550,
            "5728" : 87838,
            "5792" : 91326,
            "5856" : 92077,
            "5920" : 90506,
            "5984" : 85773,
            "6048" : 80249,
            "6112" : 73594,
            "6176" : 64709,
            "6240" : 58249,
            "6304" : 52569,
            "6368" : 47217,
            "6432" : 41269,
            "6496" : 35398,
            "6560" : 29886,
            "6624" : 24862,
            "6688" : 21026,
            "6752" : 18283,
            "6816" : 15912,
            "6880" : 14130,
            "6944" : 12398,
            "7008" : 11343,
            "7072" : 10700,
            "7136" : 10114,
            "7200" : 9694,
            "7264" : 9330,
            "7328" : 9989,
            "7392" : 11861,
            "7456" : 13789,
            "7520" : 15291,
            "7584" : 14846,
            "7648" : 13252,
            "7712" : 11658,
            "7776" : 10176,
            "7840" : 8935,
            "7904" : 7729,
            "7968" : 7123,
            "8032" : 7188,
            "8096" : 6936,
            "8160" : 7136,
            "8256" : 14296,
            "8384" : 14826,
            "8512" : 14454,
            "8640" : 13195,
            "8768" : 12191,
            "8896" : 11174,
            "9024" : 10418,
            "9152" : 9984,
            "9280" : 9484,
            "9408" : 8961,
            "9536" : 8086,
            "9664" : 7700,
            "9792" : 7149,
            "9920" : 6599,
            "10048" : 6415,
            "10176" : 6024,
            "10304" : 5713,
            "10432" : 5278,
            "10560" : 4859,
            "10688" : 4755,
            "10816" : 4609,
            "10944" : 4648,
            "11072" : 4533,
            "11200" : 4355,
            "11328" : 4055,
            "11456" : 3719,
            "11584" : 3440,
            "11712" : 3218,
            "11840" : 2956,
            "11968" : 2648,
            "12096" : 2538,
            "12224" : 2332,
            "12352" : 2271,
            "12480" : 2033,
            "12608" : 1952,
            "12736" : 1818,
            "12864" : 1517,
            "12992" : 1428,
            "13120" : 1302,
            "13248" : 1189,
            "13376" : 1073,
            "13504" : 1026,
            "13632" : 957,
            "13760" : 886,
            "13888" : 776,
            "14016" : 709,
            "14144" : 648,
            "14272" : 585,
            "14400" : 593,
            "14528" : 513,
            "14656" : 451,
            "14784" : 476,
            "14912" : 456,
            "15040" : 402,
            "15168" : 352,
            "15296" : 352,
            "15424" : 353,
            "15552" : 269,
            "15680" : 306,
            "15808" : 276,
            "15936" : 262,
            "16064" : 270,
            "16192" : 236,
            "16320" : 212,
            "16512" : 396,
            "16768" : 419,
            "17024" : 353,
            "17280" : 318,
            "17536" : 318,
            "17792" : 334,
            "18048" : 290,
            "18304" : 289,
            "18560" : 281,
            "18816" : 256,
            "19072" : 285,
            "19328" : 226,
            "19584" : 233,
            "19840" : 215,
            "20096" : 213,
            "20352" : 198,
            "20608" : 209,
            "20864" : 200,
            "21120" : 193,
            "21376" : 213,
            "21632" : 192,
            "21888" : 180,
            "22144" : 178,
            "22400" : 162,
            "22656" : 187,
            "22912" : 162,
            "23168" : 145,
            "23424" : 137,
            "23680" : 149,
            "23936" : 155,
            "24192" : 149,
            "24448" : 156,
            "24704" : 140,
            "24960" : 134,
            "25216" : 121,
            "25472" : 129,
            "25728" : 115,
            "25984" : 135,
            "26240" : 107,
            "26496" : 113,
            "26752" : 95,
            "27008" : 125,
            "27264" : 99,
            "27520" : 110,
            "27776" : 85,
            "28032" : 90,
            "28288" : 96,
            "28544" : 88,
            "28800" : 103,
            "29056" : 80,
            "29312" : 89,
            "29568" : 83,
            "29824" : 86,
            "30080" : 71,
            "30336" : 88,
            "30592" : 82,
            "30848" : 76,
            "31104" : 60,
            "31360" : 61,
            "31616" : 56,
            "31872" : 76,
            "32128" : 63,
            "32384" : 89,
            "32640" : 65,
            "33024" : 122,
            "33536" : 130,
            "34048" : 132,
            "34560" : 101,
            "35072" : 92,
            "35584" : 94,
            "36096" : 116,
            "36608" : 107,
            "37120" : 91,
            "37632" : 74,
            "38144" : 86,
            "38656" : 64,
            "39168" : 81,
            "39680" : 80,
            "40192" : 78,
            "40704" : 70,
            "41216" : 66,
            "41728" : 64,
            "42240" : 66,
            "42752" : 56,
            "43264" : 60,
            "43776" : 51,
            "44288" : 47,
            "44800" : 55,
            "45312" : 56,
            "45824" : 53,
            "46336" : 56,
            "46848" : 55,
            "47360" : 40,
            "47872" : 56,
            "48384" : 53,
            "48896" : 41,
            "49408" : 54,
            "49920" : 41,
            "50432" : 40,
            "50944" : 45,
            "51456" : 35,
            "51968" : 40,
            "52480" : 38,
            "52992" : 30,
            "53504" : 49,
            "54016" : 27,
            "54528" : 35,
            "55040" : 29,
            "55552" : 29,
            "56064" : 36,
            "56576" : 25,
            "57088" : 32,
            "57600" : 16,
            "58112" : 22,
            "58624" : 16,
            "59136" : 15,
            "59648" : 26,
            "60160" : 22,
            "60672" : 19,
            "61184" : 20,
            "61696" : 19,
            "62208" : 12,
            "62720" : 18,
            "63232" : 23,
            "63744" : 18,
            "64256" : 17,
            "64768" : 26,
            "65280" : 20,
            "66048" : 54,
            "67072" : 37,
            "68096" : 40,
            "69120" : 39,
            "70144" : 26,
            "71168" : 28,
            "72192" : 29,
            "73216" : 20,
            "74240" : 21,
            "75264" : 17,
            "76288" : 30,
            "77312" : 11,
            "78336" : 17,
            "79360" : 20,
            "80384" : 13,
            "81408" : 17,
            "82432" : 19,
            "83456" : 17,
            "84480" : 12,
            "85504" : 11,
            "86528" : 20,
            "87552" : 19,
            "88576" : 14,
            "89600" : 15,
            "90624" : 10,
            "91648" : 7,
            "92672" : 8,
            "93696" : 18,
            "94720" : 10,
            "95744" : 10,
            "96768" : 13,
            "97792" : 8,
            "98816" : 11,
            "99840" : 13,
            "100864" : 10,
            "101888" : 17,
            "102912" : 8,
            "103936" : 9,
            "104960" : 7,
            "105984" : 5,
            "107008" : 18,
            "108032" : 14,
            "109056" : 11,
            "110080" : 14,
            "111104" : 9,
            "112128" : 8,
            "113152" : 10,
            "114176" : 10,
            "115200" : 12,
            "116224" : 5,
            "117248" : 10,
            "118272" : 9,
            "119296" : 5,
            "120320" : 9,
            "121344" : 6,
            "122368" : 8,
            "123392" : 9,
            "124416" : 7,
            "125440" : 4,
            "126464" : 4,
            "127488" : 5,
            "128512" : 4,
            "129536" : 4,
            "130560" : 6,
            "132096" : 14,
            "134144" : 7,
            "138240" : 6,
            "140288" : 3,
            "142336" : 2,
            "144384" : 3,
            "146432" : 5,
            "148480" : 2,
            "150528" : 2,
            "152576" : 3,
            "156672" : 2,
            "158720" : 2,
            "160768" : 2,
            "162816" : 1,
            "164864" : 3,
            "166912" : 3,
            "168960" : 2,
            "171008" : 3,
            "173056" : 3,
            "175104" : 2,
            "177152" : 3,
            "179200" : 2,
            "181248" : 1,
            "185344" : 2,
            "187392" : 3,
            "189440" : 1,
            "191488" : 3,
            "195584" : 1,
            "199680" : 2,
            "201728" : 1,
            "203776" : 1,
            "207872" : 1,
            "209920" : 1,
            "211968" : 1,
            "214016" : 1,
            "216064" : 1,
            "218112" : 1,
            "220160" : 1,
            "224256" : 3,
            "228352" : 1,
            "230400" : 2,
            "232448" : 1,
            "234496" : 2,
            "236544" : 2,
            "246784" : 2,
            "248832" : 2,
            "252928" : 2,
            "254976" : 2,
            "257024" : 1,
            "259072" : 1,
            "261120" : 1,
            "268288" : 1,
            "272384" : 4,
            "280576" : 2,
            "288768" : 3,
            "292864" : 1,
            "301056" : 1,
            "305152" : 2,
            "309248" : 2,
            "313344" : 3,
            "317440" : 2,
            "321536" : 2,
            "325632" : 1,
            "329728" : 1,
            "337920" : 1,
            "342016" : 2,
            "350208" : 2,
            "354304" : 1,
            "374784" : 2,
            "378880" : 1,
            "382976" : 1,
            "387072" : 1,
            "399360" : 1,
            "403456" : 1,
            "419840" : 1,
            "423936" : 1,
            "428032" : 1,
            "432128" : 1,
            "440320" : 1,
            "448512" : 2,
            "468992" : 2,
            "473088" : 1,
            "481280" : 1,
            "489472" : 1,
            "505856" : 1,
            "509952" : 1,
            "514048" : 1,
            "528384" : 1,
            "569344" : 1,
            "593920" : 1,
            "602112" : 2,
            "610304" : 1,
            "618496" : 1,
            "626688" : 1,
            "643072" : 1,
            "667648" : 1,
            "708608" : 1,
            "765952" : 1,
            "815104" : 1,
            "823296" : 1,
            "847872" : 1,
            "880640" : 1,
            "946176" : 1,
            "954368" : 1,
            "962560" : 1,
            "995328" : 1,
            "1056768" : 1,
            "1105920" : 1,
            "1171456" : 1,
            "1187840" : 1,
            "1204224" : 1,
            "1269760" : 1,
            "1368064" : 1,
            "1630208" : 2,
            "1646592" : 1,
            "1679360" : 1,
            "1744896" : 1,
            "1777664" : 1,
            "1810432" : 1,
            "1957888" : 1,
            "1990656" : 1,
            "2023424" : 1,
            "2039808" : 1,
            "2146304" : 1,
            "2179072" : 1,
            "2310144" : 1,
            "2572288" : 1,
            "6979584" : 1,
            "7307264" : 1
          }
        },
        "bw_min" : 169576,
        "bw_max" : 286936,
        "bw_agg" : 100.000000,
        "bw_mean" : 256666.051753,
        "bw_dev" : 17989.576954,
        "bw_samples" : 599,
        "iops_min" : 42394,
        "iops_max" : 71734,
        "iops_mean" : 64166.515860,
        "iops_stddev" : 4497.389837,
        "iops_samples" : 599
      },
      "trim" : {
        "io_bytes" : 0,
        "io_kbytes" : 0,
        "bw_bytes" : 0,
        "bw" : 0,
        "iops" : 0.000000,
        "runtime" : 0,
        "total_ios" : 0,
        "short_ios" : 0,
        "drop_ios" : 0,
        "slat_ns" : {
          "min" : 0,
          "max" : 0,
          "mean" : 0.000000,
          "stddev" : 0.000000,
          "N" : 0
        },
        "clat_ns" : {
          "min" : 0,
          "max" : 0,
          "mean" : 0.000000,
          "stddev" : 0.000000,
          "N" : 0
        },
        "lat_ns" : {
          "min" : 0,
          "max" : 0,
          "mean" : 0.000000,
          "stddev" : 0.000000,
          "N" : 0
        },
        "bw_min" : 0,
        "bw_max" : 0,
        "bw_agg" : 0.000000,
        "bw_mean" : 0.000000,
        "bw_dev" : 0.000000,
        "bw_samples" : 0,
        "iops_min" : 0,
        "iops_max" : 0,
        "iops_mean" : 0.000000,
        "iops_stddev" : 0.000000,
        "iops_samples" : 0
      },
      "sync" : {
        "total_ios" : 0,
        "lat_ns" : {
          "min" : 0,
          "max" : 0,
          "mean" : 0.000000,
          "stddev" : 0.000000,
          "N" : 0
        }
      },
      "job_runtime" : 300000,
      "usr_cpu" : 14.101000,
      "sys_cpu" : 67.857000,
      "ctx" : 11556996,
      "majf" : 0,
      "minf" : 20,
      "iodepth_level" : {
        "1" : 100.000000,
        "2" : 0.000000,
        "4" : 0.000000,
        "8" : 0.000000,
        "16" : 0.000000,
        "32" : 0.000000,
        ">=64" : 0.000000
      },
      "iodepth_submit" : {
        "0" : 0.000000,
        "4" : 100.000000,
        "8" : 0.000000,
        "16" : 0.000000,
        "32" : 0.000000,
        "64" : 0.000000,
        ">=64" : 0.000000
      },
      "iodepth_complete" : {
        "0" : 0.000000,
        "4" : 100.000000,
        "8" : 0.000000,
        "16" : 0.000000,
        "32" : 0.000000,
        "64" : 0.000000,
        ">=64" : 0.000000
      },
      "latency_ns" : {
        "2" : 0.000000,
        "4" : 0.000000,
        "10" : 0.000000,
        "20" : 0.000000,
        "50" : 0.000000,
        "100" : 0.000000,
        "250" : 0.000000,
        "500" : 0.000000,
        "750" : 5.522866,
        "1000" : 11.905128
      },
      "latency_us" : {
        "2" : 31.935197,
        "4" : 14.595995,
        "10" : 17.696505,
        "20" : 17.242189,
        "50" : 1.058352,
        "100" : 0.032143,
        "250" : 0.010000,
        "500" : 0.010000,
        "750" : 0.010000,
        "1000" : 0.010000
      },
      "latency_ms" : {
        "2" : 0.010000,
        "4" : 0.010000,
        "10" : 0.010000,
        "20" : 0.000000,
        "50" : 0.000000,
        "100" : 0.000000,
        "250" : 0.000000,
        "500" : 0.000000,
        "750" : 0.000000,
        "1000" : 0.000000,
        "2000" : 0.000000,
        ">=2000" : 0.000000
      },
      "latency_depth" : 1,
      "latency_target" : 0,
      "latency_percentile" : 100.000000,
      "latency_window" : 0
    }
  ],
  "disk_util" : [
    {
      "name" : "loop26",
      "read_ios" : 10429133,
      "write_ios" : 19139181,
      "read_merges" : 0,
      "write_merges" : 0,
      "read_ticks" : 82276,
      "write_ticks" : 196651,
      "in_queue" : 32,
      "util" : 99.991997
    }
  ]
}
