{
  "fio version" : "fio-3.32-36-g5932",
  "timestamp" : 1663477716,
  "timestamp_ms" : 1663477716529,
  "time" : "Sun Sep 18 07:08:36 2022",
  "global options" : {
    "size" : "256K",
    "rw" : "randrw",
    "bs" : "4K",
    "numjobs" : "1",
    "iodepth" : "1",
    "runtime" : "300",
    "end_fsync" : "1",
    "lat_percentiles" : "1",
    "slat_percentiles" : "1",
    "clat_percentiles" : "1"
  },
  "jobs" : [
    {
      "jobname" : "random-rw",
      "groupid" : 0,
      "error" : 0,
      "eta" : 0,
      "elapsed" : 301,
      "job options" : {
        "name" : "random-rw"
      },
      "read" : {
        "io_bytes" : 69830557696,
        "io_kbytes" : 68193904,
        "bw_bytes" : 232767749,
        "bw" : 227312,
        "iops" : 56828.063906,
        "runtime" : 300001,
        "total_ios" : 17048476,
        "short_ios" : 0,
        "drop_ios" : 0,
        "slat_ns" : {
          "min" : 0,
          "max" : 0,
          "mean" : 0.000000,
          "stddev" : 0.000000,
          "N" : 0
        },
        "clat_ns" : {
          "min" : 603,
          "max" : 6293240,
          "mean" : 11653.893355,
          "stddev" : 10030.760048,
          "N" : 17048476,
          "percentile" : {
            "1.000000" : 9408,
            "5.000000" : 9792,
            "10.000000" : 9920,
            "20.000000" : 10048,
            "30.000000" : 10560,
            "40.000000" : 10688,
            "50.000000" : 10816,
            "60.000000" : 10944,
            "70.000000" : 11072,
            "80.000000" : 11712,
            "90.000000" : 14272,
            "95.000000" : 17280,
            "99.000000" : 22912,
            "99.500000" : 26240,
            "99.900000" : 43264,
            "99.950000" : 58112,
            "99.990000" : 148480
          },
          "bins" : {
            "604" : 6,
            "612" : 53,
            "620" : 187,
            "628" : 210,
            "636" : 179,
            "644" : 219,
            "652" : 206,
            "660" : 205,
            "668" : 236,
            "676" : 219,
            "684" : 276,
            "692" : 186,
            "700" : 236,
            "708" : 250,
            "716" : 272,
            "724" : 325,
            "732" : 375,
            "740" : 420,
            "748" : 333,
            "756" : 357,
            "764" : 448,
            "772" : 485,
            "780" : 480,
            "788" : 508,
            "796" : 502,
            "804" : 491,
            "812" : 462,
            "820" : 453,
            "828" : 345,
            "836" : 342,
            "844" : 318,
            "852" : 257,
            "860" : 208,
            "868" : 162,
            "876" : 142,
            "884" : 133,
            "892" : 75,
            "900" : 57,
            "908" : 84,
            "916" : 44,
            "924" : 52,
            "932" : 39,
            "940" : 37,
            "948" : 41,
            "956" : 28,
            "964" : 30,
            "972" : 32,
            "980" : 33,
            "988" : 32,
            "996" : 21,
            "1004" : 22,
            "1012" : 32,
            "1020" : 31,
            "1032" : 64,
            "1048" : 56,
            "1064" : 57,
            "1080" : 43,
            "1096" : 56,
            "1112" : 37,
            "1128" : 49,
            "1144" : 46,
            "1160" : 42,
            "1176" : 45,
            "1192" : 44,
            "1208" : 40,
            "1224" : 49,
            "1240" : 43,
            "1256" : 37,
            "1272" : 49,
            "1288" : 53,
            "1304" : 55,
            "1320" : 47,
            "1336" : 44,
            "1352" : 34,
            "1368" : 31,
            "1384" : 29,
            "1400" : 32,
            "1416" : 25,
            "1432" : 24,
            "1448" : 24,
            "1464" : 20,
            "1480" : 15,
            "1496" : 22,
            "1512" : 16,
            "1528" : 23,
            "1544" : 12,
            "1560" : 7,
            "1576" : 12,
            "1592" : 10,
            "1608" : 9,
            "1624" : 8,
            "1640" : 10,
            "1656" : 11,
            "1672" : 6,
            "1688" : 11,
            "1704" : 3,
            "1720" : 9,
            "1736" : 6,
            "1752" : 2,
            "1768" : 8,
            "1784" : 6,
            "1800" : 5,
            "1816" : 5,
            "1832" : 3,
            "1848" : 8,
            "1864" : 3,
            "1880" : 4,
            "1896" : 7,
            "1912" : 5,
            "1928" : 2,
            "1960" : 7,
            "1976" : 2,
            "2008" : 3,
            "2024" : 2,
            "2040" : 2,
            "2064" : 1,
            "2096" : 4,
            "2128" : 2,
            "2160" : 1,
            "2192" : 2,
            "2224" : 4,
            "2256" : 2,
            "2320" : 1,
            "2352" : 1,
            "2448" : 2,
            "2512" : 2,
            "2544" : 2,
            "2576" : 3,
            "2608" : 2,
            "2640" : 2,
            "2672" : 1,
            "2704" : 1,
            "2736" : 2,
            "2800" : 1,
            "2896" : 2,
            "2928" : 1,
            "2992" : 1,
            "3024" : 1,
            "3056" : 1,
            "3088" : 1,
            "3120" : 3,
            "3216" : 1,
            "3248" : 1,
            "3312" : 1,
            "3344" : 1,
            "3376" : 3,
            "3472" : 1,
            "3600" : 1,
            "3632" : 1,
            "3664" : 1,
            "3696" : 1,
            "3728" : 1,
            "3952" : 1,
            "4048" : 1,
            "4384" : 2,
            "4576" : 1,
            "5152" : 1,
            "5920" : 16,
            "5984" : 539,
            "6048" : 5729,
            "6112" : 15803,
            "6176" : 20499,
            "6240" : 22466,
            "6304" : 22827,
            "6368" : 17795,
            "6432" : 11976,
            "6496" : 6665,
            "6560" : 3753,
            "6624" : 2072,
            "6688" : 1252,
            "6752" : 752,
            "6816" : 452,
            "6880" : 289,
            "6944" : 269,
            "7008" : 549,
            "7072" : 1073,
            "7136" : 1351,
            "7200" : 1763,
            "7264" : 1764,
            "7328" : 1408,
            "7392" : 1039,
            "7456" : 766,
            "7520" : 623,
            "7584" : 634,
            "7648" : 637,
            "7712" : 623,
            "7776" : 598,
            "7840" : 523,
            "7904" : 366,
            "7968" : 314,
            "8032" : 221,
            "8096" : 186,
            "8160" : 137,
            "8256" : 215,
            "8384" : 180,
            "8512" : 219,
            "8640" : 208,
            "8768" : 189,
            "8896" : 208,
            "9024" : 255,
            "9152" : 776,
            "9280" : 7036,
            "9408" : 40957,
            "9536" : 109739,
            "9664" : 213818,
            "9792" : 677642,
            "9920" : 1336769,
            "10048" : 1094383,
            "10176" : 491903,
            "10304" : 238637,
            "10432" : 250712,
            "10560" : 678135,
            "10688" : 2275672,
            "10816" : 2597391,
            "10944" : 1312774,
            "11072" : 507544,
            "11200" : 218672,
            "11328" : 174227,
            "11456" : 331078,
            "11584" : 490928,
            "11712" : 454751,
            "11840" : 297231,
            "11968" : 145770,
            "12096" : 84192,
            "12224" : 70395,
            "12352" : 78328,
            "12480" : 99993,
            "12608" : 105501,
            "12736" : 92409,
            "12864" : 80566,
            "12992" : 71382,
            "13120" : 66049,
            "13248" : 62754,
            "13376" : 61056,
            "13504" : 61336,
            "13632" : 61068,
            "13760" : 59191,
            "13888" : 56596,
            "14016" : 53027,
            "14144" : 49102,
            "14272" : 45819,
            "14400" : 43609,
            "14528" : 41625,
            "14656" : 40913,
            "14784" : 39919,
            "14912" : 39964,
            "15040" : 38973,
            "15168" : 37441,
            "15296" : 36444,
            "15424" : 34866,
            "15552" : 33396,
            "15680" : 32933,
            "15808" : 32640,
            "15936" : 33523,
            "16064" : 34700,
            "16192" : 35161,
            "16320" : 35869,
            "16512" : 71882,
            "16768" : 68040,
            "17024" : 62745,
            "17280" : 57042,
            "17536" : 51547,
            "17792" : 47794,
            "18048" : 46518,
            "18304" : 47632,
            "18560" : 45923,
            "18816" : 42020,
            "19072" : 38992,
            "19328" : 37063,
            "19584" : 35910,
            "19840" : 33434,
            "20096" : 29744,
            "20352" : 26691,
            "20608" : 24683,
            "20864" : 22377,
            "21120" : 21240,
            "21376" : 19892,
            "21632" : 18073,
            "21888" : 16636,
            "22144" : 15204,
            "22400" : 13910,
            "22656" : 12698,
            "22912" : 11571,
            "23168" : 10481,
            "23424" : 9603,
            "23680" : 8775,
            "23936" : 8029,
            "24192" : 7338,
            "24448" : 6969,
            "24704" : 6490,
            "24960" : 5997,
            "25216" : 5415,
            "25472" : 5022,
            "25728" : 4601,
            "25984" : 4282,
            "26240" : 3932,
            "26496" : 3433,
            "26752" : 3159,
            "27008" : 2982,
            "27264" : 2787,
            "27520" : 2553,
            "27776" : 2434,
            "28032" : 2134,
            "28288" : 1994,
            "28544" : 1886,
            "28800" : 1788,
            "29056" : 1578,
            "29312" : 1526,
            "29568" : 1502,
            "29824" : 1310,
            "30080" : 1285,
            "30336" : 1186,
            "30592" : 1206,
            "30848" : 1025,
            "31104" : 1009,
            "31360" : 1028,
            "31616" : 975,
            "31872" : 899,
            "32128" : 869,
            "32384" : 812,
            "32640" : 865,
            "33024" : 1564,
            "33536" : 1486,
            "34048" : 1481,
            "34560" : 1450,
            "35072" : 1362,
            "35584" : 1339,
            "36096" : 1338,
            "36608" : 1283,
            "37120" : 1238,
            "37632" : 1221,
            "38144" : 1203,
            "38656" : 1168,
            "39168" : 1096,
            "39680" : 1137,
            "40192" : 1028,
            "40704" : 892,
            "41216" : 888,
            "41728" : 794,
            "42240" : 723,
            "42752" : 645,
            "43264" : 620,
            "43776" : 530,
            "44288" : 531,
            "44800" : 436,
            "45312" : 457,
            "45824" : 411,
            "46336" : 354,
            "46848" : 373,
            "47360" : 335,
            "47872" : 353,
            "48384" : 313,
            "48896" : 284,
            "49408" : 273,
            "49920" : 257,
            "50432" : 244,
            "50944" : 228,
            "51456" : 228,
            "51968" : 239,
            "52480" : 262,
            "52992" : 259,
            "53504" : 260,
            "54016" : 238,
            "54528" : 259,
            "55040" : 211,
            "55552" : 223,
            "56064" : 197,
            "56576" : 178,
            "57088" : 177,
            "57600" : 164,
            "58112" : 156,
            "58624" : 129,
            "59136" : 107,
            "59648" : 131,
            "60160" : 95,
            "60672" : 112,
            "61184" : 102,
            "61696" : 89,
            "62208" : 89,
            "62720" : 94,
            "63232" : 90,
            "63744" : 82,
            "64256" : 60,
            "64768" : 74,
            "65280" : 69,
            "66048" : 141,
            "67072" : 128,
            "68096" : 150,
            "69120" : 159,
            "70144" : 129,
            "71168" : 137,
            "72192" : 139,
            "73216" : 113,
            "74240" : 117,
            "75264" : 132,
            "76288" : 102,
            "77312" : 118,
            "78336" : 125,
            "79360" : 112,
            "80384" : 135,
            "81408" : 148,
            "82432" : 138,
            "83456" : 158,
            "84480" : 152,
            "85504" : 150,
            "86528" : 132,
            "87552" : 92,
            "88576" : 82,
            "89600" : 88,
            "90624" : 89,
            "91648" : 62,
            "92672" : 65,
            "93696" : 76,
            "94720" : 74,
            "95744" : 83,
            "96768" : 73,
            "97792" : 60,
            "98816" : 64,
            "99840" : 61,
            "100864" : 54,
            "101888" : 83,
            "102912" : 62,
            "103936" : 60,
            "104960" : 54,
            "105984" : 54,
            "107008" : 51,
            "108032" : 61,
            "109056" : 61,
            "110080" : 53,
            "111104" : 46,
            "112128" : 50,
            "113152" : 37,
            "114176" : 44,
            "115200" : 35,
            "116224" : 42,
            "117248" : 44,
            "118272" : 39,
            "119296" : 37,
            "120320" : 32,
            "121344" : 29,
            "122368" : 46,
            "123392" : 28,
            "124416" : 28,
            "125440" : 38,
            "126464" : 35,
            "127488" : 23,
            "128512" : 31,
            "129536" : 30,
            "130560" : 24,
            "132096" : 71,
            "134144" : 54,
            "136192" : 54,
            "138240" : 34,
            "140288" : 41,
            "142336" : 32,
            "144384" : 33,
            "146432" : 38,
            "148480" : 40,
            "150528" : 31,
            "152576" : 41,
            "154624" : 37,
            "156672" : 20,
            "158720" : 25,
            "160768" : 10,
            "162816" : 17,
            "164864" : 13,
            "166912" : 11,
            "168960" : 10,
            "171008" : 9,
            "173056" : 9,
            "175104" : 10,
            "177152" : 5,
            "179200" : 7,
            "181248" : 9,
            "183296" : 7,
            "185344" : 5,
            "187392" : 9,
            "189440" : 11,
            "191488" : 9,
            "193536" : 5,
            "195584" : 4,
            "197632" : 13,
            "199680" : 7,
            "201728" : 7,
            "203776" : 13,
            "205824" : 7,
            "207872" : 6,
            "209920" : 5,
            "211968" : 4,
            "214016" : 2,
            "216064" : 5,
            "218112" : 4,
            "220160" : 5,
            "222208" : 4,
            "224256" : 4,
            "226304" : 10,
            "228352" : 4,
            "232448" : 1,
            "234496" : 2,
            "236544" : 5,
            "238592" : 5,
            "240640" : 3,
            "242688" : 4,
            "244736" : 8,
            "246784" : 6,
            "248832" : 6,
            "250880" : 6,
            "252928" : 6,
            "254976" : 4,
            "257024" : 4,
            "259072" : 7,
            "261120" : 8,
            "264192" : 15,
            "268288" : 24,
            "272384" : 31,
            "276480" : 27,
            "280576" : 35,
            "284672" : 32,
            "288768" : 30,
            "292864" : 29,
            "296960" : 20,
            "301056" : 23,
            "305152" : 13,
            "309248" : 11,
            "313344" : 15,
            "317440" : 7,
            "321536" : 10,
            "325632" : 7,
            "329728" : 10,
            "333824" : 10,
            "337920" : 5,
            "342016" : 6,
            "346112" : 5,
            "350208" : 3,
            "354304" : 5,
            "358400" : 4,
            "362496" : 4,
            "366592" : 3,
            "370688" : 2,
            "374784" : 3,
            "378880" : 6,
            "382976" : 2,
            "387072" : 7,
            "391168" : 2,
            "395264" : 5,
            "399360" : 5,
            "403456" : 2,
            "407552" : 2,
            "411648" : 6,
            "415744" : 8,
            "419840" : 17,
            "423936" : 18,
            "428032" : 6,
            "432128" : 12,
            "436224" : 8,
            "440320" : 17,
            "444416" : 8,
            "448512" : 4,
            "452608" : 4,
            "456704" : 7,
            "460800" : 4,
            "464896" : 4,
            "468992" : 7,
            "473088" : 6,
            "477184" : 5,
            "481280" : 1,
            "485376" : 3,
            "489472" : 5,
            "493568" : 4,
            "497664" : 8,
            "501760" : 3,
            "505856" : 2,
            "509952" : 2,
            "514048" : 3,
            "518144" : 1,
            "522240" : 2,
            "528384" : 8,
            "536576" : 7,
            "544768" : 3,
            "552960" : 4,
            "561152" : 5,
            "569344" : 2,
            "577536" : 2,
            "585728" : 1,
            "593920" : 2,
            "602112" : 1,
            "610304" : 4,
            "634880" : 1,
            "651264" : 1,
            "675840" : 1,
            "692224" : 1,
            "716800" : 2,
            "749568" : 1,
            "757760" : 1,
            "765952" : 1,
            "774144" : 1,
            "782336" : 1,
            "790528" : 7,
            "798720" : 5,
            "806912" : 4,
            "815104" : 2,
            "823296" : 1,
            "831488" : 2,
            "839680" : 1,
            "847872" : 1,
            "872448" : 3,
            "880640" : 2,
            "888832" : 1,
            "913408" : 4,
            "921600" : 1,
            "937984" : 1,
            "946176" : 1,
            "954368" : 3,
            "970752" : 5,
            "978944" : 4,
            "987136" : 6,
            "995328" : 8,
            "1003520" : 9,
            "1011712" : 9,
            "1019904" : 15,
            "1028096" : 24,
            "1036288" : 19,
            "1044480" : 26,
            "1056768" : 39,
            "1073152" : 47,
            "1089536" : 26,
            "1105920" : 15,
            "1122304" : 19,
            "1138688" : 16,
            "1155072" : 8,
            "1171456" : 8,
            "1187840" : 10,
            "1204224" : 6,
            "1220608" : 6,
            "1236992" : 14,
            "1253376" : 7,
            "1269760" : 6,
            "1286144" : 4,
            "1302528" : 6,
            "1318912" : 5,
            "1335296" : 4,
            "1351680" : 4,
            "1368064" : 3,
            "1384448" : 2,
            "1400832" : 2,
            "1417216" : 1,
            "1433600" : 2,
            "1449984" : 3,
            "1466368" : 3,
            "1499136" : 3,
            "1515520" : 2,
            "1531904" : 1,
            "1548288" : 1,
            "1564672" : 1,
            "1581056" : 2,
            "1597440" : 1,
            "1613824" : 1,
            "1646592" : 1,
            "1679360" : 1,
            "1712128" : 1,
            "1777664" : 3,
            "1794048" : 2,
            "1810432" : 2,
            "1859584" : 1,
            "1957888" : 1,
            "1990656" : 1,
            "2039808" : 1,
            "2056192" : 1,
            "2179072" : 1,
            "2211840" : 1,
            "2244608" : 2,
            "2277376" : 3,
            "2310144" : 6,
            "2342912" : 10,
            "2375680" : 12,
            "2408448" : 7,
            "2441216" : 8,
            "2539520" : 1,
            "2899968" : 1,
            "2965504" : 1,
            "3096576" : 1,
            "3129344" : 10,
            "3162112" : 7,
            "3194880" : 6,
            "3227648" : 6,
            "3260416" : 1,
            "3293184" : 1,
            "3358720" : 1,
            "3424256" : 1,
            "3555328" : 1,
            "3948544" : 2,
            "4014080" : 1,
            "4046848" : 1,
            "4489216" : 1,
            "5603328" : 1,
            "5996544" : 1,
            "6324224" : 1
          }
        },
        "lat_ns" : {
          "min" : 633,
          "max" : 6293281,
          "mean" : 11704.605146,
          "stddev" : 10049.561931,
          "N" : 17048476,
          "percentile" : {
            "1.000000" : 9408,
            "5.000000" : 9792,
            "10.000000" : 9920,
            "20.000000" : 10176,
            "30.000000" : 10688,
            "40.000000" : 10816,
            "50.000000" : 10816,
            "60.000000" : 10944,
            "70.000000" : 11200,
            "80.000000" : 11840,
            "90.000000" : 14400,
            "95.000000" : 17280,
            "99.000000" : 23168,
            "99.500000" : 26240,
            "99.900000" : 43776,
            "99.950000" : 58624,
            "99.990000" : 148480
          },
          "bins" : {
            "636" : 8,
            "644" : 59,
            "652" : 179,
            "660" : 204,
            "668" : 199,
            "676" : 193,
            "684" : 177,
            "692" : 178,
            "700" : 172,
            "708" : 209,
            "716" : 212,
            "724" : 194,
            "732" : 221,
            "740" : 182,
            "748" : 223,
            "756" : 228,
            "764" : 271,
            "772" : 368,
            "780" : 374,
            "788" : 411,
            "796" : 365,
            "804" : 435,
            "812" : 460,
            "820" : 469,
            "828" : 543,
            "836" : 481,
            "844" : 524,
            "852" : 515,
            "860" : 432,
            "868" : 360,
            "876" : 333,
            "884" : 312,
            "892" : 268,
            "900" : 223,
            "908" : 175,
            "916" : 145,
            "924" : 110,
            "932" : 95,
            "940" : 79,
            "948" : 73,
            "956" : 44,
            "964" : 38,
            "972" : 37,
            "980" : 35,
            "988" : 31,
            "996" : 28,
            "1004" : 39,
            "1012" : 25,
            "1020" : 23,
            "1032" : 49,
            "1048" : 68,
            "1064" : 54,
            "1080" : 56,
            "1096" : 52,
            "1112" : 57,
            "1128" : 50,
            "1144" : 42,
            "1160" : 34,
            "1176" : 39,
            "1192" : 36,
            "1208" : 42,
            "1224" : 51,
            "1240" : 32,
            "1256" : 42,
            "1272" : 40,
            "1288" : 36,
            "1304" : 39,
            "1320" : 32,
            "1336" : 34,
            "1352" : 28,
            "1368" : 48,
            "1384" : 42,
            "1400" : 40,
            "1416" : 43,
            "1432" : 38,
            "1448" : 40,
            "1464" : 38,
            "1480" : 37,
            "1496" : 33,
            "1512" : 24,
            "1528" : 28,
            "1544" : 19,
            "1560" : 17,
            "1576" : 23,
            "1592" : 18,
            "1608" : 14,
            "1624" : 20,
            "1640" : 12,
            "1656" : 11,
            "1672" : 13,
            "1688" : 11,
            "1704" : 11,
            "1720" : 8,
            "1736" : 6,
            "1752" : 6,
            "1768" : 13,
            "1784" : 11,
            "1800" : 7,
            "1816" : 10,
            "1832" : 7,
            "1848" : 3,
            "1864" : 8,
            "1880" : 5,
            "1896" : 5,
            "1912" : 7,
            "1928" : 3,
            "1944" : 9,
            "1960" : 2,
            "1976" : 4,
            "1992" : 3,
            "2008" : 4,
            "2024" : 6,
            "2040" : 5,
            "2064" : 10,
            "2096" : 5,
            "2128" : 3,
            "2160" : 2,
            "2192" : 6,
            "2224" : 1,
            "2256" : 5,
            "2288" : 2,
            "2320" : 1,
            "2352" : 3,
            "2384" : 2,
            "2416" : 2,
            "2448" : 3,
            "2544" : 1,
            "2608" : 1,
            "2640" : 1,
            "2672" : 2,
            "2704" : 1,
            "2736" : 2,
            "2768" : 3,
            "2800" : 2,
            "2832" : 1,
            "2864" : 1,
            "2896" : 1,
            "2928" : 1,
            "2960" : 1,
            "2992" : 2,
            "3024" : 1,
            "3088" : 1,
            "3120" : 1,
            "3152" : 2,
            "3216" : 1,
            "3248" : 1,
            "3280" : 1,
            "3440" : 1,
            "3472" : 2,
            "3504" : 1,
            "3568" : 2,
            "3600" : 1,
            "3664" : 1,
            "3760" : 2,
            "3952" : 1,
            "3984" : 1,
            "4048" : 2,
            "4256" : 1,
            "4448" : 1,
            "4640" : 1,
            "5152" : 1,
            "5920" : 1,
            "5984" : 68,
            "6048" : 1720,
            "6112" : 9502,
            "6176" : 18296,
            "6240" : 20944,
            "6304" : 22693,
            "6368" : 21346,
            "6432" : 15740,
            "6496" : 9938,
            "6560" : 5550,
            "6624" : 3029,
            "6688" : 1766,
            "6752" : 1080,
            "6816" : 629,
            "6880" : 397,
            "6944" : 250,
            "7008" : 359,
            "7072" : 729,
            "7136" : 1200,
            "7200" : 1469,
            "7264" : 1816,
            "7328" : 1620,
            "7392" : 1239,
            "7456" : 833,
            "7520" : 602,
            "7584" : 593,
            "7648" : 593,
            "7712" : 646,
            "7776" : 597,
            "7840" : 578,
            "7904" : 544,
            "7968" : 404,
            "8032" : 324,
            "8096" : 234,
            "8160" : 192,
            "8256" : 287,
            "8384" : 206,
            "8512" : 213,
            "8640" : 205,
            "8768" : 205,
            "8896" : 188,
            "9024" : 234,
            "9152" : 469,
            "9280" : 3518,
            "9408" : 25209,
            "9536" : 84908,
            "9664" : 165695,
            "9792" : 470922,
            "9920" : 1159521,
            "10048" : 1271433,
            "10176" : 663878,
            "10304" : 288328,
            "10432" : 229693,
            "10560" : 433719,
            "10688" : 1689826,
            "10816" : 2772208,
            "10944" : 1740251,
            "11072" : 702224,
            "11200" : 281429,
            "11328" : 168997,
            "11456" : 256391,
            "11584" : 451475,
            "11712" : 481555,
            "11840" : 362378,
            "11968" : 191813,
            "12096" : 101350,
            "12224" : 73997,
            "12352" : 74091,
            "12480" : 92920,
            "12608" : 107229,
            "12736" : 97195,
            "12864" : 84758,
            "12992" : 73702,
            "13120" : 67233,
            "13248" : 63381,
            "13376" : 60697,
            "13504" : 59952,
            "13632" : 60302,
            "13760" : 59380,
            "13888" : 57247,
            "14016" : 54167,
            "14144" : 50412,
            "14272" : 46869,
            "14400" : 43857,
            "14528" : 41715,
            "14656" : 40374,
            "14784" : 40128,
            "14912" : 39475,
            "15040" : 39288,
            "15168" : 38168,
            "15296" : 36811,
            "15424" : 35637,
            "15552" : 34172,
            "15680" : 33169,
            "15808" : 32538,
            "15936" : 32750,
            "16064" : 33720,
            "16192" : 34526,
            "16320" : 35079,
            "16512" : 71548,
            "16768" : 69423,
            "17024" : 64024,
            "17280" : 59120,
            "17536" : 53202,
            "17792" : 49088,
            "18048" : 46459,
            "18304" : 47097,
            "18560" : 47128,
            "18816" : 43363,
            "19072" : 39687,
            "19328" : 37255,
            "19584" : 36295,
            "19840" : 34336,
            "20096" : 31138,
            "20352" : 27628,
            "20608" : 25304,
            "20864" : 23122,
            "21120" : 21466,
            "21376" : 20413,
            "21632" : 18816,
            "21888" : 17309,
            "22144" : 15750,
            "22400" : 14477,
            "22656" : 13062,
            "22912" : 12267,
            "23168" : 10933,
            "23424" : 9983,
            "23680" : 9169,
            "23936" : 8429,
            "24192" : 7561,
            "24448" : 7165,
            "24704" : 6700,
            "24960" : 6256,
            "25216" : 5752,
            "25472" : 5260,
            "25728" : 4757,
            "25984" : 4569,
            "26240" : 4142,
            "26496" : 3670,
            "26752" : 3347,
            "27008" : 3087,
            "27264" : 2877,
            "27520" : 2681,
            "27776" : 2467,
            "28032" : 2275,
            "28288" : 2102,
            "28544" : 1913,
            "28800" : 1857,
            "29056" : 1654,
            "29312" : 1577,
            "29568" : 1552,
            "29824" : 1368,
            "30080" : 1315,
            "30336" : 1219,
            "30592" : 1214,
            "30848" : 1101,
            "31104" : 1022,
            "31360" : 1041,
            "31616" : 987,
            "31872" : 924,
            "32128" : 888,
            "32384" : 828,
            "32640" : 893,
            "33024" : 1584,
            "33536" : 1514,
            "34048" : 1494,
            "34560" : 1456,
            "35072" : 1351,
            "35584" : 1366,
            "36096" : 1338,
            "36608" : 1307,
            "37120" : 1250,
            "37632" : 1229,
            "38144" : 1206,
            "38656" : 1182,
            "39168" : 1121,
            "39680" : 1146,
            "40192" : 1045,
            "40704" : 900,
            "41216" : 870,
            "41728" : 808,
            "42240" : 746,
            "42752" : 646,
            "43264" : 631,
            "43776" : 540,
            "44288" : 528,
            "44800" : 451,
            "45312" : 482,
            "45824" : 410,
            "46336" : 355,
            "46848" : 363,
            "47360" : 365,
            "47872" : 348,
            "48384" : 321,
            "48896" : 290,
            "49408" : 287,
            "49920" : 252,
            "50432" : 250,
            "50944" : 223,
            "51456" : 246,
            "51968" : 228,
            "52480" : 263,
            "52992" : 265,
            "53504" : 251,
            "54016" : 253,
            "54528" : 253,
            "55040" : 215,
            "55552" : 231,
            "56064" : 197,
            "56576" : 173,
            "57088" : 176,
            "57600" : 171,
            "58112" : 164,
            "58624" : 128,
            "59136" : 113,
            "59648" : 124,
            "60160" : 102,
            "60672" : 112,
            "61184" : 98,
            "61696" : 90,
            "62208" : 94,
            "62720" : 97,
            "63232" : 98,
            "63744" : 75,
            "64256" : 62,
            "64768" : 77,
            "65280" : 68,
            "66048" : 143,
            "67072" : 133,
            "68096" : 148,
            "69120" : 163,
            "70144" : 123,
            "71168" : 140,
            "72192" : 137,
            "73216" : 116,
            "74240" : 117,
            "75264" : 137,
            "76288" : 100,
            "77312" : 117,
            "78336" : 129,
            "79360" : 108,
            "80384" : 137,
            "81408" : 152,
            "82432" : 137,
            "83456" : 160,
            "84480" : 150,
            "85504" : 146,
            "86528" : 137,
            "87552" : 94,
            "88576" : 84,
            "89600" : 88,
            "90624" : 84,
            "91648" : 66,
            "92672" : 68,
            "93696" : 72,
            "94720" : 77,
            "95744" : 80,
            "96768" : 78,
            "97792" : 60,
            "98816" : 64,
            "99840" : 62,
            "100864" : 53,
            "101888" : 83,
            "102912" : 62,
            "103936" : 62,
            "104960" : 53,
            "105984" : 55,
            "107008" : 50,
            "108032" : 59,
            "109056" : 66,
            "110080" : 55,
            "111104" : 43,
            "112128" : 51,
            "113152" : 39,
            "114176" : 43,
            "115200" : 34,
            "116224" : 46,
            "117248" : 42,
            "118272" : 38,
            "119296" : 40,
            "120320" : 29,
            "121344" : 31,
            "122368" : 45,
            "123392" : 29,
            "124416" : 32,
            "125440" : 35,
            "126464" : 38,
            "127488" : 22,
            "128512" : 27,
            "129536" : 33,
            "130560" : 23,
            "132096" : 71,
            "134144" : 56,
            "136192" : 55,
            "138240" : 35,
            "140288" : 42,
            "142336" : 34,
            "144384" : 33,
            "146432" : 37,
            "148480" : 40,
            "150528" : 34,
            "152576" : 40,
            "154624" : 40,
            "156672" : 21,
            "158720" : 25,
            "160768" : 10,
            "162816" : 15,
            "164864" : 15,
            "166912" : 11,
            "168960" : 9,
            "171008" : 10,
            "173056" : 9,
            "175104" : 10,
            "177152" : 5,
            "179200" : 7,
            "181248" : 9,
            "183296" : 6,
            "185344" : 6,
            "187392" : 9,
            "189440" : 11,
            "191488" : 9,
            "193536" : 4,
            "195584" : 5,
            "197632" : 13,
            "199680" : 7,
            "201728" : 7,
            "203776" : 12,
            "205824" : 8,
            "207872" : 6,
            "209920" : 4,
            "211968" : 5,
            "214016" : 2,
            "216064" : 5,
            "218112" : 4,
            "220160" : 5,
            "222208" : 4,
            "224256" : 3,
            "226304" : 10,
            "228352" : 5,
            "232448" : 1,
            "234496" : 2,
            "236544" : 5,
            "238592" : 5,
            "240640" : 3,
            "242688" : 3,
            "244736" : 9,
            "246784" : 5,
            "248832" : 7,
            "250880" : 6,
            "252928" : 6,
            "254976" : 4,
            "257024" : 4,
            "259072" : 7,
            "261120" : 8,
            "264192" : 15,
            "268288" : 24,
            "272384" : 30,
            "276480" : 26,
            "280576" : 37,
            "284672" : 32,
            "288768" : 28,
            "292864" : 30,
            "296960" : 21,
            "301056" : 22,
            "305152" : 13,
            "309248" : 12,
            "313344" : 15,
            "317440" : 7,
            "321536" : 10,
            "325632" : 6,
            "329728" : 11,
            "333824" : 10,
            "337920" : 5,
            "342016" : 6,
            "346112" : 5,
            "350208" : 3,
            "354304" : 5,
            "358400" : 4,
            "362496" : 4,
            "366592" : 3,
            "370688" : 2,
            "374784" : 3,
            "378880" : 6,
            "382976" : 2,
            "387072" : 7,
            "391168" : 2,
            "395264" : 5,
            "399360" : 5,
            "403456" : 2,
            "407552" : 2,
            "411648" : 6,
            "415744" : 8,
            "419840" : 16,
            "423936" : 19,
            "428032" : 6,
            "432128" : 12,
            "436224" : 8,
            "440320" : 17,
            "444416" : 8,
            "448512" : 4,
            "452608" : 4,
            "456704" : 7,
            "460800" : 4,
            "464896" : 4,
            "468992" : 7,
            "473088" : 6,
            "477184" : 5,
            "481280" : 1,
            "485376" : 3,
            "489472" : 5,
            "493568" : 4,
            "497664" : 8,
            "501760" : 3,
            "505856" : 2,
            "509952" : 2,
            "514048" : 3,
            "518144" : 1,
            "522240" : 2,
            "528384" : 8,
            "536576" : 7,
            "544768" : 3,
            "552960" : 4,
            "561152" : 5,
            "569344" : 2,
            "577536" : 2,
            "585728" : 1,
            "593920" : 2,
            "602112" : 1,
            "610304" : 4,
            "634880" : 1,
            "651264" : 1,
            "675840" : 1,
            "692224" : 1,
            "716800" : 2,
            "749568" : 1,
            "757760" : 1,
            "765952" : 1,
            "774144" : 1,
            "782336" : 1,
            "790528" : 7,
            "798720" : 5,
            "806912" : 4,
            "815104" : 2,
            "823296" : 1,
            "831488" : 2,
            "839680" : 1,
            "847872" : 1,
            "872448" : 3,
            "880640" : 2,
            "888832" : 1,
            "913408" : 4,
            "921600" : 1,
            "937984" : 1,
            "946176" : 1,
            "954368" : 3,
            "970752" : 5,
            "978944" : 4,
            "987136" : 6,
            "995328" : 8,
            "1003520" : 9,
            "1011712" : 9,
            "1019904" : 15,
            "1028096" : 24,
            "1036288" : 19,
            "1044480" : 26,
            "1056768" : 39,
            "1073152" : 47,
            "1089536" : 26,
            "1105920" : 15,
            "1122304" : 19,
            "1138688" : 16,
            "1155072" : 8,
            "1171456" : 8,
            "1187840" : 10,
            "1204224" : 6,
            "1220608" : 6,
            "1236992" : 14,
            "1253376" : 7,
            "1269760" : 6,
            "1286144" : 4,
            "1302528" : 6,
            "1318912" : 5,
            "1335296" : 4,
            "1351680" : 4,
            "1368064" : 3,
            "1384448" : 2,
            "1400832" : 2,
            "1417216" : 1,
            "1433600" : 2,
            "1449984" : 3,
            "1466368" : 3,
            "1499136" : 3,
            "1515520" : 2,
            "1531904" : 1,
            "1548288" : 1,
            "1564672" : 1,
            "1581056" : 2,
            "1597440" : 1,
            "1613824" : 1,
            "1646592" : 1,
            "1679360" : 1,
            "1712128" : 1,
            "1777664" : 3,
            "1794048" : 2,
            "1810432" : 2,
            "1859584" : 1,
            "1957888" : 1,
            "1990656" : 1,
            "2039808" : 1,
            "2056192" : 1,
            "2113536" : 1,
            "2179072" : 1,
            "2211840" : 1,
            "2244608" : 2,
            "2277376" : 3,
            "2310144" : 6,
            "2342912" : 10,
            "2375680" : 12,
            "2408448" : 7,
            "2441216" : 8,
            "2539520" : 1,
            "2899968" : 1,
            "2965504" : 1,
            "3096576" : 1,
            "3129344" : 9,
            "3162112" : 8,
            "3194880" : 6,
            "3227648" : 6,
            "3260416" : 1,
            "3293184" : 1,
            "3358720" : 1,
            "3424256" : 1,
            "3555328" : 1,
            "3948544" : 2,
            "4014080" : 1,
            "4046848" : 1,
            "4489216" : 1,
            "5603328" : 1,
            "5996544" : 1,
            "6324224" : 1
          }
        },
        "bw_min" : 200952,
        "bw_max" : 310320,
        "bw_agg" : 100.000000,
        "bw_mean" : 227391.492487,
        "bw_dev" : 6733.678766,
        "bw_samples" : 599,
        "iops_min" : 50238,
        "iops_max" : 77580,
        "iops_mean" : 56847.794658,
        "iops_stddev" : 1683.428238,
        "iops_samples" : 599
      },
      "write" : {
        "io_bytes" : 69810483200,
        "io_kbytes" : 68174300,
        "bw_bytes" : 232700834,
        "bw" : 227246,
        "iops" : 56811.727294,
        "runtime" : 300001,
        "total_ios" : 17043575,
        "short_ios" : 0,
        "drop_ios" : 0,
        "slat_ns" : {
          "min" : 0,
          "max" : 0,
          "mean" : 0.000000,
          "stddev" : 0.000000,
          "N" : 0
        },
        "clat_ns" : {
          "min" : 1012,
          "max" : 3274925,
          "mean" : 2141.531970,
          "stddev" : 3419.219099,
          "N" : 17043575,
          "percentile" : {
            "1.000000" : 1416,
            "5.000000" : 1432,
            "10.000000" : 1448,
            "20.000000" : 1480,
            "30.000000" : 1496,
            "40.000000" : 1592,
            "50.000000" : 2192,
            "60.000000" : 2256,
            "70.000000" : 2288,
            "80.000000" : 2352,
            "90.000000" : 2864,
            "95.000000" : 3504,
            "99.000000" : 5408,
            "99.500000" : 6112,
            "99.900000" : 10944,
            "99.950000" : 15424,
            "99.990000" : 34048
          },
          "bins" : {
            "1012" : 1,
            "1020" : 4,
            "1032" : 9,
            "1048" : 21,
            "1064" : 17,
            "1080" : 86,
            "1096" : 322,
            "1112" : 494,
            "1128" : 735,
            "1144" : 826,
            "1160" : 752,
            "1176" : 688,
            "1192" : 548,
            "1208" : 426,
            "1224" : 386,
            "1240" : 299,
            "1256" : 236,
            "1272" : 190,
            "1288" : 123,
            "1304" : 103,
            "1320" : 76,
            "1336" : 142,
            "1352" : 1320,
            "1368" : 7421,
            "1384" : 15459,
            "1400" : 65029,
            "1416" : 371907,
            "1432" : 813300,
            "1448" : 1050828,
            "1464" : 1049550,
            "1480" : 968838,
            "1496" : 832109,
            "1512" : 590433,
            "1528" : 420710,
            "1544" : 280285,
            "1560" : 171948,
            "1576" : 113294,
            "1592" : 80282,
            "1608" : 66839,
            "1624" : 59125,
            "1640" : 50755,
            "1656" : 43595,
            "1672" : 33833,
            "1688" : 27367,
            "1704" : 21401,
            "1720" : 16368,
            "1736" : 13358,
            "1752" : 10320,
            "1768" : 8153,
            "1784" : 6579,
            "1800" : 5190,
            "1816" : 4265,
            "1832" : 3516,
            "1848" : 3194,
            "1864" : 3148,
            "1880" : 3674,
            "1896" : 4921,
            "1912" : 6212,
            "1928" : 7699,
            "1944" : 8297,
            "1960" : 8101,
            "1976" : 7798,
            "1992" : 6770,
            "2008" : 6142,
            "2024" : 5235,
            "2040" : 4583,
            "2064" : 8850,
            "2096" : 22851,
            "2128" : 108098,
            "2160" : 386831,
            "2192" : 836406,
            "2224" : 1225887,
            "2256" : 1339725,
            "2288" : 1114085,
            "2320" : 799799,
            "2352" : 549511,
            "2384" : 374946,
            "2416" : 262901,
            "2448" : 178961,
            "2480" : 127818,
            "2512" : 97476,
            "2544" : 79465,
            "2576" : 70665,
            "2608" : 66308,
            "2640" : 67657,
            "2672" : 70111,
            "2704" : 66608,
            "2736" : 60832,
            "2768" : 51629,
            "2800" : 43038,
            "2832" : 36526,
            "2864" : 33090,
            "2896" : 30960,
            "2928" : 29448,
            "2960" : 28156,
            "2992" : 28058,
            "3024" : 31377,
            "3056" : 43834,
            "3088" : 63389,
            "3120" : 83922,
            "3152" : 94824,
            "3184" : 89346,
            "3216" : 73781,
            "3248" : 54705,
            "3280" : 39738,
            "3312" : 29782,
            "3344" : 24075,
            "3376" : 20845,
            "3408" : 18664,
            "3440" : 17434,
            "3472" : 17428,
            "3504" : 17121,
            "3536" : 16934,
            "3568" : 16745,
            "3600" : 17057,
            "3632" : 17299,
            "3664" : 17548,
            "3696" : 17802,
            "3728" : 17986,
            "3760" : 18195,
            "3792" : 18322,
            "3824" : 18440,
            "3856" : 18472,
            "3888" : 17460,
            "3920" : 17004,
            "3952" : 16045,
            "3984" : 15423,
            "4016" : 14848,
            "4048" : 13895,
            "4080" : 13294,
            "4128" : 25807,
            "4192" : 24967,
            "4256" : 23491,
            "4320" : 22748,
            "4384" : 22050,
            "4448" : 21610,
            "4512" : 20716,
            "4576" : 19956,
            "4640" : 18956,
            "4704" : 18255,
            "4768" : 17211,
            "4832" : 16615,
            "4896" : 15709,
            "4960" : 15177,
            "5024" : 14132,
            "5088" : 13581,
            "5152" : 13019,
            "5216" : 12607,
            "5280" : 12270,
            "5344" : 11901,
            "5408" : 11367,
            "5472" : 10918,
            "5536" : 10507,
            "5600" : 9553,
            "5664" : 9001,
            "5728" : 8283,
            "5792" : 7524,
            "5856" : 6927,
            "5920" : 6439,
            "5984" : 5961,
            "6048" : 5342,
            "6112" : 4934,
            "6176" : 4495,
            "6240" : 4046,
            "6304" : 3691,
            "6368" : 3361,
            "6432" : 3030,
            "6496" : 2734,
            "6560" : 2497,
            "6624" : 2282,
            "6688" : 2079,
            "6752" : 1946,
            "6816" : 1784,
            "6880" : 1755,
            "6944" : 1672,
            "7008" : 1503,
            "7072" : 1502,
            "7136" : 1393,
            "7200" : 1426,
            "7264" : 1251,
            "7328" : 1258,
            "7392" : 1186,
            "7456" : 1047,
            "7520" : 1001,
            "7584" : 982,
            "7648" : 913,
            "7712" : 835,
            "7776" : 780,
            "7840" : 730,
            "7904" : 623,
            "7968" : 618,
            "8032" : 605,
            "8096" : 557,
            "8160" : 473,
            "8256" : 847,
            "8384" : 755,
            "8512" : 661,
            "8640" : 540,
            "8768" : 526,
            "8896" : 472,
            "9024" : 426,
            "9152" : 431,
            "9280" : 421,
            "9408" : 424,
            "9536" : 390,
            "9664" : 342,
            "9792" : 377,
            "9920" : 361,
            "10048" : 363,
            "10176" : 349,
            "10304" : 343,
            "10432" : 400,
            "10560" : 353,
            "10688" : 389,
            "10816" : 377,
            "10944" : 340,
            "11072" : 363,
            "11200" : 334,
            "11328" : 343,
            "11456" : 333,
            "11584" : 321,
            "11712" : 354,
            "11840" : 305,
            "11968" : 288,
            "12096" : 267,
            "12224" : 279,
            "12352" : 280,
            "12480" : 245,
            "12608" : 250,
            "12736" : 255,
            "12864" : 190,
            "12992" : 243,
            "13120" : 209,
            "13248" : 229,
            "13376" : 221,
            "13504" : 201,
            "13632" : 187,
            "13760" : 205,
            "13888" : 183,
            "14016" : 210,
            "14144" : 195,
            "14272" : 172,
            "14400" : 216,
            "14528" : 180,
            "14656" : 196,
            "14784" : 174,
            "14912" : 158,
            "15040" : 180,
            "15168" : 173,
            "15296" : 180,
            "15424" : 178,
            "15552" : 158,
            "15680" : 176,
            "15808" : 157,
            "15936" : 150,
            "16064" : 168,
            "16192" : 169,
            "16320" : 166,
            "16512" : 274,
            "16768" : 267,
            "17024" : 237,
            "17280" : 267,
            "17536" : 217,
            "17792" : 219,
            "18048" : 187,
            "18304" : 199,
            "18560" : 198,
            "18816" : 177,
            "19072" : 169,
            "19328" : 129,
            "19584" : 137,
            "19840" : 136,
            "20096" : 123,
            "20352" : 95,
            "20608" : 107,
            "20864" : 121,
            "21120" : 104,
            "21376" : 97,
            "21632" : 88,
            "21888" : 74,
            "22144" : 73,
            "22400" : 72,
            "22656" : 76,
            "22912" : 63,
            "23168" : 72,
            "23424" : 73,
            "23680" : 58,
            "23936" : 55,
            "24192" : 65,
            "24448" : 63,
            "24704" : 41,
            "24960" : 59,
            "25216" : 70,
            "25472" : 62,
            "25728" : 55,
            "25984" : 51,
            "26240" : 46,
            "26496" : 52,
            "26752" : 48,
            "27008" : 40,
            "27264" : 45,
            "27520" : 44,
            "27776" : 51,
            "28032" : 36,
            "28288" : 42,
            "28544" : 46,
            "28800" : 46,
            "29056" : 38,
            "29312" : 39,
            "29568" : 37,
            "29824" : 34,
            "30080" : 34,
            "30336" : 22,
            "30592" : 21,
            "30848" : 27,
            "31104" : 25,
            "31360" : 17,
            "31616" : 11,
            "31872" : 15,
            "32128" : 15,
            "32384" : 14,
            "32640" : 28,
            "33024" : 37,
            "33536" : 34,
            "34048" : 42,
            "34560" : 34,
            "35072" : 30,
            "35584" : 28,
            "36096" : 21,
            "36608" : 27,
            "37120" : 22,
            "37632" : 15,
            "38144" : 15,
            "38656" : 18,
            "39168" : 20,
            "39680" : 16,
            "40192" : 13,
            "40704" : 14,
            "41216" : 13,
            "41728" : 15,
            "42240" : 12,
            "42752" : 6,
            "43264" : 20,
            "43776" : 16,
            "44288" : 12,
            "44800" : 16,
            "45312" : 22,
            "45824" : 25,
            "46336" : 29,
            "46848" : 12,
            "47360" : 26,
            "47872" : 32,
            "48384" : 25,
            "48896" : 24,
            "49408" : 25,
            "49920" : 37,
            "50432" : 25,
            "50944" : 19,
            "51456" : 24,
            "51968" : 24,
            "52480" : 10,
            "52992" : 14,
            "53504" : 8,
            "54016" : 13,
            "54528" : 16,
            "55040" : 8,
            "55552" : 6,
            "56064" : 10,
            "56576" : 11,
            "57088" : 7,
            "57600" : 9,
            "58112" : 10,
            "58624" : 10,
            "59136" : 7,
            "59648" : 8,
            "60160" : 12,
            "60672" : 5,
            "61184" : 5,
            "61696" : 5,
            "62208" : 4,
            "62720" : 11,
            "63232" : 6,
            "63744" : 9,
            "64256" : 6,
            "64768" : 11,
            "65280" : 5,
            "66048" : 16,
            "67072" : 21,
            "68096" : 9,
            "69120" : 15,
            "70144" : 12,
            "71168" : 11,
            "72192" : 10,
            "73216" : 7,
            "74240" : 18,
            "75264" : 22,
            "76288" : 21,
            "77312" : 20,
            "78336" : 16,
            "79360" : 14,
            "80384" : 16,
            "81408" : 12,
            "82432" : 8,
            "83456" : 9,
            "84480" : 10,
            "85504" : 11,
            "86528" : 10,
            "87552" : 12,
            "88576" : 9,
            "89600" : 6,
            "90624" : 10,
            "91648" : 8,
            "92672" : 2,
            "93696" : 4,
            "94720" : 6,
            "95744" : 16,
            "96768" : 7,
            "97792" : 5,
            "98816" : 8,
            "99840" : 7,
            "100864" : 13,
            "101888" : 10,
            "102912" : 7,
            "103936" : 2,
            "104960" : 5,
            "105984" : 6,
            "107008" : 3,
            "108032" : 3,
            "109056" : 6,
            "110080" : 4,
            "111104" : 3,
            "112128" : 4,
            "113152" : 7,
            "114176" : 9,
            "115200" : 4,
            "116224" : 8,
            "117248" : 5,
            "118272" : 7,
            "119296" : 6,
            "120320" : 4,
            "121344" : 5,
            "122368" : 4,
            "123392" : 3,
            "124416" : 3,
            "125440" : 2,
            "126464" : 4,
            "127488" : 2,
            "128512" : 4,
            "129536" : 2,
            "130560" : 1,
            "132096" : 3,
            "134144" : 1,
            "136192" : 1,
            "138240" : 3,
            "140288" : 4,
            "142336" : 5,
            "144384" : 3,
            "146432" : 6,
            "148480" : 3,
            "150528" : 5,
            "152576" : 5,
            "154624" : 1,
            "156672" : 2,
            "175104" : 3,
            "177152" : 2,
            "183296" : 1,
            "185344" : 1,
            "187392" : 1,
            "189440" : 2,
            "191488" : 1,
            "193536" : 1,
            "195584" : 1,
            "199680" : 1,
            "201728" : 2,
            "209920" : 1,
            "218112" : 1,
            "232448" : 1,
            "234496" : 1,
            "240640" : 1,
            "242688" : 1,
            "254976" : 1,
            "261120" : 1,
            "264192" : 1,
            "268288" : 2,
            "272384" : 2,
            "276480" : 1,
            "280576" : 1,
            "288768" : 1,
            "292864" : 1,
            "321536" : 1,
            "325632" : 1,
            "329728" : 2,
            "333824" : 2,
            "362496" : 1,
            "366592" : 1,
            "374784" : 1,
            "378880" : 1,
            "395264" : 1,
            "399360" : 1,
            "415744" : 1,
            "419840" : 1,
            "440320" : 1,
            "460800" : 1,
            "489472" : 1,
            "493568" : 1,
            "518144" : 1,
            "765952" : 1,
            "798720" : 1,
            "937984" : 1,
            "954368" : 1,
            "962560" : 1,
            "987136" : 1,
            "995328" : 1,
            "1003520" : 1,
            "1011712" : 8,
            "1019904" : 1,
            "1028096" : 6,
            "1036288" : 7,
            "1044480" : 6,
            "1056768" : 11,
            "1073152" : 6,
            "1089536" : 7,
            "1105920" : 1,
            "1122304" : 3,
            "1138688" : 1,
            "1155072" : 2,
            "1187840" : 2,
            "1220608" : 2,
            "1253376" : 1,
            "1286144" : 1,
            "1368064" : 1,
            "1433600" : 1,
            "1449984" : 1,
            "1515520" : 1,
            "1777664" : 1,
            "2039808" : 1,
            "2310144" : 3,
            "2342912" : 3,
            "2375680" : 2,
            "2408448" : 1,
            "2441216" : 1,
            "3194880" : 1,
            "3260416" : 1
          }
        },
        "lat_ns" : {
          "min" : 1057,
          "max" : 3274983,
          "mean" : 2206.247631,
          "stddev" : 3490.893696,
          "N" : 17043575,
          "percentile" : {
            "1.000000" : 1464,
            "5.000000" : 1480,
            "10.000000" : 1496,
            "20.000000" : 1528,
            "30.000000" : 1560,
            "40.000000" : 1656,
            "50.000000" : 2256,
            "60.000000" : 2320,
            "70.000000" : 2352,
            "80.000000" : 2416,
            "90.000000" : 2960,
            "95.000000" : 3600,
            "99.000000" : 5600,
            "99.500000" : 6304,
            "99.900000" : 11200,
            "99.950000" : 15680,
            "99.990000" : 34560
          },
          "bins" : {
            "1064" : 5,
            "1080" : 11,
            "1096" : 20,
            "1112" : 17,
            "1128" : 94,
            "1144" : 273,
            "1160" : 453,
            "1176" : 668,
            "1192" : 773,
            "1208" : 793,
            "1224" : 651,
            "1240" : 571,
            "1256" : 486,
            "1272" : 373,
            "1288" : 320,
            "1304" : 266,
            "1320" : 190,
            "1336" : 163,
            "1352" : 93,
            "1368" : 93,
            "1384" : 148,
            "1400" : 1199,
            "1416" : 6073,
            "1432" : 13055,
            "1448" : 43888,
            "1464" : 264682,
            "1480" : 659000,
            "1496" : 915407,
            "1512" : 977575,
            "1528" : 1016547,
            "1544" : 908712,
            "1560" : 678529,
            "1576" : 503037,
            "1592" : 340484,
            "1608" : 225187,
            "1624" : 143291,
            "1640" : 93470,
            "1656" : 72058,
            "1672" : 59447,
            "1688" : 54803,
            "1704" : 48621,
            "1720" : 39704,
            "1736" : 32188,
            "1752" : 24577,
            "1768" : 19678,
            "1784" : 15590,
            "1800" : 11910,
            "1816" : 9440,
            "1832" : 7155,
            "1848" : 6038,
            "1864" : 4846,
            "1880" : 3848,
            "1896" : 3420,
            "1912" : 3073,
            "1928" : 3430,
            "1944" : 4270,
            "1960" : 5509,
            "1976" : 7095,
            "1992" : 7797,
            "2008" : 8233,
            "2024" : 8027,
            "2040" : 7269,
            "2064" : 11862,
            "2096" : 8977,
            "2128" : 8872,
            "2160" : 30173,
            "2192" : 150976,
            "2224" : 481248,
            "2256" : 962243,
            "2288" : 1289911,
            "2320" : 1287847,
            "2352" : 1032842,
            "2384" : 719660,
            "2416" : 492161,
            "2448" : 332223,
            "2480" : 233086,
            "2512" : 163678,
            "2544" : 117572,
            "2576" : 91087,
            "2608" : 74411,
            "2640" : 67808,
            "2672" : 68744,
            "2704" : 71827,
            "2736" : 75068,
            "2768" : 70502,
            "2800" : 62518,
            "2832" : 53452,
            "2864" : 44452,
            "2896" : 37135,
            "2928" : 31588,
            "2960" : 27539,
            "2992" : 25743,
            "3024" : 25657,
            "3056" : 28088,
            "3088" : 34536,
            "3120" : 49953,
            "3152" : 72112,
            "3184" : 91435,
            "3216" : 98940,
            "3248" : 88348,
            "3280" : 69798,
            "3312" : 51949,
            "3344" : 37806,
            "3376" : 29418,
            "3408" : 23086,
            "3440" : 19849,
            "3472" : 17704,
            "3504" : 16402,
            "3536" : 15999,
            "3568" : 15527,
            "3600" : 15489,
            "3632" : 15919,
            "3664" : 16090,
            "3696" : 16611,
            "3728" : 16669,
            "3760" : 16889,
            "3792" : 16895,
            "3824" : 17097,
            "3856" : 17481,
            "3888" : 17483,
            "3920" : 17544,
            "3952" : 17871,
            "3984" : 17441,
            "4016" : 17302,
            "4048" : 16664,
            "4080" : 15843,
            "4128" : 29503,
            "4192" : 27031,
            "4256" : 24882,
            "4320" : 24138,
            "4384" : 22472,
            "4448" : 21639,
            "4512" : 21454,
            "4576" : 20882,
            "4640" : 20216,
            "4704" : 19321,
            "4768" : 18642,
            "4832" : 18137,
            "4896" : 16874,
            "4960" : 16493,
            "5024" : 15556,
            "5088" : 15022,
            "5152" : 14236,
            "5216" : 13494,
            "5280" : 13101,
            "5344" : 12445,
            "5408" : 11935,
            "5472" : 11622,
            "5536" : 11190,
            "5600" : 10979,
            "5664" : 10229,
            "5728" : 9936,
            "5792" : 9335,
            "5856" : 8631,
            "5920" : 8093,
            "5984" : 7546,
            "6048" : 6861,
            "6112" : 6436,
            "6176" : 5926,
            "6240" : 5476,
            "6304" : 4973,
            "6368" : 4550,
            "6432" : 4182,
            "6496" : 3635,
            "6560" : 3297,
            "6624" : 3113,
            "6688" : 2778,
            "6752" : 2559,
            "6816" : 2327,
            "6880" : 2176,
            "6944" : 1862,
            "7008" : 1760,
            "7072" : 1755,
            "7136" : 1612,
            "7200" : 1533,
            "7264" : 1543,
            "7328" : 1443,
            "7392" : 1405,
            "7456" : 1310,
            "7520" : 1254,
            "7584" : 1132,
            "7648" : 1076,
            "7712" : 1024,
            "7776" : 977,
            "7840" : 955,
            "7904" : 900,
            "7968" : 869,
            "8032" : 774,
            "8096" : 709,
            "8160" : 647,
            "8256" : 1203,
            "8384" : 1086,
            "8512" : 918,
            "8640" : 882,
            "8768" : 733,
            "8896" : 621,
            "9024" : 617,
            "9152" : 546,
            "9280" : 517,
            "9408" : 525,
            "9536" : 491,
            "9664" : 456,
            "9792" : 376,
            "9920" : 414,
            "10048" : 406,
            "10176" : 393,
            "10304" : 403,
            "10432" : 375,
            "10560" : 404,
            "10688" : 375,
            "10816" : 414,
            "10944" : 359,
            "11072" : 347,
            "11200" : 361,
            "11328" : 367,
            "11456" : 355,
            "11584" : 325,
            "11712" : 331,
            "11840" : 345,
            "11968" : 303,
            "12096" : 297,
            "12224" : 273,
            "12352" : 302,
            "12480" : 275,
            "12608" : 242,
            "12736" : 262,
            "12864" : 237,
            "12992" : 232,
            "13120" : 233,
            "13248" : 203,
            "13376" : 237,
            "13504" : 228,
            "13632" : 207,
            "13760" : 184,
            "13888" : 212,
            "14016" : 200,
            "14144" : 214,
            "14272" : 204,
            "14400" : 186,
            "14528" : 200,
            "14656" : 199,
            "14784" : 184,
            "14912" : 194,
            "15040" : 164,
            "15168" : 174,
            "15296" : 185,
            "15424" : 174,
            "15552" : 183,
            "15680" : 178,
            "15808" : 174,
            "15936" : 163,
            "16064" : 176,
            "16192" : 152,
            "16320" : 169,
            "16512" : 297,
            "16768" : 295,
            "17024" : 244,
            "17280" : 273,
            "17536" : 225,
            "17792" : 217,
            "18048" : 207,
            "18304" : 210,
            "18560" : 189,
            "18816" : 191,
            "19072" : 188,
            "19328" : 133,
            "19584" : 139,
            "19840" : 150,
            "20096" : 124,
            "20352" : 111,
            "20608" : 103,
            "20864" : 120,
            "21120" : 114,
            "21376" : 97,
            "21632" : 98,
            "21888" : 67,
            "22144" : 89,
            "22400" : 70,
            "22656" : 77,
            "22912" : 72,
            "23168" : 69,
            "23424" : 75,
            "23680" : 65,
            "23936" : 68,
            "24192" : 54,
            "24448" : 63,
            "24704" : 55,
            "24960" : 50,
            "25216" : 67,
            "25472" : 62,
            "25728" : 68,
            "25984" : 49,
            "26240" : 54,
            "26496" : 46,
            "26752" : 65,
            "27008" : 38,
            "27264" : 48,
            "27520" : 54,
            "27776" : 41,
            "28032" : 46,
            "28288" : 48,
            "28544" : 44,
            "28800" : 47,
            "29056" : 47,
            "29312" : 41,
            "29568" : 33,
            "29824" : 38,
            "30080" : 37,
            "30336" : 36,
            "30592" : 13,
            "30848" : 28,
            "31104" : 26,
            "31360" : 24,
            "31616" : 15,
            "31872" : 11,
            "32128" : 16,
            "32384" : 21,
            "32640" : 17,
            "33024" : 45,
            "33536" : 35,
            "34048" : 43,
            "34560" : 39,
            "35072" : 30,
            "35584" : 30,
            "36096" : 20,
            "36608" : 23,
            "37120" : 28,
            "37632" : 17,
            "38144" : 14,
            "38656" : 16,
            "39168" : 23,
            "39680" : 21,
            "40192" : 12,
            "40704" : 14,
            "41216" : 10,
            "41728" : 18,
            "42240" : 10,
            "42752" : 9,
            "43264" : 19,
            "43776" : 16,
            "44288" : 14,
            "44800" : 14,
            "45312" : 26,
            "45824" : 25,
            "46336" : 29,
            "46848" : 14,
            "47360" : 25,
            "47872" : 34,
            "48384" : 26,
            "48896" : 26,
            "49408" : 27,
            "49920" : 32,
            "50432" : 31,
            "50944" : 19,
            "51456" : 23,
            "51968" : 25,
            "52480" : 11,
            "52992" : 14,
            "53504" : 10,
            "54016" : 15,
            "54528" : 17,
            "55040" : 10,
            "55552" : 8,
            "56064" : 10,
            "56576" : 12,
            "57088" : 8,
            "57600" : 10,
            "58112" : 9,
            "58624" : 11,
            "59136" : 9,
            "59648" : 9,
            "60160" : 11,
            "60672" : 7,
            "61184" : 3,
            "61696" : 8,
            "62208" : 3,
            "62720" : 10,
            "63232" : 7,
            "63744" : 9,
            "64256" : 7,
            "64768" : 7,
            "65280" : 9,
            "66048" : 19,
            "67072" : 21,
            "68096" : 10,
            "69120" : 13,
            "70144" : 12,
            "71168" : 13,
            "72192" : 9,
            "73216" : 9,
            "74240" : 16,
            "75264" : 23,
            "76288" : 24,
            "77312" : 18,
            "78336" : 18,
            "79360" : 14,
            "80384" : 15,
            "81408" : 12,
            "82432" : 11,
            "83456" : 9,
            "84480" : 10,
            "85504" : 12,
            "86528" : 11,
            "87552" : 10,
            "88576" : 11,
            "89600" : 7,
            "90624" : 10,
            "91648" : 7,
            "92672" : 3,
            "93696" : 4,
            "94720" : 6,
            "95744" : 15,
            "96768" : 8,
            "97792" : 5,
            "98816" : 7,
            "99840" : 7,
            "100864" : 13,
            "101888" : 11,
            "102912" : 7,
            "103936" : 1,
            "104960" : 5,
            "105984" : 7,
            "107008" : 3,
            "108032" : 3,
            "109056" : 6,
            "110080" : 4,
            "111104" : 3,
            "112128" : 5,
            "113152" : 5,
            "114176" : 11,
            "115200" : 4,
            "116224" : 7,
            "117248" : 5,
            "118272" : 7,
            "119296" : 6,
            "120320" : 6,
            "121344" : 5,
            "122368" : 3,
            "123392" : 4,
            "124416" : 4,
            "125440" : 2,
            "126464" : 4,
            "127488" : 2,
            "128512" : 3,
            "129536" : 3,
            "130560" : 1,
            "132096" : 3,
            "134144" : 1,
            "136192" : 2,
            "138240" : 3,
            "140288" : 4,
            "142336" : 5,
            "144384" : 3,
            "146432" : 5,
            "148480" : 4,
            "150528" : 5,
            "152576" : 5,
            "154624" : 1,
            "156672" : 2,
            "158720" : 1,
            "175104" : 3,
            "177152" : 2,
            "183296" : 1,
            "185344" : 1,
            "187392" : 1,
            "189440" : 2,
            "191488" : 1,
            "193536" : 1,
            "195584" : 1,
            "201728" : 3,
            "209920" : 1,
            "218112" : 1,
            "232448" : 1,
            "234496" : 1,
            "240640" : 1,
            "242688" : 1,
            "254976" : 1,
            "261120" : 1,
            "264192" : 1,
            "268288" : 2,
            "272384" : 2,
            "276480" : 1,
            "280576" : 1,
            "288768" : 1,
            "292864" : 1,
            "321536" : 1,
            "325632" : 1,
            "329728" : 2,
            "333824" : 2,
            "362496" : 1,
            "370688" : 1,
            "374784" : 1,
            "378880" : 1,
            "395264" : 1,
            "399360" : 1,
            "415744" : 1,
            "419840" : 1,
            "440320" : 1,
            "460800" : 1,
            "489472" : 1,
            "493568" : 1,
            "518144" : 1,
            "765952" : 1,
            "798720" : 1,
            "937984" : 1,
            "954368" : 1,
            "962560" : 1,
            "987136" : 1,
            "995328" : 2,
            "1003520" : 1,
            "1011712" : 8,
            "1019904" : 1,
            "1028096" : 6,
            "1036288" : 7,
            "1044480" : 6,
            "1056768" : 11,
            "1073152" : 6,
            "1089536" : 8,
            "1105920" : 1,
            "1122304" : 3,
            "1138688" : 1,
            "1155072" : 2,
            "1187840" : 2,
            "1220608" : 2,
            "1253376" : 1,
            "1286144" : 1,
            "1368064" : 1,
            "1433600" : 1,
            "1449984" : 1,
            "1515520" : 1,
            "1777664" : 1,
            "2039808" : 1,
            "2310144" : 3,
            "2342912" : 4,
            "2375680" : 2,
            "2408448" : 1,
            "2441216" : 1,
            "3194880" : 1,
            "3260416" : 1
          }
        },
        "bw_min" : 202712,
        "bw_max" : 310088,
        "bw_agg" : 100.000000,
        "bw_mean" : 227324.617696,
        "bw_dev" : 6715.609340,
        "bw_samples" : 599,
        "iops_min" : 50678,
        "iops_max" : 77522,
        "iops_mean" : 56831.065109,
        "iops_stddev" : 1678.916233,
        "iops_samples" : 599
      },
      "trim" : {
        "io_bytes" : 0,
        "io_kbytes" : 0,
        "bw_bytes" : 0,
        "bw" : 0,
        "iops" : 0.000000,
        "runtime" : 0,
        "total_ios" : 0,
        "short_ios" : 0,
        "drop_ios" : 0,
        "slat_ns" : {
          "min" : 0,
          "max" : 0,
          "mean" : 0.000000,
          "stddev" : 0.000000,
          "N" : 0
        },
        "clat_ns" : {
          "min" : 0,
          "max" : 0,
          "mean" : 0.000000,
          "stddev" : 0.000000,
          "N" : 0
        },
        "lat_ns" : {
          "min" : 0,
          "max" : 0,
          "mean" : 0.000000,
          "stddev" : 0.000000,
          "N" : 0
        },
        "bw_min" : 0,
        "bw_max" : 0,
        "bw_agg" : 0.000000,
        "bw_mean" : 0.000000,
        "bw_dev" : 0.000000,
        "bw_samples" : 0,
        "iops_min" : 0,
        "iops_max" : 0,
        "iops_mean" : 0.000000,
        "iops_stddev" : 0.000000,
        "iops_samples" : 0
      },
      "sync" : {
        "total_ios" : 0,
        "lat_ns" : {
          "min" : 0,
          "max" : 0,
          "mean" : 0.000000,
          "stddev" : 0.000000,
          "N" : 0
        }
      },
      "job_runtime" : 300000,
      "usr_cpu" : 13.000667,
      "sys_cpu" : 60.052000,
      "ctx" : 17074621,
      "majf" : 0,
      "minf" : 20,
      "iodepth_level" : {
        "1" : 100.000000,
        "2" : 0.000000,
        "4" : 0.000000,
        "8" : 0.000000,
        "16" : 0.000000,
        "32" : 0.000000,
        ">=64" : 0.000000
      },
      "iodepth_submit" : {
        "0" : 0.000000,
        "4" : 100.000000,
        "8" : 0.000000,
        "16" : 0.000000,
        "32" : 0.000000,
        "64" : 0.000000,
        ">=64" : 0.000000
      },
      "iodepth_complete" : {
        "0" : 0.000000,
        "4" : 100.000000,
        "8" : 0.000000,
        "16" : 0.000000,
        "32" : 0.000000,
        "64" : 0.000000,
        ">=64" : 0.000000
      },
      "latency_ns" : {
        "2" : 0.000000,
        "4" : 0.000000,
        "10" : 0.000000,
        "20" : 0.000000,
        "50" : 0.000000,
        "100" : 0.000000,
        "250" : 0.000000,
        "500" : 0.000000,
        "750" : 0.012584,
        "1000" : 0.019949
      },
      "latency_us" : {
        "2" : 21.328115,
        "4" : 26.967342,
        "10" : 9.577124,
        "20" : 40.912000,
        "50" : 1.144270,
        "100" : 0.027625,
        "250" : 0.010000,
        "500" : 0.010000,
        "750" : 0.010000,
        "1000" : 0.010000
      },
      "latency_ms" : {
        "2" : 0.010000,
        "4" : 0.010000,
        "10" : 0.010000,
        "20" : 0.000000,
        "50" : 0.000000,
        "100" : 0.000000,
        "250" : 0.000000,
        "500" : 0.000000,
        "750" : 0.000000,
        "1000" : 0.000000,
        "2000" : 0.000000,
        ">=2000" : 0.000000
      },
      "latency_depth" : 1,
      "latency_target" : 0,
      "latency_percentile" : 100.000000,
      "latency_window" : 0
    }
  ],
  "disk_util" : [
    {
      "name" : "loop26",
      "read_ios" : 17029670,
      "write_ios" : 17037990,
      "read_merges" : 0,
      "write_merges" : 0,
      "read_ticks" : 135101,
      "write_ticks" : 443527,
      "in_queue" : 172,
      "util" : 100.000000
    }
  ]
}
