{
  "fio version" : "fio-3.32-36-g5932",
  "timestamp" : 1664235617,
  "timestamp_ms" : 1664235617634,
  "time" : "Tue Sep 27 01:40:17 2022",
  "global options" : {
    "size" : "32M",
    "rw" : "randrw",
    "bs" : "4K",
    "numjobs" : "1",
    "iodepth" : "1",
    "runtime" : "15",
    "end_fsync" : "1",
    "lat_percentiles" : "1",
    "slat_percentiles" : "1",
    "clat_percentiles" : "1"
  },
  "jobs" : [
    {
      "jobname" : "random-rw",
      "groupid" : 0,
      "error" : 0,
      "eta" : 0,
      "elapsed" : 16,
      "job options" : {
        "name" : "random-rw"
      },
      "read" : {
        "io_bytes" : 1737383936,
        "io_kbytes" : 1696664,
        "bw_bytes" : 115563651,
        "bw" : 112855,
        "iops" : 28213.782094,
        "runtime" : 15034,
        "total_ios" : 424166,
        "short_ios" : 0,
        "drop_ios" : 0,
        "slat_ns" : {
          "min" : 0,
          "max" : 0,
          "mean" : 0.000000,
          "stddev" : 0.000000,
          "N" : 0
        },
        "clat_ns" : {
          "min" : 798,
          "max" : 11749061,
          "mean" : 22770.657318,
          "stddev" : 69369.371689,
          "N" : 424166,
          "percentile" : {
            "1.000000" : 1128,
            "5.000000" : 12480,
            "10.000000" : 14656,
            "20.000000" : 17280,
            "30.000000" : 18048,
            "40.000000" : 19072,
            "50.000000" : 20096,
            "60.000000" : 21120,
            "70.000000" : 22400,
            "80.000000" : 23936,
            "90.000000" : 28800,
            "95.000000" : 34048,
            "99.000000" : 51968,
            "99.500000" : 74240,
            "99.900000" : 423936,
            "99.950000" : 929792,
            "99.990000" : 3522560
          },
          "bins" : {
            "796" : 1,
            "812" : 2,
            "844" : 1,
            "852" : 1,
            "860" : 1,
            "868" : 1,
            "876" : 1,
            "884" : 2,
            "892" : 4,
            "900" : 3,
            "908" : 4,
            "916" : 13,
            "924" : 12,
            "932" : 20,
            "940" : 21,
            "948" : 39,
            "956" : 34,
            "964" : 45,
            "972" : 44,
            "980" : 81,
            "988" : 95,
            "996" : 99,
            "1004" : 132,
            "1012" : 115,
            "1020" : 160,
            "1032" : 354,
            "1048" : 381,
            "1064" : 454,
            "1080" : 454,
            "1096" : 526,
            "1112" : 542,
            "1128" : 690,
            "1144" : 681,
            "1160" : 740,
            "1176" : 791,
            "1192" : 728,
            "1208" : 794,
            "1224" : 828,
            "1240" : 817,
            "1256" : 735,
            "1272" : 709,
            "1288" : 661,
            "1304" : 625,
            "1320" : 490,
            "1336" : 426,
            "1352" : 381,
            "1368" : 323,
            "1384" : 260,
            "1400" : 221,
            "1416" : 205,
            "1432" : 154,
            "1448" : 141,
            "1464" : 127,
            "1480" : 130,
            "1496" : 98,
            "1512" : 84,
            "1528" : 95,
            "1544" : 75,
            "1560" : 80,
            "1576" : 78,
            "1592" : 53,
            "1608" : 50,
            "1624" : 56,
            "1640" : 49,
            "1656" : 51,
            "1672" : 52,
            "1688" : 43,
            "1704" : 49,
            "1720" : 30,
            "1736" : 45,
            "1752" : 40,
            "1768" : 32,
            "1784" : 30,
            "1800" : 34,
            "1816" : 31,
            "1832" : 14,
            "1848" : 28,
            "1864" : 26,
            "1880" : 27,
            "1896" : 23,
            "1912" : 22,
            "1928" : 25,
            "1944" : 20,
            "1960" : 17,
            "1976" : 21,
            "1992" : 26,
            "2008" : 16,
            "2024" : 11,
            "2040" : 25,
            "2064" : 26,
            "2096" : 33,
            "2128" : 25,
            "2160" : 19,
            "2192" : 16,
            "2224" : 20,
            "2256" : 19,
            "2288" : 14,
            "2320" : 7,
            "2352" : 7,
            "2384" : 5,
            "2416" : 7,
            "2448" : 7,
            "2480" : 3,
            "2512" : 2,
            "2544" : 3,
            "2576" : 12,
            "2608" : 6,
            "2640" : 3,
            "2672" : 2,
            "2704" : 5,
            "2736" : 4,
            "2800" : 2,
            "2832" : 1,
            "2864" : 2,
            "2928" : 2,
            "2960" : 3,
            "2992" : 1,
            "3056" : 1,
            "3088" : 1,
            "3120" : 1,
            "3152" : 1,
            "3216" : 1,
            "3248" : 2,
            "3280" : 3,
            "3376" : 1,
            "3408" : 2,
            "3568" : 1,
            "3792" : 1,
            "3888" : 1,
            "4256" : 1,
            "4448" : 1,
            "4704" : 1,
            "4768" : 1,
            "4832" : 1,
            "5088" : 1,
            "5152" : 1,
            "5600" : 1,
            "5792" : 1,
            "6304" : 1,
            "6432" : 1,
            "6560" : 1,
            "6624" : 1,
            "7648" : 1,
            "8096" : 1,
            "9536" : 3,
            "9920" : 1,
            "10176" : 1,
            "10304" : 2,
            "11328" : 1,
            "11456" : 11,
            "11584" : 32,
            "11712" : 83,
            "11840" : 238,
            "11968" : 420,
            "12096" : 699,
            "12224" : 1046,
            "12352" : 1292,
            "12480" : 1532,
            "12608" : 1692,
            "12736" : 1927,
            "12864" : 1966,
            "12992" : 2018,
            "13120" : 1841,
            "13248" : 1696,
            "13376" : 1541,
            "13504" : 1277,
            "13632" : 1073,
            "13760" : 947,
            "13888" : 782,
            "14016" : 663,
            "14144" : 632,
            "14272" : 591,
            "14400" : 611,
            "14528" : 536,
            "14656" : 496,
            "14784" : 496,
            "14912" : 433,
            "15040" : 450,
            "15168" : 450,
            "15296" : 499,
            "15424" : 592,
            "15552" : 715,
            "15680" : 926,
            "15808" : 1093,
            "15936" : 1305,
            "16064" : 1677,
            "16192" : 2118,
            "16320" : 2475,
            "16512" : 6159,
            "16768" : 7761,
            "17024" : 9447,
            "17280" : 11671,
            "17536" : 13368,
            "17792" : 13740,
            "18048" : 13497,
            "18304" : 12757,
            "18560" : 10920,
            "18816" : 9480,
            "19072" : 9612,
            "19328" : 10422,
            "19584" : 11064,
            "19840" : 10844,
            "20096" : 10566,
            "20352" : 10038,
            "20608" : 9723,
            "20864" : 9641,
            "21120" : 9775,
            "21376" : 9546,
            "21632" : 9365,
            "21888" : 8825,
            "22144" : 8102,
            "22400" : 7967,
            "22656" : 8582,
            "22912" : 8534,
            "23168" : 7583,
            "23424" : 6236,
            "23680" : 5431,
            "23936" : 5022,
            "24192" : 4655,
            "24448" : 3903,
            "24704" : 3375,
            "24960" : 2793,
            "25216" : 2608,
            "25472" : 2315,
            "25728" : 2170,
            "25984" : 2058,
            "26240" : 1949,
            "26496" : 1807,
            "26752" : 1680,
            "27008" : 1634,
            "27264" : 1512,
            "27520" : 1455,
            "27776" : 1329,
            "28032" : 1353,
            "28288" : 1250,
            "28544" : 1230,
            "28800" : 1288,
            "29056" : 1210,
            "29312" : 1157,
            "29568" : 1180,
            "29824" : 1185,
            "30080" : 1131,
            "30336" : 1188,
            "30592" : 1161,
            "30848" : 1125,
            "31104" : 1097,
            "31360" : 1109,
            "31616" : 975,
            "31872" : 1011,
            "32128" : 1055,
            "32384" : 934,
            "32640" : 910,
            "33024" : 1784,
            "33536" : 1635,
            "34048" : 1537,
            "34560" : 1440,
            "35072" : 1330,
            "35584" : 1353,
            "36096" : 1155,
            "36608" : 1014,
            "37120" : 947,
            "37632" : 889,
            "38144" : 822,
            "38656" : 754,
            "39168" : 721,
            "39680" : 664,
            "40192" : 565,
            "40704" : 504,
            "41216" : 478,
            "41728" : 459,
            "42240" : 385,
            "42752" : 339,
            "43264" : 282,
            "43776" : 259,
            "44288" : 205,
            "44800" : 207,
            "45312" : 192,
            "45824" : 163,
            "46336" : 163,
            "46848" : 156,
            "47360" : 150,
            "47872" : 165,
            "48384" : 122,
            "48896" : 129,
            "49408" : 130,
            "49920" : 113,
            "50432" : 109,
            "50944" : 101,
            "51456" : 99,
            "51968" : 81,
            "52480" : 80,
            "52992" : 98,
            "53504" : 76,
            "54016" : 62,
            "54528" : 72,
            "55040" : 62,
            "55552" : 61,
            "56064" : 72,
            "56576" : 61,
            "57088" : 72,
            "57600" : 61,
            "58112" : 49,
            "58624" : 50,
            "59136" : 75,
            "59648" : 71,
            "60160" : 49,
            "60672" : 49,
            "61184" : 53,
            "61696" : 50,
            "62208" : 60,
            "62720" : 51,
            "63232" : 29,
            "63744" : 42,
            "64256" : 38,
            "64768" : 36,
            "65280" : 26,
            "66048" : 52,
            "67072" : 63,
            "68096" : 67,
            "69120" : 58,
            "70144" : 67,
            "71168" : 70,
            "72192" : 65,
            "73216" : 51,
            "74240" : 56,
            "75264" : 53,
            "76288" : 44,
            "77312" : 51,
            "78336" : 38,
            "79360" : 29,
            "80384" : 19,
            "81408" : 21,
            "82432" : 28,
            "83456" : 17,
            "84480" : 27,
            "85504" : 27,
            "86528" : 25,
            "87552" : 27,
            "88576" : 17,
            "89600" : 20,
            "90624" : 24,
            "91648" : 13,
            "92672" : 12,
            "93696" : 19,
            "94720" : 17,
            "95744" : 17,
            "96768" : 13,
            "97792" : 15,
            "98816" : 13,
            "99840" : 13,
            "100864" : 17,
            "101888" : 15,
            "102912" : 9,
            "103936" : 14,
            "104960" : 13,
            "105984" : 15,
            "107008" : 15,
            "108032" : 9,
            "109056" : 14,
            "110080" : 18,
            "111104" : 16,
            "112128" : 12,
            "113152" : 13,
            "114176" : 13,
            "115200" : 16,
            "116224" : 12,
            "117248" : 11,
            "118272" : 5,
            "119296" : 10,
            "120320" : 16,
            "121344" : 6,
            "122368" : 15,
            "123392" : 10,
            "124416" : 11,
            "125440" : 6,
            "126464" : 6,
            "127488" : 7,
            "128512" : 6,
            "129536" : 2,
            "130560" : 7,
            "132096" : 23,
            "134144" : 23,
            "136192" : 20,
            "138240" : 17,
            "140288" : 22,
            "142336" : 20,
            "144384" : 13,
            "146432" : 19,
            "148480" : 21,
            "150528" : 18,
            "152576" : 7,
            "154624" : 13,
            "156672" : 16,
            "158720" : 18,
            "160768" : 13,
            "162816" : 7,
            "164864" : 12,
            "166912" : 8,
            "168960" : 6,
            "171008" : 16,
            "173056" : 9,
            "175104" : 15,
            "177152" : 9,
            "179200" : 15,
            "181248" : 12,
            "183296" : 8,
            "185344" : 6,
            "187392" : 6,
            "189440" : 9,
            "191488" : 5,
            "193536" : 7,
            "195584" : 11,
            "197632" : 8,
            "199680" : 6,
            "201728" : 10,
            "203776" : 1,
            "205824" : 4,
            "207872" : 4,
            "209920" : 4,
            "211968" : 8,
            "214016" : 4,
            "216064" : 7,
            "218112" : 3,
            "220160" : 7,
            "222208" : 7,
            "224256" : 4,
            "226304" : 4,
            "228352" : 3,
            "230400" : 3,
            "232448" : 2,
            "234496" : 6,
            "236544" : 6,
            "238592" : 4,
            "240640" : 8,
            "242688" : 6,
            "244736" : 7,
            "246784" : 5,
            "248832" : 5,
            "250880" : 3,
            "252928" : 4,
            "254976" : 7,
            "257024" : 3,
            "259072" : 6,
            "261120" : 2,
            "264192" : 6,
            "268288" : 10,
            "272384" : 11,
            "276480" : 8,
            "280576" : 8,
            "284672" : 7,
            "288768" : 7,
            "292864" : 4,
            "296960" : 5,
            "301056" : 4,
            "305152" : 6,
            "309248" : 3,
            "313344" : 9,
            "317440" : 7,
            "321536" : 3,
            "325632" : 2,
            "329728" : 3,
            "333824" : 1,
            "337920" : 4,
            "342016" : 7,
            "346112" : 2,
            "350208" : 5,
            "354304" : 5,
            "358400" : 2,
            "362496" : 3,
            "366592" : 2,
            "370688" : 2,
            "374784" : 2,
            "378880" : 6,
            "382976" : 3,
            "387072" : 1,
            "391168" : 1,
            "395264" : 3,
            "399360" : 2,
            "403456" : 5,
            "407552" : 4,
            "411648" : 2,
            "415744" : 2,
            "419840" : 3,
            "423936" : 5,
            "428032" : 3,
            "432128" : 3,
            "436224" : 2,
            "440320" : 1,
            "444416" : 1,
            "448512" : 2,
            "452608" : 5,
            "456704" : 1,
            "460800" : 2,
            "464896" : 2,
            "468992" : 3,
            "473088" : 4,
            "477184" : 2,
            "485376" : 3,
            "489472" : 4,
            "497664" : 2,
            "501760" : 3,
            "505856" : 4,
            "514048" : 1,
            "518144" : 3,
            "522240" : 2,
            "528384" : 1,
            "536576" : 4,
            "544768" : 3,
            "552960" : 6,
            "561152" : 1,
            "569344" : 8,
            "577536" : 6,
            "585728" : 2,
            "593920" : 5,
            "602112" : 2,
            "610304" : 5,
            "618496" : 1,
            "626688" : 2,
            "634880" : 5,
            "643072" : 6,
            "651264" : 1,
            "659456" : 5,
            "667648" : 2,
            "675840" : 6,
            "684032" : 4,
            "692224" : 3,
            "700416" : 2,
            "708608" : 2,
            "716800" : 3,
            "724992" : 2,
            "733184" : 4,
            "741376" : 1,
            "749568" : 2,
            "757760" : 1,
            "765952" : 2,
            "774144" : 6,
            "782336" : 2,
            "790528" : 5,
            "798720" : 2,
            "806912" : 5,
            "815104" : 4,
            "823296" : 1,
            "831488" : 1,
            "839680" : 3,
            "847872" : 2,
            "856064" : 4,
            "864256" : 2,
            "872448" : 5,
            "880640" : 1,
            "888832" : 4,
            "897024" : 4,
            "905216" : 4,
            "913408" : 1,
            "921600" : 2,
            "929792" : 3,
            "937984" : 2,
            "946176" : 2,
            "954368" : 6,
            "970752" : 3,
            "978944" : 2,
            "987136" : 3,
            "995328" : 1,
            "1003520" : 4,
            "1011712" : 1,
            "1019904" : 1,
            "1028096" : 2,
            "1036288" : 2,
            "1044480" : 3,
            "1056768" : 5,
            "1073152" : 4,
            "1089536" : 2,
            "1105920" : 2,
            "1122304" : 1,
            "1155072" : 2,
            "1171456" : 2,
            "1187840" : 2,
            "1204224" : 3,
            "1220608" : 2,
            "1253376" : 4,
            "1269760" : 1,
            "1286144" : 2,
            "1302528" : 1,
            "1318912" : 1,
            "1335296" : 3,
            "1351680" : 1,
            "1384448" : 2,
            "1433600" : 2,
            "1449984" : 1,
            "1466368" : 3,
            "1482752" : 1,
            "1515520" : 1,
            "1531904" : 3,
            "1548288" : 1,
            "1581056" : 2,
            "1597440" : 2,
            "1613824" : 3,
            "1646592" : 1,
            "1662976" : 2,
            "1679360" : 2,
            "1695744" : 2,
            "1712128" : 1,
            "1728512" : 2,
            "1761280" : 3,
            "1777664" : 2,
            "1794048" : 2,
            "1826816" : 3,
            "1843200" : 1,
            "1908736" : 1,
            "1941504" : 1,
            "1957888" : 2,
            "2023424" : 2,
            "2056192" : 1,
            "2072576" : 1,
            "2088960" : 1,
            "2113536" : 1,
            "2146304" : 2,
            "2211840" : 3,
            "2244608" : 3,
            "2277376" : 1,
            "2310144" : 2,
            "2342912" : 1,
            "2375680" : 2,
            "2441216" : 2,
            "2473984" : 1,
            "2506752" : 1,
            "2539520" : 3,
            "2572288" : 2,
            "2637824" : 1,
            "2670592" : 2,
            "2703360" : 3,
            "2801664" : 1,
            "2932736" : 1,
            "2998272" : 1,
            "3031040" : 2,
            "3063808" : 2,
            "3162112" : 1,
            "3194880" : 2,
            "3227648" : 2,
            "3260416" : 1,
            "3293184" : 2,
            "3391488" : 1,
            "3489792" : 1,
            "3522560" : 1,
            "3555328" : 1,
            "3620864" : 1,
            "3686400" : 1,
            "3719168" : 1,
            "3784704" : 1,
            "3817472" : 2,
            "3948544" : 1,
            "3981312" : 1,
            "4014080" : 1,
            "4079616" : 1,
            "4292608" : 2,
            "4358144" : 3,
            "4423680" : 1,
            "4489216" : 1,
            "4620288" : 2,
            "4685824" : 1,
            "4751360" : 3,
            "4816896" : 1,
            "5079040" : 1,
            "5275648" : 1,
            "5472256" : 1,
            "5603328" : 1,
            "5668864" : 2,
            "5734400" : 1,
            "5931008" : 1,
            "6127616" : 1,
            "6586368" : 1,
            "6782976" : 1,
            "6848512" : 1,
            "7176192" : 1,
            "7766016" : 1,
            "9764864" : 1,
            "10289152" : 1,
            "11730944" : 1
          }
        },
        "lat_ns" : {
          "min" : 831,
          "max" : 11749121,
          "mean" : 22866.462878,
          "stddev" : 69377.578130,
          "N" : 424166,
          "percentile" : {
            "1.000000" : 1192,
            "5.000000" : 12480,
            "10.000000" : 14784,
            "20.000000" : 17280,
            "30.000000" : 18304,
            "40.000000" : 19072,
            "50.000000" : 20096,
            "60.000000" : 21376,
            "70.000000" : 22400,
            "80.000000" : 23936,
            "90.000000" : 29056,
            "95.000000" : 34048,
            "99.000000" : 51968,
            "99.500000" : 75264,
            "99.900000" : 423936,
            "99.950000" : 929792,
            "99.990000" : 3522560
          },
          "bins" : {
            "828" : 1,
            "844" : 1,
            "868" : 1,
            "876" : 1,
            "892" : 2,
            "900" : 1,
            "908" : 1,
            "916" : 1,
            "924" : 3,
            "932" : 3,
            "940" : 4,
            "948" : 12,
            "956" : 10,
            "964" : 17,
            "972" : 18,
            "980" : 36,
            "988" : 32,
            "996" : 33,
            "1004" : 41,
            "1012" : 66,
            "1020" : 79,
            "1032" : 186,
            "1048" : 230,
            "1064" : 292,
            "1080" : 330,
            "1096" : 351,
            "1112" : 374,
            "1128" : 388,
            "1144" : 449,
            "1160" : 503,
            "1176" : 595,
            "1192" : 586,
            "1208" : 594,
            "1224" : 660,
            "1240" : 559,
            "1256" : 556,
            "1272" : 508,
            "1288" : 573,
            "1304" : 562,
            "1320" : 572,
            "1336" : 570,
            "1352" : 582,
            "1368" : 658,
            "1384" : 566,
            "1400" : 611,
            "1416" : 515,
            "1432" : 436,
            "1448" : 373,
            "1464" : 359,
            "1480" : 285,
            "1496" : 264,
            "1512" : 205,
            "1528" : 168,
            "1544" : 168,
            "1560" : 119,
            "1576" : 133,
            "1592" : 107,
            "1608" : 88,
            "1624" : 90,
            "1640" : 79,
            "1656" : 91,
            "1672" : 71,
            "1688" : 54,
            "1704" : 48,
            "1720" : 52,
            "1736" : 53,
            "1752" : 52,
            "1768" : 47,
            "1784" : 41,
            "1800" : 33,
            "1816" : 35,
            "1832" : 33,
            "1848" : 43,
            "1864" : 30,
            "1880" : 26,
            "1896" : 33,
            "1912" : 28,
            "1928" : 23,
            "1944" : 26,
            "1960" : 25,
            "1976" : 25,
            "1992" : 29,
            "2008" : 20,
            "2024" : 21,
            "2040" : 24,
            "2064" : 47,
            "2096" : 25,
            "2128" : 33,
            "2160" : 36,
            "2192" : 36,
            "2224" : 27,
            "2256" : 25,
            "2288" : 27,
            "2320" : 25,
            "2352" : 15,
            "2384" : 20,
            "2416" : 14,
            "2448" : 14,
            "2480" : 13,
            "2512" : 7,
            "2544" : 6,
            "2576" : 7,
            "2608" : 8,
            "2640" : 6,
            "2672" : 6,
            "2704" : 3,
            "2736" : 6,
            "2768" : 6,
            "2800" : 2,
            "2832" : 3,
            "2864" : 4,
            "2896" : 5,
            "2928" : 3,
            "2960" : 1,
            "2992" : 2,
            "3024" : 2,
            "3056" : 1,
            "3120" : 2,
            "3152" : 3,
            "3216" : 1,
            "3248" : 2,
            "3280" : 1,
            "3344" : 3,
            "3408" : 1,
            "3440" : 2,
            "3472" : 1,
            "3536" : 1,
            "3568" : 1,
            "3760" : 2,
            "3888" : 1,
            "3952" : 1,
            "4384" : 1,
            "4640" : 1,
            "4832" : 1,
            "5088" : 1,
            "5216" : 1,
            "5408" : 1,
            "5728" : 1,
            "5856" : 1,
            "6432" : 1,
            "6688" : 1,
            "6816" : 2,
            "7840" : 1,
            "8256" : 1,
            "9664" : 1,
            "10048" : 1,
            "10304" : 1,
            "10432" : 2,
            "10688" : 1,
            "10816" : 1,
            "11456" : 3,
            "11584" : 19,
            "11712" : 45,
            "11840" : 116,
            "11968" : 292,
            "12096" : 476,
            "12224" : 826,
            "12352" : 1126,
            "12480" : 1396,
            "12608" : 1612,
            "12736" : 1806,
            "12864" : 2060,
            "12992" : 2046,
            "13120" : 1941,
            "13248" : 1829,
            "13376" : 1582,
            "13504" : 1446,
            "13632" : 1177,
            "13760" : 1007,
            "13888" : 894,
            "14016" : 715,
            "14144" : 624,
            "14272" : 613,
            "14400" : 571,
            "14528" : 594,
            "14656" : 484,
            "14784" : 500,
            "14912" : 458,
            "15040" : 442,
            "15168" : 437,
            "15296" : 474,
            "15424" : 555,
            "15552" : 620,
            "15680" : 743,
            "15808" : 965,
            "15936" : 1092,
            "16064" : 1381,
            "16192" : 1703,
            "16320" : 2172,
            "16512" : 5392,
            "16768" : 7284,
            "17024" : 8999,
            "17280" : 11114,
            "17536" : 13143,
            "17792" : 13710,
            "18048" : 13661,
            "18304" : 13136,
            "18560" : 11461,
            "18816" : 9737,
            "19072" : 9216,
            "19328" : 9833,
            "19584" : 10914,
            "19840" : 11054,
            "20096" : 10885,
            "20352" : 10313,
            "20608" : 9721,
            "20864" : 9581,
            "21120" : 9834,
            "21376" : 9721,
            "21632" : 9579,
            "21888" : 9104,
            "22144" : 8332,
            "22400" : 7975,
            "22656" : 8597,
            "22912" : 8724,
            "23168" : 8007,
            "23424" : 6503,
            "23680" : 5553,
            "23936" : 5127,
            "24192" : 4793,
            "24448" : 4071,
            "24704" : 3499,
            "24960" : 2932,
            "25216" : 2611,
            "25472" : 2385,
            "25728" : 2205,
            "25984" : 2077,
            "26240" : 1971,
            "26496" : 1900,
            "26752" : 1767,
            "27008" : 1577,
            "27264" : 1532,
            "27520" : 1484,
            "27776" : 1377,
            "28032" : 1334,
            "28288" : 1308,
            "28544" : 1209,
            "28800" : 1290,
            "29056" : 1191,
            "29312" : 1170,
            "29568" : 1172,
            "29824" : 1212,
            "30080" : 1147,
            "30336" : 1151,
            "30592" : 1187,
            "30848" : 1113,
            "31104" : 1121,
            "31360" : 1085,
            "31616" : 1035,
            "31872" : 984,
            "32128" : 1016,
            "32384" : 1018,
            "32640" : 908,
            "33024" : 1831,
            "33536" : 1649,
            "34048" : 1552,
            "34560" : 1422,
            "35072" : 1413,
            "35584" : 1341,
            "36096" : 1185,
            "36608" : 1069,
            "37120" : 936,
            "37632" : 895,
            "38144" : 824,
            "38656" : 791,
            "39168" : 723,
            "39680" : 697,
            "40192" : 583,
            "40704" : 496,
            "41216" : 505,
            "41728" : 486,
            "42240" : 378,
            "42752" : 365,
            "43264" : 299,
            "43776" : 259,
            "44288" : 210,
            "44800" : 211,
            "45312" : 196,
            "45824" : 169,
            "46336" : 172,
            "46848" : 147,
            "47360" : 154,
            "47872" : 170,
            "48384" : 131,
            "48896" : 129,
            "49408" : 124,
            "49920" : 119,
            "50432" : 106,
            "50944" : 102,
            "51456" : 109,
            "51968" : 84,
            "52480" : 78,
            "52992" : 99,
            "53504" : 68,
            "54016" : 75,
            "54528" : 72,
            "55040" : 60,
            "55552" : 58,
            "56064" : 77,
            "56576" : 62,
            "57088" : 66,
            "57600" : 68,
            "58112" : 46,
            "58624" : 54,
            "59136" : 59,
            "59648" : 75,
            "60160" : 60,
            "60672" : 49,
            "61184" : 45,
            "61696" : 54,
            "62208" : 60,
            "62720" : 48,
            "63232" : 33,
            "63744" : 42,
            "64256" : 41,
            "64768" : 37,
            "65280" : 26,
            "66048" : 55,
            "67072" : 65,
            "68096" : 66,
            "69120" : 53,
            "70144" : 72,
            "71168" : 71,
            "72192" : 59,
            "73216" : 59,
            "74240" : 52,
            "75264" : 53,
            "76288" : 46,
            "77312" : 52,
            "78336" : 42,
            "79360" : 30,
            "80384" : 18,
            "81408" : 21,
            "82432" : 30,
            "83456" : 17,
            "84480" : 25,
            "85504" : 30,
            "86528" : 22,
            "87552" : 28,
            "88576" : 18,
            "89600" : 22,
            "90624" : 20,
            "91648" : 17,
            "92672" : 11,
            "93696" : 17,
            "94720" : 13,
            "95744" : 16,
            "96768" : 19,
            "97792" : 16,
            "98816" : 13,
            "99840" : 10,
            "100864" : 19,
            "101888" : 16,
            "102912" : 7,
            "103936" : 11,
            "104960" : 17,
            "105984" : 14,
            "107008" : 16,
            "108032" : 12,
            "109056" : 12,
            "110080" : 18,
            "111104" : 18,
            "112128" : 13,
            "113152" : 12,
            "114176" : 9,
            "115200" : 20,
            "116224" : 13,
            "117248" : 9,
            "118272" : 7,
            "119296" : 11,
            "120320" : 12,
            "121344" : 10,
            "122368" : 13,
            "123392" : 12,
            "124416" : 10,
            "125440" : 7,
            "126464" : 5,
            "127488" : 9,
            "128512" : 7,
            "129536" : 2,
            "130560" : 6,
            "132096" : 22,
            "134144" : 25,
            "136192" : 18,
            "138240" : 17,
            "140288" : 25,
            "142336" : 17,
            "144384" : 13,
            "146432" : 20,
            "148480" : 21,
            "150528" : 18,
            "152576" : 6,
            "154624" : 13,
            "156672" : 17,
            "158720" : 18,
            "160768" : 14,
            "162816" : 7,
            "164864" : 12,
            "166912" : 7,
            "168960" : 7,
            "171008" : 14,
            "173056" : 11,
            "175104" : 14,
            "177152" : 8,
            "179200" : 16,
            "181248" : 12,
            "183296" : 8,
            "185344" : 6,
            "187392" : 5,
            "189440" : 12,
            "191488" : 3,
            "193536" : 9,
            "195584" : 10,
            "197632" : 8,
            "199680" : 6,
            "201728" : 10,
            "203776" : 1,
            "205824" : 3,
            "207872" : 5,
            "209920" : 4,
            "211968" : 8,
            "214016" : 4,
            "216064" : 7,
            "218112" : 3,
            "220160" : 6,
            "222208" : 7,
            "224256" : 5,
            "226304" : 3,
            "228352" : 4,
            "230400" : 2,
            "232448" : 3,
            "234496" : 6,
            "236544" : 5,
            "238592" : 6,
            "240640" : 7,
            "242688" : 7,
            "244736" : 7,
            "246784" : 5,
            "248832" : 5,
            "250880" : 3,
            "252928" : 3,
            "254976" : 5,
            "257024" : 5,
            "259072" : 5,
            "261120" : 3,
            "264192" : 7,
            "268288" : 9,
            "272384" : 10,
            "276480" : 10,
            "280576" : 8,
            "284672" : 7,
            "288768" : 7,
            "292864" : 4,
            "296960" : 5,
            "301056" : 4,
            "305152" : 5,
            "309248" : 3,
            "313344" : 9,
            "317440" : 7,
            "321536" : 4,
            "325632" : 2,
            "329728" : 3,
            "333824" : 1,
            "337920" : 4,
            "342016" : 7,
            "346112" : 2,
            "350208" : 5,
            "354304" : 5,
            "358400" : 2,
            "362496" : 3,
            "366592" : 2,
            "370688" : 2,
            "374784" : 3,
            "378880" : 5,
            "382976" : 4,
            "387072" : 1,
            "391168" : 1,
            "395264" : 3,
            "399360" : 2,
            "403456" : 5,
            "407552" : 4,
            "411648" : 2,
            "415744" : 2,
            "419840" : 2,
            "423936" : 6,
            "428032" : 3,
            "432128" : 2,
            "436224" : 3,
            "440320" : 1,
            "444416" : 1,
            "448512" : 2,
            "452608" : 5,
            "456704" : 1,
            "460800" : 1,
            "464896" : 3,
            "468992" : 2,
            "473088" : 4,
            "477184" : 2,
            "485376" : 3,
            "489472" : 4,
            "493568" : 1,
            "497664" : 1,
            "501760" : 3,
            "505856" : 4,
            "514048" : 1,
            "518144" : 4,
            "522240" : 2,
            "528384" : 1,
            "536576" : 4,
            "544768" : 3,
            "552960" : 6,
            "561152" : 1,
            "569344" : 8,
            "577536" : 6,
            "585728" : 2,
            "593920" : 5,
            "602112" : 2,
            "610304" : 5,
            "618496" : 1,
            "626688" : 2,
            "634880" : 5,
            "643072" : 5,
            "651264" : 2,
            "659456" : 5,
            "667648" : 2,
            "675840" : 6,
            "684032" : 4,
            "692224" : 3,
            "700416" : 2,
            "708608" : 2,
            "716800" : 3,
            "724992" : 2,
            "733184" : 4,
            "741376" : 1,
            "749568" : 2,
            "757760" : 1,
            "765952" : 2,
            "774144" : 6,
            "782336" : 2,
            "790528" : 4,
            "798720" : 3,
            "806912" : 5,
            "815104" : 4,
            "823296" : 1,
            "839680" : 4,
            "847872" : 2,
            "856064" : 3,
            "864256" : 3,
            "872448" : 5,
            "880640" : 1,
            "888832" : 4,
            "897024" : 4,
            "905216" : 4,
            "913408" : 1,
            "921600" : 2,
            "929792" : 3,
            "937984" : 2,
            "946176" : 2,
            "954368" : 6,
            "970752" : 3,
            "978944" : 2,
            "987136" : 3,
            "995328" : 1,
            "1003520" : 4,
            "1011712" : 1,
            "1019904" : 1,
            "1028096" : 2,
            "1036288" : 2,
            "1044480" : 3,
            "1056768" : 5,
            "1073152" : 4,
            "1089536" : 2,
            "1105920" : 2,
            "1122304" : 1,
            "1155072" : 2,
            "1171456" : 2,
            "1187840" : 2,
            "1204224" : 3,
            "1220608" : 2,
            "1253376" : 4,
            "1269760" : 1,
            "1286144" : 2,
            "1302528" : 1,
            "1318912" : 1,
            "1335296" : 3,
            "1351680" : 1,
            "1384448" : 2,
            "1433600" : 2,
            "1449984" : 1,
            "1466368" : 3,
            "1482752" : 1,
            "1515520" : 1,
            "1531904" : 3,
            "1548288" : 1,
            "1581056" : 2,
            "1597440" : 2,
            "1613824" : 3,
            "1646592" : 1,
            "1662976" : 2,
            "1679360" : 2,
            "1695744" : 2,
            "1712128" : 1,
            "1728512" : 2,
            "1761280" : 3,
            "1777664" : 2,
            "1794048" : 2,
            "1826816" : 3,
            "1843200" : 1,
            "1908736" : 1,
            "1941504" : 1,
            "1957888" : 2,
            "2023424" : 2,
            "2056192" : 1,
            "2072576" : 1,
            "2088960" : 1,
            "2113536" : 1,
            "2146304" : 1,
            "2179072" : 1,
            "2211840" : 3,
            "2244608" : 3,
            "2277376" : 1,
            "2310144" : 2,
            "2342912" : 1,
            "2375680" : 2,
            "2441216" : 2,
            "2473984" : 1,
            "2506752" : 1,
            "2539520" : 3,
            "2572288" : 2,
            "2637824" : 1,
            "2670592" : 2,
            "2703360" : 3,
            "2801664" : 1,
            "2932736" : 1,
            "2998272" : 1,
            "3031040" : 2,
            "3063808" : 2,
            "3162112" : 1,
            "3194880" : 2,
            "3227648" : 2,
            "3260416" : 1,
            "3293184" : 2,
            "3391488" : 1,
            "3489792" : 1,
            "3522560" : 1,
            "3555328" : 1,
            "3620864" : 1,
            "3686400" : 1,
            "3719168" : 1,
            "3784704" : 1,
            "3817472" : 2,
            "3948544" : 1,
            "3981312" : 1,
            "4014080" : 1,
            "4079616" : 1,
            "4292608" : 2,
            "4358144" : 3,
            "4423680" : 1,
            "4489216" : 1,
            "4620288" : 2,
            "4685824" : 1,
            "4751360" : 3,
            "4816896" : 1,
            "5079040" : 1,
            "5275648" : 1,
            "5472256" : 1,
            "5603328" : 1,
            "5668864" : 2,
            "5734400" : 1,
            "5931008" : 1,
            "6127616" : 1,
            "6586368" : 1,
            "6782976" : 1,
            "6848512" : 1,
            "7176192" : 1,
            "7766016" : 1,
            "9764864" : 1,
            "10289152" : 1,
            "11730944" : 1
          }
        },
        "bw_min" : 76984,
        "bw_max" : 134048,
        "bw_agg" : 100.000000,
        "bw_mean" : 112873.655172,
        "bw_dev" : 15048.046385,
        "bw_samples" : 29,
        "iops_min" : 19246,
        "iops_max" : 33512,
        "iops_mean" : 28218.413793,
        "iops_stddev" : 3762.011596,
        "iops_samples" : 29
      },
      "write" : {
        "io_bytes" : 1735114752,
        "io_kbytes" : 1694448,
        "bw_bytes" : 115412714,
        "bw" : 112707,
        "iops" : 28176.932287,
        "runtime" : 15034,
        "total_ios" : 423612,
        "short_ios" : 0,
        "drop_ios" : 0,
        "slat_ns" : {
          "min" : 0,
          "max" : 0,
          "mean" : 0.000000,
          "stddev" : 0.000000,
          "N" : 0
        },
        "clat_ns" : {
          "min" : 2060,
          "max" : 10399771,
          "mean" : 5964.165246,
          "stddev" : 71576.938475,
          "N" : 423612,
          "percentile" : {
            "1.000000" : 2640,
            "5.000000" : 2832,
            "10.000000" : 2960,
            "20.000000" : 3152,
            "30.000000" : 3408,
            "40.000000" : 3920,
            "50.000000" : 4768,
            "60.000000" : 5088,
            "70.000000" : 5344,
            "80.000000" : 5664,
            "90.000000" : 6560,
            "95.000000" : 8160,
            "99.000000" : 11712,
            "99.500000" : 14400,
            "99.900000" : 55040,
            "99.950000" : 173056,
            "99.990000" : 3293184
          },
          "bins" : {
            "2064" : 2,
            "2128" : 3,
            "2160" : 2,
            "2192" : 8,
            "2224" : 9,
            "2256" : 17,
            "2288" : 32,
            "2320" : 51,
            "2352" : 86,
            "2384" : 118,
            "2416" : 194,
            "2448" : 233,
            "2480" : 304,
            "2512" : 450,
            "2544" : 583,
            "2576" : 757,
            "2608" : 983,
            "2640" : 1292,
            "2672" : 1583,
            "2704" : 2099,
            "2736" : 2551,
            "2768" : 3104,
            "2800" : 3693,
            "2832" : 4262,
            "2864" : 4807,
            "2896" : 5333,
            "2928" : 5524,
            "2960" : 6181,
            "2992" : 6510,
            "3024" : 6780,
            "3056" : 6904,
            "3088" : 6872,
            "3120" : 6811,
            "3152" : 6606,
            "3184" : 6544,
            "3216" : 6667,
            "3248" : 6030,
            "3280" : 5786,
            "3312" : 5501,
            "3344" : 5197,
            "3376" : 4973,
            "3408" : 4608,
            "3440" : 4199,
            "3472" : 3994,
            "3504" : 3598,
            "3536" : 3494,
            "3568" : 3162,
            "3600" : 2902,
            "3632" : 2619,
            "3664" : 2367,
            "3696" : 2359,
            "3728" : 2106,
            "3760" : 1943,
            "3792" : 1790,
            "3824" : 1701,
            "3856" : 1631,
            "3888" : 1529,
            "3920" : 1540,
            "3952" : 1459,
            "3984" : 1360,
            "4016" : 1385,
            "4048" : 1270,
            "4080" : 1256,
            "4128" : 2507,
            "4192" : 2317,
            "4256" : 2340,
            "4320" : 2332,
            "4384" : 2467,
            "4448" : 2711,
            "4512" : 3136,
            "4576" : 3359,
            "4640" : 4060,
            "4704" : 4916,
            "4768" : 6036,
            "4832" : 7308,
            "4896" : 8302,
            "4960" : 9380,
            "5024" : 10087,
            "5088" : 10588,
            "5152" : 11157,
            "5216" : 10896,
            "5280" : 10567,
            "5344" : 10096,
            "5408" : 9121,
            "5472" : 8517,
            "5536" : 7436,
            "5600" : 6714,
            "5664" : 5979,
            "5728" : 5459,
            "5792" : 4636,
            "5856" : 4282,
            "5920" : 3807,
            "5984" : 3516,
            "6048" : 3233,
            "6112" : 2905,
            "6176" : 2602,
            "6240" : 2373,
            "6304" : 2285,
            "6368" : 2036,
            "6432" : 1911,
            "6496" : 1696,
            "6560" : 1615,
            "6624" : 1416,
            "6688" : 1324,
            "6752" : 1292,
            "6816" : 1141,
            "6880" : 1134,
            "6944" : 1015,
            "7008" : 928,
            "7072" : 948,
            "7136" : 847,
            "7200" : 809,
            "7264" : 828,
            "7328" : 739,
            "7392" : 805,
            "7456" : 717,
            "7520" : 684,
            "7584" : 706,
            "7648" : 627,
            "7712" : 620,
            "7776" : 595,
            "7840" : 571,
            "7904" : 571,
            "7968" : 570,
            "8032" : 517,
            "8096" : 536,
            "8160" : 500,
            "8256" : 948,
            "8384" : 881,
            "8512" : 891,
            "8640" : 833,
            "8768" : 834,
            "8896" : 801,
            "9024" : 806,
            "9152" : 705,
            "9280" : 733,
            "9408" : 716,
            "9536" : 723,
            "9664" : 681,
            "9792" : 647,
            "9920" : 610,
            "10048" : 563,
            "10176" : 556,
            "10304" : 553,
            "10432" : 533,
            "10560" : 521,
            "10688" : 482,
            "10816" : 384,
            "10944" : 405,
            "11072" : 353,
            "11200" : 329,
            "11328" : 303,
            "11456" : 287,
            "11584" : 259,
            "11712" : 223,
            "11840" : 203,
            "11968" : 200,
            "12096" : 198,
            "12224" : 171,
            "12352" : 136,
            "12480" : 110,
            "12608" : 123,
            "12736" : 115,
            "12864" : 90,
            "12992" : 99,
            "13120" : 68,
            "13248" : 72,
            "13376" : 77,
            "13504" : 65,
            "13632" : 58,
            "13760" : 58,
            "13888" : 47,
            "14016" : 57,
            "14144" : 47,
            "14272" : 54,
            "14400" : 49,
            "14528" : 43,
            "14656" : 33,
            "14784" : 34,
            "14912" : 29,
            "15040" : 28,
            "15168" : 45,
            "15296" : 24,
            "15424" : 31,
            "15552" : 31,
            "15680" : 29,
            "15808" : 22,
            "15936" : 22,
            "16064" : 21,
            "16192" : 24,
            "16320" : 13,
            "16512" : 36,
            "16768" : 38,
            "17024" : 39,
            "17280" : 45,
            "17536" : 39,
            "17792" : 37,
            "18048" : 36,
            "18304" : 28,
            "18560" : 22,
            "18816" : 33,
            "19072" : 28,
            "19328" : 20,
            "19584" : 33,
            "19840" : 21,
            "20096" : 13,
            "20352" : 17,
            "20608" : 25,
            "20864" : 22,
            "21120" : 12,
            "21376" : 16,
            "21632" : 12,
            "21888" : 15,
            "22144" : 26,
            "22400" : 12,
            "22656" : 16,
            "22912" : 11,
            "23168" : 18,
            "23424" : 16,
            "23680" : 15,
            "23936" : 10,
            "24192" : 11,
            "24448" : 8,
            "24704" : 10,
            "24960" : 8,
            "25216" : 10,
            "25472" : 14,
            "25728" : 13,
            "25984" : 9,
            "26240" : 9,
            "26496" : 9,
            "26752" : 13,
            "27008" : 6,
            "27264" : 10,
            "27520" : 4,
            "27776" : 4,
            "28032" : 6,
            "28288" : 4,
            "28544" : 8,
            "28800" : 7,
            "29056" : 8,
            "29312" : 8,
            "29568" : 10,
            "29824" : 9,
            "30080" : 6,
            "30336" : 3,
            "30592" : 12,
            "30848" : 8,
            "31104" : 2,
            "31360" : 8,
            "31616" : 3,
            "31872" : 9,
            "32128" : 13,
            "32384" : 2,
            "32640" : 8,
            "33024" : 16,
            "33536" : 8,
            "34048" : 11,
            "34560" : 14,
            "35072" : 10,
            "35584" : 10,
            "36096" : 16,
            "36608" : 6,
            "37120" : 13,
            "37632" : 10,
            "38144" : 6,
            "38656" : 7,
            "39168" : 6,
            "39680" : 7,
            "40192" : 10,
            "40704" : 8,
            "41216" : 4,
            "41728" : 6,
            "42240" : 3,
            "42752" : 4,
            "43264" : 5,
            "43776" : 4,
            "44288" : 6,
            "44800" : 9,
            "45312" : 9,
            "45824" : 3,
            "46336" : 1,
            "46848" : 3,
            "47360" : 5,
            "47872" : 5,
            "48384" : 5,
            "48896" : 6,
            "49408" : 7,
            "49920" : 6,
            "50432" : 5,
            "50944" : 10,
            "51456" : 1,
            "51968" : 5,
            "52480" : 3,
            "52992" : 2,
            "53504" : 1,
            "54016" : 2,
            "54528" : 2,
            "55040" : 3,
            "55552" : 1,
            "56064" : 3,
            "56576" : 3,
            "57088" : 2,
            "57600" : 1,
            "58112" : 1,
            "58624" : 2,
            "59136" : 1,
            "59648" : 1,
            "60672" : 5,
            "61184" : 2,
            "61696" : 3,
            "62208" : 4,
            "62720" : 2,
            "63744" : 1,
            "64256" : 3,
            "64768" : 1,
            "65280" : 5,
            "66048" : 10,
            "67072" : 7,
            "68096" : 3,
            "69120" : 3,
            "70144" : 4,
            "71168" : 3,
            "72192" : 7,
            "73216" : 5,
            "74240" : 3,
            "75264" : 3,
            "76288" : 3,
            "77312" : 2,
            "79360" : 2,
            "80384" : 1,
            "81408" : 1,
            "82432" : 4,
            "83456" : 1,
            "84480" : 2,
            "85504" : 4,
            "86528" : 6,
            "87552" : 2,
            "88576" : 2,
            "89600" : 3,
            "90624" : 1,
            "91648" : 1,
            "92672" : 2,
            "93696" : 3,
            "94720" : 7,
            "96768" : 4,
            "97792" : 1,
            "98816" : 3,
            "99840" : 2,
            "100864" : 1,
            "101888" : 3,
            "102912" : 1,
            "103936" : 4,
            "104960" : 3,
            "108032" : 1,
            "111104" : 3,
            "112128" : 2,
            "113152" : 1,
            "114176" : 2,
            "115200" : 1,
            "117248" : 3,
            "118272" : 2,
            "119296" : 2,
            "121344" : 1,
            "122368" : 1,
            "123392" : 3,
            "124416" : 1,
            "125440" : 3,
            "126464" : 1,
            "130560" : 2,
            "132096" : 3,
            "134144" : 1,
            "136192" : 2,
            "138240" : 2,
            "140288" : 4,
            "142336" : 2,
            "144384" : 1,
            "146432" : 1,
            "150528" : 2,
            "154624" : 1,
            "168960" : 1,
            "171008" : 2,
            "173056" : 2,
            "179200" : 2,
            "181248" : 2,
            "187392" : 2,
            "191488" : 1,
            "193536" : 1,
            "195584" : 2,
            "197632" : 1,
            "199680" : 1,
            "205824" : 2,
            "211968" : 1,
            "214016" : 1,
            "216064" : 1,
            "220160" : 1,
            "222208" : 2,
            "230400" : 2,
            "234496" : 3,
            "238592" : 1,
            "244736" : 1,
            "248832" : 1,
            "250880" : 1,
            "259072" : 1,
            "272384" : 2,
            "276480" : 1,
            "284672" : 1,
            "288768" : 2,
            "292864" : 1,
            "296960" : 1,
            "301056" : 1,
            "309248" : 1,
            "317440" : 1,
            "325632" : 1,
            "333824" : 1,
            "342016" : 1,
            "346112" : 1,
            "362496" : 1,
            "374784" : 2,
            "411648" : 1,
            "415744" : 1,
            "432128" : 1,
            "436224" : 1,
            "444416" : 1,
            "468992" : 1,
            "473088" : 1,
            "477184" : 1,
            "497664" : 1,
            "522240" : 1,
            "569344" : 1,
            "643072" : 1,
            "675840" : 1,
            "684032" : 1,
            "733184" : 1,
            "815104" : 1,
            "856064" : 1,
            "864256" : 1,
            "897024" : 1,
            "905216" : 1,
            "929792" : 1,
            "946176" : 1,
            "962560" : 1,
            "1003520" : 1,
            "1105920" : 1,
            "1155072" : 1,
            "1171456" : 1,
            "1220608" : 1,
            "1253376" : 1,
            "1318912" : 2,
            "1335296" : 1,
            "1351680" : 1,
            "1433600" : 1,
            "1466368" : 2,
            "1482752" : 1,
            "1548288" : 1,
            "1564672" : 1,
            "1581056" : 2,
            "1597440" : 1,
            "1630208" : 1,
            "1646592" : 1,
            "1662976" : 1,
            "1679360" : 2,
            "1695744" : 1,
            "1712128" : 2,
            "1744896" : 4,
            "1777664" : 2,
            "1826816" : 1,
            "1859584" : 2,
            "1925120" : 3,
            "1941504" : 3,
            "1957888" : 1,
            "1974272" : 4,
            "1990656" : 1,
            "2007040" : 1,
            "2023424" : 2,
            "2056192" : 3,
            "2088960" : 1,
            "2113536" : 1,
            "2146304" : 4,
            "2179072" : 1,
            "2211840" : 3,
            "2244608" : 2,
            "2277376" : 3,
            "2310144" : 6,
            "2342912" : 5,
            "2408448" : 2,
            "2441216" : 1,
            "2572288" : 1,
            "2605056" : 2,
            "2703360" : 1,
            "2768896" : 2,
            "2801664" : 1,
            "2834432" : 1,
            "2965504" : 2,
            "3162112" : 1,
            "3194880" : 1,
            "3260416" : 1,
            "3293184" : 1,
            "3391488" : 1,
            "3457024" : 1,
            "3555328" : 1,
            "3588096" : 1,
            "3620864" : 1,
            "3784704" : 1,
            "4014080" : 1,
            "4046848" : 1,
            "4292608" : 1,
            "4358144" : 1,
            "4423680" : 2,
            "4554752" : 1,
            "4685824" : 1,
            "5013504" : 2,
            "5275648" : 1,
            "5341184" : 1,
            "5668864" : 2,
            "5799936" : 1,
            "5865472" : 1,
            "5931008" : 1,
            "6127616" : 1,
            "6324224" : 1,
            "6455296" : 1,
            "6586368" : 1,
            "6651904" : 1,
            "6782976" : 1,
            "6979584" : 1,
            "7372800" : 2,
            "7438336" : 1,
            "7831552" : 1,
            "8454144" : 1,
            "8978432" : 2,
            "9109504" : 1,
            "9633792" : 1,
            "9764864" : 2,
            "10420224" : 1
          }
        },
        "lat_ns" : {
          "min" : 2112,
          "max" : 10399862,
          "mean" : 6086.552692,
          "stddev" : 71640.494736,
          "N" : 423612,
          "percentile" : {
            "1.000000" : 2704,
            "5.000000" : 2896,
            "10.000000" : 3024,
            "20.000000" : 3248,
            "30.000000" : 3472,
            "40.000000" : 3984,
            "50.000000" : 4896,
            "60.000000" : 5216,
            "70.000000" : 5472,
            "80.000000" : 5856,
            "90.000000" : 6688,
            "95.000000" : 8384,
            "99.000000" : 11968,
            "99.500000" : 14784,
            "99.900000" : 57088,
            "99.950000" : 181248,
            "99.990000" : 3293184
          },
          "bins" : {
            "2128" : 2,
            "2160" : 1,
            "2192" : 3,
            "2224" : 4,
            "2256" : 5,
            "2288" : 12,
            "2320" : 13,
            "2352" : 29,
            "2384" : 53,
            "2416" : 72,
            "2448" : 127,
            "2480" : 183,
            "2512" : 245,
            "2544" : 289,
            "2576" : 422,
            "2608" : 598,
            "2640" : 717,
            "2672" : 969,
            "2704" : 1286,
            "2736" : 1562,
            "2768" : 2058,
            "2800" : 2521,
            "2832" : 3030,
            "2864" : 3693,
            "2896" : 4263,
            "2928" : 4744,
            "2960" : 5251,
            "2992" : 5601,
            "3024" : 6084,
            "3056" : 6561,
            "3088" : 6769,
            "3120" : 6812,
            "3152" : 6875,
            "3184" : 6891,
            "3216" : 6719,
            "3248" : 6528,
            "3280" : 6564,
            "3312" : 6124,
            "3344" : 5816,
            "3376" : 5551,
            "3408" : 5227,
            "3440" : 4920,
            "3472" : 4592,
            "3504" : 4243,
            "3536" : 4024,
            "3568" : 3651,
            "3600" : 3378,
            "3632" : 3226,
            "3664" : 2939,
            "3696" : 2700,
            "3728" : 2353,
            "3760" : 2301,
            "3792" : 2116,
            "3824" : 1902,
            "3856" : 1822,
            "3888" : 1740,
            "3920" : 1573,
            "3952" : 1524,
            "3984" : 1502,
            "4016" : 1481,
            "4048" : 1329,
            "4080" : 1354,
            "4128" : 2482,
            "4192" : 2427,
            "4256" : 2203,
            "4320" : 2228,
            "4384" : 2102,
            "4448" : 2177,
            "4512" : 2348,
            "4576" : 2460,
            "4640" : 2834,
            "4704" : 3260,
            "4768" : 3735,
            "4832" : 4495,
            "4896" : 5537,
            "4960" : 6712,
            "5024" : 7745,
            "5088" : 8739,
            "5152" : 9781,
            "5216" : 10246,
            "5280" : 10794,
            "5344" : 10892,
            "5408" : 10667,
            "5472" : 10112,
            "5536" : 9467,
            "5600" : 8664,
            "5664" : 7792,
            "5728" : 6832,
            "5792" : 6301,
            "5856" : 5632,
            "5920" : 4940,
            "5984" : 4358,
            "6048" : 3874,
            "6112" : 3744,
            "6176" : 3237,
            "6240" : 3012,
            "6304" : 2622,
            "6368" : 2537,
            "6432" : 2304,
            "6496" : 2102,
            "6560" : 1942,
            "6624" : 1755,
            "6688" : 1632,
            "6752" : 1506,
            "6816" : 1392,
            "6880" : 1250,
            "6944" : 1193,
            "7008" : 1130,
            "7072" : 1045,
            "7136" : 979,
            "7200" : 874,
            "7264" : 927,
            "7328" : 783,
            "7392" : 784,
            "7456" : 771,
            "7520" : 793,
            "7584" : 746,
            "7648" : 677,
            "7712" : 691,
            "7776" : 645,
            "7840" : 637,
            "7904" : 598,
            "7968" : 593,
            "8032" : 554,
            "8096" : 529,
            "8160" : 563,
            "8256" : 1023,
            "8384" : 968,
            "8512" : 918,
            "8640" : 863,
            "8768" : 822,
            "8896" : 812,
            "9024" : 805,
            "9152" : 800,
            "9280" : 757,
            "9408" : 731,
            "9536" : 694,
            "9664" : 686,
            "9792" : 735,
            "9920" : 652,
            "10048" : 583,
            "10176" : 587,
            "10304" : 573,
            "10432" : 569,
            "10560" : 526,
            "10688" : 515,
            "10816" : 514,
            "10944" : 438,
            "11072" : 380,
            "11200" : 404,
            "11328" : 332,
            "11456" : 328,
            "11584" : 319,
            "11712" : 278,
            "11840" : 250,
            "11968" : 222,
            "12096" : 194,
            "12224" : 211,
            "12352" : 186,
            "12480" : 163,
            "12608" : 142,
            "12736" : 106,
            "12864" : 135,
            "12992" : 109,
            "13120" : 92,
            "13248" : 86,
            "13376" : 79,
            "13504" : 73,
            "13632" : 74,
            "13760" : 63,
            "13888" : 58,
            "14016" : 58,
            "14144" : 48,
            "14272" : 57,
            "14400" : 53,
            "14528" : 55,
            "14656" : 40,
            "14784" : 36,
            "14912" : 30,
            "15040" : 31,
            "15168" : 37,
            "15296" : 40,
            "15424" : 31,
            "15552" : 26,
            "15680" : 30,
            "15808" : 29,
            "15936" : 27,
            "16064" : 25,
            "16192" : 21,
            "16320" : 21,
            "16512" : 36,
            "16768" : 35,
            "17024" : 44,
            "17280" : 37,
            "17536" : 45,
            "17792" : 39,
            "18048" : 31,
            "18304" : 31,
            "18560" : 23,
            "18816" : 31,
            "19072" : 38,
            "19328" : 26,
            "19584" : 26,
            "19840" : 22,
            "20096" : 20,
            "20352" : 14,
            "20608" : 22,
            "20864" : 23,
            "21120" : 16,
            "21376" : 17,
            "21632" : 16,
            "21888" : 10,
            "22144" : 17,
            "22400" : 25,
            "22656" : 16,
            "22912" : 15,
            "23168" : 9,
            "23424" : 12,
            "23680" : 18,
            "23936" : 15,
            "24192" : 12,
            "24448" : 10,
            "24704" : 12,
            "24960" : 12,
            "25216" : 5,
            "25472" : 16,
            "25728" : 13,
            "25984" : 13,
            "26240" : 9,
            "26496" : 10,
            "26752" : 8,
            "27008" : 12,
            "27264" : 9,
            "27520" : 8,
            "27776" : 4,
            "28032" : 3,
            "28288" : 7,
            "28544" : 3,
            "28800" : 8,
            "29056" : 9,
            "29312" : 7,
            "29568" : 5,
            "29824" : 11,
            "30080" : 8,
            "30336" : 7,
            "30592" : 6,
            "30848" : 9,
            "31104" : 7,
            "31360" : 3,
            "31616" : 5,
            "31872" : 6,
            "32128" : 10,
            "32384" : 12,
            "32640" : 5,
            "33024" : 17,
            "33536" : 11,
            "34048" : 9,
            "34560" : 14,
            "35072" : 9,
            "35584" : 14,
            "36096" : 17,
            "36608" : 6,
            "37120" : 11,
            "37632" : 9,
            "38144" : 6,
            "38656" : 11,
            "39168" : 7,
            "39680" : 3,
            "40192" : 10,
            "40704" : 8,
            "41216" : 8,
            "41728" : 4,
            "42240" : 7,
            "42752" : 3,
            "43264" : 6,
            "43776" : 2,
            "44288" : 7,
            "44800" : 9,
            "45312" : 6,
            "45824" : 7,
            "46336" : 1,
            "46848" : 3,
            "47360" : 3,
            "47872" : 4,
            "48384" : 7,
            "48896" : 3,
            "49408" : 5,
            "49920" : 9,
            "50432" : 6,
            "50944" : 7,
            "51456" : 5,
            "51968" : 2,
            "52480" : 5,
            "52992" : 1,
            "53504" : 1,
            "54016" : 3,
            "54528" : 2,
            "55040" : 1,
            "55552" : 4,
            "56064" : 2,
            "56576" : 2,
            "57088" : 3,
            "57600" : 2,
            "58112" : 1,
            "58624" : 2,
            "59136" : 1,
            "59648" : 2,
            "60672" : 1,
            "61184" : 6,
            "61696" : 2,
            "62208" : 5,
            "62720" : 2,
            "63744" : 1,
            "64256" : 2,
            "64768" : 2,
            "65280" : 1,
            "66048" : 11,
            "67072" : 7,
            "68096" : 3,
            "69120" : 3,
            "70144" : 3,
            "71168" : 3,
            "72192" : 6,
            "73216" : 6,
            "74240" : 4,
            "75264" : 3,
            "76288" : 4,
            "77312" : 1,
            "79360" : 3,
            "81408" : 3,
            "82432" : 2,
            "83456" : 3,
            "84480" : 2,
            "85504" : 2,
            "86528" : 7,
            "87552" : 4,
            "88576" : 1,
            "89600" : 3,
            "90624" : 1,
            "91648" : 2,
            "92672" : 1,
            "93696" : 4,
            "94720" : 7,
            "95744" : 1,
            "96768" : 3,
            "97792" : 2,
            "98816" : 3,
            "99840" : 2,
            "100864" : 2,
            "101888" : 3,
            "103936" : 4,
            "104960" : 2,
            "105984" : 1,
            "107008" : 1,
            "108032" : 1,
            "111104" : 3,
            "112128" : 2,
            "113152" : 2,
            "114176" : 2,
            "116224" : 1,
            "117248" : 1,
            "118272" : 3,
            "119296" : 3,
            "121344" : 1,
            "123392" : 3,
            "124416" : 2,
            "125440" : 3,
            "126464" : 1,
            "130560" : 2,
            "132096" : 2,
            "134144" : 1,
            "136192" : 1,
            "138240" : 3,
            "140288" : 4,
            "142336" : 1,
            "144384" : 1,
            "146432" : 2,
            "150528" : 1,
            "154624" : 2,
            "162816" : 1,
            "168960" : 1,
            "171008" : 2,
            "173056" : 3,
            "179200" : 2,
            "181248" : 1,
            "183296" : 1,
            "187392" : 2,
            "191488" : 1,
            "193536" : 1,
            "195584" : 2,
            "197632" : 1,
            "199680" : 1,
            "205824" : 2,
            "211968" : 1,
            "214016" : 1,
            "216064" : 1,
            "220160" : 1,
            "222208" : 2,
            "230400" : 1,
            "232448" : 1,
            "234496" : 2,
            "236544" : 1,
            "238592" : 1,
            "244736" : 1,
            "248832" : 1,
            "250880" : 1,
            "259072" : 1,
            "272384" : 1,
            "276480" : 1,
            "284672" : 1,
            "288768" : 2,
            "292864" : 2,
            "296960" : 1,
            "301056" : 1,
            "309248" : 1,
            "317440" : 1,
            "325632" : 1,
            "333824" : 1,
            "342016" : 1,
            "354304" : 1,
            "366592" : 1,
            "370688" : 1,
            "374784" : 3,
            "411648" : 1,
            "419840" : 1,
            "432128" : 1,
            "436224" : 1,
            "440320" : 1,
            "456704" : 1,
            "468992" : 1,
            "473088" : 1,
            "477184" : 1,
            "497664" : 1,
            "522240" : 1,
            "569344" : 1,
            "643072" : 1,
            "675840" : 1,
            "684032" : 1,
            "733184" : 1,
            "815104" : 2,
            "856064" : 1,
            "864256" : 1,
            "897024" : 1,
            "905216" : 1,
            "929792" : 1,
            "946176" : 1,
            "962560" : 1,
            "1003520" : 1,
            "1105920" : 1,
            "1155072" : 1,
            "1171456" : 1,
            "1220608" : 1,
            "1253376" : 1,
            "1318912" : 2,
            "1335296" : 1,
            "1351680" : 1,
            "1433600" : 1,
            "1466368" : 2,
            "1482752" : 1,
            "1548288" : 1,
            "1564672" : 1,
            "1581056" : 2,
            "1597440" : 1,
            "1630208" : 1,
            "1646592" : 1,
            "1662976" : 1,
            "1679360" : 2,
            "1695744" : 1,
            "1712128" : 2,
            "1744896" : 4,
            "1777664" : 2,
            "1826816" : 1,
            "1859584" : 2,
            "1925120" : 3,
            "1941504" : 2,
            "1957888" : 2,
            "1974272" : 4,
            "1990656" : 1,
            "2007040" : 1,
            "2023424" : 2,
            "2056192" : 3,
            "2088960" : 1,
            "2113536" : 1,
            "2146304" : 4,
            "2179072" : 1,
            "2211840" : 3,
            "2244608" : 2,
            "2277376" : 3,
            "2310144" : 6,
            "2342912" : 4,
            "2408448" : 2,
            "2441216" : 1,
            "2572288" : 1,
            "2605056" : 2,
            "2703360" : 1,
            "2768896" : 3,
            "2801664" : 1,
            "2834432" : 1,
            "2965504" : 2,
            "3162112" : 1,
            "3194880" : 1,
            "3260416" : 1,
            "3293184" : 1,
            "3391488" : 1,
            "3457024" : 1,
            "3555328" : 1,
            "3588096" : 1,
            "3620864" : 1,
            "3784704" : 1,
            "4014080" : 1,
            "4046848" : 1,
            "4292608" : 1,
            "4358144" : 1,
            "4423680" : 2,
            "4554752" : 1,
            "4685824" : 1,
            "5013504" : 2,
            "5275648" : 1,
            "5341184" : 1,
            "5668864" : 2,
            "5799936" : 1,
            "5865472" : 1,
            "5931008" : 1,
            "6127616" : 1,
            "6324224" : 1,
            "6455296" : 1,
            "6651904" : 2,
            "6782976" : 1,
            "6979584" : 1,
            "7372800" : 2,
            "7438336" : 1,
            "7831552" : 1,
            "8454144" : 1,
            "8978432" : 2,
            "9109504" : 1,
            "9633792" : 1,
            "9764864" : 2,
            "10420224" : 1
          }
        },
        "bw_min" : 79128,
        "bw_max" : 133280,
        "bw_agg" : 100.000000,
        "bw_mean" : 112720.000000,
        "bw_dev" : 14953.329605,
        "bw_samples" : 29,
        "iops_min" : 19782,
        "iops_max" : 33320,
        "iops_mean" : 28180.000000,
        "iops_stddev" : 3738.501992,
        "iops_samples" : 29
      },
      "trim" : {
        "io_bytes" : 0,
        "io_kbytes" : 0,
        "bw_bytes" : 0,
        "bw" : 0,
        "iops" : 0.000000,
        "runtime" : 0,
        "total_ios" : 0,
        "short_ios" : 0,
        "drop_ios" : 0,
        "slat_ns" : {
          "min" : 0,
          "max" : 0,
          "mean" : 0.000000,
          "stddev" : 0.000000,
          "N" : 0
        },
        "clat_ns" : {
          "min" : 0,
          "max" : 0,
          "mean" : 0.000000,
          "stddev" : 0.000000,
          "N" : 0
        },
        "lat_ns" : {
          "min" : 0,
          "max" : 0,
          "mean" : 0.000000,
          "stddev" : 0.000000,
          "N" : 0
        },
        "bw_min" : 0,
        "bw_max" : 0,
        "bw_agg" : 0.000000,
        "bw_mean" : 0.000000,
        "bw_dev" : 0.000000,
        "bw_samples" : 0,
        "iops_min" : 0,
        "iops_max" : 0,
        "iops_mean" : 0.000000,
        "iops_stddev" : 0.000000,
        "iops_samples" : 0
      },
      "sync" : {
        "total_ios" : 0,
        "lat_ns" : {
          "min" : 0,
          "max" : 0,
          "mean" : 0.000000,
          "stddev" : 0.000000,
          "N" : 0
        }
      },
      "job_runtime" : 15033,
      "usr_cpu" : 7.210803,
      "sys_cpu" : 46.191712,
      "ctx" : 463909,
      "majf" : 0,
      "minf" : 19,
      "iodepth_level" : {
        "1" : 100.000000,
        "2" : 0.000000,
        "4" : 0.000000,
        "8" : 0.000000,
        "16" : 0.000000,
        "32" : 0.000000,
        ">=64" : 0.000000
      },
      "iodepth_submit" : {
        "0" : 0.000000,
        "4" : 100.000000,
        "8" : 0.000000,
        "16" : 0.000000,
        "32" : 0.000000,
        "64" : 0.000000,
        ">=64" : 0.000000
      },
      "iodepth_complete" : {
        "0" : 0.000000,
        "4" : 100.000000,
        "8" : 0.000000,
        "16" : 0.000000,
        "32" : 0.000000,
        "64" : 0.000000,
        ">=64" : 0.000000
      },
      "latency_ns" : {
        "2" : 0.000000,
        "4" : 0.000000,
        "10" : 0.000000,
        "20" : 0.000000,
        "50" : 0.000000,
        "100" : 0.000000,
        "250" : 0.000000,
        "500" : 0.000000,
        "750" : 0.000000,
        "1000" : 0.061809
      },
      "latency_us" : {
        "2" : 1.908401,
        "4" : 20.539221,
        "10" : 28.300215,
        "20" : 23.541304,
        "50" : 25.052549,
        "100" : 0.383945,
        "250" : 0.117719,
        "500" : 0.031730,
        "750" : 0.013211,
        "1000" : 0.010852
      },
      "latency_ms" : {
        "2" : 0.017221,
        "4" : 0.013683,
        "10" : 0.010000,
        "20" : 0.010000,
        "50" : 0.000000,
        "100" : 0.000000,
        "250" : 0.000000,
        "500" : 0.000000,
        "750" : 0.000000,
        "1000" : 0.000000,
        "2000" : 0.000000,
        ">=2000" : 0.000000
      },
      "latency_depth" : 1,
      "latency_target" : 0,
      "latency_percentile" : 100.000000,
      "latency_window" : 0
    }
  ]
}
