{
  "fio version" : "fio-3.32-36-g5932",
  "timestamp" : 1664235633,
  "timestamp_ms" : 1664235633424,
  "time" : "Tue Sep 27 01:40:33 2022",
  "global options" : {
    "size" : "64M",
    "rw" : "randrw",
    "bs" : "4K",
    "numjobs" : "1",
    "iodepth" : "1",
    "runtime" : "15",
    "end_fsync" : "1",
    "lat_percentiles" : "1",
    "slat_percentiles" : "1",
    "clat_percentiles" : "1"
  },
  "jobs" : [
    {
      "jobname" : "random-rw",
      "groupid" : 0,
      "error" : 0,
      "eta" : 0,
      "elapsed" : 16,
      "job options" : {
        "name" : "random-rw"
      },
      "read" : {
        "io_bytes" : 1766019072,
        "io_kbytes" : 1724628,
        "bw_bytes" : 117172178,
        "bw" : 114425,
        "iops" : 28606.488854,
        "runtime" : 15072,
        "total_ios" : 431157,
        "short_ios" : 0,
        "drop_ios" : 0,
        "slat_ns" : {
          "min" : 0,
          "max" : 0,
          "mean" : 0.000000,
          "stddev" : 0.000000,
          "N" : 0
        },
        "clat_ns" : {
          "min" : 892,
          "max" : 7732013,
          "mean" : 21632.350745,
          "stddev" : 44035.596713,
          "N" : 431157,
          "percentile" : {
            "1.000000" : 1176,
            "5.000000" : 13248,
            "10.000000" : 16768,
            "20.000000" : 18048,
            "30.000000" : 19072,
            "40.000000" : 19840,
            "50.000000" : 20608,
            "60.000000" : 21376,
            "70.000000" : 22400,
            "80.000000" : 23424,
            "90.000000" : 25728,
            "95.000000" : 30848,
            "99.000000" : 40192,
            "99.500000" : 48384,
            "99.900000" : 121344,
            "99.950000" : 321536,
            "99.990000" : 1826816
          },
          "bins" : {
            "892" : 1,
            "900" : 1,
            "908" : 1,
            "924" : 3,
            "932" : 9,
            "940" : 9,
            "948" : 11,
            "956" : 11,
            "964" : 21,
            "972" : 24,
            "980" : 35,
            "988" : 45,
            "996" : 59,
            "1004" : 53,
            "1012" : 73,
            "1020" : 91,
            "1032" : 202,
            "1048" : 239,
            "1064" : 255,
            "1080" : 322,
            "1096" : 378,
            "1112" : 410,
            "1128" : 476,
            "1144" : 542,
            "1160" : 578,
            "1176" : 593,
            "1192" : 625,
            "1208" : 606,
            "1224" : 601,
            "1240" : 651,
            "1256" : 577,
            "1272" : 591,
            "1288" : 584,
            "1304" : 523,
            "1320" : 478,
            "1336" : 472,
            "1352" : 409,
            "1368" : 347,
            "1384" : 311,
            "1400" : 241,
            "1416" : 213,
            "1432" : 175,
            "1448" : 163,
            "1464" : 120,
            "1480" : 118,
            "1496" : 94,
            "1512" : 74,
            "1528" : 74,
            "1544" : 59,
            "1560" : 49,
            "1576" : 59,
            "1592" : 31,
            "1608" : 26,
            "1624" : 32,
            "1640" : 31,
            "1656" : 30,
            "1672" : 25,
            "1688" : 21,
            "1704" : 19,
            "1720" : 21,
            "1736" : 20,
            "1752" : 22,
            "1768" : 29,
            "1784" : 19,
            "1800" : 13,
            "1816" : 12,
            "1832" : 16,
            "1848" : 18,
            "1864" : 10,
            "1880" : 10,
            "1896" : 9,
            "1912" : 13,
            "1928" : 10,
            "1944" : 8,
            "1960" : 14,
            "1976" : 8,
            "1992" : 6,
            "2008" : 11,
            "2024" : 14,
            "2040" : 6,
            "2064" : 9,
            "2096" : 16,
            "2128" : 15,
            "2160" : 15,
            "2192" : 9,
            "2224" : 8,
            "2256" : 11,
            "2288" : 10,
            "2320" : 9,
            "2352" : 9,
            "2384" : 7,
            "2416" : 3,
            "2448" : 4,
            "2480" : 5,
            "2512" : 2,
            "2544" : 3,
            "2576" : 8,
            "2608" : 3,
            "2640" : 2,
            "2672" : 1,
            "2704" : 4,
            "2768" : 1,
            "2800" : 1,
            "2928" : 1,
            "2960" : 1,
            "2992" : 1,
            "3088" : 1,
            "3120" : 1,
            "3152" : 3,
            "3184" : 1,
            "3280" : 2,
            "3312" : 1,
            "3408" : 1,
            "3440" : 1,
            "3568" : 1,
            "3600" : 1,
            "3632" : 1,
            "3728" : 1,
            "3792" : 1,
            "3920" : 2,
            "3952" : 1,
            "4128" : 1,
            "4192" : 1,
            "4320" : 2,
            "4384" : 1,
            "4640" : 1,
            "4704" : 1,
            "4768" : 1,
            "5024" : 1,
            "5152" : 1,
            "5216" : 1,
            "5536" : 1,
            "5792" : 1,
            "5856" : 1,
            "6176" : 1,
            "6624" : 1,
            "7200" : 1,
            "8096" : 1,
            "8256" : 1,
            "10560" : 2,
            "11072" : 1,
            "11200" : 1,
            "11328" : 2,
            "11456" : 3,
            "11584" : 3,
            "11712" : 15,
            "11840" : 29,
            "11968" : 50,
            "12096" : 104,
            "12224" : 199,
            "12352" : 323,
            "12480" : 533,
            "12608" : 743,
            "12736" : 983,
            "12864" : 1161,
            "12992" : 1341,
            "13120" : 1399,
            "13248" : 1373,
            "13376" : 1425,
            "13504" : 1289,
            "13632" : 1160,
            "13760" : 1071,
            "13888" : 930,
            "14016" : 743,
            "14144" : 589,
            "14272" : 448,
            "14400" : 393,
            "14528" : 373,
            "14656" : 281,
            "14784" : 270,
            "14912" : 266,
            "15040" : 272,
            "15168" : 252,
            "15296" : 269,
            "15424" : 301,
            "15552" : 403,
            "15680" : 499,
            "15808" : 602,
            "15936" : 835,
            "16064" : 1002,
            "16192" : 1239,
            "16320" : 1525,
            "16512" : 3644,
            "16768" : 4692,
            "17024" : 5989,
            "17280" : 7896,
            "17536" : 9797,
            "17792" : 11113,
            "18048" : 11711,
            "18304" : 11942,
            "18560" : 12004,
            "18816" : 11175,
            "19072" : 10718,
            "19328" : 11112,
            "19584" : 12664,
            "19840" : 13687,
            "20096" : 13977,
            "20352" : 14263,
            "20608" : 14279,
            "20864" : 14609,
            "21120" : 14587,
            "21376" : 14447,
            "21632" : 13465,
            "21888" : 12321,
            "22144" : 11079,
            "22400" : 11073,
            "22656" : 11241,
            "22912" : 11258,
            "23168" : 10887,
            "23424" : 9683,
            "23680" : 8159,
            "23936" : 6257,
            "24192" : 4709,
            "24448" : 4062,
            "24704" : 3466,
            "24960" : 2806,
            "25216" : 2475,
            "25472" : 2034,
            "25728" : 1889,
            "25984" : 1678,
            "26240" : 1508,
            "26496" : 1339,
            "26752" : 1343,
            "27008" : 1254,
            "27264" : 1228,
            "27520" : 1174,
            "27776" : 1092,
            "28032" : 1028,
            "28288" : 982,
            "28544" : 913,
            "28800" : 913,
            "29056" : 793,
            "29312" : 798,
            "29568" : 830,
            "29824" : 795,
            "30080" : 751,
            "30336" : 753,
            "30592" : 752,
            "30848" : 738,
            "31104" : 728,
            "31360" : 729,
            "31616" : 736,
            "31872" : 712,
            "32128" : 675,
            "32384" : 668,
            "32640" : 666,
            "33024" : 1335,
            "33536" : 1320,
            "34048" : 1348,
            "34560" : 1194,
            "35072" : 1096,
            "35584" : 882,
            "36096" : 827,
            "36608" : 724,
            "37120" : 615,
            "37632" : 592,
            "38144" : 503,
            "38656" : 499,
            "39168" : 424,
            "39680" : 367,
            "40192" : 358,
            "40704" : 300,
            "41216" : 229,
            "41728" : 216,
            "42240" : 201,
            "42752" : 161,
            "43264" : 140,
            "43776" : 91,
            "44288" : 131,
            "44800" : 90,
            "45312" : 85,
            "45824" : 87,
            "46336" : 84,
            "46848" : 75,
            "47360" : 94,
            "47872" : 67,
            "48384" : 79,
            "48896" : 65,
            "49408" : 71,
            "49920" : 50,
            "50432" : 46,
            "50944" : 64,
            "51456" : 60,
            "51968" : 49,
            "52480" : 57,
            "52992" : 40,
            "53504" : 47,
            "54016" : 43,
            "54528" : 46,
            "55040" : 37,
            "55552" : 38,
            "56064" : 45,
            "56576" : 36,
            "57088" : 27,
            "57600" : 26,
            "58112" : 19,
            "58624" : 17,
            "59136" : 22,
            "59648" : 11,
            "60160" : 26,
            "60672" : 17,
            "61184" : 24,
            "61696" : 13,
            "62208" : 17,
            "62720" : 18,
            "63232" : 14,
            "63744" : 19,
            "64256" : 16,
            "64768" : 11,
            "65280" : 15,
            "66048" : 25,
            "67072" : 34,
            "68096" : 29,
            "69120" : 29,
            "70144" : 21,
            "71168" : 28,
            "72192" : 18,
            "73216" : 24,
            "74240" : 12,
            "75264" : 19,
            "76288" : 25,
            "77312" : 13,
            "78336" : 14,
            "79360" : 19,
            "80384" : 11,
            "81408" : 9,
            "82432" : 20,
            "83456" : 12,
            "84480" : 6,
            "85504" : 22,
            "86528" : 9,
            "87552" : 11,
            "88576" : 13,
            "89600" : 10,
            "90624" : 7,
            "91648" : 15,
            "92672" : 13,
            "93696" : 6,
            "94720" : 6,
            "95744" : 4,
            "96768" : 5,
            "97792" : 9,
            "98816" : 6,
            "99840" : 8,
            "100864" : 4,
            "101888" : 9,
            "102912" : 1,
            "103936" : 3,
            "104960" : 9,
            "105984" : 4,
            "107008" : 5,
            "108032" : 6,
            "109056" : 4,
            "110080" : 2,
            "111104" : 4,
            "112128" : 3,
            "113152" : 3,
            "114176" : 6,
            "115200" : 7,
            "116224" : 3,
            "117248" : 5,
            "118272" : 1,
            "119296" : 4,
            "120320" : 4,
            "121344" : 5,
            "122368" : 1,
            "123392" : 5,
            "124416" : 3,
            "125440" : 5,
            "126464" : 2,
            "127488" : 4,
            "128512" : 4,
            "129536" : 4,
            "130560" : 6,
            "132096" : 7,
            "134144" : 6,
            "136192" : 4,
            "138240" : 5,
            "140288" : 7,
            "142336" : 5,
            "144384" : 11,
            "146432" : 8,
            "148480" : 8,
            "150528" : 6,
            "152576" : 3,
            "154624" : 4,
            "156672" : 8,
            "158720" : 5,
            "160768" : 4,
            "162816" : 3,
            "164864" : 3,
            "166912" : 4,
            "168960" : 3,
            "171008" : 2,
            "175104" : 3,
            "179200" : 2,
            "181248" : 1,
            "183296" : 2,
            "187392" : 2,
            "189440" : 3,
            "191488" : 1,
            "195584" : 2,
            "197632" : 1,
            "201728" : 2,
            "203776" : 4,
            "207872" : 2,
            "209920" : 1,
            "211968" : 1,
            "220160" : 1,
            "222208" : 1,
            "224256" : 1,
            "226304" : 2,
            "230400" : 3,
            "232448" : 2,
            "234496" : 1,
            "236544" : 1,
            "238592" : 1,
            "240640" : 1,
            "242688" : 1,
            "244736" : 2,
            "246784" : 2,
            "248832" : 1,
            "252928" : 1,
            "261120" : 1,
            "268288" : 1,
            "272384" : 5,
            "276480" : 1,
            "280576" : 1,
            "284672" : 3,
            "288768" : 2,
            "292864" : 3,
            "296960" : 2,
            "301056" : 1,
            "305152" : 1,
            "309248" : 1,
            "313344" : 1,
            "317440" : 2,
            "321536" : 1,
            "325632" : 1,
            "337920" : 1,
            "342016" : 3,
            "346112" : 1,
            "350208" : 2,
            "354304" : 2,
            "362496" : 1,
            "370688" : 3,
            "374784" : 3,
            "378880" : 1,
            "387072" : 1,
            "407552" : 1,
            "411648" : 1,
            "419840" : 1,
            "423936" : 1,
            "428032" : 1,
            "436224" : 1,
            "444416" : 1,
            "452608" : 2,
            "460800" : 1,
            "473088" : 1,
            "481280" : 2,
            "497664" : 2,
            "514048" : 3,
            "518144" : 1,
            "522240" : 1,
            "528384" : 1,
            "536576" : 2,
            "552960" : 1,
            "561152" : 4,
            "569344" : 3,
            "577536" : 4,
            "585728" : 1,
            "593920" : 1,
            "602112" : 2,
            "610304" : 3,
            "618496" : 2,
            "626688" : 2,
            "634880" : 1,
            "643072" : 1,
            "651264" : 1,
            "659456" : 2,
            "667648" : 1,
            "684032" : 1,
            "692224" : 2,
            "700416" : 2,
            "716800" : 1,
            "733184" : 2,
            "749568" : 2,
            "757760" : 1,
            "765952" : 1,
            "774144" : 2,
            "782336" : 1,
            "790528" : 3,
            "806912" : 6,
            "815104" : 1,
            "831488" : 1,
            "839680" : 1,
            "847872" : 4,
            "856064" : 5,
            "864256" : 1,
            "872448" : 2,
            "880640" : 2,
            "888832" : 3,
            "897024" : 1,
            "913408" : 2,
            "921600" : 3,
            "929792" : 1,
            "946176" : 5,
            "954368" : 1,
            "962560" : 1,
            "970752" : 1,
            "978944" : 5,
            "995328" : 3,
            "1003520" : 2,
            "1011712" : 2,
            "1028096" : 1,
            "1044480" : 1,
            "1056768" : 2,
            "1073152" : 3,
            "1089536" : 2,
            "1105920" : 1,
            "1122304" : 1,
            "1138688" : 2,
            "1187840" : 1,
            "1204224" : 1,
            "1220608" : 2,
            "1236992" : 1,
            "1302528" : 1,
            "1335296" : 1,
            "1400832" : 1,
            "1449984" : 1,
            "1466368" : 1,
            "1548288" : 1,
            "1564672" : 1,
            "1646592" : 1,
            "1662976" : 2,
            "1794048" : 1,
            "1826816" : 1,
            "1892352" : 2,
            "1925120" : 1,
            "1990656" : 1,
            "2023424" : 1,
            "2056192" : 1,
            "2146304" : 1,
            "2244608" : 1,
            "2277376" : 1,
            "2310144" : 1,
            "2473984" : 1,
            "2670592" : 1,
            "2703360" : 1,
            "3129344" : 2,
            "3194880" : 1,
            "3227648" : 1,
            "3293184" : 1,
            "3358720" : 1,
            "3424256" : 2,
            "3555328" : 1,
            "3588096" : 1,
            "3653632" : 1,
            "3686400" : 1,
            "3751936" : 2,
            "3915776" : 1,
            "3948544" : 1,
            "4014080" : 1,
            "4046848" : 1,
            "4112384" : 1,
            "4423680" : 1,
            "4554752" : 1,
            "4620288" : 1,
            "4816896" : 1,
            "5013504" : 1,
            "5603328" : 1,
            "5931008" : 1,
            "7045120" : 1,
            "7241728" : 2,
            "7700480" : 1
          }
        },
        "lat_ns" : {
          "min" : 922,
          "max" : 7732208,
          "mean" : 21738.151836,
          "stddev" : 44722.953737,
          "N" : 431157,
          "percentile" : {
            "1.000000" : 1240,
            "5.000000" : 13376,
            "10.000000" : 16768,
            "20.000000" : 18048,
            "30.000000" : 19072,
            "40.000000" : 20096,
            "50.000000" : 20864,
            "60.000000" : 21632,
            "70.000000" : 22400,
            "80.000000" : 23424,
            "90.000000" : 25728,
            "95.000000" : 31104,
            "99.000000" : 40704,
            "99.500000" : 48896,
            "99.900000" : 121344,
            "99.950000" : 321536,
            "99.990000" : 1892352
          },
          "bins" : {
            "924" : 1,
            "948" : 2,
            "956" : 3,
            "964" : 4,
            "972" : 6,
            "980" : 7,
            "988" : 13,
            "996" : 14,
            "1004" : 21,
            "1012" : 27,
            "1020" : 31,
            "1032" : 102,
            "1048" : 144,
            "1064" : 177,
            "1080" : 182,
            "1096" : 234,
            "1112" : 256,
            "1128" : 306,
            "1144" : 352,
            "1160" : 349,
            "1176" : 393,
            "1192" : 458,
            "1208" : 485,
            "1224" : 557,
            "1240" : 526,
            "1256" : 504,
            "1272" : 495,
            "1288" : 468,
            "1304" : 400,
            "1320" : 407,
            "1336" : 444,
            "1352" : 374,
            "1368" : 394,
            "1384" : 421,
            "1400" : 387,
            "1416" : 425,
            "1432" : 374,
            "1448" : 397,
            "1464" : 361,
            "1480" : 336,
            "1496" : 277,
            "1512" : 257,
            "1528" : 224,
            "1544" : 203,
            "1560" : 158,
            "1576" : 119,
            "1592" : 116,
            "1608" : 98,
            "1624" : 89,
            "1640" : 79,
            "1656" : 67,
            "1672" : 53,
            "1688" : 46,
            "1704" : 46,
            "1720" : 29,
            "1736" : 34,
            "1752" : 26,
            "1768" : 30,
            "1784" : 32,
            "1800" : 17,
            "1816" : 17,
            "1832" : 18,
            "1848" : 21,
            "1864" : 29,
            "1880" : 23,
            "1896" : 16,
            "1912" : 16,
            "1928" : 15,
            "1944" : 16,
            "1960" : 10,
            "1976" : 8,
            "1992" : 11,
            "2008" : 11,
            "2024" : 13,
            "2040" : 9,
            "2064" : 16,
            "2096" : 16,
            "2128" : 12,
            "2160" : 20,
            "2192" : 16,
            "2224" : 15,
            "2256" : 9,
            "2288" : 7,
            "2320" : 18,
            "2352" : 11,
            "2384" : 10,
            "2416" : 12,
            "2448" : 11,
            "2480" : 6,
            "2512" : 11,
            "2544" : 7,
            "2576" : 5,
            "2608" : 6,
            "2640" : 5,
            "2672" : 5,
            "2704" : 1,
            "2736" : 6,
            "2768" : 3,
            "2800" : 5,
            "2832" : 2,
            "2864" : 1,
            "2896" : 1,
            "2960" : 3,
            "2992" : 1,
            "3024" : 1,
            "3088" : 1,
            "3216" : 4,
            "3312" : 2,
            "3344" : 1,
            "3376" : 1,
            "3408" : 1,
            "3472" : 1,
            "3504" : 2,
            "3664" : 2,
            "3728" : 1,
            "3792" : 1,
            "4016" : 2,
            "4256" : 1,
            "4384" : 1,
            "4448" : 2,
            "4512" : 1,
            "4576" : 1,
            "4768" : 3,
            "4832" : 2,
            "5344" : 1,
            "5408" : 1,
            "5664" : 1,
            "5856" : 1,
            "6112" : 1,
            "6304" : 1,
            "6816" : 1,
            "7328" : 1,
            "8256" : 1,
            "8384" : 1,
            "9408" : 1,
            "10688" : 2,
            "10944" : 1,
            "11328" : 2,
            "11456" : 1,
            "11584" : 4,
            "11712" : 7,
            "11840" : 19,
            "11968" : 36,
            "12096" : 60,
            "12224" : 134,
            "12352" : 242,
            "12480" : 389,
            "12608" : 608,
            "12736" : 836,
            "12864" : 1042,
            "12992" : 1282,
            "13120" : 1377,
            "13248" : 1438,
            "13376" : 1467,
            "13504" : 1371,
            "13632" : 1239,
            "13760" : 1156,
            "13888" : 994,
            "14016" : 821,
            "14144" : 655,
            "14272" : 498,
            "14400" : 432,
            "14528" : 375,
            "14656" : 334,
            "14784" : 258,
            "14912" : 277,
            "15040" : 256,
            "15168" : 264,
            "15296" : 269,
            "15424" : 266,
            "15552" : 336,
            "15680" : 409,
            "15808" : 509,
            "15936" : 621,
            "16064" : 870,
            "16192" : 1032,
            "16320" : 1222,
            "16512" : 3265,
            "16768" : 4289,
            "17024" : 5548,
            "17280" : 7356,
            "17536" : 9310,
            "17792" : 10799,
            "18048" : 11452,
            "18304" : 11811,
            "18560" : 12029,
            "18816" : 11433,
            "19072" : 10670,
            "19328" : 10667,
            "19584" : 11791,
            "19840" : 13220,
            "20096" : 13973,
            "20352" : 14156,
            "20608" : 14444,
            "20864" : 14611,
            "21120" : 14586,
            "21376" : 14721,
            "21632" : 13941,
            "21888" : 12946,
            "22144" : 11582,
            "22400" : 11255,
            "22656" : 11313,
            "22912" : 11491,
            "23168" : 11249,
            "23424" : 10090,
            "23680" : 8647,
            "23936" : 6803,
            "24192" : 4933,
            "24448" : 4245,
            "24704" : 3625,
            "24960" : 2979,
            "25216" : 2500,
            "25472" : 2145,
            "25728" : 1941,
            "25984" : 1714,
            "26240" : 1567,
            "26496" : 1350,
            "26752" : 1328,
            "27008" : 1322,
            "27264" : 1199,
            "27520" : 1205,
            "27776" : 1107,
            "28032" : 1039,
            "28288" : 1001,
            "28544" : 960,
            "28800" : 884,
            "29056" : 839,
            "29312" : 805,
            "29568" : 819,
            "29824" : 807,
            "30080" : 756,
            "30336" : 742,
            "30592" : 734,
            "30848" : 757,
            "31104" : 713,
            "31360" : 730,
            "31616" : 762,
            "31872" : 701,
            "32128" : 685,
            "32384" : 705,
            "32640" : 614,
            "33024" : 1379,
            "33536" : 1320,
            "34048" : 1323,
            "34560" : 1265,
            "35072" : 1117,
            "35584" : 912,
            "36096" : 854,
            "36608" : 736,
            "37120" : 622,
            "37632" : 611,
            "38144" : 551,
            "38656" : 487,
            "39168" : 437,
            "39680" : 393,
            "40192" : 357,
            "40704" : 308,
            "41216" : 249,
            "41728" : 231,
            "42240" : 197,
            "42752" : 186,
            "43264" : 136,
            "43776" : 96,
            "44288" : 129,
            "44800" : 99,
            "45312" : 78,
            "45824" : 99,
            "46336" : 79,
            "46848" : 74,
            "47360" : 90,
            "47872" : 77,
            "48384" : 72,
            "48896" : 67,
            "49408" : 78,
            "49920" : 46,
            "50432" : 50,
            "50944" : 67,
            "51456" : 55,
            "51968" : 53,
            "52480" : 54,
            "52992" : 47,
            "53504" : 45,
            "54016" : 42,
            "54528" : 44,
            "55040" : 43,
            "55552" : 35,
            "56064" : 43,
            "56576" : 40,
            "57088" : 24,
            "57600" : 30,
            "58112" : 21,
            "58624" : 15,
            "59136" : 22,
            "59648" : 16,
            "60160" : 20,
            "60672" : 12,
            "61184" : 32,
            "61696" : 14,
            "62208" : 13,
            "62720" : 22,
            "63232" : 16,
            "63744" : 15,
            "64256" : 22,
            "64768" : 9,
            "65280" : 13,
            "66048" : 23,
            "67072" : 37,
            "68096" : 26,
            "69120" : 33,
            "70144" : 22,
            "71168" : 25,
            "72192" : 19,
            "73216" : 24,
            "74240" : 13,
            "75264" : 19,
            "76288" : 25,
            "77312" : 16,
            "78336" : 15,
            "79360" : 15,
            "80384" : 12,
            "81408" : 12,
            "82432" : 17,
            "83456" : 16,
            "84480" : 7,
            "85504" : 21,
            "86528" : 9,
            "87552" : 9,
            "88576" : 17,
            "89600" : 8,
            "90624" : 7,
            "91648" : 17,
            "92672" : 12,
            "93696" : 6,
            "94720" : 7,
            "95744" : 3,
            "96768" : 7,
            "97792" : 9,
            "98816" : 5,
            "99840" : 8,
            "100864" : 3,
            "101888" : 11,
            "102912" : 1,
            "103936" : 3,
            "104960" : 6,
            "105984" : 5,
            "107008" : 4,
            "108032" : 6,
            "109056" : 4,
            "110080" : 3,
            "111104" : 4,
            "112128" : 1,
            "113152" : 5,
            "114176" : 5,
            "115200" : 8,
            "116224" : 2,
            "117248" : 7,
            "118272" : 1,
            "119296" : 4,
            "120320" : 3,
            "121344" : 5,
            "122368" : 2,
            "123392" : 3,
            "124416" : 3,
            "125440" : 7,
            "126464" : 2,
            "127488" : 4,
            "128512" : 4,
            "129536" : 3,
            "130560" : 4,
            "132096" : 9,
            "134144" : 6,
            "136192" : 4,
            "138240" : 4,
            "140288" : 8,
            "142336" : 4,
            "144384" : 12,
            "146432" : 6,
            "148480" : 9,
            "150528" : 7,
            "152576" : 3,
            "154624" : 3,
            "156672" : 9,
            "158720" : 5,
            "160768" : 4,
            "162816" : 4,
            "164864" : 2,
            "166912" : 2,
            "168960" : 6,
            "171008" : 2,
            "175104" : 3,
            "177152" : 1,
            "179200" : 2,
            "181248" : 1,
            "183296" : 2,
            "187392" : 2,
            "189440" : 2,
            "191488" : 2,
            "195584" : 2,
            "197632" : 1,
            "201728" : 2,
            "203776" : 4,
            "207872" : 2,
            "209920" : 1,
            "220160" : 1,
            "222208" : 1,
            "224256" : 1,
            "226304" : 2,
            "230400" : 3,
            "232448" : 1,
            "234496" : 2,
            "236544" : 1,
            "238592" : 1,
            "240640" : 2,
            "242688" : 1,
            "244736" : 2,
            "246784" : 2,
            "248832" : 1,
            "252928" : 1,
            "261120" : 1,
            "268288" : 1,
            "272384" : 5,
            "276480" : 1,
            "280576" : 1,
            "284672" : 3,
            "288768" : 2,
            "292864" : 3,
            "296960" : 2,
            "301056" : 1,
            "305152" : 1,
            "309248" : 1,
            "313344" : 1,
            "317440" : 2,
            "321536" : 1,
            "325632" : 1,
            "337920" : 1,
            "342016" : 3,
            "346112" : 1,
            "350208" : 2,
            "354304" : 1,
            "362496" : 1,
            "370688" : 2,
            "374784" : 5,
            "378880" : 1,
            "387072" : 1,
            "407552" : 1,
            "411648" : 1,
            "423936" : 2,
            "428032" : 1,
            "436224" : 1,
            "444416" : 1,
            "452608" : 2,
            "460800" : 1,
            "473088" : 1,
            "481280" : 2,
            "497664" : 2,
            "514048" : 3,
            "518144" : 1,
            "522240" : 1,
            "528384" : 1,
            "536576" : 2,
            "552960" : 1,
            "561152" : 4,
            "569344" : 3,
            "577536" : 4,
            "585728" : 1,
            "593920" : 1,
            "602112" : 2,
            "610304" : 3,
            "618496" : 2,
            "626688" : 2,
            "634880" : 1,
            "643072" : 1,
            "651264" : 1,
            "659456" : 2,
            "667648" : 1,
            "684032" : 1,
            "692224" : 2,
            "700416" : 2,
            "716800" : 1,
            "733184" : 2,
            "749568" : 2,
            "757760" : 1,
            "765952" : 1,
            "774144" : 2,
            "782336" : 1,
            "790528" : 3,
            "806912" : 6,
            "815104" : 1,
            "831488" : 1,
            "839680" : 1,
            "847872" : 4,
            "856064" : 5,
            "864256" : 1,
            "872448" : 2,
            "880640" : 2,
            "888832" : 2,
            "897024" : 1,
            "913408" : 2,
            "921600" : 3,
            "929792" : 1,
            "946176" : 5,
            "954368" : 1,
            "962560" : 1,
            "970752" : 1,
            "978944" : 5,
            "995328" : 3,
            "1003520" : 2,
            "1011712" : 2,
            "1036288" : 1,
            "1044480" : 1,
            "1056768" : 2,
            "1073152" : 3,
            "1089536" : 2,
            "1122304" : 2,
            "1138688" : 2,
            "1187840" : 1,
            "1204224" : 1,
            "1220608" : 2,
            "1236992" : 1,
            "1302528" : 1,
            "1335296" : 1,
            "1400832" : 1,
            "1449984" : 1,
            "1466368" : 1,
            "1548288" : 1,
            "1564672" : 1,
            "1662976" : 3,
            "1794048" : 1,
            "1826816" : 1,
            "1892352" : 2,
            "1925120" : 1,
            "1990656" : 1,
            "2023424" : 1,
            "2056192" : 1,
            "2146304" : 1,
            "2244608" : 1,
            "2277376" : 1,
            "2310144" : 1,
            "2473984" : 1,
            "2670592" : 1,
            "2703360" : 1,
            "3129344" : 2,
            "3194880" : 1,
            "3227648" : 1,
            "3293184" : 1,
            "3358720" : 1,
            "3424256" : 2,
            "3555328" : 1,
            "3588096" : 1,
            "3653632" : 1,
            "3686400" : 1,
            "3751936" : 2,
            "3915776" : 1,
            "3948544" : 1,
            "4014080" : 1,
            "4046848" : 1,
            "4112384" : 1,
            "4423680" : 1,
            "4554752" : 1,
            "4620288" : 1,
            "4816896" : 1,
            "5013504" : 1,
            "5210112" : 1,
            "5603328" : 1,
            "5931008" : 1,
            "7045120" : 1,
            "7241728" : 2,
            "7700480" : 1
          }
        },
        "bw_min" : 94824,
        "bw_max" : 138560,
        "bw_agg" : 100.000000,
        "bw_mean" : 114900.413793,
        "bw_dev" : 8235.717496,
        "bw_samples" : 29,
        "iops_min" : 23706,
        "iops_max" : 34640,
        "iops_mean" : 28725.103448,
        "iops_stddev" : 2058.929374,
        "iops_samples" : 29
      },
      "write" : {
        "io_bytes" : 1764163584,
        "io_kbytes" : 1722816,
        "bw_bytes" : 117049070,
        "bw" : 114305,
        "iops" : 28576.433121,
        "runtime" : 15072,
        "total_ios" : 430704,
        "short_ios" : 0,
        "drop_ios" : 0,
        "slat_ns" : {
          "min" : 0,
          "max" : 0,
          "mean" : 0.000000,
          "stddev" : 0.000000,
          "N" : 0
        },
        "clat_ns" : {
          "min" : 2058,
          "max" : 18365302,
          "mean" : 6737.936585,
          "stddev" : 150320.678863,
          "N" : 430704,
          "percentile" : {
            "1.000000" : 2704,
            "5.000000" : 2960,
            "10.000000" : 3120,
            "20.000000" : 3344,
            "30.000000" : 3536,
            "40.000000" : 3888,
            "50.000000" : 4896,
            "60.000000" : 5344,
            "70.000000" : 5600,
            "80.000000" : 5856,
            "90.000000" : 6432,
            "95.000000" : 7328,
            "99.000000" : 10944,
            "99.500000" : 12480,
            "99.900000" : 29824,
            "99.950000" : 57088,
            "99.990000" : 12779520
          },
          "bins" : {
            "2064" : 2,
            "2128" : 1,
            "2160" : 1,
            "2192" : 4,
            "2224" : 8,
            "2256" : 13,
            "2288" : 20,
            "2320" : 43,
            "2352" : 70,
            "2384" : 104,
            "2416" : 139,
            "2448" : 197,
            "2480" : 222,
            "2512" : 284,
            "2544" : 381,
            "2576" : 429,
            "2608" : 547,
            "2640" : 605,
            "2672" : 701,
            "2704" : 892,
            "2736" : 1121,
            "2768" : 1349,
            "2800" : 1561,
            "2832" : 2089,
            "2864" : 2342,
            "2896" : 2644,
            "2928" : 3090,
            "2960" : 3564,
            "2992" : 3929,
            "3024" : 4251,
            "3056" : 4800,
            "3088" : 5122,
            "3120" : 5589,
            "3152" : 5900,
            "3184" : 6106,
            "3216" : 6299,
            "3248" : 6560,
            "3280" : 6535,
            "3312" : 6796,
            "3344" : 6789,
            "3376" : 6857,
            "3408" : 6757,
            "3440" : 6400,
            "3472" : 6311,
            "3504" : 6073,
            "3536" : 5813,
            "3568" : 5595,
            "3600" : 5151,
            "3632" : 4813,
            "3664" : 4515,
            "3696" : 4287,
            "3728" : 3892,
            "3760" : 3497,
            "3792" : 3272,
            "3824" : 2969,
            "3856" : 2732,
            "3888" : 2458,
            "3920" : 2319,
            "3952" : 2134,
            "3984" : 1951,
            "4016" : 1761,
            "4048" : 1636,
            "4080" : 1561,
            "4128" : 2728,
            "4192" : 2485,
            "4256" : 2198,
            "4320" : 1993,
            "4384" : 1989,
            "4448" : 2000,
            "4512" : 1992,
            "4576" : 2008,
            "4640" : 2287,
            "4704" : 2469,
            "4768" : 2869,
            "4832" : 3419,
            "4896" : 3931,
            "4960" : 4815,
            "5024" : 5511,
            "5088" : 6521,
            "5152" : 7511,
            "5216" : 8260,
            "5280" : 9221,
            "5344" : 9750,
            "5408" : 10447,
            "5472" : 10726,
            "5536" : 10770,
            "5600" : 10605,
            "5664" : 10182,
            "5728" : 9649,
            "5792" : 8980,
            "5856" : 8170,
            "5920" : 7420,
            "5984" : 6562,
            "6048" : 5877,
            "6112" : 5030,
            "6176" : 4513,
            "6240" : 3897,
            "6304" : 3389,
            "6368" : 3049,
            "6432" : 2831,
            "6496" : 2494,
            "6560" : 2183,
            "6624" : 2000,
            "6688" : 1879,
            "6752" : 1637,
            "6816" : 1578,
            "6880" : 1364,
            "6944" : 1246,
            "7008" : 1036,
            "7072" : 976,
            "7136" : 876,
            "7200" : 794,
            "7264" : 744,
            "7328" : 690,
            "7392" : 653,
            "7456" : 613,
            "7520" : 524,
            "7584" : 495,
            "7648" : 501,
            "7712" : 495,
            "7776" : 448,
            "7840" : 422,
            "7904" : 358,
            "7968" : 411,
            "8032" : 393,
            "8096" : 351,
            "8160" : 355,
            "8256" : 637,
            "8384" : 623,
            "8512" : 668,
            "8640" : 598,
            "8768" : 647,
            "8896" : 603,
            "9024" : 612,
            "9152" : 608,
            "9280" : 531,
            "9408" : 550,
            "9536" : 540,
            "9664" : 519,
            "9792" : 495,
            "9920" : 450,
            "10048" : 419,
            "10176" : 432,
            "10304" : 411,
            "10432" : 411,
            "10560" : 361,
            "10688" : 340,
            "10816" : 329,
            "10944" : 294,
            "11072" : 269,
            "11200" : 270,
            "11328" : 222,
            "11456" : 212,
            "11584" : 185,
            "11712" : 185,
            "11840" : 149,
            "11968" : 160,
            "12096" : 140,
            "12224" : 117,
            "12352" : 106,
            "12480" : 111,
            "12608" : 85,
            "12736" : 65,
            "12864" : 67,
            "12992" : 66,
            "13120" : 60,
            "13248" : 60,
            "13376" : 47,
            "13504" : 53,
            "13632" : 48,
            "13760" : 48,
            "13888" : 44,
            "14016" : 32,
            "14144" : 37,
            "14272" : 43,
            "14400" : 38,
            "14528" : 42,
            "14656" : 39,
            "14784" : 38,
            "14912" : 34,
            "15040" : 23,
            "15168" : 26,
            "15296" : 29,
            "15424" : 26,
            "15552" : 18,
            "15680" : 23,
            "15808" : 14,
            "15936" : 18,
            "16064" : 23,
            "16192" : 32,
            "16320" : 17,
            "16512" : 27,
            "16768" : 40,
            "17024" : 32,
            "17280" : 16,
            "17536" : 12,
            "17792" : 23,
            "18048" : 15,
            "18304" : 22,
            "18560" : 11,
            "18816" : 11,
            "19072" : 12,
            "19328" : 7,
            "19584" : 10,
            "19840" : 7,
            "20096" : 13,
            "20352" : 16,
            "20608" : 8,
            "20864" : 8,
            "21120" : 8,
            "21376" : 9,
            "21632" : 8,
            "21888" : 6,
            "22144" : 10,
            "22400" : 7,
            "22656" : 9,
            "22912" : 8,
            "23168" : 9,
            "23424" : 10,
            "23680" : 4,
            "23936" : 8,
            "24192" : 5,
            "24448" : 6,
            "24704" : 1,
            "24960" : 6,
            "25216" : 5,
            "25728" : 1,
            "25984" : 2,
            "26240" : 3,
            "26496" : 5,
            "26752" : 6,
            "27008" : 3,
            "27520" : 3,
            "27776" : 1,
            "28032" : 3,
            "28544" : 2,
            "28800" : 3,
            "29056" : 6,
            "29312" : 2,
            "29568" : 2,
            "29824" : 5,
            "30336" : 3,
            "30592" : 2,
            "30848" : 1,
            "31104" : 2,
            "31360" : 5,
            "31616" : 3,
            "31872" : 1,
            "32128" : 6,
            "32384" : 5,
            "32640" : 5,
            "33024" : 7,
            "33536" : 6,
            "34048" : 6,
            "34560" : 11,
            "35072" : 12,
            "35584" : 7,
            "36096" : 10,
            "36608" : 7,
            "37120" : 12,
            "37632" : 4,
            "38144" : 8,
            "38656" : 2,
            "39168" : 3,
            "39680" : 6,
            "40192" : 2,
            "40704" : 1,
            "41216" : 5,
            "41728" : 2,
            "42240" : 2,
            "42752" : 5,
            "43264" : 3,
            "43776" : 5,
            "44288" : 2,
            "44800" : 3,
            "45312" : 3,
            "45824" : 1,
            "46336" : 3,
            "46848" : 1,
            "47872" : 1,
            "48384" : 1,
            "48896" : 1,
            "49408" : 8,
            "49920" : 3,
            "50432" : 2,
            "50944" : 4,
            "52480" : 2,
            "52992" : 2,
            "54016" : 2,
            "54528" : 5,
            "55040" : 1,
            "55552" : 2,
            "56064" : 2,
            "57088" : 3,
            "57600" : 1,
            "58624" : 2,
            "60160" : 1,
            "60672" : 1,
            "61184" : 1,
            "61696" : 1,
            "62208" : 3,
            "63232" : 3,
            "63744" : 1,
            "64768" : 2,
            "65280" : 3,
            "66048" : 2,
            "67072" : 3,
            "68096" : 4,
            "69120" : 3,
            "71168" : 2,
            "72192" : 3,
            "73216" : 2,
            "76288" : 2,
            "78336" : 2,
            "79360" : 1,
            "80384" : 2,
            "81408" : 1,
            "82432" : 1,
            "83456" : 3,
            "84480" : 3,
            "85504" : 2,
            "87552" : 1,
            "88576" : 3,
            "89600" : 1,
            "90624" : 1,
            "91648" : 1,
            "94720" : 2,
            "97792" : 3,
            "98816" : 2,
            "99840" : 2,
            "100864" : 2,
            "101888" : 1,
            "104960" : 2,
            "107008" : 4,
            "108032" : 1,
            "109056" : 1,
            "111104" : 1,
            "112128" : 1,
            "113152" : 1,
            "116224" : 1,
            "118272" : 1,
            "120320" : 2,
            "121344" : 1,
            "122368" : 1,
            "125440" : 1,
            "128512" : 1,
            "129536" : 1,
            "130560" : 1,
            "134144" : 2,
            "136192" : 2,
            "152576" : 1,
            "156672" : 1,
            "166912" : 1,
            "168960" : 1,
            "171008" : 1,
            "173056" : 1,
            "183296" : 1,
            "187392" : 1,
            "209920" : 1,
            "230400" : 1,
            "248832" : 1,
            "280576" : 1,
            "288768" : 1,
            "301056" : 1,
            "313344" : 1,
            "317440" : 1,
            "370688" : 1,
            "378880" : 1,
            "407552" : 1,
            "419840" : 1,
            "423936" : 1,
            "432128" : 1,
            "456704" : 1,
            "493568" : 1,
            "501760" : 1,
            "569344" : 1,
            "610304" : 1,
            "618496" : 1,
            "667648" : 1,
            "716800" : 1,
            "847872" : 2,
            "856064" : 1,
            "937984" : 1,
            "978944" : 1,
            "1019904" : 1,
            "1220608" : 1,
            "1269760" : 1,
            "1515520" : 1,
            "1744896" : 1,
            "1843200" : 1,
            "1892352" : 2,
            "1957888" : 2,
            "2039808" : 1,
            "2146304" : 1,
            "2408448" : 1,
            "2605056" : 1,
            "2637824" : 1,
            "3555328" : 2,
            "3719168" : 1,
            "4227072" : 1,
            "5079040" : 1,
            "5144576" : 1,
            "5275648" : 1,
            "5341184" : 1,
            "5865472" : 1,
            "6520832" : 2,
            "7110656" : 1,
            "7831552" : 1,
            "8028160" : 1,
            "8716288" : 1,
            "9371648" : 1,
            "9502720" : 1,
            "11468800" : 1,
            "12255232" : 1,
            "12386304" : 1,
            "12517376" : 1,
            "12648448" : 1,
            "12779520" : 1,
            "12910592" : 6,
            "13041664" : 4,
            "13172736" : 4,
            "13303808" : 3,
            "13434880" : 5,
            "13565952" : 2,
            "13697024" : 4,
            "13828096" : 5,
            "13959168" : 5,
            "14090240" : 2,
            "14614528" : 1,
            "15663104" : 1,
            "18481152" : 1
          }
        },
        "lat_ns" : {
          "min" : 2109,
          "max" : 18366574,
          "mean" : 6852.701505,
          "stddev" : 150322.715930,
          "N" : 430704,
          "percentile" : {
            "1.000000" : 2768,
            "5.000000" : 3024,
            "10.000000" : 3184,
            "20.000000" : 3408,
            "30.000000" : 3632,
            "40.000000" : 3952,
            "50.000000" : 5024,
            "60.000000" : 5472,
            "70.000000" : 5728,
            "80.000000" : 6048,
            "90.000000" : 6560,
            "95.000000" : 7520,
            "99.000000" : 11200,
            "99.500000" : 12736,
            "99.900000" : 30592,
            "99.950000" : 57600,
            "99.990000" : 12779520
          },
          "bins" : {
            "2096" : 1,
            "2128" : 1,
            "2192" : 1,
            "2224" : 3,
            "2256" : 4,
            "2288" : 11,
            "2320" : 10,
            "2352" : 29,
            "2384" : 42,
            "2416" : 71,
            "2448" : 123,
            "2480" : 137,
            "2512" : 190,
            "2544" : 239,
            "2576" : 303,
            "2608" : 376,
            "2640" : 450,
            "2672" : 531,
            "2704" : 615,
            "2736" : 769,
            "2768" : 913,
            "2800" : 1132,
            "2832" : 1340,
            "2864" : 1639,
            "2896" : 2136,
            "2928" : 2368,
            "2960" : 2596,
            "2992" : 3165,
            "3024" : 3567,
            "3056" : 3958,
            "3088" : 4248,
            "3120" : 4793,
            "3152" : 5068,
            "3184" : 5617,
            "3216" : 5932,
            "3248" : 6115,
            "3280" : 6154,
            "3312" : 6584,
            "3344" : 6521,
            "3376" : 6789,
            "3408" : 6785,
            "3440" : 6655,
            "3472" : 6767,
            "3504" : 6426,
            "3536" : 6380,
            "3568" : 5926,
            "3600" : 5691,
            "3632" : 5540,
            "3664" : 5202,
            "3696" : 4922,
            "3728" : 4492,
            "3760" : 4295,
            "3792" : 3836,
            "3824" : 3447,
            "3856" : 3326,
            "3888" : 2995,
            "3920" : 2709,
            "3952" : 2454,
            "3984" : 2321,
            "4016" : 2162,
            "4048" : 1937,
            "4080" : 1782,
            "4128" : 3175,
            "4192" : 2761,
            "4256" : 2424,
            "4320" : 2172,
            "4384" : 1925,
            "4448" : 1879,
            "4512" : 1845,
            "4576" : 1825,
            "4640" : 1755,
            "4704" : 1849,
            "4768" : 2063,
            "4832" : 2325,
            "4896" : 2549,
            "4960" : 2891,
            "5024" : 3655,
            "5088" : 4235,
            "5152" : 5216,
            "5216" : 5976,
            "5280" : 6915,
            "5344" : 7855,
            "5408" : 8641,
            "5472" : 9407,
            "5536" : 10136,
            "5600" : 10672,
            "5664" : 10504,
            "5728" : 10695,
            "5792" : 10314,
            "5856" : 9845,
            "5920" : 9233,
            "5984" : 8465,
            "6048" : 7744,
            "6112" : 7050,
            "6176" : 5986,
            "6240" : 5522,
            "6304" : 4628,
            "6368" : 4201,
            "6432" : 3591,
            "6496" : 3223,
            "6560" : 2902,
            "6624" : 2620,
            "6688" : 2330,
            "6752" : 2117,
            "6816" : 1875,
            "6880" : 1784,
            "6944" : 1553,
            "7008" : 1495,
            "7072" : 1292,
            "7136" : 1133,
            "7200" : 983,
            "7264" : 891,
            "7328" : 841,
            "7392" : 758,
            "7456" : 743,
            "7520" : 617,
            "7584" : 608,
            "7648" : 585,
            "7712" : 474,
            "7776" : 504,
            "7840" : 492,
            "7904" : 430,
            "7968" : 418,
            "8032" : 411,
            "8096" : 399,
            "8160" : 340,
            "8256" : 737,
            "8384" : 655,
            "8512" : 586,
            "8640" : 624,
            "8768" : 620,
            "8896" : 622,
            "9024" : 602,
            "9152" : 635,
            "9280" : 567,
            "9408" : 617,
            "9536" : 496,
            "9664" : 547,
            "9792" : 534,
            "9920" : 499,
            "10048" : 470,
            "10176" : 429,
            "10304" : 426,
            "10432" : 404,
            "10560" : 412,
            "10688" : 378,
            "10816" : 378,
            "10944" : 325,
            "11072" : 335,
            "11200" : 298,
            "11328" : 261,
            "11456" : 261,
            "11584" : 210,
            "11712" : 225,
            "11840" : 189,
            "11968" : 168,
            "12096" : 167,
            "12224" : 146,
            "12352" : 142,
            "12480" : 105,
            "12608" : 114,
            "12736" : 112,
            "12864" : 79,
            "12992" : 72,
            "13120" : 68,
            "13248" : 68,
            "13376" : 55,
            "13504" : 54,
            "13632" : 60,
            "13760" : 46,
            "13888" : 37,
            "14016" : 59,
            "14144" : 40,
            "14272" : 38,
            "14400" : 44,
            "14528" : 43,
            "14656" : 40,
            "14784" : 40,
            "14912" : 44,
            "15040" : 33,
            "15168" : 27,
            "15296" : 25,
            "15424" : 27,
            "15552" : 27,
            "15680" : 23,
            "15808" : 13,
            "15936" : 21,
            "16064" : 17,
            "16192" : 25,
            "16320" : 23,
            "16512" : 41,
            "16768" : 35,
            "17024" : 34,
            "17280" : 26,
            "17536" : 20,
            "17792" : 17,
            "18048" : 18,
            "18304" : 23,
            "18560" : 15,
            "18816" : 10,
            "19072" : 11,
            "19328" : 8,
            "19584" : 8,
            "19840" : 10,
            "20096" : 9,
            "20352" : 16,
            "20608" : 10,
            "20864" : 9,
            "21120" : 9,
            "21376" : 8,
            "21632" : 11,
            "21888" : 6,
            "22144" : 11,
            "22400" : 5,
            "22656" : 11,
            "22912" : 5,
            "23168" : 6,
            "23424" : 10,
            "23680" : 9,
            "23936" : 7,
            "24192" : 9,
            "24448" : 3,
            "24704" : 4,
            "24960" : 5,
            "25216" : 2,
            "25472" : 5,
            "25728" : 1,
            "25984" : 1,
            "26240" : 3,
            "26496" : 5,
            "26752" : 4,
            "27008" : 4,
            "27264" : 1,
            "27520" : 1,
            "27776" : 4,
            "28032" : 2,
            "28288" : 3,
            "28544" : 1,
            "28800" : 2,
            "29056" : 2,
            "29312" : 4,
            "29568" : 5,
            "29824" : 2,
            "30080" : 3,
            "30336" : 1,
            "30592" : 2,
            "30848" : 3,
            "31104" : 3,
            "31360" : 2,
            "31616" : 5,
            "31872" : 1,
            "32128" : 5,
            "32384" : 6,
            "32640" : 1,
            "33024" : 9,
            "33536" : 8,
            "34048" : 8,
            "34560" : 8,
            "35072" : 11,
            "35584" : 7,
            "36096" : 13,
            "36608" : 11,
            "37120" : 10,
            "37632" : 5,
            "38144" : 8,
            "38656" : 3,
            "39168" : 3,
            "39680" : 2,
            "40192" : 6,
            "40704" : 1,
            "41216" : 4,
            "41728" : 3,
            "42752" : 5,
            "43264" : 5,
            "43776" : 4,
            "44288" : 2,
            "44800" : 2,
            "45312" : 4,
            "45824" : 1,
            "46336" : 3,
            "46848" : 1,
            "47360" : 1,
            "47872" : 1,
            "48384" : 1,
            "48896" : 1,
            "49408" : 5,
            "49920" : 5,
            "50432" : 3,
            "50944" : 4,
            "52480" : 1,
            "52992" : 4,
            "54016" : 2,
            "54528" : 5,
            "55552" : 1,
            "56064" : 1,
            "56576" : 3,
            "57088" : 2,
            "57600" : 2,
            "58624" : 2,
            "61184" : 2,
            "61696" : 1,
            "62208" : 3,
            "63232" : 3,
            "63744" : 1,
            "64768" : 1,
            "65280" : 4,
            "66048" : 2,
            "67072" : 2,
            "68096" : 4,
            "69120" : 2,
            "71168" : 4,
            "72192" : 3,
            "73216" : 1,
            "74240" : 1,
            "76288" : 2,
            "78336" : 2,
            "79360" : 1,
            "80384" : 2,
            "81408" : 1,
            "83456" : 2,
            "84480" : 2,
            "85504" : 3,
            "88576" : 3,
            "90624" : 2,
            "91648" : 1,
            "94720" : 2,
            "95744" : 1,
            "97792" : 3,
            "98816" : 2,
            "99840" : 2,
            "100864" : 2,
            "101888" : 1,
            "104960" : 2,
            "107008" : 3,
            "108032" : 1,
            "109056" : 2,
            "111104" : 1,
            "113152" : 1,
            "116224" : 2,
            "118272" : 1,
            "119296" : 1,
            "120320" : 1,
            "121344" : 1,
            "122368" : 1,
            "123392" : 1,
            "125440" : 1,
            "126464" : 1,
            "128512" : 1,
            "130560" : 1,
            "134144" : 3,
            "136192" : 2,
            "142336" : 1,
            "146432" : 1,
            "152576" : 1,
            "156672" : 1,
            "168960" : 1,
            "171008" : 1,
            "173056" : 2,
            "183296" : 1,
            "187392" : 1,
            "230400" : 2,
            "248832" : 1,
            "280576" : 1,
            "288768" : 1,
            "301056" : 1,
            "313344" : 1,
            "317440" : 1,
            "370688" : 1,
            "378880" : 1,
            "407552" : 1,
            "419840" : 1,
            "423936" : 1,
            "432128" : 1,
            "456704" : 1,
            "493568" : 1,
            "501760" : 1,
            "569344" : 1,
            "610304" : 1,
            "618496" : 1,
            "667648" : 1,
            "716800" : 1,
            "847872" : 2,
            "856064" : 1,
            "937984" : 1,
            "978944" : 1,
            "1019904" : 1,
            "1220608" : 1,
            "1269760" : 1,
            "1515520" : 1,
            "1744896" : 1,
            "1843200" : 1,
            "1892352" : 2,
            "1957888" : 1,
            "1974272" : 1,
            "2039808" : 1,
            "2146304" : 1,
            "2408448" : 1,
            "2605056" : 1,
            "2637824" : 1,
            "3555328" : 2,
            "3719168" : 1,
            "4227072" : 1,
            "5079040" : 1,
            "5144576" : 1,
            "5275648" : 1,
            "5341184" : 1,
            "5865472" : 1,
            "6520832" : 2,
            "7110656" : 1,
            "7831552" : 1,
            "8028160" : 1,
            "8716288" : 1,
            "9371648" : 1,
            "9502720" : 1,
            "11468800" : 1,
            "12255232" : 1,
            "12386304" : 1,
            "12517376" : 1,
            "12648448" : 1,
            "12779520" : 1,
            "12910592" : 6,
            "13041664" : 4,
            "13172736" : 4,
            "13303808" : 3,
            "13434880" : 5,
            "13565952" : 2,
            "13697024" : 4,
            "13828096" : 5,
            "13959168" : 5,
            "14090240" : 2,
            "14614528" : 1,
            "15663104" : 1,
            "18481152" : 1
          }
        },
        "bw_min" : 95104,
        "bw_max" : 139696,
        "bw_agg" : 100.000000,
        "bw_mean" : 114752.275862,
        "bw_dev" : 8279.580523,
        "bw_samples" : 29,
        "iops_min" : 23776,
        "iops_max" : 34924,
        "iops_mean" : 28688.068966,
        "iops_stddev" : 2069.895131,
        "iops_samples" : 29
      },
      "trim" : {
        "io_bytes" : 0,
        "io_kbytes" : 0,
        "bw_bytes" : 0,
        "bw" : 0,
        "iops" : 0.000000,
        "runtime" : 0,
        "total_ios" : 0,
        "short_ios" : 0,
        "drop_ios" : 0,
        "slat_ns" : {
          "min" : 0,
          "max" : 0,
          "mean" : 0.000000,
          "stddev" : 0.000000,
          "N" : 0
        },
        "clat_ns" : {
          "min" : 0,
          "max" : 0,
          "mean" : 0.000000,
          "stddev" : 0.000000,
          "N" : 0
        },
        "lat_ns" : {
          "min" : 0,
          "max" : 0,
          "mean" : 0.000000,
          "stddev" : 0.000000,
          "N" : 0
        },
        "bw_min" : 0,
        "bw_max" : 0,
        "bw_agg" : 0.000000,
        "bw_mean" : 0.000000,
        "bw_dev" : 0.000000,
        "bw_samples" : 0,
        "iops_min" : 0,
        "iops_max" : 0,
        "iops_mean" : 0.000000,
        "iops_stddev" : 0.000000,
        "iops_samples" : 0
      },
      "sync" : {
        "total_ios" : 0,
        "lat_ns" : {
          "min" : 0,
          "max" : 0,
          "mean" : 0.000000,
          "stddev" : 0.000000,
          "N" : 0
        }
      },
      "job_runtime" : 15071,
      "usr_cpu" : 7.066552,
      "sys_cpu" : 47.899940,
      "ctx" : 464106,
      "majf" : 0,
      "minf" : 18,
      "iodepth_level" : {
        "1" : 100.000000,
        "2" : 0.000000,
        "4" : 0.000000,
        "8" : 0.000000,
        "16" : 0.000000,
        "32" : 0.000000,
        ">=64" : 0.000000
      },
      "iodepth_submit" : {
        "0" : 0.000000,
        "4" : 100.000000,
        "8" : 0.000000,
        "16" : 0.000000,
        "32" : 0.000000,
        "64" : 0.000000,
        ">=64" : 0.000000
      },
      "iodepth_complete" : {
        "0" : 0.000000,
        "4" : 100.000000,
        "8" : 0.000000,
        "16" : 0.000000,
        "32" : 0.000000,
        "64" : 0.000000,
        ">=64" : 0.000000
      },
      "latency_ns" : {
        "2" : 0.000000,
        "4" : 0.000000,
        "10" : 0.000000,
        "20" : 0.000000,
        "50" : 0.000000,
        "100" : 0.000000,
        "250" : 0.000000,
        "500" : 0.000000,
        "750" : 0.000000,
        "1000" : 0.026686
      },
      "latency_us" : {
        "2" : 1.496645,
        "4" : 20.780961,
        "10" : 28.390193,
        "20" : 19.852853,
        "50" : 29.195311,
        "100" : 0.179959,
        "250" : 0.037129,
        "500" : 0.010000,
        "750" : 0.010000,
        "1000" : 0.010000
      },
      "latency_ms" : {
        "2" : 0.010000,
        "4" : 0.010000,
        "10" : 0.010000,
        "20" : 0.010000,
        "50" : 0.000000,
        "100" : 0.000000,
        "250" : 0.000000,
        "500" : 0.000000,
        "750" : 0.000000,
        "1000" : 0.000000,
        "2000" : 0.000000,
        ">=2000" : 0.000000
      },
      "latency_depth" : 1,
      "latency_target" : 0,
      "latency_percentile" : 100.000000,
      "latency_window" : 0
    }
  ]
}
