{
  "fio version" : "fio-3.32-36-g5932",
  "timestamp" : 1664222445,
  "timestamp_ms" : 1664222445296,
  "time" : "Mon Sep 26 22:00:45 2022",
  "global options" : {
    "size" : "1M",
    "rw" : "randrw",
    "bs" : "4K",
    "numjobs" : "1",
    "iodepth" : "128",
    "runtime" : "300",
    "end_fsync" : "1",
    "lat_percentiles" : "1",
    "slat_percentiles" : "1",
    "clat_percentiles" : "1"
  },
  "jobs" : [
    {
      "jobname" : "random-rw",
      "groupid" : 0,
      "error" : 0,
      "eta" : 0,
      "elapsed" : 301,
      "job options" : {
        "name" : "random-rw"
      },
      "read" : {
        "io_bytes" : 60037058560,
        "io_kbytes" : 58629940,
        "bw_bytes" : 200122861,
        "bw" : 195432,
        "iops" : 48858.120473,
        "runtime" : 300001,
        "total_ios" : 14657485,
        "short_ios" : 0,
        "drop_ios" : 0,
        "slat_ns" : {
          "min" : 0,
          "max" : 0,
          "mean" : 0.000000,
          "stddev" : 0.000000,
          "N" : 0
        },
        "clat_ns" : {
          "min" : 723,
          "max" : 9573084,
          "mean" : 13284.002033,
          "stddev" : 21924.328293,
          "N" : 14657485,
          "percentile" : {
            "1.000000" : 6432,
            "5.000000" : 9280,
            "10.000000" : 9536,
            "20.000000" : 10176,
            "30.000000" : 10432,
            "40.000000" : 10816,
            "50.000000" : 11328,
            "60.000000" : 12352,
            "70.000000" : 13888,
            "80.000000" : 15936,
            "90.000000" : 18560,
            "95.000000" : 20608,
            "99.000000" : 28800,
            "99.500000" : 39168,
            "99.900000" : 81408,
            "99.950000" : 124416,
            "99.990000" : 489472
          },
          "bins" : {
            "724" : 2,
            "732" : 2,
            "740" : 1,
            "748" : 3,
            "756" : 2,
            "764" : 6,
            "772" : 7,
            "780" : 10,
            "788" : 11,
            "796" : 11,
            "804" : 12,
            "812" : 18,
            "820" : 21,
            "828" : 23,
            "836" : 16,
            "844" : 18,
            "852" : 20,
            "860" : 20,
            "868" : 26,
            "876" : 14,
            "884" : 29,
            "892" : 29,
            "900" : 30,
            "908" : 27,
            "916" : 27,
            "924" : 21,
            "932" : 35,
            "940" : 19,
            "948" : 23,
            "956" : 17,
            "964" : 16,
            "972" : 24,
            "980" : 15,
            "988" : 12,
            "996" : 11,
            "1004" : 19,
            "1012" : 12,
            "1020" : 15,
            "1032" : 31,
            "1048" : 28,
            "1064" : 19,
            "1080" : 19,
            "1096" : 18,
            "1112" : 13,
            "1128" : 12,
            "1144" : 11,
            "1160" : 8,
            "1176" : 10,
            "1192" : 11,
            "1208" : 18,
            "1224" : 20,
            "1240" : 16,
            "1256" : 19,
            "1272" : 14,
            "1288" : 12,
            "1304" : 11,
            "1320" : 13,
            "1336" : 16,
            "1352" : 16,
            "1368" : 12,
            "1384" : 17,
            "1400" : 8,
            "1416" : 15,
            "1432" : 15,
            "1448" : 13,
            "1464" : 11,
            "1480" : 17,
            "1496" : 18,
            "1512" : 19,
            "1528" : 4,
            "1544" : 14,
            "1560" : 7,
            "1576" : 6,
            "1592" : 7,
            "1608" : 16,
            "1624" : 14,
            "1640" : 9,
            "1656" : 11,
            "1672" : 4,
            "1688" : 7,
            "1704" : 9,
            "1720" : 10,
            "1736" : 8,
            "1752" : 6,
            "1768" : 10,
            "1784" : 8,
            "1800" : 6,
            "1816" : 8,
            "1832" : 8,
            "1848" : 5,
            "1864" : 2,
            "1880" : 6,
            "1896" : 4,
            "1912" : 8,
            "1928" : 2,
            "1944" : 3,
            "1960" : 5,
            "1976" : 4,
            "1992" : 3,
            "2008" : 1,
            "2024" : 3,
            "2040" : 2,
            "2064" : 3,
            "2096" : 3,
            "2128" : 3,
            "2160" : 4,
            "2192" : 3,
            "2224" : 1,
            "2256" : 3,
            "2288" : 6,
            "2320" : 2,
            "2352" : 2,
            "2384" : 1,
            "2416" : 2,
            "2448" : 1,
            "2480" : 2,
            "2512" : 1,
            "2544" : 1,
            "2576" : 1,
            "2672" : 1,
            "2736" : 1,
            "2800" : 1,
            "2960" : 1,
            "3088" : 1,
            "3152" : 1,
            "3760" : 1,
            "4016" : 1,
            "4048" : 1,
            "5600" : 1,
            "5920" : 1,
            "5984" : 13,
            "6048" : 422,
            "6112" : 3636,
            "6176" : 13349,
            "6240" : 26745,
            "6304" : 37103,
            "6368" : 44557,
            "6432" : 51400,
            "6496" : 50895,
            "6560" : 43897,
            "6624" : 33476,
            "6688" : 24964,
            "6752" : 18958,
            "6816" : 14640,
            "6880" : 10967,
            "6944" : 8472,
            "7008" : 6397,
            "7072" : 5297,
            "7136" : 5110,
            "7200" : 5098,
            "7264" : 5253,
            "7328" : 5285,
            "7392" : 4943,
            "7456" : 4208,
            "7520" : 3662,
            "7584" : 2898,
            "7648" : 2361,
            "7712" : 1962,
            "7776" : 1624,
            "7840" : 1355,
            "7904" : 1117,
            "7968" : 955,
            "8032" : 848,
            "8096" : 758,
            "8160" : 663,
            "8256" : 1173,
            "8384" : 1046,
            "8512" : 1034,
            "8640" : 1120,
            "8768" : 1830,
            "8896" : 14926,
            "9024" : 76409,
            "9152" : 182562,
            "9280" : 291206,
            "9408" : 377396,
            "9536" : 364257,
            "9664" : 289029,
            "9792" : 196957,
            "9920" : 133257,
            "10048" : 184857,
            "10176" : 400560,
            "10304" : 667424,
            "10432" : 787837,
            "10560" : 697841,
            "10688" : 513597,
            "10816" : 371299,
            "10944" : 345969,
            "11072" : 396489,
            "11200" : 425745,
            "11328" : 388928,
            "11456" : 302047,
            "11584" : 217523,
            "11712" : 155322,
            "11840" : 126847,
            "11968" : 125686,
            "12096" : 138669,
            "12224" : 148374,
            "12352" : 147090,
            "12480" : 139061,
            "12608" : 125434,
            "12736" : 113967,
            "12864" : 106726,
            "12992" : 104797,
            "13120" : 107054,
            "13248" : 112345,
            "13376" : 116172,
            "13504" : 118780,
            "13632" : 118215,
            "13760" : 117397,
            "13888" : 114275,
            "14016" : 110399,
            "14144" : 106746,
            "14272" : 103028,
            "14400" : 100411,
            "14528" : 97879,
            "14656" : 95419,
            "14784" : 92372,
            "14912" : 89686,
            "15040" : 85662,
            "15168" : 81946,
            "15296" : 78216,
            "15424" : 76603,
            "15552" : 77951,
            "15680" : 82058,
            "15808" : 87205,
            "15936" : 90065,
            "16064" : 92192,
            "16192" : 90058,
            "16320" : 86750,
            "16512" : 161165,
            "16768" : 145183,
            "17024" : 133788,
            "17280" : 124205,
            "17536" : 121939,
            "17792" : 134430,
            "18048" : 147720,
            "18304" : 140492,
            "18560" : 120114,
            "18816" : 108474,
            "19072" : 107519,
            "19328" : 103918,
            "19584" : 92167,
            "19840" : 78533,
            "20096" : 67968,
            "20352" : 60223,
            "20608" : 55324,
            "20864" : 50484,
            "21120" : 46920,
            "21376" : 42040,
            "21632" : 38374,
            "21888" : 34658,
            "22144" : 32133,
            "22400" : 29170,
            "22656" : 27027,
            "22912" : 24883,
            "23168" : 22642,
            "23424" : 21055,
            "23680" : 19235,
            "23936" : 17664,
            "24192" : 16357,
            "24448" : 15202,
            "24704" : 14102,
            "24960" : 12733,
            "25216" : 11952,
            "25472" : 10927,
            "25728" : 10125,
            "25984" : 9346,
            "26240" : 8376,
            "26496" : 7741,
            "26752" : 7164,
            "27008" : 6671,
            "27264" : 6155,
            "27520" : 5647,
            "27776" : 5346,
            "28032" : 5023,
            "28288" : 4611,
            "28544" : 4377,
            "28800" : 4127,
            "29056" : 3860,
            "29312" : 3585,
            "29568" : 3390,
            "29824" : 3140,
            "30080" : 2997,
            "30336" : 2943,
            "30592" : 2754,
            "30848" : 2638,
            "31104" : 2483,
            "31360" : 2330,
            "31616" : 2207,
            "31872" : 2155,
            "32128" : 2045,
            "32384" : 1962,
            "32640" : 1827,
            "33024" : 3468,
            "33536" : 3201,
            "34048" : 2906,
            "34560" : 2717,
            "35072" : 2526,
            "35584" : 2409,
            "36096" : 2330,
            "36608" : 2132,
            "37120" : 2042,
            "37632" : 2008,
            "38144" : 1928,
            "38656" : 1813,
            "39168" : 1816,
            "39680" : 1844,
            "40192" : 1766,
            "40704" : 1735,
            "41216" : 1785,
            "41728" : 1794,
            "42240" : 1714,
            "42752" : 1737,
            "43264" : 1771,
            "43776" : 1702,
            "44288" : 1690,
            "44800" : 1577,
            "45312" : 1587,
            "45824" : 1480,
            "46336" : 1502,
            "46848" : 1400,
            "47360" : 1342,
            "47872" : 1279,
            "48384" : 1312,
            "48896" : 1149,
            "49408" : 1132,
            "49920" : 1034,
            "50432" : 1022,
            "50944" : 981,
            "51456" : 904,
            "51968" : 841,
            "52480" : 836,
            "52992" : 786,
            "53504" : 782,
            "54016" : 811,
            "54528" : 688,
            "55040" : 708,
            "55552" : 673,
            "56064" : 674,
            "56576" : 681,
            "57088" : 596,
            "57600" : 641,
            "58112" : 601,
            "58624" : 589,
            "59136" : 559,
            "59648" : 543,
            "60160" : 543,
            "60672" : 502,
            "61184" : 500,
            "61696" : 470,
            "62208" : 438,
            "62720" : 437,
            "63232" : 419,
            "63744" : 401,
            "64256" : 405,
            "64768" : 361,
            "65280" : 350,
            "66048" : 684,
            "67072" : 626,
            "68096" : 618,
            "69120" : 485,
            "70144" : 469,
            "71168" : 497,
            "72192" : 486,
            "73216" : 426,
            "74240" : 421,
            "75264" : 376,
            "76288" : 385,
            "77312" : 342,
            "78336" : 377,
            "79360" : 335,
            "80384" : 306,
            "81408" : 271,
            "82432" : 290,
            "83456" : 266,
            "84480" : 264,
            "85504" : 257,
            "86528" : 258,
            "87552" : 230,
            "88576" : 217,
            "89600" : 228,
            "90624" : 208,
            "91648" : 191,
            "92672" : 185,
            "93696" : 180,
            "94720" : 187,
            "95744" : 168,
            "96768" : 153,
            "97792" : 147,
            "98816" : 140,
            "99840" : 139,
            "100864" : 140,
            "101888" : 117,
            "102912" : 121,
            "103936" : 112,
            "104960" : 117,
            "105984" : 130,
            "107008" : 118,
            "108032" : 146,
            "109056" : 159,
            "110080" : 114,
            "111104" : 128,
            "112128" : 154,
            "113152" : 139,
            "114176" : 158,
            "115200" : 171,
            "116224" : 152,
            "117248" : 190,
            "118272" : 182,
            "119296" : 158,
            "120320" : 170,
            "121344" : 156,
            "122368" : 142,
            "123392" : 118,
            "124416" : 121,
            "125440" : 123,
            "126464" : 89,
            "127488" : 113,
            "128512" : 89,
            "129536" : 86,
            "130560" : 97,
            "132096" : 156,
            "134144" : 165,
            "136192" : 155,
            "138240" : 134,
            "140288" : 150,
            "142336" : 125,
            "144384" : 132,
            "146432" : 127,
            "148480" : 140,
            "150528" : 103,
            "152576" : 116,
            "154624" : 106,
            "156672" : 89,
            "158720" : 77,
            "160768" : 106,
            "162816" : 84,
            "164864" : 78,
            "166912" : 80,
            "168960" : 60,
            "171008" : 71,
            "173056" : 66,
            "175104" : 43,
            "177152" : 60,
            "179200" : 48,
            "181248" : 49,
            "183296" : 40,
            "185344" : 52,
            "187392" : 60,
            "189440" : 41,
            "191488" : 41,
            "193536" : 39,
            "195584" : 48,
            "197632" : 33,
            "199680" : 48,
            "201728" : 33,
            "203776" : 48,
            "205824" : 39,
            "207872" : 29,
            "209920" : 48,
            "211968" : 31,
            "214016" : 36,
            "216064" : 28,
            "218112" : 38,
            "220160" : 27,
            "222208" : 36,
            "224256" : 42,
            "226304" : 30,
            "228352" : 33,
            "230400" : 34,
            "232448" : 31,
            "234496" : 27,
            "236544" : 25,
            "238592" : 29,
            "240640" : 20,
            "242688" : 23,
            "244736" : 32,
            "246784" : 24,
            "248832" : 10,
            "250880" : 24,
            "252928" : 23,
            "254976" : 21,
            "257024" : 18,
            "259072" : 18,
            "261120" : 23,
            "264192" : 46,
            "268288" : 47,
            "272384" : 30,
            "276480" : 33,
            "280576" : 30,
            "284672" : 29,
            "288768" : 31,
            "292864" : 36,
            "296960" : 31,
            "301056" : 24,
            "305152" : 33,
            "309248" : 37,
            "313344" : 32,
            "317440" : 39,
            "321536" : 25,
            "325632" : 29,
            "329728" : 33,
            "333824" : 21,
            "337920" : 39,
            "342016" : 26,
            "346112" : 25,
            "350208" : 30,
            "354304" : 26,
            "358400" : 27,
            "362496" : 31,
            "366592" : 28,
            "370688" : 23,
            "374784" : 28,
            "378880" : 22,
            "382976" : 27,
            "387072" : 17,
            "391168" : 25,
            "395264" : 18,
            "399360" : 21,
            "403456" : 19,
            "407552" : 31,
            "411648" : 29,
            "415744" : 29,
            "419840" : 28,
            "423936" : 33,
            "428032" : 18,
            "432128" : 24,
            "436224" : 23,
            "440320" : 27,
            "444416" : 23,
            "448512" : 15,
            "452608" : 17,
            "456704" : 23,
            "460800" : 16,
            "464896" : 10,
            "468992" : 15,
            "473088" : 18,
            "477184" : 21,
            "481280" : 14,
            "485376" : 11,
            "489472" : 9,
            "493568" : 11,
            "497664" : 15,
            "501760" : 8,
            "505856" : 12,
            "509952" : 12,
            "514048" : 6,
            "518144" : 11,
            "522240" : 9,
            "528384" : 24,
            "536576" : 23,
            "544768" : 16,
            "552960" : 20,
            "561152" : 18,
            "569344" : 19,
            "577536" : 14,
            "585728" : 18,
            "593920" : 12,
            "602112" : 9,
            "610304" : 23,
            "618496" : 9,
            "626688" : 14,
            "634880" : 17,
            "643072" : 12,
            "651264" : 8,
            "659456" : 2,
            "667648" : 15,
            "675840" : 14,
            "684032" : 16,
            "692224" : 13,
            "700416" : 11,
            "708608" : 8,
            "716800" : 11,
            "724992" : 16,
            "733184" : 13,
            "741376" : 17,
            "749568" : 13,
            "757760" : 11,
            "765952" : 8,
            "774144" : 10,
            "782336" : 5,
            "790528" : 9,
            "798720" : 7,
            "806912" : 10,
            "815104" : 7,
            "823296" : 8,
            "831488" : 10,
            "839680" : 11,
            "847872" : 5,
            "856064" : 3,
            "864256" : 12,
            "872448" : 5,
            "880640" : 10,
            "888832" : 5,
            "897024" : 8,
            "905216" : 10,
            "913408" : 8,
            "921600" : 9,
            "929792" : 9,
            "937984" : 3,
            "946176" : 5,
            "954368" : 9,
            "962560" : 9,
            "970752" : 7,
            "978944" : 4,
            "987136" : 9,
            "995328" : 5,
            "1003520" : 6,
            "1011712" : 10,
            "1019904" : 3,
            "1028096" : 11,
            "1036288" : 8,
            "1044480" : 7,
            "1056768" : 10,
            "1073152" : 15,
            "1089536" : 7,
            "1105920" : 6,
            "1122304" : 6,
            "1138688" : 9,
            "1155072" : 9,
            "1171456" : 6,
            "1187840" : 4,
            "1204224" : 10,
            "1220608" : 6,
            "1236992" : 8,
            "1253376" : 10,
            "1269760" : 6,
            "1286144" : 14,
            "1302528" : 12,
            "1318912" : 6,
            "1335296" : 11,
            "1351680" : 12,
            "1368064" : 11,
            "1384448" : 10,
            "1400832" : 4,
            "1417216" : 3,
            "1433600" : 5,
            "1449984" : 6,
            "1466368" : 6,
            "1482752" : 4,
            "1499136" : 4,
            "1515520" : 4,
            "1531904" : 5,
            "1548288" : 1,
            "1564672" : 1,
            "1581056" : 1,
            "1597440" : 4,
            "1613824" : 5,
            "1662976" : 3,
            "1679360" : 1,
            "1695744" : 4,
            "1712128" : 2,
            "1728512" : 4,
            "1744896" : 3,
            "1761280" : 2,
            "1777664" : 2,
            "1794048" : 1,
            "1810432" : 1,
            "1826816" : 1,
            "1843200" : 1,
            "1859584" : 6,
            "1875968" : 1,
            "1892352" : 4,
            "1908736" : 2,
            "1925120" : 2,
            "1941504" : 3,
            "1957888" : 6,
            "1974272" : 2,
            "1990656" : 3,
            "2007040" : 3,
            "2023424" : 7,
            "2039808" : 2,
            "2056192" : 1,
            "2072576" : 4,
            "2088960" : 2,
            "2113536" : 5,
            "2146304" : 5,
            "2179072" : 4,
            "2211840" : 2,
            "2244608" : 8,
            "2277376" : 5,
            "2310144" : 4,
            "2342912" : 2,
            "2375680" : 4,
            "2408448" : 5,
            "2441216" : 3,
            "2473984" : 3,
            "2506752" : 2,
            "2539520" : 3,
            "2572288" : 3,
            "2605056" : 1,
            "2637824" : 2,
            "2670592" : 1,
            "2703360" : 1,
            "2736128" : 6,
            "2768896" : 8,
            "2801664" : 4,
            "2834432" : 11,
            "2867200" : 9,
            "2899968" : 8,
            "2932736" : 12,
            "2965504" : 11,
            "2998272" : 13,
            "3031040" : 8,
            "3063808" : 9,
            "3096576" : 7,
            "3129344" : 5,
            "3162112" : 11,
            "3194880" : 10,
            "3227648" : 13,
            "3260416" : 4,
            "3293184" : 6,
            "3325952" : 5,
            "3358720" : 9,
            "3391488" : 11,
            "3424256" : 4,
            "3457024" : 3,
            "3489792" : 3,
            "3522560" : 2,
            "3555328" : 6,
            "3588096" : 4,
            "3620864" : 4,
            "3653632" : 3,
            "3686400" : 1,
            "3719168" : 3,
            "3784704" : 4,
            "3817472" : 1,
            "3850240" : 1,
            "3883008" : 3,
            "3948544" : 2,
            "3981312" : 2,
            "4014080" : 5,
            "4046848" : 4,
            "4079616" : 2,
            "4145152" : 3,
            "4177920" : 4,
            "4227072" : 4,
            "4292608" : 4,
            "4358144" : 2,
            "4423680" : 8,
            "4489216" : 4,
            "4554752" : 2,
            "4620288" : 3,
            "4685824" : 1,
            "4751360" : 2,
            "4882432" : 1,
            "4947968" : 3,
            "5013504" : 1,
            "5079040" : 1,
            "5210112" : 1,
            "5275648" : 1,
            "5341184" : 1,
            "5406720" : 1,
            "5472256" : 1,
            "5537792" : 1,
            "5799936" : 1,
            "5865472" : 1,
            "6127616" : 1,
            "6193152" : 4,
            "6389760" : 1,
            "6455296" : 2,
            "6586368" : 2,
            "6782976" : 1,
            "6848512" : 1,
            "6914048" : 2,
            "6979584" : 1,
            "7045120" : 1,
            "7110656" : 1,
            "7176192" : 1,
            "7438336" : 2,
            "7897088" : 1,
            "8028160" : 2,
            "8716288" : 1,
            "8847360" : 1,
            "8978432" : 1,
            "9633792" : 1
          }
        },
        "lat_ns" : {
          "min" : 754,
          "max" : 9573136,
          "mean" : 13343.951606,
          "stddev" : 21957.593924,
          "N" : 14657485,
          "percentile" : {
            "1.000000" : 6432,
            "5.000000" : 9280,
            "10.000000" : 9536,
            "20.000000" : 10304,
            "30.000000" : 10560,
            "40.000000" : 10816,
            "50.000000" : 11328,
            "60.000000" : 12352,
            "70.000000" : 14016,
            "80.000000" : 16064,
            "90.000000" : 18560,
            "95.000000" : 20864,
            "99.000000" : 29056,
            "99.500000" : 39680,
            "99.900000" : 81408,
            "99.950000" : 125440,
            "99.990000" : 489472
          },
          "bins" : {
            "756" : 2,
            "764" : 2,
            "772" : 1,
            "780" : 3,
            "788" : 2,
            "796" : 5,
            "804" : 8,
            "812" : 10,
            "820" : 8,
            "828" : 11,
            "836" : 8,
            "844" : 18,
            "852" : 25,
            "860" : 17,
            "868" : 20,
            "876" : 15,
            "884" : 16,
            "892" : 19,
            "900" : 30,
            "908" : 15,
            "916" : 17,
            "924" : 29,
            "932" : 33,
            "940" : 23,
            "948" : 23,
            "956" : 20,
            "964" : 26,
            "972" : 31,
            "980" : 20,
            "988" : 16,
            "996" : 22,
            "1004" : 23,
            "1012" : 18,
            "1020" : 18,
            "1032" : 18,
            "1048" : 33,
            "1064" : 28,
            "1080" : 31,
            "1096" : 24,
            "1112" : 20,
            "1128" : 17,
            "1144" : 11,
            "1160" : 12,
            "1176" : 12,
            "1192" : 7,
            "1208" : 15,
            "1224" : 9,
            "1240" : 8,
            "1256" : 14,
            "1272" : 8,
            "1288" : 15,
            "1304" : 22,
            "1320" : 12,
            "1336" : 13,
            "1352" : 11,
            "1368" : 11,
            "1384" : 12,
            "1400" : 8,
            "1416" : 17,
            "1432" : 14,
            "1448" : 10,
            "1464" : 9,
            "1480" : 19,
            "1496" : 12,
            "1512" : 12,
            "1528" : 14,
            "1544" : 8,
            "1560" : 16,
            "1576" : 11,
            "1592" : 18,
            "1608" : 14,
            "1624" : 9,
            "1640" : 10,
            "1656" : 12,
            "1672" : 9,
            "1688" : 8,
            "1704" : 7,
            "1720" : 10,
            "1736" : 11,
            "1752" : 9,
            "1768" : 10,
            "1784" : 9,
            "1800" : 6,
            "1816" : 6,
            "1832" : 7,
            "1848" : 9,
            "1864" : 10,
            "1880" : 6,
            "1896" : 5,
            "1912" : 7,
            "1928" : 3,
            "1944" : 9,
            "1960" : 6,
            "1976" : 3,
            "1992" : 5,
            "2008" : 3,
            "2024" : 8,
            "2040" : 5,
            "2064" : 8,
            "2096" : 9,
            "2128" : 4,
            "2160" : 4,
            "2192" : 2,
            "2224" : 3,
            "2256" : 4,
            "2288" : 2,
            "2320" : 1,
            "2352" : 2,
            "2384" : 2,
            "2416" : 5,
            "2480" : 2,
            "2512" : 5,
            "2544" : 2,
            "2576" : 3,
            "2608" : 1,
            "2704" : 2,
            "2736" : 1,
            "2768" : 1,
            "2832" : 1,
            "2864" : 1,
            "3088" : 1,
            "3248" : 1,
            "3376" : 1,
            "3920" : 1,
            "4448" : 1,
            "4832" : 1,
            "5984" : 3,
            "6048" : 48,
            "6112" : 1096,
            "6176" : 6488,
            "6240" : 18548,
            "6304" : 31143,
            "6368" : 40739,
            "6432" : 48441,
            "6496" : 52825,
            "6560" : 48989,
            "6624" : 39163,
            "6688" : 29553,
            "6752" : 22294,
            "6816" : 16842,
            "6880" : 13042,
            "6944" : 9718,
            "7008" : 7381,
            "7072" : 5840,
            "7136" : 5111,
            "7200" : 5035,
            "7264" : 5123,
            "7328" : 5329,
            "7392" : 5244,
            "7456" : 4704,
            "7520" : 4037,
            "7584" : 3248,
            "7648" : 2608,
            "7712" : 2227,
            "7776" : 1813,
            "7840" : 1470,
            "7904" : 1250,
            "7968" : 1074,
            "8032" : 888,
            "8096" : 784,
            "8160" : 721,
            "8256" : 1201,
            "8384" : 1088,
            "8512" : 1013,
            "8640" : 1052,
            "8768" : 1263,
            "8896" : 7520,
            "9024" : 49028,
            "9152" : 146478,
            "9280" : 259451,
            "9408" : 361907,
            "9536" : 379879,
            "9664" : 316034,
            "9792" : 223680,
            "9920" : 143395,
            "10048" : 148189,
            "10176" : 316446,
            "10304" : 594728,
            "10432" : 779775,
            "10560" : 744804,
            "10688" : 570298,
            "10816" : 401996,
            "10944" : 339375,
            "11072" : 378863,
            "11200" : 424689,
            "11328" : 407933,
            "11456" : 330892,
            "11584" : 240571,
            "11712" : 170590,
            "11840" : 131621,
            "11968" : 123134,
            "12096" : 133467,
            "12224" : 146106,
            "12352" : 148310,
            "12480" : 141871,
            "12608" : 129047,
            "12736" : 116003,
            "12864" : 107990,
            "12992" : 103728,
            "13120" : 105107,
            "13248" : 109090,
            "13376" : 113091,
            "13504" : 115840,
            "13632" : 115400,
            "13760" : 114492,
            "13888" : 113044,
            "14016" : 109324,
            "14144" : 106944,
            "14272" : 104016,
            "14400" : 100461,
            "14528" : 98213,
            "14656" : 95973,
            "14784" : 93049,
            "14912" : 90519,
            "15040" : 87561,
            "15168" : 83663,
            "15296" : 79690,
            "15424" : 76912,
            "15552" : 75295,
            "15680" : 77798,
            "15808" : 82641,
            "15936" : 87377,
            "16064" : 90845,
            "16192" : 91784,
            "16320" : 89261,
            "16512" : 166645,
            "16768" : 150313,
            "17024" : 137330,
            "17280" : 126802,
            "17536" : 120412,
            "17792" : 127200,
            "18048" : 144116,
            "18304" : 146312,
            "18560" : 127821,
            "18816" : 110309,
            "19072" : 107563,
            "19328" : 106286,
            "19584" : 97478,
            "19840" : 83196,
            "20096" : 71368,
            "20352" : 62452,
            "20608" : 56786,
            "20864" : 52452,
            "21120" : 48040,
            "21376" : 43934,
            "21632" : 39530,
            "21888" : 36069,
            "22144" : 33071,
            "22400" : 30287,
            "22656" : 28099,
            "22912" : 25563,
            "23168" : 23714,
            "23424" : 21739,
            "23680" : 20152,
            "23936" : 18308,
            "24192" : 16948,
            "24448" : 15598,
            "24704" : 14689,
            "24960" : 13288,
            "25216" : 12311,
            "25472" : 11362,
            "25728" : 10458,
            "25984" : 9688,
            "26240" : 8920,
            "26496" : 8029,
            "26752" : 7498,
            "27008" : 6882,
            "27264" : 6443,
            "27520" : 5863,
            "27776" : 5614,
            "28032" : 5056,
            "28288" : 4859,
            "28544" : 4451,
            "28800" : 4252,
            "29056" : 4028,
            "29312" : 3788,
            "29568" : 3414,
            "29824" : 3266,
            "30080" : 3073,
            "30336" : 2937,
            "30592" : 2869,
            "30848" : 2684,
            "31104" : 2653,
            "31360" : 2375,
            "31616" : 2292,
            "31872" : 2191,
            "32128" : 2141,
            "32384" : 2007,
            "32640" : 1905,
            "33024" : 3501,
            "33536" : 3269,
            "34048" : 3076,
            "34560" : 2762,
            "35072" : 2582,
            "35584" : 2406,
            "36096" : 2370,
            "36608" : 2155,
            "37120" : 2111,
            "37632" : 2066,
            "38144" : 1942,
            "38656" : 1861,
            "39168" : 1821,
            "39680" : 1839,
            "40192" : 1867,
            "40704" : 1738,
            "41216" : 1790,
            "41728" : 1792,
            "42240" : 1794,
            "42752" : 1723,
            "43264" : 1777,
            "43776" : 1706,
            "44288" : 1728,
            "44800" : 1577,
            "45312" : 1602,
            "45824" : 1509,
            "46336" : 1504,
            "46848" : 1405,
            "47360" : 1360,
            "47872" : 1313,
            "48384" : 1282,
            "48896" : 1207,
            "49408" : 1138,
            "49920" : 1085,
            "50432" : 1011,
            "50944" : 996,
            "51456" : 928,
            "51968" : 841,
            "52480" : 831,
            "52992" : 829,
            "53504" : 775,
            "54016" : 829,
            "54528" : 692,
            "55040" : 706,
            "55552" : 687,
            "56064" : 698,
            "56576" : 669,
            "57088" : 621,
            "57600" : 627,
            "58112" : 609,
            "58624" : 589,
            "59136" : 571,
            "59648" : 546,
            "60160" : 557,
            "60672" : 511,
            "61184" : 507,
            "61696" : 492,
            "62208" : 428,
            "62720" : 450,
            "63232" : 411,
            "63744" : 418,
            "64256" : 399,
            "64768" : 365,
            "65280" : 353,
            "66048" : 700,
            "67072" : 644,
            "68096" : 611,
            "69120" : 499,
            "70144" : 470,
            "71168" : 509,
            "72192" : 476,
            "73216" : 422,
            "74240" : 445,
            "75264" : 380,
            "76288" : 389,
            "77312" : 350,
            "78336" : 375,
            "79360" : 343,
            "80384" : 313,
            "81408" : 277,
            "82432" : 293,
            "83456" : 262,
            "84480" : 265,
            "85504" : 249,
            "86528" : 259,
            "87552" : 241,
            "88576" : 215,
            "89600" : 232,
            "90624" : 213,
            "91648" : 190,
            "92672" : 182,
            "93696" : 181,
            "94720" : 193,
            "95744" : 168,
            "96768" : 154,
            "97792" : 145,
            "98816" : 148,
            "99840" : 133,
            "100864" : 141,
            "101888" : 125,
            "102912" : 120,
            "103936" : 111,
            "104960" : 117,
            "105984" : 130,
            "107008" : 122,
            "108032" : 141,
            "109056" : 162,
            "110080" : 116,
            "111104" : 126,
            "112128" : 156,
            "113152" : 144,
            "114176" : 150,
            "115200" : 169,
            "116224" : 162,
            "117248" : 193,
            "118272" : 176,
            "119296" : 157,
            "120320" : 169,
            "121344" : 167,
            "122368" : 141,
            "123392" : 115,
            "124416" : 125,
            "125440" : 119,
            "126464" : 87,
            "127488" : 112,
            "128512" : 95,
            "129536" : 88,
            "130560" : 95,
            "132096" : 157,
            "134144" : 165,
            "136192" : 153,
            "138240" : 144,
            "140288" : 150,
            "142336" : 124,
            "144384" : 130,
            "146432" : 127,
            "148480" : 143,
            "150528" : 103,
            "152576" : 117,
            "154624" : 102,
            "156672" : 94,
            "158720" : 77,
            "160768" : 105,
            "162816" : 83,
            "164864" : 80,
            "166912" : 85,
            "168960" : 58,
            "171008" : 70,
            "173056" : 66,
            "175104" : 46,
            "177152" : 58,
            "179200" : 49,
            "181248" : 50,
            "183296" : 39,
            "185344" : 53,
            "187392" : 60,
            "189440" : 44,
            "191488" : 41,
            "193536" : 38,
            "195584" : 49,
            "197632" : 33,
            "199680" : 47,
            "201728" : 37,
            "203776" : 47,
            "205824" : 40,
            "207872" : 30,
            "209920" : 45,
            "211968" : 34,
            "214016" : 33,
            "216064" : 32,
            "218112" : 36,
            "220160" : 28,
            "222208" : 36,
            "224256" : 43,
            "226304" : 28,
            "228352" : 36,
            "230400" : 32,
            "232448" : 34,
            "234496" : 27,
            "236544" : 25,
            "238592" : 30,
            "240640" : 20,
            "242688" : 22,
            "244736" : 32,
            "246784" : 24,
            "248832" : 9,
            "250880" : 26,
            "252928" : 20,
            "254976" : 23,
            "257024" : 20,
            "259072" : 17,
            "261120" : 24,
            "264192" : 46,
            "268288" : 47,
            "272384" : 30,
            "276480" : 35,
            "280576" : 30,
            "284672" : 29,
            "288768" : 31,
            "292864" : 35,
            "296960" : 33,
            "301056" : 22,
            "305152" : 33,
            "309248" : 38,
            "313344" : 32,
            "317440" : 37,
            "321536" : 27,
            "325632" : 29,
            "329728" : 33,
            "333824" : 21,
            "337920" : 38,
            "342016" : 27,
            "346112" : 26,
            "350208" : 30,
            "354304" : 25,
            "358400" : 28,
            "362496" : 31,
            "366592" : 28,
            "370688" : 22,
            "374784" : 28,
            "378880" : 21,
            "382976" : 27,
            "387072" : 18,
            "391168" : 24,
            "395264" : 17,
            "399360" : 23,
            "403456" : 19,
            "407552" : 29,
            "411648" : 29,
            "415744" : 31,
            "419840" : 28,
            "423936" : 32,
            "428032" : 18,
            "432128" : 26,
            "436224" : 22,
            "440320" : 28,
            "444416" : 23,
            "448512" : 15,
            "452608" : 17,
            "456704" : 20,
            "460800" : 19,
            "464896" : 10,
            "468992" : 15,
            "473088" : 19,
            "477184" : 21,
            "481280" : 13,
            "485376" : 11,
            "489472" : 11,
            "493568" : 10,
            "497664" : 15,
            "501760" : 9,
            "505856" : 11,
            "509952" : 13,
            "514048" : 5,
            "518144" : 11,
            "522240" : 10,
            "528384" : 24,
            "536576" : 23,
            "544768" : 15,
            "552960" : 20,
            "561152" : 19,
            "569344" : 19,
            "577536" : 14,
            "585728" : 19,
            "593920" : 11,
            "602112" : 10,
            "610304" : 23,
            "618496" : 9,
            "626688" : 12,
            "634880" : 20,
            "643072" : 11,
            "651264" : 9,
            "659456" : 2,
            "667648" : 15,
            "675840" : 14,
            "684032" : 16,
            "692224" : 12,
            "700416" : 12,
            "708608" : 8,
            "716800" : 11,
            "724992" : 16,
            "733184" : 13,
            "741376" : 17,
            "749568" : 12,
            "757760" : 12,
            "765952" : 8,
            "774144" : 10,
            "782336" : 5,
            "790528" : 9,
            "798720" : 7,
            "806912" : 10,
            "815104" : 7,
            "823296" : 8,
            "831488" : 10,
            "839680" : 11,
            "847872" : 5,
            "856064" : 3,
            "864256" : 12,
            "872448" : 5,
            "880640" : 11,
            "888832" : 4,
            "897024" : 9,
            "905216" : 10,
            "913408" : 7,
            "921600" : 10,
            "929792" : 9,
            "937984" : 2,
            "946176" : 6,
            "954368" : 9,
            "962560" : 9,
            "970752" : 7,
            "978944" : 4,
            "987136" : 9,
            "995328" : 4,
            "1003520" : 5,
            "1011712" : 12,
            "1019904" : 3,
            "1028096" : 11,
            "1036288" : 8,
            "1044480" : 7,
            "1056768" : 10,
            "1073152" : 15,
            "1089536" : 7,
            "1105920" : 7,
            "1122304" : 6,
            "1138688" : 9,
            "1155072" : 9,
            "1171456" : 6,
            "1187840" : 4,
            "1204224" : 10,
            "1220608" : 6,
            "1236992" : 7,
            "1253376" : 11,
            "1269760" : 6,
            "1286144" : 14,
            "1302528" : 12,
            "1318912" : 5,
            "1335296" : 12,
            "1351680" : 11,
            "1368064" : 11,
            "1384448" : 11,
            "1400832" : 4,
            "1417216" : 3,
            "1433600" : 5,
            "1449984" : 6,
            "1466368" : 6,
            "1482752" : 4,
            "1499136" : 4,
            "1515520" : 4,
            "1531904" : 5,
            "1548288" : 1,
            "1564672" : 1,
            "1581056" : 1,
            "1597440" : 4,
            "1613824" : 5,
            "1662976" : 3,
            "1679360" : 1,
            "1695744" : 4,
            "1712128" : 2,
            "1728512" : 4,
            "1744896" : 3,
            "1761280" : 2,
            "1777664" : 2,
            "1794048" : 1,
            "1810432" : 1,
            "1826816" : 1,
            "1843200" : 1,
            "1859584" : 6,
            "1875968" : 1,
            "1892352" : 4,
            "1908736" : 2,
            "1925120" : 1,
            "1941504" : 4,
            "1957888" : 6,
            "1974272" : 2,
            "1990656" : 3,
            "2007040" : 3,
            "2023424" : 7,
            "2039808" : 2,
            "2056192" : 1,
            "2072576" : 4,
            "2088960" : 2,
            "2113536" : 5,
            "2146304" : 5,
            "2179072" : 4,
            "2211840" : 2,
            "2244608" : 8,
            "2277376" : 5,
            "2310144" : 4,
            "2342912" : 2,
            "2375680" : 4,
            "2408448" : 5,
            "2441216" : 3,
            "2473984" : 3,
            "2506752" : 2,
            "2539520" : 3,
            "2572288" : 3,
            "2605056" : 1,
            "2637824" : 2,
            "2670592" : 1,
            "2703360" : 1,
            "2736128" : 6,
            "2768896" : 8,
            "2801664" : 4,
            "2834432" : 11,
            "2867200" : 9,
            "2899968" : 8,
            "2932736" : 12,
            "2965504" : 11,
            "2998272" : 13,
            "3031040" : 8,
            "3063808" : 9,
            "3096576" : 7,
            "3129344" : 5,
            "3162112" : 11,
            "3194880" : 10,
            "3227648" : 13,
            "3260416" : 3,
            "3293184" : 7,
            "3325952" : 5,
            "3358720" : 9,
            "3391488" : 11,
            "3424256" : 4,
            "3457024" : 3,
            "3489792" : 3,
            "3522560" : 2,
            "3555328" : 6,
            "3588096" : 4,
            "3620864" : 4,
            "3653632" : 4,
            "3686400" : 1,
            "3719168" : 2,
            "3751936" : 1,
            "3784704" : 4,
            "3817472" : 1,
            "3850240" : 1,
            "3883008" : 3,
            "3948544" : 2,
            "3981312" : 2,
            "4014080" : 5,
            "4046848" : 4,
            "4079616" : 2,
            "4145152" : 3,
            "4177920" : 4,
            "4227072" : 4,
            "4292608" : 4,
            "4358144" : 2,
            "4423680" : 8,
            "4489216" : 4,
            "4554752" : 2,
            "4620288" : 3,
            "4685824" : 1,
            "4751360" : 2,
            "4882432" : 1,
            "4947968" : 3,
            "5013504" : 1,
            "5079040" : 1,
            "5210112" : 1,
            "5275648" : 1,
            "5341184" : 1,
            "5406720" : 1,
            "5537792" : 2,
            "5799936" : 1,
            "5865472" : 1,
            "6127616" : 1,
            "6193152" : 4,
            "6389760" : 1,
            "6455296" : 2,
            "6586368" : 2,
            "6782976" : 1,
            "6848512" : 1,
            "6914048" : 2,
            "6979584" : 1,
            "7045120" : 1,
            "7110656" : 1,
            "7176192" : 1,
            "7438336" : 2,
            "7897088" : 1,
            "8028160" : 2,
            "8716288" : 1,
            "8847360" : 1,
            "8978432" : 1,
            "9633792" : 1
          }
        },
        "bw_min" : 123280,
        "bw_max" : 315488,
        "bw_agg" : 100.000000,
        "bw_mean" : 195534.991653,
        "bw_dev" : 21755.973077,
        "bw_samples" : 599,
        "iops_min" : 30820,
        "iops_max" : 78872,
        "iops_mean" : 48883.746244,
        "iops_stddev" : 5438.995357,
        "iops_samples" : 599
      },
      "write" : {
        "io_bytes" : 60017987584,
        "io_kbytes" : 58611316,
        "bw_bytes" : 200059291,
        "bw" : 195370,
        "iops" : 48842.600525,
        "runtime" : 300001,
        "total_ios" : 14652829,
        "short_ios" : 0,
        "drop_ios" : 0,
        "slat_ns" : {
          "min" : 0,
          "max" : 0,
          "mean" : 0.000000,
          "stddev" : 0.000000,
          "N" : 0
        },
        "clat_ns" : {
          "min" : 1145,
          "max" : 9842833,
          "mean" : 2583.850955,
          "stddev" : 7563.491230,
          "N" : 14652829,
          "percentile" : {
            "1.000000" : 1496,
            "5.000000" : 1544,
            "10.000000" : 1560,
            "20.000000" : 1624,
            "30.000000" : 1768,
            "40.000000" : 2192,
            "50.000000" : 2256,
            "60.000000" : 2352,
            "70.000000" : 2544,
            "80.000000" : 3056,
            "90.000000" : 3984,
            "95.000000" : 4768,
            "99.000000" : 6560,
            "99.500000" : 7648,
            "99.900000" : 21376,
            "99.950000" : 35072,
            "99.990000" : 89600
          },
          "bins" : {
            "1144" : 2,
            "1160" : 6,
            "1176" : 9,
            "1192" : 20,
            "1208" : 23,
            "1224" : 38,
            "1240" : 31,
            "1256" : 38,
            "1272" : 38,
            "1288" : 35,
            "1304" : 31,
            "1320" : 34,
            "1336" : 25,
            "1352" : 24,
            "1368" : 12,
            "1384" : 28,
            "1400" : 405,
            "1416" : 2358,
            "1432" : 6440,
            "1448" : 10209,
            "1464" : 22251,
            "1480" : 58839,
            "1496" : 116152,
            "1512" : 167827,
            "1528" : 277125,
            "1544" : 408719,
            "1560" : 449524,
            "1576" : 460889,
            "1592" : 429378,
            "1608" : 386781,
            "1624" : 323824,
            "1640" : 264560,
            "1656" : 223563,
            "1672" : 178751,
            "1688" : 150840,
            "1704" : 126485,
            "1720" : 102361,
            "1736" : 88589,
            "1752" : 74415,
            "1768" : 68006,
            "1784" : 61021,
            "1800" : 54952,
            "1816" : 51995,
            "1832" : 47370,
            "1848" : 45929,
            "1864" : 43394,
            "1880" : 39722,
            "1896" : 37639,
            "1912" : 34309,
            "1928" : 32474,
            "1944" : 29653,
            "1960" : 26398,
            "1976" : 24636,
            "1992" : 21765,
            "2008" : 20353,
            "2024" : 19208,
            "2040" : 19515,
            "2064" : 53993,
            "2096" : 115118,
            "2128" : 243302,
            "2160" : 422451,
            "2192" : 579337,
            "2224" : 632823,
            "2256" : 589577,
            "2288" : 484524,
            "2320" : 385219,
            "2352" : 314821,
            "2384" : 272699,
            "2416" : 253732,
            "2448" : 243448,
            "2480" : 234555,
            "2512" : 221330,
            "2544" : 201830,
            "2576" : 182409,
            "2608" : 158118,
            "2640" : 139638,
            "2672" : 124577,
            "2704" : 111621,
            "2736" : 102510,
            "2768" : 91476,
            "2800" : 82742,
            "2832" : 74996,
            "2864" : 68367,
            "2896" : 63105,
            "2928" : 57815,
            "2960" : 56356,
            "2992" : 57595,
            "3024" : 61863,
            "3056" : 67046,
            "3088" : 70002,
            "3120" : 69476,
            "3152" : 66827,
            "3184" : 62040,
            "3216" : 58158,
            "3248" : 53332,
            "3280" : 49625,
            "3312" : 47475,
            "3344" : 46238,
            "3376" : 46326,
            "3408" : 45598,
            "3440" : 45661,
            "3472" : 46102,
            "3504" : 46114,
            "3536" : 46322,
            "3568" : 45169,
            "3600" : 44296,
            "3632" : 43767,
            "3664" : 43144,
            "3696" : 43316,
            "3728" : 43202,
            "3760" : 43644,
            "3792" : 45316,
            "3824" : 47550,
            "3856" : 49382,
            "3888" : 49758,
            "3920" : 50343,
            "3952" : 50353,
            "3984" : 49086,
            "4016" : 48344,
            "4048" : 45560,
            "4080" : 43658,
            "4128" : 81517,
            "4192" : 74339,
            "4256" : 66836,
            "4320" : 61294,
            "4384" : 55286,
            "4448" : 51524,
            "4512" : 48506,
            "4576" : 45004,
            "4640" : 42843,
            "4704" : 39710,
            "4768" : 37976,
            "4832" : 35931,
            "4896" : 34186,
            "4960" : 32927,
            "5024" : 31784,
            "5088" : 30303,
            "5152" : 28731,
            "5216" : 27743,
            "5280" : 26975,
            "5344" : 25688,
            "5408" : 24872,
            "5472" : 24464,
            "5536" : 23086,
            "5600" : 21589,
            "5664" : 20351,
            "5728" : 19025,
            "5792" : 17831,
            "5856" : 16753,
            "5920" : 15643,
            "5984" : 14622,
            "6048" : 13851,
            "6112" : 12869,
            "6176" : 11744,
            "6240" : 10888,
            "6304" : 10067,
            "6368" : 9514,
            "6432" : 8503,
            "6496" : 7878,
            "6560" : 7256,
            "6624" : 6567,
            "6688" : 6143,
            "6752" : 5710,
            "6816" : 5277,
            "6880" : 4788,
            "6944" : 4572,
            "7008" : 4321,
            "7072" : 3972,
            "7136" : 3728,
            "7200" : 3599,
            "7264" : 3158,
            "7328" : 2905,
            "7392" : 2763,
            "7456" : 2673,
            "7520" : 2466,
            "7584" : 2252,
            "7648" : 2116,
            "7712" : 2102,
            "7776" : 1812,
            "7840" : 1813,
            "7904" : 1658,
            "7968" : 1507,
            "8032" : 1477,
            "8096" : 1352,
            "8160" : 1356,
            "8256" : 2412,
            "8384" : 2002,
            "8512" : 1750,
            "8640" : 1576,
            "8768" : 1487,
            "8896" : 1322,
            "9024" : 1197,
            "9152" : 1125,
            "9280" : 1091,
            "9408" : 1051,
            "9536" : 963,
            "9664" : 900,
            "9792" : 807,
            "9920" : 811,
            "10048" : 784,
            "10176" : 757,
            "10304" : 735,
            "10432" : 650,
            "10560" : 660,
            "10688" : 693,
            "10816" : 615,
            "10944" : 615,
            "11072" : 654,
            "11200" : 601,
            "11328" : 557,
            "11456" : 585,
            "11584" : 585,
            "11712" : 511,
            "11840" : 592,
            "11968" : 550,
            "12096" : 567,
            "12224" : 487,
            "12352" : 496,
            "12480" : 443,
            "12608" : 449,
            "12736" : 480,
            "12864" : 423,
            "12992" : 453,
            "13120" : 404,
            "13248" : 388,
            "13376" : 391,
            "13504" : 374,
            "13632" : 383,
            "13760" : 310,
            "13888" : 352,
            "14016" : 339,
            "14144" : 295,
            "14272" : 310,
            "14400" : 298,
            "14528" : 280,
            "14656" : 268,
            "14784" : 289,
            "14912" : 260,
            "15040" : 252,
            "15168" : 253,
            "15296" : 210,
            "15424" : 233,
            "15552" : 253,
            "15680" : 224,
            "15808" : 197,
            "15936" : 173,
            "16064" : 201,
            "16192" : 196,
            "16320" : 175,
            "16512" : 362,
            "16768" : 351,
            "17024" : 325,
            "17280" : 321,
            "17536" : 322,
            "17792" : 272,
            "18048" : 264,
            "18304" : 288,
            "18560" : 282,
            "18816" : 273,
            "19072" : 255,
            "19328" : 250,
            "19584" : 242,
            "19840" : 214,
            "20096" : 224,
            "20352" : 253,
            "20608" : 230,
            "20864" : 222,
            "21120" : 227,
            "21376" : 186,
            "21632" : 196,
            "21888" : 221,
            "22144" : 211,
            "22400" : 218,
            "22656" : 198,
            "22912" : 187,
            "23168" : 188,
            "23424" : 213,
            "23680" : 205,
            "23936" : 200,
            "24192" : 191,
            "24448" : 188,
            "24704" : 178,
            "24960" : 152,
            "25216" : 138,
            "25472" : 151,
            "25728" : 154,
            "25984" : 129,
            "26240" : 142,
            "26496" : 130,
            "26752" : 135,
            "27008" : 141,
            "27264" : 145,
            "27520" : 124,
            "27776" : 121,
            "28032" : 130,
            "28288" : 118,
            "28544" : 116,
            "28800" : 104,
            "29056" : 114,
            "29312" : 124,
            "29568" : 134,
            "29824" : 109,
            "30080" : 112,
            "30336" : 101,
            "30592" : 105,
            "30848" : 106,
            "31104" : 112,
            "31360" : 106,
            "31616" : 108,
            "31872" : 100,
            "32128" : 117,
            "32384" : 101,
            "32640" : 75,
            "33024" : 199,
            "33536" : 214,
            "34048" : 223,
            "34560" : 192,
            "35072" : 206,
            "35584" : 205,
            "36096" : 194,
            "36608" : 177,
            "37120" : 190,
            "37632" : 177,
            "38144" : 173,
            "38656" : 171,
            "39168" : 151,
            "39680" : 160,
            "40192" : 156,
            "40704" : 146,
            "41216" : 133,
            "41728" : 97,
            "42240" : 141,
            "42752" : 90,
            "43264" : 91,
            "43776" : 114,
            "44288" : 97,
            "44800" : 112,
            "45312" : 104,
            "45824" : 79,
            "46336" : 84,
            "46848" : 94,
            "47360" : 76,
            "47872" : 93,
            "48384" : 93,
            "48896" : 86,
            "49408" : 71,
            "49920" : 85,
            "50432" : 65,
            "50944" : 88,
            "51456" : 62,
            "51968" : 64,
            "52480" : 74,
            "52992" : 45,
            "53504" : 62,
            "54016" : 51,
            "54528" : 45,
            "55040" : 33,
            "55552" : 45,
            "56064" : 38,
            "56576" : 40,
            "57088" : 31,
            "57600" : 53,
            "58112" : 41,
            "58624" : 33,
            "59136" : 46,
            "59648" : 32,
            "60160" : 40,
            "60672" : 31,
            "61184" : 39,
            "61696" : 31,
            "62208" : 29,
            "62720" : 33,
            "63232" : 28,
            "63744" : 31,
            "64256" : 25,
            "64768" : 30,
            "65280" : 28,
            "66048" : 45,
            "67072" : 49,
            "68096" : 40,
            "69120" : 41,
            "70144" : 35,
            "71168" : 50,
            "72192" : 34,
            "73216" : 43,
            "74240" : 39,
            "75264" : 40,
            "76288" : 34,
            "77312" : 39,
            "78336" : 23,
            "79360" : 26,
            "80384" : 27,
            "81408" : 26,
            "82432" : 25,
            "83456" : 27,
            "84480" : 18,
            "85504" : 19,
            "86528" : 20,
            "87552" : 15,
            "88576" : 21,
            "89600" : 19,
            "90624" : 16,
            "91648" : 19,
            "92672" : 19,
            "93696" : 18,
            "94720" : 16,
            "95744" : 17,
            "96768" : 18,
            "97792" : 17,
            "98816" : 12,
            "99840" : 18,
            "100864" : 12,
            "101888" : 13,
            "102912" : 17,
            "103936" : 22,
            "104960" : 21,
            "105984" : 29,
            "107008" : 21,
            "108032" : 33,
            "109056" : 27,
            "110080" : 28,
            "111104" : 35,
            "112128" : 22,
            "113152" : 27,
            "114176" : 18,
            "115200" : 15,
            "116224" : 15,
            "117248" : 16,
            "118272" : 13,
            "119296" : 11,
            "120320" : 14,
            "121344" : 8,
            "122368" : 7,
            "123392" : 6,
            "124416" : 9,
            "125440" : 14,
            "126464" : 11,
            "127488" : 6,
            "128512" : 7,
            "129536" : 11,
            "130560" : 9,
            "132096" : 18,
            "134144" : 22,
            "136192" : 13,
            "138240" : 15,
            "140288" : 8,
            "142336" : 13,
            "144384" : 10,
            "146432" : 9,
            "148480" : 5,
            "150528" : 5,
            "152576" : 19,
            "154624" : 13,
            "156672" : 12,
            "158720" : 12,
            "160768" : 12,
            "162816" : 9,
            "164864" : 11,
            "166912" : 11,
            "168960" : 13,
            "171008" : 8,
            "173056" : 5,
            "175104" : 2,
            "177152" : 7,
            "179200" : 3,
            "181248" : 5,
            "183296" : 7,
            "185344" : 7,
            "187392" : 4,
            "189440" : 3,
            "191488" : 6,
            "193536" : 7,
            "195584" : 6,
            "197632" : 6,
            "199680" : 4,
            "201728" : 3,
            "203776" : 4,
            "205824" : 5,
            "207872" : 8,
            "209920" : 3,
            "211968" : 2,
            "214016" : 3,
            "216064" : 4,
            "218112" : 2,
            "220160" : 3,
            "222208" : 3,
            "224256" : 4,
            "226304" : 5,
            "228352" : 3,
            "230400" : 7,
            "232448" : 1,
            "234496" : 3,
            "236544" : 9,
            "238592" : 2,
            "240640" : 1,
            "242688" : 3,
            "244736" : 1,
            "246784" : 4,
            "248832" : 2,
            "250880" : 3,
            "252928" : 1,
            "254976" : 1,
            "257024" : 4,
            "261120" : 3,
            "264192" : 3,
            "268288" : 3,
            "272384" : 5,
            "276480" : 3,
            "280576" : 1,
            "284672" : 1,
            "288768" : 2,
            "292864" : 5,
            "296960" : 5,
            "301056" : 3,
            "305152" : 3,
            "309248" : 2,
            "313344" : 3,
            "317440" : 3,
            "321536" : 2,
            "325632" : 3,
            "329728" : 10,
            "333824" : 1,
            "337920" : 3,
            "342016" : 3,
            "346112" : 5,
            "350208" : 5,
            "354304" : 3,
            "358400" : 9,
            "362496" : 9,
            "366592" : 6,
            "370688" : 3,
            "374784" : 6,
            "378880" : 3,
            "382976" : 7,
            "387072" : 7,
            "391168" : 3,
            "399360" : 4,
            "403456" : 6,
            "407552" : 7,
            "411648" : 7,
            "415744" : 7,
            "419840" : 2,
            "423936" : 6,
            "428032" : 1,
            "432128" : 2,
            "436224" : 3,
            "440320" : 3,
            "444416" : 3,
            "448512" : 3,
            "452608" : 2,
            "456704" : 1,
            "460800" : 1,
            "464896" : 1,
            "468992" : 4,
            "473088" : 3,
            "477184" : 1,
            "481280" : 2,
            "485376" : 4,
            "493568" : 3,
            "505856" : 2,
            "509952" : 5,
            "514048" : 1,
            "518144" : 2,
            "522240" : 1,
            "528384" : 3,
            "536576" : 1,
            "544768" : 4,
            "552960" : 2,
            "561152" : 6,
            "569344" : 3,
            "577536" : 4,
            "585728" : 1,
            "593920" : 2,
            "602112" : 1,
            "626688" : 3,
            "634880" : 3,
            "643072" : 3,
            "659456" : 2,
            "667648" : 1,
            "675840" : 1,
            "684032" : 1,
            "692224" : 1,
            "700416" : 1,
            "708608" : 1,
            "716800" : 1,
            "724992" : 2,
            "757760" : 1,
            "765952" : 1,
            "774144" : 1,
            "790528" : 2,
            "806912" : 2,
            "815104" : 1,
            "839680" : 1,
            "864256" : 1,
            "872448" : 2,
            "888832" : 1,
            "905216" : 1,
            "921600" : 1,
            "929792" : 2,
            "937984" : 1,
            "962560" : 2,
            "970752" : 2,
            "987136" : 2,
            "995328" : 2,
            "1003520" : 1,
            "1011712" : 1,
            "1028096" : 1,
            "1036288" : 1,
            "1056768" : 3,
            "1073152" : 1,
            "1105920" : 1,
            "1122304" : 4,
            "1138688" : 3,
            "1155072" : 1,
            "1187840" : 2,
            "1204224" : 1,
            "1220608" : 1,
            "1253376" : 4,
            "1269760" : 2,
            "1286144" : 1,
            "1302528" : 1,
            "1335296" : 1,
            "1368064" : 1,
            "1400832" : 1,
            "1433600" : 1,
            "1449984" : 1,
            "1466368" : 1,
            "1531904" : 2,
            "1548288" : 2,
            "1613824" : 1,
            "1646592" : 1,
            "1761280" : 1,
            "1777664" : 1,
            "1892352" : 1,
            "2056192" : 1,
            "2072576" : 1,
            "2179072" : 1,
            "2473984" : 1,
            "2506752" : 1,
            "2572288" : 1,
            "2637824" : 1,
            "2768896" : 1,
            "2801664" : 1,
            "2834432" : 2,
            "2899968" : 6,
            "2932736" : 2,
            "2965504" : 3,
            "2998272" : 2,
            "3031040" : 1,
            "3063808" : 2,
            "3096576" : 2,
            "3129344" : 1,
            "3162112" : 1,
            "3194880" : 2,
            "3227648" : 2,
            "3260416" : 1,
            "3325952" : 2,
            "3358720" : 1,
            "3424256" : 1,
            "3457024" : 1,
            "3489792" : 3,
            "3588096" : 1,
            "3686400" : 1,
            "3915776" : 1,
            "4177920" : 1,
            "4292608" : 1,
            "4358144" : 1,
            "4751360" : 1,
            "5013504" : 1,
            "9895936" : 1
          }
        },
        "lat_ns" : {
          "min" : 1200,
          "max" : 9842963,
          "mean" : 2678.015663,
          "stddev" : 7746.435654,
          "N" : 14652829,
          "percentile" : {
            "1.000000" : 1560,
            "5.000000" : 1592,
            "10.000000" : 1624,
            "20.000000" : 1688,
            "30.000000" : 1832,
            "40.000000" : 2256,
            "50.000000" : 2320,
            "60.000000" : 2448,
            "70.000000" : 2640,
            "80.000000" : 3152,
            "90.000000" : 4128,
            "95.000000" : 4960,
            "99.000000" : 6816,
            "99.500000" : 8032,
            "99.900000" : 22144,
            "99.950000" : 35584,
            "99.990000" : 93696
          },
          "bins" : {
            "1208" : 5,
            "1224" : 7,
            "1240" : 12,
            "1256" : 23,
            "1272" : 30,
            "1288" : 35,
            "1304" : 36,
            "1320" : 34,
            "1336" : 35,
            "1352" : 35,
            "1368" : 29,
            "1384" : 34,
            "1400" : 24,
            "1416" : 20,
            "1432" : 12,
            "1448" : 79,
            "1464" : 793,
            "1480" : 3548,
            "1496" : 7635,
            "1512" : 12889,
            "1528" : 33172,
            "1544" : 83491,
            "1560" : 134819,
            "1576" : 208208,
            "1592" : 326063,
            "1608" : 435379,
            "1624" : 463640,
            "1640" : 443283,
            "1656" : 421507,
            "1672" : 350988,
            "1688" : 300167,
            "1704" : 251368,
            "1720" : 201840,
            "1736" : 169842,
            "1752" : 137007,
            "1768" : 117205,
            "1784" : 98535,
            "1800" : 81301,
            "1816" : 72885,
            "1832" : 62622,
            "1848" : 58452,
            "1864" : 53715,
            "1880" : 48452,
            "1896" : 46545,
            "1912" : 42624,
            "1928" : 41275,
            "1944" : 38678,
            "1960" : 35596,
            "1976" : 34073,
            "1992" : 30631,
            "2008" : 28963,
            "2024" : 26494,
            "2040" : 23551,
            "2064" : 41768,
            "2096" : 36537,
            "2128" : 41797,
            "2160" : 78217,
            "2192" : 171859,
            "2224" : 327871,
            "2256" : 509830,
            "2288" : 609379,
            "2320" : 606868,
            "2352" : 525637,
            "2384" : 421915,
            "2416" : 340574,
            "2448" : 281681,
            "2480" : 256141,
            "2512" : 244036,
            "2544" : 235193,
            "2576" : 224067,
            "2608" : 205941,
            "2640" : 186765,
            "2672" : 170019,
            "2704" : 151480,
            "2736" : 137916,
            "2768" : 121678,
            "2800" : 109840,
            "2832" : 99653,
            "2864" : 89905,
            "2896" : 82218,
            "2928" : 73687,
            "2960" : 67078,
            "2992" : 62553,
            "3024" : 58602,
            "3056" : 59318,
            "3088" : 60910,
            "3120" : 65407,
            "3152" : 68722,
            "3184" : 70255,
            "3216" : 68660,
            "3248" : 63769,
            "3280" : 57863,
            "3312" : 53363,
            "3344" : 48407,
            "3376" : 45404,
            "3408" : 42764,
            "3440" : 41405,
            "3472" : 40769,
            "3504" : 40930,
            "3536" : 42104,
            "3568" : 41662,
            "3600" : 42392,
            "3632" : 43243,
            "3664" : 43138,
            "3696" : 43941,
            "3728" : 42814,
            "3760" : 42615,
            "3792" : 42108,
            "3824" : 41760,
            "3856" : 42417,
            "3888" : 42655,
            "3920" : 43366,
            "3952" : 45623,
            "3984" : 47074,
            "4016" : 48619,
            "4048" : 49179,
            "4080" : 49520,
            "4128" : 97415,
            "4192" : 92143,
            "4256" : 83242,
            "4320" : 75221,
            "4384" : 67158,
            "4448" : 61023,
            "4512" : 55904,
            "4576" : 51605,
            "4640" : 48448,
            "4704" : 45158,
            "4768" : 42187,
            "4832" : 40168,
            "4896" : 37783,
            "4960" : 36210,
            "5024" : 34426,
            "5088" : 32752,
            "5152" : 32106,
            "5216" : 30628,
            "5280" : 29317,
            "5344" : 27794,
            "5408" : 26852,
            "5472" : 25934,
            "5536" : 25114,
            "5600" : 24522,
            "5664" : 23356,
            "5728" : 21925,
            "5792" : 20969,
            "5856" : 19337,
            "5920" : 18638,
            "5984" : 17466,
            "6048" : 16384,
            "6112" : 15601,
            "6176" : 14542,
            "6240" : 13668,
            "6304" : 12959,
            "6368" : 11853,
            "6432" : 11024,
            "6496" : 10311,
            "6560" : 9575,
            "6624" : 8976,
            "6688" : 7943,
            "6752" : 7449,
            "6816" : 6812,
            "6880" : 6401,
            "6944" : 5994,
            "7008" : 5494,
            "7072" : 5082,
            "7136" : 4662,
            "7200" : 4465,
            "7264" : 4021,
            "7328" : 3937,
            "7392" : 3638,
            "7456" : 3367,
            "7520" : 3037,
            "7584" : 2920,
            "7648" : 2748,
            "7712" : 2515,
            "7776" : 2388,
            "7840" : 2295,
            "7904" : 2063,
            "7968" : 1973,
            "8032" : 1954,
            "8096" : 1709,
            "8160" : 1673,
            "8256" : 2910,
            "8384" : 2734,
            "8512" : 2302,
            "8640" : 2072,
            "8768" : 1815,
            "8896" : 1633,
            "9024" : 1559,
            "9152" : 1356,
            "9280" : 1291,
            "9408" : 1123,
            "9536" : 1107,
            "9664" : 1060,
            "9792" : 1009,
            "9920" : 886,
            "10048" : 841,
            "10176" : 835,
            "10304" : 803,
            "10432" : 788,
            "10560" : 785,
            "10688" : 783,
            "10816" : 703,
            "10944" : 686,
            "11072" : 718,
            "11200" : 713,
            "11328" : 713,
            "11456" : 665,
            "11584" : 603,
            "11712" : 654,
            "11840" : 599,
            "11968" : 641,
            "12096" : 627,
            "12224" : 665,
            "12352" : 551,
            "12480" : 514,
            "12608" : 544,
            "12736" : 513,
            "12864" : 531,
            "12992" : 484,
            "13120" : 478,
            "13248" : 463,
            "13376" : 386,
            "13504" : 419,
            "13632" : 424,
            "13760" : 410,
            "13888" : 355,
            "14016" : 370,
            "14144" : 380,
            "14272" : 338,
            "14400" : 352,
            "14528" : 303,
            "14656" : 282,
            "14784" : 322,
            "14912" : 317,
            "15040" : 286,
            "15168" : 280,
            "15296" : 273,
            "15424" : 253,
            "15552" : 237,
            "15680" : 256,
            "15808" : 247,
            "15936" : 215,
            "16064" : 207,
            "16192" : 209,
            "16320" : 172,
            "16512" : 408,
            "16768" : 388,
            "17024" : 360,
            "17280" : 324,
            "17536" : 330,
            "17792" : 327,
            "18048" : 303,
            "18304" : 295,
            "18560" : 299,
            "18816" : 285,
            "19072" : 280,
            "19328" : 269,
            "19584" : 264,
            "19840" : 243,
            "20096" : 225,
            "20352" : 276,
            "20608" : 241,
            "20864" : 239,
            "21120" : 235,
            "21376" : 201,
            "21632" : 210,
            "21888" : 217,
            "22144" : 236,
            "22400" : 225,
            "22656" : 203,
            "22912" : 198,
            "23168" : 204,
            "23424" : 202,
            "23680" : 237,
            "23936" : 187,
            "24192" : 210,
            "24448" : 195,
            "24704" : 187,
            "24960" : 173,
            "25216" : 146,
            "25472" : 153,
            "25728" : 160,
            "25984" : 140,
            "26240" : 136,
            "26496" : 151,
            "26752" : 139,
            "27008" : 140,
            "27264" : 151,
            "27520" : 139,
            "27776" : 134,
            "28032" : 125,
            "28288" : 128,
            "28544" : 122,
            "28800" : 122,
            "29056" : 121,
            "29312" : 114,
            "29568" : 146,
            "29824" : 100,
            "30080" : 119,
            "30336" : 120,
            "30592" : 105,
            "30848" : 122,
            "31104" : 94,
            "31360" : 115,
            "31616" : 118,
            "31872" : 110,
            "32128" : 111,
            "32384" : 124,
            "32640" : 87,
            "33024" : 204,
            "33536" : 214,
            "34048" : 213,
            "34560" : 219,
            "35072" : 198,
            "35584" : 219,
            "36096" : 206,
            "36608" : 191,
            "37120" : 194,
            "37632" : 197,
            "38144" : 172,
            "38656" : 170,
            "39168" : 160,
            "39680" : 160,
            "40192" : 163,
            "40704" : 153,
            "41216" : 140,
            "41728" : 105,
            "42240" : 127,
            "42752" : 106,
            "43264" : 98,
            "43776" : 117,
            "44288" : 101,
            "44800" : 114,
            "45312" : 114,
            "45824" : 95,
            "46336" : 84,
            "46848" : 90,
            "47360" : 91,
            "47872" : 87,
            "48384" : 88,
            "48896" : 100,
            "49408" : 68,
            "49920" : 88,
            "50432" : 79,
            "50944" : 85,
            "51456" : 66,
            "51968" : 70,
            "52480" : 72,
            "52992" : 53,
            "53504" : 59,
            "54016" : 61,
            "54528" : 48,
            "55040" : 33,
            "55552" : 55,
            "56064" : 28,
            "56576" : 49,
            "57088" : 33,
            "57600" : 48,
            "58112" : 46,
            "58624" : 33,
            "59136" : 52,
            "59648" : 34,
            "60160" : 41,
            "60672" : 28,
            "61184" : 40,
            "61696" : 31,
            "62208" : 33,
            "62720" : 37,
            "63232" : 30,
            "63744" : 29,
            "64256" : 27,
            "64768" : 34,
            "65280" : 30,
            "66048" : 44,
            "67072" : 50,
            "68096" : 41,
            "69120" : 46,
            "70144" : 31,
            "71168" : 52,
            "72192" : 36,
            "73216" : 46,
            "74240" : 36,
            "75264" : 42,
            "76288" : 38,
            "77312" : 38,
            "78336" : 31,
            "79360" : 23,
            "80384" : 29,
            "81408" : 28,
            "82432" : 24,
            "83456" : 26,
            "84480" : 17,
            "85504" : 24,
            "86528" : 20,
            "87552" : 18,
            "88576" : 20,
            "89600" : 21,
            "90624" : 18,
            "91648" : 17,
            "92672" : 17,
            "93696" : 21,
            "94720" : 15,
            "95744" : 22,
            "96768" : 17,
            "97792" : 17,
            "98816" : 14,
            "99840" : 17,
            "100864" : 12,
            "101888" : 16,
            "102912" : 16,
            "103936" : 22,
            "104960" : 22,
            "105984" : 31,
            "107008" : 20,
            "108032" : 29,
            "109056" : 29,
            "110080" : 32,
            "111104" : 34,
            "112128" : 25,
            "113152" : 26,
            "114176" : 20,
            "115200" : 16,
            "116224" : 15,
            "117248" : 17,
            "118272" : 13,
            "119296" : 10,
            "120320" : 16,
            "121344" : 9,
            "122368" : 9,
            "123392" : 6,
            "124416" : 10,
            "125440" : 12,
            "126464" : 11,
            "127488" : 5,
            "128512" : 9,
            "129536" : 11,
            "130560" : 10,
            "132096" : 17,
            "134144" : 23,
            "136192" : 15,
            "138240" : 18,
            "140288" : 10,
            "142336" : 14,
            "144384" : 11,
            "146432" : 9,
            "148480" : 5,
            "150528" : 5,
            "152576" : 18,
            "154624" : 14,
            "156672" : 9,
            "158720" : 14,
            "160768" : 13,
            "162816" : 10,
            "164864" : 10,
            "166912" : 12,
            "168960" : 10,
            "171008" : 10,
            "173056" : 7,
            "175104" : 2,
            "177152" : 6,
            "179200" : 6,
            "181248" : 5,
            "183296" : 8,
            "185344" : 7,
            "187392" : 5,
            "189440" : 3,
            "191488" : 5,
            "193536" : 6,
            "195584" : 7,
            "197632" : 7,
            "199680" : 5,
            "201728" : 3,
            "203776" : 3,
            "205824" : 5,
            "207872" : 8,
            "209920" : 4,
            "211968" : 2,
            "214016" : 3,
            "216064" : 3,
            "218112" : 3,
            "220160" : 3,
            "222208" : 3,
            "224256" : 3,
            "226304" : 7,
            "228352" : 3,
            "230400" : 6,
            "232448" : 2,
            "234496" : 3,
            "236544" : 9,
            "238592" : 3,
            "240640" : 1,
            "242688" : 3,
            "244736" : 1,
            "246784" : 4,
            "248832" : 2,
            "250880" : 2,
            "252928" : 2,
            "254976" : 1,
            "257024" : 3,
            "259072" : 1,
            "261120" : 4,
            "264192" : 3,
            "268288" : 2,
            "272384" : 6,
            "276480" : 3,
            "280576" : 2,
            "284672" : 1,
            "288768" : 3,
            "292864" : 5,
            "296960" : 5,
            "301056" : 4,
            "305152" : 3,
            "309248" : 2,
            "313344" : 3,
            "317440" : 2,
            "321536" : 4,
            "325632" : 3,
            "329728" : 9,
            "333824" : 3,
            "337920" : 2,
            "342016" : 4,
            "346112" : 5,
            "350208" : 5,
            "354304" : 3,
            "358400" : 9,
            "362496" : 8,
            "366592" : 7,
            "370688" : 4,
            "374784" : 5,
            "378880" : 3,
            "382976" : 8,
            "387072" : 7,
            "391168" : 3,
            "399360" : 4,
            "403456" : 7,
            "407552" : 6,
            "411648" : 8,
            "415744" : 7,
            "419840" : 2,
            "423936" : 5,
            "428032" : 2,
            "432128" : 2,
            "436224" : 5,
            "440320" : 3,
            "444416" : 3,
            "448512" : 3,
            "452608" : 2,
            "456704" : 1,
            "460800" : 1,
            "464896" : 1,
            "468992" : 3,
            "473088" : 5,
            "477184" : 1,
            "481280" : 2,
            "485376" : 4,
            "493568" : 3,
            "505856" : 2,
            "509952" : 5,
            "514048" : 1,
            "518144" : 2,
            "522240" : 2,
            "528384" : 3,
            "536576" : 1,
            "544768" : 4,
            "552960" : 2,
            "561152" : 6,
            "569344" : 3,
            "577536" : 4,
            "585728" : 2,
            "593920" : 2,
            "602112" : 1,
            "618496" : 1,
            "626688" : 3,
            "634880" : 3,
            "643072" : 3,
            "659456" : 2,
            "667648" : 1,
            "675840" : 1,
            "684032" : 1,
            "692224" : 1,
            "700416" : 1,
            "708608" : 1,
            "716800" : 1,
            "724992" : 2,
            "749568" : 1,
            "757760" : 1,
            "765952" : 1,
            "774144" : 1,
            "790528" : 2,
            "806912" : 1,
            "815104" : 2,
            "839680" : 1,
            "864256" : 1,
            "872448" : 2,
            "888832" : 1,
            "905216" : 1,
            "921600" : 1,
            "929792" : 3,
            "937984" : 1,
            "962560" : 2,
            "970752" : 2,
            "987136" : 2,
            "995328" : 2,
            "1003520" : 1,
            "1011712" : 1,
            "1028096" : 1,
            "1036288" : 1,
            "1056768" : 3,
            "1073152" : 1,
            "1105920" : 1,
            "1122304" : 4,
            "1138688" : 3,
            "1155072" : 1,
            "1187840" : 2,
            "1204224" : 1,
            "1220608" : 1,
            "1253376" : 4,
            "1269760" : 2,
            "1286144" : 1,
            "1302528" : 1,
            "1335296" : 1,
            "1368064" : 1,
            "1400832" : 1,
            "1433600" : 1,
            "1449984" : 1,
            "1466368" : 1,
            "1531904" : 2,
            "1548288" : 1,
            "1564672" : 1,
            "1613824" : 1,
            "1646592" : 1,
            "1761280" : 1,
            "1777664" : 1,
            "1892352" : 1,
            "2056192" : 1,
            "2072576" : 1,
            "2179072" : 1,
            "2473984" : 1,
            "2506752" : 1,
            "2572288" : 1,
            "2637824" : 1,
            "2768896" : 1,
            "2801664" : 1,
            "2834432" : 2,
            "2899968" : 6,
            "2932736" : 2,
            "2965504" : 4,
            "2998272" : 2,
            "3031040" : 1,
            "3063808" : 2,
            "3096576" : 2,
            "3129344" : 1,
            "3162112" : 2,
            "3194880" : 2,
            "3227648" : 3,
            "3260416" : 1,
            "3358720" : 2,
            "3424256" : 1,
            "3457024" : 1,
            "3489792" : 3,
            "3588096" : 1,
            "3686400" : 1,
            "3915776" : 1,
            "4014080" : 1,
            "4177920" : 1,
            "4292608" : 1,
            "4358144" : 1,
            "4751360" : 1,
            "5013504" : 1,
            "9895936" : 1
          }
        },
        "bw_min" : 123000,
        "bw_max" : 311496,
        "bw_agg" : 100.000000,
        "bw_mean" : 195478.140234,
        "bw_dev" : 21598.391433,
        "bw_samples" : 599,
        "iops_min" : 30750,
        "iops_max" : 77874,
        "iops_mean" : 48869.534224,
        "iops_stddev" : 5399.598575,
        "iops_samples" : 599
      },
      "trim" : {
        "io_bytes" : 0,
        "io_kbytes" : 0,
        "bw_bytes" : 0,
        "bw" : 0,
        "iops" : 0.000000,
        "runtime" : 0,
        "total_ios" : 0,
        "short_ios" : 0,
        "drop_ios" : 0,
        "slat_ns" : {
          "min" : 0,
          "max" : 0,
          "mean" : 0.000000,
          "stddev" : 0.000000,
          "N" : 0
        },
        "clat_ns" : {
          "min" : 0,
          "max" : 0,
          "mean" : 0.000000,
          "stddev" : 0.000000,
          "N" : 0
        },
        "lat_ns" : {
          "min" : 0,
          "max" : 0,
          "mean" : 0.000000,
          "stddev" : 0.000000,
          "N" : 0
        },
        "bw_min" : 0,
        "bw_max" : 0,
        "bw_agg" : 0.000000,
        "bw_mean" : 0.000000,
        "bw_dev" : 0.000000,
        "bw_samples" : 0,
        "iops_min" : 0,
        "iops_max" : 0,
        "iops_mean" : 0.000000,
        "iops_stddev" : 0.000000,
        "iops_samples" : 0
      },
      "sync" : {
        "total_ios" : 0,
        "lat_ns" : {
          "min" : 0,
          "max" : 0,
          "mean" : 0.000000,
          "stddev" : 0.000000,
          "N" : 0
        }
      },
      "job_runtime" : 300000,
      "usr_cpu" : 12.235333,
      "sys_cpu" : 59.243667,
      "ctx" : 14729181,
      "majf" : 0,
      "minf" : 19,
      "iodepth_level" : {
        "1" : 100.000000,
        "2" : 0.000000,
        "4" : 0.000000,
        "8" : 0.000000,
        "16" : 0.000000,
        "32" : 0.000000,
        ">=64" : 0.000000
      },
      "iodepth_submit" : {
        "0" : 0.000000,
        "4" : 100.000000,
        "8" : 0.000000,
        "16" : 0.000000,
        "32" : 0.000000,
        "64" : 0.000000,
        ">=64" : 0.000000
      },
      "iodepth_complete" : {
        "0" : 0.000000,
        "4" : 100.000000,
        "8" : 0.000000,
        "16" : 0.000000,
        "32" : 0.000000,
        "64" : 0.000000,
        ">=64" : 0.000000
      },
      "latency_ns" : {
        "2" : 0.000000,
        "4" : 0.000000,
        "10" : 0.000000,
        "20" : 0.000000,
        "50" : 0.000000,
        "100" : 0.000000,
        "250" : 0.000000,
        "500" : 0.000000,
        "750" : 0.010000,
        "1000" : 0.010000
      },
      "latency_us" : {
        "2" : 16.890580,
        "4" : 28.166682,
        "10" : 12.958319,
        "20" : 38.888553,
        "50" : 2.943247,
        "100" : 0.109446,
        "250" : 0.029495,
        "500" : 0.010000,
        "750" : 0.010000,
        "1000" : 0.010000
      },
      "latency_ms" : {
        "2" : 0.010000,
        "4" : 0.010000,
        "10" : 0.010000,
        "20" : 0.000000,
        "50" : 0.000000,
        "100" : 0.000000,
        "250" : 0.000000,
        "500" : 0.000000,
        "750" : 0.000000,
        "1000" : 0.000000,
        "2000" : 0.000000,
        ">=2000" : 0.000000
      },
      "latency_depth" : 128,
      "latency_target" : 0,
      "latency_percentile" : 100.000000,
      "latency_window" : 0
    }
  ],
  "disk_util" : [
    {
      "name" : "loop25",
      "read_ios" : 14652051,
      "write_ios" : 14649411,
      "read_merges" : 0,
      "write_merges" : 0,
      "read_ticks" : 133198,
      "write_ticks" : 528905,
      "in_queue" : 792,
      "util" : 99.980658
    }
  ]
}
