{
  "fio version" : "fio-3.32-36-g5932",
  "timestamp" : 1664247036,
  "timestamp_ms" : 1664247036986,
  "time" : "Tue Sep 27 04:50:36 2022",
  "global options" : {
    "size" : "32K",
    "rw" : "randrw",
    "bs" : "4K",
    "numjobs" : "1",
    "iodepth" : "128",
    "runtime" : "30",
    "end_fsync" : "1",
    "lat_percentiles" : "1",
    "slat_percentiles" : "1",
    "clat_percentiles" : "1"
  },
  "jobs" : [
    {
      "jobname" : "random-rw",
      "groupid" : 0,
      "error" : 0,
      "eta" : 0,
      "elapsed" : 31,
      "job options" : {
        "name" : "random-rw"
      },
      "read" : {
        "io_bytes" : 8808370176,
        "io_kbytes" : 8601924,
        "bw_bytes" : 293602552,
        "bw" : 286721,
        "iops" : 71680.310656,
        "runtime" : 30001,
        "total_ios" : 2150481,
        "short_ios" : 0,
        "drop_ios" : 0,
        "slat_ns" : {
          "min" : 0,
          "max" : 0,
          "mean" : 0.000000,
          "stddev" : 0.000000,
          "N" : 0
        },
        "clat_ns" : {
          "min" : 669,
          "max" : 2101572,
          "mean" : 7037.899173,
          "stddev" : 7495.536297,
          "N" : 2150481,
          "percentile" : {
            "1.000000" : 780,
            "5.000000" : 812,
            "10.000000" : 844,
            "20.000000" : 908,
            "30.000000" : 1020,
            "40.000000" : 7136,
            "50.000000" : 9536,
            "60.000000" : 9664,
            "70.000000" : 10048,
            "80.000000" : 10560,
            "90.000000" : 11328,
            "95.000000" : 11712,
            "99.000000" : 17024,
            "99.500000" : 19584,
            "99.900000" : 27776,
            "99.950000" : 36096,
            "99.990000" : 125440
          },
          "bins" : {
            "668" : 1,
            "676" : 2,
            "684" : 12,
            "692" : 8,
            "700" : 29,
            "708" : 81,
            "716" : 128,
            "724" : 222,
            "732" : 378,
            "740" : 701,
            "748" : 1397,
            "756" : 2414,
            "764" : 4659,
            "772" : 7564,
            "780" : 11871,
            "788" : 16151,
            "796" : 19822,
            "804" : 24298,
            "812" : 26830,
            "820" : 28595,
            "828" : 28829,
            "836" : 27508,
            "844" : 28449,
            "852" : 27262,
            "860" : 26942,
            "868" : 25884,
            "876" : 24685,
            "884" : 26412,
            "892" : 27052,
            "900" : 27789,
            "908" : 28439,
            "916" : 26991,
            "924" : 27228,
            "932" : 24888,
            "940" : 23371,
            "948" : 20219,
            "956" : 16876,
            "964" : 14683,
            "972" : 11878,
            "980" : 9682,
            "988" : 7759,
            "996" : 6005,
            "1004" : 5113,
            "1012" : 4315,
            "1020" : 3625,
            "1032" : 6434,
            "1048" : 6772,
            "1064" : 7711,
            "1080" : 8654,
            "1096" : 9566,
            "1112" : 9592,
            "1128" : 9113,
            "1144" : 7574,
            "1160" : 5569,
            "1176" : 3745,
            "1192" : 2369,
            "1208" : 1390,
            "1224" : 810,
            "1240" : 511,
            "1256" : 387,
            "1272" : 276,
            "1288" : 292,
            "1304" : 258,
            "1320" : 242,
            "1336" : 218,
            "1352" : 184,
            "1368" : 206,
            "1384" : 175,
            "1400" : 170,
            "1416" : 162,
            "1432" : 124,
            "1448" : 142,
            "1464" : 133,
            "1480" : 108,
            "1496" : 138,
            "1512" : 106,
            "1528" : 118,
            "1544" : 97,
            "1560" : 79,
            "1576" : 100,
            "1592" : 76,
            "1608" : 82,
            "1624" : 86,
            "1640" : 57,
            "1656" : 64,
            "1672" : 55,
            "1688" : 59,
            "1704" : 59,
            "1720" : 48,
            "1736" : 40,
            "1752" : 52,
            "1768" : 52,
            "1784" : 34,
            "1800" : 29,
            "1816" : 32,
            "1832" : 26,
            "1848" : 36,
            "1864" : 20,
            "1880" : 22,
            "1896" : 25,
            "1912" : 15,
            "1928" : 34,
            "1944" : 19,
            "1960" : 17,
            "1976" : 15,
            "1992" : 14,
            "2008" : 16,
            "2024" : 11,
            "2040" : 17,
            "2064" : 26,
            "2096" : 24,
            "2128" : 27,
            "2160" : 22,
            "2192" : 16,
            "2224" : 20,
            "2256" : 14,
            "2288" : 13,
            "2320" : 16,
            "2352" : 16,
            "2384" : 6,
            "2416" : 15,
            "2448" : 8,
            "2480" : 5,
            "2512" : 13,
            "2544" : 11,
            "2576" : 5,
            "2608" : 10,
            "2640" : 6,
            "2672" : 10,
            "2704" : 4,
            "2736" : 4,
            "2768" : 7,
            "2800" : 5,
            "2832" : 5,
            "2864" : 4,
            "2896" : 3,
            "2928" : 2,
            "2960" : 2,
            "2992" : 1,
            "3024" : 4,
            "3056" : 3,
            "3088" : 3,
            "3120" : 2,
            "3152" : 1,
            "3184" : 1,
            "3216" : 2,
            "3248" : 1,
            "3312" : 1,
            "3344" : 3,
            "3376" : 1,
            "3408" : 3,
            "3440" : 2,
            "3472" : 4,
            "3504" : 3,
            "3536" : 2,
            "3568" : 2,
            "3600" : 6,
            "3632" : 1,
            "3664" : 4,
            "3696" : 5,
            "3728" : 3,
            "3760" : 4,
            "3792" : 1,
            "3824" : 5,
            "3888" : 5,
            "3920" : 8,
            "3952" : 8,
            "3984" : 8,
            "4016" : 14,
            "4048" : 17,
            "4080" : 12,
            "4128" : 39,
            "4192" : 50,
            "4256" : 84,
            "4320" : 135,
            "4384" : 160,
            "4448" : 233,
            "4512" : 254,
            "4576" : 405,
            "4640" : 566,
            "4704" : 684,
            "4768" : 805,
            "4832" : 1032,
            "4896" : 1220,
            "4960" : 1328,
            "5024" : 1392,
            "5088" : 1459,
            "5152" : 1313,
            "5216" : 1259,
            "5280" : 1205,
            "5344" : 1079,
            "5408" : 922,
            "5472" : 811,
            "5536" : 700,
            "5600" : 566,
            "5664" : 490,
            "5728" : 524,
            "5792" : 499,
            "5856" : 471,
            "5920" : 549,
            "5984" : 520,
            "6048" : 1040,
            "6112" : 5760,
            "6176" : 13888,
            "6240" : 15984,
            "6304" : 13098,
            "6368" : 11179,
            "6432" : 12048,
            "6496" : 10967,
            "6560" : 7936,
            "6624" : 4382,
            "6688" : 2005,
            "6752" : 782,
            "6816" : 413,
            "6880" : 444,
            "6944" : 736,
            "7008" : 1586,
            "7072" : 3193,
            "7136" : 5092,
            "7200" : 6019,
            "7264" : 5875,
            "7328" : 4554,
            "7392" : 2905,
            "7456" : 1677,
            "7520" : 1016,
            "7584" : 643,
            "7648" : 445,
            "7712" : 327,
            "7776" : 244,
            "7840" : 229,
            "7904" : 144,
            "7968" : 127,
            "8032" : 85,
            "8096" : 111,
            "8160" : 105,
            "8256" : 224,
            "8384" : 229,
            "8512" : 182,
            "8640" : 164,
            "8768" : 156,
            "8896" : 160,
            "9024" : 2380,
            "9152" : 25357,
            "9280" : 63546,
            "9408" : 89678,
            "9536" : 116826,
            "9664" : 121343,
            "9792" : 95814,
            "9920" : 75641,
            "10048" : 56270,
            "10176" : 40238,
            "10304" : 38812,
            "10432" : 50595,
            "10560" : 62808,
            "10688" : 52060,
            "10816" : 34698,
            "10944" : 27842,
            "11072" : 32262,
            "11200" : 44996,
            "11328" : 51035,
            "11456" : 39743,
            "11584" : 27573,
            "11712" : 14401,
            "11840" : 7105,
            "11968" : 3684,
            "12096" : 2560,
            "12224" : 2009,
            "12352" : 1957,
            "12480" : 1765,
            "12608" : 1712,
            "12736" : 1721,
            "12864" : 1695,
            "12992" : 1746,
            "13120" : 1811,
            "13248" : 1639,
            "13376" : 1646,
            "13504" : 1638,
            "13632" : 1581,
            "13760" : 1731,
            "13888" : 1710,
            "14016" : 1750,
            "14144" : 1919,
            "14272" : 2108,
            "14400" : 2210,
            "14528" : 2272,
            "14656" : 2404,
            "14784" : 2633,
            "14912" : 2563,
            "15040" : 2449,
            "15168" : 2251,
            "15296" : 1982,
            "15424" : 1828,
            "15552" : 1541,
            "15680" : 1427,
            "15808" : 1253,
            "15936" : 1198,
            "16064" : 1106,
            "16192" : 953,
            "16320" : 928,
            "16512" : 1573,
            "16768" : 1501,
            "17024" : 1446,
            "17280" : 1447,
            "17536" : 1337,
            "17792" : 1208,
            "18048" : 1125,
            "18304" : 1006,
            "18560" : 893,
            "18816" : 937,
            "19072" : 789,
            "19328" : 841,
            "19584" : 807,
            "19840" : 736,
            "20096" : 680,
            "20352" : 636,
            "20608" : 598,
            "20864" : 525,
            "21120" : 468,
            "21376" : 470,
            "21632" : 427,
            "21888" : 392,
            "22144" : 306,
            "22400" : 300,
            "22656" : 241,
            "22912" : 223,
            "23168" : 183,
            "23424" : 178,
            "23680" : 166,
            "23936" : 143,
            "24192" : 130,
            "24448" : 128,
            "24704" : 124,
            "24960" : 106,
            "25216" : 120,
            "25472" : 88,
            "25728" : 89,
            "25984" : 72,
            "26240" : 64,
            "26496" : 76,
            "26752" : 84,
            "27008" : 75,
            "27264" : 58,
            "27520" : 68,
            "27776" : 69,
            "28032" : 53,
            "28288" : 64,
            "28544" : 57,
            "28800" : 41,
            "29056" : 40,
            "29312" : 51,
            "29568" : 40,
            "29824" : 47,
            "30080" : 45,
            "30336" : 43,
            "30592" : 42,
            "30848" : 35,
            "31104" : 34,
            "31360" : 32,
            "31616" : 32,
            "31872" : 32,
            "32128" : 32,
            "32384" : 27,
            "32640" : 29,
            "33024" : 48,
            "33536" : 37,
            "34048" : 45,
            "34560" : 31,
            "35072" : 21,
            "35584" : 31,
            "36096" : 33,
            "36608" : 16,
            "37120" : 30,
            "37632" : 14,
            "38144" : 18,
            "38656" : 19,
            "39168" : 16,
            "39680" : 24,
            "40192" : 22,
            "40704" : 18,
            "41216" : 14,
            "41728" : 16,
            "42240" : 23,
            "42752" : 12,
            "43264" : 16,
            "43776" : 17,
            "44288" : 10,
            "44800" : 18,
            "45312" : 17,
            "45824" : 18,
            "46336" : 20,
            "46848" : 15,
            "47360" : 11,
            "47872" : 19,
            "48384" : 19,
            "48896" : 14,
            "49408" : 15,
            "49920" : 12,
            "50432" : 12,
            "50944" : 10,
            "51456" : 8,
            "51968" : 11,
            "52480" : 12,
            "52992" : 8,
            "53504" : 5,
            "54016" : 10,
            "54528" : 9,
            "55040" : 11,
            "55552" : 5,
            "56064" : 3,
            "56576" : 3,
            "57088" : 7,
            "57600" : 2,
            "58112" : 5,
            "58624" : 4,
            "59648" : 6,
            "60160" : 3,
            "60672" : 3,
            "61184" : 7,
            "61696" : 10,
            "62720" : 6,
            "63232" : 2,
            "63744" : 2,
            "64768" : 4,
            "65280" : 3,
            "66048" : 15,
            "67072" : 7,
            "68096" : 9,
            "69120" : 7,
            "70144" : 8,
            "71168" : 10,
            "72192" : 8,
            "73216" : 7,
            "74240" : 7,
            "75264" : 8,
            "76288" : 14,
            "77312" : 8,
            "78336" : 9,
            "79360" : 5,
            "80384" : 6,
            "81408" : 3,
            "82432" : 3,
            "83456" : 5,
            "84480" : 5,
            "85504" : 3,
            "86528" : 5,
            "87552" : 3,
            "88576" : 4,
            "89600" : 4,
            "90624" : 1,
            "91648" : 4,
            "92672" : 1,
            "93696" : 1,
            "95744" : 4,
            "96768" : 5,
            "97792" : 3,
            "98816" : 1,
            "99840" : 1,
            "100864" : 5,
            "101888" : 4,
            "102912" : 1,
            "104960" : 2,
            "105984" : 1,
            "107008" : 1,
            "108032" : 1,
            "109056" : 4,
            "110080" : 2,
            "111104" : 1,
            "112128" : 4,
            "113152" : 1,
            "114176" : 2,
            "115200" : 1,
            "117248" : 2,
            "118272" : 1,
            "121344" : 1,
            "122368" : 1,
            "124416" : 2,
            "125440" : 2,
            "126464" : 2,
            "132096" : 2,
            "134144" : 5,
            "136192" : 3,
            "138240" : 4,
            "140288" : 2,
            "142336" : 2,
            "144384" : 1,
            "146432" : 1,
            "150528" : 2,
            "152576" : 1,
            "154624" : 1,
            "156672" : 1,
            "175104" : 1,
            "179200" : 1,
            "185344" : 1,
            "187392" : 1,
            "191488" : 1,
            "197632" : 1,
            "203776" : 2,
            "205824" : 1,
            "209920" : 1,
            "211968" : 2,
            "214016" : 1,
            "216064" : 1,
            "218112" : 1,
            "222208" : 3,
            "224256" : 3,
            "226304" : 3,
            "228352" : 3,
            "230400" : 5,
            "232448" : 3,
            "234496" : 1,
            "236544" : 1,
            "238592" : 1,
            "240640" : 3,
            "242688" : 1,
            "244736" : 1,
            "246784" : 2,
            "248832" : 3,
            "250880" : 2,
            "254976" : 1,
            "261120" : 1,
            "264192" : 3,
            "268288" : 1,
            "272384" : 5,
            "280576" : 4,
            "284672" : 1,
            "288768" : 7,
            "292864" : 2,
            "296960" : 3,
            "301056" : 5,
            "305152" : 2,
            "309248" : 3,
            "313344" : 3,
            "321536" : 1,
            "329728" : 3,
            "333824" : 4,
            "337920" : 5,
            "342016" : 1,
            "346112" : 3,
            "350208" : 1,
            "358400" : 4,
            "362496" : 2,
            "366592" : 3,
            "382976" : 1,
            "387072" : 1,
            "403456" : 1,
            "407552" : 1,
            "411648" : 1,
            "419840" : 2,
            "452608" : 2,
            "456704" : 2,
            "460800" : 1,
            "464896" : 1,
            "468992" : 2,
            "473088" : 1,
            "485376" : 1,
            "489472" : 2,
            "505856" : 1,
            "528384" : 1,
            "536576" : 1,
            "577536" : 1,
            "585728" : 1,
            "593920" : 1,
            "602112" : 2,
            "610304" : 1,
            "618496" : 1,
            "634880" : 1,
            "651264" : 2,
            "684032" : 2,
            "790528" : 1,
            "831488" : 2,
            "839680" : 1,
            "847872" : 2,
            "864256" : 1,
            "872448" : 2,
            "905216" : 2,
            "937984" : 1,
            "946176" : 1,
            "954368" : 1,
            "970752" : 1,
            "1003520" : 1,
            "1019904" : 1,
            "1036288" : 1,
            "1089536" : 1,
            "1171456" : 1,
            "1187840" : 1,
            "1220608" : 1,
            "1236992" : 1,
            "1269760" : 1,
            "1286144" : 2,
            "1400832" : 3,
            "1417216" : 1,
            "1466368" : 1,
            "1564672" : 1,
            "1581056" : 1,
            "1712128" : 1,
            "2088960" : 1,
            "2113536" : 1
          }
        },
        "lat_ns" : {
          "min" : 708,
          "max" : 2101615,
          "mean" : 7113.798864,
          "stddev" : 7501.213977,
          "N" : 2150481,
          "percentile" : {
            "1.000000" : 820,
            "5.000000" : 852,
            "10.000000" : 884,
            "20.000000" : 964,
            "30.000000" : 1080,
            "40.000000" : 7200,
            "50.000000" : 9536,
            "60.000000" : 9792,
            "70.000000" : 10048,
            "80.000000" : 10688,
            "90.000000" : 11328,
            "95.000000" : 11712,
            "99.000000" : 17280,
            "99.500000" : 19584,
            "99.900000" : 27776,
            "99.950000" : 36608,
            "99.990000" : 125440
          },
          "bins" : {
            "708" : 4,
            "716" : 8,
            "724" : 4,
            "732" : 18,
            "740" : 47,
            "748" : 93,
            "756" : 155,
            "764" : 264,
            "772" : 477,
            "780" : 916,
            "788" : 1675,
            "796" : 2957,
            "804" : 5383,
            "812" : 8586,
            "820" : 12540,
            "828" : 16899,
            "836" : 19998,
            "844" : 24717,
            "852" : 26583,
            "860" : 28394,
            "868" : 28287,
            "876" : 26765,
            "884" : 27548,
            "892" : 25968,
            "900" : 24599,
            "908" : 22745,
            "916" : 20454,
            "924" : 20069,
            "932" : 19152,
            "940" : 18643,
            "948" : 19054,
            "956" : 19224,
            "964" : 21356,
            "972" : 22458,
            "980" : 23914,
            "988" : 23711,
            "996" : 21656,
            "1004" : 21313,
            "1012" : 18475,
            "1020" : 16005,
            "1032" : 23844,
            "1048" : 15678,
            "1064" : 9589,
            "1080" : 5825,
            "1096" : 3976,
            "1112" : 2832,
            "1128" : 2794,
            "1144" : 3286,
            "1160" : 4290,
            "1176" : 5973,
            "1192" : 7151,
            "1208" : 8521,
            "1224" : 9080,
            "1240" : 8186,
            "1256" : 7116,
            "1272" : 5170,
            "1288" : 3541,
            "1304" : 2297,
            "1320" : 1285,
            "1336" : 739,
            "1352" : 505,
            "1368" : 357,
            "1384" : 261,
            "1400" : 251,
            "1416" : 225,
            "1432" : 214,
            "1448" : 199,
            "1464" : 183,
            "1480" : 173,
            "1496" : 159,
            "1512" : 153,
            "1528" : 159,
            "1544" : 142,
            "1560" : 117,
            "1576" : 132,
            "1592" : 103,
            "1608" : 107,
            "1624" : 99,
            "1640" : 121,
            "1656" : 109,
            "1672" : 95,
            "1688" : 71,
            "1704" : 76,
            "1720" : 64,
            "1736" : 59,
            "1752" : 72,
            "1768" : 58,
            "1784" : 75,
            "1800" : 56,
            "1816" : 48,
            "1832" : 64,
            "1848" : 22,
            "1864" : 37,
            "1880" : 43,
            "1896" : 48,
            "1912" : 42,
            "1928" : 25,
            "1944" : 38,
            "1960" : 23,
            "1976" : 20,
            "1992" : 26,
            "2008" : 25,
            "2024" : 20,
            "2040" : 17,
            "2064" : 43,
            "2096" : 40,
            "2128" : 36,
            "2160" : 33,
            "2192" : 26,
            "2224" : 26,
            "2256" : 21,
            "2288" : 16,
            "2320" : 27,
            "2352" : 14,
            "2384" : 15,
            "2416" : 16,
            "2448" : 14,
            "2480" : 9,
            "2512" : 10,
            "2544" : 16,
            "2576" : 16,
            "2608" : 7,
            "2640" : 6,
            "2672" : 8,
            "2704" : 5,
            "2736" : 11,
            "2768" : 7,
            "2800" : 9,
            "2832" : 11,
            "2864" : 6,
            "2896" : 6,
            "2928" : 4,
            "2960" : 6,
            "2992" : 3,
            "3024" : 4,
            "3056" : 4,
            "3088" : 6,
            "3120" : 7,
            "3152" : 6,
            "3184" : 5,
            "3216" : 1,
            "3248" : 1,
            "3280" : 3,
            "3312" : 3,
            "3344" : 1,
            "3408" : 2,
            "3440" : 2,
            "3472" : 4,
            "3504" : 5,
            "3536" : 2,
            "3568" : 1,
            "3600" : 3,
            "3632" : 3,
            "3664" : 4,
            "3696" : 3,
            "3728" : 3,
            "3760" : 6,
            "3792" : 2,
            "3824" : 6,
            "3856" : 2,
            "3888" : 3,
            "3920" : 2,
            "3952" : 10,
            "3984" : 6,
            "4016" : 9,
            "4048" : 14,
            "4080" : 7,
            "4128" : 20,
            "4192" : 40,
            "4256" : 45,
            "4320" : 60,
            "4384" : 112,
            "4448" : 167,
            "4512" : 196,
            "4576" : 284,
            "4640" : 384,
            "4704" : 499,
            "4768" : 716,
            "4832" : 838,
            "4896" : 1038,
            "4960" : 1299,
            "5024" : 1469,
            "5088" : 1511,
            "5152" : 1571,
            "5216" : 1660,
            "5280" : 1465,
            "5344" : 1521,
            "5408" : 1420,
            "5472" : 1332,
            "5536" : 1140,
            "5600" : 999,
            "5664" : 822,
            "5728" : 669,
            "5792" : 598,
            "5856" : 522,
            "5920" : 505,
            "5984" : 486,
            "6048" : 548,
            "6112" : 1467,
            "6176" : 7085,
            "6240" : 14831,
            "6304" : 15848,
            "6368" : 13270,
            "6432" : 12722,
            "6496" : 12407,
            "6560" : 10085,
            "6624" : 6499,
            "6688" : 3313,
            "6752" : 1420,
            "6816" : 547,
            "6880" : 360,
            "6944" : 285,
            "7008" : 476,
            "7072" : 1334,
            "7136" : 3036,
            "7200" : 4942,
            "7264" : 6036,
            "7328" : 5796,
            "7392" : 4657,
            "7456" : 3122,
            "7520" : 1958,
            "7584" : 1288,
            "7648" : 881,
            "7712" : 604,
            "7776" : 427,
            "7840" : 311,
            "7904" : 278,
            "7968" : 210,
            "8032" : 132,
            "8096" : 126,
            "8160" : 99,
            "8256" : 210,
            "8384" : 248,
            "8512" : 283,
            "8640" : 237,
            "8768" : 177,
            "8896" : 162,
            "9024" : 420,
            "9152" : 9363,
            "9280" : 45061,
            "9408" : 80668,
            "9536" : 108453,
            "9664" : 125781,
            "9792" : 108429,
            "9920" : 82434,
            "10048" : 63856,
            "10176" : 44344,
            "10304" : 37061,
            "10432" : 42289,
            "10560" : 58436,
            "10688" : 59478,
            "10816" : 42873,
            "10944" : 29787,
            "11072" : 28962,
            "11200" : 38835,
            "11328" : 52241,
            "11456" : 45351,
            "11584" : 32582,
            "11712" : 19021,
            "11840" : 9155,
            "11968" : 4642,
            "12096" : 2842,
            "12224" : 2203,
            "12352" : 1955,
            "12480" : 1842,
            "12608" : 1672,
            "12736" : 1680,
            "12864" : 1650,
            "12992" : 1785,
            "13120" : 1806,
            "13248" : 1753,
            "13376" : 1662,
            "13504" : 1733,
            "13632" : 1628,
            "13760" : 1687,
            "13888" : 1774,
            "14016" : 1755,
            "14144" : 1895,
            "14272" : 2051,
            "14400" : 2229,
            "14528" : 2424,
            "14656" : 2476,
            "14784" : 2665,
            "14912" : 2800,
            "15040" : 2820,
            "15168" : 2644,
            "15296" : 2417,
            "15424" : 2226,
            "15552" : 1897,
            "15680" : 1756,
            "15808" : 1511,
            "15936" : 1346,
            "16064" : 1218,
            "16192" : 1084,
            "16320" : 994,
            "16512" : 1700,
            "16768" : 1490,
            "17024" : 1471,
            "17280" : 1531,
            "17536" : 1411,
            "17792" : 1402,
            "18048" : 1211,
            "18304" : 1058,
            "18560" : 958,
            "18816" : 943,
            "19072" : 865,
            "19328" : 790,
            "19584" : 835,
            "19840" : 776,
            "20096" : 658,
            "20352" : 675,
            "20608" : 612,
            "20864" : 577,
            "21120" : 476,
            "21376" : 477,
            "21632" : 475,
            "21888" : 385,
            "22144" : 335,
            "22400" : 314,
            "22656" : 262,
            "22912" : 252,
            "23168" : 209,
            "23424" : 178,
            "23680" : 170,
            "23936" : 164,
            "24192" : 122,
            "24448" : 143,
            "24704" : 124,
            "24960" : 118,
            "25216" : 118,
            "25472" : 96,
            "25728" : 93,
            "25984" : 83,
            "26240" : 71,
            "26496" : 69,
            "26752" : 89,
            "27008" : 62,
            "27264" : 71,
            "27520" : 70,
            "27776" : 65,
            "28032" : 60,
            "28288" : 63,
            "28544" : 59,
            "28800" : 45,
            "29056" : 38,
            "29312" : 45,
            "29568" : 45,
            "29824" : 52,
            "30080" : 38,
            "30336" : 51,
            "30592" : 37,
            "30848" : 44,
            "31104" : 37,
            "31360" : 31,
            "31616" : 32,
            "31872" : 33,
            "32128" : 29,
            "32384" : 28,
            "32640" : 33,
            "33024" : 52,
            "33536" : 35,
            "34048" : 46,
            "34560" : 34,
            "35072" : 24,
            "35584" : 30,
            "36096" : 34,
            "36608" : 17,
            "37120" : 30,
            "37632" : 14,
            "38144" : 17,
            "38656" : 18,
            "39168" : 21,
            "39680" : 22,
            "40192" : 21,
            "40704" : 15,
            "41216" : 17,
            "41728" : 15,
            "42240" : 22,
            "42752" : 12,
            "43264" : 18,
            "43776" : 16,
            "44288" : 12,
            "44800" : 19,
            "45312" : 14,
            "45824" : 17,
            "46336" : 24,
            "46848" : 16,
            "47360" : 11,
            "47872" : 16,
            "48384" : 21,
            "48896" : 15,
            "49408" : 13,
            "49920" : 15,
            "50432" : 11,
            "50944" : 11,
            "51456" : 8,
            "51968" : 10,
            "52480" : 11,
            "52992" : 10,
            "53504" : 4,
            "54016" : 9,
            "54528" : 11,
            "55040" : 9,
            "55552" : 6,
            "56064" : 4,
            "56576" : 2,
            "57088" : 7,
            "57600" : 3,
            "58112" : 3,
            "58624" : 6,
            "59648" : 5,
            "60160" : 3,
            "60672" : 1,
            "61184" : 9,
            "61696" : 9,
            "62208" : 1,
            "62720" : 4,
            "63232" : 2,
            "63744" : 4,
            "64256" : 1,
            "64768" : 4,
            "65280" : 3,
            "66048" : 15,
            "67072" : 7,
            "68096" : 9,
            "69120" : 7,
            "70144" : 8,
            "71168" : 10,
            "72192" : 7,
            "73216" : 9,
            "74240" : 7,
            "75264" : 7,
            "76288" : 14,
            "77312" : 7,
            "78336" : 10,
            "79360" : 5,
            "80384" : 5,
            "81408" : 4,
            "82432" : 4,
            "83456" : 5,
            "84480" : 5,
            "85504" : 3,
            "86528" : 5,
            "87552" : 3,
            "88576" : 4,
            "89600" : 4,
            "90624" : 1,
            "91648" : 3,
            "92672" : 2,
            "93696" : 1,
            "95744" : 3,
            "96768" : 6,
            "97792" : 3,
            "98816" : 1,
            "99840" : 1,
            "100864" : 5,
            "101888" : 4,
            "102912" : 1,
            "104960" : 2,
            "105984" : 1,
            "107008" : 1,
            "108032" : 1,
            "109056" : 4,
            "110080" : 2,
            "111104" : 1,
            "112128" : 4,
            "113152" : 1,
            "114176" : 2,
            "115200" : 1,
            "117248" : 2,
            "118272" : 1,
            "121344" : 1,
            "122368" : 1,
            "124416" : 2,
            "125440" : 2,
            "126464" : 2,
            "132096" : 2,
            "134144" : 4,
            "136192" : 4,
            "138240" : 4,
            "140288" : 2,
            "142336" : 2,
            "144384" : 1,
            "146432" : 1,
            "150528" : 2,
            "152576" : 1,
            "154624" : 1,
            "156672" : 1,
            "175104" : 1,
            "179200" : 1,
            "185344" : 1,
            "187392" : 1,
            "191488" : 1,
            "197632" : 1,
            "203776" : 2,
            "205824" : 1,
            "209920" : 1,
            "211968" : 2,
            "214016" : 1,
            "216064" : 1,
            "218112" : 1,
            "222208" : 3,
            "224256" : 3,
            "226304" : 3,
            "228352" : 3,
            "230400" : 4,
            "232448" : 4,
            "234496" : 1,
            "236544" : 1,
            "238592" : 1,
            "240640" : 3,
            "242688" : 1,
            "244736" : 1,
            "246784" : 2,
            "248832" : 3,
            "250880" : 2,
            "254976" : 1,
            "261120" : 1,
            "264192" : 2,
            "268288" : 2,
            "272384" : 5,
            "280576" : 4,
            "284672" : 1,
            "288768" : 6,
            "292864" : 3,
            "296960" : 3,
            "301056" : 5,
            "305152" : 2,
            "309248" : 3,
            "313344" : 3,
            "321536" : 1,
            "329728" : 3,
            "333824" : 4,
            "337920" : 5,
            "342016" : 1,
            "346112" : 3,
            "350208" : 1,
            "358400" : 4,
            "362496" : 2,
            "366592" : 3,
            "382976" : 1,
            "387072" : 1,
            "403456" : 1,
            "407552" : 1,
            "411648" : 1,
            "419840" : 2,
            "452608" : 2,
            "456704" : 2,
            "460800" : 1,
            "464896" : 1,
            "468992" : 2,
            "473088" : 1,
            "485376" : 1,
            "489472" : 2,
            "505856" : 1,
            "528384" : 1,
            "536576" : 1,
            "577536" : 1,
            "585728" : 1,
            "593920" : 1,
            "602112" : 2,
            "610304" : 1,
            "618496" : 1,
            "634880" : 1,
            "651264" : 2,
            "684032" : 2,
            "790528" : 1,
            "831488" : 2,
            "839680" : 1,
            "847872" : 2,
            "864256" : 1,
            "872448" : 2,
            "905216" : 2,
            "937984" : 1,
            "946176" : 1,
            "954368" : 1,
            "970752" : 1,
            "1003520" : 1,
            "1019904" : 1,
            "1036288" : 1,
            "1089536" : 1,
            "1171456" : 1,
            "1187840" : 1,
            "1220608" : 1,
            "1236992" : 1,
            "1269760" : 1,
            "1286144" : 2,
            "1400832" : 3,
            "1417216" : 1,
            "1466368" : 1,
            "1564672" : 1,
            "1581056" : 1,
            "1712128" : 1,
            "2088960" : 1,
            "2113536" : 1
          }
        },
        "bw_min" : 267240,
        "bw_max" : 294216,
        "bw_agg" : 99.997823,
        "bw_mean" : 286715.932203,
        "bw_dev" : 4210.585117,
        "bw_samples" : 59,
        "iops_min" : 66810,
        "iops_max" : 73554,
        "iops_mean" : 71678.983051,
        "iops_stddev" : 1052.646279,
        "iops_samples" : 59
      },
      "write" : {
        "io_bytes" : 8799653888,
        "io_kbytes" : 8593412,
        "bw_bytes" : 293312019,
        "bw" : 286437,
        "iops" : 71609.379687,
        "runtime" : 30001,
        "total_ios" : 2148353,
        "short_ios" : 0,
        "drop_ios" : 0,
        "slat_ns" : {
          "min" : 0,
          "max" : 0,
          "mean" : 0.000000,
          "stddev" : 0.000000,
          "N" : 0
        },
        "clat_ns" : {
          "min" : 977,
          "max" : 1418491,
          "mean" : 2418.280999,
          "stddev" : 1867.092847,
          "N" : 2148353,
          "percentile" : {
            "1.000000" : 1272,
            "5.000000" : 1288,
            "10.000000" : 1304,
            "20.000000" : 1736,
            "30.000000" : 2008,
            "40.000000" : 2128,
            "50.000000" : 2192,
            "60.000000" : 2448,
            "70.000000" : 2768,
            "80.000000" : 2928,
            "90.000000" : 3216,
            "95.000000" : 3504,
            "99.000000" : 6944,
            "99.500000" : 7648,
            "99.900000" : 10176,
            "99.950000" : 12480,
            "99.990000" : 23680
          },
          "bins" : {
            "980" : 2,
            "988" : 28,
            "996" : 124,
            "1004" : 264,
            "1012" : 370,
            "1020" : 400,
            "1032" : 600,
            "1048" : 190,
            "1064" : 71,
            "1080" : 23,
            "1096" : 7,
            "1112" : 8,
            "1128" : 10,
            "1144" : 12,
            "1160" : 11,
            "1176" : 28,
            "1192" : 56,
            "1208" : 156,
            "1224" : 375,
            "1240" : 2566,
            "1256" : 15376,
            "1272" : 46158,
            "1288" : 77517,
            "1304" : 79998,
            "1320" : 58029,
            "1336" : 34758,
            "1352" : 17495,
            "1368" : 9793,
            "1384" : 5825,
            "1400" : 3510,
            "1416" : 2302,
            "1432" : 1780,
            "1448" : 1562,
            "1464" : 1174,
            "1480" : 866,
            "1496" : 585,
            "1512" : 404,
            "1528" : 394,
            "1544" : 588,
            "1560" : 858,
            "1576" : 1432,
            "1592" : 2139,
            "1608" : 3389,
            "1624" : 4757,
            "1640" : 6035,
            "1656" : 6931,
            "1672" : 7471,
            "1688" : 9010,
            "1704" : 10980,
            "1720" : 12660,
            "1736" : 14851,
            "1752" : 16050,
            "1768" : 17122,
            "1784" : 17700,
            "1800" : 15890,
            "1816" : 14106,
            "1832" : 10866,
            "1848" : 8538,
            "1864" : 7132,
            "1880" : 7628,
            "1896" : 10503,
            "1912" : 11557,
            "1928" : 12295,
            "1944" : 12166,
            "1960" : 11775,
            "1976" : 11885,
            "1992" : 12413,
            "2008" : 18055,
            "2024" : 23565,
            "2040" : 24665,
            "2064" : 46928,
            "2096" : 37582,
            "2128" : 74833,
            "2160" : 118795,
            "2192" : 92560,
            "2224" : 56542,
            "2256" : 42040,
            "2288" : 29922,
            "2320" : 21196,
            "2352" : 17884,
            "2384" : 18427,
            "2416" : 23505,
            "2448" : 28400,
            "2480" : 28136,
            "2512" : 22888,
            "2544" : 18858,
            "2576" : 17318,
            "2608" : 13915,
            "2640" : 13189,
            "2672" : 15945,
            "2704" : 18601,
            "2736" : 21737,
            "2768" : 30780,
            "2800" : 43783,
            "2832" : 50550,
            "2864" : 48807,
            "2896" : 44754,
            "2928" : 38471,
            "2960" : 32871,
            "2992" : 26236,
            "3024" : 20549,
            "3056" : 18412,
            "3088" : 19231,
            "3120" : 20494,
            "3152" : 19187,
            "3184" : 17058,
            "3216" : 17363,
            "3248" : 18846,
            "3280" : 19757,
            "3312" : 18199,
            "3344" : 14773,
            "3376" : 11031,
            "3408" : 7833,
            "3440" : 6176,
            "3472" : 5136,
            "3504" : 5111,
            "3536" : 5054,
            "3568" : 4585,
            "3600" : 3673,
            "3632" : 2798,
            "3664" : 2159,
            "3696" : 1785,
            "3728" : 1437,
            "3760" : 1250,
            "3792" : 1045,
            "3824" : 937,
            "3856" : 814,
            "3888" : 660,
            "3920" : 692,
            "3952" : 606,
            "3984" : 594,
            "4016" : 573,
            "4048" : 536,
            "4080" : 455,
            "4128" : 938,
            "4192" : 769,
            "4256" : 757,
            "4320" : 681,
            "4384" : 676,
            "4448" : 627,
            "4512" : 637,
            "4576" : 629,
            "4640" : 623,
            "4704" : 610,
            "4768" : 550,
            "4832" : 515,
            "4896" : 534,
            "4960" : 543,
            "5024" : 561,
            "5088" : 619,
            "5152" : 694,
            "5216" : 852,
            "5280" : 1004,
            "5344" : 1156,
            "5408" : 1320,
            "5472" : 1640,
            "5536" : 1808,
            "5600" : 2098,
            "5664" : 2144,
            "5728" : 2231,
            "5792" : 2184,
            "5856" : 2020,
            "5920" : 1790,
            "5984" : 1688,
            "6048" : 1539,
            "6112" : 1410,
            "6176" : 1320,
            "6240" : 1209,
            "6304" : 1293,
            "6368" : 1353,
            "6432" : 1416,
            "6496" : 1548,
            "6560" : 1665,
            "6624" : 1776,
            "6688" : 1781,
            "6752" : 1733,
            "6816" : 1791,
            "6880" : 1700,
            "6944" : 1564,
            "7008" : 1426,
            "7072" : 1283,
            "7136" : 1122,
            "7200" : 989,
            "7264" : 882,
            "7328" : 776,
            "7392" : 713,
            "7456" : 602,
            "7520" : 623,
            "7584" : 561,
            "7648" : 567,
            "7712" : 575,
            "7776" : 489,
            "7840" : 550,
            "7904" : 548,
            "7968" : 475,
            "8032" : 428,
            "8096" : 416,
            "8160" : 356,
            "8256" : 564,
            "8384" : 380,
            "8512" : 261,
            "8640" : 264,
            "8768" : 344,
            "8896" : 398,
            "9024" : 448,
            "9152" : 411,
            "9280" : 400,
            "9408" : 308,
            "9536" : 241,
            "9664" : 211,
            "9792" : 150,
            "9920" : 151,
            "10048" : 149,
            "10176" : 132,
            "10304" : 120,
            "10432" : 115,
            "10560" : 82,
            "10688" : 77,
            "10816" : 74,
            "10944" : 63,
            "11072" : 50,
            "11200" : 64,
            "11328" : 55,
            "11456" : 31,
            "11584" : 38,
            "11712" : 41,
            "11840" : 43,
            "11968" : 27,
            "12096" : 32,
            "12224" : 33,
            "12352" : 32,
            "12480" : 19,
            "12608" : 27,
            "12736" : 25,
            "12864" : 23,
            "12992" : 32,
            "13120" : 21,
            "13248" : 32,
            "13376" : 31,
            "13504" : 22,
            "13632" : 26,
            "13760" : 12,
            "13888" : 32,
            "14016" : 22,
            "14144" : 18,
            "14272" : 21,
            "14400" : 18,
            "14528" : 21,
            "14656" : 13,
            "14784" : 17,
            "14912" : 11,
            "15040" : 13,
            "15168" : 13,
            "15296" : 11,
            "15424" : 8,
            "15552" : 15,
            "15680" : 10,
            "15808" : 13,
            "15936" : 9,
            "16064" : 8,
            "16192" : 9,
            "16320" : 13,
            "16512" : 22,
            "16768" : 16,
            "17024" : 12,
            "17280" : 12,
            "17536" : 24,
            "17792" : 16,
            "18048" : 13,
            "18304" : 11,
            "18560" : 14,
            "18816" : 10,
            "19072" : 12,
            "19328" : 11,
            "19584" : 9,
            "19840" : 7,
            "20096" : 9,
            "20352" : 11,
            "20608" : 7,
            "20864" : 8,
            "21120" : 7,
            "21376" : 12,
            "21632" : 8,
            "21888" : 13,
            "22144" : 8,
            "22400" : 6,
            "22656" : 8,
            "22912" : 8,
            "23168" : 5,
            "23424" : 4,
            "23680" : 8,
            "23936" : 13,
            "24192" : 4,
            "24448" : 7,
            "24704" : 5,
            "24960" : 4,
            "25216" : 3,
            "25472" : 1,
            "25728" : 7,
            "25984" : 4,
            "26240" : 2,
            "26496" : 4,
            "26752" : 3,
            "27264" : 2,
            "27520" : 4,
            "27776" : 4,
            "28288" : 1,
            "28544" : 2,
            "28800" : 2,
            "29056" : 1,
            "29312" : 1,
            "29568" : 3,
            "29824" : 2,
            "30080" : 2,
            "30592" : 4,
            "30848" : 1,
            "31104" : 1,
            "31360" : 2,
            "31616" : 3,
            "32128" : 1,
            "32384" : 1,
            "33024" : 1,
            "33536" : 1,
            "34560" : 4,
            "35072" : 1,
            "35584" : 4,
            "36096" : 3,
            "36608" : 2,
            "37120" : 1,
            "37632" : 1,
            "38656" : 3,
            "39168" : 2,
            "39680" : 1,
            "40192" : 1,
            "40704" : 1,
            "41728" : 3,
            "42240" : 1,
            "42752" : 1,
            "43264" : 3,
            "43776" : 1,
            "44800" : 3,
            "45824" : 1,
            "46336" : 2,
            "47360" : 1,
            "48384" : 3,
            "48896" : 2,
            "49408" : 4,
            "49920" : 1,
            "50432" : 1,
            "50944" : 2,
            "51456" : 1,
            "51968" : 1,
            "52480" : 1,
            "55040" : 1,
            "57088" : 1,
            "57600" : 1,
            "58624" : 1,
            "63232" : 1,
            "66048" : 1,
            "67072" : 2,
            "68096" : 1,
            "69120" : 8,
            "70144" : 3,
            "71168" : 2,
            "72192" : 1,
            "73216" : 1,
            "75264" : 2,
            "76288" : 2,
            "78336" : 1,
            "81408" : 1,
            "87552" : 1,
            "88576" : 1,
            "89600" : 2,
            "90624" : 4,
            "92672" : 1,
            "93696" : 1,
            "94720" : 1,
            "114176" : 1,
            "123392" : 1,
            "126464" : 1,
            "129536" : 1,
            "175104" : 1,
            "187392" : 1,
            "220160" : 1,
            "268288" : 1,
            "370688" : 1,
            "403456" : 4,
            "407552" : 1,
            "888832" : 1,
            "897024" : 1,
            "1417216" : 1
          }
        },
        "lat_ns" : {
          "min" : 1022,
          "max" : 1418584,
          "mean" : 2513.555901,
          "stddev" : 1955.620921,
          "N" : 2148353,
          "percentile" : {
            "1.000000" : 1320,
            "5.000000" : 1336,
            "10.000000" : 1352,
            "20.000000" : 1816,
            "30.000000" : 2064,
            "40.000000" : 2192,
            "50.000000" : 2256,
            "60.000000" : 2512,
            "70.000000" : 2864,
            "80.000000" : 3024,
            "90.000000" : 3344,
            "95.000000" : 3728,
            "99.000000" : 7200,
            "99.500000" : 7968,
            "99.900000" : 10432,
            "99.950000" : 12992,
            "99.990000" : 24192
          },
          "bins" : {
            "1020" : 1,
            "1032" : 65,
            "1048" : 352,
            "1064" : 584,
            "1080" : 599,
            "1096" : 312,
            "1112" : 111,
            "1128" : 39,
            "1144" : 14,
            "1160" : 5,
            "1176" : 12,
            "1192" : 6,
            "1208" : 20,
            "1224" : 27,
            "1240" : 59,
            "1256" : 143,
            "1272" : 481,
            "1288" : 2841,
            "1304" : 13959,
            "1320" : 43792,
            "1336" : 74452,
            "1352" : 76985,
            "1368" : 60659,
            "1384" : 37028,
            "1400" : 19019,
            "1416" : 10119,
            "1432" : 5974,
            "1448" : 4152,
            "1464" : 2873,
            "1480" : 2029,
            "1496" : 1698,
            "1512" : 1342,
            "1528" : 1103,
            "1544" : 718,
            "1560" : 499,
            "1576" : 330,
            "1592" : 335,
            "1608" : 551,
            "1624" : 863,
            "1640" : 1376,
            "1656" : 2241,
            "1672" : 3310,
            "1688" : 4626,
            "1704" : 5831,
            "1720" : 6147,
            "1736" : 6205,
            "1752" : 5849,
            "1768" : 6059,
            "1784" : 7209,
            "1800" : 9194,
            "1816" : 11883,
            "1832" : 14550,
            "1848" : 16559,
            "1864" : 16529,
            "1880" : 15023,
            "1896" : 14168,
            "1912" : 12746,
            "1928" : 13180,
            "1944" : 14542,
            "1960" : 14195,
            "1976" : 12522,
            "1992" : 10737,
            "2008" : 10111,
            "2024" : 9471,
            "2040" : 10368,
            "2064" : 38365,
            "2096" : 51656,
            "2128" : 44702,
            "2160" : 48491,
            "2192" : 105634,
            "2224" : 116503,
            "2256" : 75709,
            "2288" : 48726,
            "2320" : 36287,
            "2352" : 25111,
            "2384" : 18175,
            "2416" : 16481,
            "2448" : 18685,
            "2480" : 24285,
            "2512" : 28018,
            "2544" : 24605,
            "2576" : 20541,
            "2608" : 18797,
            "2640" : 17559,
            "2672" : 13371,
            "2704" : 9840,
            "2736" : 11571,
            "2768" : 15563,
            "2800" : 18828,
            "2832" : 22743,
            "2864" : 32007,
            "2896" : 44293,
            "2928" : 49666,
            "2960" : 47313,
            "2992" : 41744,
            "3024" : 35024,
            "3056" : 30525,
            "3088" : 25055,
            "3120" : 20459,
            "3152" : 17420,
            "3184" : 17769,
            "3216" : 18645,
            "3248" : 17966,
            "3280" : 16414,
            "3312" : 15522,
            "3344" : 15676,
            "3376" : 16894,
            "3408" : 17232,
            "3440" : 15966,
            "3472" : 13215,
            "3504" : 10182,
            "3536" : 7870,
            "3568" : 5972,
            "3600" : 4883,
            "3632" : 4462,
            "3664" : 4632,
            "3696" : 4628,
            "3728" : 4149,
            "3760" : 3283,
            "3792" : 2498,
            "3824" : 1937,
            "3856" : 1636,
            "3888" : 1309,
            "3920" : 1069,
            "3952" : 937,
            "3984" : 814,
            "4016" : 708,
            "4048" : 684,
            "4080" : 631,
            "4128" : 1094,
            "4192" : 1023,
            "4256" : 857,
            "4320" : 821,
            "4384" : 722,
            "4448" : 696,
            "4512" : 635,
            "4576" : 672,
            "4640" : 619,
            "4704" : 585,
            "4768" : 635,
            "4832" : 578,
            "4896" : 561,
            "4960" : 512,
            "5024" : 533,
            "5088" : 552,
            "5152" : 623,
            "5216" : 677,
            "5280" : 752,
            "5344" : 918,
            "5408" : 1073,
            "5472" : 1275,
            "5536" : 1462,
            "5600" : 1702,
            "5664" : 2021,
            "5728" : 2219,
            "5792" : 2410,
            "5856" : 2437,
            "5920" : 2307,
            "5984" : 2243,
            "6048" : 2068,
            "6112" : 2000,
            "6176" : 1866,
            "6240" : 1704,
            "6304" : 1640,
            "6368" : 1455,
            "6432" : 1547,
            "6496" : 1519,
            "6560" : 1625,
            "6624" : 1751,
            "6688" : 1822,
            "6752" : 1962,
            "6816" : 1945,
            "6880" : 1948,
            "6944" : 2050,
            "7008" : 1921,
            "7072" : 1803,
            "7136" : 1739,
            "7200" : 1667,
            "7264" : 1422,
            "7328" : 1230,
            "7392" : 1138,
            "7456" : 991,
            "7520" : 911,
            "7584" : 794,
            "7648" : 784,
            "7712" : 690,
            "7776" : 664,
            "7840" : 619,
            "7904" : 572,
            "7968" : 609,
            "8032" : 581,
            "8096" : 524,
            "8160" : 486,
            "8256" : 915,
            "8384" : 731,
            "8512" : 513,
            "8640" : 375,
            "8768" : 339,
            "8896" : 399,
            "9024" : 437,
            "9152" : 506,
            "9280" : 504,
            "9408" : 488,
            "9536" : 367,
            "9664" : 314,
            "9792" : 240,
            "9920" : 172,
            "10048" : 156,
            "10176" : 168,
            "10304" : 150,
            "10432" : 139,
            "10560" : 135,
            "10688" : 84,
            "10816" : 81,
            "10944" : 76,
            "11072" : 65,
            "11200" : 53,
            "11328" : 63,
            "11456" : 58,
            "11584" : 36,
            "11712" : 51,
            "11840" : 34,
            "11968" : 41,
            "12096" : 29,
            "12224" : 38,
            "12352" : 39,
            "12480" : 27,
            "12608" : 23,
            "12736" : 28,
            "12864" : 21,
            "12992" : 32,
            "13120" : 30,
            "13248" : 30,
            "13376" : 28,
            "13504" : 29,
            "13632" : 29,
            "13760" : 23,
            "13888" : 19,
            "14016" : 29,
            "14144" : 18,
            "14272" : 21,
            "14400" : 26,
            "14528" : 22,
            "14656" : 20,
            "14784" : 20,
            "14912" : 14,
            "15040" : 11,
            "15168" : 14,
            "15296" : 11,
            "15424" : 11,
            "15552" : 16,
            "15680" : 11,
            "15808" : 14,
            "15936" : 11,
            "16064" : 10,
            "16192" : 12,
            "16320" : 10,
            "16512" : 22,
            "16768" : 18,
            "17024" : 15,
            "17280" : 14,
            "17536" : 23,
            "17792" : 20,
            "18048" : 12,
            "18304" : 13,
            "18560" : 14,
            "18816" : 11,
            "19072" : 14,
            "19328" : 14,
            "19584" : 9,
            "19840" : 7,
            "20096" : 9,
            "20352" : 8,
            "20608" : 13,
            "20864" : 6,
            "21120" : 9,
            "21376" : 9,
            "21632" : 11,
            "21888" : 11,
            "22144" : 12,
            "22400" : 6,
            "22656" : 8,
            "22912" : 8,
            "23168" : 4,
            "23424" : 9,
            "23680" : 5,
            "23936" : 8,
            "24192" : 10,
            "24448" : 7,
            "24704" : 5,
            "24960" : 3,
            "25216" : 2,
            "25472" : 4,
            "25728" : 5,
            "25984" : 5,
            "26240" : 5,
            "26496" : 4,
            "26752" : 4,
            "27264" : 1,
            "27520" : 5,
            "27776" : 4,
            "28288" : 2,
            "28800" : 5,
            "29056" : 1,
            "29568" : 4,
            "29824" : 2,
            "30080" : 1,
            "30336" : 2,
            "30592" : 2,
            "30848" : 2,
            "31104" : 1,
            "31360" : 3,
            "31616" : 2,
            "31872" : 2,
            "32128" : 1,
            "32384" : 1,
            "33536" : 2,
            "34560" : 3,
            "35072" : 2,
            "35584" : 3,
            "36096" : 4,
            "36608" : 2,
            "37120" : 1,
            "37632" : 2,
            "39168" : 3,
            "39680" : 3,
            "40192" : 1,
            "40704" : 1,
            "41728" : 3,
            "42240" : 1,
            "43264" : 4,
            "43776" : 1,
            "44800" : 3,
            "45824" : 1,
            "46336" : 1,
            "46848" : 1,
            "47360" : 2,
            "48384" : 3,
            "48896" : 2,
            "49408" : 4,
            "49920" : 1,
            "50432" : 1,
            "50944" : 2,
            "51968" : 1,
            "52480" : 1,
            "55040" : 1,
            "56576" : 1,
            "57088" : 1,
            "58112" : 1,
            "58624" : 1,
            "63744" : 1,
            "66048" : 1,
            "67072" : 2,
            "68096" : 1,
            "69120" : 7,
            "70144" : 3,
            "71168" : 2,
            "72192" : 2,
            "73216" : 2,
            "75264" : 2,
            "76288" : 2,
            "78336" : 1,
            "81408" : 1,
            "83456" : 1,
            "87552" : 1,
            "88576" : 1,
            "89600" : 2,
            "90624" : 4,
            "92672" : 1,
            "93696" : 1,
            "94720" : 1,
            "114176" : 1,
            "123392" : 1,
            "126464" : 1,
            "129536" : 1,
            "175104" : 1,
            "187392" : 1,
            "220160" : 1,
            "268288" : 1,
            "354304" : 1,
            "370688" : 1,
            "403456" : 4,
            "411648" : 1,
            "536576" : 1,
            "888832" : 1,
            "897024" : 1,
            "1417216" : 1
          }
        },
        "bw_min" : 267832,
        "bw_max" : 294520,
        "bw_agg" : 99.980967,
        "bw_mean" : 286383.186441,
        "bw_dev" : 4388.384843,
        "bw_samples" : 59,
        "iops_min" : 66958,
        "iops_max" : 73630,
        "iops_mean" : 71595.796610,
        "iops_stddev" : 1097.096211,
        "iops_samples" : 59
      },
      "trim" : {
        "io_bytes" : 0,
        "io_kbytes" : 0,
        "bw_bytes" : 0,
        "bw" : 0,
        "iops" : 0.000000,
        "runtime" : 0,
        "total_ios" : 0,
        "short_ios" : 0,
        "drop_ios" : 0,
        "slat_ns" : {
          "min" : 0,
          "max" : 0,
          "mean" : 0.000000,
          "stddev" : 0.000000,
          "N" : 0
        },
        "clat_ns" : {
          "min" : 0,
          "max" : 0,
          "mean" : 0.000000,
          "stddev" : 0.000000,
          "N" : 0
        },
        "lat_ns" : {
          "min" : 0,
          "max" : 0,
          "mean" : 0.000000,
          "stddev" : 0.000000,
          "N" : 0
        },
        "bw_min" : 0,
        "bw_max" : 0,
        "bw_agg" : 0.000000,
        "bw_mean" : 0.000000,
        "bw_dev" : 0.000000,
        "bw_samples" : 0,
        "iops_min" : 0,
        "iops_max" : 0,
        "iops_mean" : 0.000000,
        "iops_stddev" : 0.000000,
        "iops_samples" : 0
      },
      "sync" : {
        "total_ios" : 0,
        "lat_ns" : {
          "min" : 0,
          "max" : 0,
          "mean" : 0.000000,
          "stddev" : 0.000000,
          "N" : 0
        }
      },
      "job_runtime" : 30000,
      "usr_cpu" : 14.110000,
      "sys_cpu" : 65.900000,
      "ctx" : 1574361,
      "majf" : 0,
      "minf" : 20,
      "iodepth_level" : {
        "1" : 100.000000,
        "2" : 0.000000,
        "4" : 0.000000,
        "8" : 0.000000,
        "16" : 0.000000,
        "32" : 0.000000,
        ">=64" : 0.000000
      },
      "iodepth_submit" : {
        "0" : 0.000000,
        "4" : 100.000000,
        "8" : 0.000000,
        "16" : 0.000000,
        "32" : 0.000000,
        "64" : 0.000000,
        ">=64" : 0.000000
      },
      "iodepth_complete" : {
        "0" : 0.000000,
        "4" : 100.000000,
        "8" : 0.000000,
        "16" : 0.000000,
        "32" : 0.000000,
        "64" : 0.000000,
        ">=64" : 0.000000
      },
      "latency_ns" : {
        "2" : 0.000000,
        "4" : 0.000000,
        "10" : 0.000000,
        "20" : 0.000000,
        "50" : 0.000000,
        "100" : 0.000000,
        "250" : 0.000000,
        "500" : 0.000000,
        "750" : 0.056736,
        "1000" : 14.694892
      },
      "latency_us" : {
        "2" : 17.191778,
        "4" : 33.251877,
        "10" : 19.334801,
        "20" : 15.246413,
        "50" : 0.207754,
        "100" : 0.010000,
        "250" : 0.010000,
        "500" : 0.010000,
        "750" : 0.010000,
        "1000" : 0.010000
      },
      "latency_ms" : {
        "2" : 0.010000,
        "4" : 0.010000,
        "10" : 0.000000,
        "20" : 0.000000,
        "50" : 0.000000,
        "100" : 0.000000,
        "250" : 0.000000,
        "500" : 0.000000,
        "750" : 0.000000,
        "1000" : 0.000000,
        "2000" : 0.000000,
        ">=2000" : 0.000000
      },
      "latency_depth" : 128,
      "latency_target" : 0,
      "latency_percentile" : 100.000000,
      "latency_window" : 0
    }
  ],
  "disk_util" : [
    {
      "name" : "loop25",
      "read_ios" : 1387472,
      "write_ios" : 1203538,
      "read_merges" : 0,
      "write_merges" : 0,
      "read_ticks" : 9454,
      "write_ticks" : 12390,
      "in_queue" : 0,
      "util" : 99.719888
    }
  ]
}
