{
  "fio version" : "fio-3.32-36-g5932",
  "timestamp" : 1664231430,
  "timestamp_ms" : 1664231430380,
  "time" : "Tue Sep 27 00:30:30 2022",
  "global options" : {
    "size" : "8M",
    "rw" : "randrw",
    "bs" : "4K",
    "numjobs" : "1",
    "iodepth" : "1",
    "runtime" : "15",
    "end_fsync" : "1",
    "lat_percentiles" : "1",
    "slat_percentiles" : "1",
    "clat_percentiles" : "1"
  },
  "jobs" : [
    {
      "jobname" : "random-rw",
      "groupid" : 0,
      "error" : 0,
      "eta" : 0,
      "elapsed" : 16,
      "job options" : {
        "name" : "random-rw"
      },
      "read" : {
        "io_bytes" : 3794866176,
        "io_kbytes" : 3705924,
        "bw_bytes" : 252940490,
        "bw" : 247012,
        "iops" : 61753.049390,
        "runtime" : 15003,
        "total_ios" : 926481,
        "short_ios" : 0,
        "drop_ios" : 0,
        "slat_ns" : {
          "min" : 0,
          "max" : 0,
          "mean" : 0.000000,
          "stddev" : 0.000000,
          "N" : 0
        },
        "clat_ns" : {
          "min" : 6010,
          "max" : 12017345,
          "mean" : 10304.549598,
          "stddev" : 20416.760726,
          "N" : 926481,
          "percentile" : {
            "1.000000" : 6368,
            "5.000000" : 6496,
            "10.000000" : 6688,
            "20.000000" : 9280,
            "30.000000" : 9664,
            "40.000000" : 10048,
            "50.000000" : 10432,
            "60.000000" : 10560,
            "70.000000" : 10688,
            "80.000000" : 11072,
            "90.000000" : 11712,
            "95.000000" : 13248,
            "99.000000" : 20096,
            "99.500000" : 24448,
            "99.900000" : 42752,
            "99.950000" : 55040,
            "99.990000" : 195584
          },
          "bins" : {
            "5984" : 1,
            "6048" : 12,
            "6112" : 101,
            "6176" : 572,
            "6240" : 2180,
            "6304" : 5594,
            "6368" : 10371,
            "6432" : 14512,
            "6496" : 17057,
            "6560" : 18535,
            "6624" : 19862,
            "6688" : 20084,
            "6752" : 17460,
            "6816" : 13311,
            "6880" : 9435,
            "6944" : 5892,
            "7008" : 3498,
            "7072" : 2001,
            "7136" : 1165,
            "7200" : 666,
            "7264" : 469,
            "7328" : 520,
            "7392" : 737,
            "7456" : 1003,
            "7520" : 1293,
            "7584" : 1560,
            "7648" : 1713,
            "7712" : 1672,
            "7776" : 1531,
            "7840" : 1177,
            "7904" : 839,
            "7968" : 599,
            "8032" : 358,
            "8096" : 292,
            "8160" : 215,
            "8256" : 304,
            "8384" : 227,
            "8512" : 196,
            "8640" : 192,
            "8768" : 182,
            "8896" : 196,
            "9024" : 369,
            "9152" : 2301,
            "9280" : 9519,
            "9408" : 24461,
            "9536" : 40145,
            "9664" : 46899,
            "9792" : 40868,
            "9920" : 27192,
            "10048" : 17170,
            "10176" : 20638,
            "10304" : 43127,
            "10432" : 72656,
            "10560" : 82578,
            "10688" : 65688,
            "10816" : 41602,
            "10944" : 23408,
            "11072" : 15180,
            "11200" : 15285,
            "11328" : 19232,
            "11456" : 20022,
            "11584" : 17265,
            "11712" : 13152,
            "11840" : 8272,
            "11968" : 5575,
            "12096" : 4159,
            "12224" : 3916,
            "12352" : 4042,
            "12480" : 3720,
            "12608" : 3322,
            "12736" : 2654,
            "12864" : 2385,
            "12992" : 2235,
            "13120" : 1981,
            "13248" : 1905,
            "13376" : 1913,
            "13504" : 1940,
            "13632" : 1798,
            "13760" : 1688,
            "13888" : 1580,
            "14016" : 1491,
            "14144" : 1421,
            "14272" : 1373,
            "14400" : 1263,
            "14528" : 1170,
            "14656" : 1104,
            "14784" : 961,
            "14912" : 952,
            "15040" : 893,
            "15168" : 776,
            "15296" : 735,
            "15424" : 692,
            "15552" : 681,
            "15680" : 667,
            "15808" : 634,
            "15936" : 585,
            "16064" : 558,
            "16192" : 554,
            "16320" : 510,
            "16512" : 979,
            "16768" : 999,
            "17024" : 992,
            "17280" : 841,
            "17536" : 781,
            "17792" : 733,
            "18048" : 754,
            "18304" : 872,
            "18560" : 814,
            "18816" : 621,
            "19072" : 583,
            "19328" : 559,
            "19584" : 533,
            "19840" : 462,
            "20096" : 450,
            "20352" : 453,
            "20608" : 392,
            "20864" : 391,
            "21120" : 325,
            "21376" : 314,
            "21632" : 243,
            "21888" : 282,
            "22144" : 239,
            "22400" : 227,
            "22656" : 219,
            "22912" : 228,
            "23168" : 238,
            "23424" : 195,
            "23680" : 210,
            "23936" : 181,
            "24192" : 173,
            "24448" : 156,
            "24704" : 162,
            "24960" : 145,
            "25216" : 136,
            "25472" : 118,
            "25728" : 120,
            "25984" : 105,
            "26240" : 114,
            "26496" : 101,
            "26752" : 111,
            "27008" : 92,
            "27264" : 78,
            "27520" : 100,
            "27776" : 80,
            "28032" : 79,
            "28288" : 68,
            "28544" : 80,
            "28800" : 66,
            "29056" : 53,
            "29312" : 73,
            "29568" : 56,
            "29824" : 54,
            "30080" : 48,
            "30336" : 57,
            "30592" : 47,
            "30848" : 45,
            "31104" : 38,
            "31360" : 51,
            "31616" : 49,
            "31872" : 44,
            "32128" : 37,
            "32384" : 34,
            "32640" : 42,
            "33024" : 74,
            "33536" : 73,
            "34048" : 55,
            "34560" : 59,
            "35072" : 46,
            "35584" : 72,
            "36096" : 56,
            "36608" : 66,
            "37120" : 81,
            "37632" : 77,
            "38144" : 75,
            "38656" : 84,
            "39168" : 79,
            "39680" : 59,
            "40192" : 55,
            "40704" : 43,
            "41216" : 42,
            "41728" : 38,
            "42240" : 31,
            "42752" : 30,
            "43264" : 26,
            "43776" : 22,
            "44288" : 29,
            "44800" : 23,
            "45312" : 32,
            "45824" : 29,
            "46336" : 24,
            "46848" : 28,
            "47360" : 22,
            "47872" : 27,
            "48384" : 17,
            "48896" : 18,
            "49408" : 20,
            "49920" : 22,
            "50432" : 12,
            "50944" : 24,
            "51456" : 9,
            "51968" : 19,
            "52480" : 10,
            "52992" : 16,
            "53504" : 6,
            "54016" : 8,
            "54528" : 9,
            "55040" : 10,
            "55552" : 7,
            "56064" : 6,
            "56576" : 9,
            "57088" : 5,
            "57600" : 2,
            "58112" : 6,
            "58624" : 4,
            "59136" : 5,
            "59648" : 6,
            "60160" : 9,
            "60672" : 2,
            "61184" : 3,
            "61696" : 5,
            "62208" : 7,
            "62720" : 4,
            "63232" : 2,
            "63744" : 5,
            "64256" : 3,
            "64768" : 3,
            "65280" : 7,
            "66048" : 3,
            "67072" : 13,
            "68096" : 8,
            "69120" : 2,
            "70144" : 3,
            "71168" : 11,
            "72192" : 5,
            "73216" : 2,
            "74240" : 1,
            "75264" : 5,
            "76288" : 2,
            "77312" : 2,
            "78336" : 3,
            "79360" : 6,
            "80384" : 2,
            "81408" : 3,
            "82432" : 2,
            "83456" : 12,
            "84480" : 4,
            "85504" : 8,
            "86528" : 6,
            "87552" : 1,
            "88576" : 2,
            "89600" : 4,
            "91648" : 2,
            "92672" : 4,
            "93696" : 2,
            "94720" : 3,
            "95744" : 4,
            "96768" : 5,
            "97792" : 3,
            "98816" : 1,
            "99840" : 1,
            "100864" : 1,
            "102912" : 2,
            "104960" : 1,
            "105984" : 1,
            "107008" : 3,
            "109056" : 2,
            "110080" : 2,
            "111104" : 2,
            "112128" : 4,
            "113152" : 4,
            "114176" : 7,
            "115200" : 8,
            "116224" : 9,
            "117248" : 4,
            "118272" : 5,
            "119296" : 2,
            "120320" : 6,
            "121344" : 4,
            "122368" : 4,
            "123392" : 2,
            "124416" : 2,
            "125440" : 2,
            "126464" : 2,
            "128512" : 1,
            "129536" : 3,
            "130560" : 1,
            "132096" : 2,
            "134144" : 2,
            "136192" : 4,
            "138240" : 1,
            "140288" : 2,
            "142336" : 2,
            "144384" : 1,
            "148480" : 3,
            "150528" : 2,
            "152576" : 5,
            "154624" : 1,
            "156672" : 2,
            "160768" : 2,
            "164864" : 1,
            "168960" : 1,
            "171008" : 1,
            "175104" : 3,
            "177152" : 1,
            "179200" : 1,
            "181248" : 1,
            "183296" : 1,
            "189440" : 2,
            "191488" : 1,
            "193536" : 1,
            "195584" : 2,
            "197632" : 3,
            "205824" : 3,
            "209920" : 2,
            "220160" : 1,
            "226304" : 1,
            "236544" : 2,
            "238592" : 3,
            "240640" : 1,
            "242688" : 1,
            "244736" : 1,
            "246784" : 1,
            "248832" : 3,
            "254976" : 1,
            "259072" : 1,
            "268288" : 1,
            "276480" : 1,
            "280576" : 1,
            "284672" : 1,
            "288768" : 2,
            "292864" : 1,
            "317440" : 1,
            "333824" : 1,
            "337920" : 2,
            "342016" : 1,
            "354304" : 1,
            "378880" : 1,
            "382976" : 1,
            "407552" : 1,
            "415744" : 1,
            "423936" : 2,
            "432128" : 1,
            "440320" : 1,
            "477184" : 1,
            "505856" : 1,
            "552960" : 2,
            "610304" : 1,
            "667648" : 3,
            "675840" : 3,
            "684032" : 1,
            "708608" : 1,
            "733184" : 1,
            "757760" : 1,
            "782336" : 1,
            "831488" : 1,
            "962560" : 1,
            "970752" : 1,
            "1056768" : 1,
            "1122304" : 1,
            "1236992" : 1,
            "1384448" : 2,
            "1482752" : 1,
            "1499136" : 1,
            "2179072" : 1,
            "2310144" : 1,
            "2375680" : 1,
            "2441216" : 2,
            "2506752" : 1,
            "2768896" : 1,
            "3031040" : 2,
            "3325952" : 1,
            "3358720" : 2,
            "3391488" : 2,
            "3457024" : 1,
            "3588096" : 1,
            "3653632" : 1,
            "3751936" : 1,
            "4423680" : 1,
            "4554752" : 1,
            "11993088" : 1
          }
        },
        "lat_ns" : {
          "min" : 6073,
          "max" : 12017391,
          "mean" : 10370.208807,
          "stddev" : 20418.439337,
          "N" : 926481,
          "percentile" : {
            "1.000000" : 6432,
            "5.000000" : 6560,
            "10.000000" : 6752,
            "20.000000" : 9408,
            "30.000000" : 9792,
            "40.000000" : 10048,
            "50.000000" : 10432,
            "60.000000" : 10560,
            "70.000000" : 10816,
            "80.000000" : 11072,
            "90.000000" : 11840,
            "95.000000" : 13376,
            "99.000000" : 20352,
            "99.500000" : 24704,
            "99.900000" : 43264,
            "99.950000" : 55040,
            "99.990000" : 195584
          },
          "bins" : {
            "6048" : 1,
            "6112" : 11,
            "6176" : 98,
            "6240" : 556,
            "6304" : 2109,
            "6368" : 5484,
            "6432" : 10237,
            "6496" : 14171,
            "6560" : 17821,
            "6624" : 19904,
            "6688" : 21384,
            "6752" : 20692,
            "6816" : 16873,
            "6880" : 12508,
            "6944" : 8584,
            "7008" : 5319,
            "7072" : 3183,
            "7136" : 1798,
            "7200" : 1038,
            "7264" : 614,
            "7328" : 409,
            "7392" : 517,
            "7456" : 696,
            "7520" : 1022,
            "7584" : 1319,
            "7648" : 1670,
            "7712" : 1822,
            "7776" : 1731,
            "7840" : 1515,
            "7904" : 1094,
            "7968" : 782,
            "8032" : 527,
            "8096" : 361,
            "8160" : 259,
            "8256" : 359,
            "8384" : 252,
            "8512" : 198,
            "8640" : 190,
            "8768" : 197,
            "8896" : 173,
            "9024" : 194,
            "9152" : 692,
            "9280" : 4037,
            "9408" : 15308,
            "9536" : 33179,
            "9664" : 46360,
            "9792" : 46978,
            "9920" : 34571,
            "10048" : 20397,
            "10176" : 14748,
            "10304" : 26927,
            "10432" : 58983,
            "10560" : 85579,
            "10688" : 78118,
            "10816" : 53237,
            "10944" : 30323,
            "11072" : 17229,
            "11200" : 13789,
            "11328" : 17411,
            "11456" : 20370,
            "11584" : 19375,
            "11712" : 15555,
            "11840" : 10312,
            "11968" : 6619,
            "12096" : 4648,
            "12224" : 3924,
            "12352" : 3896,
            "12480" : 3939,
            "12608" : 3518,
            "12736" : 3006,
            "12864" : 2467,
            "12992" : 2213,
            "13120" : 2107,
            "13248" : 1979,
            "13376" : 1860,
            "13504" : 1945,
            "13632" : 1885,
            "13760" : 1695,
            "13888" : 1663,
            "14016" : 1541,
            "14144" : 1429,
            "14272" : 1374,
            "14400" : 1293,
            "14528" : 1199,
            "14656" : 1182,
            "14784" : 1019,
            "14912" : 943,
            "15040" : 905,
            "15168" : 868,
            "15296" : 747,
            "15424" : 731,
            "15552" : 681,
            "15680" : 663,
            "15808" : 658,
            "15936" : 611,
            "16064" : 578,
            "16192" : 558,
            "16320" : 558,
            "16512" : 984,
            "16768" : 1004,
            "17024" : 985,
            "17280" : 887,
            "17536" : 811,
            "17792" : 749,
            "18048" : 691,
            "18304" : 811,
            "18560" : 891,
            "18816" : 708,
            "19072" : 593,
            "19328" : 579,
            "19584" : 553,
            "19840" : 481,
            "20096" : 433,
            "20352" : 442,
            "20608" : 458,
            "20864" : 379,
            "21120" : 358,
            "21376" : 320,
            "21632" : 262,
            "21888" : 249,
            "22144" : 243,
            "22400" : 231,
            "22656" : 227,
            "22912" : 231,
            "23168" : 239,
            "23424" : 207,
            "23680" : 210,
            "23936" : 179,
            "24192" : 192,
            "24448" : 153,
            "24704" : 163,
            "24960" : 152,
            "25216" : 148,
            "25472" : 124,
            "25728" : 121,
            "25984" : 108,
            "26240" : 107,
            "26496" : 101,
            "26752" : 124,
            "27008" : 91,
            "27264" : 86,
            "27520" : 110,
            "27776" : 87,
            "28032" : 73,
            "28288" : 71,
            "28544" : 65,
            "28800" : 77,
            "29056" : 56,
            "29312" : 62,
            "29568" : 70,
            "29824" : 51,
            "30080" : 62,
            "30336" : 47,
            "30592" : 50,
            "30848" : 49,
            "31104" : 37,
            "31360" : 49,
            "31616" : 47,
            "31872" : 54,
            "32128" : 40,
            "32384" : 34,
            "32640" : 33,
            "33024" : 68,
            "33536" : 89,
            "34048" : 58,
            "34560" : 58,
            "35072" : 47,
            "35584" : 69,
            "36096" : 60,
            "36608" : 61,
            "37120" : 84,
            "37632" : 75,
            "38144" : 73,
            "38656" : 84,
            "39168" : 79,
            "39680" : 63,
            "40192" : 55,
            "40704" : 42,
            "41216" : 49,
            "41728" : 37,
            "42240" : 29,
            "42752" : 29,
            "43264" : 31,
            "43776" : 25,
            "44288" : 25,
            "44800" : 23,
            "45312" : 26,
            "45824" : 31,
            "46336" : 23,
            "46848" : 30,
            "47360" : 25,
            "47872" : 28,
            "48384" : 20,
            "48896" : 18,
            "49408" : 17,
            "49920" : 15,
            "50432" : 20,
            "50944" : 23,
            "51456" : 14,
            "51968" : 15,
            "52480" : 15,
            "52992" : 14,
            "53504" : 7,
            "54016" : 9,
            "54528" : 7,
            "55040" : 9,
            "55552" : 10,
            "56064" : 7,
            "56576" : 8,
            "57088" : 4,
            "57600" : 3,
            "58112" : 6,
            "58624" : 3,
            "59136" : 5,
            "59648" : 6,
            "60160" : 9,
            "60672" : 4,
            "61184" : 2,
            "61696" : 5,
            "62208" : 6,
            "62720" : 6,
            "63232" : 3,
            "63744" : 4,
            "64256" : 3,
            "64768" : 4,
            "65280" : 5,
            "66048" : 3,
            "67072" : 14,
            "68096" : 7,
            "69120" : 2,
            "70144" : 3,
            "71168" : 10,
            "72192" : 6,
            "73216" : 2,
            "74240" : 1,
            "75264" : 6,
            "76288" : 1,
            "77312" : 2,
            "78336" : 3,
            "79360" : 5,
            "80384" : 4,
            "81408" : 4,
            "82432" : 2,
            "83456" : 12,
            "84480" : 3,
            "85504" : 9,
            "86528" : 5,
            "87552" : 2,
            "88576" : 2,
            "89600" : 4,
            "91648" : 1,
            "92672" : 5,
            "93696" : 2,
            "94720" : 2,
            "95744" : 4,
            "96768" : 6,
            "97792" : 3,
            "98816" : 1,
            "99840" : 1,
            "100864" : 1,
            "102912" : 2,
            "104960" : 1,
            "105984" : 1,
            "107008" : 3,
            "109056" : 1,
            "110080" : 3,
            "111104" : 2,
            "112128" : 3,
            "113152" : 3,
            "114176" : 8,
            "115200" : 9,
            "116224" : 8,
            "117248" : 5,
            "118272" : 5,
            "119296" : 2,
            "120320" : 5,
            "121344" : 5,
            "122368" : 4,
            "123392" : 1,
            "124416" : 3,
            "125440" : 2,
            "126464" : 2,
            "129536" : 4,
            "130560" : 1,
            "132096" : 2,
            "134144" : 2,
            "136192" : 4,
            "138240" : 1,
            "140288" : 2,
            "142336" : 2,
            "144384" : 1,
            "148480" : 3,
            "150528" : 2,
            "152576" : 5,
            "154624" : 1,
            "156672" : 2,
            "160768" : 2,
            "164864" : 1,
            "168960" : 1,
            "171008" : 1,
            "175104" : 3,
            "177152" : 1,
            "179200" : 1,
            "181248" : 1,
            "183296" : 1,
            "189440" : 2,
            "193536" : 2,
            "195584" : 2,
            "197632" : 3,
            "205824" : 3,
            "209920" : 2,
            "220160" : 1,
            "226304" : 1,
            "236544" : 2,
            "238592" : 3,
            "240640" : 1,
            "242688" : 1,
            "244736" : 1,
            "246784" : 1,
            "248832" : 3,
            "254976" : 1,
            "259072" : 1,
            "268288" : 1,
            "276480" : 1,
            "280576" : 1,
            "284672" : 1,
            "288768" : 2,
            "292864" : 1,
            "317440" : 1,
            "333824" : 1,
            "337920" : 2,
            "342016" : 1,
            "354304" : 1,
            "378880" : 1,
            "382976" : 1,
            "407552" : 1,
            "415744" : 1,
            "423936" : 2,
            "432128" : 1,
            "440320" : 1,
            "477184" : 1,
            "505856" : 1,
            "552960" : 2,
            "610304" : 1,
            "667648" : 3,
            "675840" : 3,
            "684032" : 1,
            "708608" : 1,
            "733184" : 1,
            "757760" : 1,
            "782336" : 1,
            "831488" : 1,
            "962560" : 1,
            "970752" : 1,
            "1056768" : 1,
            "1122304" : 1,
            "1236992" : 1,
            "1384448" : 2,
            "1482752" : 1,
            "1499136" : 1,
            "2179072" : 1,
            "2310144" : 1,
            "2375680" : 1,
            "2441216" : 2,
            "2506752" : 1,
            "2768896" : 1,
            "3031040" : 2,
            "3325952" : 1,
            "3358720" : 2,
            "3391488" : 2,
            "3457024" : 1,
            "3588096" : 1,
            "3653632" : 1,
            "3751936" : 1,
            "4423680" : 1,
            "4554752" : 1,
            "11993088" : 1
          }
        },
        "bw_min" : 202952,
        "bw_max" : 324240,
        "bw_agg" : 99.007661,
        "bw_mean" : 244561.000000,
        "bw_dev" : 27896.781870,
        "bw_samples" : 29,
        "iops_min" : 50738,
        "iops_max" : 81060,
        "iops_mean" : 61140.241379,
        "iops_stddev" : 6974.199850,
        "iops_samples" : 29
      },
      "write" : {
        "io_bytes" : 3788439552,
        "io_kbytes" : 3699648,
        "bw_bytes" : 252512134,
        "bw" : 246593,
        "iops" : 61648.470306,
        "runtime" : 15003,
        "total_ios" : 924912,
        "short_ios" : 0,
        "drop_ios" : 0,
        "slat_ns" : {
          "min" : 0,
          "max" : 0,
          "mean" : 0.000000,
          "stddev" : 0.000000,
          "N" : 0
        },
        "clat_ns" : {
          "min" : 1396,
          "max" : 4773268,
          "mean" : 2107.820118,
          "stddev" : 5163.475276,
          "N" : 924912,
          "percentile" : {
            "1.000000" : 1496,
            "5.000000" : 1544,
            "10.000000" : 1560,
            "20.000000" : 1592,
            "30.000000" : 1640,
            "40.000000" : 1720,
            "50.000000" : 2064,
            "60.000000" : 2192,
            "70.000000" : 2256,
            "80.000000" : 2352,
            "90.000000" : 2576,
            "95.000000" : 3184,
            "99.000000" : 4768,
            "99.500000" : 5728,
            "99.900000" : 11584,
            "99.950000" : 15936,
            "99.990000" : 39680
          },
          "bins" : {
            "1400" : 3,
            "1416" : 31,
            "1432" : 84,
            "1448" : 433,
            "1464" : 1536,
            "1480" : 3785,
            "1496" : 7769,
            "1512" : 12495,
            "1528" : 19550,
            "1544" : 27511,
            "1560" : 34441,
            "1576" : 41712,
            "1592" : 42685,
            "1608" : 42236,
            "1624" : 37376,
            "1640" : 29654,
            "1656" : 24165,
            "1672" : 18135,
            "1688" : 13936,
            "1704" : 10246,
            "1720" : 7137,
            "1736" : 5394,
            "1752" : 4128,
            "1768" : 3426,
            "1784" : 2980,
            "1800" : 2590,
            "1816" : 2568,
            "1832" : 2276,
            "1848" : 2269,
            "1864" : 2204,
            "1880" : 2166,
            "1896" : 2219,
            "1912" : 2253,
            "1928" : 2652,
            "1944" : 3298,
            "1960" : 3972,
            "1976" : 5014,
            "1992" : 5983,
            "2008" : 6996,
            "2024" : 7775,
            "2040" : 7750,
            "2064" : 16065,
            "2096" : 17219,
            "2128" : 21013,
            "2160" : 27037,
            "2192" : 35587,
            "2224" : 42620,
            "2256" : 45892,
            "2288" : 42761,
            "2320" : 35318,
            "2352" : 26529,
            "2384" : 18390,
            "2416" : 12981,
            "2448" : 9546,
            "2480" : 8190,
            "2512" : 7798,
            "2544" : 8339,
            "2576" : 8220,
            "2608" : 7001,
            "2640" : 5645,
            "2672" : 4068,
            "2704" : 3027,
            "2736" : 2281,
            "2768" : 1723,
            "2800" : 1536,
            "2832" : 1316,
            "2864" : 1255,
            "2896" : 1265,
            "2928" : 1432,
            "2960" : 1463,
            "2992" : 1452,
            "3024" : 1471,
            "3056" : 1514,
            "3088" : 1463,
            "3120" : 1832,
            "3152" : 2332,
            "3184" : 2878,
            "3216" : 3495,
            "3248" : 3613,
            "3280" : 3431,
            "3312" : 2884,
            "3344" : 2190,
            "3376" : 1689,
            "3408" : 1220,
            "3440" : 1085,
            "3472" : 875,
            "3504" : 727,
            "3536" : 664,
            "3568" : 648,
            "3600" : 547,
            "3632" : 549,
            "3664" : 496,
            "3696" : 478,
            "3728" : 409,
            "3760" : 421,
            "3792" : 371,
            "3824" : 357,
            "3856" : 390,
            "3888" : 345,
            "3920" : 366,
            "3952" : 367,
            "3984" : 372,
            "4016" : 343,
            "4048" : 350,
            "4080" : 325,
            "4128" : 676,
            "4192" : 633,
            "4256" : 559,
            "4320" : 527,
            "4384" : 547,
            "4448" : 493,
            "4512" : 450,
            "4576" : 464,
            "4640" : 410,
            "4704" : 385,
            "4768" : 401,
            "4832" : 356,
            "4896" : 355,
            "4960" : 411,
            "5024" : 350,
            "5088" : 400,
            "5152" : 312,
            "5216" : 300,
            "5280" : 277,
            "5344" : 270,
            "5408" : 250,
            "5472" : 241,
            "5536" : 230,
            "5600" : 287,
            "5664" : 254,
            "5728" : 286,
            "5792" : 223,
            "5856" : 196,
            "5920" : 185,
            "5984" : 170,
            "6048" : 121,
            "6112" : 136,
            "6176" : 103,
            "6240" : 106,
            "6304" : 81,
            "6368" : 84,
            "6432" : 71,
            "6496" : 67,
            "6560" : 55,
            "6624" : 43,
            "6688" : 49,
            "6752" : 50,
            "6816" : 43,
            "6880" : 35,
            "6944" : 39,
            "7008" : 25,
            "7072" : 37,
            "7136" : 29,
            "7200" : 45,
            "7264" : 38,
            "7328" : 29,
            "7392" : 49,
            "7456" : 36,
            "7520" : 42,
            "7584" : 32,
            "7648" : 39,
            "7712" : 32,
            "7776" : 37,
            "7840" : 34,
            "7904" : 31,
            "7968" : 29,
            "8032" : 21,
            "8096" : 26,
            "8160" : 29,
            "8256" : 51,
            "8384" : 56,
            "8512" : 63,
            "8640" : 42,
            "8768" : 31,
            "8896" : 48,
            "9024" : 46,
            "9152" : 45,
            "9280" : 46,
            "9408" : 57,
            "9536" : 32,
            "9664" : 38,
            "9792" : 28,
            "9920" : 23,
            "10048" : 38,
            "10176" : 45,
            "10304" : 40,
            "10432" : 39,
            "10560" : 32,
            "10688" : 28,
            "10816" : 38,
            "10944" : 37,
            "11072" : 26,
            "11200" : 38,
            "11328" : 42,
            "11456" : 31,
            "11584" : 34,
            "11712" : 20,
            "11840" : 12,
            "11968" : 25,
            "12096" : 24,
            "12224" : 22,
            "12352" : 21,
            "12480" : 22,
            "12608" : 20,
            "12736" : 17,
            "12864" : 10,
            "12992" : 13,
            "13120" : 16,
            "13248" : 13,
            "13376" : 17,
            "13504" : 9,
            "13632" : 8,
            "13760" : 10,
            "13888" : 13,
            "14016" : 12,
            "14144" : 8,
            "14272" : 6,
            "14400" : 13,
            "14528" : 14,
            "14656" : 14,
            "14784" : 10,
            "14912" : 8,
            "15040" : 6,
            "15168" : 8,
            "15296" : 12,
            "15424" : 10,
            "15552" : 11,
            "15680" : 18,
            "15808" : 12,
            "15936" : 14,
            "16064" : 5,
            "16192" : 12,
            "16320" : 7,
            "16512" : 13,
            "16768" : 18,
            "17024" : 21,
            "17280" : 14,
            "17536" : 22,
            "17792" : 24,
            "18048" : 15,
            "18304" : 14,
            "18560" : 14,
            "18816" : 8,
            "19072" : 11,
            "19328" : 5,
            "19584" : 4,
            "19840" : 4,
            "20096" : 6,
            "20352" : 5,
            "20608" : 4,
            "20864" : 4,
            "21120" : 6,
            "21376" : 2,
            "21632" : 2,
            "22144" : 3,
            "22400" : 3,
            "22656" : 1,
            "22912" : 3,
            "23168" : 2,
            "23424" : 3,
            "23680" : 2,
            "23936" : 3,
            "24192" : 1,
            "24448" : 2,
            "24704" : 1,
            "24960" : 1,
            "25216" : 2,
            "25472" : 2,
            "25728" : 4,
            "26240" : 1,
            "27008" : 2,
            "27264" : 2,
            "28032" : 2,
            "28288" : 3,
            "28800" : 3,
            "29312" : 3,
            "29824" : 3,
            "30848" : 1,
            "31360" : 1,
            "31616" : 3,
            "31872" : 4,
            "32128" : 2,
            "32384" : 6,
            "32640" : 2,
            "33024" : 7,
            "33536" : 7,
            "34048" : 5,
            "34560" : 7,
            "35072" : 3,
            "35584" : 3,
            "36096" : 1,
            "36608" : 4,
            "37120" : 1,
            "37632" : 2,
            "38144" : 1,
            "38656" : 3,
            "39168" : 2,
            "39680" : 1,
            "40192" : 2,
            "40704" : 4,
            "41728" : 2,
            "42240" : 2,
            "43264" : 1,
            "43776" : 2,
            "44288" : 2,
            "44800" : 1,
            "45312" : 1,
            "45824" : 1,
            "46336" : 2,
            "47360" : 1,
            "47872" : 1,
            "48384" : 1,
            "48896" : 1,
            "49408" : 1,
            "49920" : 3,
            "50432" : 1,
            "50944" : 1,
            "51456" : 1,
            "52480" : 2,
            "54016" : 1,
            "54528" : 1,
            "56064" : 1,
            "59136" : 1,
            "61184" : 1,
            "61696" : 1,
            "62208" : 1,
            "66048" : 1,
            "69120" : 2,
            "70144" : 1,
            "71168" : 2,
            "73216" : 1,
            "75264" : 1,
            "76288" : 2,
            "77312" : 1,
            "79360" : 1,
            "85504" : 2,
            "88576" : 1,
            "103936" : 2,
            "104960" : 3,
            "105984" : 4,
            "107008" : 3,
            "108032" : 3,
            "109056" : 2,
            "110080" : 2,
            "111104" : 2,
            "112128" : 2,
            "114176" : 1,
            "115200" : 1,
            "120320" : 1,
            "129536" : 1,
            "138240" : 1,
            "142336" : 1,
            "146432" : 1,
            "152576" : 1,
            "171008" : 1,
            "181248" : 1,
            "257024" : 1,
            "415744" : 1,
            "659456" : 1,
            "4751360" : 1
          }
        },
        "lat_ns" : {
          "min" : 1445,
          "max" : 4773372,
          "mean" : 2190.852039,
          "stddev" : 5173.703704,
          "N" : 924912,
          "percentile" : {
            "1.000000" : 1544,
            "5.000000" : 1592,
            "10.000000" : 1608,
            "20.000000" : 1656,
            "30.000000" : 1688,
            "40.000000" : 1768,
            "50.000000" : 2160,
            "60.000000" : 2288,
            "70.000000" : 2384,
            "80.000000" : 2448,
            "90.000000" : 2640,
            "95.000000" : 3280,
            "99.000000" : 4896,
            "99.500000" : 5920,
            "99.900000" : 11968,
            "99.950000" : 16192,
            "99.990000" : 40704
          },
          "bins" : {
            "1448" : 3,
            "1464" : 24,
            "1480" : 63,
            "1496" : 354,
            "1512" : 1263,
            "1528" : 3324,
            "1544" : 6937,
            "1560" : 11507,
            "1576" : 17750,
            "1592" : 24751,
            "1608" : 33013,
            "1624" : 39870,
            "1640" : 41709,
            "1656" : 41561,
            "1672" : 36092,
            "1688" : 31193,
            "1704" : 25330,
            "1720" : 19818,
            "1736" : 15696,
            "1752" : 11554,
            "1768" : 8892,
            "1784" : 6377,
            "1800" : 4884,
            "1816" : 4036,
            "1832" : 3243,
            "1848" : 2895,
            "1864" : 2701,
            "1880" : 2488,
            "1896" : 2230,
            "1912" : 2130,
            "1928" : 2064,
            "1944" : 1931,
            "1960" : 1676,
            "1976" : 1739,
            "1992" : 1910,
            "2008" : 2329,
            "2024" : 2837,
            "2040" : 3551,
            "2064" : 10106,
            "2096" : 13683,
            "2128" : 14354,
            "2160" : 13555,
            "2192" : 13702,
            "2224" : 16496,
            "2256" : 23002,
            "2288" : 30719,
            "2320" : 38218,
            "2352" : 43322,
            "2384" : 43335,
            "2416" : 38354,
            "2448" : 30401,
            "2480" : 22571,
            "2512" : 16843,
            "2544" : 13146,
            "2576" : 11468,
            "2608" : 10470,
            "2640" : 9273,
            "2672" : 7599,
            "2704" : 5932,
            "2736" : 4470,
            "2768" : 3251,
            "2800" : 2462,
            "2832" : 1986,
            "2864" : 1695,
            "2896" : 1520,
            "2928" : 1332,
            "2960" : 1241,
            "2992" : 1383,
            "3024" : 1427,
            "3056" : 1454,
            "3088" : 1401,
            "3120" : 1362,
            "3152" : 1294,
            "3184" : 1357,
            "3216" : 1546,
            "3248" : 2086,
            "3280" : 2589,
            "3312" : 3203,
            "3344" : 3542,
            "3376" : 3549,
            "3408" : 3067,
            "3440" : 2384,
            "3472" : 1895,
            "3504" : 1415,
            "3536" : 1075,
            "3568" : 921,
            "3600" : 800,
            "3632" : 702,
            "3664" : 579,
            "3696" : 606,
            "3728" : 547,
            "3760" : 478,
            "3792" : 471,
            "3824" : 425,
            "3856" : 426,
            "3888" : 400,
            "3920" : 381,
            "3952" : 359,
            "3984" : 360,
            "4016" : 347,
            "4048" : 357,
            "4080" : 347,
            "4128" : 643,
            "4192" : 655,
            "4256" : 657,
            "4320" : 639,
            "4384" : 591,
            "4448" : 546,
            "4512" : 504,
            "4576" : 525,
            "4640" : 472,
            "4704" : 460,
            "4768" : 411,
            "4832" : 436,
            "4896" : 384,
            "4960" : 382,
            "5024" : 401,
            "5088" : 380,
            "5152" : 429,
            "5216" : 379,
            "5280" : 279,
            "5344" : 268,
            "5408" : 281,
            "5472" : 280,
            "5536" : 256,
            "5600" : 230,
            "5664" : 238,
            "5728" : 254,
            "5792" : 285,
            "5856" : 253,
            "5920" : 230,
            "5984" : 216,
            "6048" : 164,
            "6112" : 177,
            "6176" : 149,
            "6240" : 124,
            "6304" : 108,
            "6368" : 88,
            "6432" : 85,
            "6496" : 84,
            "6560" : 80,
            "6624" : 78,
            "6688" : 54,
            "6752" : 55,
            "6816" : 42,
            "6880" : 41,
            "6944" : 47,
            "7008" : 42,
            "7072" : 35,
            "7136" : 29,
            "7200" : 34,
            "7264" : 29,
            "7328" : 37,
            "7392" : 29,
            "7456" : 31,
            "7520" : 43,
            "7584" : 41,
            "7648" : 28,
            "7712" : 44,
            "7776" : 35,
            "7840" : 34,
            "7904" : 42,
            "7968" : 45,
            "8032" : 28,
            "8096" : 30,
            "8160" : 24,
            "8256" : 62,
            "8384" : 54,
            "8512" : 62,
            "8640" : 56,
            "8768" : 49,
            "8896" : 47,
            "9024" : 55,
            "9152" : 44,
            "9280" : 45,
            "9408" : 48,
            "9536" : 44,
            "9664" : 38,
            "9792" : 41,
            "9920" : 27,
            "10048" : 36,
            "10176" : 42,
            "10304" : 38,
            "10432" : 49,
            "10560" : 30,
            "10688" : 34,
            "10816" : 33,
            "10944" : 42,
            "11072" : 33,
            "11200" : 38,
            "11328" : 36,
            "11456" : 37,
            "11584" : 34,
            "11712" : 32,
            "11840" : 22,
            "11968" : 15,
            "12096" : 27,
            "12224" : 19,
            "12352" : 26,
            "12480" : 19,
            "12608" : 20,
            "12736" : 28,
            "12864" : 15,
            "12992" : 16,
            "13120" : 14,
            "13248" : 14,
            "13376" : 18,
            "13504" : 13,
            "13632" : 11,
            "13760" : 9,
            "13888" : 12,
            "14016" : 9,
            "14144" : 10,
            "14272" : 12,
            "14400" : 7,
            "14528" : 12,
            "14656" : 11,
            "14784" : 9,
            "14912" : 11,
            "15040" : 12,
            "15168" : 7,
            "15296" : 15,
            "15424" : 10,
            "15552" : 13,
            "15680" : 17,
            "15808" : 11,
            "15936" : 16,
            "16064" : 13,
            "16192" : 8,
            "16320" : 12,
            "16512" : 14,
            "16768" : 14,
            "17024" : 25,
            "17280" : 15,
            "17536" : 20,
            "17792" : 26,
            "18048" : 17,
            "18304" : 13,
            "18560" : 18,
            "18816" : 10,
            "19072" : 9,
            "19328" : 10,
            "19584" : 4,
            "19840" : 5,
            "20096" : 7,
            "20352" : 5,
            "20608" : 4,
            "20864" : 5,
            "21120" : 3,
            "21376" : 4,
            "21632" : 3,
            "22144" : 1,
            "22400" : 5,
            "22912" : 2,
            "23168" : 3,
            "23424" : 5,
            "23680" : 2,
            "23936" : 3,
            "24192" : 2,
            "24448" : 2,
            "24960" : 1,
            "25216" : 1,
            "25472" : 3,
            "25728" : 2,
            "25984" : 3,
            "26240" : 1,
            "27008" : 1,
            "27264" : 2,
            "27520" : 1,
            "28032" : 2,
            "28288" : 1,
            "28544" : 2,
            "28800" : 3,
            "29312" : 3,
            "29824" : 3,
            "30848" : 1,
            "31360" : 1,
            "31616" : 3,
            "31872" : 3,
            "32128" : 2,
            "32384" : 7,
            "32640" : 1,
            "33024" : 6,
            "33536" : 8,
            "34048" : 6,
            "34560" : 8,
            "35072" : 4,
            "35584" : 2,
            "36096" : 1,
            "36608" : 4,
            "37120" : 2,
            "37632" : 2,
            "38656" : 4,
            "39168" : 2,
            "39680" : 1,
            "40192" : 1,
            "40704" : 3,
            "41216" : 2,
            "42240" : 4,
            "43264" : 1,
            "43776" : 1,
            "44288" : 3,
            "45312" : 2,
            "46336" : 3,
            "47872" : 2,
            "48384" : 1,
            "48896" : 1,
            "49920" : 4,
            "50944" : 1,
            "51456" : 2,
            "52480" : 2,
            "54528" : 2,
            "56064" : 1,
            "59648" : 1,
            "61184" : 1,
            "61696" : 1,
            "62208" : 1,
            "67072" : 1,
            "69120" : 2,
            "70144" : 1,
            "71168" : 2,
            "73216" : 1,
            "75264" : 1,
            "76288" : 2,
            "77312" : 1,
            "79360" : 1,
            "85504" : 2,
            "88576" : 1,
            "103936" : 2,
            "104960" : 3,
            "105984" : 4,
            "107008" : 3,
            "108032" : 3,
            "109056" : 2,
            "110080" : 2,
            "111104" : 2,
            "112128" : 2,
            "114176" : 1,
            "115200" : 1,
            "120320" : 1,
            "130560" : 1,
            "136192" : 1,
            "138240" : 1,
            "142336" : 1,
            "146432" : 1,
            "152576" : 1,
            "171008" : 1,
            "181248" : 1,
            "209920" : 1,
            "257024" : 1,
            "415744" : 1,
            "659456" : 1,
            "4751360" : 1
          }
        },
        "bw_min" : 204768,
        "bw_max" : 322176,
        "bw_agg" : 99.028410,
        "bw_mean" : 244198.620690,
        "bw_dev" : 27507.316103,
        "bw_samples" : 29,
        "iops_min" : 51192,
        "iops_max" : 80544,
        "iops_mean" : 61049.655172,
        "iops_stddev" : 6876.829026,
        "iops_samples" : 29
      },
      "trim" : {
        "io_bytes" : 0,
        "io_kbytes" : 0,
        "bw_bytes" : 0,
        "bw" : 0,
        "iops" : 0.000000,
        "runtime" : 0,
        "total_ios" : 0,
        "short_ios" : 0,
        "drop_ios" : 0,
        "slat_ns" : {
          "min" : 0,
          "max" : 0,
          "mean" : 0.000000,
          "stddev" : 0.000000,
          "N" : 0
        },
        "clat_ns" : {
          "min" : 0,
          "max" : 0,
          "mean" : 0.000000,
          "stddev" : 0.000000,
          "N" : 0
        },
        "lat_ns" : {
          "min" : 0,
          "max" : 0,
          "mean" : 0.000000,
          "stddev" : 0.000000,
          "N" : 0
        },
        "bw_min" : 0,
        "bw_max" : 0,
        "bw_agg" : 0.000000,
        "bw_mean" : 0.000000,
        "bw_dev" : 0.000000,
        "bw_samples" : 0,
        "iops_min" : 0,
        "iops_max" : 0,
        "iops_mean" : 0.000000,
        "iops_stddev" : 0.000000,
        "iops_samples" : 0
      },
      "sync" : {
        "total_ios" : 0,
        "lat_ns" : {
          "min" : 0,
          "max" : 0,
          "mean" : 0.000000,
          "stddev" : 0.000000,
          "N" : 0
        }
      },
      "job_runtime" : 15002,
      "usr_cpu" : 11.645114,
      "sys_cpu" : 58.925477,
      "ctx" : 939621,
      "majf" : 0,
      "minf" : 19,
      "iodepth_level" : {
        "1" : 100.000000,
        "2" : 0.000000,
        "4" : 0.000000,
        "8" : 0.000000,
        "16" : 0.000000,
        "32" : 0.000000,
        ">=64" : 0.000000
      },
      "iodepth_submit" : {
        "0" : 0.000000,
        "4" : 100.000000,
        "8" : 0.000000,
        "16" : 0.000000,
        "32" : 0.000000,
        "64" : 0.000000,
        ">=64" : 0.000000
      },
      "iodepth_complete" : {
        "0" : 0.000000,
        "4" : 100.000000,
        "8" : 0.000000,
        "16" : 0.000000,
        "32" : 0.000000,
        "64" : 0.000000,
        ">=64" : 0.000000
      },
      "latency_ns" : {
        "2" : 0.000000,
        "4" : 0.000000,
        "10" : 0.000000,
        "20" : 0.000000,
        "50" : 0.000000,
        "100" : 0.000000,
        "250" : 0.000000,
        "500" : 0.000000,
        "750" : 0.000000,
        "1000" : 0.000000
      },
      "latency_us" : {
        "2" : 23.242607,
        "4" : 25.870736,
        "10" : 20.852731,
        "20" : 29.509456,
        "50" : 0.489307,
        "100" : 0.021227,
        "250" : 0.010000,
        "500" : 0.010000,
        "750" : 0.010000,
        "1000" : 0.010000
      },
      "latency_ms" : {
        "2" : 0.010000,
        "4" : 0.010000,
        "10" : 0.010000,
        "20" : 0.010000,
        "50" : 0.000000,
        "100" : 0.000000,
        "250" : 0.000000,
        "500" : 0.000000,
        "750" : 0.000000,
        "1000" : 0.000000,
        "2000" : 0.000000,
        ">=2000" : 0.000000
      },
      "latency_depth" : 1,
      "latency_target" : 0,
      "latency_percentile" : 100.000000,
      "latency_window" : 0
    }
  ],
  "disk_util" : [
    {
      "name" : "loop25",
      "read_ios" : 915165,
      "write_ios" : 913448,
      "read_merges" : 0,
      "write_merges" : 0,
      "read_ticks" : 6287,
      "write_ticks" : 26028,
      "in_queue" : 8,
      "util" : 99.351474
    }
  ]
}
