{
  "fio version" : "fio-3.32-36-g5932",
  "timestamp" : 1664579670,
  "timestamp_ms" : 1664579670244,
  "time" : "Sat Oct  1 01:14:30 2022",
  "global options" : {
    "size" : "16M",
    "rw" : "randrw",
    "bs" : "4K",
    "numjobs" : "1",
    "iodepth" : "128",
    "runtime" : "300",
    "end_fsync" : "1",
    "lat_percentiles" : "1",
    "slat_percentiles" : "1",
    "clat_percentiles" : "1"
  },
  "jobs" : [
    {
      "jobname" : "random-rw",
      "groupid" : 0,
      "error" : 0,
      "eta" : 0,
      "elapsed" : 301,
      "job options" : {
        "name" : "random-rw"
      },
      "read" : {
        "io_bytes" : 63670849536,
        "io_kbytes" : 62178564,
        "bw_bytes" : 212233335,
        "bw" : 207259,
        "iops" : 51814.779136,
        "runtime" : 300004,
        "total_ios" : 15544641,
        "short_ios" : 0,
        "drop_ios" : 0,
        "slat_ns" : {
          "min" : 0,
          "max" : 0,
          "mean" : 0.000000,
          "stddev" : 0.000000,
          "N" : 0
        },
        "clat_ns" : {
          "min" : 1451,
          "max" : 8041486,
          "mean" : 12156.540592,
          "stddev" : 11864.435897,
          "N" : 15544641,
          "percentile" : {
            "1.000000" : 6944,
            "5.000000" : 7136,
            "10.000000" : 7328,
            "20.000000" : 10304,
            "30.000000" : 10944,
            "40.000000" : 11456,
            "50.000000" : 11968,
            "60.000000" : 12224,
            "70.000000" : 12736,
            "80.000000" : 13248,
            "90.000000" : 14528,
            "95.000000" : 17792,
            "99.000000" : 25216,
            "99.500000" : 29056,
            "99.900000" : 51968,
            "99.950000" : 66048,
            "99.990000" : 189440
          },
          "bins" : {
            "1448" : 1,
            "1496" : 1,
            "1544" : 2,
            "1576" : 1,
            "1592" : 2,
            "1608" : 1,
            "1624" : 2,
            "1640" : 1,
            "1656" : 4,
            "1672" : 3,
            "1704" : 1,
            "1720" : 2,
            "1736" : 1,
            "1752" : 2,
            "1800" : 1,
            "1816" : 1,
            "6496" : 2,
            "6560" : 10,
            "6624" : 98,
            "6688" : 578,
            "6752" : 3121,
            "6816" : 14364,
            "6880" : 50289,
            "6944" : 126357,
            "7008" : 221261,
            "7072" : 292474,
            "7136" : 302353,
            "7200" : 268007,
            "7264" : 205940,
            "7328" : 146306,
            "7392" : 97560,
            "7456" : 61741,
            "7520" : 38610,
            "7584" : 23793,
            "7648" : 14683,
            "7712" : 9983,
            "7776" : 8432,
            "7840" : 10013,
            "7904" : 14225,
            "7968" : 18904,
            "8032" : 21803,
            "8096" : 21599,
            "8160" : 19035,
            "8256" : 26723,
            "8384" : 14345,
            "8512" : 7951,
            "8640" : 4981,
            "8768" : 3778,
            "8896" : 3012,
            "9024" : 2827,
            "9152" : 2815,
            "9280" : 2740,
            "9408" : 2726,
            "9536" : 4625,
            "9664" : 22242,
            "9792" : 79411,
            "9920" : 169780,
            "10048" : 266412,
            "10176" : 356276,
            "10304" : 389901,
            "10432" : 352850,
            "10560" : 285553,
            "10688" : 219988,
            "10816" : 226355,
            "10944" : 308083,
            "11072" : 422730,
            "11200" : 492664,
            "11328" : 475934,
            "11456" : 405008,
            "11584" : 355095,
            "11712" : 379149,
            "11840" : 469437,
            "11968" : 542993,
            "12096" : 560648,
            "12224" : 593286,
            "12352" : 596261,
            "12480" : 483711,
            "12608" : 321255,
            "12736" : 237937,
            "12864" : 280250,
            "12992" : 363535,
            "13120" : 386939,
            "13248" : 365720,
            "13376" : 314832,
            "13504" : 246915,
            "13632" : 178779,
            "13760" : 133867,
            "13888" : 136163,
            "14016" : 149809,
            "14144" : 127090,
            "14272" : 99545,
            "14400" : 79789,
            "14528" : 65082,
            "14656" : 57436,
            "14784" : 52413,
            "14912" : 47234,
            "15040" : 44927,
            "15168" : 42454,
            "15296" : 38201,
            "15424" : 34668,
            "15552" : 32379,
            "15680" : 31464,
            "15808" : 30000,
            "15936" : 28627,
            "16064" : 27897,
            "16192" : 27467,
            "16320" : 26375,
            "16512" : 50988,
            "16768" : 48411,
            "17024" : 47868,
            "17280" : 45532,
            "17536" : 41749,
            "17792" : 37832,
            "18048" : 35508,
            "18304" : 33247,
            "18560" : 31254,
            "18816" : 29840,
            "19072" : 28820,
            "19328" : 27755,
            "19584" : 27292,
            "19840" : 26948,
            "20096" : 26043,
            "20352" : 24993,
            "20608" : 23564,
            "20864" : 23073,
            "21120" : 23036,
            "21376" : 22419,
            "21632" : 20662,
            "21888" : 19051,
            "22144" : 18208,
            "22400" : 17140,
            "22656" : 15841,
            "22912" : 14731,
            "23168" : 13780,
            "23424" : 12856,
            "23680" : 12127,
            "23936" : 11426,
            "24192" : 10668,
            "24448" : 10274,
            "24704" : 9631,
            "24960" : 9246,
            "25216" : 8524,
            "25472" : 7973,
            "25728" : 7793,
            "25984" : 7374,
            "26240" : 6717,
            "26496" : 6199,
            "26752" : 5815,
            "27008" : 5693,
            "27264" : 5060,
            "27520" : 4712,
            "27776" : 4281,
            "28032" : 3811,
            "28288" : 3416,
            "28544" : 3113,
            "28800" : 2963,
            "29056" : 2670,
            "29312" : 2462,
            "29568" : 2235,
            "29824" : 1956,
            "30080" : 1754,
            "30336" : 1710,
            "30592" : 1556,
            "30848" : 1407,
            "31104" : 1432,
            "31360" : 1321,
            "31616" : 1179,
            "31872" : 1203,
            "32128" : 1100,
            "32384" : 1093,
            "32640" : 1036,
            "33024" : 1806,
            "33536" : 1842,
            "34048" : 1671,
            "34560" : 1650,
            "35072" : 1515,
            "35584" : 1410,
            "36096" : 1446,
            "36608" : 1450,
            "37120" : 1467,
            "37632" : 1515,
            "38144" : 1515,
            "38656" : 1465,
            "39168" : 1474,
            "39680" : 1489,
            "40192" : 1414,
            "40704" : 1371,
            "41216" : 1296,
            "41728" : 1199,
            "42240" : 1150,
            "42752" : 1037,
            "43264" : 1040,
            "43776" : 877,
            "44288" : 782,
            "44800" : 687,
            "45312" : 656,
            "45824" : 582,
            "46336" : 500,
            "46848" : 477,
            "47360" : 494,
            "47872" : 493,
            "48384" : 431,
            "48896" : 428,
            "49408" : 436,
            "49920" : 451,
            "50432" : 442,
            "50944" : 434,
            "51456" : 418,
            "51968" : 454,
            "52480" : 396,
            "52992" : 356,
            "53504" : 350,
            "54016" : 328,
            "54528" : 317,
            "55040" : 308,
            "55552" : 310,
            "56064" : 344,
            "56576" : 332,
            "57088" : 314,
            "57600" : 342,
            "58112" : 311,
            "58624" : 303,
            "59136" : 291,
            "59648" : 316,
            "60160" : 362,
            "60672" : 315,
            "61184" : 282,
            "61696" : 240,
            "62208" : 163,
            "62720" : 167,
            "63232" : 157,
            "63744" : 143,
            "64256" : 141,
            "64768" : 143,
            "65280" : 127,
            "66048" : 241,
            "67072" : 210,
            "68096" : 219,
            "69120" : 203,
            "70144" : 166,
            "71168" : 196,
            "72192" : 160,
            "73216" : 174,
            "74240" : 167,
            "75264" : 167,
            "76288" : 156,
            "77312" : 131,
            "78336" : 150,
            "79360" : 145,
            "80384" : 142,
            "81408" : 146,
            "82432" : 149,
            "83456" : 130,
            "84480" : 117,
            "85504" : 136,
            "86528" : 111,
            "87552" : 114,
            "88576" : 104,
            "89600" : 110,
            "90624" : 99,
            "91648" : 109,
            "92672" : 131,
            "93696" : 87,
            "94720" : 83,
            "95744" : 58,
            "96768" : 48,
            "97792" : 57,
            "98816" : 59,
            "99840" : 74,
            "100864" : 66,
            "101888" : 54,
            "102912" : 62,
            "103936" : 45,
            "104960" : 42,
            "105984" : 51,
            "107008" : 53,
            "108032" : 56,
            "109056" : 51,
            "110080" : 58,
            "111104" : 65,
            "112128" : 45,
            "113152" : 61,
            "114176" : 57,
            "115200" : 46,
            "116224" : 36,
            "117248" : 38,
            "118272" : 34,
            "119296" : 29,
            "120320" : 24,
            "121344" : 28,
            "122368" : 31,
            "123392" : 27,
            "124416" : 27,
            "125440" : 17,
            "126464" : 16,
            "127488" : 31,
            "128512" : 19,
            "129536" : 23,
            "130560" : 23,
            "132096" : 34,
            "134144" : 51,
            "136192" : 41,
            "138240" : 40,
            "140288" : 43,
            "142336" : 31,
            "144384" : 27,
            "146432" : 37,
            "148480" : 24,
            "150528" : 26,
            "152576" : 28,
            "154624" : 34,
            "156672" : 18,
            "158720" : 20,
            "160768" : 21,
            "162816" : 15,
            "164864" : 15,
            "166912" : 21,
            "168960" : 13,
            "171008" : 9,
            "173056" : 10,
            "175104" : 4,
            "177152" : 8,
            "179200" : 17,
            "181248" : 9,
            "183296" : 9,
            "185344" : 14,
            "187392" : 4,
            "189440" : 12,
            "191488" : 8,
            "193536" : 8,
            "195584" : 5,
            "197632" : 5,
            "199680" : 7,
            "201728" : 6,
            "203776" : 4,
            "205824" : 6,
            "207872" : 1,
            "209920" : 12,
            "211968" : 16,
            "214016" : 14,
            "216064" : 20,
            "218112" : 21,
            "220160" : 17,
            "222208" : 14,
            "224256" : 19,
            "226304" : 12,
            "228352" : 12,
            "230400" : 15,
            "232448" : 27,
            "234496" : 10,
            "236544" : 11,
            "238592" : 15,
            "240640" : 8,
            "242688" : 10,
            "244736" : 10,
            "246784" : 9,
            "248832" : 8,
            "250880" : 2,
            "252928" : 7,
            "254976" : 2,
            "257024" : 6,
            "259072" : 3,
            "261120" : 3,
            "264192" : 12,
            "268288" : 3,
            "272384" : 11,
            "276480" : 4,
            "280576" : 3,
            "284672" : 5,
            "288768" : 4,
            "292864" : 7,
            "296960" : 2,
            "301056" : 5,
            "305152" : 5,
            "309248" : 3,
            "313344" : 5,
            "317440" : 3,
            "321536" : 9,
            "325632" : 15,
            "329728" : 16,
            "333824" : 16,
            "337920" : 23,
            "342016" : 17,
            "346112" : 21,
            "350208" : 17,
            "354304" : 16,
            "358400" : 16,
            "362496" : 19,
            "366592" : 10,
            "370688" : 12,
            "374784" : 10,
            "378880" : 16,
            "382976" : 10,
            "387072" : 5,
            "391168" : 13,
            "395264" : 9,
            "399360" : 5,
            "403456" : 7,
            "407552" : 8,
            "411648" : 4,
            "415744" : 4,
            "419840" : 10,
            "423936" : 19,
            "428032" : 14,
            "432128" : 16,
            "436224" : 12,
            "440320" : 16,
            "444416" : 22,
            "448512" : 15,
            "452608" : 14,
            "456704" : 8,
            "460800" : 9,
            "464896" : 9,
            "468992" : 7,
            "473088" : 6,
            "477184" : 7,
            "481280" : 7,
            "485376" : 6,
            "489472" : 1,
            "493568" : 3,
            "497664" : 2,
            "501760" : 2,
            "505856" : 1,
            "518144" : 2,
            "522240" : 2,
            "528384" : 2,
            "536576" : 2,
            "544768" : 2,
            "552960" : 1,
            "561152" : 3,
            "569344" : 3,
            "577536" : 2,
            "585728" : 4,
            "593920" : 2,
            "610304" : 1,
            "618496" : 5,
            "626688" : 5,
            "634880" : 8,
            "643072" : 5,
            "651264" : 4,
            "659456" : 4,
            "667648" : 5,
            "675840" : 5,
            "684032" : 1,
            "692224" : 2,
            "700416" : 1,
            "708608" : 3,
            "716800" : 4,
            "724992" : 3,
            "733184" : 2,
            "741376" : 10,
            "749568" : 5,
            "757760" : 4,
            "765952" : 1,
            "774144" : 4,
            "782336" : 6,
            "798720" : 5,
            "815104" : 3,
            "823296" : 1,
            "831488" : 3,
            "839680" : 12,
            "847872" : 18,
            "856064" : 24,
            "864256" : 25,
            "872448" : 34,
            "880640" : 27,
            "888832" : 22,
            "897024" : 11,
            "905216" : 9,
            "913408" : 16,
            "921600" : 7,
            "929792" : 4,
            "937984" : 7,
            "946176" : 12,
            "954368" : 11,
            "962560" : 13,
            "970752" : 8,
            "978944" : 2,
            "987136" : 6,
            "995328" : 7,
            "1003520" : 3,
            "1011712" : 4,
            "1019904" : 2,
            "1028096" : 6,
            "1036288" : 6,
            "1044480" : 2,
            "1056768" : 6,
            "1073152" : 3,
            "1089536" : 3,
            "1105920" : 3,
            "1122304" : 3,
            "1138688" : 3,
            "1155072" : 2,
            "1171456" : 3,
            "1220608" : 3,
            "1236992" : 1,
            "1253376" : 1,
            "1269760" : 2,
            "1286144" : 2,
            "1302528" : 4,
            "1318912" : 3,
            "1335296" : 4,
            "1351680" : 2,
            "1384448" : 3,
            "1400832" : 1,
            "1433600" : 1,
            "1466368" : 1,
            "1482752" : 1,
            "1499136" : 1,
            "1515520" : 2,
            "1531904" : 3,
            "1548288" : 2,
            "1564672" : 1,
            "1581056" : 1,
            "1613824" : 1,
            "1630208" : 2,
            "1646592" : 1,
            "1662976" : 2,
            "1679360" : 1,
            "1695744" : 3,
            "1712128" : 3,
            "1728512" : 1,
            "1744896" : 2,
            "1761280" : 3,
            "1777664" : 3,
            "1810432" : 1,
            "1826816" : 2,
            "1843200" : 2,
            "1941504" : 2,
            "1957888" : 1,
            "1974272" : 1,
            "1990656" : 3,
            "2023424" : 1,
            "2039808" : 1,
            "2072576" : 1,
            "2088960" : 1,
            "2146304" : 5,
            "2179072" : 1,
            "2211840" : 2,
            "2244608" : 4,
            "2277376" : 1,
            "2375680" : 1,
            "2441216" : 2,
            "2506752" : 3,
            "2539520" : 3,
            "2572288" : 1,
            "2605056" : 3,
            "2637824" : 5,
            "2670592" : 7,
            "2703360" : 3,
            "2736128" : 3,
            "2768896" : 2,
            "2801664" : 2,
            "2834432" : 1,
            "2932736" : 1,
            "2965504" : 1,
            "3031040" : 1,
            "3096576" : 1,
            "3129344" : 1,
            "3162112" : 1,
            "3260416" : 5,
            "3424256" : 2,
            "3489792" : 1,
            "3522560" : 1,
            "3620864" : 1,
            "3686400" : 1,
            "4227072" : 2,
            "4292608" : 1,
            "4489216" : 1,
            "4620288" : 1,
            "5144576" : 1,
            "5275648" : 1,
            "5406720" : 1,
            "5668864" : 1,
            "5931008" : 1,
            "6455296" : 1,
            "6520832" : 2,
            "6651904" : 1,
            "6717440" : 1,
            "6848512" : 1,
            "6979584" : 2,
            "7110656" : 2,
            "7897088" : 1,
            "8028160" : 1
          }
        },
        "lat_ns" : {
          "min" : 1528,
          "max" : 8041582,
          "mean" : 12203.993562,
          "stddev" : 11876.372895,
          "N" : 15544641,
          "percentile" : {
            "1.000000" : 7008,
            "5.000000" : 7136,
            "10.000000" : 7328,
            "20.000000" : 10304,
            "30.000000" : 11072,
            "40.000000" : 11456,
            "50.000000" : 11968,
            "60.000000" : 12352,
            "70.000000" : 12736,
            "80.000000" : 13376,
            "90.000000" : 14656,
            "95.000000" : 17792,
            "99.000000" : 25472,
            "99.500000" : 29056,
            "99.900000" : 51968,
            "99.950000" : 67072,
            "99.990000" : 189440
          },
          "bins" : {
            "1528" : 1,
            "1576" : 1,
            "1624" : 1,
            "1640" : 1,
            "1672" : 3,
            "1704" : 1,
            "1720" : 3,
            "1736" : 1,
            "1752" : 2,
            "1768" : 2,
            "1784" : 2,
            "1816" : 1,
            "1832" : 2,
            "1848" : 1,
            "1864" : 1,
            "1880" : 1,
            "1896" : 1,
            "1928" : 1,
            "6496" : 1,
            "6560" : 3,
            "6624" : 30,
            "6688" : 173,
            "6752" : 1064,
            "6816" : 5318,
            "6880" : 23028,
            "6944" : 72035,
            "7008" : 161164,
            "7072" : 258333,
            "7136" : 308345,
            "7200" : 300137,
            "7264" : 245123,
            "7328" : 180862,
            "7392" : 123780,
            "7456" : 79886,
            "7520" : 50443,
            "7584" : 31044,
            "7648" : 19242,
            "7712" : 12066,
            "7776" : 8831,
            "7840" : 8457,
            "7904" : 11221,
            "7968" : 16131,
            "8032" : 20624,
            "8096" : 22299,
            "8160" : 21182,
            "8256" : 31201,
            "8384" : 17200,
            "8512" : 9242,
            "8640" : 5613,
            "8768" : 4035,
            "8896" : 3171,
            "9024" : 2868,
            "9152" : 2778,
            "9280" : 2739,
            "9408" : 2697,
            "9536" : 3195,
            "9664" : 11527,
            "9792" : 51991,
            "9920" : 134144,
            "10048" : 234008,
            "10176" : 330673,
            "10304" : 391924,
            "10432" : 376309,
            "10560" : 313321,
            "10688" : 233177,
            "10816" : 205338,
            "10944" : 269059,
            "11072" : 386344,
            "11200" : 485586,
            "11328" : 496606,
            "11456" : 432873,
            "11584" : 358109,
            "11712" : 354299,
            "11840" : 432743,
            "11968" : 531302,
            "12096" : 564310,
            "12224" : 579854,
            "12352" : 598086,
            "12480" : 531342,
            "12608" : 374063,
            "12736" : 253535,
            "12864" : 254518,
            "12992" : 337501,
            "13120" : 389644,
            "13248" : 381175,
            "13376" : 337817,
            "13504" : 269826,
            "13632" : 197926,
            "13760" : 142239,
            "13888" : 128325,
            "14016" : 148383,
            "14144" : 138771,
            "14272" : 109139,
            "14400" : 86023,
            "14528" : 68376,
            "14656" : 58668,
            "14784" : 54096,
            "14912" : 48862,
            "15040" : 45597,
            "15168" : 43410,
            "15296" : 39567,
            "15424" : 35787,
            "15552" : 33008,
            "15680" : 31390,
            "15808" : 30554,
            "15936" : 29078,
            "16064" : 27951,
            "16192" : 27533,
            "16320" : 26870,
            "16512" : 50715,
            "16768" : 48648,
            "17024" : 47782,
            "17280" : 45723,
            "17536" : 42728,
            "17792" : 38250,
            "18048" : 36035,
            "18304" : 33404,
            "18560" : 31483,
            "18816" : 30028,
            "19072" : 29169,
            "19328" : 27976,
            "19584" : 27299,
            "19840" : 26919,
            "20096" : 26643,
            "20352" : 25293,
            "20608" : 23939,
            "20864" : 23011,
            "21120" : 22936,
            "21376" : 22899,
            "21632" : 21359,
            "21888" : 19507,
            "22144" : 18440,
            "22400" : 17548,
            "22656" : 16270,
            "22912" : 15204,
            "23168" : 14039,
            "23424" : 13073,
            "23680" : 12409,
            "23936" : 11605,
            "24192" : 11025,
            "24448" : 10363,
            "24704" : 9812,
            "24960" : 9436,
            "25216" : 8741,
            "25472" : 8186,
            "25728" : 7867,
            "25984" : 7476,
            "26240" : 6939,
            "26496" : 6372,
            "26752" : 5964,
            "27008" : 5818,
            "27264" : 5223,
            "27520" : 4900,
            "27776" : 4435,
            "28032" : 4036,
            "28288" : 3519,
            "28544" : 3278,
            "28800" : 3039,
            "29056" : 2735,
            "29312" : 2547,
            "29568" : 2354,
            "29824" : 2081,
            "30080" : 1817,
            "30336" : 1763,
            "30592" : 1610,
            "30848" : 1431,
            "31104" : 1457,
            "31360" : 1339,
            "31616" : 1229,
            "31872" : 1236,
            "32128" : 1111,
            "32384" : 1116,
            "32640" : 1035,
            "33024" : 1849,
            "33536" : 1817,
            "34048" : 1697,
            "34560" : 1649,
            "35072" : 1540,
            "35584" : 1441,
            "36096" : 1437,
            "36608" : 1467,
            "37120" : 1484,
            "37632" : 1511,
            "38144" : 1512,
            "38656" : 1497,
            "39168" : 1478,
            "39680" : 1524,
            "40192" : 1396,
            "40704" : 1373,
            "41216" : 1314,
            "41728" : 1206,
            "42240" : 1163,
            "42752" : 1057,
            "43264" : 1038,
            "43776" : 912,
            "44288" : 782,
            "44800" : 705,
            "45312" : 665,
            "45824" : 602,
            "46336" : 508,
            "46848" : 498,
            "47360" : 478,
            "47872" : 469,
            "48384" : 459,
            "48896" : 427,
            "49408" : 428,
            "49920" : 450,
            "50432" : 462,
            "50944" : 421,
            "51456" : 434,
            "51968" : 450,
            "52480" : 401,
            "52992" : 374,
            "53504" : 361,
            "54016" : 314,
            "54528" : 308,
            "55040" : 309,
            "55552" : 291,
            "56064" : 337,
            "56576" : 320,
            "57088" : 304,
            "57600" : 317,
            "58112" : 321,
            "58624" : 297,
            "59136" : 299,
            "59648" : 331,
            "60160" : 331,
            "60672" : 327,
            "61184" : 313,
            "61696" : 247,
            "62208" : 191,
            "62720" : 175,
            "63232" : 169,
            "63744" : 153,
            "64256" : 154,
            "64768" : 144,
            "65280" : 133,
            "66048" : 239,
            "67072" : 240,
            "68096" : 221,
            "69120" : 214,
            "70144" : 167,
            "71168" : 199,
            "72192" : 160,
            "73216" : 179,
            "74240" : 173,
            "75264" : 168,
            "76288" : 159,
            "77312" : 141,
            "78336" : 147,
            "79360" : 154,
            "80384" : 145,
            "81408" : 148,
            "82432" : 142,
            "83456" : 138,
            "84480" : 118,
            "85504" : 132,
            "86528" : 115,
            "87552" : 114,
            "88576" : 108,
            "89600" : 114,
            "90624" : 94,
            "91648" : 112,
            "92672" : 122,
            "93696" : 100,
            "94720" : 82,
            "95744" : 60,
            "96768" : 50,
            "97792" : 54,
            "98816" : 58,
            "99840" : 77,
            "100864" : 64,
            "101888" : 50,
            "102912" : 66,
            "103936" : 48,
            "104960" : 43,
            "105984" : 48,
            "107008" : 61,
            "108032" : 54,
            "109056" : 52,
            "110080" : 61,
            "111104" : 62,
            "112128" : 44,
            "113152" : 60,
            "114176" : 58,
            "115200" : 48,
            "116224" : 32,
            "117248" : 37,
            "118272" : 34,
            "119296" : 30,
            "120320" : 26,
            "121344" : 30,
            "122368" : 32,
            "123392" : 27,
            "124416" : 24,
            "125440" : 21,
            "126464" : 16,
            "127488" : 30,
            "128512" : 20,
            "129536" : 21,
            "130560" : 24,
            "132096" : 34,
            "134144" : 50,
            "136192" : 39,
            "138240" : 44,
            "140288" : 42,
            "142336" : 32,
            "144384" : 27,
            "146432" : 36,
            "148480" : 25,
            "150528" : 25,
            "152576" : 28,
            "154624" : 33,
            "156672" : 20,
            "158720" : 20,
            "160768" : 21,
            "162816" : 14,
            "164864" : 15,
            "166912" : 20,
            "168960" : 15,
            "171008" : 8,
            "173056" : 11,
            "175104" : 4,
            "177152" : 8,
            "179200" : 17,
            "181248" : 9,
            "183296" : 8,
            "185344" : 15,
            "187392" : 3,
            "189440" : 12,
            "191488" : 9,
            "193536" : 8,
            "195584" : 5,
            "197632" : 5,
            "199680" : 7,
            "201728" : 6,
            "203776" : 4,
            "205824" : 5,
            "207872" : 2,
            "209920" : 11,
            "211968" : 16,
            "214016" : 16,
            "216064" : 20,
            "218112" : 19,
            "220160" : 17,
            "222208" : 16,
            "224256" : 19,
            "226304" : 12,
            "228352" : 11,
            "230400" : 16,
            "232448" : 24,
            "234496" : 13,
            "236544" : 11,
            "238592" : 15,
            "240640" : 8,
            "242688" : 10,
            "244736" : 10,
            "246784" : 8,
            "248832" : 9,
            "250880" : 3,
            "252928" : 6,
            "254976" : 3,
            "257024" : 4,
            "259072" : 5,
            "261120" : 3,
            "264192" : 12,
            "268288" : 3,
            "272384" : 11,
            "276480" : 3,
            "280576" : 4,
            "284672" : 5,
            "288768" : 4,
            "292864" : 7,
            "296960" : 2,
            "301056" : 5,
            "305152" : 5,
            "309248" : 3,
            "313344" : 5,
            "317440" : 3,
            "321536" : 8,
            "325632" : 16,
            "329728" : 16,
            "333824" : 16,
            "337920" : 23,
            "342016" : 16,
            "346112" : 22,
            "350208" : 17,
            "354304" : 16,
            "358400" : 16,
            "362496" : 19,
            "366592" : 10,
            "370688" : 12,
            "374784" : 10,
            "378880" : 16,
            "382976" : 10,
            "387072" : 5,
            "391168" : 14,
            "395264" : 9,
            "399360" : 5,
            "403456" : 7,
            "407552" : 8,
            "411648" : 4,
            "415744" : 4,
            "419840" : 10,
            "423936" : 19,
            "428032" : 14,
            "432128" : 16,
            "436224" : 12,
            "440320" : 16,
            "444416" : 22,
            "448512" : 16,
            "452608" : 14,
            "456704" : 8,
            "460800" : 9,
            "464896" : 9,
            "468992" : 7,
            "473088" : 6,
            "477184" : 7,
            "481280" : 7,
            "485376" : 6,
            "489472" : 1,
            "493568" : 3,
            "497664" : 2,
            "501760" : 2,
            "509952" : 1,
            "518144" : 2,
            "522240" : 2,
            "528384" : 2,
            "536576" : 2,
            "544768" : 2,
            "552960" : 1,
            "561152" : 3,
            "569344" : 3,
            "577536" : 2,
            "585728" : 4,
            "593920" : 2,
            "610304" : 1,
            "618496" : 4,
            "626688" : 5,
            "634880" : 8,
            "643072" : 5,
            "651264" : 4,
            "659456" : 4,
            "667648" : 5,
            "675840" : 5,
            "684032" : 1,
            "692224" : 2,
            "700416" : 1,
            "708608" : 3,
            "716800" : 4,
            "724992" : 3,
            "733184" : 2,
            "741376" : 10,
            "749568" : 5,
            "757760" : 4,
            "765952" : 1,
            "774144" : 5,
            "782336" : 6,
            "798720" : 5,
            "815104" : 3,
            "823296" : 1,
            "831488" : 3,
            "839680" : 12,
            "847872" : 18,
            "856064" : 24,
            "864256" : 25,
            "872448" : 33,
            "880640" : 28,
            "888832" : 22,
            "897024" : 10,
            "905216" : 10,
            "913408" : 16,
            "921600" : 7,
            "929792" : 4,
            "937984" : 8,
            "946176" : 12,
            "954368" : 11,
            "962560" : 13,
            "970752" : 8,
            "978944" : 2,
            "987136" : 6,
            "995328" : 6,
            "1003520" : 4,
            "1011712" : 4,
            "1019904" : 2,
            "1028096" : 6,
            "1036288" : 6,
            "1044480" : 2,
            "1056768" : 6,
            "1073152" : 3,
            "1089536" : 3,
            "1105920" : 3,
            "1122304" : 3,
            "1138688" : 3,
            "1155072" : 3,
            "1171456" : 3,
            "1220608" : 3,
            "1236992" : 1,
            "1253376" : 1,
            "1269760" : 2,
            "1286144" : 2,
            "1302528" : 4,
            "1318912" : 3,
            "1335296" : 4,
            "1351680" : 2,
            "1384448" : 3,
            "1400832" : 1,
            "1433600" : 1,
            "1466368" : 1,
            "1482752" : 1,
            "1499136" : 1,
            "1515520" : 2,
            "1531904" : 3,
            "1548288" : 2,
            "1564672" : 1,
            "1581056" : 1,
            "1613824" : 1,
            "1630208" : 2,
            "1646592" : 1,
            "1662976" : 2,
            "1679360" : 1,
            "1695744" : 3,
            "1712128" : 3,
            "1728512" : 1,
            "1744896" : 2,
            "1761280" : 3,
            "1777664" : 2,
            "1794048" : 1,
            "1810432" : 1,
            "1826816" : 2,
            "1843200" : 2,
            "1941504" : 2,
            "1974272" : 2,
            "1990656" : 3,
            "2023424" : 1,
            "2039808" : 1,
            "2072576" : 1,
            "2088960" : 1,
            "2146304" : 5,
            "2179072" : 1,
            "2211840" : 2,
            "2244608" : 4,
            "2277376" : 1,
            "2375680" : 1,
            "2441216" : 2,
            "2506752" : 3,
            "2539520" : 3,
            "2572288" : 1,
            "2605056" : 3,
            "2637824" : 5,
            "2670592" : 7,
            "2703360" : 3,
            "2736128" : 3,
            "2768896" : 2,
            "2801664" : 2,
            "2834432" : 1,
            "2932736" : 1,
            "2965504" : 1,
            "3031040" : 1,
            "3096576" : 1,
            "3129344" : 1,
            "3162112" : 1,
            "3260416" : 5,
            "3424256" : 2,
            "3489792" : 1,
            "3522560" : 1,
            "3620864" : 1,
            "3686400" : 1,
            "4227072" : 2,
            "4292608" : 1,
            "4489216" : 1,
            "4620288" : 1,
            "5144576" : 1,
            "5275648" : 1,
            "5406720" : 1,
            "5668864" : 1,
            "5931008" : 1,
            "6455296" : 1,
            "6520832" : 2,
            "6651904" : 1,
            "6717440" : 1,
            "6848512" : 1,
            "6979584" : 2,
            "7110656" : 2,
            "7897088" : 1,
            "8028160" : 1
          }
        },
        "bw_min" : 145312,
        "bw_max" : 285336,
        "bw_agg" : 100.000000,
        "bw_mean" : 207334.480801,
        "bw_dev" : 23630.077178,
        "bw_samples" : 599,
        "iops_min" : 36328,
        "iops_max" : 71334,
        "iops_mean" : 51833.585977,
        "iops_stddev" : 5907.530094,
        "iops_samples" : 599
      },
      "write" : {
        "io_bytes" : 63647408128,
        "io_kbytes" : 62155672,
        "bw_bytes" : 212155198,
        "bw" : 207182,
        "iops" : 51795.702724,
        "runtime" : 300004,
        "total_ios" : 15538918,
        "short_ios" : 0,
        "drop_ios" : 0,
        "slat_ns" : {
          "min" : 0,
          "max" : 0,
          "mean" : 0.000000,
          "stddev" : 0.000000,
          "N" : 0
        },
        "clat_ns" : {
          "min" : 2018,
          "max" : 8613754,
          "mean" : 3080.496364,
          "stddev" : 5002.531025,
          "N" : 15538918,
          "percentile" : {
            "1.000000" : 2192,
            "5.000000" : 2224,
            "10.000000" : 2256,
            "20.000000" : 2320,
            "30.000000" : 2448,
            "40.000000" : 2672,
            "50.000000" : 2992,
            "60.000000" : 3088,
            "70.000000" : 3184,
            "80.000000" : 3344,
            "90.000000" : 3824,
            "95.000000" : 4640,
            "99.000000" : 7072,
            "99.500000" : 7840,
            "99.900000" : 15936,
            "99.950000" : 22912,
            "99.990000" : 45824
          },
          "bins" : {
            "2024" : 1,
            "2040" : 1,
            "2064" : 31,
            "2096" : 694,
            "2128" : 7997,
            "2160" : 55269,
            "2192" : 287778,
            "2224" : 599931,
            "2256" : 795099,
            "2288" : 775494,
            "2320" : 660431,
            "2352" : 536760,
            "2384" : 431436,
            "2416" : 362794,
            "2448" : 307987,
            "2480" : 272654,
            "2512" : 250177,
            "2544" : 229619,
            "2576" : 208958,
            "2608" : 180415,
            "2640" : 153033,
            "2672" : 136052,
            "2704" : 136734,
            "2736" : 148481,
            "2768" : 150204,
            "2800" : 141879,
            "2832" : 129666,
            "2864" : 118440,
            "2896" : 128358,
            "2928" : 179116,
            "2960" : 280328,
            "2992" : 398402,
            "3024" : 491853,
            "3056" : 543477,
            "3088" : 539782,
            "3120" : 513501,
            "3152" : 471790,
            "3184" : 418822,
            "3216" : 372507,
            "3248" : 321016,
            "3280" : 283087,
            "3312" : 252620,
            "3344" : 227471,
            "3376" : 207066,
            "3408" : 181801,
            "3440" : 160263,
            "3472" : 139376,
            "3504" : 120050,
            "3536" : 106456,
            "3568" : 92226,
            "3600" : 81578,
            "3632" : 75652,
            "3664" : 70201,
            "3696" : 64458,
            "3728" : 57651,
            "3760" : 51459,
            "3792" : 46001,
            "3824" : 42783,
            "3856" : 43952,
            "3888" : 47023,
            "3920" : 51472,
            "3952" : 55368,
            "3984" : 56522,
            "4016" : 55399,
            "4048" : 51022,
            "4080" : 46200,
            "4128" : 78382,
            "4192" : 64127,
            "4256" : 53210,
            "4320" : 43765,
            "4384" : 35165,
            "4448" : 29058,
            "4512" : 24764,
            "4576" : 22295,
            "4640" : 19957,
            "4704" : 18242,
            "4768" : 17303,
            "4832" : 16892,
            "4896" : 16321,
            "4960" : 16494,
            "5024" : 16361,
            "5088" : 16862,
            "5152" : 17700,
            "5216" : 18243,
            "5280" : 18951,
            "5344" : 18758,
            "5408" : 18253,
            "5472" : 17817,
            "5536" : 17069,
            "5600" : 17148,
            "5664" : 16812,
            "5728" : 16539,
            "5792" : 16663,
            "5856" : 17448,
            "5920" : 18340,
            "5984" : 18580,
            "6048" : 18353,
            "6112" : 18386,
            "6176" : 17675,
            "6240" : 17426,
            "6304" : 16458,
            "6368" : 15687,
            "6432" : 14964,
            "6496" : 13874,
            "6560" : 13435,
            "6624" : 13073,
            "6688" : 13156,
            "6752" : 13258,
            "6816" : 13222,
            "6880" : 12703,
            "6944" : 12110,
            "7008" : 11378,
            "7072" : 10785,
            "7136" : 10194,
            "7200" : 9547,
            "7264" : 8680,
            "7328" : 7524,
            "7392" : 6863,
            "7456" : 6120,
            "7520" : 5338,
            "7584" : 4727,
            "7648" : 4183,
            "7712" : 3892,
            "7776" : 3488,
            "7840" : 3167,
            "7904" : 2834,
            "7968" : 2554,
            "8032" : 2415,
            "8096" : 2222,
            "8160" : 2111,
            "8256" : 3746,
            "8384" : 3114,
            "8512" : 2852,
            "8640" : 2464,
            "8768" : 2145,
            "8896" : 1840,
            "9024" : 1699,
            "9152" : 1464,
            "9280" : 1360,
            "9408" : 1197,
            "9536" : 1158,
            "9664" : 1071,
            "9792" : 994,
            "9920" : 956,
            "10048" : 886,
            "10176" : 874,
            "10304" : 835,
            "10432" : 850,
            "10560" : 828,
            "10688" : 797,
            "10816" : 801,
            "10944" : 850,
            "11072" : 759,
            "11200" : 829,
            "11328" : 745,
            "11456" : 701,
            "11584" : 671,
            "11712" : 658,
            "11840" : 638,
            "11968" : 606,
            "12096" : 562,
            "12224" : 577,
            "12352" : 504,
            "12480" : 526,
            "12608" : 517,
            "12736" : 505,
            "12864" : 470,
            "12992" : 452,
            "13120" : 441,
            "13248" : 385,
            "13376" : 416,
            "13504" : 388,
            "13632" : 399,
            "13760" : 393,
            "13888" : 328,
            "14016" : 325,
            "14144" : 347,
            "14272" : 332,
            "14400" : 339,
            "14528" : 342,
            "14656" : 311,
            "14784" : 337,
            "14912" : 326,
            "15040" : 350,
            "15168" : 306,
            "15296" : 286,
            "15424" : 266,
            "15552" : 266,
            "15680" : 278,
            "15808" : 266,
            "15936" : 257,
            "16064" : 251,
            "16192" : 248,
            "16320" : 246,
            "16512" : 460,
            "16768" : 431,
            "17024" : 428,
            "17280" : 432,
            "17536" : 396,
            "17792" : 379,
            "18048" : 341,
            "18304" : 334,
            "18560" : 328,
            "18816" : 291,
            "19072" : 291,
            "19328" : 260,
            "19584" : 243,
            "19840" : 264,
            "20096" : 200,
            "20352" : 212,
            "20608" : 216,
            "20864" : 171,
            "21120" : 168,
            "21376" : 187,
            "21632" : 167,
            "21888" : 151,
            "22144" : 137,
            "22400" : 136,
            "22656" : 118,
            "22912" : 124,
            "23168" : 137,
            "23424" : 116,
            "23680" : 102,
            "23936" : 83,
            "24192" : 94,
            "24448" : 97,
            "24704" : 100,
            "24960" : 90,
            "25216" : 82,
            "25472" : 85,
            "25728" : 91,
            "25984" : 88,
            "26240" : 95,
            "26496" : 87,
            "26752" : 84,
            "27008" : 102,
            "27264" : 90,
            "27520" : 76,
            "27776" : 101,
            "28032" : 118,
            "28288" : 124,
            "28544" : 82,
            "28800" : 93,
            "29056" : 111,
            "29312" : 105,
            "29568" : 129,
            "29824" : 95,
            "30080" : 129,
            "30336" : 107,
            "30592" : 109,
            "30848" : 132,
            "31104" : 127,
            "31360" : 133,
            "31616" : 102,
            "31872" : 122,
            "32128" : 116,
            "32384" : 127,
            "32640" : 95,
            "33024" : 200,
            "33536" : 183,
            "34048" : 175,
            "34560" : 152,
            "35072" : 150,
            "35584" : 123,
            "36096" : 144,
            "36608" : 104,
            "37120" : 94,
            "37632" : 74,
            "38144" : 78,
            "38656" : 57,
            "39168" : 55,
            "39680" : 55,
            "40192" : 48,
            "40704" : 49,
            "41216" : 50,
            "41728" : 48,
            "42240" : 44,
            "42752" : 41,
            "43264" : 52,
            "43776" : 40,
            "44288" : 33,
            "44800" : 50,
            "45312" : 33,
            "45824" : 43,
            "46336" : 37,
            "46848" : 34,
            "47360" : 33,
            "47872" : 38,
            "48384" : 39,
            "48896" : 47,
            "49408" : 29,
            "49920" : 27,
            "50432" : 22,
            "50944" : 25,
            "51456" : 12,
            "51968" : 20,
            "52480" : 19,
            "52992" : 15,
            "53504" : 20,
            "54016" : 16,
            "54528" : 12,
            "55040" : 16,
            "55552" : 10,
            "56064" : 12,
            "56576" : 13,
            "57088" : 13,
            "57600" : 18,
            "58112" : 16,
            "58624" : 13,
            "59136" : 10,
            "59648" : 17,
            "60160" : 16,
            "60672" : 13,
            "61184" : 15,
            "61696" : 14,
            "62208" : 6,
            "62720" : 14,
            "63232" : 8,
            "63744" : 12,
            "64256" : 9,
            "64768" : 14,
            "65280" : 9,
            "66048" : 15,
            "67072" : 8,
            "68096" : 15,
            "69120" : 18,
            "70144" : 15,
            "71168" : 14,
            "72192" : 16,
            "73216" : 17,
            "74240" : 16,
            "75264" : 13,
            "76288" : 14,
            "77312" : 9,
            "78336" : 13,
            "79360" : 12,
            "80384" : 13,
            "81408" : 9,
            "82432" : 14,
            "83456" : 20,
            "84480" : 34,
            "85504" : 23,
            "86528" : 16,
            "87552" : 8,
            "88576" : 13,
            "89600" : 4,
            "90624" : 5,
            "91648" : 8,
            "92672" : 2,
            "93696" : 5,
            "94720" : 7,
            "95744" : 7,
            "96768" : 5,
            "97792" : 7,
            "98816" : 5,
            "99840" : 6,
            "100864" : 6,
            "101888" : 4,
            "102912" : 11,
            "103936" : 8,
            "104960" : 11,
            "105984" : 9,
            "107008" : 5,
            "108032" : 4,
            "109056" : 5,
            "110080" : 4,
            "111104" : 4,
            "112128" : 2,
            "113152" : 6,
            "114176" : 3,
            "115200" : 4,
            "116224" : 7,
            "117248" : 3,
            "118272" : 2,
            "119296" : 3,
            "120320" : 3,
            "121344" : 4,
            "122368" : 3,
            "123392" : 3,
            "124416" : 4,
            "125440" : 4,
            "126464" : 1,
            "127488" : 3,
            "128512" : 6,
            "129536" : 3,
            "130560" : 1,
            "132096" : 2,
            "134144" : 3,
            "136192" : 1,
            "138240" : 2,
            "140288" : 2,
            "142336" : 3,
            "144384" : 2,
            "146432" : 2,
            "148480" : 1,
            "150528" : 1,
            "152576" : 1,
            "158720" : 2,
            "160768" : 4,
            "166912" : 1,
            "168960" : 3,
            "171008" : 1,
            "173056" : 2,
            "175104" : 2,
            "177152" : 2,
            "179200" : 3,
            "181248" : 1,
            "183296" : 1,
            "185344" : 1,
            "187392" : 1,
            "189440" : 1,
            "193536" : 1,
            "197632" : 1,
            "199680" : 1,
            "201728" : 2,
            "205824" : 3,
            "207872" : 5,
            "209920" : 2,
            "211968" : 1,
            "214016" : 2,
            "216064" : 1,
            "218112" : 2,
            "220160" : 3,
            "222208" : 2,
            "224256" : 1,
            "226304" : 3,
            "228352" : 2,
            "230400" : 1,
            "236544" : 1,
            "238592" : 4,
            "240640" : 3,
            "244736" : 1,
            "246784" : 1,
            "248832" : 1,
            "252928" : 1,
            "257024" : 1,
            "259072" : 1,
            "261120" : 1,
            "272384" : 1,
            "276480" : 1,
            "288768" : 1,
            "292864" : 1,
            "317440" : 1,
            "321536" : 3,
            "325632" : 5,
            "329728" : 3,
            "333824" : 3,
            "337920" : 2,
            "342016" : 4,
            "350208" : 2,
            "354304" : 2,
            "374784" : 3,
            "382976" : 2,
            "387072" : 2,
            "403456" : 1,
            "411648" : 3,
            "415744" : 2,
            "419840" : 4,
            "423936" : 5,
            "428032" : 1,
            "432128" : 1,
            "452608" : 1,
            "464896" : 1,
            "536576" : 1,
            "544768" : 1,
            "569344" : 1,
            "585728" : 1,
            "602112" : 2,
            "610304" : 1,
            "618496" : 2,
            "626688" : 2,
            "634880" : 2,
            "651264" : 1,
            "659456" : 2,
            "675840" : 1,
            "684032" : 2,
            "700416" : 1,
            "708608" : 3,
            "724992" : 2,
            "749568" : 1,
            "757760" : 1,
            "765952" : 1,
            "798720" : 1,
            "806912" : 1,
            "823296" : 1,
            "831488" : 5,
            "839680" : 2,
            "847872" : 7,
            "856064" : 11,
            "864256" : 5,
            "872448" : 5,
            "880640" : 10,
            "888832" : 2,
            "897024" : 6,
            "905216" : 1,
            "913408" : 1,
            "921600" : 1,
            "929792" : 3,
            "937984" : 5,
            "946176" : 3,
            "954368" : 2,
            "962560" : 1,
            "970752" : 3,
            "978944" : 1,
            "995328" : 3,
            "1003520" : 1,
            "1011712" : 2,
            "1089536" : 1,
            "1155072" : 2,
            "1204224" : 1,
            "1220608" : 2,
            "1236992" : 1,
            "1286144" : 1,
            "1384448" : 1,
            "1466368" : 1,
            "1531904" : 2,
            "1564672" : 1,
            "1630208" : 1,
            "1859584" : 1,
            "1957888" : 1,
            "2007040" : 2,
            "2277376" : 1,
            "2375680" : 1,
            "2605056" : 2,
            "2637824" : 2,
            "2670592" : 1,
            "2768896" : 1,
            "2899968" : 1,
            "2965504" : 1,
            "2998272" : 1,
            "3194880" : 1,
            "5734400" : 1,
            "5996544" : 1,
            "8585216" : 1
          }
        },
        "lat_ns" : {
          "min" : 2062,
          "max" : 8613840,
          "mean" : 3146.950976,
          "stddev" : 5032.734637,
          "N" : 15538918,
          "percentile" : {
            "1.000000" : 2224,
            "5.000000" : 2288,
            "10.000000" : 2320,
            "20.000000" : 2384,
            "30.000000" : 2480,
            "40.000000" : 2736,
            "50.000000" : 3056,
            "60.000000" : 3152,
            "70.000000" : 3248,
            "80.000000" : 3408,
            "90.000000" : 3920,
            "95.000000" : 4768,
            "99.000000" : 7200,
            "99.500000" : 8032,
            "99.900000" : 16320,
            "99.950000" : 23424,
            "99.990000" : 46336
          },
          "bins" : {
            "2064" : 2,
            "2096" : 6,
            "2128" : 246,
            "2160" : 3327,
            "2192" : 25271,
            "2224" : 170412,
            "2256" : 484263,
            "2288" : 731989,
            "2320" : 794927,
            "2352" : 713192,
            "2384" : 585922,
            "2416" : 475507,
            "2448" : 386469,
            "2480" : 325987,
            "2512" : 286980,
            "2544" : 259091,
            "2576" : 239996,
            "2608" : 216320,
            "2640" : 190005,
            "2672" : 162113,
            "2704" : 133658,
            "2736" : 119287,
            "2768" : 119670,
            "2800" : 133785,
            "2832" : 143755,
            "2864" : 140073,
            "2896" : 130750,
            "2928" : 114024,
            "2960" : 111563,
            "2992" : 146301,
            "3024" : 230861,
            "3056" : 350057,
            "3088" : 454254,
            "3120" : 519265,
            "3152" : 544164,
            "3184" : 532437,
            "3216" : 502035,
            "3248" : 443279,
            "3280" : 386114,
            "3312" : 336264,
            "3344" : 293022,
            "3376" : 262970,
            "3408" : 232629,
            "3440" : 209183,
            "3472" : 188501,
            "3504" : 165725,
            "3536" : 146269,
            "3568" : 124442,
            "3600" : 108714,
            "3632" : 94940,
            "3664" : 83772,
            "3696" : 77590,
            "3728" : 70802,
            "3760" : 64876,
            "3792" : 59373,
            "3824" : 53145,
            "3856" : 47822,
            "3888" : 43239,
            "3920" : 42537,
            "3952" : 45111,
            "3984" : 49550,
            "4016" : 54583,
            "4048" : 55993,
            "4080" : 55500,
            "4128" : 101059,
            "4192" : 82992,
            "4256" : 66600,
            "4320" : 55846,
            "4384" : 45871,
            "4448" : 36693,
            "4512" : 30486,
            "4576" : 25581,
            "4640" : 22294,
            "4704" : 20078,
            "4768" : 18126,
            "4832" : 16867,
            "4896" : 16221,
            "4960" : 16040,
            "5024" : 15834,
            "5088" : 15930,
            "5152" : 16021,
            "5216" : 16367,
            "5280" : 16821,
            "5344" : 17474,
            "5408" : 18173,
            "5472" : 18370,
            "5536" : 18077,
            "5600" : 17659,
            "5664" : 16977,
            "5728" : 16994,
            "5792" : 17028,
            "5856" : 17316,
            "5920" : 18062,
            "5984" : 18608,
            "6048" : 19121,
            "6112" : 18741,
            "6176" : 18507,
            "6240" : 18126,
            "6304" : 17655,
            "6368" : 16779,
            "6432" : 16197,
            "6496" : 15420,
            "6560" : 14494,
            "6624" : 13737,
            "6688" : 13223,
            "6752" : 13427,
            "6816" : 13577,
            "6880" : 13678,
            "6944" : 13193,
            "7008" : 12816,
            "7072" : 12162,
            "7136" : 11555,
            "7200" : 10941,
            "7264" : 9906,
            "7328" : 9188,
            "7392" : 8168,
            "7456" : 7394,
            "7520" : 6638,
            "7584" : 6006,
            "7648" : 5338,
            "7712" : 4726,
            "7776" : 4120,
            "7840" : 3866,
            "7904" : 3489,
            "7968" : 3245,
            "8032" : 2869,
            "8096" : 2667,
            "8160" : 2452,
            "8256" : 4444,
            "8384" : 3770,
            "8512" : 3236,
            "8640" : 2929,
            "8768" : 2540,
            "8896" : 2134,
            "9024" : 1896,
            "9152" : 1765,
            "9280" : 1510,
            "9408" : 1358,
            "9536" : 1248,
            "9664" : 1179,
            "9792" : 1153,
            "9920" : 1015,
            "10048" : 964,
            "10176" : 887,
            "10304" : 893,
            "10432" : 886,
            "10560" : 822,
            "10688" : 868,
            "10816" : 779,
            "10944" : 869,
            "11072" : 795,
            "11200" : 794,
            "11328" : 810,
            "11456" : 726,
            "11584" : 714,
            "11712" : 676,
            "11840" : 657,
            "11968" : 635,
            "12096" : 590,
            "12224" : 562,
            "12352" : 549,
            "12480" : 546,
            "12608" : 491,
            "12736" : 493,
            "12864" : 447,
            "12992" : 484,
            "13120" : 402,
            "13248" : 412,
            "13376" : 393,
            "13504" : 372,
            "13632" : 363,
            "13760" : 373,
            "13888" : 390,
            "14016" : 329,
            "14144" : 331,
            "14272" : 364,
            "14400" : 318,
            "14528" : 323,
            "14656" : 324,
            "14784" : 364,
            "14912" : 324,
            "15040" : 334,
            "15168" : 300,
            "15296" : 336,
            "15424" : 298,
            "15552" : 285,
            "15680" : 298,
            "15808" : 279,
            "15936" : 308,
            "16064" : 251,
            "16192" : 273,
            "16320" : 250,
            "16512" : 481,
            "16768" : 422,
            "17024" : 435,
            "17280" : 382,
            "17536" : 430,
            "17792" : 394,
            "18048" : 328,
            "18304" : 348,
            "18560" : 350,
            "18816" : 360,
            "19072" : 313,
            "19328" : 310,
            "19584" : 327,
            "19840" : 298,
            "20096" : 261,
            "20352" : 233,
            "20608" : 256,
            "20864" : 200,
            "21120" : 196,
            "21376" : 201,
            "21632" : 185,
            "21888" : 156,
            "22144" : 162,
            "22400" : 132,
            "22656" : 126,
            "22912" : 140,
            "23168" : 131,
            "23424" : 132,
            "23680" : 114,
            "23936" : 100,
            "24192" : 105,
            "24448" : 104,
            "24704" : 105,
            "24960" : 107,
            "25216" : 100,
            "25472" : 88,
            "25728" : 87,
            "25984" : 92,
            "26240" : 93,
            "26496" : 83,
            "26752" : 91,
            "27008" : 92,
            "27264" : 91,
            "27520" : 101,
            "27776" : 96,
            "28032" : 112,
            "28288" : 127,
            "28544" : 108,
            "28800" : 87,
            "29056" : 110,
            "29312" : 105,
            "29568" : 138,
            "29824" : 104,
            "30080" : 108,
            "30336" : 130,
            "30592" : 106,
            "30848" : 132,
            "31104" : 144,
            "31360" : 126,
            "31616" : 125,
            "31872" : 122,
            "32128" : 117,
            "32384" : 121,
            "32640" : 109,
            "33024" : 203,
            "33536" : 182,
            "34048" : 187,
            "34560" : 153,
            "35072" : 160,
            "35584" : 133,
            "36096" : 142,
            "36608" : 108,
            "37120" : 98,
            "37632" : 82,
            "38144" : 83,
            "38656" : 62,
            "39168" : 57,
            "39680" : 57,
            "40192" : 49,
            "40704" : 58,
            "41216" : 49,
            "41728" : 50,
            "42240" : 49,
            "42752" : 40,
            "43264" : 44,
            "43776" : 47,
            "44288" : 35,
            "44800" : 46,
            "45312" : 40,
            "45824" : 44,
            "46336" : 40,
            "46848" : 34,
            "47360" : 33,
            "47872" : 38,
            "48384" : 38,
            "48896" : 48,
            "49408" : 27,
            "49920" : 31,
            "50432" : 28,
            "50944" : 26,
            "51456" : 14,
            "51968" : 18,
            "52480" : 23,
            "52992" : 15,
            "53504" : 20,
            "54016" : 14,
            "54528" : 15,
            "55040" : 15,
            "55552" : 12,
            "56064" : 11,
            "56576" : 16,
            "57088" : 15,
            "57600" : 15,
            "58112" : 17,
            "58624" : 15,
            "59136" : 7,
            "59648" : 19,
            "60160" : 15,
            "60672" : 14,
            "61184" : 14,
            "61696" : 12,
            "62208" : 11,
            "62720" : 12,
            "63232" : 8,
            "63744" : 10,
            "64256" : 11,
            "64768" : 13,
            "65280" : 11,
            "66048" : 15,
            "67072" : 8,
            "68096" : 17,
            "69120" : 17,
            "70144" : 18,
            "71168" : 12,
            "72192" : 18,
            "73216" : 15,
            "74240" : 19,
            "75264" : 14,
            "76288" : 14,
            "77312" : 7,
            "78336" : 15,
            "79360" : 11,
            "80384" : 14,
            "81408" : 9,
            "82432" : 14,
            "83456" : 20,
            "84480" : 31,
            "85504" : 25,
            "86528" : 17,
            "87552" : 7,
            "88576" : 13,
            "89600" : 5,
            "90624" : 4,
            "91648" : 9,
            "92672" : 2,
            "93696" : 4,
            "94720" : 8,
            "95744" : 7,
            "96768" : 5,
            "97792" : 7,
            "98816" : 5,
            "99840" : 6,
            "100864" : 5,
            "101888" : 4,
            "102912" : 11,
            "103936" : 10,
            "104960" : 10,
            "105984" : 8,
            "107008" : 6,
            "108032" : 5,
            "109056" : 4,
            "110080" : 4,
            "111104" : 7,
            "112128" : 2,
            "113152" : 6,
            "114176" : 3,
            "115200" : 4,
            "116224" : 6,
            "117248" : 4,
            "118272" : 1,
            "119296" : 3,
            "120320" : 4,
            "121344" : 4,
            "122368" : 3,
            "123392" : 3,
            "124416" : 4,
            "125440" : 4,
            "126464" : 1,
            "127488" : 3,
            "128512" : 6,
            "129536" : 3,
            "130560" : 1,
            "132096" : 2,
            "134144" : 4,
            "136192" : 1,
            "138240" : 2,
            "140288" : 2,
            "142336" : 3,
            "144384" : 2,
            "146432" : 2,
            "148480" : 1,
            "150528" : 2,
            "152576" : 1,
            "158720" : 1,
            "160768" : 5,
            "168960" : 3,
            "171008" : 2,
            "173056" : 2,
            "175104" : 2,
            "177152" : 2,
            "179200" : 3,
            "181248" : 1,
            "183296" : 1,
            "185344" : 1,
            "187392" : 1,
            "189440" : 1,
            "193536" : 1,
            "197632" : 1,
            "199680" : 1,
            "201728" : 2,
            "205824" : 3,
            "207872" : 5,
            "209920" : 2,
            "211968" : 1,
            "214016" : 2,
            "216064" : 1,
            "218112" : 2,
            "220160" : 4,
            "222208" : 2,
            "224256" : 1,
            "226304" : 3,
            "228352" : 2,
            "230400" : 1,
            "236544" : 1,
            "238592" : 3,
            "240640" : 4,
            "244736" : 1,
            "246784" : 1,
            "248832" : 1,
            "252928" : 1,
            "257024" : 1,
            "259072" : 1,
            "261120" : 1,
            "272384" : 1,
            "276480" : 1,
            "288768" : 1,
            "292864" : 1,
            "317440" : 1,
            "321536" : 2,
            "325632" : 6,
            "329728" : 3,
            "333824" : 3,
            "337920" : 2,
            "342016" : 4,
            "350208" : 2,
            "354304" : 2,
            "374784" : 3,
            "382976" : 2,
            "387072" : 2,
            "403456" : 1,
            "411648" : 3,
            "415744" : 3,
            "419840" : 4,
            "423936" : 5,
            "428032" : 2,
            "432128" : 1,
            "452608" : 1,
            "464896" : 1,
            "536576" : 1,
            "544768" : 1,
            "569344" : 1,
            "585728" : 1,
            "602112" : 2,
            "610304" : 2,
            "618496" : 3,
            "626688" : 2,
            "634880" : 2,
            "651264" : 1,
            "659456" : 2,
            "675840" : 1,
            "684032" : 2,
            "708608" : 4,
            "724992" : 2,
            "749568" : 1,
            "757760" : 1,
            "765952" : 1,
            "798720" : 1,
            "806912" : 1,
            "823296" : 1,
            "831488" : 5,
            "839680" : 2,
            "847872" : 7,
            "856064" : 11,
            "864256" : 5,
            "872448" : 5,
            "880640" : 9,
            "888832" : 3,
            "897024" : 6,
            "905216" : 2,
            "913408" : 1,
            "921600" : 1,
            "929792" : 3,
            "937984" : 7,
            "946176" : 3,
            "954368" : 2,
            "962560" : 1,
            "970752" : 3,
            "978944" : 1,
            "995328" : 3,
            "1003520" : 1,
            "1011712" : 2,
            "1089536" : 1,
            "1155072" : 2,
            "1204224" : 1,
            "1220608" : 2,
            "1236992" : 1,
            "1286144" : 1,
            "1384448" : 1,
            "1466368" : 1,
            "1531904" : 2,
            "1564672" : 1,
            "1630208" : 1,
            "1859584" : 1,
            "1957888" : 1,
            "2007040" : 2,
            "2277376" : 1,
            "2375680" : 1,
            "2605056" : 2,
            "2637824" : 2,
            "2670592" : 1,
            "2768896" : 1,
            "2899968" : 1,
            "2965504" : 1,
            "2998272" : 1,
            "3194880" : 1,
            "5734400" : 1,
            "5996544" : 1,
            "8585216" : 1
          }
        },
        "bw_min" : 143232,
        "bw_max" : 287904,
        "bw_agg" : 100.000000,
        "bw_mean" : 207259.784641,
        "bw_dev" : 23628.754227,
        "bw_samples" : 599,
        "iops_min" : 35808,
        "iops_max" : 71976,
        "iops_mean" : 51814.916528,
        "iops_stddev" : 5907.196282,
        "iops_samples" : 599
      },
      "trim" : {
        "io_bytes" : 0,
        "io_kbytes" : 0,
        "bw_bytes" : 0,
        "bw" : 0,
        "iops" : 0.000000,
        "runtime" : 0,
        "total_ios" : 0,
        "short_ios" : 0,
        "drop_ios" : 0,
        "slat_ns" : {
          "min" : 0,
          "max" : 0,
          "mean" : 0.000000,
          "stddev" : 0.000000,
          "N" : 0
        },
        "clat_ns" : {
          "min" : 0,
          "max" : 0,
          "mean" : 0.000000,
          "stddev" : 0.000000,
          "N" : 0
        },
        "lat_ns" : {
          "min" : 0,
          "max" : 0,
          "mean" : 0.000000,
          "stddev" : 0.000000,
          "N" : 0
        },
        "bw_min" : 0,
        "bw_max" : 0,
        "bw_agg" : 0.000000,
        "bw_mean" : 0.000000,
        "bw_dev" : 0.000000,
        "bw_samples" : 0,
        "iops_min" : 0,
        "iops_max" : 0,
        "iops_mean" : 0.000000,
        "iops_stddev" : 0.000000,
        "iops_samples" : 0
      },
      "sync" : {
        "total_ios" : 0,
        "lat_ns" : {
          "min" : 0,
          "max" : 0,
          "mean" : 0.000000,
          "stddev" : 0.000000,
          "N" : 0
        }
      },
      "job_runtime" : 300003,
      "usr_cpu" : 11.524885,
      "sys_cpu" : 60.798059,
      "ctx" : 15643730,
      "majf" : 0,
      "minf" : 18,
      "iodepth_level" : {
        "1" : 100.000000,
        "2" : 0.000000,
        "4" : 0.000000,
        "8" : 0.000000,
        "16" : 0.000000,
        "32" : 0.000000,
        ">=64" : 0.000000
      },
      "iodepth_submit" : {
        "0" : 0.000000,
        "4" : 100.000000,
        "8" : 0.000000,
        "16" : 0.000000,
        "32" : 0.000000,
        "64" : 0.000000,
        ">=64" : 0.000000
      },
      "iodepth_complete" : {
        "0" : 0.000000,
        "4" : 100.000000,
        "8" : 0.000000,
        "16" : 0.000000,
        "32" : 0.000000,
        "64" : 0.000000,
        ">=64" : 0.000000
      },
      "latency_ns" : {
        "2" : 0.000000,
        "4" : 0.000000,
        "10" : 0.000000,
        "20" : 0.000000,
        "50" : 0.000000,
        "100" : 0.000000,
        "250" : 0.000000,
        "500" : 0.000000,
        "750" : 0.000000,
        "1000" : 0.000000
      },
      "latency_us" : {
        "2" : 0.010000,
        "4" : 45.849007,
        "10" : 11.630724,
        "20" : 40.889320,
        "50" : 1.572050,
        "100" : 0.046446,
        "250" : 0.010000,
        "500" : 0.010000,
        "750" : 0.010000,
        "1000" : 0.010000
      },
      "latency_ms" : {
        "2" : 0.010000,
        "4" : 0.010000,
        "10" : 0.010000,
        "20" : 0.000000,
        "50" : 0.000000,
        "100" : 0.000000,
        "250" : 0.000000,
        "500" : 0.000000,
        "750" : 0.000000,
        "1000" : 0.000000,
        "2000" : 0.000000,
        ">=2000" : 0.000000
      },
      "latency_depth" : 128,
      "latency_target" : 0,
      "latency_percentile" : 100.000000,
      "latency_window" : 0
    }
  ],
  "disk_util" : [
    {
      "name" : "loop6",
      "read_ios" : 15533802,
      "write_ios" : 7768512,
      "read_merges" : 0,
      "write_merges" : 0,
      "read_ticks" : 122384,
      "write_ticks" : 411921,
      "in_queue" : 72,
      "util" : 99.981320
    }
  ]
}
