{
  "fio version" : "fio-3.32-36-g5932",
  "timestamp" : 1664574858,
  "timestamp_ms" : 1664574858658,
  "time" : "Fri Sep 30 23:54:18 2022",
  "global options" : {
    "size" : "64M",
    "rw" : "randrw",
    "bs" : "4K",
    "numjobs" : "1",
    "iodepth" : "1",
    "runtime" : "300",
    "end_fsync" : "1",
    "lat_percentiles" : "1",
    "slat_percentiles" : "1",
    "clat_percentiles" : "1"
  },
  "jobs" : [
    {
      "jobname" : "random-rw",
      "groupid" : 0,
      "error" : 0,
      "eta" : 0,
      "elapsed" : 301,
      "job options" : {
        "name" : "random-rw"
      },
      "read" : {
        "io_bytes" : 51821707264,
        "io_kbytes" : 50607136,
        "bw_bytes" : 172738448,
        "bw" : 168689,
        "iops" : 42172.472758,
        "runtime" : 300001,
        "total_ios" : 12651784,
        "short_ios" : 0,
        "drop_ios" : 0,
        "slat_ns" : {
          "min" : 0,
          "max" : 0,
          "mean" : 0.000000,
          "stddev" : 0.000000,
          "N" : 0
        },
        "clat_ns" : {
          "min" : 6669,
          "max" : 13899378,
          "mean" : 15037.487733,
          "stddev" : 26618.379024,
          "N" : 12651784,
          "percentile" : {
            "1.000000" : 7136,
            "5.000000" : 7520,
            "10.000000" : 10432,
            "20.000000" : 11712,
            "30.000000" : 12480,
            "40.000000" : 12992,
            "50.000000" : 13376,
            "60.000000" : 13888,
            "70.000000" : 14912,
            "80.000000" : 17536,
            "90.000000" : 21632,
            "95.000000" : 24448,
            "99.000000" : 31104,
            "99.500000" : 38656,
            "99.900000" : 88576,
            "99.950000" : 136192,
            "99.990000" : 659456
          },
          "bins" : {
            "6688" : 31,
            "6752" : 236,
            "6816" : 1286,
            "6880" : 4771,
            "6944" : 13728,
            "7008" : 31056,
            "7072" : 55035,
            "7136" : 78977,
            "7200" : 95350,
            "7264" : 99822,
            "7328" : 94556,
            "7392" : 83096,
            "7456" : 68696,
            "7520" : 54337,
            "7584" : 40410,
            "7648" : 30008,
            "7712" : 22141,
            "7776" : 16111,
            "7840" : 12240,
            "7904" : 10171,
            "7968" : 9265,
            "8032" : 9202,
            "8096" : 9380,
            "8160" : 9549,
            "8256" : 17560,
            "8384" : 14115,
            "8512" : 10278,
            "8640" : 7327,
            "8768" : 5463,
            "8896" : 4074,
            "9024" : 3355,
            "9152" : 2994,
            "9280" : 3124,
            "9408" : 3165,
            "9536" : 3043,
            "9664" : 3047,
            "9792" : 5393,
            "9920" : 16310,
            "10048" : 41660,
            "10176" : 78439,
            "10304" : 112903,
            "10432" : 127278,
            "10560" : 118735,
            "10688" : 94189,
            "10816" : 75157,
            "10944" : 85805,
            "11072" : 124652,
            "11200" : 165591,
            "11328" : 184929,
            "11456" : 183006,
            "11584" : 172343,
            "11712" : 155530,
            "11840" : 138931,
            "11968" : 135570,
            "12096" : 148657,
            "12224" : 179963,
            "12352" : 255750,
            "12480" : 358661,
            "12608" : 403478,
            "12736" : 351747,
            "12864" : 280495,
            "12992" : 273980,
            "13120" : 342287,
            "13248" : 424247,
            "13376" : 441293,
            "13504" : 387297,
            "13632" : 317433,
            "13760" : 267750,
            "13888" : 223939,
            "14016" : 199746,
            "14144" : 200477,
            "14272" : 196399,
            "14400" : 176047,
            "14528" : 146878,
            "14656" : 126919,
            "14784" : 127446,
            "14912" : 137293,
            "15040" : 131301,
            "15168" : 114169,
            "15296" : 97112,
            "15424" : 84446,
            "15552" : 75294,
            "15680" : 68780,
            "15808" : 64661,
            "15936" : 60527,
            "16064" : 57207,
            "16192" : 53605,
            "16320" : 50561,
            "16512" : 93649,
            "16768" : 87071,
            "17024" : 83979,
            "17280" : 81111,
            "17536" : 77920,
            "17792" : 74820,
            "18048" : 72258,
            "18304" : 70655,
            "18560" : 71986,
            "18816" : 74569,
            "19072" : 75395,
            "19328" : 76421,
            "19584" : 78315,
            "19840" : 79527,
            "20096" : 77504,
            "20352" : 74721,
            "20608" : 75415,
            "20864" : 80848,
            "21120" : 86196,
            "21376" : 82055,
            "21632" : 74373,
            "21888" : 69551,
            "22144" : 69153,
            "22400" : 67195,
            "22656" : 63377,
            "22912" : 58227,
            "23168" : 54359,
            "23424" : 50914,
            "23680" : 48878,
            "23936" : 47289,
            "24192" : 45352,
            "24448" : 43141,
            "24704" : 41515,
            "24960" : 39107,
            "25216" : 37374,
            "25472" : 35074,
            "25728" : 32635,
            "25984" : 30788,
            "26240" : 28622,
            "26496" : 26542,
            "26752" : 24574,
            "27008" : 22698,
            "27264" : 20727,
            "27520" : 19244,
            "27776" : 17654,
            "28032" : 15692,
            "28288" : 14204,
            "28544" : 12776,
            "28800" : 11611,
            "29056" : 10213,
            "29312" : 9139,
            "29568" : 8185,
            "29824" : 7646,
            "30080" : 6800,
            "30336" : 6130,
            "30592" : 5647,
            "30848" : 5037,
            "31104" : 4651,
            "31360" : 4434,
            "31616" : 3998,
            "31872" : 3708,
            "32128" : 3506,
            "32384" : 3285,
            "32640" : 2906,
            "33024" : 5400,
            "33536" : 4663,
            "34048" : 4364,
            "34560" : 3704,
            "35072" : 3518,
            "35584" : 3084,
            "36096" : 2853,
            "36608" : 2518,
            "37120" : 2377,
            "37632" : 2291,
            "38144" : 2103,
            "38656" : 2069,
            "39168" : 1998,
            "39680" : 1863,
            "40192" : 1712,
            "40704" : 1661,
            "41216" : 1547,
            "41728" : 1435,
            "42240" : 1423,
            "42752" : 1366,
            "43264" : 1242,
            "43776" : 1206,
            "44288" : 1192,
            "44800" : 1179,
            "45312" : 1060,
            "45824" : 1087,
            "46336" : 1017,
            "46848" : 948,
            "47360" : 924,
            "47872" : 855,
            "48384" : 767,
            "48896" : 791,
            "49408" : 807,
            "49920" : 688,
            "50432" : 716,
            "50944" : 659,
            "51456" : 619,
            "51968" : 611,
            "52480" : 603,
            "52992" : 607,
            "53504" : 565,
            "54016" : 532,
            "54528" : 533,
            "55040" : 498,
            "55552" : 505,
            "56064" : 505,
            "56576" : 440,
            "57088" : 435,
            "57600" : 486,
            "58112" : 411,
            "58624" : 445,
            "59136" : 420,
            "59648" : 407,
            "60160" : 384,
            "60672" : 369,
            "61184" : 340,
            "61696" : 369,
            "62208" : 364,
            "62720" : 305,
            "63232" : 293,
            "63744" : 315,
            "64256" : 311,
            "64768" : 292,
            "65280" : 284,
            "66048" : 581,
            "67072" : 497,
            "68096" : 442,
            "69120" : 445,
            "70144" : 446,
            "71168" : 408,
            "72192" : 389,
            "73216" : 397,
            "74240" : 369,
            "75264" : 367,
            "76288" : 329,
            "77312" : 320,
            "78336" : 340,
            "79360" : 316,
            "80384" : 336,
            "81408" : 327,
            "82432" : 309,
            "83456" : 285,
            "84480" : 274,
            "85504" : 260,
            "86528" : 285,
            "87552" : 284,
            "88576" : 246,
            "89600" : 256,
            "90624" : 218,
            "91648" : 239,
            "92672" : 195,
            "93696" : 221,
            "94720" : 206,
            "95744" : 202,
            "96768" : 195,
            "97792" : 181,
            "98816" : 194,
            "99840" : 172,
            "100864" : 161,
            "101888" : 139,
            "102912" : 129,
            "103936" : 150,
            "104960" : 149,
            "105984" : 142,
            "107008" : 143,
            "108032" : 152,
            "109056" : 152,
            "110080" : 131,
            "111104" : 140,
            "112128" : 123,
            "113152" : 149,
            "114176" : 141,
            "115200" : 120,
            "116224" : 134,
            "117248" : 118,
            "118272" : 133,
            "119296" : 113,
            "120320" : 122,
            "121344" : 122,
            "122368" : 125,
            "123392" : 112,
            "124416" : 107,
            "125440" : 108,
            "126464" : 103,
            "127488" : 72,
            "128512" : 68,
            "129536" : 89,
            "130560" : 74,
            "132096" : 147,
            "134144" : 112,
            "136192" : 124,
            "138240" : 150,
            "140288" : 137,
            "142336" : 126,
            "144384" : 115,
            "146432" : 98,
            "148480" : 121,
            "150528" : 118,
            "152576" : 89,
            "154624" : 87,
            "156672" : 80,
            "158720" : 82,
            "160768" : 79,
            "162816" : 72,
            "164864" : 62,
            "166912" : 68,
            "168960" : 67,
            "171008" : 77,
            "173056" : 53,
            "175104" : 53,
            "177152" : 49,
            "179200" : 46,
            "181248" : 42,
            "183296" : 52,
            "185344" : 40,
            "187392" : 35,
            "189440" : 44,
            "191488" : 44,
            "193536" : 46,
            "195584" : 55,
            "197632" : 43,
            "199680" : 40,
            "201728" : 40,
            "203776" : 53,
            "205824" : 44,
            "207872" : 35,
            "209920" : 42,
            "211968" : 49,
            "214016" : 52,
            "216064" : 45,
            "218112" : 46,
            "220160" : 36,
            "222208" : 46,
            "224256" : 34,
            "226304" : 39,
            "228352" : 37,
            "230400" : 34,
            "232448" : 41,
            "234496" : 41,
            "236544" : 28,
            "238592" : 32,
            "240640" : 41,
            "242688" : 36,
            "244736" : 39,
            "246784" : 26,
            "248832" : 30,
            "250880" : 29,
            "252928" : 32,
            "254976" : 35,
            "257024" : 17,
            "259072" : 20,
            "261120" : 20,
            "264192" : 46,
            "268288" : 32,
            "272384" : 36,
            "276480" : 36,
            "280576" : 25,
            "284672" : 34,
            "288768" : 32,
            "292864" : 22,
            "296960" : 30,
            "301056" : 24,
            "305152" : 34,
            "309248" : 34,
            "313344" : 22,
            "317440" : 24,
            "321536" : 22,
            "325632" : 27,
            "329728" : 22,
            "333824" : 21,
            "337920" : 33,
            "342016" : 18,
            "346112" : 31,
            "350208" : 27,
            "354304" : 25,
            "358400" : 27,
            "362496" : 26,
            "366592" : 21,
            "370688" : 21,
            "374784" : 23,
            "378880" : 18,
            "382976" : 16,
            "387072" : 29,
            "391168" : 22,
            "395264" : 19,
            "399360" : 20,
            "403456" : 10,
            "407552" : 8,
            "411648" : 13,
            "415744" : 21,
            "419840" : 22,
            "423936" : 6,
            "428032" : 18,
            "432128" : 8,
            "436224" : 10,
            "440320" : 9,
            "444416" : 21,
            "448512" : 16,
            "452608" : 20,
            "456704" : 15,
            "460800" : 21,
            "464896" : 8,
            "468992" : 13,
            "473088" : 12,
            "477184" : 10,
            "481280" : 16,
            "485376" : 11,
            "489472" : 8,
            "493568" : 12,
            "497664" : 12,
            "501760" : 7,
            "505856" : 10,
            "509952" : 12,
            "514048" : 13,
            "518144" : 19,
            "522240" : 11,
            "528384" : 21,
            "536576" : 20,
            "544768" : 16,
            "552960" : 10,
            "561152" : 22,
            "569344" : 23,
            "577536" : 22,
            "585728" : 15,
            "593920" : 24,
            "602112" : 8,
            "610304" : 16,
            "618496" : 10,
            "626688" : 17,
            "634880" : 15,
            "643072" : 22,
            "651264" : 12,
            "659456" : 17,
            "667648" : 22,
            "675840" : 17,
            "684032" : 13,
            "692224" : 13,
            "700416" : 17,
            "708608" : 12,
            "716800" : 17,
            "724992" : 15,
            "733184" : 12,
            "741376" : 13,
            "749568" : 12,
            "757760" : 14,
            "765952" : 10,
            "774144" : 16,
            "782336" : 11,
            "790528" : 9,
            "798720" : 15,
            "806912" : 11,
            "815104" : 11,
            "823296" : 9,
            "831488" : 12,
            "839680" : 12,
            "847872" : 13,
            "856064" : 16,
            "864256" : 12,
            "872448" : 7,
            "880640" : 12,
            "888832" : 8,
            "897024" : 15,
            "905216" : 7,
            "913408" : 3,
            "921600" : 14,
            "929792" : 9,
            "937984" : 3,
            "946176" : 5,
            "954368" : 10,
            "962560" : 10,
            "970752" : 4,
            "978944" : 2,
            "987136" : 6,
            "995328" : 10,
            "1003520" : 7,
            "1011712" : 10,
            "1019904" : 9,
            "1028096" : 7,
            "1036288" : 5,
            "1044480" : 4,
            "1056768" : 16,
            "1073152" : 11,
            "1089536" : 9,
            "1105920" : 10,
            "1122304" : 9,
            "1138688" : 7,
            "1155072" : 9,
            "1171456" : 9,
            "1187840" : 8,
            "1204224" : 9,
            "1220608" : 6,
            "1236992" : 7,
            "1253376" : 6,
            "1269760" : 5,
            "1286144" : 3,
            "1302528" : 6,
            "1318912" : 7,
            "1335296" : 10,
            "1351680" : 7,
            "1368064" : 9,
            "1384448" : 5,
            "1400832" : 9,
            "1433600" : 5,
            "1449984" : 8,
            "1466368" : 8,
            "1482752" : 5,
            "1499136" : 8,
            "1515520" : 3,
            "1531904" : 3,
            "1548288" : 4,
            "1564672" : 4,
            "1581056" : 8,
            "1597440" : 5,
            "1613824" : 3,
            "1630208" : 2,
            "1646592" : 4,
            "1662976" : 5,
            "1679360" : 2,
            "1695744" : 7,
            "1712128" : 4,
            "1728512" : 2,
            "1744896" : 7,
            "1761280" : 2,
            "1777664" : 5,
            "1794048" : 4,
            "1810432" : 5,
            "1826816" : 8,
            "1859584" : 1,
            "1875968" : 2,
            "1892352" : 3,
            "1908736" : 5,
            "1925120" : 4,
            "1941504" : 4,
            "1957888" : 2,
            "1974272" : 4,
            "1990656" : 3,
            "2007040" : 3,
            "2023424" : 3,
            "2039808" : 4,
            "2056192" : 2,
            "2072576" : 4,
            "2088960" : 5,
            "2113536" : 11,
            "2146304" : 6,
            "2179072" : 4,
            "2211840" : 8,
            "2244608" : 4,
            "2277376" : 5,
            "2310144" : 7,
            "2342912" : 5,
            "2375680" : 8,
            "2408448" : 3,
            "2441216" : 9,
            "2473984" : 8,
            "2506752" : 8,
            "2539520" : 4,
            "2572288" : 4,
            "2605056" : 5,
            "2637824" : 8,
            "2670592" : 7,
            "2703360" : 9,
            "2736128" : 7,
            "2768896" : 6,
            "2801664" : 9,
            "2834432" : 6,
            "2867200" : 5,
            "2899968" : 5,
            "2932736" : 2,
            "2965504" : 7,
            "2998272" : 10,
            "3031040" : 3,
            "3063808" : 3,
            "3096576" : 1,
            "3129344" : 2,
            "3162112" : 1,
            "3194880" : 5,
            "3227648" : 3,
            "3260416" : 4,
            "3293184" : 4,
            "3325952" : 7,
            "3391488" : 3,
            "3457024" : 3,
            "3489792" : 5,
            "3522560" : 3,
            "3555328" : 4,
            "3588096" : 2,
            "3620864" : 2,
            "3653632" : 5,
            "3686400" : 2,
            "3719168" : 2,
            "3751936" : 1,
            "3784704" : 3,
            "3817472" : 7,
            "3850240" : 7,
            "3883008" : 3,
            "3915776" : 1,
            "3948544" : 5,
            "3981312" : 5,
            "4014080" : 1,
            "4046848" : 5,
            "4079616" : 4,
            "4145152" : 2,
            "4177920" : 4,
            "4227072" : 8,
            "4292608" : 1,
            "4358144" : 6,
            "4423680" : 6,
            "4489216" : 3,
            "4554752" : 4,
            "4620288" : 2,
            "4685824" : 1,
            "4751360" : 2,
            "4816896" : 4,
            "4882432" : 3,
            "4947968" : 1,
            "5013504" : 1,
            "5144576" : 4,
            "5210112" : 3,
            "5275648" : 2,
            "5341184" : 1,
            "5406720" : 1,
            "5472256" : 3,
            "5603328" : 3,
            "5668864" : 3,
            "5734400" : 3,
            "5799936" : 1,
            "5865472" : 2,
            "5931008" : 3,
            "5996544" : 1,
            "6193152" : 1,
            "6258688" : 1,
            "6324224" : 3,
            "6389760" : 2,
            "6455296" : 1,
            "6520832" : 1,
            "6717440" : 1,
            "6782976" : 1,
            "6848512" : 2,
            "6979584" : 1,
            "7045120" : 4,
            "7110656" : 1,
            "7307264" : 1,
            "7438336" : 2,
            "7503872" : 3,
            "7766016" : 1,
            "7962624" : 2,
            "8028160" : 1,
            "8093696" : 2,
            "8454144" : 3,
            "9109504" : 1,
            "9240576" : 1,
            "11337728" : 1,
            "11862016" : 1,
            "11993088" : 1,
            "12124160" : 1,
            "13959168" : 1
          }
        },
        "lat_ns" : {
          "min" : 6750,
          "max" : 13901182,
          "mean" : 15109.825282,
          "stddev" : 26640.903635,
          "N" : 12651784,
          "percentile" : {
            "1.000000" : 7200,
            "5.000000" : 7520,
            "10.000000" : 10560,
            "20.000000" : 11712,
            "30.000000" : 12608,
            "40.000000" : 13120,
            "50.000000" : 13504,
            "60.000000" : 14016,
            "70.000000" : 15040,
            "80.000000" : 17536,
            "90.000000" : 21632,
            "95.000000" : 24704,
            "99.000000" : 31104,
            "99.500000" : 38656,
            "99.900000" : 89600,
            "99.950000" : 136192,
            "99.990000" : 659456
          },
          "bins" : {
            "6752" : 24,
            "6816" : 192,
            "6880" : 1112,
            "6944" : 4274,
            "7008" : 12720,
            "7072" : 30392,
            "7136" : 55146,
            "7200" : 82100,
            "7264" : 99603,
            "7328" : 103872,
            "7392" : 97721,
            "7456" : 82617,
            "7520" : 67671,
            "7584" : 51983,
            "7648" : 38466,
            "7712" : 28568,
            "7776" : 20651,
            "7840" : 15045,
            "7904" : 11461,
            "7968" : 9589,
            "8032" : 8999,
            "8096" : 9010,
            "8160" : 9492,
            "8256" : 18737,
            "8384" : 16030,
            "8512" : 11795,
            "8640" : 8456,
            "8768" : 6213,
            "8896" : 4594,
            "9024" : 3605,
            "9152" : 3029,
            "9280" : 3004,
            "9408" : 3100,
            "9536" : 3075,
            "9664" : 2935,
            "9792" : 3428,
            "9920" : 8588,
            "10048" : 26139,
            "10176" : 59559,
            "10304" : 98678,
            "10432" : 125951,
            "10560" : 128140,
            "10688" : 106597,
            "10816" : 79866,
            "10944" : 73454,
            "11072" : 102168,
            "11200" : 149187,
            "11328" : 181254,
            "11456" : 186774,
            "11584" : 178700,
            "11712" : 163883,
            "11840" : 145401,
            "11968" : 132567,
            "12096" : 138432,
            "12224" : 162882,
            "12352" : 214975,
            "12480" : 307855,
            "12608" : 388157,
            "12736" : 383781,
            "12864" : 315053,
            "12992" : 272648,
            "13120" : 305953,
            "13248" : 388391,
            "13376" : 442752,
            "13504" : 423708,
            "13632" : 352291,
            "13760" : 290653,
            "13888" : 241842,
            "14016" : 205080,
            "14144" : 196725,
            "14272" : 200215,
            "14400" : 187550,
            "14528" : 159926,
            "14656" : 132724,
            "14784" : 122804,
            "14912" : 131312,
            "15040" : 136736,
            "15168" : 123757,
            "15296" : 105116,
            "15424" : 90405,
            "15552" : 78820,
            "15680" : 71118,
            "15808" : 65879,
            "15936" : 62206,
            "16064" : 59068,
            "16192" : 55181,
            "16320" : 51622,
            "16512" : 95389,
            "16768" : 87382,
            "17024" : 83472,
            "17280" : 80977,
            "17536" : 78081,
            "17792" : 75284,
            "18048" : 72567,
            "18304" : 70227,
            "18560" : 70482,
            "18816" : 73211,
            "19072" : 74761,
            "19328" : 75569,
            "19584" : 77408,
            "19840" : 78793,
            "20096" : 78745,
            "20352" : 75573,
            "20608" : 73910,
            "20864" : 78052,
            "21120" : 84405,
            "21376" : 84984,
            "21632" : 77314,
            "21888" : 70799,
            "22144" : 68848,
            "22400" : 68235,
            "22656" : 65422,
            "22912" : 60265,
            "23168" : 55759,
            "23424" : 51989,
            "23680" : 49526,
            "23936" : 47964,
            "24192" : 46112,
            "24448" : 43769,
            "24704" : 42258,
            "24960" : 40040,
            "25216" : 38217,
            "25472" : 35944,
            "25728" : 33503,
            "25984" : 31713,
            "26240" : 29571,
            "26496" : 27385,
            "26752" : 25217,
            "27008" : 23711,
            "27264" : 21495,
            "27520" : 20004,
            "27776" : 18246,
            "28032" : 16518,
            "28288" : 14809,
            "28544" : 13493,
            "28800" : 12052,
            "29056" : 10938,
            "29312" : 9533,
            "29568" : 8670,
            "29824" : 7960,
            "30080" : 7139,
            "30336" : 6428,
            "30592" : 5827,
            "30848" : 5305,
            "31104" : 4769,
            "31360" : 4595,
            "31616" : 4192,
            "31872" : 3883,
            "32128" : 3574,
            "32384" : 3467,
            "32640" : 3023,
            "33024" : 5605,
            "33536" : 4840,
            "34048" : 4411,
            "34560" : 3861,
            "35072" : 3596,
            "35584" : 3171,
            "36096" : 2924,
            "36608" : 2595,
            "37120" : 2429,
            "37632" : 2300,
            "38144" : 2181,
            "38656" : 2075,
            "39168" : 2023,
            "39680" : 1890,
            "40192" : 1739,
            "40704" : 1725,
            "41216" : 1531,
            "41728" : 1469,
            "42240" : 1407,
            "42752" : 1402,
            "43264" : 1258,
            "43776" : 1220,
            "44288" : 1199,
            "44800" : 1185,
            "45312" : 1104,
            "45824" : 1053,
            "46336" : 1032,
            "46848" : 968,
            "47360" : 929,
            "47872" : 860,
            "48384" : 808,
            "48896" : 792,
            "49408" : 783,
            "49920" : 746,
            "50432" : 701,
            "50944" : 667,
            "51456" : 610,
            "51968" : 632,
            "52480" : 598,
            "52992" : 611,
            "53504" : 578,
            "54016" : 537,
            "54528" : 552,
            "55040" : 490,
            "55552" : 496,
            "56064" : 529,
            "56576" : 435,
            "57088" : 444,
            "57600" : 469,
            "58112" : 421,
            "58624" : 441,
            "59136" : 440,
            "59648" : 397,
            "60160" : 397,
            "60672" : 379,
            "61184" : 339,
            "61696" : 370,
            "62208" : 352,
            "62720" : 325,
            "63232" : 307,
            "63744" : 294,
            "64256" : 324,
            "64768" : 290,
            "65280" : 280,
            "66048" : 592,
            "67072" : 501,
            "68096" : 460,
            "69120" : 443,
            "70144" : 443,
            "71168" : 418,
            "72192" : 385,
            "73216" : 411,
            "74240" : 357,
            "75264" : 366,
            "76288" : 338,
            "77312" : 320,
            "78336" : 341,
            "79360" : 330,
            "80384" : 329,
            "81408" : 320,
            "82432" : 314,
            "83456" : 289,
            "84480" : 282,
            "85504" : 265,
            "86528" : 297,
            "87552" : 279,
            "88576" : 246,
            "89600" : 260,
            "90624" : 215,
            "91648" : 235,
            "92672" : 216,
            "93696" : 209,
            "94720" : 203,
            "95744" : 217,
            "96768" : 193,
            "97792" : 179,
            "98816" : 197,
            "99840" : 178,
            "100864" : 160,
            "101888" : 135,
            "102912" : 133,
            "103936" : 143,
            "104960" : 161,
            "105984" : 146,
            "107008" : 147,
            "108032" : 149,
            "109056" : 143,
            "110080" : 142,
            "111104" : 134,
            "112128" : 135,
            "113152" : 139,
            "114176" : 143,
            "115200" : 125,
            "116224" : 137,
            "117248" : 116,
            "118272" : 134,
            "119296" : 113,
            "120320" : 115,
            "121344" : 132,
            "122368" : 122,
            "123392" : 114,
            "124416" : 110,
            "125440" : 100,
            "126464" : 106,
            "127488" : 76,
            "128512" : 73,
            "129536" : 87,
            "130560" : 77,
            "132096" : 145,
            "134144" : 115,
            "136192" : 122,
            "138240" : 147,
            "140288" : 140,
            "142336" : 125,
            "144384" : 118,
            "146432" : 100,
            "148480" : 121,
            "150528" : 118,
            "152576" : 88,
            "154624" : 89,
            "156672" : 82,
            "158720" : 82,
            "160768" : 82,
            "162816" : 74,
            "164864" : 62,
            "166912" : 63,
            "168960" : 71,
            "171008" : 78,
            "173056" : 57,
            "175104" : 49,
            "177152" : 49,
            "179200" : 48,
            "181248" : 42,
            "183296" : 48,
            "185344" : 44,
            "187392" : 34,
            "189440" : 44,
            "191488" : 47,
            "193536" : 45,
            "195584" : 51,
            "197632" : 46,
            "199680" : 39,
            "201728" : 36,
            "203776" : 57,
            "205824" : 48,
            "207872" : 34,
            "209920" : 41,
            "211968" : 49,
            "214016" : 52,
            "216064" : 44,
            "218112" : 48,
            "220160" : 37,
            "222208" : 44,
            "224256" : 35,
            "226304" : 38,
            "228352" : 39,
            "230400" : 31,
            "232448" : 43,
            "234496" : 40,
            "236544" : 27,
            "238592" : 34,
            "240640" : 39,
            "242688" : 36,
            "244736" : 40,
            "246784" : 27,
            "248832" : 29,
            "250880" : 30,
            "252928" : 33,
            "254976" : 34,
            "257024" : 19,
            "259072" : 19,
            "261120" : 20,
            "264192" : 47,
            "268288" : 32,
            "272384" : 36,
            "276480" : 36,
            "280576" : 25,
            "284672" : 33,
            "288768" : 33,
            "292864" : 22,
            "296960" : 28,
            "301056" : 25,
            "305152" : 35,
            "309248" : 34,
            "313344" : 20,
            "317440" : 25,
            "321536" : 22,
            "325632" : 27,
            "329728" : 22,
            "333824" : 21,
            "337920" : 32,
            "342016" : 20,
            "346112" : 30,
            "350208" : 28,
            "354304" : 25,
            "358400" : 27,
            "362496" : 27,
            "366592" : 20,
            "370688" : 22,
            "374784" : 23,
            "378880" : 17,
            "382976" : 16,
            "387072" : 30,
            "391168" : 22,
            "395264" : 19,
            "399360" : 19,
            "403456" : 11,
            "407552" : 8,
            "411648" : 12,
            "415744" : 21,
            "419840" : 21,
            "423936" : 8,
            "428032" : 18,
            "432128" : 8,
            "436224" : 9,
            "440320" : 9,
            "444416" : 22,
            "448512" : 15,
            "452608" : 20,
            "456704" : 16,
            "460800" : 21,
            "464896" : 8,
            "468992" : 13,
            "473088" : 12,
            "477184" : 10,
            "481280" : 16,
            "485376" : 10,
            "489472" : 9,
            "493568" : 12,
            "497664" : 12,
            "501760" : 6,
            "505856" : 10,
            "509952" : 12,
            "514048" : 13,
            "518144" : 19,
            "522240" : 11,
            "528384" : 21,
            "536576" : 20,
            "544768" : 16,
            "552960" : 9,
            "561152" : 22,
            "569344" : 24,
            "577536" : 22,
            "585728" : 16,
            "593920" : 23,
            "602112" : 9,
            "610304" : 15,
            "618496" : 10,
            "626688" : 18,
            "634880" : 15,
            "643072" : 22,
            "651264" : 12,
            "659456" : 17,
            "667648" : 21,
            "675840" : 18,
            "684032" : 13,
            "692224" : 13,
            "700416" : 17,
            "708608" : 12,
            "716800" : 17,
            "724992" : 15,
            "733184" : 12,
            "741376" : 13,
            "749568" : 12,
            "757760" : 14,
            "765952" : 10,
            "774144" : 16,
            "782336" : 11,
            "790528" : 8,
            "798720" : 15,
            "806912" : 12,
            "815104" : 11,
            "823296" : 9,
            "831488" : 12,
            "839680" : 11,
            "847872" : 14,
            "856064" : 16,
            "864256" : 12,
            "872448" : 7,
            "880640" : 12,
            "888832" : 7,
            "897024" : 16,
            "905216" : 7,
            "913408" : 3,
            "921600" : 14,
            "929792" : 8,
            "937984" : 5,
            "946176" : 5,
            "954368" : 10,
            "962560" : 10,
            "970752" : 4,
            "978944" : 2,
            "987136" : 6,
            "995328" : 10,
            "1003520" : 7,
            "1011712" : 10,
            "1019904" : 9,
            "1028096" : 7,
            "1036288" : 5,
            "1044480" : 4,
            "1056768" : 16,
            "1073152" : 11,
            "1089536" : 9,
            "1105920" : 10,
            "1122304" : 9,
            "1138688" : 8,
            "1155072" : 9,
            "1171456" : 9,
            "1187840" : 8,
            "1204224" : 9,
            "1220608" : 6,
            "1236992" : 7,
            "1253376" : 6,
            "1269760" : 5,
            "1286144" : 3,
            "1302528" : 6,
            "1318912" : 7,
            "1335296" : 10,
            "1351680" : 7,
            "1368064" : 9,
            "1384448" : 5,
            "1400832" : 9,
            "1433600" : 5,
            "1449984" : 8,
            "1466368" : 8,
            "1482752" : 5,
            "1499136" : 8,
            "1515520" : 3,
            "1531904" : 3,
            "1548288" : 4,
            "1564672" : 3,
            "1581056" : 9,
            "1597440" : 5,
            "1613824" : 3,
            "1630208" : 2,
            "1646592" : 4,
            "1662976" : 5,
            "1679360" : 2,
            "1695744" : 7,
            "1712128" : 4,
            "1728512" : 2,
            "1744896" : 7,
            "1761280" : 2,
            "1777664" : 5,
            "1794048" : 4,
            "1810432" : 5,
            "1826816" : 8,
            "1859584" : 1,
            "1875968" : 2,
            "1892352" : 2,
            "1908736" : 6,
            "1925120" : 4,
            "1941504" : 4,
            "1957888" : 2,
            "1974272" : 4,
            "1990656" : 3,
            "2007040" : 3,
            "2023424" : 3,
            "2039808" : 3,
            "2056192" : 3,
            "2072576" : 4,
            "2088960" : 4,
            "2113536" : 12,
            "2146304" : 5,
            "2179072" : 6,
            "2211840" : 9,
            "2244608" : 4,
            "2277376" : 5,
            "2310144" : 7,
            "2342912" : 5,
            "2375680" : 8,
            "2408448" : 3,
            "2441216" : 9,
            "2473984" : 8,
            "2506752" : 8,
            "2539520" : 4,
            "2572288" : 4,
            "2605056" : 5,
            "2637824" : 8,
            "2670592" : 7,
            "2703360" : 8,
            "2736128" : 8,
            "2768896" : 6,
            "2801664" : 9,
            "2834432" : 6,
            "2867200" : 5,
            "2899968" : 5,
            "2932736" : 2,
            "2965504" : 7,
            "2998272" : 10,
            "3031040" : 3,
            "3063808" : 3,
            "3096576" : 1,
            "3129344" : 2,
            "3162112" : 1,
            "3194880" : 5,
            "3227648" : 3,
            "3260416" : 4,
            "3293184" : 4,
            "3325952" : 7,
            "3391488" : 3,
            "3457024" : 3,
            "3489792" : 4,
            "3522560" : 4,
            "3555328" : 4,
            "3588096" : 2,
            "3620864" : 2,
            "3653632" : 5,
            "3686400" : 2,
            "3719168" : 2,
            "3751936" : 1,
            "3784704" : 3,
            "3817472" : 7,
            "3850240" : 7,
            "3883008" : 3,
            "3915776" : 1,
            "3948544" : 5,
            "3981312" : 5,
            "4014080" : 1,
            "4046848" : 5,
            "4079616" : 4,
            "4145152" : 2,
            "4177920" : 4,
            "4227072" : 8,
            "4292608" : 1,
            "4358144" : 6,
            "4423680" : 6,
            "4489216" : 3,
            "4554752" : 4,
            "4620288" : 2,
            "4685824" : 1,
            "4751360" : 2,
            "4816896" : 4,
            "4882432" : 3,
            "4947968" : 1,
            "5013504" : 1,
            "5144576" : 4,
            "5210112" : 3,
            "5275648" : 2,
            "5341184" : 1,
            "5406720" : 1,
            "5472256" : 3,
            "5603328" : 3,
            "5668864" : 3,
            "5734400" : 3,
            "5799936" : 1,
            "5865472" : 2,
            "5931008" : 3,
            "5996544" : 1,
            "6193152" : 1,
            "6258688" : 1,
            "6324224" : 3,
            "6389760" : 2,
            "6455296" : 1,
            "6520832" : 1,
            "6717440" : 1,
            "6782976" : 1,
            "6848512" : 2,
            "6979584" : 1,
            "7045120" : 4,
            "7110656" : 1,
            "7307264" : 1,
            "7438336" : 2,
            "7503872" : 3,
            "7766016" : 1,
            "7962624" : 2,
            "8028160" : 1,
            "8093696" : 2,
            "8454144" : 3,
            "9109504" : 1,
            "9240576" : 1,
            "11337728" : 1,
            "11862016" : 1,
            "11993088" : 1,
            "12124160" : 1,
            "13959168" : 1
          }
        },
        "bw_min" : 87288,
        "bw_max" : 257208,
        "bw_agg" : 100.000000,
        "bw_mean" : 168779.001669,
        "bw_dev" : 23264.675402,
        "bw_samples" : 599,
        "iops_min" : 21822,
        "iops_max" : 64302,
        "iops_mean" : 42194.739566,
        "iops_stddev" : 5816.170554,
        "iops_samples" : 599
      },
      "write" : {
        "io_bytes" : 51795881984,
        "io_kbytes" : 50581916,
        "bw_bytes" : 172652364,
        "bw" : 168605,
        "iops" : 42151.456162,
        "runtime" : 300001,
        "total_ios" : 12645479,
        "short_ios" : 0,
        "drop_ios" : 0,
        "slat_ns" : {
          "min" : 0,
          "max" : 0,
          "mean" : 0.000000,
          "stddev" : 0.000000,
          "N" : 0
        },
        "clat_ns" : {
          "min" : 2059,
          "max" : 7945810,
          "mean" : 3619.990968,
          "stddev" : 7031.243114,
          "N" : 12645479,
          "percentile" : {
            "1.000000" : 2224,
            "5.000000" : 2288,
            "10.000000" : 2320,
            "20.000000" : 2416,
            "30.000000" : 2864,
            "40.000000" : 3088,
            "50.000000" : 3216,
            "60.000000" : 3344,
            "70.000000" : 3760,
            "80.000000" : 4128,
            "90.000000" : 5408,
            "95.000000" : 6432,
            "99.000000" : 8384,
            "99.500000" : 9792,
            "99.900000" : 19328,
            "99.950000" : 30336,
            "99.990000" : 88576
          },
          "bins" : {
            "2064" : 2,
            "2096" : 49,
            "2128" : 1988,
            "2160" : 18070,
            "2192" : 67192,
            "2224" : 149994,
            "2256" : 262994,
            "2288" : 384310,
            "2320" : 473379,
            "2352" : 495376,
            "2384" : 449398,
            "2416" : 365148,
            "2448" : 262479,
            "2480" : 181945,
            "2512" : 128066,
            "2544" : 92714,
            "2576" : 70245,
            "2608" : 53492,
            "2640" : 42111,
            "2672" : 34000,
            "2704" : 29549,
            "2736" : 31013,
            "2768" : 36707,
            "2800" : 46207,
            "2832" : 59690,
            "2864" : 78588,
            "2896" : 102115,
            "2928" : 122452,
            "2960" : 143054,
            "2992" : 169905,
            "3024" : 203324,
            "3056" : 246645,
            "3088" : 287130,
            "3120" : 329234,
            "3152" : 365541,
            "3184" : 386706,
            "3216" : 385654,
            "3248" : 348677,
            "3280" : 293890,
            "3312" : 237163,
            "3344" : 185319,
            "3376" : 149576,
            "3408" : 123404,
            "3440" : 105160,
            "3472" : 94288,
            "3504" : 85568,
            "3536" : 81847,
            "3568" : 78392,
            "3600" : 80318,
            "3632" : 86357,
            "3664" : 94790,
            "3696" : 107607,
            "3728" : 116588,
            "3760" : 125707,
            "3792" : 131724,
            "3824" : 133953,
            "3856" : 132908,
            "3888" : 124079,
            "3920" : 113218,
            "3952" : 102491,
            "3984" : 92012,
            "4016" : 84744,
            "4048" : 76609,
            "4080" : 70174,
            "4128" : 123456,
            "4192" : 100800,
            "4256" : 82782,
            "4320" : 72081,
            "4384" : 63398,
            "4448" : 58478,
            "4512" : 58200,
            "4576" : 58640,
            "4640" : 61018,
            "4704" : 62147,
            "4768" : 61570,
            "4832" : 59900,
            "4896" : 58088,
            "4960" : 57056,
            "5024" : 55787,
            "5088" : 56151,
            "5152" : 56641,
            "5216" : 56841,
            "5280" : 58099,
            "5344" : 58101,
            "5408" : 57486,
            "5472" : 56121,
            "5536" : 52277,
            "5600" : 48530,
            "5664" : 45059,
            "5728" : 42646,
            "5792" : 41087,
            "5856" : 40528,
            "5920" : 39501,
            "5984" : 38098,
            "6048" : 37479,
            "6112" : 36545,
            "6176" : 35597,
            "6240" : 34882,
            "6304" : 33716,
            "6368" : 33032,
            "6432" : 31822,
            "6496" : 30160,
            "6560" : 29302,
            "6624" : 27880,
            "6688" : 26736,
            "6752" : 25987,
            "6816" : 25247,
            "6880" : 23868,
            "6944" : 22501,
            "7008" : 21591,
            "7072" : 20775,
            "7136" : 19159,
            "7200" : 18016,
            "7264" : 16645,
            "7328" : 15792,
            "7392" : 14804,
            "7456" : 13808,
            "7520" : 13438,
            "7584" : 12185,
            "7648" : 11608,
            "7712" : 10997,
            "7776" : 10245,
            "7840" : 9841,
            "7904" : 9093,
            "7968" : 8686,
            "8032" : 7963,
            "8096" : 7407,
            "8160" : 6980,
            "8256" : 12600,
            "8384" : 10930,
            "8512" : 9619,
            "8640" : 8498,
            "8768" : 7447,
            "8896" : 6682,
            "9024" : 5888,
            "9152" : 5028,
            "9280" : 4521,
            "9408" : 4105,
            "9536" : 3730,
            "9664" : 3392,
            "9792" : 3041,
            "9920" : 2798,
            "10048" : 2542,
            "10176" : 2266,
            "10304" : 2208,
            "10432" : 1975,
            "10560" : 1860,
            "10688" : 1734,
            "10816" : 1649,
            "10944" : 1574,
            "11072" : 1401,
            "11200" : 1252,
            "11328" : 1235,
            "11456" : 1155,
            "11584" : 1084,
            "11712" : 1039,
            "11840" : 1012,
            "11968" : 957,
            "12096" : 829,
            "12224" : 860,
            "12352" : 763,
            "12480" : 772,
            "12608" : 784,
            "12736" : 713,
            "12864" : 715,
            "12992" : 708,
            "13120" : 674,
            "13248" : 636,
            "13376" : 643,
            "13504" : 591,
            "13632" : 543,
            "13760" : 532,
            "13888" : 513,
            "14016" : 546,
            "14144" : 504,
            "14272" : 501,
            "14400" : 482,
            "14528" : 431,
            "14656" : 455,
            "14784" : 439,
            "14912" : 424,
            "15040" : 411,
            "15168" : 413,
            "15296" : 374,
            "15424" : 319,
            "15552" : 327,
            "15680" : 346,
            "15808" : 319,
            "15936" : 286,
            "16064" : 255,
            "16192" : 315,
            "16320" : 257,
            "16512" : 499,
            "16768" : 477,
            "17024" : 436,
            "17280" : 410,
            "17536" : 379,
            "17792" : 388,
            "18048" : 381,
            "18304" : 314,
            "18560" : 310,
            "18816" : 360,
            "19072" : 311,
            "19328" : 311,
            "19584" : 271,
            "19840" : 281,
            "20096" : 229,
            "20352" : 254,
            "20608" : 252,
            "20864" : 241,
            "21120" : 245,
            "21376" : 207,
            "21632" : 235,
            "21888" : 208,
            "22144" : 224,
            "22400" : 180,
            "22656" : 192,
            "22912" : 175,
            "23168" : 159,
            "23424" : 165,
            "23680" : 163,
            "23936" : 164,
            "24192" : 137,
            "24448" : 130,
            "24704" : 159,
            "24960" : 127,
            "25216" : 163,
            "25472" : 124,
            "25728" : 116,
            "25984" : 122,
            "26240" : 112,
            "26496" : 81,
            "26752" : 93,
            "27008" : 100,
            "27264" : 110,
            "27520" : 78,
            "27776" : 69,
            "28032" : 80,
            "28288" : 92,
            "28544" : 77,
            "28800" : 88,
            "29056" : 69,
            "29312" : 76,
            "29568" : 69,
            "29824" : 93,
            "30080" : 77,
            "30336" : 60,
            "30592" : 83,
            "30848" : 77,
            "31104" : 76,
            "31360" : 86,
            "31616" : 80,
            "31872" : 71,
            "32128" : 62,
            "32384" : 58,
            "32640" : 63,
            "33024" : 143,
            "33536" : 131,
            "34048" : 126,
            "34560" : 142,
            "35072" : 124,
            "35584" : 124,
            "36096" : 123,
            "36608" : 102,
            "37120" : 110,
            "37632" : 117,
            "38144" : 91,
            "38656" : 81,
            "39168" : 93,
            "39680" : 74,
            "40192" : 76,
            "40704" : 87,
            "41216" : 73,
            "41728" : 61,
            "42240" : 65,
            "42752" : 70,
            "43264" : 71,
            "43776" : 66,
            "44288" : 71,
            "44800" : 71,
            "45312" : 50,
            "45824" : 66,
            "46336" : 53,
            "46848" : 63,
            "47360" : 57,
            "47872" : 53,
            "48384" : 57,
            "48896" : 57,
            "49408" : 62,
            "49920" : 44,
            "50432" : 37,
            "50944" : 52,
            "51456" : 42,
            "51968" : 50,
            "52480" : 43,
            "52992" : 33,
            "53504" : 46,
            "54016" : 37,
            "54528" : 38,
            "55040" : 35,
            "55552" : 32,
            "56064" : 25,
            "56576" : 24,
            "57088" : 28,
            "57600" : 29,
            "58112" : 33,
            "58624" : 29,
            "59136" : 24,
            "59648" : 24,
            "60160" : 26,
            "60672" : 15,
            "61184" : 11,
            "61696" : 27,
            "62208" : 16,
            "62720" : 21,
            "63232" : 20,
            "63744" : 19,
            "64256" : 18,
            "64768" : 16,
            "65280" : 8,
            "66048" : 43,
            "67072" : 26,
            "68096" : 38,
            "69120" : 32,
            "70144" : 28,
            "71168" : 32,
            "72192" : 39,
            "73216" : 28,
            "74240" : 25,
            "75264" : 32,
            "76288" : 30,
            "77312" : 22,
            "78336" : 27,
            "79360" : 14,
            "80384" : 27,
            "81408" : 27,
            "82432" : 23,
            "83456" : 26,
            "84480" : 24,
            "85504" : 28,
            "86528" : 28,
            "87552" : 23,
            "88576" : 23,
            "89600" : 20,
            "90624" : 30,
            "91648" : 18,
            "92672" : 21,
            "93696" : 14,
            "94720" : 13,
            "95744" : 14,
            "96768" : 11,
            "97792" : 22,
            "98816" : 17,
            "99840" : 23,
            "100864" : 10,
            "101888" : 19,
            "102912" : 15,
            "103936" : 21,
            "104960" : 23,
            "105984" : 20,
            "107008" : 20,
            "108032" : 21,
            "109056" : 20,
            "110080" : 23,
            "111104" : 14,
            "112128" : 19,
            "113152" : 15,
            "114176" : 9,
            "115200" : 14,
            "116224" : 7,
            "117248" : 12,
            "118272" : 11,
            "119296" : 11,
            "120320" : 12,
            "121344" : 11,
            "122368" : 13,
            "123392" : 9,
            "124416" : 7,
            "125440" : 9,
            "126464" : 9,
            "127488" : 2,
            "128512" : 10,
            "129536" : 10,
            "130560" : 7,
            "132096" : 14,
            "134144" : 11,
            "136192" : 12,
            "138240" : 12,
            "140288" : 8,
            "142336" : 5,
            "144384" : 14,
            "146432" : 14,
            "148480" : 5,
            "150528" : 9,
            "152576" : 8,
            "154624" : 7,
            "156672" : 6,
            "158720" : 5,
            "160768" : 8,
            "162816" : 5,
            "164864" : 8,
            "166912" : 9,
            "168960" : 2,
            "171008" : 7,
            "173056" : 8,
            "175104" : 10,
            "177152" : 9,
            "179200" : 8,
            "181248" : 5,
            "183296" : 3,
            "185344" : 11,
            "187392" : 10,
            "189440" : 11,
            "191488" : 3,
            "193536" : 8,
            "195584" : 10,
            "197632" : 4,
            "199680" : 3,
            "201728" : 7,
            "203776" : 5,
            "205824" : 6,
            "207872" : 4,
            "209920" : 4,
            "211968" : 4,
            "214016" : 4,
            "216064" : 6,
            "218112" : 4,
            "220160" : 4,
            "222208" : 3,
            "224256" : 6,
            "226304" : 3,
            "228352" : 5,
            "230400" : 6,
            "232448" : 3,
            "234496" : 3,
            "236544" : 1,
            "238592" : 2,
            "240640" : 3,
            "242688" : 1,
            "244736" : 2,
            "246784" : 1,
            "248832" : 2,
            "250880" : 2,
            "252928" : 5,
            "254976" : 1,
            "257024" : 1,
            "259072" : 2,
            "261120" : 3,
            "264192" : 4,
            "268288" : 6,
            "272384" : 5,
            "276480" : 4,
            "280576" : 7,
            "284672" : 4,
            "288768" : 5,
            "292864" : 3,
            "296960" : 1,
            "301056" : 5,
            "305152" : 5,
            "309248" : 1,
            "313344" : 3,
            "317440" : 4,
            "321536" : 10,
            "325632" : 2,
            "329728" : 3,
            "333824" : 3,
            "337920" : 1,
            "342016" : 5,
            "346112" : 2,
            "350208" : 2,
            "354304" : 3,
            "358400" : 5,
            "362496" : 1,
            "366592" : 1,
            "370688" : 3,
            "374784" : 3,
            "378880" : 4,
            "382976" : 2,
            "387072" : 2,
            "391168" : 1,
            "395264" : 2,
            "399360" : 1,
            "403456" : 1,
            "407552" : 2,
            "419840" : 1,
            "444416" : 1,
            "448512" : 2,
            "452608" : 2,
            "456704" : 1,
            "460800" : 3,
            "464896" : 1,
            "473088" : 1,
            "477184" : 3,
            "481280" : 2,
            "485376" : 2,
            "489472" : 5,
            "493568" : 1,
            "501760" : 4,
            "505856" : 2,
            "514048" : 2,
            "522240" : 1,
            "528384" : 3,
            "536576" : 2,
            "544768" : 1,
            "561152" : 1,
            "569344" : 1,
            "585728" : 1,
            "593920" : 2,
            "602112" : 1,
            "610304" : 2,
            "618496" : 1,
            "626688" : 1,
            "659456" : 2,
            "684032" : 2,
            "692224" : 2,
            "700416" : 1,
            "724992" : 1,
            "733184" : 3,
            "741376" : 1,
            "749568" : 1,
            "757760" : 1,
            "774144" : 2,
            "782336" : 1,
            "790528" : 1,
            "798720" : 1,
            "806912" : 2,
            "815104" : 2,
            "831488" : 1,
            "839680" : 2,
            "856064" : 1,
            "864256" : 1,
            "872448" : 2,
            "888832" : 2,
            "897024" : 3,
            "913408" : 2,
            "921600" : 1,
            "929792" : 1,
            "937984" : 1,
            "946176" : 2,
            "954368" : 1,
            "1003520" : 1,
            "1028096" : 1,
            "1036288" : 2,
            "1044480" : 1,
            "1056768" : 3,
            "1089536" : 1,
            "1122304" : 1,
            "1138688" : 2,
            "1187840" : 3,
            "1204224" : 1,
            "1220608" : 2,
            "1253376" : 1,
            "1318912" : 1,
            "1335296" : 1,
            "1351680" : 1,
            "1368064" : 3,
            "1433600" : 2,
            "1449984" : 2,
            "1466368" : 1,
            "1499136" : 1,
            "1581056" : 1,
            "1597440" : 2,
            "1630208" : 2,
            "1646592" : 1,
            "1695744" : 2,
            "1859584" : 1,
            "2007040" : 1,
            "2023424" : 1,
            "2056192" : 2,
            "2113536" : 1,
            "2146304" : 1,
            "2179072" : 1,
            "2473984" : 3,
            "2605056" : 1,
            "2670592" : 1,
            "2998272" : 3,
            "3031040" : 1,
            "3194880" : 1,
            "3227648" : 1,
            "3325952" : 1,
            "4046848" : 2,
            "4554752" : 1,
            "4816896" : 1,
            "5341184" : 1,
            "6324224" : 1,
            "6848512" : 1,
            "7700480" : 1,
            "7962624" : 1
          }
        },
        "lat_ns" : {
          "min" : 2106,
          "max" : 8077186,
          "mean" : 3709.618800,
          "stddev" : 7402.488122,
          "N" : 12645479,
          "percentile" : {
            "1.000000" : 2256,
            "5.000000" : 2320,
            "10.000000" : 2384,
            "20.000000" : 2480,
            "30.000000" : 2928,
            "40.000000" : 3184,
            "50.000000" : 3312,
            "60.000000" : 3440,
            "70.000000" : 3856,
            "80.000000" : 4256,
            "90.000000" : 5600,
            "95.000000" : 6560,
            "99.000000" : 8640,
            "99.500000" : 10048,
            "99.900000" : 19840,
            "99.950000" : 31104,
            "99.990000" : 90624
          },
          "bins" : {
            "2096" : 1,
            "2128" : 7,
            "2160" : 434,
            "2192" : 7889,
            "2224" : 38523,
            "2256" : 107833,
            "2288" : 206775,
            "2320" : 320131,
            "2352" : 436174,
            "2384" : 493091,
            "2416" : 482010,
            "2448" : 405911,
            "2480" : 308880,
            "2512" : 219631,
            "2544" : 152506,
            "2576" : 109203,
            "2608" : 80432,
            "2640" : 60591,
            "2672" : 47594,
            "2704" : 37532,
            "2736" : 30847,
            "2768" : 26331,
            "2800" : 26031,
            "2832" : 31026,
            "2864" : 41428,
            "2896" : 58894,
            "2928" : 79578,
            "2960" : 103031,
            "2992" : 125270,
            "3024" : 139413,
            "3056" : 149967,
            "3088" : 162159,
            "3120" : 187953,
            "3152" : 226273,
            "3184" : 271854,
            "3216" : 322194,
            "3248" : 356908,
            "3280" : 377436,
            "3312" : 374460,
            "3344" : 341482,
            "3376" : 291518,
            "3408" : 230666,
            "3440" : 180636,
            "3472" : 145002,
            "3504" : 120375,
            "3536" : 104325,
            "3568" : 91207,
            "3600" : 83439,
            "3632" : 78896,
            "3664" : 76958,
            "3696" : 79957,
            "3728" : 84888,
            "3760" : 93805,
            "3792" : 105140,
            "3824" : 115408,
            "3856" : 126684,
            "3888" : 130524,
            "3920" : 132354,
            "3952" : 130038,
            "3984" : 122326,
            "4016" : 112526,
            "4048" : 101086,
            "4080" : 90589,
            "4128" : 157865,
            "4192" : 134718,
            "4256" : 110975,
            "4320" : 91142,
            "4384" : 75950,
            "4448" : 66923,
            "4512" : 60139,
            "4576" : 56255,
            "4640" : 56496,
            "4704" : 57770,
            "4768" : 59185,
            "4832" : 59670,
            "4896" : 57972,
            "4960" : 56631,
            "5024" : 54903,
            "5088" : 54348,
            "5152" : 53842,
            "5216" : 54141,
            "5280" : 54417,
            "5344" : 54283,
            "5408" : 55135,
            "5472" : 56081,
            "5536" : 55456,
            "5600" : 55099,
            "5664" : 51773,
            "5728" : 48939,
            "5792" : 46128,
            "5856" : 43688,
            "5920" : 42025,
            "5984" : 40551,
            "6048" : 39100,
            "6112" : 38233,
            "6176" : 36576,
            "6240" : 36153,
            "6304" : 35269,
            "6368" : 34396,
            "6432" : 33546,
            "6496" : 32791,
            "6560" : 31925,
            "6624" : 30599,
            "6688" : 29495,
            "6752" : 28742,
            "6816" : 27645,
            "6880" : 26631,
            "6944" : 25082,
            "7008" : 24447,
            "7072" : 23078,
            "7136" : 21926,
            "7200" : 21098,
            "7264" : 19652,
            "7328" : 18552,
            "7392" : 17383,
            "7456" : 16382,
            "7520" : 15409,
            "7584" : 14477,
            "7648" : 13524,
            "7712" : 12946,
            "7776" : 12291,
            "7840" : 11398,
            "7904" : 10711,
            "7968" : 10078,
            "8032" : 9623,
            "8096" : 9029,
            "8160" : 8427,
            "8256" : 15114,
            "8384" : 13269,
            "8512" : 11586,
            "8640" : 10222,
            "8768" : 8963,
            "8896" : 7844,
            "9024" : 7017,
            "9152" : 6310,
            "9280" : 5510,
            "9408" : 4702,
            "9536" : 4432,
            "9664" : 3895,
            "9792" : 3555,
            "9920" : 3236,
            "10048" : 2925,
            "10176" : 2659,
            "10304" : 2397,
            "10432" : 2203,
            "10560" : 2185,
            "10688" : 1896,
            "10816" : 1781,
            "10944" : 1705,
            "11072" : 1650,
            "11200" : 1486,
            "11328" : 1349,
            "11456" : 1309,
            "11584" : 1197,
            "11712" : 1098,
            "11840" : 1050,
            "11968" : 1036,
            "12096" : 1003,
            "12224" : 901,
            "12352" : 847,
            "12480" : 830,
            "12608" : 775,
            "12736" : 741,
            "12864" : 794,
            "12992" : 732,
            "13120" : 735,
            "13248" : 664,
            "13376" : 711,
            "13504" : 629,
            "13632" : 586,
            "13760" : 586,
            "13888" : 544,
            "14016" : 542,
            "14144" : 522,
            "14272" : 517,
            "14400" : 526,
            "14528" : 478,
            "14656" : 444,
            "14784" : 474,
            "14912" : 435,
            "15040" : 441,
            "15168" : 419,
            "15296" : 416,
            "15424" : 398,
            "15552" : 311,
            "15680" : 336,
            "15808" : 352,
            "15936" : 340,
            "16064" : 281,
            "16192" : 270,
            "16320" : 288,
            "16512" : 532,
            "16768" : 502,
            "17024" : 457,
            "17280" : 426,
            "17536" : 417,
            "17792" : 384,
            "18048" : 397,
            "18304" : 342,
            "18560" : 296,
            "18816" : 343,
            "19072" : 329,
            "19328" : 334,
            "19584" : 263,
            "19840" : 288,
            "20096" : 255,
            "20352" : 244,
            "20608" : 260,
            "20864" : 250,
            "21120" : 239,
            "21376" : 246,
            "21632" : 227,
            "21888" : 224,
            "22144" : 204,
            "22400" : 217,
            "22656" : 183,
            "22912" : 173,
            "23168" : 171,
            "23424" : 172,
            "23680" : 171,
            "23936" : 185,
            "24192" : 138,
            "24448" : 148,
            "24704" : 151,
            "24960" : 163,
            "25216" : 136,
            "25472" : 159,
            "25728" : 141,
            "25984" : 120,
            "26240" : 123,
            "26496" : 101,
            "26752" : 74,
            "27008" : 110,
            "27264" : 104,
            "27520" : 92,
            "27776" : 76,
            "28032" : 93,
            "28288" : 77,
            "28544" : 88,
            "28800" : 81,
            "29056" : 84,
            "29312" : 79,
            "29568" : 61,
            "29824" : 90,
            "30080" : 90,
            "30336" : 80,
            "30592" : 70,
            "30848" : 81,
            "31104" : 90,
            "31360" : 87,
            "31616" : 84,
            "31872" : 70,
            "32128" : 72,
            "32384" : 64,
            "32640" : 65,
            "33024" : 151,
            "33536" : 124,
            "34048" : 137,
            "34560" : 141,
            "35072" : 135,
            "35584" : 115,
            "36096" : 132,
            "36608" : 115,
            "37120" : 115,
            "37632" : 119,
            "38144" : 108,
            "38656" : 82,
            "39168" : 99,
            "39680" : 78,
            "40192" : 78,
            "40704" : 88,
            "41216" : 78,
            "41728" : 61,
            "42240" : 70,
            "42752" : 71,
            "43264" : 75,
            "43776" : 61,
            "44288" : 66,
            "44800" : 70,
            "45312" : 62,
            "45824" : 65,
            "46336" : 57,
            "46848" : 66,
            "47360" : 56,
            "47872" : 58,
            "48384" : 51,
            "48896" : 66,
            "49408" : 65,
            "49920" : 49,
            "50432" : 43,
            "50944" : 42,
            "51456" : 52,
            "51968" : 45,
            "52480" : 45,
            "52992" : 35,
            "53504" : 41,
            "54016" : 49,
            "54528" : 41,
            "55040" : 35,
            "55552" : 36,
            "56064" : 30,
            "56576" : 24,
            "57088" : 26,
            "57600" : 30,
            "58112" : 33,
            "58624" : 28,
            "59136" : 26,
            "59648" : 28,
            "60160" : 24,
            "60672" : 24,
            "61184" : 10,
            "61696" : 23,
            "62208" : 19,
            "62720" : 18,
            "63232" : 25,
            "63744" : 14,
            "64256" : 19,
            "64768" : 19,
            "65280" : 13,
            "66048" : 41,
            "67072" : 25,
            "68096" : 40,
            "69120" : 33,
            "70144" : 31,
            "71168" : 27,
            "72192" : 43,
            "73216" : 27,
            "74240" : 31,
            "75264" : 32,
            "76288" : 27,
            "77312" : 24,
            "78336" : 31,
            "79360" : 15,
            "80384" : 26,
            "81408" : 30,
            "82432" : 27,
            "83456" : 25,
            "84480" : 20,
            "85504" : 33,
            "86528" : 28,
            "87552" : 20,
            "88576" : 24,
            "89600" : 24,
            "90624" : 28,
            "91648" : 21,
            "92672" : 20,
            "93696" : 16,
            "94720" : 10,
            "95744" : 17,
            "96768" : 11,
            "97792" : 22,
            "98816" : 20,
            "99840" : 23,
            "100864" : 10,
            "101888" : 19,
            "102912" : 17,
            "103936" : 22,
            "104960" : 22,
            "105984" : 21,
            "107008" : 22,
            "108032" : 22,
            "109056" : 20,
            "110080" : 20,
            "111104" : 15,
            "112128" : 20,
            "113152" : 18,
            "114176" : 10,
            "115200" : 11,
            "116224" : 10,
            "117248" : 12,
            "118272" : 10,
            "119296" : 13,
            "120320" : 13,
            "121344" : 13,
            "122368" : 13,
            "123392" : 9,
            "124416" : 10,
            "125440" : 9,
            "126464" : 7,
            "127488" : 3,
            "128512" : 9,
            "129536" : 10,
            "130560" : 9,
            "132096" : 16,
            "134144" : 11,
            "136192" : 12,
            "138240" : 10,
            "140288" : 10,
            "142336" : 4,
            "144384" : 15,
            "146432" : 12,
            "148480" : 7,
            "150528" : 9,
            "152576" : 8,
            "154624" : 7,
            "156672" : 7,
            "158720" : 5,
            "160768" : 7,
            "162816" : 6,
            "164864" : 8,
            "166912" : 8,
            "168960" : 3,
            "171008" : 7,
            "173056" : 8,
            "175104" : 8,
            "177152" : 11,
            "179200" : 7,
            "181248" : 5,
            "183296" : 4,
            "185344" : 11,
            "187392" : 9,
            "189440" : 11,
            "191488" : 4,
            "193536" : 7,
            "195584" : 11,
            "197632" : 4,
            "199680" : 3,
            "201728" : 7,
            "203776" : 5,
            "205824" : 6,
            "207872" : 4,
            "209920" : 4,
            "211968" : 5,
            "214016" : 3,
            "216064" : 6,
            "218112" : 5,
            "220160" : 4,
            "222208" : 3,
            "224256" : 6,
            "226304" : 3,
            "228352" : 5,
            "230400" : 5,
            "232448" : 3,
            "234496" : 4,
            "236544" : 1,
            "238592" : 2,
            "240640" : 3,
            "242688" : 1,
            "244736" : 2,
            "246784" : 1,
            "248832" : 2,
            "250880" : 2,
            "252928" : 4,
            "254976" : 1,
            "257024" : 2,
            "259072" : 2,
            "261120" : 3,
            "264192" : 3,
            "268288" : 7,
            "272384" : 5,
            "276480" : 4,
            "280576" : 7,
            "284672" : 4,
            "288768" : 5,
            "292864" : 3,
            "296960" : 2,
            "301056" : 5,
            "305152" : 5,
            "309248" : 1,
            "313344" : 4,
            "317440" : 4,
            "321536" : 9,
            "325632" : 3,
            "329728" : 3,
            "333824" : 2,
            "337920" : 2,
            "342016" : 5,
            "346112" : 2,
            "350208" : 1,
            "354304" : 4,
            "358400" : 5,
            "362496" : 1,
            "366592" : 1,
            "370688" : 2,
            "374784" : 5,
            "378880" : 4,
            "382976" : 2,
            "387072" : 2,
            "391168" : 1,
            "395264" : 2,
            "399360" : 2,
            "403456" : 1,
            "407552" : 2,
            "419840" : 1,
            "444416" : 1,
            "448512" : 2,
            "452608" : 2,
            "456704" : 1,
            "460800" : 3,
            "464896" : 1,
            "473088" : 1,
            "477184" : 3,
            "481280" : 2,
            "485376" : 2,
            "489472" : 5,
            "493568" : 1,
            "501760" : 4,
            "505856" : 2,
            "514048" : 2,
            "522240" : 1,
            "528384" : 3,
            "536576" : 2,
            "544768" : 1,
            "561152" : 1,
            "569344" : 1,
            "585728" : 1,
            "593920" : 2,
            "602112" : 1,
            "610304" : 2,
            "618496" : 1,
            "626688" : 1,
            "659456" : 2,
            "684032" : 2,
            "692224" : 2,
            "700416" : 1,
            "724992" : 1,
            "733184" : 3,
            "741376" : 1,
            "749568" : 1,
            "757760" : 1,
            "774144" : 2,
            "782336" : 1,
            "790528" : 1,
            "798720" : 1,
            "806912" : 2,
            "815104" : 2,
            "831488" : 1,
            "839680" : 2,
            "856064" : 1,
            "864256" : 1,
            "872448" : 1,
            "880640" : 1,
            "888832" : 2,
            "897024" : 3,
            "913408" : 2,
            "921600" : 1,
            "929792" : 1,
            "937984" : 1,
            "946176" : 2,
            "954368" : 1,
            "1003520" : 1,
            "1028096" : 1,
            "1036288" : 2,
            "1044480" : 1,
            "1056768" : 3,
            "1089536" : 1,
            "1122304" : 1,
            "1138688" : 2,
            "1187840" : 3,
            "1204224" : 1,
            "1220608" : 2,
            "1253376" : 1,
            "1318912" : 1,
            "1335296" : 1,
            "1351680" : 1,
            "1368064" : 3,
            "1433600" : 2,
            "1449984" : 2,
            "1466368" : 1,
            "1499136" : 1,
            "1581056" : 1,
            "1597440" : 2,
            "1630208" : 2,
            "1646592" : 1,
            "1695744" : 2,
            "1859584" : 1,
            "2007040" : 1,
            "2023424" : 1,
            "2056192" : 2,
            "2113536" : 1,
            "2179072" : 2,
            "2473984" : 3,
            "2605056" : 1,
            "2670592" : 1,
            "2998272" : 3,
            "3031040" : 1,
            "3194880" : 1,
            "3227648" : 1,
            "3325952" : 1,
            "4046848" : 2,
            "4554752" : 1,
            "4816896" : 1,
            "5341184" : 1,
            "6324224" : 1,
            "6848512" : 1,
            "7700480" : 1,
            "7962624" : 1,
            "8093696" : 1
          }
        },
        "bw_min" : 88312,
        "bw_max" : 258432,
        "bw_agg" : 100.000000,
        "bw_mean" : 168694.517529,
        "bw_dev" : 23285.281764,
        "bw_samples" : 599,
        "iops_min" : 22078,
        "iops_max" : 64608,
        "iops_mean" : 42173.619366,
        "iops_stddev" : 5821.319345,
        "iops_samples" : 599
      },
      "trim" : {
        "io_bytes" : 0,
        "io_kbytes" : 0,
        "bw_bytes" : 0,
        "bw" : 0,
        "iops" : 0.000000,
        "runtime" : 0,
        "total_ios" : 0,
        "short_ios" : 0,
        "drop_ios" : 0,
        "slat_ns" : {
          "min" : 0,
          "max" : 0,
          "mean" : 0.000000,
          "stddev" : 0.000000,
          "N" : 0
        },
        "clat_ns" : {
          "min" : 0,
          "max" : 0,
          "mean" : 0.000000,
          "stddev" : 0.000000,
          "N" : 0
        },
        "lat_ns" : {
          "min" : 0,
          "max" : 0,
          "mean" : 0.000000,
          "stddev" : 0.000000,
          "N" : 0
        },
        "bw_min" : 0,
        "bw_max" : 0,
        "bw_agg" : 0.000000,
        "bw_mean" : 0.000000,
        "bw_dev" : 0.000000,
        "bw_samples" : 0,
        "iops_min" : 0,
        "iops_max" : 0,
        "iops_mean" : 0.000000,
        "iops_stddev" : 0.000000,
        "iops_samples" : 0
      },
      "sync" : {
        "total_ios" : 0,
        "lat_ns" : {
          "min" : 0,
          "max" : 0,
          "mean" : 0.000000,
          "stddev" : 0.000000,
          "N" : 0
        }
      },
      "job_runtime" : 300000,
      "usr_cpu" : 11.414000,
      "sys_cpu" : 61.076333,
      "ctx" : 12707635,
      "majf" : 0,
      "minf" : 19,
      "iodepth_level" : {
        "1" : 100.000000,
        "2" : 0.000000,
        "4" : 0.000000,
        "8" : 0.000000,
        "16" : 0.000000,
        "32" : 0.000000,
        ">=64" : 0.000000
      },
      "iodepth_submit" : {
        "0" : 0.000000,
        "4" : 100.000000,
        "8" : 0.000000,
        "16" : 0.000000,
        "32" : 0.000000,
        "64" : 0.000000,
        ">=64" : 0.000000
      },
      "iodepth_complete" : {
        "0" : 0.000000,
        "4" : 100.000000,
        "8" : 0.000000,
        "16" : 0.000000,
        "32" : 0.000000,
        "64" : 0.000000,
        ">=64" : 0.000000
      },
      "latency_ns" : {
        "2" : 0.000000,
        "4" : 0.000000,
        "10" : 0.000000,
        "20" : 0.000000,
        "50" : 0.000000,
        "100" : 0.000000,
        "250" : 0.000000,
        "500" : 0.000000,
        "750" : 0.000000,
        "1000" : 0.000000
      },
      "latency_us" : {
        "2" : 0.000000,
        "4" : 38.666246,
        "10" : 14.849492,
        "20" : 39.419921,
        "50" : 6.916309,
        "100" : 0.102845,
        "250" : 0.032233,
        "500" : 0.010000,
        "750" : 0.010000,
        "1000" : 0.010000
      },
      "latency_ms" : {
        "2" : 0.010000,
        "4" : 0.010000,
        "10" : 0.010000,
        "20" : 0.010000,
        "50" : 0.000000,
        "100" : 0.000000,
        "250" : 0.000000,
        "500" : 0.000000,
        "750" : 0.000000,
        "1000" : 0.000000,
        "2000" : 0.000000,
        ">=2000" : 0.000000
      },
      "latency_depth" : 1,
      "latency_target" : 0,
      "latency_percentile" : 100.000000,
      "latency_window" : 0
    }
  ],
  "disk_util" : [
    {
      "name" : "loop6",
      "read_ios" : 12646939,
      "write_ios" : 6327334,
      "read_merges" : 0,
      "write_merges" : 0,
      "read_ticks" : 119700,
      "write_ticks" : 380087,
      "in_queue" : 2180,
      "util" : 96.288588
    }
  ]
}
