{
  "fio version" : "fio-3.32-36-g5932",
  "timestamp" : 1664208412,
  "timestamp_ms" : 1664208412614,
  "time" : "Mon Sep 26 18:06:52 2022",
  "global options" : {
    "size" : "4K",
    "rw" : "randrw",
    "bs" : "4K",
    "numjobs" : "1",
    "iodepth" : "1",
    "runtime" : "300",
    "end_fsync" : "1",
    "lat_percentiles" : "1",
    "slat_percentiles" : "1",
    "clat_percentiles" : "1"
  },
  "jobs" : [
    {
      "jobname" : "random-rw",
      "groupid" : 0,
      "error" : 0,
      "eta" : 0,
      "elapsed" : 301,
      "job options" : {
        "name" : "random-rw"
      },
      "read" : {
        "io_bytes" : 80677437440,
        "io_kbytes" : 78786560,
        "bw_bytes" : 268923895,
        "bw" : 262620,
        "iops" : 65655.247816,
        "runtime" : 300001,
        "total_ios" : 19696640,
        "short_ios" : 0,
        "drop_ios" : 0,
        "slat_ns" : {
          "min" : 0,
          "max" : 0,
          "mean" : 0.000000,
          "stddev" : 0.000000,
          "N" : 0
        },
        "clat_ns" : {
          "min" : 570,
          "max" : 6801178,
          "mean" : 4681.710959,
          "stddev" : 7974.549858,
          "N" : 19696640,
          "percentile" : {
            "1.000000" : 620,
            "5.000000" : 724,
            "10.000000" : 740,
            "20.000000" : 804,
            "30.000000" : 844,
            "40.000000" : 876,
            "50.000000" : 916,
            "60.000000" : 4048,
            "70.000000" : 6432,
            "80.000000" : 11328,
            "90.000000" : 13504,
            "95.000000" : 14528,
            "99.000000" : 15680,
            "99.500000" : 17536,
            "99.900000" : 23936,
            "99.950000" : 26240,
            "99.990000" : 59136
          },
          "bins" : {
            "572" : 4429,
            "580" : 54400,
            "588" : 45705,
            "596" : 65673,
            "604" : 21192,
            "612" : 5123,
            "620" : 2897,
            "628" : 1931,
            "636" : 1133,
            "644" : 874,
            "652" : 620,
            "660" : 929,
            "668" : 1787,
            "676" : 2684,
            "684" : 4386,
            "692" : 7443,
            "700" : 36057,
            "708" : 182363,
            "716" : 438147,
            "724" : 573943,
            "732" : 430652,
            "740" : 304953,
            "748" : 288838,
            "756" : 328353,
            "764" : 368127,
            "772" : 295288,
            "780" : 192877,
            "788" : 114891,
            "796" : 91121,
            "804" : 137893,
            "812" : 235025,
            "820" : 367806,
            "828" : 474427,
            "836" : 497965,
            "844" : 511034,
            "852" : 470103,
            "860" : 452259,
            "868" : 451107,
            "876" : 446560,
            "884" : 487189,
            "892" : 480265,
            "900" : 459587,
            "908" : 403081,
            "916" : 321331,
            "924" : 270791,
            "932" : 210355,
            "940" : 167008,
            "948" : 134419,
            "956" : 108112,
            "964" : 100766,
            "972" : 90213,
            "980" : 83967,
            "988" : 74809,
            "996" : 61813,
            "1004" : 54816,
            "1012" : 43070,
            "1020" : 33729,
            "1032" : 41580,
            "1048" : 21518,
            "1064" : 10595,
            "1080" : 5634,
            "1096" : 4026,
            "1112" : 2972,
            "1128" : 2577,
            "1144" : 2259,
            "1160" : 2039,
            "1176" : 1984,
            "1192" : 1914,
            "1208" : 1921,
            "1224" : 1851,
            "1240" : 1571,
            "1256" : 1346,
            "1272" : 1151,
            "1288" : 1218,
            "1304" : 1075,
            "1320" : 999,
            "1336" : 992,
            "1352" : 822,
            "1368" : 848,
            "1384" : 781,
            "1400" : 735,
            "1416" : 767,
            "1432" : 709,
            "1448" : 721,
            "1464" : 719,
            "1480" : 676,
            "1496" : 678,
            "1512" : 701,
            "1528" : 625,
            "1544" : 608,
            "1560" : 592,
            "1576" : 602,
            "1592" : 497,
            "1608" : 564,
            "1624" : 507,
            "1640" : 454,
            "1656" : 492,
            "1672" : 528,
            "1688" : 606,
            "1704" : 543,
            "1720" : 546,
            "1736" : 550,
            "1752" : 486,
            "1768" : 407,
            "1784" : 399,
            "1800" : 379,
            "1816" : 376,
            "1832" : 332,
            "1848" : 324,
            "1864" : 285,
            "1880" : 220,
            "1896" : 298,
            "1912" : 271,
            "1928" : 320,
            "1944" : 303,
            "1960" : 271,
            "1976" : 227,
            "1992" : 210,
            "2008" : 218,
            "2024" : 205,
            "2040" : 180,
            "2064" : 364,
            "2096" : 396,
            "2128" : 384,
            "2160" : 366,
            "2192" : 314,
            "2224" : 318,
            "2256" : 287,
            "2288" : 255,
            "2320" : 246,
            "2352" : 227,
            "2384" : 210,
            "2416" : 169,
            "2448" : 151,
            "2480" : 126,
            "2512" : 143,
            "2544" : 125,
            "2576" : 103,
            "2608" : 110,
            "2640" : 82,
            "2672" : 77,
            "2704" : 57,
            "2736" : 62,
            "2768" : 40,
            "2800" : 37,
            "2832" : 36,
            "2864" : 34,
            "2896" : 30,
            "2928" : 39,
            "2960" : 35,
            "2992" : 72,
            "3024" : 72,
            "3056" : 73,
            "3088" : 44,
            "3120" : 48,
            "3152" : 66,
            "3184" : 69,
            "3216" : 105,
            "3248" : 87,
            "3280" : 60,
            "3312" : 53,
            "3344" : 52,
            "3376" : 172,
            "3408" : 410,
            "3440" : 1057,
            "3472" : 1976,
            "3504" : 2993,
            "3536" : 3927,
            "3568" : 4707,
            "3600" : 5107,
            "3632" : 4831,
            "3664" : 4398,
            "3696" : 4131,
            "3728" : 4157,
            "3760" : 4984,
            "3792" : 7493,
            "3824" : 11770,
            "3856" : 15379,
            "3888" : 18182,
            "3920" : 19996,
            "3952" : 21867,
            "3984" : 22184,
            "4016" : 21070,
            "4048" : 16655,
            "4080" : 11884,
            "4128" : 13868,
            "4192" : 10542,
            "4256" : 14997,
            "4320" : 18613,
            "4384" : 23443,
            "4448" : 31587,
            "4512" : 23700,
            "4576" : 17867,
            "4640" : 37185,
            "4704" : 57854,
            "4768" : 81721,
            "4832" : 57014,
            "4896" : 19092,
            "4960" : 9827,
            "5024" : 17598,
            "5088" : 24704,
            "5152" : 22602,
            "5216" : 16294,
            "5280" : 7610,
            "5344" : 2676,
            "5408" : 1802,
            "5472" : 1681,
            "5536" : 1579,
            "5600" : 1575,
            "5664" : 1440,
            "5728" : 1376,
            "5792" : 1411,
            "5856" : 1303,
            "5920" : 2769,
            "5984" : 32470,
            "6048" : 164196,
            "6112" : 290781,
            "6176" : 274274,
            "6240" : 277728,
            "6304" : 202398,
            "6368" : 84450,
            "6432" : 103946,
            "6496" : 316017,
            "6560" : 468228,
            "6624" : 312937,
            "6688" : 103919,
            "6752" : 23723,
            "6816" : 9084,
            "6880" : 5817,
            "6944" : 4159,
            "7008" : 3441,
            "7072" : 3058,
            "7136" : 2922,
            "7200" : 2913,
            "7264" : 2671,
            "7328" : 2351,
            "7392" : 2233,
            "7456" : 1951,
            "7520" : 1739,
            "7584" : 1591,
            "7648" : 1468,
            "7712" : 1350,
            "7776" : 1149,
            "7840" : 1146,
            "7904" : 972,
            "7968" : 852,
            "8032" : 766,
            "8096" : 745,
            "8160" : 664,
            "8256" : 1426,
            "8384" : 1445,
            "8512" : 1326,
            "8640" : 1202,
            "8768" : 1062,
            "8896" : 1365,
            "9024" : 3287,
            "9152" : 7401,
            "9280" : 23497,
            "9408" : 39334,
            "9536" : 29483,
            "9664" : 30954,
            "9792" : 35105,
            "9920" : 29288,
            "10048" : 22232,
            "10176" : 13265,
            "10304" : 15406,
            "10432" : 37542,
            "10560" : 68292,
            "10688" : 79957,
            "10816" : 67783,
            "10944" : 60395,
            "11072" : 51368,
            "11200" : 41212,
            "11328" : 34087,
            "11456" : 28343,
            "11584" : 32399,
            "11712" : 69378,
            "11840" : 81676,
            "11968" : 61038,
            "12096" : 50921,
            "12224" : 39684,
            "12352" : 65943,
            "12480" : 100857,
            "12608" : 131887,
            "12736" : 198901,
            "12864" : 159504,
            "12992" : 164470,
            "13120" : 175375,
            "13248" : 234526,
            "13376" : 321911,
            "13504" : 247433,
            "13632" : 160156,
            "13760" : 136041,
            "13888" : 79884,
            "14016" : 89017,
            "14144" : 133191,
            "14272" : 95732,
            "14400" : 69448,
            "14528" : 112324,
            "14656" : 185032,
            "14784" : 157975,
            "14912" : 68724,
            "15040" : 27653,
            "15168" : 23995,
            "15296" : 48603,
            "15424" : 87846,
            "15552" : 73598,
            "15680" : 32111,
            "15808" : 13408,
            "15936" : 8931,
            "16064" : 8179,
            "16192" : 7296,
            "16320" : 6388,
            "16512" : 10255,
            "16768" : 8240,
            "17024" : 7459,
            "17280" : 6572,
            "17536" : 6077,
            "17792" : 5642,
            "18048" : 5501,
            "18304" : 5055,
            "18560" : 4632,
            "18816" : 4369,
            "19072" : 4067,
            "19328" : 3703,
            "19584" : 3598,
            "19840" : 3412,
            "20096" : 3201,
            "20352" : 2960,
            "20608" : 2894,
            "20864" : 2706,
            "21120" : 2686,
            "21376" : 2628,
            "21632" : 2516,
            "21888" : 2466,
            "22144" : 2416,
            "22400" : 2251,
            "22656" : 2117,
            "22912" : 2028,
            "23168" : 1978,
            "23424" : 1817,
            "23680" : 1711,
            "23936" : 1650,
            "24192" : 1535,
            "24448" : 1366,
            "24704" : 1189,
            "24960" : 1047,
            "25216" : 874,
            "25472" : 863,
            "25728" : 743,
            "25984" : 630,
            "26240" : 606,
            "26496" : 582,
            "26752" : 476,
            "27008" : 444,
            "27264" : 364,
            "27520" : 350,
            "27776" : 304,
            "28032" : 258,
            "28288" : 226,
            "28544" : 203,
            "28800" : 177,
            "29056" : 172,
            "29312" : 165,
            "29568" : 137,
            "29824" : 129,
            "30080" : 115,
            "30336" : 103,
            "30592" : 86,
            "30848" : 87,
            "31104" : 87,
            "31360" : 92,
            "31616" : 90,
            "31872" : 103,
            "32128" : 86,
            "32384" : 73,
            "32640" : 82,
            "33024" : 139,
            "33536" : 119,
            "34048" : 103,
            "34560" : 90,
            "35072" : 90,
            "35584" : 92,
            "36096" : 79,
            "36608" : 91,
            "37120" : 79,
            "37632" : 85,
            "38144" : 91,
            "38656" : 80,
            "39168" : 67,
            "39680" : 76,
            "40192" : 60,
            "40704" : 45,
            "41216" : 48,
            "41728" : 58,
            "42240" : 52,
            "42752" : 68,
            "43264" : 54,
            "43776" : 66,
            "44288" : 73,
            "44800" : 49,
            "45312" : 52,
            "45824" : 62,
            "46336" : 56,
            "46848" : 65,
            "47360" : 56,
            "47872" : 54,
            "48384" : 45,
            "48896" : 48,
            "49408" : 42,
            "49920" : 26,
            "50432" : 35,
            "50944" : 31,
            "51456" : 33,
            "51968" : 40,
            "52480" : 21,
            "52992" : 26,
            "53504" : 25,
            "54016" : 22,
            "54528" : 24,
            "55040" : 25,
            "55552" : 25,
            "56064" : 27,
            "56576" : 20,
            "57088" : 33,
            "57600" : 22,
            "58112" : 20,
            "58624" : 21,
            "59136" : 16,
            "59648" : 13,
            "60160" : 19,
            "60672" : 17,
            "61184" : 18,
            "61696" : 12,
            "62208" : 21,
            "62720" : 27,
            "63232" : 19,
            "63744" : 24,
            "64256" : 25,
            "64768" : 28,
            "65280" : 29,
            "66048" : 48,
            "67072" : 54,
            "68096" : 41,
            "69120" : 41,
            "70144" : 49,
            "71168" : 48,
            "72192" : 45,
            "73216" : 52,
            "74240" : 56,
            "75264" : 63,
            "76288" : 41,
            "77312" : 67,
            "78336" : 53,
            "79360" : 39,
            "80384" : 34,
            "81408" : 21,
            "82432" : 18,
            "83456" : 23,
            "84480" : 24,
            "85504" : 16,
            "86528" : 12,
            "87552" : 15,
            "88576" : 11,
            "89600" : 13,
            "90624" : 7,
            "91648" : 8,
            "92672" : 12,
            "93696" : 7,
            "94720" : 12,
            "95744" : 14,
            "96768" : 10,
            "97792" : 10,
            "98816" : 11,
            "99840" : 3,
            "100864" : 7,
            "101888" : 8,
            "102912" : 6,
            "103936" : 9,
            "104960" : 10,
            "105984" : 8,
            "107008" : 8,
            "108032" : 5,
            "109056" : 2,
            "110080" : 1,
            "111104" : 6,
            "112128" : 2,
            "113152" : 6,
            "114176" : 3,
            "115200" : 1,
            "116224" : 4,
            "117248" : 5,
            "118272" : 3,
            "119296" : 5,
            "120320" : 4,
            "121344" : 2,
            "122368" : 3,
            "123392" : 1,
            "124416" : 6,
            "125440" : 4,
            "126464" : 5,
            "127488" : 6,
            "128512" : 3,
            "129536" : 3,
            "130560" : 3,
            "132096" : 5,
            "134144" : 5,
            "136192" : 5,
            "138240" : 7,
            "140288" : 9,
            "142336" : 6,
            "144384" : 7,
            "146432" : 6,
            "148480" : 5,
            "150528" : 6,
            "152576" : 5,
            "154624" : 2,
            "156672" : 4,
            "158720" : 2,
            "160768" : 1,
            "162816" : 6,
            "166912" : 7,
            "168960" : 1,
            "173056" : 2,
            "175104" : 3,
            "177152" : 1,
            "181248" : 1,
            "185344" : 1,
            "187392" : 1,
            "189440" : 2,
            "191488" : 3,
            "193536" : 3,
            "195584" : 1,
            "197632" : 1,
            "199680" : 1,
            "201728" : 3,
            "203776" : 2,
            "205824" : 3,
            "207872" : 4,
            "209920" : 2,
            "211968" : 1,
            "214016" : 1,
            "216064" : 4,
            "220160" : 4,
            "222208" : 1,
            "226304" : 2,
            "230400" : 1,
            "232448" : 7,
            "234496" : 11,
            "236544" : 9,
            "238592" : 11,
            "240640" : 8,
            "242688" : 10,
            "244736" : 3,
            "246784" : 4,
            "248832" : 5,
            "250880" : 6,
            "252928" : 7,
            "254976" : 3,
            "257024" : 7,
            "259072" : 5,
            "261120" : 5,
            "264192" : 15,
            "268288" : 6,
            "272384" : 6,
            "276480" : 6,
            "280576" : 7,
            "284672" : 4,
            "288768" : 3,
            "292864" : 4,
            "296960" : 4,
            "301056" : 5,
            "305152" : 4,
            "309248" : 4,
            "313344" : 4,
            "317440" : 4,
            "321536" : 6,
            "325632" : 2,
            "329728" : 2,
            "333824" : 5,
            "337920" : 5,
            "342016" : 1,
            "346112" : 2,
            "350208" : 2,
            "358400" : 2,
            "362496" : 1,
            "370688" : 1,
            "378880" : 1,
            "387072" : 1,
            "391168" : 1,
            "399360" : 3,
            "407552" : 2,
            "411648" : 1,
            "415744" : 2,
            "419840" : 2,
            "423936" : 4,
            "428032" : 5,
            "432128" : 3,
            "436224" : 1,
            "440320" : 1,
            "448512" : 1,
            "456704" : 1,
            "460800" : 1,
            "468992" : 2,
            "473088" : 1,
            "481280" : 1,
            "485376" : 1,
            "489472" : 1,
            "493568" : 1,
            "501760" : 1,
            "505856" : 1,
            "528384" : 1,
            "536576" : 2,
            "544768" : 1,
            "569344" : 1,
            "577536" : 3,
            "585728" : 2,
            "593920" : 3,
            "602112" : 4,
            "610304" : 1,
            "618496" : 3,
            "626688" : 5,
            "634880" : 1,
            "643072" : 4,
            "659456" : 1,
            "667648" : 1,
            "675840" : 3,
            "684032" : 3,
            "692224" : 1,
            "700416" : 1,
            "708608" : 2,
            "716800" : 2,
            "724992" : 2,
            "733184" : 5,
            "741376" : 4,
            "749568" : 2,
            "765952" : 8,
            "774144" : 11,
            "782336" : 4,
            "790528" : 5,
            "798720" : 4,
            "806912" : 4,
            "815104" : 1,
            "823296" : 1,
            "831488" : 3,
            "847872" : 2,
            "856064" : 1,
            "864256" : 1,
            "872448" : 4,
            "880640" : 2,
            "888832" : 2,
            "897024" : 6,
            "905216" : 1,
            "913408" : 2,
            "921600" : 4,
            "929792" : 5,
            "946176" : 6,
            "954368" : 3,
            "962560" : 1,
            "970752" : 2,
            "978944" : 1,
            "987136" : 2,
            "1003520" : 1,
            "1011712" : 1,
            "1019904" : 2,
            "1044480" : 1,
            "1056768" : 1,
            "1138688" : 1,
            "1155072" : 1,
            "1351680" : 1,
            "1384448" : 1,
            "1433600" : 1,
            "1695744" : 1,
            "1728512" : 3,
            "1826816" : 1,
            "1957888" : 1,
            "2023424" : 1,
            "2039808" : 1,
            "2056192" : 6,
            "2072576" : 3,
            "2088960" : 1,
            "2113536" : 2,
            "2211840" : 1,
            "2310144" : 1,
            "2342912" : 1,
            "2375680" : 1,
            "2441216" : 1,
            "2637824" : 1,
            "2801664" : 2,
            "2867200" : 1,
            "3129344" : 3,
            "3162112" : 1,
            "3391488" : 1,
            "3424256" : 2,
            "4079616" : 1,
            "4112384" : 1,
            "4177920" : 1,
            "4227072" : 3,
            "4292608" : 1,
            "4358144" : 2,
            "4423680" : 2,
            "4489216" : 1,
            "4816896" : 1,
            "6062080" : 1,
            "6193152" : 1,
            "6782976" : 1
          }
        },
        "lat_ns" : {
          "min" : 602,
          "max" : 6801229,
          "mean" : 4772.648040,
          "stddev" : 8031.068435,
          "N" : 19696640,
          "percentile" : {
            "1.000000" : 660,
            "5.000000" : 796,
            "10.000000" : 820,
            "20.000000" : 892,
            "30.000000" : 932,
            "40.000000" : 964,
            "50.000000" : 1004,
            "60.000000" : 4128,
            "70.000000" : 6560,
            "80.000000" : 11456,
            "90.000000" : 13504,
            "95.000000" : 14528,
            "99.000000" : 15680,
            "99.500000" : 17792,
            "99.900000" : 23936,
            "99.950000" : 26496,
            "99.990000" : 59648
          },
          "bins" : {
            "604" : 1262,
            "612" : 31371,
            "620" : 37116,
            "628" : 46886,
            "636" : 39392,
            "644" : 18066,
            "652" : 19773,
            "660" : 5439,
            "668" : 1864,
            "676" : 1288,
            "684" : 922,
            "692" : 491,
            "700" : 727,
            "708" : 1341,
            "716" : 2172,
            "724" : 3603,
            "732" : 4735,
            "740" : 5384,
            "748" : 5034,
            "756" : 4074,
            "764" : 4172,
            "772" : 10666,
            "780" : 64548,
            "788" : 267862,
            "796" : 490647,
            "804" : 523804,
            "812" : 361295,
            "820" : 253432,
            "828" : 229274,
            "836" : 266672,
            "844" : 333621,
            "852" : 313179,
            "860" : 225720,
            "868" : 129218,
            "876" : 77315,
            "884" : 84312,
            "892" : 135675,
            "900" : 229554,
            "908" : 334134,
            "916" : 414101,
            "924" : 506673,
            "932" : 531943,
            "940" : 536683,
            "948" : 511083,
            "956" : 471457,
            "964" : 485507,
            "972" : 466581,
            "980" : 450390,
            "988" : 407676,
            "996" : 343889,
            "1004" : 309811,
            "1012" : 253347,
            "1020" : 208883,
            "1032" : 304170,
            "1048" : 232179,
            "1064" : 186225,
            "1080" : 135185,
            "1096" : 87987,
            "1112" : 46869,
            "1128" : 23039,
            "1144" : 11496,
            "1160" : 6473,
            "1176" : 4710,
            "1192" : 3626,
            "1208" : 3024,
            "1224" : 2582,
            "1240" : 2142,
            "1256" : 1952,
            "1272" : 1785,
            "1288" : 1831,
            "1304" : 1774,
            "1320" : 1673,
            "1336" : 1666,
            "1352" : 1384,
            "1368" : 1293,
            "1384" : 1214,
            "1400" : 1085,
            "1416" : 991,
            "1432" : 953,
            "1448" : 841,
            "1464" : 823,
            "1480" : 748,
            "1496" : 710,
            "1512" : 692,
            "1528" : 634,
            "1544" : 624,
            "1560" : 589,
            "1576" : 573,
            "1592" : 566,
            "1608" : 592,
            "1624" : 540,
            "1640" : 528,
            "1656" : 571,
            "1672" : 524,
            "1688" : 528,
            "1704" : 563,
            "1720" : 518,
            "1736" : 461,
            "1752" : 459,
            "1768" : 479,
            "1784" : 408,
            "1800" : 397,
            "1816" : 404,
            "1832" : 373,
            "1848" : 434,
            "1864" : 437,
            "1880" : 460,
            "1896" : 482,
            "1912" : 503,
            "1928" : 409,
            "1944" : 412,
            "1960" : 348,
            "1976" : 325,
            "1992" : 315,
            "2008" : 257,
            "2024" : 258,
            "2040" : 253,
            "2064" : 436,
            "2096" : 406,
            "2128" : 386,
            "2160" : 358,
            "2192" : 361,
            "2224" : 333,
            "2256" : 292,
            "2288" : 268,
            "2320" : 260,
            "2352" : 239,
            "2384" : 268,
            "2416" : 262,
            "2448" : 252,
            "2480" : 280,
            "2512" : 280,
            "2544" : 249,
            "2576" : 205,
            "2608" : 221,
            "2640" : 171,
            "2672" : 165,
            "2704" : 153,
            "2736" : 127,
            "2768" : 128,
            "2800" : 120,
            "2832" : 92,
            "2864" : 96,
            "2896" : 86,
            "2928" : 75,
            "2960" : 55,
            "2992" : 64,
            "3024" : 58,
            "3056" : 57,
            "3088" : 58,
            "3120" : 66,
            "3152" : 74,
            "3184" : 64,
            "3216" : 51,
            "3248" : 70,
            "3280" : 103,
            "3312" : 130,
            "3344" : 133,
            "3376" : 101,
            "3408" : 124,
            "3440" : 262,
            "3472" : 762,
            "3504" : 1459,
            "3536" : 2628,
            "3568" : 3579,
            "3600" : 4530,
            "3632" : 5107,
            "3664" : 4999,
            "3696" : 4599,
            "3728" : 4553,
            "3760" : 5644,
            "3792" : 8630,
            "3824" : 12573,
            "3856" : 16644,
            "3888" : 19365,
            "3920" : 20182,
            "3952" : 19962,
            "3984" : 20733,
            "4016" : 22353,
            "4048" : 23597,
            "4080" : 23169,
            "4128" : 36002,
            "4192" : 20131,
            "4256" : 13295,
            "4320" : 16685,
            "4384" : 20714,
            "4448" : 27415,
            "4512" : 34734,
            "4576" : 23315,
            "4640" : 14196,
            "4704" : 25341,
            "4768" : 47023,
            "4832" : 74711,
            "4896" : 72157,
            "4960" : 32101,
            "5024" : 10512,
            "5088" : 10928,
            "5152" : 20403,
            "5216" : 25274,
            "5280" : 21168,
            "5344" : 11317,
            "5408" : 3967,
            "5472" : 1947,
            "5536" : 1655,
            "5600" : 1622,
            "5664" : 1633,
            "5728" : 1643,
            "5792" : 1544,
            "5856" : 1535,
            "5920" : 1635,
            "5984" : 5451,
            "6048" : 54551,
            "6112" : 206649,
            "6176" : 292764,
            "6240" : 276557,
            "6304" : 269263,
            "6368" : 168629,
            "6432" : 56658,
            "6496" : 48988,
            "6560" : 200506,
            "6624" : 425221,
            "6688" : 408572,
            "6752" : 190768,
            "6816" : 48367,
            "6880" : 13043,
            "6944" : 7112,
            "7008" : 4886,
            "7072" : 3845,
            "7136" : 3240,
            "7200" : 3040,
            "7264" : 2901,
            "7328" : 2791,
            "7392" : 2551,
            "7456" : 2331,
            "7520" : 2144,
            "7584" : 1832,
            "7648" : 1665,
            "7712" : 1562,
            "7776" : 1466,
            "7840" : 1342,
            "7904" : 1209,
            "7968" : 1143,
            "8032" : 973,
            "8096" : 887,
            "8160" : 748,
            "8256" : 1414,
            "8384" : 1362,
            "8512" : 1364,
            "8640" : 1357,
            "8768" : 1243,
            "8896" : 1164,
            "9024" : 1932,
            "9152" : 4567,
            "9280" : 13855,
            "9408" : 35863,
            "9536" : 34061,
            "9664" : 24046,
            "9792" : 33867,
            "9920" : 34254,
            "10048" : 27498,
            "10176" : 17987,
            "10304" : 12847,
            "10432" : 23470,
            "10560" : 53254,
            "10688" : 78090,
            "10816" : 73971,
            "10944" : 61083,
            "11072" : 54409,
            "11200" : 47104,
            "11328" : 39363,
            "11456" : 31917,
            "11584" : 28044,
            "11712" : 45599,
            "11840" : 81098,
            "11968" : 70951,
            "12096" : 57163,
            "12224" : 44548,
            "12352" : 47070,
            "12480" : 84054,
            "12608" : 109426,
            "12736" : 161964,
            "12864" : 192942,
            "12992" : 144732,
            "13120" : 183462,
            "13248" : 219336,
            "13376" : 300299,
            "13504" : 280168,
            "13632" : 178703,
            "13760" : 142595,
            "13888" : 116451,
            "14016" : 85026,
            "14144" : 123087,
            "14272" : 113310,
            "14400" : 69633,
            "14528" : 84524,
            "14656" : 161528,
            "14784" : 187666,
            "14912" : 104395,
            "15040" : 39340,
            "15168" : 22813,
            "15296" : 33445,
            "15424" : 74224,
            "15552" : 87448,
            "15680" : 47885,
            "15808" : 18708,
            "15936" : 10065,
            "16064" : 8473,
            "16192" : 7737,
            "16320" : 6786,
            "16512" : 10937,
            "16768" : 8547,
            "17024" : 7632,
            "17280" : 6727,
            "17536" : 6229,
            "17792" : 5669,
            "18048" : 5514,
            "18304" : 5177,
            "18560" : 4762,
            "18816" : 4406,
            "19072" : 4160,
            "19328" : 3801,
            "19584" : 3625,
            "19840" : 3535,
            "20096" : 3240,
            "20352" : 3019,
            "20608" : 2854,
            "20864" : 2855,
            "21120" : 2697,
            "21376" : 2670,
            "21632" : 2535,
            "21888" : 2512,
            "22144" : 2473,
            "22400" : 2268,
            "22656" : 2213,
            "22912" : 2091,
            "23168" : 1956,
            "23424" : 1939,
            "23680" : 1764,
            "23936" : 1687,
            "24192" : 1562,
            "24448" : 1415,
            "24704" : 1251,
            "24960" : 1149,
            "25216" : 887,
            "25472" : 876,
            "25728" : 785,
            "25984" : 667,
            "26240" : 624,
            "26496" : 592,
            "26752" : 523,
            "27008" : 452,
            "27264" : 391,
            "27520" : 354,
            "27776" : 333,
            "28032" : 275,
            "28288" : 228,
            "28544" : 233,
            "28800" : 194,
            "29056" : 166,
            "29312" : 174,
            "29568" : 166,
            "29824" : 130,
            "30080" : 132,
            "30336" : 108,
            "30592" : 89,
            "30848" : 78,
            "31104" : 90,
            "31360" : 93,
            "31616" : 103,
            "31872" : 92,
            "32128" : 86,
            "32384" : 88,
            "32640" : 84,
            "33024" : 137,
            "33536" : 123,
            "34048" : 110,
            "34560" : 87,
            "35072" : 92,
            "35584" : 97,
            "36096" : 82,
            "36608" : 88,
            "37120" : 89,
            "37632" : 84,
            "38144" : 95,
            "38656" : 82,
            "39168" : 67,
            "39680" : 76,
            "40192" : 65,
            "40704" : 47,
            "41216" : 49,
            "41728" : 57,
            "42240" : 51,
            "42752" : 63,
            "43264" : 62,
            "43776" : 64,
            "44288" : 75,
            "44800" : 50,
            "45312" : 52,
            "45824" : 61,
            "46336" : 62,
            "46848" : 63,
            "47360" : 59,
            "47872" : 55,
            "48384" : 42,
            "48896" : 51,
            "49408" : 40,
            "49920" : 23,
            "50432" : 39,
            "50944" : 29,
            "51456" : 35,
            "51968" : 38,
            "52480" : 25,
            "52992" : 29,
            "53504" : 22,
            "54016" : 23,
            "54528" : 26,
            "55040" : 24,
            "55552" : 25,
            "56064" : 30,
            "56576" : 20,
            "57088" : 33,
            "57600" : 21,
            "58112" : 17,
            "58624" : 25,
            "59136" : 17,
            "59648" : 16,
            "60160" : 16,
            "60672" : 19,
            "61184" : 18,
            "61696" : 14,
            "62208" : 17,
            "62720" : 28,
            "63232" : 24,
            "63744" : 24,
            "64256" : 20,
            "64768" : 29,
            "65280" : 27,
            "66048" : 56,
            "67072" : 53,
            "68096" : 43,
            "69120" : 45,
            "70144" : 48,
            "71168" : 48,
            "72192" : 45,
            "73216" : 52,
            "74240" : 62,
            "75264" : 57,
            "76288" : 44,
            "77312" : 65,
            "78336" : 58,
            "79360" : 38,
            "80384" : 34,
            "81408" : 24,
            "82432" : 18,
            "83456" : 21,
            "84480" : 26,
            "85504" : 16,
            "86528" : 13,
            "87552" : 13,
            "88576" : 12,
            "89600" : 14,
            "90624" : 7,
            "91648" : 8,
            "92672" : 12,
            "93696" : 7,
            "94720" : 11,
            "95744" : 14,
            "96768" : 11,
            "97792" : 10,
            "98816" : 11,
            "99840" : 3,
            "100864" : 7,
            "101888" : 6,
            "102912" : 6,
            "103936" : 9,
            "104960" : 6,
            "105984" : 13,
            "107008" : 8,
            "108032" : 6,
            "109056" : 2,
            "110080" : 1,
            "111104" : 6,
            "112128" : 2,
            "113152" : 6,
            "114176" : 4,
            "115200" : 1,
            "116224" : 3,
            "117248" : 6,
            "118272" : 3,
            "119296" : 5,
            "120320" : 3,
            "121344" : 2,
            "122368" : 4,
            "123392" : 1,
            "124416" : 6,
            "125440" : 3,
            "126464" : 6,
            "127488" : 6,
            "128512" : 2,
            "129536" : 3,
            "130560" : 4,
            "132096" : 5,
            "134144" : 5,
            "136192" : 5,
            "138240" : 7,
            "140288" : 8,
            "142336" : 6,
            "144384" : 8,
            "146432" : 6,
            "148480" : 5,
            "150528" : 5,
            "152576" : 6,
            "154624" : 2,
            "156672" : 4,
            "158720" : 2,
            "160768" : 1,
            "162816" : 6,
            "166912" : 7,
            "168960" : 1,
            "173056" : 2,
            "175104" : 3,
            "179200" : 1,
            "181248" : 1,
            "185344" : 1,
            "187392" : 1,
            "189440" : 2,
            "191488" : 3,
            "193536" : 3,
            "195584" : 1,
            "197632" : 1,
            "199680" : 1,
            "201728" : 3,
            "203776" : 1,
            "205824" : 3,
            "207872" : 5,
            "209920" : 2,
            "211968" : 1,
            "216064" : 5,
            "220160" : 4,
            "222208" : 1,
            "226304" : 2,
            "232448" : 7,
            "234496" : 11,
            "236544" : 10,
            "238592" : 11,
            "240640" : 8,
            "242688" : 9,
            "244736" : 3,
            "246784" : 5,
            "248832" : 4,
            "250880" : 7,
            "252928" : 7,
            "254976" : 3,
            "257024" : 7,
            "259072" : 5,
            "261120" : 4,
            "264192" : 16,
            "268288" : 6,
            "272384" : 5,
            "276480" : 7,
            "280576" : 6,
            "284672" : 5,
            "288768" : 3,
            "292864" : 4,
            "296960" : 3,
            "301056" : 6,
            "305152" : 4,
            "309248" : 4,
            "313344" : 4,
            "317440" : 4,
            "321536" : 6,
            "325632" : 2,
            "329728" : 2,
            "333824" : 5,
            "337920" : 5,
            "346112" : 3,
            "350208" : 2,
            "358400" : 2,
            "362496" : 1,
            "370688" : 1,
            "378880" : 1,
            "387072" : 1,
            "391168" : 1,
            "399360" : 3,
            "407552" : 2,
            "411648" : 1,
            "415744" : 2,
            "419840" : 2,
            "423936" : 4,
            "428032" : 5,
            "432128" : 3,
            "436224" : 1,
            "440320" : 1,
            "452608" : 1,
            "456704" : 1,
            "460800" : 1,
            "468992" : 2,
            "473088" : 1,
            "481280" : 1,
            "485376" : 1,
            "489472" : 1,
            "493568" : 1,
            "501760" : 1,
            "505856" : 1,
            "528384" : 1,
            "536576" : 2,
            "544768" : 1,
            "569344" : 1,
            "577536" : 3,
            "585728" : 2,
            "593920" : 3,
            "602112" : 4,
            "610304" : 1,
            "618496" : 3,
            "626688" : 5,
            "634880" : 1,
            "643072" : 4,
            "659456" : 1,
            "667648" : 1,
            "675840" : 3,
            "684032" : 3,
            "692224" : 1,
            "700416" : 1,
            "708608" : 2,
            "716800" : 2,
            "724992" : 2,
            "733184" : 5,
            "741376" : 4,
            "749568" : 2,
            "765952" : 8,
            "774144" : 11,
            "782336" : 4,
            "790528" : 5,
            "798720" : 4,
            "806912" : 4,
            "815104" : 1,
            "823296" : 1,
            "831488" : 3,
            "839680" : 1,
            "847872" : 2,
            "856064" : 1,
            "864256" : 1,
            "872448" : 4,
            "880640" : 2,
            "888832" : 2,
            "897024" : 6,
            "905216" : 1,
            "913408" : 2,
            "921600" : 4,
            "929792" : 5,
            "946176" : 6,
            "954368" : 3,
            "962560" : 1,
            "970752" : 2,
            "978944" : 1,
            "987136" : 2,
            "1003520" : 1,
            "1011712" : 1,
            "1019904" : 2,
            "1044480" : 1,
            "1056768" : 1,
            "1138688" : 1,
            "1155072" : 1,
            "1351680" : 1,
            "1384448" : 1,
            "1433600" : 1,
            "1679360" : 1,
            "1695744" : 1,
            "1728512" : 3,
            "1826816" : 1,
            "1957888" : 1,
            "2023424" : 1,
            "2039808" : 1,
            "2056192" : 6,
            "2072576" : 3,
            "2088960" : 1,
            "2113536" : 2,
            "2211840" : 1,
            "2310144" : 1,
            "2342912" : 1,
            "2375680" : 1,
            "2441216" : 1,
            "2637824" : 1,
            "2801664" : 2,
            "2867200" : 1,
            "3129344" : 3,
            "3162112" : 1,
            "3391488" : 1,
            "3424256" : 2,
            "4079616" : 2,
            "4112384" : 1,
            "4177920" : 1,
            "4227072" : 3,
            "4292608" : 1,
            "4358144" : 2,
            "4423680" : 2,
            "4489216" : 1,
            "4816896" : 1,
            "6062080" : 1,
            "6193152" : 1,
            "6782976" : 1
          }
        },
        "bw_min" : 216160,
        "bw_max" : 286704,
        "bw_agg" : 100.000000,
        "bw_mean" : 262695.589316,
        "bw_dev" : 17392.658723,
        "bw_samples" : 599,
        "iops_min" : 54040,
        "iops_max" : 71676,
        "iops_mean" : 65673.896494,
        "iops_stddev" : 4348.165261,
        "iops_samples" : 599
      },
      "write" : {
        "io_bytes" : 80659656704,
        "io_kbytes" : 78769196,
        "bw_bytes" : 268864626,
        "bw" : 262563,
        "iops" : 65640.777864,
        "runtime" : 300001,
        "total_ios" : 19692299,
        "short_ios" : 0,
        "drop_ios" : 0,
        "slat_ns" : {
          "min" : 0,
          "max" : 0,
          "mean" : 0.000000,
          "stddev" : 0.000000,
          "N" : 0
        },
        "clat_ns" : {
          "min" : 853,
          "max" : 6840568,
          "mean" : 1984.403251,
          "stddev" : 3362.118574,
          "N" : 19692299,
          "percentile" : {
            "1.000000" : 1128,
            "5.000000" : 1160,
            "10.000000" : 1192,
            "20.000000" : 1320,
            "30.000000" : 1368,
            "40.000000" : 1448,
            "50.000000" : 1496,
            "60.000000" : 1928,
            "70.000000" : 2040,
            "80.000000" : 2352,
            "90.000000" : 4080,
            "95.000000" : 4320,
            "99.000000" : 5600,
            "99.500000" : 5728,
            "99.900000" : 8640,
            "99.950000" : 10688,
            "99.990000" : 19328
          },
          "bins" : {
            "852" : 25,
            "860" : 2551,
            "868" : 21562,
            "876" : 33527,
            "884" : 21436,
            "892" : 10746,
            "900" : 7765,
            "908" : 7587,
            "916" : 7318,
            "924" : 7096,
            "932" : 4892,
            "940" : 3139,
            "948" : 1901,
            "956" : 1442,
            "964" : 1444,
            "972" : 2667,
            "980" : 2795,
            "988" : 2654,
            "996" : 3116,
            "1004" : 3792,
            "1012" : 4180,
            "1020" : 3687,
            "1032" : 3785,
            "1048" : 1068,
            "1064" : 496,
            "1080" : 751,
            "1096" : 1528,
            "1112" : 4166,
            "1128" : 96655,
            "1144" : 495109,
            "1160" : 662422,
            "1176" : 417603,
            "1192" : 209285,
            "1208" : 116603,
            "1224" : 72650,
            "1240" : 84860,
            "1256" : 156178,
            "1272" : 243259,
            "1288" : 428731,
            "1304" : 710214,
            "1320" : 823400,
            "1336" : 680013,
            "1352" : 402019,
            "1368" : 236577,
            "1384" : 211931,
            "1400" : 318054,
            "1416" : 492656,
            "1432" : 616588,
            "1448" : 707026,
            "1464" : 682481,
            "1480" : 527410,
            "1496" : 351928,
            "1512" : 193261,
            "1528" : 102030,
            "1544" : 50492,
            "1560" : 25545,
            "1576" : 16821,
            "1592" : 13387,
            "1608" : 12231,
            "1624" : 11023,
            "1640" : 8724,
            "1656" : 6803,
            "1672" : 4961,
            "1688" : 3727,
            "1704" : 2801,
            "1720" : 2036,
            "1736" : 1789,
            "1752" : 1759,
            "1768" : 3262,
            "1784" : 10445,
            "1800" : 29470,
            "1816" : 65641,
            "1832" : 109176,
            "1848" : 155582,
            "1864" : 195295,
            "1880" : 226649,
            "1896" : 265807,
            "1912" : 276485,
            "1928" : 276078,
            "1944" : 256398,
            "1960" : 245455,
            "1976" : 272484,
            "1992" : 293232,
            "2008" : 311073,
            "2024" : 294844,
            "2040" : 255806,
            "2064" : 426986,
            "2096" : 333766,
            "2128" : 236446,
            "2160" : 154198,
            "2192" : 96292,
            "2224" : 59860,
            "2256" : 49570,
            "2288" : 90927,
            "2320" : 205906,
            "2352" : 332273,
            "2384" : 380150,
            "2416" : 360631,
            "2448" : 299699,
            "2480" : 226366,
            "2512" : 151399,
            "2544" : 90032,
            "2576" : 53100,
            "2608" : 33892,
            "2640" : 24038,
            "2672" : 18168,
            "2704" : 13796,
            "2736" : 11355,
            "2768" : 9182,
            "2800" : 7972,
            "2832" : 7027,
            "2864" : 6056,
            "2896" : 5340,
            "2928" : 4750,
            "2960" : 4158,
            "2992" : 3823,
            "3024" : 3576,
            "3056" : 3332,
            "3088" : 3155,
            "3120" : 2986,
            "3152" : 2776,
            "3184" : 2655,
            "3216" : 2643,
            "3248" : 2502,
            "3280" : 2443,
            "3312" : 2453,
            "3344" : 2456,
            "3376" : 2568,
            "3408" : 2480,
            "3440" : 2389,
            "3472" : 2523,
            "3504" : 2427,
            "3536" : 2343,
            "3568" : 2116,
            "3600" : 2021,
            "3632" : 1887,
            "3664" : 1749,
            "3696" : 1645,
            "3728" : 1581,
            "3760" : 1591,
            "3792" : 1532,
            "3824" : 1638,
            "3856" : 2014,
            "3888" : 2587,
            "3920" : 3375,
            "3952" : 3816,
            "3984" : 4060,
            "4016" : 4747,
            "4048" : 9635,
            "4080" : 28184,
            "4128" : 195237,
            "4192" : 329202,
            "4256" : 305239,
            "4320" : 221740,
            "4384" : 93666,
            "4448" : 32897,
            "4512" : 26808,
            "4576" : 51781,
            "4640" : 95949,
            "4704" : 90516,
            "4768" : 40269,
            "4832" : 14855,
            "4896" : 11471,
            "4960" : 9476,
            "5024" : 10755,
            "5088" : 24731,
            "5152" : 47705,
            "5216" : 56990,
            "5280" : 42103,
            "5344" : 17997,
            "5408" : 9430,
            "5472" : 9405,
            "5536" : 13947,
            "5600" : 41278,
            "5664" : 58734,
            "5728" : 31499,
            "5792" : 8710,
            "5856" : 3343,
            "5920" : 2487,
            "5984" : 2183,
            "6048" : 2038,
            "6112" : 1895,
            "6176" : 1797,
            "6240" : 1594,
            "6304" : 1627,
            "6368" : 1619,
            "6432" : 1695,
            "6496" : 1715,
            "6560" : 1599,
            "6624" : 1547,
            "6688" : 1539,
            "6752" : 1625,
            "6816" : 1521,
            "6880" : 1559,
            "6944" : 1429,
            "7008" : 1347,
            "7072" : 1281,
            "7136" : 1236,
            "7200" : 1189,
            "7264" : 1092,
            "7328" : 999,
            "7392" : 1038,
            "7456" : 952,
            "7520" : 857,
            "7584" : 774,
            "7648" : 803,
            "7712" : 734,
            "7776" : 672,
            "7840" : 604,
            "7904" : 606,
            "7968" : 581,
            "8032" : 548,
            "8096" : 512,
            "8160" : 514,
            "8256" : 905,
            "8384" : 877,
            "8512" : 874,
            "8640" : 914,
            "8768" : 799,
            "8896" : 818,
            "9024" : 759,
            "9152" : 727,
            "9280" : 697,
            "9408" : 684,
            "9536" : 665,
            "9664" : 651,
            "9792" : 518,
            "9920" : 500,
            "10048" : 452,
            "10176" : 477,
            "10304" : 409,
            "10432" : 337,
            "10560" : 369,
            "10688" : 332,
            "10816" : 320,
            "10944" : 298,
            "11072" : 293,
            "11200" : 302,
            "11328" : 289,
            "11456" : 270,
            "11584" : 280,
            "11712" : 249,
            "11840" : 262,
            "11968" : 261,
            "12096" : 263,
            "12224" : 240,
            "12352" : 234,
            "12480" : 205,
            "12608" : 218,
            "12736" : 218,
            "12864" : 177,
            "12992" : 160,
            "13120" : 185,
            "13248" : 166,
            "13376" : 179,
            "13504" : 160,
            "13632" : 120,
            "13760" : 112,
            "13888" : 111,
            "14016" : 81,
            "14144" : 96,
            "14272" : 79,
            "14400" : 93,
            "14528" : 74,
            "14656" : 81,
            "14784" : 80,
            "14912" : 67,
            "15040" : 75,
            "15168" : 67,
            "15296" : 53,
            "15424" : 52,
            "15552" : 44,
            "15680" : 38,
            "15808" : 42,
            "15936" : 39,
            "16064" : 41,
            "16192" : 48,
            "16320" : 31,
            "16512" : 68,
            "16768" : 76,
            "17024" : 76,
            "17280" : 93,
            "17536" : 89,
            "17792" : 83,
            "18048" : 88,
            "18304" : 73,
            "18560" : 70,
            "18816" : 61,
            "19072" : 71,
            "19328" : 63,
            "19584" : 51,
            "19840" : 41,
            "20096" : 44,
            "20352" : 36,
            "20608" : 45,
            "20864" : 32,
            "21120" : 25,
            "21376" : 28,
            "21632" : 18,
            "21888" : 25,
            "22144" : 26,
            "22400" : 22,
            "22656" : 21,
            "22912" : 26,
            "23168" : 20,
            "23424" : 16,
            "23680" : 12,
            "23936" : 18,
            "24192" : 7,
            "24448" : 13,
            "24704" : 18,
            "24960" : 15,
            "25216" : 12,
            "25472" : 13,
            "25728" : 16,
            "25984" : 13,
            "26240" : 13,
            "26496" : 6,
            "26752" : 14,
            "27008" : 8,
            "27264" : 7,
            "27520" : 9,
            "27776" : 25,
            "28032" : 11,
            "28288" : 9,
            "28544" : 9,
            "28800" : 11,
            "29056" : 5,
            "29312" : 12,
            "29568" : 7,
            "29824" : 6,
            "30080" : 6,
            "30336" : 8,
            "30592" : 7,
            "30848" : 9,
            "31104" : 8,
            "31360" : 12,
            "31616" : 13,
            "31872" : 10,
            "32128" : 4,
            "32384" : 17,
            "32640" : 10,
            "33024" : 25,
            "33536" : 34,
            "34048" : 28,
            "34560" : 25,
            "35072" : 19,
            "35584" : 28,
            "36096" : 30,
            "36608" : 43,
            "37120" : 19,
            "37632" : 25,
            "38144" : 20,
            "38656" : 21,
            "39168" : 13,
            "39680" : 10,
            "40192" : 11,
            "40704" : 16,
            "41216" : 8,
            "41728" : 13,
            "42240" : 10,
            "42752" : 11,
            "43264" : 9,
            "43776" : 8,
            "44288" : 13,
            "44800" : 13,
            "45312" : 3,
            "45824" : 8,
            "46336" : 9,
            "46848" : 8,
            "47360" : 7,
            "47872" : 10,
            "48384" : 2,
            "48896" : 1,
            "49408" : 3,
            "49920" : 5,
            "50432" : 13,
            "50944" : 3,
            "51456" : 4,
            "51968" : 7,
            "52480" : 1,
            "52992" : 7,
            "53504" : 5,
            "54016" : 7,
            "55040" : 6,
            "55552" : 7,
            "56064" : 5,
            "56576" : 5,
            "57088" : 6,
            "57600" : 5,
            "58112" : 3,
            "58624" : 1,
            "59136" : 4,
            "59648" : 4,
            "60160" : 4,
            "60672" : 1,
            "61184" : 9,
            "61696" : 4,
            "62208" : 8,
            "62720" : 9,
            "63232" : 11,
            "63744" : 16,
            "64256" : 17,
            "64768" : 23,
            "65280" : 23,
            "66048" : 56,
            "67072" : 35,
            "68096" : 25,
            "69120" : 10,
            "70144" : 9,
            "71168" : 8,
            "72192" : 8,
            "73216" : 8,
            "74240" : 3,
            "75264" : 2,
            "76288" : 2,
            "77312" : 4,
            "78336" : 2,
            "79360" : 2,
            "80384" : 3,
            "81408" : 8,
            "82432" : 2,
            "83456" : 5,
            "84480" : 4,
            "85504" : 4,
            "86528" : 7,
            "87552" : 3,
            "88576" : 2,
            "89600" : 1,
            "90624" : 3,
            "91648" : 3,
            "92672" : 3,
            "93696" : 1,
            "94720" : 4,
            "95744" : 1,
            "96768" : 2,
            "97792" : 1,
            "98816" : 3,
            "100864" : 4,
            "101888" : 3,
            "102912" : 1,
            "103936" : 1,
            "104960" : 2,
            "107008" : 1,
            "109056" : 1,
            "112128" : 1,
            "114176" : 3,
            "117248" : 2,
            "121344" : 2,
            "129536" : 1,
            "132096" : 4,
            "134144" : 1,
            "136192" : 1,
            "138240" : 1,
            "140288" : 1,
            "146432" : 1,
            "152576" : 1,
            "154624" : 1,
            "156672" : 1,
            "158720" : 1,
            "160768" : 1,
            "162816" : 1,
            "173056" : 1,
            "175104" : 3,
            "193536" : 1,
            "195584" : 1,
            "199680" : 4,
            "201728" : 2,
            "205824" : 1,
            "207872" : 1,
            "209920" : 2,
            "216064" : 1,
            "218112" : 1,
            "222208" : 1,
            "226304" : 1,
            "230400" : 3,
            "234496" : 1,
            "240640" : 1,
            "244736" : 1,
            "246784" : 1,
            "248832" : 1,
            "280576" : 1,
            "284672" : 1,
            "305152" : 1,
            "313344" : 3,
            "321536" : 1,
            "337920" : 1,
            "407552" : 1,
            "448512" : 1,
            "452608" : 1,
            "514048" : 1,
            "552960" : 2,
            "561152" : 1,
            "593920" : 2,
            "618496" : 1,
            "749568" : 1,
            "765952" : 1,
            "774144" : 1,
            "790528" : 1,
            "847872" : 1,
            "888832" : 1,
            "905216" : 1,
            "913408" : 1,
            "954368" : 1,
            "1011712" : 1,
            "1351680" : 1,
            "1531904" : 1,
            "1679360" : 1,
            "1712128" : 1,
            "1990656" : 1,
            "2023424" : 1,
            "2039808" : 1,
            "2056192" : 7,
            "2072576" : 1,
            "2088960" : 1,
            "2211840" : 1,
            "2342912" : 1,
            "2998272" : 1,
            "3031040" : 1,
            "3129344" : 3,
            "4554752" : 1,
            "6848512" : 1
          }
        },
        "lat_ns" : {
          "min" : 900,
          "max" : 6840645,
          "mean" : 2095.820102,
          "stddev" : 3409.026092,
          "N" : 19692299,
          "percentile" : {
            "1.000000" : 1224,
            "5.000000" : 1256,
            "10.000000" : 1288,
            "20.000000" : 1416,
            "30.000000" : 1480,
            "40.000000" : 1544,
            "50.000000" : 1608,
            "60.000000" : 2008,
            "70.000000" : 2128,
            "80.000000" : 2480,
            "90.000000" : 4256,
            "95.000000" : 4448,
            "99.000000" : 5728,
            "99.500000" : 5856,
            "99.900000" : 8896,
            "99.950000" : 11072,
            "99.990000" : 20096
          },
          "bins" : {
            "900" : 41,
            "908" : 3731,
            "916" : 20488,
            "924" : 30777,
            "932" : 19933,
            "940" : 11005,
            "948" : 7760,
            "956" : 6788,
            "964" : 6894,
            "972" : 6826,
            "980" : 5834,
            "988" : 4474,
            "996" : 2973,
            "1004" : 2026,
            "1012" : 1840,
            "1020" : 2798,
            "1032" : 5180,
            "1048" : 5128,
            "1064" : 6854,
            "1080" : 5806,
            "1096" : 2535,
            "1112" : 720,
            "1128" : 360,
            "1144" : 311,
            "1160" : 519,
            "1176" : 1238,
            "1192" : 1876,
            "1208" : 18669,
            "1224" : 207214,
            "1240" : 568252,
            "1256" : 604902,
            "1272" : 349270,
            "1288" : 180604,
            "1304" : 92457,
            "1320" : 51354,
            "1336" : 63061,
            "1352" : 121771,
            "1368" : 211633,
            "1384" : 350054,
            "1400" : 558487,
            "1416" : 761538,
            "1432" : 714282,
            "1448" : 521618,
            "1464" : 330477,
            "1480" : 274100,
            "1496" : 356435,
            "1512" : 456654,
            "1528" : 562099,
            "1544" : 638891,
            "1560" : 636800,
            "1576" : 558940,
            "1592" : 384231,
            "1608" : 234054,
            "1624" : 125919,
            "1640" : 61389,
            "1656" : 31609,
            "1672" : 18058,
            "1688" : 13563,
            "1704" : 11792,
            "1720" : 10201,
            "1736" : 8821,
            "1752" : 6748,
            "1768" : 5283,
            "1784" : 3966,
            "1800" : 2933,
            "1816" : 2381,
            "1832" : 1831,
            "1848" : 1762,
            "1864" : 2935,
            "1880" : 8340,
            "1896" : 25204,
            "1912" : 56136,
            "1928" : 107026,
            "1944" : 167441,
            "1960" : 227188,
            "1976" : 294874,
            "1992" : 324400,
            "2008" : 339711,
            "2024" : 330764,
            "2040" : 315486,
            "2064" : 635524,
            "2096" : 580338,
            "2128" : 443753,
            "2160" : 342326,
            "2192" : 257326,
            "2224" : 175333,
            "2256" : 110695,
            "2288" : 67355,
            "2320" : 44020,
            "2352" : 35528,
            "2384" : 57236,
            "2416" : 144158,
            "2448" : 274561,
            "2480" : 369794,
            "2512" : 380823,
            "2544" : 330919,
            "2576" : 260084,
            "2608" : 179520,
            "2640" : 111516,
            "2672" : 66171,
            "2704" : 40844,
            "2736" : 27723,
            "2768" : 20275,
            "2800" : 15375,
            "2832" : 12103,
            "2864" : 9831,
            "2896" : 8408,
            "2928" : 7476,
            "2960" : 6428,
            "2992" : 5577,
            "3024" : 5127,
            "3056" : 4587,
            "3088" : 3996,
            "3120" : 3688,
            "3152" : 3314,
            "3184" : 3148,
            "3216" : 3114,
            "3248" : 2812,
            "3280" : 2651,
            "3312" : 2623,
            "3344" : 2518,
            "3376" : 2558,
            "3408" : 2438,
            "3440" : 2288,
            "3472" : 2369,
            "3504" : 2343,
            "3536" : 2386,
            "3568" : 2304,
            "3600" : 2368,
            "3632" : 2374,
            "3664" : 2155,
            "3696" : 2079,
            "3728" : 1972,
            "3760" : 1784,
            "3792" : 1756,
            "3824" : 1684,
            "3856" : 1731,
            "3888" : 1771,
            "3920" : 2210,
            "3952" : 2947,
            "3984" : 3599,
            "4016" : 4067,
            "4048" : 4057,
            "4080" : 4146,
            "4128" : 13149,
            "4192" : 91987,
            "4256" : 277552,
            "4320" : 336948,
            "4384" : 286261,
            "4448" : 165503,
            "4512" : 73861,
            "4576" : 45307,
            "4640" : 40590,
            "4704" : 72832,
            "4768" : 105290,
            "4832" : 73159,
            "4896" : 27047,
            "4960" : 13729,
            "5024" : 10728,
            "5088" : 11252,
            "5152" : 19363,
            "5216" : 34640,
            "5280" : 54588,
            "5344" : 53007,
            "5408" : 31102,
            "5472" : 11717,
            "5536" : 8596,
            "5600" : 10400,
            "5664" : 23929,
            "5728" : 54158,
            "5792" : 49893,
            "5856" : 18763,
            "5920" : 5318,
            "5984" : 2881,
            "6048" : 2357,
            "6112" : 2215,
            "6176" : 2040,
            "6240" : 2026,
            "6304" : 1861,
            "6368" : 1868,
            "6432" : 1709,
            "6496" : 1758,
            "6560" : 1765,
            "6624" : 1804,
            "6688" : 1773,
            "6752" : 1755,
            "6816" : 1662,
            "6880" : 1715,
            "6944" : 1614,
            "7008" : 1599,
            "7072" : 1589,
            "7136" : 1588,
            "7200" : 1448,
            "7264" : 1402,
            "7328" : 1328,
            "7392" : 1281,
            "7456" : 1185,
            "7520" : 1091,
            "7584" : 1090,
            "7648" : 992,
            "7712" : 932,
            "7776" : 834,
            "7840" : 857,
            "7904" : 746,
            "7968" : 724,
            "8032" : 653,
            "8096" : 655,
            "8160" : 615,
            "8256" : 1188,
            "8384" : 1041,
            "8512" : 1014,
            "8640" : 1061,
            "8768" : 1034,
            "8896" : 972,
            "9024" : 938,
            "9152" : 848,
            "9280" : 812,
            "9408" : 789,
            "9536" : 704,
            "9664" : 685,
            "9792" : 675,
            "9920" : 574,
            "10048" : 533,
            "10176" : 499,
            "10304" : 491,
            "10432" : 456,
            "10560" : 387,
            "10688" : 388,
            "10816" : 375,
            "10944" : 363,
            "11072" : 361,
            "11200" : 350,
            "11328" : 329,
            "11456" : 319,
            "11584" : 311,
            "11712" : 300,
            "11840" : 272,
            "11968" : 310,
            "12096" : 295,
            "12224" : 289,
            "12352" : 256,
            "12480" : 240,
            "12608" : 221,
            "12736" : 221,
            "12864" : 227,
            "12992" : 171,
            "13120" : 193,
            "13248" : 197,
            "13376" : 170,
            "13504" : 184,
            "13632" : 175,
            "13760" : 134,
            "13888" : 129,
            "14016" : 106,
            "14144" : 101,
            "14272" : 90,
            "14400" : 90,
            "14528" : 92,
            "14656" : 83,
            "14784" : 91,
            "14912" : 87,
            "15040" : 82,
            "15168" : 80,
            "15296" : 78,
            "15424" : 67,
            "15552" : 42,
            "15680" : 51,
            "15808" : 44,
            "15936" : 45,
            "16064" : 36,
            "16192" : 52,
            "16320" : 46,
            "16512" : 68,
            "16768" : 83,
            "17024" : 80,
            "17280" : 84,
            "17536" : 89,
            "17792" : 90,
            "18048" : 92,
            "18304" : 75,
            "18560" : 74,
            "18816" : 69,
            "19072" : 68,
            "19328" : 71,
            "19584" : 60,
            "19840" : 48,
            "20096" : 48,
            "20352" : 40,
            "20608" : 50,
            "20864" : 44,
            "21120" : 27,
            "21376" : 31,
            "21632" : 26,
            "21888" : 25,
            "22144" : 32,
            "22400" : 20,
            "22656" : 20,
            "22912" : 25,
            "23168" : 27,
            "23424" : 22,
            "23680" : 17,
            "23936" : 14,
            "24192" : 12,
            "24448" : 13,
            "24704" : 14,
            "24960" : 21,
            "25216" : 11,
            "25472" : 15,
            "25728" : 15,
            "25984" : 14,
            "26240" : 13,
            "26496" : 9,
            "26752" : 14,
            "27008" : 11,
            "27264" : 7,
            "27520" : 10,
            "27776" : 18,
            "28032" : 17,
            "28288" : 13,
            "28544" : 8,
            "28800" : 12,
            "29056" : 10,
            "29312" : 7,
            "29568" : 9,
            "29824" : 7,
            "30080" : 8,
            "30336" : 7,
            "30592" : 9,
            "30848" : 11,
            "31104" : 6,
            "31360" : 13,
            "31616" : 13,
            "31872" : 12,
            "32128" : 4,
            "32384" : 14,
            "32640" : 9,
            "33024" : 27,
            "33536" : 32,
            "34048" : 36,
            "34560" : 26,
            "35072" : 23,
            "35584" : 28,
            "36096" : 30,
            "36608" : 46,
            "37120" : 23,
            "37632" : 25,
            "38144" : 21,
            "38656" : 22,
            "39168" : 15,
            "39680" : 10,
            "40192" : 12,
            "40704" : 18,
            "41216" : 12,
            "41728" : 13,
            "42240" : 10,
            "42752" : 10,
            "43264" : 9,
            "43776" : 10,
            "44288" : 14,
            "44800" : 13,
            "45312" : 5,
            "45824" : 7,
            "46336" : 10,
            "46848" : 7,
            "47360" : 8,
            "47872" : 11,
            "48384" : 7,
            "48896" : 2,
            "49408" : 4,
            "49920" : 6,
            "50432" : 10,
            "50944" : 4,
            "51456" : 7,
            "51968" : 6,
            "52480" : 3,
            "52992" : 7,
            "53504" : 6,
            "54016" : 8,
            "55040" : 6,
            "55552" : 6,
            "56064" : 8,
            "56576" : 5,
            "57088" : 6,
            "57600" : 6,
            "58112" : 4,
            "58624" : 1,
            "59136" : 4,
            "59648" : 4,
            "60160" : 5,
            "60672" : 1,
            "61184" : 9,
            "61696" : 6,
            "62208" : 8,
            "62720" : 7,
            "63232" : 13,
            "63744" : 14,
            "64256" : 19,
            "64768" : 19,
            "65280" : 28,
            "66048" : 58,
            "67072" : 40,
            "68096" : 28,
            "69120" : 12,
            "70144" : 7,
            "71168" : 12,
            "72192" : 6,
            "73216" : 10,
            "74240" : 3,
            "75264" : 6,
            "76288" : 2,
            "77312" : 4,
            "78336" : 4,
            "79360" : 1,
            "80384" : 4,
            "81408" : 6,
            "82432" : 4,
            "83456" : 5,
            "84480" : 7,
            "85504" : 4,
            "86528" : 7,
            "87552" : 3,
            "88576" : 2,
            "89600" : 1,
            "90624" : 3,
            "91648" : 3,
            "92672" : 3,
            "93696" : 1,
            "94720" : 4,
            "95744" : 1,
            "96768" : 2,
            "97792" : 1,
            "98816" : 2,
            "99840" : 1,
            "100864" : 6,
            "101888" : 2,
            "102912" : 2,
            "104960" : 3,
            "107008" : 1,
            "109056" : 1,
            "112128" : 1,
            "114176" : 2,
            "115200" : 1,
            "117248" : 2,
            "121344" : 2,
            "129536" : 1,
            "132096" : 2,
            "134144" : 1,
            "136192" : 3,
            "138240" : 1,
            "140288" : 1,
            "146432" : 1,
            "152576" : 1,
            "154624" : 1,
            "156672" : 1,
            "160768" : 2,
            "162816" : 1,
            "173056" : 1,
            "175104" : 3,
            "193536" : 1,
            "195584" : 1,
            "199680" : 4,
            "201728" : 2,
            "205824" : 1,
            "207872" : 1,
            "209920" : 2,
            "216064" : 1,
            "218112" : 1,
            "222208" : 1,
            "228352" : 1,
            "230400" : 3,
            "234496" : 1,
            "244736" : 2,
            "246784" : 1,
            "248832" : 1,
            "280576" : 1,
            "284672" : 1,
            "305152" : 1,
            "313344" : 2,
            "317440" : 1,
            "321536" : 1,
            "337920" : 2,
            "407552" : 1,
            "448512" : 1,
            "452608" : 1,
            "514048" : 1,
            "552960" : 2,
            "561152" : 1,
            "593920" : 2,
            "618496" : 1,
            "749568" : 1,
            "765952" : 1,
            "774144" : 1,
            "790528" : 1,
            "847872" : 1,
            "880640" : 1,
            "888832" : 1,
            "905216" : 1,
            "913408" : 1,
            "954368" : 1,
            "1011712" : 1,
            "1351680" : 1,
            "1531904" : 1,
            "1679360" : 1,
            "1712128" : 1,
            "1990656" : 1,
            "2023424" : 1,
            "2039808" : 1,
            "2056192" : 8,
            "2072576" : 1,
            "2088960" : 1,
            "2211840" : 1,
            "2342912" : 1,
            "2998272" : 1,
            "3031040" : 1,
            "3129344" : 3,
            "4554752" : 1,
            "6848512" : 1
          }
        },
        "bw_min" : 218520,
        "bw_max" : 288424,
        "bw_agg" : 100.000000,
        "bw_mean" : 262636.477462,
        "bw_dev" : 17416.522880,
        "bw_samples" : 599,
        "iops_min" : 54630,
        "iops_max" : 72106,
        "iops_mean" : 65659.118531,
        "iops_stddev" : 4354.133917,
        "iops_samples" : 599
      },
      "trim" : {
        "io_bytes" : 0,
        "io_kbytes" : 0,
        "bw_bytes" : 0,
        "bw" : 0,
        "iops" : 0.000000,
        "runtime" : 0,
        "total_ios" : 0,
        "short_ios" : 0,
        "drop_ios" : 0,
        "slat_ns" : {
          "min" : 0,
          "max" : 0,
          "mean" : 0.000000,
          "stddev" : 0.000000,
          "N" : 0
        },
        "clat_ns" : {
          "min" : 0,
          "max" : 0,
          "mean" : 0.000000,
          "stddev" : 0.000000,
          "N" : 0
        },
        "lat_ns" : {
          "min" : 0,
          "max" : 0,
          "mean" : 0.000000,
          "stddev" : 0.000000,
          "N" : 0
        },
        "bw_min" : 0,
        "bw_max" : 0,
        "bw_agg" : 0.000000,
        "bw_mean" : 0.000000,
        "bw_dev" : 0.000000,
        "bw_samples" : 0,
        "iops_min" : 0,
        "iops_max" : 0,
        "iops_mean" : 0.000000,
        "iops_stddev" : 0.000000,
        "iops_samples" : 0
      },
      "sync" : {
        "total_ios" : 0,
        "lat_ns" : {
          "min" : 0,
          "max" : 0,
          "mean" : 0.000000,
          "stddev" : 0.000000,
          "N" : 0
        }
      },
      "job_runtime" : 300000,
      "usr_cpu" : 16.184333,
      "sys_cpu" : 68.196000,
      "ctx" : 12900537,
      "majf" : 0,
      "minf" : 20,
      "iodepth_level" : {
        "1" : 100.000000,
        "2" : 0.000000,
        "4" : 0.000000,
        "8" : 0.000000,
        "16" : 0.000000,
        "32" : 0.000000,
        ">=64" : 0.000000
      },
      "iodepth_submit" : {
        "0" : 0.000000,
        "4" : 100.000000,
        "8" : 0.000000,
        "16" : 0.000000,
        "32" : 0.000000,
        "64" : 0.000000,
        ">=64" : 0.000000
      },
      "iodepth_complete" : {
        "0" : 0.000000,
        "4" : 100.000000,
        "8" : 0.000000,
        "16" : 0.000000,
        "32" : 0.000000,
        "64" : 0.000000,
        ">=64" : 0.000000
      },
      "latency_ns" : {
        "2" : 0.000000,
        "4" : 0.000000,
        "10" : 0.000000,
        "20" : 0.000000,
        "50" : 0.000000,
        "100" : 0.000000,
        "250" : 0.000000,
        "500" : 0.000000,
        "750" : 6.064400,
        "1000" : 23.152848
      },
      "latency_us" : {
        "2" : 33.430121,
        "4" : 12.191616,
        "10" : 13.926219,
        "20" : 11.087394,
        "50" : 0.139763,
        "100" : 0.010000,
        "250" : 0.010000,
        "500" : 0.010000,
        "750" : 0.010000,
        "1000" : 0.010000
      },
      "latency_ms" : {
        "2" : 0.010000,
        "4" : 0.010000,
        "10" : 0.010000,
        "20" : 0.000000,
        "50" : 0.000000,
        "100" : 0.000000,
        "250" : 0.000000,
        "500" : 0.000000,
        "750" : 0.000000,
        "1000" : 0.000000,
        "2000" : 0.000000,
        ">=2000" : 0.000000
      },
      "latency_depth" : 1,
      "latency_target" : 0,
      "latency_percentile" : 100.000000,
      "latency_window" : 0
    }
  ],
  "disk_util" : [
    {
      "name" : "loop25",
      "read_ios" : 7305279,
      "write_ios" : 17356755,
      "read_merges" : 0,
      "write_merges" : 0,
      "read_ticks" : 50285,
      "write_ticks" : 130563,
      "in_queue" : 8,
      "util" : 99.995332
    }
  ]
}
