{
  "fio version" : "fio-3.32-36-g5932",
  "timestamp" : 1663457396,
  "timestamp_ms" : 1663457396007,
  "time" : "Sun Sep 18 01:29:56 2022",
  "global options" : {
    "size" : "512K",
    "rw" : "randrw",
    "bs" : "4K",
    "numjobs" : "1",
    "iodepth" : "1",
    "runtime" : "300",
    "end_fsync" : "1",
    "lat_percentiles" : "1",
    "slat_percentiles" : "1",
    "clat_percentiles" : "1"
  },
  "jobs" : [
    {
      "jobname" : "random-rw",
      "groupid" : 0,
      "error" : 0,
      "eta" : 0,
      "elapsed" : 301,
      "job options" : {
        "name" : "random-rw"
      },
      "read" : {
        "io_bytes" : 77528977408,
        "io_kbytes" : 75711892,
        "bw_bytes" : 258429063,
        "bw" : 252372,
        "iops" : 63093.033023,
        "runtime" : 300001,
        "total_ios" : 18927973,
        "short_ios" : 0,
        "drop_ios" : 0,
        "slat_ns" : {
          "min" : 0,
          "max" : 0,
          "mean" : 0.000000,
          "stddev" : 0.000000,
          "N" : 0
        },
        "clat_ns" : {
          "min" : 621,
          "max" : 9999770,
          "mean" : 10491.359650,
          "stddev" : 7754.976687,
          "N" : 18927973,
          "percentile" : {
            "1.000000" : 6176,
            "5.000000" : 9280,
            "10.000000" : 9408,
            "20.000000" : 9664,
            "30.000000" : 9920,
            "40.000000" : 10304,
            "50.000000" : 10432,
            "60.000000" : 10560,
            "70.000000" : 10688,
            "80.000000" : 10816,
            "90.000000" : 11328,
            "95.000000" : 11712,
            "99.000000" : 17536,
            "99.500000" : 20352,
            "99.900000" : 27008,
            "99.950000" : 38656,
            "99.990000" : 130560
          },
          "bins" : {
            "620" : 2,
            "628" : 8,
            "636" : 17,
            "644" : 23,
            "652" : 18,
            "660" : 28,
            "668" : 18,
            "676" : 15,
            "684" : 21,
            "692" : 31,
            "700" : 31,
            "708" : 32,
            "716" : 28,
            "724" : 29,
            "732" : 37,
            "740" : 49,
            "748" : 56,
            "756" : 83,
            "764" : 78,
            "772" : 78,
            "780" : 82,
            "788" : 71,
            "796" : 102,
            "804" : 103,
            "812" : 130,
            "820" : 124,
            "828" : 105,
            "836" : 102,
            "844" : 95,
            "852" : 101,
            "860" : 79,
            "868" : 79,
            "876" : 74,
            "884" : 56,
            "892" : 63,
            "900" : 39,
            "908" : 47,
            "916" : 25,
            "924" : 29,
            "932" : 16,
            "940" : 19,
            "948" : 13,
            "956" : 8,
            "964" : 9,
            "972" : 4,
            "980" : 9,
            "988" : 13,
            "996" : 3,
            "1004" : 2,
            "1012" : 4,
            "1020" : 3,
            "1032" : 8,
            "1048" : 6,
            "1064" : 3,
            "1080" : 3,
            "1096" : 5,
            "1112" : 4,
            "1128" : 3,
            "1144" : 2,
            "1160" : 4,
            "1176" : 3,
            "1192" : 2,
            "1224" : 2,
            "1240" : 3,
            "1272" : 4,
            "1288" : 2,
            "1304" : 5,
            "1320" : 3,
            "1336" : 3,
            "1352" : 5,
            "1368" : 5,
            "1384" : 3,
            "1400" : 1,
            "1432" : 2,
            "1464" : 1,
            "1496" : 1,
            "1512" : 3,
            "1544" : 3,
            "1576" : 2,
            "1592" : 1,
            "1624" : 2,
            "1640" : 1,
            "1656" : 1,
            "1688" : 1,
            "1736" : 1,
            "1752" : 1,
            "1784" : 1,
            "1832" : 1,
            "2480" : 1,
            "2672" : 1,
            "2800" : 1,
            "5728" : 3,
            "5792" : 48,
            "5856" : 152,
            "5920" : 721,
            "5984" : 10545,
            "6048" : 54221,
            "6112" : 94467,
            "6176" : 81856,
            "6240" : 84536,
            "6304" : 92311,
            "6368" : 67550,
            "6432" : 35432,
            "6496" : 16032,
            "6560" : 7867,
            "6624" : 4146,
            "6688" : 2664,
            "6752" : 1736,
            "6816" : 1333,
            "6880" : 1331,
            "6944" : 2676,
            "7008" : 5378,
            "7072" : 6324,
            "7136" : 5822,
            "7200" : 6590,
            "7264" : 5873,
            "7328" : 3811,
            "7392" : 1793,
            "7456" : 860,
            "7520" : 481,
            "7584" : 304,
            "7648" : 241,
            "7712" : 301,
            "7776" : 516,
            "7840" : 690,
            "7904" : 1014,
            "7968" : 1288,
            "8032" : 1379,
            "8096" : 1210,
            "8160" : 1104,
            "8256" : 1392,
            "8384" : 771,
            "8512" : 479,
            "8640" : 459,
            "8768" : 439,
            "8896" : 1709,
            "9024" : 34024,
            "9152" : 194657,
            "9280" : 515230,
            "9408" : 901565,
            "9536" : 1003076,
            "9664" : 868645,
            "9792" : 846644,
            "9920" : 706271,
            "10048" : 429040,
            "10176" : 751724,
            "10304" : 1361031,
            "10432" : 1845430,
            "10560" : 2478184,
            "10688" : 2173805,
            "10816" : 1053419,
            "10944" : 388014,
            "11072" : 237741,
            "11200" : 292689,
            "11328" : 394194,
            "11456" : 418683,
            "11584" : 314518,
            "11712" : 174329,
            "11840" : 95027,
            "11968" : 67689,
            "12096" : 53982,
            "12224" : 47541,
            "12352" : 45582,
            "12480" : 34716,
            "12608" : 25489,
            "12736" : 21292,
            "12864" : 18794,
            "12992" : 17238,
            "13120" : 15802,
            "13248" : 15520,
            "13376" : 14897,
            "13504" : 14531,
            "13632" : 13732,
            "13760" : 12766,
            "13888" : 12197,
            "14016" : 11501,
            "14144" : 11015,
            "14272" : 10391,
            "14400" : 9881,
            "14528" : 9552,
            "14656" : 9159,
            "14784" : 8788,
            "14912" : 8859,
            "15040" : 8777,
            "15168" : 8456,
            "15296" : 8361,
            "15424" : 8205,
            "15552" : 8242,
            "15680" : 8206,
            "15808" : 7747,
            "15936" : 7360,
            "16064" : 7077,
            "16192" : 6782,
            "16320" : 6589,
            "16512" : 12384,
            "16768" : 11598,
            "17024" : 10911,
            "17280" : 10342,
            "17536" : 9827,
            "17792" : 9685,
            "18048" : 9721,
            "18304" : 9541,
            "18560" : 9167,
            "18816" : 8793,
            "19072" : 8947,
            "19328" : 9064,
            "19584" : 8754,
            "19840" : 8465,
            "20096" : 7951,
            "20352" : 7358,
            "20608" : 7107,
            "20864" : 6482,
            "21120" : 5845,
            "21376" : 5414,
            "21632" : 4918,
            "21888" : 4346,
            "22144" : 4025,
            "22400" : 3516,
            "22656" : 3322,
            "22912" : 2923,
            "23168" : 2503,
            "23424" : 2296,
            "23680" : 2097,
            "23936" : 1909,
            "24192" : 1695,
            "24448" : 1681,
            "24704" : 1403,
            "24960" : 1388,
            "25216" : 1251,
            "25472" : 1103,
            "25728" : 1079,
            "25984" : 914,
            "26240" : 810,
            "26496" : 790,
            "26752" : 667,
            "27008" : 585,
            "27264" : 565,
            "27520" : 509,
            "27776" : 474,
            "28032" : 476,
            "28288" : 434,
            "28544" : 366,
            "28800" : 325,
            "29056" : 323,
            "29312" : 298,
            "29568" : 266,
            "29824" : 249,
            "30080" : 224,
            "30336" : 242,
            "30592" : 210,
            "30848" : 206,
            "31104" : 203,
            "31360" : 169,
            "31616" : 175,
            "31872" : 167,
            "32128" : 164,
            "32384" : 145,
            "32640" : 158,
            "33024" : 302,
            "33536" : 320,
            "34048" : 282,
            "34560" : 284,
            "35072" : 218,
            "35584" : 212,
            "36096" : 231,
            "36608" : 192,
            "37120" : 192,
            "37632" : 189,
            "38144" : 216,
            "38656" : 186,
            "39168" : 181,
            "39680" : 218,
            "40192" : 204,
            "40704" : 168,
            "41216" : 181,
            "41728" : 162,
            "42240" : 163,
            "42752" : 170,
            "43264" : 154,
            "43776" : 142,
            "44288" : 159,
            "44800" : 116,
            "45312" : 159,
            "45824" : 127,
            "46336" : 135,
            "46848" : 136,
            "47360" : 111,
            "47872" : 124,
            "48384" : 105,
            "48896" : 118,
            "49408" : 113,
            "49920" : 98,
            "50432" : 90,
            "50944" : 87,
            "51456" : 82,
            "51968" : 104,
            "52480" : 85,
            "52992" : 80,
            "53504" : 79,
            "54016" : 78,
            "54528" : 61,
            "55040" : 53,
            "55552" : 48,
            "56064" : 56,
            "56576" : 61,
            "57088" : 53,
            "57600" : 43,
            "58112" : 52,
            "58624" : 59,
            "59136" : 47,
            "59648" : 54,
            "60160" : 59,
            "60672" : 49,
            "61184" : 50,
            "61696" : 56,
            "62208" : 53,
            "62720" : 54,
            "63232" : 46,
            "63744" : 45,
            "64256" : 41,
            "64768" : 52,
            "65280" : 46,
            "66048" : 103,
            "67072" : 120,
            "68096" : 91,
            "69120" : 113,
            "70144" : 127,
            "71168" : 126,
            "72192" : 99,
            "73216" : 103,
            "74240" : 97,
            "75264" : 58,
            "76288" : 56,
            "77312" : 51,
            "78336" : 60,
            "79360" : 45,
            "80384" : 44,
            "81408" : 35,
            "82432" : 50,
            "83456" : 44,
            "84480" : 37,
            "85504" : 35,
            "86528" : 42,
            "87552" : 43,
            "88576" : 43,
            "89600" : 48,
            "90624" : 47,
            "91648" : 41,
            "92672" : 30,
            "93696" : 29,
            "94720" : 24,
            "95744" : 15,
            "96768" : 19,
            "97792" : 25,
            "98816" : 20,
            "99840" : 25,
            "100864" : 22,
            "101888" : 20,
            "102912" : 24,
            "103936" : 23,
            "104960" : 14,
            "105984" : 29,
            "107008" : 21,
            "108032" : 22,
            "109056" : 26,
            "110080" : 12,
            "111104" : 16,
            "112128" : 14,
            "113152" : 19,
            "114176" : 15,
            "115200" : 7,
            "116224" : 16,
            "117248" : 13,
            "118272" : 11,
            "119296" : 12,
            "120320" : 9,
            "121344" : 5,
            "122368" : 7,
            "123392" : 10,
            "124416" : 7,
            "125440" : 6,
            "126464" : 11,
            "127488" : 5,
            "128512" : 7,
            "129536" : 7,
            "130560" : 12,
            "132096" : 23,
            "134144" : 22,
            "136192" : 16,
            "138240" : 18,
            "140288" : 20,
            "142336" : 15,
            "144384" : 14,
            "146432" : 12,
            "148480" : 15,
            "150528" : 11,
            "152576" : 6,
            "154624" : 15,
            "156672" : 20,
            "158720" : 18,
            "160768" : 15,
            "162816" : 16,
            "164864" : 11,
            "166912" : 8,
            "168960" : 14,
            "171008" : 16,
            "173056" : 10,
            "175104" : 16,
            "177152" : 13,
            "179200" : 11,
            "181248" : 11,
            "183296" : 13,
            "185344" : 10,
            "187392" : 8,
            "189440" : 9,
            "191488" : 12,
            "193536" : 16,
            "195584" : 11,
            "197632" : 15,
            "199680" : 11,
            "201728" : 16,
            "203776" : 9,
            "205824" : 16,
            "207872" : 13,
            "209920" : 13,
            "211968" : 17,
            "214016" : 18,
            "216064" : 15,
            "218112" : 14,
            "220160" : 12,
            "222208" : 8,
            "224256" : 15,
            "226304" : 16,
            "228352" : 20,
            "230400" : 19,
            "232448" : 19,
            "234496" : 22,
            "236544" : 22,
            "238592" : 20,
            "240640" : 18,
            "242688" : 16,
            "244736" : 16,
            "246784" : 15,
            "248832" : 6,
            "250880" : 10,
            "252928" : 11,
            "254976" : 11,
            "257024" : 6,
            "259072" : 10,
            "261120" : 3,
            "264192" : 10,
            "268288" : 10,
            "272384" : 5,
            "276480" : 9,
            "280576" : 5,
            "284672" : 9,
            "288768" : 6,
            "292864" : 11,
            "296960" : 8,
            "301056" : 2,
            "305152" : 5,
            "309248" : 5,
            "313344" : 7,
            "317440" : 4,
            "321536" : 6,
            "325632" : 8,
            "329728" : 5,
            "333824" : 4,
            "337920" : 6,
            "342016" : 11,
            "346112" : 7,
            "350208" : 9,
            "354304" : 9,
            "358400" : 8,
            "362496" : 7,
            "366592" : 13,
            "370688" : 11,
            "374784" : 16,
            "378880" : 11,
            "382976" : 21,
            "387072" : 24,
            "391168" : 30,
            "395264" : 19,
            "399360" : 29,
            "403456" : 30,
            "407552" : 21,
            "411648" : 23,
            "415744" : 21,
            "419840" : 23,
            "423936" : 11,
            "428032" : 9,
            "432128" : 8,
            "436224" : 8,
            "440320" : 2,
            "444416" : 1,
            "448512" : 1,
            "452608" : 1,
            "456704" : 3,
            "460800" : 1,
            "464896" : 1,
            "473088" : 1,
            "477184" : 1,
            "481280" : 1,
            "489472" : 2,
            "493568" : 1,
            "505856" : 3,
            "509952" : 2,
            "514048" : 3,
            "518144" : 2,
            "522240" : 1,
            "528384" : 7,
            "536576" : 1,
            "544768" : 5,
            "552960" : 11,
            "561152" : 7,
            "569344" : 19,
            "577536" : 9,
            "585728" : 11,
            "593920" : 21,
            "602112" : 16,
            "610304" : 11,
            "618496" : 7,
            "626688" : 8,
            "634880" : 8,
            "643072" : 13,
            "651264" : 7,
            "659456" : 12,
            "667648" : 10,
            "675840" : 18,
            "684032" : 20,
            "692224" : 12,
            "700416" : 12,
            "708608" : 17,
            "716800" : 14,
            "724992" : 13,
            "733184" : 8,
            "741376" : 9,
            "749568" : 9,
            "757760" : 5,
            "765952" : 2,
            "774144" : 3,
            "782336" : 1,
            "790528" : 3,
            "798720" : 2,
            "815104" : 1,
            "823296" : 2,
            "831488" : 2,
            "839680" : 3,
            "847872" : 4,
            "856064" : 5,
            "864256" : 3,
            "872448" : 6,
            "880640" : 5,
            "888832" : 2,
            "897024" : 5,
            "905216" : 4,
            "913408" : 5,
            "921600" : 3,
            "929792" : 3,
            "937984" : 2,
            "946176" : 1,
            "954368" : 2,
            "962560" : 1,
            "970752" : 2,
            "978944" : 3,
            "987136" : 2,
            "995328" : 2,
            "1011712" : 4,
            "1019904" : 1,
            "1028096" : 1,
            "1044480" : 1,
            "1056768" : 1,
            "1187840" : 1,
            "1236992" : 1,
            "1253376" : 2,
            "1351680" : 1,
            "1368064" : 1,
            "1531904" : 1,
            "1548288" : 1,
            "1597440" : 2,
            "1662976" : 1,
            "1679360" : 3,
            "1695744" : 2,
            "1712128" : 2,
            "1810432" : 1,
            "2023424" : 1,
            "2146304" : 1,
            "2179072" : 1,
            "2310144" : 1,
            "2375680" : 1,
            "2473984" : 1,
            "2506752" : 1,
            "2670592" : 1,
            "2867200" : 1,
            "2998272" : 1,
            "3424256" : 1,
            "3784704" : 1,
            "4046848" : 2,
            "5013504" : 1,
            "5341184" : 1,
            "5406720" : 2,
            "5472256" : 2,
            "5537792" : 2,
            "5603328" : 1,
            "5668864" : 1,
            "5799936" : 1,
            "6258688" : 1,
            "6520832" : 1,
            "6782976" : 1,
            "6914048" : 1,
            "10027008" : 1
          }
        },
        "lat_ns" : {
          "min" : 655,
          "max" : 9999903,
          "mean" : 10539.173313,
          "stddev" : 7865.361605,
          "N" : 18927973,
          "percentile" : {
            "1.000000" : 6176,
            "5.000000" : 9280,
            "10.000000" : 9408,
            "20.000000" : 9664,
            "30.000000" : 10048,
            "40.000000" : 10304,
            "50.000000" : 10560,
            "60.000000" : 10560,
            "70.000000" : 10688,
            "80.000000" : 10816,
            "90.000000" : 11456,
            "95.000000" : 11840,
            "99.000000" : 17792,
            "99.500000" : 20352,
            "99.900000" : 27008,
            "99.950000" : 38656,
            "99.990000" : 130560
          },
          "bins" : {
            "652" : 1,
            "660" : 1,
            "668" : 4,
            "676" : 11,
            "684" : 29,
            "692" : 23,
            "700" : 22,
            "708" : 17,
            "716" : 14,
            "724" : 31,
            "732" : 22,
            "740" : 32,
            "748" : 29,
            "756" : 29,
            "764" : 27,
            "772" : 37,
            "780" : 52,
            "788" : 49,
            "796" : 55,
            "804" : 67,
            "812" : 85,
            "820" : 70,
            "828" : 96,
            "836" : 81,
            "844" : 106,
            "852" : 113,
            "860" : 113,
            "868" : 112,
            "876" : 107,
            "884" : 103,
            "892" : 101,
            "900" : 99,
            "908" : 68,
            "916" : 73,
            "924" : 76,
            "932" : 47,
            "940" : 56,
            "948" : 39,
            "956" : 42,
            "964" : 29,
            "972" : 27,
            "980" : 16,
            "988" : 14,
            "996" : 14,
            "1004" : 7,
            "1012" : 5,
            "1020" : 9,
            "1032" : 13,
            "1048" : 10,
            "1064" : 4,
            "1080" : 7,
            "1096" : 7,
            "1112" : 4,
            "1128" : 2,
            "1144" : 4,
            "1160" : 1,
            "1176" : 4,
            "1192" : 4,
            "1208" : 5,
            "1224" : 3,
            "1240" : 2,
            "1256" : 3,
            "1272" : 3,
            "1288" : 1,
            "1320" : 1,
            "1352" : 3,
            "1368" : 5,
            "1384" : 3,
            "1400" : 3,
            "1416" : 5,
            "1432" : 2,
            "1448" : 1,
            "1480" : 1,
            "1496" : 3,
            "1512" : 4,
            "1528" : 1,
            "1560" : 2,
            "1592" : 1,
            "1624" : 1,
            "1640" : 3,
            "1656" : 1,
            "1672" : 4,
            "1736" : 2,
            "1768" : 2,
            "1816" : 2,
            "1832" : 1,
            "1880" : 1,
            "1896" : 2,
            "1944" : 1,
            "2640" : 1,
            "2960" : 1,
            "3056" : 1,
            "5792" : 13,
            "5856" : 68,
            "5920" : 232,
            "5984" : 2198,
            "6048" : 23259,
            "6112" : 75878,
            "6176" : 91741,
            "6240" : 76519,
            "6304" : 88826,
            "6368" : 87039,
            "6432" : 55962,
            "6496" : 27024,
            "6560" : 12351,
            "6624" : 6236,
            "6688" : 3517,
            "6752" : 2241,
            "6816" : 1585,
            "6880" : 1238,
            "6944" : 1643,
            "7008" : 3790,
            "7072" : 6218,
            "7136" : 5839,
            "7200" : 6047,
            "7264" : 6442,
            "7328" : 5207,
            "7392" : 3058,
            "7456" : 1379,
            "7520" : 685,
            "7584" : 414,
            "7648" : 250,
            "7712" : 217,
            "7776" : 243,
            "7840" : 404,
            "7904" : 676,
            "7968" : 939,
            "8032" : 1233,
            "8096" : 1337,
            "8160" : 1276,
            "8256" : 1952,
            "8384" : 1157,
            "8512" : 646,
            "8640" : 454,
            "8768" : 432,
            "8896" : 701,
            "9024" : 14654,
            "9152" : 120900,
            "9280" : 387903,
            "9408" : 766190,
            "9536" : 1010144,
            "9664" : 923933,
            "9792" : 827017,
            "9920" : 800965,
            "10048" : 493404,
            "10176" : 573723,
            "10304" : 1153377,
            "10432" : 1662035,
            "10560" : 2272027,
            "10688" : 2428004,
            "10816" : 1445963,
            "10944" : 562996,
            "11072" : 258493,
            "11200" : 263654,
            "11328" : 359719,
            "11456" : 419374,
            "11584" : 359220,
            "11712" : 219390,
            "11840" : 115067,
            "11968" : 75984,
            "12096" : 61441,
            "12224" : 50916,
            "12352" : 47920,
            "12480" : 39271,
            "12608" : 28362,
            "12736" : 23012,
            "12864" : 20057,
            "12992" : 17797,
            "13120" : 16550,
            "13248" : 15541,
            "13376" : 15181,
            "13504" : 14578,
            "13632" : 14177,
            "13760" : 13127,
            "13888" : 12416,
            "14016" : 11699,
            "14144" : 11277,
            "14272" : 10704,
            "14400" : 10079,
            "14528" : 9589,
            "14656" : 9320,
            "14784" : 8985,
            "14912" : 8659,
            "15040" : 8682,
            "15168" : 8815,
            "15296" : 8184,
            "15424" : 8265,
            "15552" : 8172,
            "15680" : 8184,
            "15808" : 8074,
            "15936" : 7496,
            "16064" : 7272,
            "16192" : 6998,
            "16320" : 6709,
            "16512" : 12542,
            "16768" : 11827,
            "17024" : 11059,
            "17280" : 10477,
            "17536" : 9873,
            "17792" : 9770,
            "18048" : 9631,
            "18304" : 9632,
            "18560" : 9411,
            "18816" : 8914,
            "19072" : 8876,
            "19328" : 9095,
            "19584" : 8932,
            "19840" : 8577,
            "20096" : 8082,
            "20352" : 7521,
            "20608" : 7318,
            "20864" : 6712,
            "21120" : 6013,
            "21376" : 5566,
            "21632" : 5098,
            "21888" : 4586,
            "22144" : 4126,
            "22400" : 3673,
            "22656" : 3412,
            "22912" : 3073,
            "23168" : 2637,
            "23424" : 2363,
            "23680" : 2129,
            "23936" : 1948,
            "24192" : 1797,
            "24448" : 1661,
            "24704" : 1469,
            "24960" : 1423,
            "25216" : 1305,
            "25472" : 1128,
            "25728" : 1081,
            "25984" : 942,
            "26240" : 857,
            "26496" : 794,
            "26752" : 677,
            "27008" : 634,
            "27264" : 577,
            "27520" : 536,
            "27776" : 496,
            "28032" : 469,
            "28288" : 447,
            "28544" : 362,
            "28800" : 357,
            "29056" : 334,
            "29312" : 307,
            "29568" : 269,
            "29824" : 251,
            "30080" : 241,
            "30336" : 231,
            "30592" : 231,
            "30848" : 214,
            "31104" : 192,
            "31360" : 183,
            "31616" : 169,
            "31872" : 178,
            "32128" : 155,
            "32384" : 158,
            "32640" : 162,
            "33024" : 284,
            "33536" : 327,
            "34048" : 286,
            "34560" : 286,
            "35072" : 235,
            "35584" : 209,
            "36096" : 225,
            "36608" : 193,
            "37120" : 201,
            "37632" : 182,
            "38144" : 218,
            "38656" : 182,
            "39168" : 188,
            "39680" : 218,
            "40192" : 213,
            "40704" : 178,
            "41216" : 167,
            "41728" : 170,
            "42240" : 164,
            "42752" : 169,
            "43264" : 161,
            "43776" : 140,
            "44288" : 164,
            "44800" : 114,
            "45312" : 159,
            "45824" : 126,
            "46336" : 134,
            "46848" : 142,
            "47360" : 110,
            "47872" : 122,
            "48384" : 107,
            "48896" : 118,
            "49408" : 114,
            "49920" : 102,
            "50432" : 89,
            "50944" : 96,
            "51456" : 75,
            "51968" : 105,
            "52480" : 89,
            "52992" : 80,
            "53504" : 78,
            "54016" : 71,
            "54528" : 71,
            "55040" : 52,
            "55552" : 53,
            "56064" : 52,
            "56576" : 61,
            "57088" : 56,
            "57600" : 41,
            "58112" : 54,
            "58624" : 54,
            "59136" : 52,
            "59648" : 53,
            "60160" : 55,
            "60672" : 55,
            "61184" : 47,
            "61696" : 60,
            "62208" : 53,
            "62720" : 55,
            "63232" : 46,
            "63744" : 42,
            "64256" : 39,
            "64768" : 48,
            "65280" : 57,
            "66048" : 94,
            "67072" : 122,
            "68096" : 96,
            "69120" : 106,
            "70144" : 130,
            "71168" : 128,
            "72192" : 98,
            "73216" : 103,
            "74240" : 95,
            "75264" : 65,
            "76288" : 53,
            "77312" : 54,
            "78336" : 59,
            "79360" : 45,
            "80384" : 43,
            "81408" : 37,
            "82432" : 46,
            "83456" : 46,
            "84480" : 38,
            "85504" : 36,
            "86528" : 43,
            "87552" : 44,
            "88576" : 41,
            "89600" : 50,
            "90624" : 46,
            "91648" : 42,
            "92672" : 31,
            "93696" : 28,
            "94720" : 22,
            "95744" : 19,
            "96768" : 19,
            "97792" : 24,
            "98816" : 20,
            "99840" : 26,
            "100864" : 21,
            "101888" : 20,
            "102912" : 23,
            "103936" : 23,
            "104960" : 16,
            "105984" : 25,
            "107008" : 24,
            "108032" : 21,
            "109056" : 28,
            "110080" : 13,
            "111104" : 15,
            "112128" : 16,
            "113152" : 19,
            "114176" : 15,
            "115200" : 6,
            "116224" : 17,
            "117248" : 12,
            "118272" : 11,
            "119296" : 12,
            "120320" : 9,
            "121344" : 5,
            "122368" : 8,
            "123392" : 10,
            "124416" : 6,
            "125440" : 7,
            "126464" : 11,
            "127488" : 5,
            "128512" : 7,
            "129536" : 6,
            "130560" : 12,
            "132096" : 24,
            "134144" : 22,
            "136192" : 16,
            "138240" : 18,
            "140288" : 20,
            "142336" : 13,
            "144384" : 15,
            "146432" : 13,
            "148480" : 15,
            "150528" : 11,
            "152576" : 6,
            "154624" : 15,
            "156672" : 20,
            "158720" : 18,
            "160768" : 13,
            "162816" : 19,
            "164864" : 11,
            "166912" : 8,
            "168960" : 14,
            "171008" : 16,
            "173056" : 8,
            "175104" : 17,
            "177152" : 14,
            "179200" : 11,
            "181248" : 10,
            "183296" : 14,
            "185344" : 10,
            "187392" : 8,
            "189440" : 9,
            "191488" : 10,
            "193536" : 18,
            "195584" : 11,
            "197632" : 15,
            "199680" : 11,
            "201728" : 16,
            "203776" : 9,
            "205824" : 16,
            "207872" : 11,
            "209920" : 14,
            "211968" : 17,
            "214016" : 19,
            "216064" : 14,
            "218112" : 15,
            "220160" : 11,
            "222208" : 9,
            "224256" : 14,
            "226304" : 17,
            "228352" : 19,
            "230400" : 20,
            "232448" : 18,
            "234496" : 23,
            "236544" : 21,
            "238592" : 21,
            "240640" : 18,
            "242688" : 16,
            "244736" : 16,
            "246784" : 14,
            "248832" : 7,
            "250880" : 10,
            "252928" : 11,
            "254976" : 10,
            "257024" : 6,
            "259072" : 11,
            "261120" : 3,
            "264192" : 9,
            "268288" : 11,
            "272384" : 5,
            "276480" : 9,
            "280576" : 5,
            "284672" : 9,
            "288768" : 5,
            "292864" : 12,
            "296960" : 7,
            "301056" : 3,
            "305152" : 5,
            "309248" : 5,
            "313344" : 7,
            "317440" : 4,
            "321536" : 6,
            "325632" : 8,
            "329728" : 5,
            "333824" : 4,
            "337920" : 6,
            "342016" : 11,
            "346112" : 6,
            "350208" : 10,
            "354304" : 9,
            "358400" : 8,
            "362496" : 6,
            "366592" : 14,
            "370688" : 11,
            "374784" : 16,
            "378880" : 11,
            "382976" : 21,
            "387072" : 24,
            "391168" : 30,
            "395264" : 18,
            "399360" : 30,
            "403456" : 29,
            "407552" : 22,
            "411648" : 23,
            "415744" : 22,
            "419840" : 22,
            "423936" : 12,
            "428032" : 9,
            "432128" : 8,
            "436224" : 8,
            "440320" : 2,
            "444416" : 1,
            "448512" : 1,
            "452608" : 1,
            "456704" : 3,
            "460800" : 1,
            "464896" : 1,
            "473088" : 1,
            "477184" : 1,
            "481280" : 1,
            "489472" : 2,
            "493568" : 1,
            "505856" : 3,
            "509952" : 2,
            "514048" : 3,
            "518144" : 2,
            "522240" : 1,
            "528384" : 7,
            "536576" : 1,
            "544768" : 5,
            "552960" : 11,
            "561152" : 7,
            "569344" : 19,
            "577536" : 9,
            "585728" : 11,
            "593920" : 21,
            "602112" : 16,
            "610304" : 11,
            "618496" : 7,
            "626688" : 8,
            "634880" : 8,
            "643072" : 13,
            "651264" : 7,
            "659456" : 10,
            "667648" : 12,
            "675840" : 18,
            "684032" : 20,
            "692224" : 12,
            "700416" : 12,
            "708608" : 16,
            "716800" : 14,
            "724992" : 12,
            "733184" : 9,
            "741376" : 9,
            "749568" : 9,
            "757760" : 5,
            "765952" : 2,
            "774144" : 3,
            "782336" : 1,
            "790528" : 3,
            "798720" : 2,
            "815104" : 1,
            "823296" : 2,
            "831488" : 2,
            "839680" : 3,
            "847872" : 4,
            "856064" : 5,
            "864256" : 3,
            "872448" : 6,
            "880640" : 6,
            "888832" : 2,
            "897024" : 5,
            "905216" : 4,
            "913408" : 5,
            "921600" : 3,
            "929792" : 3,
            "937984" : 2,
            "946176" : 1,
            "954368" : 2,
            "962560" : 1,
            "970752" : 2,
            "978944" : 3,
            "987136" : 2,
            "995328" : 2,
            "1011712" : 4,
            "1019904" : 1,
            "1028096" : 1,
            "1044480" : 1,
            "1056768" : 1,
            "1187840" : 1,
            "1236992" : 1,
            "1253376" : 2,
            "1351680" : 1,
            "1368064" : 1,
            "1531904" : 1,
            "1548288" : 1,
            "1597440" : 2,
            "1662976" : 1,
            "1679360" : 3,
            "1695744" : 2,
            "1712128" : 2,
            "1810432" : 1,
            "2023424" : 1,
            "2146304" : 1,
            "2179072" : 1,
            "2310144" : 1,
            "2375680" : 1,
            "2473984" : 1,
            "2506752" : 1,
            "2670592" : 1,
            "2867200" : 1,
            "2998272" : 1,
            "3424256" : 1,
            "3784704" : 1,
            "4046848" : 2,
            "5013504" : 1,
            "5341184" : 1,
            "5406720" : 2,
            "5472256" : 2,
            "5537792" : 2,
            "5603328" : 1,
            "5668864" : 2,
            "5799936" : 1,
            "6258688" : 1,
            "6520832" : 1,
            "6782976" : 1,
            "6914048" : 1,
            "10027008" : 1
          }
        },
        "bw_min" : 219704,
        "bw_max" : 360280,
        "bw_agg" : 100.000000,
        "bw_mean" : 252456.707846,
        "bw_dev" : 14611.716650,
        "bw_samples" : 599,
        "iops_min" : 54926,
        "iops_max" : 90070,
        "iops_mean" : 63114.176962,
        "iops_stddev" : 3652.929163,
        "iops_samples" : 599
      },
      "write" : {
        "io_bytes" : 77511761920,
        "io_kbytes" : 75695080,
        "bw_bytes" : 258371678,
        "bw" : 252316,
        "iops" : 63079.023070,
        "runtime" : 300001,
        "total_ios" : 18923770,
        "short_ios" : 0,
        "drop_ios" : 0,
        "slat_ns" : {
          "min" : 0,
          "max" : 0,
          "mean" : 0.000000,
          "stddev" : 0.000000,
          "N" : 0
        },
        "clat_ns" : {
          "min" : 971,
          "max" : 4847068,
          "mean" : 1987.350511,
          "stddev" : 1756.533143,
          "N" : 18923770,
          "percentile" : {
            "1.000000" : 1432,
            "5.000000" : 1464,
            "10.000000" : 1480,
            "20.000000" : 1512,
            "30.000000" : 1544,
            "40.000000" : 1592,
            "50.000000" : 2128,
            "60.000000" : 2192,
            "70.000000" : 2224,
            "80.000000" : 2288,
            "90.000000" : 2384,
            "95.000000" : 2864,
            "99.000000" : 3408,
            "99.500000" : 4320,
            "99.900000" : 7776,
            "99.950000" : 11072,
            "99.990000" : 16320
          },
          "bins" : {
            "972" : 2,
            "980" : 1,
            "996" : 1,
            "1004" : 3,
            "1012" : 1,
            "1020" : 1,
            "1032" : 7,
            "1048" : 4,
            "1064" : 14,
            "1080" : 22,
            "1096" : 35,
            "1112" : 83,
            "1128" : 100,
            "1144" : 103,
            "1160" : 114,
            "1176" : 157,
            "1192" : 143,
            "1208" : 139,
            "1224" : 92,
            "1240" : 86,
            "1256" : 54,
            "1272" : 40,
            "1288" : 40,
            "1304" : 16,
            "1320" : 26,
            "1336" : 24,
            "1352" : 29,
            "1368" : 539,
            "1384" : 7408,
            "1400" : 31520,
            "1416" : 56895,
            "1432" : 96819,
            "1448" : 334308,
            "1464" : 841564,
            "1480" : 1097334,
            "1496" : 1069465,
            "1512" : 999206,
            "1528" : 1010451,
            "1544" : 895982,
            "1560" : 648920,
            "1576" : 460389,
            "1592" : 322738,
            "1608" : 227148,
            "1624" : 144493,
            "1640" : 88787,
            "1656" : 63670,
            "1672" : 47936,
            "1688" : 40585,
            "1704" : 34441,
            "1720" : 29559,
            "1736" : 25163,
            "1752" : 18768,
            "1768" : 14879,
            "1784" : 11445,
            "1800" : 8899,
            "1816" : 7266,
            "1832" : 5800,
            "1848" : 4755,
            "1864" : 4045,
            "1880" : 3915,
            "1896" : 5176,
            "1912" : 7866,
            "1928" : 13166,
            "1944" : 19991,
            "1960" : 25740,
            "1976" : 30243,
            "1992" : 30417,
            "2008" : 29481,
            "2024" : 27183,
            "2040" : 24837,
            "2064" : 71727,
            "2096" : 218341,
            "2128" : 552007,
            "2160" : 1006423,
            "2192" : 1363989,
            "2224" : 1443104,
            "2256" : 1275027,
            "2288" : 933468,
            "2320" : 624156,
            "2352" : 420143,
            "2384" : 298778,
            "2416" : 227230,
            "2448" : 165934,
            "2480" : 113304,
            "2512" : 72957,
            "2544" : 47656,
            "2576" : 35131,
            "2608" : 28989,
            "2640" : 27125,
            "2672" : 26165,
            "2704" : 26414,
            "2736" : 27662,
            "2768" : 28476,
            "2800" : 28216,
            "2832" : 27352,
            "2864" : 25395,
            "2896" : 22846,
            "2928" : 20876,
            "2960" : 24028,
            "2992" : 35774,
            "3024" : 56771,
            "3056" : 82665,
            "3088" : 99538,
            "3120" : 102828,
            "3152" : 92277,
            "3184" : 71982,
            "3216" : 51747,
            "3248" : 33757,
            "3280" : 21446,
            "3312" : 14126,
            "3344" : 9832,
            "3376" : 7822,
            "3408" : 6485,
            "3440" : 5731,
            "3472" : 5383,
            "3504" : 5126,
            "3536" : 4739,
            "3568" : 4663,
            "3600" : 4411,
            "3632" : 4162,
            "3664" : 4001,
            "3696" : 3695,
            "3728" : 3415,
            "3760" : 3278,
            "3792" : 3098,
            "3824" : 2942,
            "3856" : 3060,
            "3888" : 2899,
            "3920" : 2693,
            "3952" : 2622,
            "3984" : 2595,
            "4016" : 2552,
            "4048" : 2483,
            "4080" : 2336,
            "4128" : 4355,
            "4192" : 3993,
            "4256" : 3784,
            "4320" : 3639,
            "4384" : 3345,
            "4448" : 3274,
            "4512" : 3320,
            "4576" : 3048,
            "4640" : 3068,
            "4704" : 3045,
            "4768" : 2911,
            "4832" : 2809,
            "4896" : 2709,
            "4960" : 2732,
            "5024" : 2626,
            "5088" : 2501,
            "5152" : 2293,
            "5216" : 2289,
            "5280" : 2160,
            "5344" : 2113,
            "5408" : 1973,
            "5472" : 1876,
            "5536" : 1784,
            "5600" : 1697,
            "5664" : 1600,
            "5728" : 1407,
            "5792" : 1281,
            "5856" : 1133,
            "5920" : 1021,
            "5984" : 919,
            "6048" : 817,
            "6112" : 726,
            "6176" : 707,
            "6240" : 607,
            "6304" : 557,
            "6368" : 557,
            "6432" : 573,
            "6496" : 493,
            "6560" : 480,
            "6624" : 472,
            "6688" : 493,
            "6752" : 481,
            "6816" : 524,
            "6880" : 510,
            "6944" : 531,
            "7008" : 512,
            "7072" : 483,
            "7136" : 501,
            "7200" : 497,
            "7264" : 455,
            "7328" : 417,
            "7392" : 437,
            "7456" : 366,
            "7520" : 348,
            "7584" : 360,
            "7648" : 353,
            "7712" : 334,
            "7776" : 303,
            "7840" : 308,
            "7904" : 273,
            "7968" : 286,
            "8032" : 242,
            "8096" : 257,
            "8160" : 232,
            "8256" : 468,
            "8384" : 456,
            "8512" : 366,
            "8640" : 401,
            "8768" : 435,
            "8896" : 461,
            "9024" : 434,
            "9152" : 428,
            "9280" : 498,
            "9408" : 496,
            "9536" : 368,
            "9664" : 275,
            "9792" : 270,
            "9920" : 225,
            "10048" : 230,
            "10176" : 198,
            "10304" : 216,
            "10432" : 231,
            "10560" : 265,
            "10688" : 218,
            "10816" : 310,
            "10944" : 249,
            "11072" : 289,
            "11200" : 327,
            "11328" : 349,
            "11456" : 380,
            "11584" : 377,
            "11712" : 365,
            "11840" : 403,
            "11968" : 401,
            "12096" : 398,
            "12224" : 369,
            "12352" : 347,
            "12480" : 298,
            "12608" : 341,
            "12736" : 294,
            "12864" : 266,
            "12992" : 280,
            "13120" : 245,
            "13248" : 234,
            "13376" : 206,
            "13504" : 181,
            "13632" : 168,
            "13760" : 140,
            "13888" : 132,
            "14016" : 135,
            "14144" : 116,
            "14272" : 100,
            "14400" : 71,
            "14528" : 84,
            "14656" : 79,
            "14784" : 54,
            "14912" : 51,
            "15040" : 43,
            "15168" : 47,
            "15296" : 29,
            "15424" : 33,
            "15552" : 30,
            "15680" : 25,
            "15808" : 26,
            "15936" : 21,
            "16064" : 26,
            "16192" : 31,
            "16320" : 22,
            "16512" : 40,
            "16768" : 51,
            "17024" : 62,
            "17280" : 44,
            "17536" : 49,
            "17792" : 47,
            "18048" : 49,
            "18304" : 42,
            "18560" : 57,
            "18816" : 53,
            "19072" : 42,
            "19328" : 47,
            "19584" : 36,
            "19840" : 38,
            "20096" : 27,
            "20352" : 30,
            "20608" : 15,
            "20864" : 14,
            "21120" : 11,
            "21376" : 15,
            "21632" : 11,
            "21888" : 12,
            "22144" : 16,
            "22400" : 19,
            "22656" : 9,
            "22912" : 8,
            "23168" : 9,
            "23424" : 12,
            "23680" : 9,
            "23936" : 12,
            "24192" : 12,
            "24448" : 10,
            "24704" : 10,
            "24960" : 18,
            "25216" : 5,
            "25472" : 10,
            "25728" : 15,
            "25984" : 4,
            "26240" : 3,
            "26496" : 7,
            "26752" : 6,
            "27008" : 5,
            "27264" : 6,
            "27520" : 2,
            "27776" : 6,
            "28032" : 8,
            "28288" : 6,
            "28544" : 8,
            "28800" : 4,
            "29056" : 6,
            "29312" : 8,
            "29568" : 8,
            "29824" : 9,
            "30080" : 5,
            "30336" : 7,
            "30592" : 5,
            "30848" : 4,
            "31104" : 10,
            "31360" : 6,
            "31616" : 8,
            "31872" : 6,
            "32128" : 9,
            "32384" : 6,
            "32640" : 11,
            "33024" : 11,
            "33536" : 4,
            "34048" : 6,
            "34560" : 11,
            "35072" : 7,
            "35584" : 18,
            "36096" : 9,
            "36608" : 14,
            "37120" : 8,
            "37632" : 11,
            "38144" : 11,
            "38656" : 13,
            "39168" : 9,
            "39680" : 17,
            "40192" : 6,
            "40704" : 9,
            "41216" : 18,
            "41728" : 11,
            "42240" : 9,
            "42752" : 12,
            "43264" : 7,
            "43776" : 5,
            "44288" : 7,
            "44800" : 7,
            "45312" : 4,
            "45824" : 5,
            "46336" : 3,
            "46848" : 9,
            "47360" : 7,
            "47872" : 9,
            "48384" : 6,
            "48896" : 4,
            "49408" : 6,
            "49920" : 3,
            "50432" : 3,
            "50944" : 3,
            "51456" : 4,
            "51968" : 3,
            "52480" : 5,
            "52992" : 3,
            "53504" : 3,
            "54016" : 6,
            "54528" : 6,
            "55040" : 4,
            "55552" : 4,
            "56064" : 4,
            "56576" : 6,
            "57088" : 3,
            "57600" : 3,
            "58112" : 6,
            "58624" : 7,
            "59136" : 1,
            "59648" : 5,
            "60160" : 6,
            "60672" : 3,
            "61184" : 6,
            "61696" : 4,
            "62208" : 6,
            "62720" : 9,
            "63232" : 13,
            "63744" : 6,
            "64256" : 11,
            "64768" : 9,
            "65280" : 5,
            "66048" : 10,
            "67072" : 8,
            "68096" : 10,
            "69120" : 6,
            "70144" : 15,
            "71168" : 7,
            "72192" : 6,
            "73216" : 4,
            "74240" : 4,
            "75264" : 3,
            "76288" : 6,
            "77312" : 5,
            "78336" : 1,
            "79360" : 4,
            "80384" : 4,
            "81408" : 8,
            "82432" : 5,
            "83456" : 5,
            "84480" : 5,
            "85504" : 4,
            "87552" : 2,
            "88576" : 3,
            "89600" : 3,
            "90624" : 4,
            "91648" : 4,
            "92672" : 4,
            "93696" : 2,
            "94720" : 1,
            "95744" : 2,
            "96768" : 1,
            "97792" : 2,
            "99840" : 1,
            "102912" : 5,
            "103936" : 2,
            "104960" : 1,
            "107008" : 1,
            "109056" : 2,
            "110080" : 3,
            "111104" : 1,
            "112128" : 3,
            "113152" : 2,
            "114176" : 1,
            "115200" : 2,
            "116224" : 1,
            "119296" : 2,
            "120320" : 2,
            "121344" : 1,
            "122368" : 1,
            "123392" : 1,
            "125440" : 1,
            "126464" : 1,
            "128512" : 1,
            "130560" : 1,
            "132096" : 1,
            "134144" : 3,
            "136192" : 2,
            "138240" : 4,
            "140288" : 1,
            "142336" : 1,
            "146432" : 1,
            "148480" : 2,
            "154624" : 3,
            "156672" : 3,
            "158720" : 2,
            "160768" : 1,
            "162816" : 3,
            "164864" : 2,
            "168960" : 1,
            "171008" : 1,
            "173056" : 1,
            "175104" : 1,
            "177152" : 2,
            "179200" : 1,
            "185344" : 1,
            "189440" : 3,
            "191488" : 1,
            "193536" : 2,
            "195584" : 3,
            "197632" : 1,
            "199680" : 5,
            "201728" : 3,
            "203776" : 3,
            "205824" : 2,
            "207872" : 2,
            "209920" : 2,
            "211968" : 1,
            "214016" : 1,
            "216064" : 2,
            "220160" : 1,
            "222208" : 3,
            "232448" : 2,
            "272384" : 1,
            "313344" : 1,
            "321536" : 1,
            "333824" : 1,
            "342016" : 1,
            "354304" : 2,
            "362496" : 1,
            "391168" : 1,
            "395264" : 1,
            "415744" : 1,
            "428032" : 1,
            "501760" : 1,
            "552960" : 1,
            "569344" : 1,
            "700416" : 2,
            "798720" : 1,
            "806912" : 1,
            "815104" : 1,
            "847872" : 2,
            "880640" : 2,
            "962560" : 1,
            "1171456" : 1,
            "1662976" : 1,
            "1679360" : 1,
            "2736128" : 1,
            "4816896" : 1
          }
        },
        "lat_ns" : {
          "min" : 1020,
          "max" : 4847136,
          "mean" : 2046.159674,
          "stddev" : 1763.233732,
          "N" : 18923770,
          "percentile" : {
            "1.000000" : 1496,
            "5.000000" : 1528,
            "10.000000" : 1544,
            "20.000000" : 1560,
            "30.000000" : 1592,
            "40.000000" : 1640,
            "50.000000" : 2192,
            "60.000000" : 2256,
            "70.000000" : 2288,
            "80.000000" : 2352,
            "90.000000" : 2448,
            "95.000000" : 2960,
            "99.000000" : 3504,
            "99.500000" : 4448,
            "99.900000" : 8032,
            "99.950000" : 11328,
            "99.990000" : 16768
          },
          "bins" : {
            "1020" : 2,
            "1032" : 2,
            "1048" : 3,
            "1064" : 2,
            "1080" : 7,
            "1096" : 4,
            "1112" : 15,
            "1128" : 16,
            "1144" : 36,
            "1160" : 64,
            "1176" : 73,
            "1192" : 115,
            "1208" : 108,
            "1224" : 136,
            "1240" : 136,
            "1256" : 151,
            "1272" : 116,
            "1288" : 95,
            "1304" : 55,
            "1320" : 46,
            "1336" : 38,
            "1352" : 26,
            "1368" : 29,
            "1384" : 23,
            "1400" : 35,
            "1416" : 449,
            "1432" : 5379,
            "1448" : 26628,
            "1464" : 51123,
            "1480" : 58463,
            "1496" : 139394,
            "1512" : 439072,
            "1528" : 924918,
            "1544" : 1156605,
            "1560" : 1077101,
            "1576" : 1069449,
            "1592" : 993328,
            "1608" : 821664,
            "1624" : 577516,
            "1640" : 390869,
            "1656" : 275289,
            "1672" : 173493,
            "1688" : 109541,
            "1704" : 72373,
            "1720" : 53144,
            "1736" : 44975,
            "1752" : 36953,
            "1768" : 32950,
            "1784" : 28561,
            "1800" : 22529,
            "1816" : 17712,
            "1832" : 13111,
            "1848" : 10376,
            "1864" : 8266,
            "1880" : 6605,
            "1896" : 5502,
            "1912" : 4400,
            "1928" : 4090,
            "1944" : 4522,
            "1960" : 6621,
            "1976" : 10803,
            "1992" : 16462,
            "2008" : 23567,
            "2024" : 28829,
            "2040" : 30244,
            "2064" : 57902,
            "2096" : 52931,
            "2128" : 97578,
            "2160" : 290173,
            "2192" : 669839,
            "2224" : 1117252,
            "2256" : 1424522,
            "2288" : 1410816,
            "2320" : 1171258,
            "2352" : 840169,
            "2384" : 552448,
            "2416" : 382186,
            "2448" : 278744,
            "2480" : 213252,
            "2512" : 156015,
            "2544" : 103427,
            "2576" : 65251,
            "2608" : 40955,
            "2640" : 29804,
            "2672" : 25272,
            "2704" : 24738,
            "2736" : 25662,
            "2768" : 27113,
            "2800" : 28601,
            "2832" : 30106,
            "2864" : 30288,
            "2896" : 29299,
            "2928" : 26367,
            "2960" : 22377,
            "2992" : 20867,
            "3024" : 24530,
            "3056" : 38762,
            "3088" : 61729,
            "3120" : 86432,
            "3152" : 101705,
            "3184" : 101779,
            "3216" : 89666,
            "3248" : 68190,
            "3280" : 48349,
            "3312" : 32293,
            "3344" : 20864,
            "3376" : 14404,
            "3408" : 10151,
            "3440" : 7982,
            "3472" : 6528,
            "3504" : 5903,
            "3536" : 5506,
            "3568" : 5102,
            "3600" : 4821,
            "3632" : 4594,
            "3664" : 4411,
            "3696" : 4297,
            "3728" : 4224,
            "3760" : 3887,
            "3792" : 3693,
            "3824" : 3524,
            "3856" : 3258,
            "3888" : 3155,
            "3920" : 2972,
            "3952" : 2898,
            "3984" : 2761,
            "4016" : 2683,
            "4048" : 2555,
            "4080" : 2509,
            "4128" : 5039,
            "4192" : 4672,
            "4256" : 4208,
            "4320" : 3910,
            "4384" : 3646,
            "4448" : 3616,
            "4512" : 3366,
            "4576" : 3286,
            "4640" : 3213,
            "4704" : 3074,
            "4768" : 2869,
            "4832" : 2840,
            "4896" : 2819,
            "4960" : 2719,
            "5024" : 2709,
            "5088" : 2626,
            "5152" : 2606,
            "5216" : 2487,
            "5280" : 2355,
            "5344" : 2205,
            "5408" : 2121,
            "5472" : 2059,
            "5536" : 1971,
            "5600" : 1923,
            "5664" : 1861,
            "5728" : 1675,
            "5792" : 1624,
            "5856" : 1535,
            "5920" : 1419,
            "5984" : 1257,
            "6048" : 1142,
            "6112" : 1012,
            "6176" : 915,
            "6240" : 833,
            "6304" : 820,
            "6368" : 725,
            "6432" : 683,
            "6496" : 651,
            "6560" : 618,
            "6624" : 578,
            "6688" : 557,
            "6752" : 590,
            "6816" : 535,
            "6880" : 505,
            "6944" : 544,
            "7008" : 557,
            "7072" : 504,
            "7136" : 571,
            "7200" : 526,
            "7264" : 514,
            "7328" : 489,
            "7392" : 472,
            "7456" : 444,
            "7520" : 397,
            "7584" : 405,
            "7648" : 376,
            "7712" : 362,
            "7776" : 342,
            "7840" : 318,
            "7904" : 324,
            "7968" : 285,
            "8032" : 297,
            "8096" : 284,
            "8160" : 252,
            "8256" : 490,
            "8384" : 465,
            "8512" : 421,
            "8640" : 408,
            "8768" : 462,
            "8896" : 464,
            "9024" : 474,
            "9152" : 431,
            "9280" : 507,
            "9408" : 496,
            "9536" : 458,
            "9664" : 339,
            "9792" : 313,
            "9920" : 248,
            "10048" : 247,
            "10176" : 207,
            "10304" : 219,
            "10432" : 244,
            "10560" : 234,
            "10688" : 267,
            "10816" : 286,
            "10944" : 283,
            "11072" : 277,
            "11200" : 307,
            "11328" : 357,
            "11456" : 362,
            "11584" : 408,
            "11712" : 380,
            "11840" : 414,
            "11968" : 398,
            "12096" : 402,
            "12224" : 406,
            "12352" : 353,
            "12480" : 326,
            "12608" : 366,
            "12736" : 300,
            "12864" : 313,
            "12992" : 261,
            "13120" : 257,
            "13248" : 256,
            "13376" : 213,
            "13504" : 217,
            "13632" : 182,
            "13760" : 148,
            "13888" : 157,
            "14016" : 139,
            "14144" : 126,
            "14272" : 102,
            "14400" : 95,
            "14528" : 90,
            "14656" : 79,
            "14784" : 65,
            "14912" : 58,
            "15040" : 51,
            "15168" : 50,
            "15296" : 37,
            "15424" : 36,
            "15552" : 30,
            "15680" : 29,
            "15808" : 32,
            "15936" : 19,
            "16064" : 28,
            "16192" : 24,
            "16320" : 33,
            "16512" : 39,
            "16768" : 48,
            "17024" : 70,
            "17280" : 42,
            "17536" : 49,
            "17792" : 53,
            "18048" : 53,
            "18304" : 37,
            "18560" : 57,
            "18816" : 54,
            "19072" : 43,
            "19328" : 52,
            "19584" : 41,
            "19840" : 36,
            "20096" : 32,
            "20352" : 24,
            "20608" : 25,
            "20864" : 16,
            "21120" : 14,
            "21376" : 16,
            "21632" : 15,
            "21888" : 10,
            "22144" : 14,
            "22400" : 17,
            "22656" : 14,
            "22912" : 10,
            "23168" : 8,
            "23424" : 12,
            "23680" : 10,
            "23936" : 11,
            "24192" : 10,
            "24448" : 11,
            "24704" : 9,
            "24960" : 18,
            "25216" : 6,
            "25472" : 10,
            "25728" : 15,
            "25984" : 8,
            "26240" : 3,
            "26496" : 5,
            "26752" : 7,
            "27008" : 8,
            "27264" : 3,
            "27520" : 6,
            "27776" : 2,
            "28032" : 9,
            "28288" : 8,
            "28544" : 8,
            "28800" : 5,
            "29056" : 6,
            "29312" : 8,
            "29568" : 6,
            "29824" : 13,
            "30080" : 7,
            "30336" : 5,
            "30592" : 7,
            "30848" : 5,
            "31104" : 5,
            "31360" : 7,
            "31616" : 9,
            "31872" : 5,
            "32128" : 10,
            "32384" : 7,
            "32640" : 10,
            "33024" : 11,
            "33536" : 6,
            "34048" : 7,
            "34560" : 10,
            "35072" : 7,
            "35584" : 16,
            "36096" : 8,
            "36608" : 17,
            "37120" : 7,
            "37632" : 14,
            "38144" : 11,
            "38656" : 12,
            "39168" : 12,
            "39680" : 16,
            "40192" : 9,
            "40704" : 7,
            "41216" : 20,
            "41728" : 10,
            "42240" : 9,
            "42752" : 12,
            "43264" : 9,
            "43776" : 5,
            "44288" : 6,
            "44800" : 8,
            "45312" : 3,
            "45824" : 7,
            "46336" : 2,
            "46848" : 8,
            "47360" : 6,
            "47872" : 10,
            "48384" : 5,
            "48896" : 7,
            "49408" : 6,
            "49920" : 3,
            "50432" : 3,
            "50944" : 3,
            "51456" : 4,
            "51968" : 4,
            "52480" : 4,
            "52992" : 4,
            "53504" : 4,
            "54016" : 6,
            "54528" : 5,
            "55040" : 3,
            "55552" : 7,
            "56064" : 3,
            "56576" : 8,
            "57088" : 3,
            "57600" : 3,
            "58112" : 6,
            "58624" : 4,
            "59136" : 4,
            "59648" : 5,
            "60160" : 6,
            "60672" : 2,
            "61184" : 6,
            "61696" : 4,
            "62208" : 7,
            "62720" : 9,
            "63232" : 10,
            "63744" : 9,
            "64256" : 11,
            "64768" : 12,
            "65280" : 5,
            "66048" : 10,
            "67072" : 8,
            "68096" : 9,
            "69120" : 8,
            "70144" : 15,
            "71168" : 7,
            "72192" : 5,
            "73216" : 7,
            "74240" : 4,
            "75264" : 3,
            "76288" : 5,
            "77312" : 7,
            "78336" : 1,
            "79360" : 4,
            "80384" : 4,
            "81408" : 6,
            "82432" : 7,
            "83456" : 5,
            "84480" : 5,
            "85504" : 4,
            "87552" : 2,
            "88576" : 3,
            "89600" : 3,
            "90624" : 3,
            "91648" : 5,
            "92672" : 4,
            "93696" : 2,
            "94720" : 1,
            "95744" : 3,
            "96768" : 1,
            "97792" : 2,
            "99840" : 1,
            "102912" : 5,
            "103936" : 2,
            "104960" : 1,
            "108032" : 1,
            "109056" : 2,
            "110080" : 3,
            "111104" : 1,
            "112128" : 3,
            "113152" : 2,
            "114176" : 1,
            "115200" : 2,
            "117248" : 1,
            "119296" : 2,
            "120320" : 1,
            "121344" : 2,
            "122368" : 1,
            "124416" : 1,
            "125440" : 1,
            "126464" : 1,
            "129536" : 1,
            "130560" : 1,
            "132096" : 1,
            "134144" : 3,
            "136192" : 2,
            "138240" : 4,
            "140288" : 1,
            "142336" : 1,
            "144384" : 1,
            "146432" : 1,
            "148480" : 2,
            "154624" : 3,
            "156672" : 3,
            "158720" : 2,
            "160768" : 1,
            "162816" : 3,
            "164864" : 2,
            "168960" : 1,
            "171008" : 1,
            "173056" : 1,
            "175104" : 1,
            "177152" : 2,
            "179200" : 1,
            "185344" : 1,
            "189440" : 3,
            "191488" : 1,
            "193536" : 2,
            "195584" : 3,
            "197632" : 1,
            "199680" : 5,
            "201728" : 3,
            "203776" : 4,
            "205824" : 2,
            "207872" : 2,
            "209920" : 2,
            "211968" : 1,
            "214016" : 1,
            "216064" : 2,
            "220160" : 1,
            "222208" : 3,
            "232448" : 2,
            "272384" : 1,
            "313344" : 1,
            "321536" : 1,
            "333824" : 1,
            "346112" : 1,
            "354304" : 2,
            "362496" : 1,
            "391168" : 1,
            "395264" : 1,
            "407552" : 1,
            "415744" : 1,
            "428032" : 1,
            "501760" : 1,
            "552960" : 1,
            "569344" : 1,
            "700416" : 2,
            "798720" : 1,
            "806912" : 1,
            "815104" : 1,
            "847872" : 2,
            "880640" : 2,
            "962560" : 1,
            "1171456" : 1,
            "1662976" : 1,
            "1679360" : 1,
            "2736128" : 1,
            "4816896" : 1
          }
        },
        "bw_min" : 220848,
        "bw_max" : 357232,
        "bw_agg" : 100.000000,
        "bw_mean" : 252399.358932,
        "bw_dev" : 14615.161597,
        "bw_samples" : 599,
        "iops_min" : 55212,
        "iops_max" : 89308,
        "iops_mean" : 63099.839733,
        "iops_stddev" : 3653.790399,
        "iops_samples" : 599
      },
      "trim" : {
        "io_bytes" : 0,
        "io_kbytes" : 0,
        "bw_bytes" : 0,
        "bw" : 0,
        "iops" : 0.000000,
        "runtime" : 0,
        "total_ios" : 0,
        "short_ios" : 0,
        "drop_ios" : 0,
        "slat_ns" : {
          "min" : 0,
          "max" : 0,
          "mean" : 0.000000,
          "stddev" : 0.000000,
          "N" : 0
        },
        "clat_ns" : {
          "min" : 0,
          "max" : 0,
          "mean" : 0.000000,
          "stddev" : 0.000000,
          "N" : 0
        },
        "lat_ns" : {
          "min" : 0,
          "max" : 0,
          "mean" : 0.000000,
          "stddev" : 0.000000,
          "N" : 0
        },
        "bw_min" : 0,
        "bw_max" : 0,
        "bw_agg" : 0.000000,
        "bw_mean" : 0.000000,
        "bw_dev" : 0.000000,
        "bw_samples" : 0,
        "iops_min" : 0,
        "iops_max" : 0,
        "iops_mean" : 0.000000,
        "iops_stddev" : 0.000000,
        "iops_samples" : 0
      },
      "sync" : {
        "total_ios" : 0,
        "lat_ns" : {
          "min" : 0,
          "max" : 0,
          "mean" : 0.000000,
          "stddev" : 0.000000,
          "N" : 0
        }
      },
      "job_runtime" : 300000,
      "usr_cpu" : 12.258667,
      "sys_cpu" : 61.103667,
      "ctx" : 18989862,
      "majf" : 0,
      "minf" : 20,
      "iodepth_level" : {
        "1" : 100.000000,
        "2" : 0.000000,
        "4" : 0.000000,
        "8" : 0.000000,
        "16" : 0.000000,
        "32" : 0.000000,
        ">=64" : 0.000000
      },
      "iodepth_submit" : {
        "0" : 0.000000,
        "4" : 100.000000,
        "8" : 0.000000,
        "16" : 0.000000,
        "32" : 0.000000,
        "64" : 0.000000,
        ">=64" : 0.000000
      },
      "iodepth_complete" : {
        "0" : 0.000000,
        "4" : 100.000000,
        "8" : 0.000000,
        "16" : 0.000000,
        "32" : 0.000000,
        "64" : 0.000000,
        ">=64" : 0.000000
      },
      "latency_ns" : {
        "2" : 0.000000,
        "4" : 0.000000,
        "10" : 0.000000,
        "20" : 0.000000,
        "50" : 0.000000,
        "100" : 0.000000,
        "250" : 0.000000,
        "500" : 0.000000,
        "750" : 0.010000,
        "1000" : 0.010000
      },
      "latency_us" : {
        "2" : 23.219892,
        "4" : 26.471663,
        "10" : 15.437265,
        "20" : 34.590212,
        "50" : 0.257600,
        "100" : 0.010853,
        "250" : 0.010000,
        "500" : 0.010000,
        "750" : 0.010000,
        "1000" : 0.010000
      },
      "latency_ms" : {
        "2" : 0.010000,
        "4" : 0.010000,
        "10" : 0.010000,
        "20" : 0.000000,
        "50" : 0.000000,
        "100" : 0.000000,
        "250" : 0.000000,
        "500" : 0.000000,
        "750" : 0.000000,
        "1000" : 0.000000,
        "2000" : 0.000000,
        ">=2000" : 0.000000
      },
      "latency_depth" : 1,
      "latency_target" : 0,
      "latency_percentile" : 100.000000,
      "latency_window" : 0
    }
  ],
  "disk_util" : [
    {
      "name" : "loop25",
      "read_ios" : 18919008,
      "write_ios" : 18919056,
      "read_merges" : 0,
      "write_merges" : 0,
      "read_ticks" : 134830,
      "write_ticks" : 466169,
      "in_queue" : 60,
      "util" : 99.993331
    }
  ]
}
