{
  "fio version" : "fio-3.32-36-g5932",
  "timestamp" : 1663455511,
  "timestamp_ms" : 1663455511623,
  "time" : "Sun Sep 18 00:58:31 2022",
  "global options" : {
    "size" : "8K",
    "rw" : "randrw",
    "bs" : "4K",
    "numjobs" : "1",
    "iodepth" : "1",
    "runtime" : "300",
    "end_fsync" : "1",
    "lat_percentiles" : "1",
    "slat_percentiles" : "1",
    "clat_percentiles" : "1"
  },
  "jobs" : [
    {
      "jobname" : "random-rw",
      "groupid" : 0,
      "error" : 0,
      "eta" : 0,
      "elapsed" : 301,
      "job options" : {
        "name" : "random-rw"
      },
      "read" : {
        "io_bytes" : 75119996928,
        "io_kbytes" : 73359372,
        "bw_bytes" : 250399155,
        "bw" : 244530,
        "iops" : 61132.606225,
        "runtime" : 300001,
        "total_ios" : 18339843,
        "short_ios" : 0,
        "drop_ios" : 0,
        "slat_ns" : {
          "min" : 0,
          "max" : 0,
          "mean" : 0.000000,
          "stddev" : 0.000000,
          "N" : 0
        },
        "clat_ns" : {
          "min" : 587,
          "max" : 9536006,
          "mean" : 6966.491718,
          "stddev" : 16031.197038,
          "N" : 18339843,
          "percentile" : {
            "1.000000" : 644,
            "5.000000" : 780,
            "10.000000" : 844,
            "20.000000" : 916,
            "30.000000" : 996,
            "40.000000" : 4256,
            "50.000000" : 6752,
            "60.000000" : 10048,
            "70.000000" : 10944,
            "80.000000" : 11456,
            "90.000000" : 13248,
            "95.000000" : 14272,
            "99.000000" : 16512,
            "99.500000" : 19840,
            "99.900000" : 39680,
            "99.950000" : 57088,
            "99.990000" : 264192
          },
          "bins" : {
            "588" : 158,
            "596" : 4226,
            "604" : 11711,
            "612" : 16328,
            "620" : 23751,
            "628" : 45257,
            "636" : 60245,
            "644" : 59311,
            "652" : 39535,
            "660" : 31745,
            "668" : 39297,
            "676" : 50116,
            "684" : 59100,
            "692" : 58611,
            "700" : 57133,
            "708" : 53217,
            "716" : 44150,
            "724" : 41156,
            "732" : 38291,
            "740" : 37683,
            "748" : 34830,
            "756" : 30659,
            "764" : 29473,
            "772" : 27365,
            "780" : 30069,
            "788" : 40901,
            "796" : 62852,
            "804" : 102071,
            "812" : 137490,
            "820" : 165772,
            "828" : 175630,
            "836" : 169095,
            "844" : 177927,
            "852" : 177408,
            "860" : 184611,
            "868" : 189535,
            "876" : 187147,
            "884" : 205080,
            "892" : 210607,
            "900" : 217475,
            "908" : 217656,
            "916" : 206448,
            "924" : 215781,
            "932" : 211157,
            "940" : 212621,
            "948" : 210487,
            "956" : 197119,
            "964" : 199245,
            "972" : 180783,
            "980" : 161590,
            "988" : 135040,
            "996" : 105629,
            "1004" : 89423,
            "1012" : 69103,
            "1020" : 53601,
            "1032" : 70065,
            "1048" : 41620,
            "1064" : 24720,
            "1080" : 15297,
            "1096" : 10917,
            "1112" : 7900,
            "1128" : 6641,
            "1144" : 5598,
            "1160" : 4610,
            "1176" : 4088,
            "1192" : 3417,
            "1208" : 3180,
            "1224" : 2786,
            "1240" : 2653,
            "1256" : 2478,
            "1272" : 2335,
            "1288" : 2415,
            "1304" : 2373,
            "1320" : 2237,
            "1336" : 2270,
            "1352" : 2081,
            "1368" : 2203,
            "1384" : 2146,
            "1400" : 2129,
            "1416" : 2115,
            "1432" : 2030,
            "1448" : 2041,
            "1464" : 1898,
            "1480" : 1823,
            "1496" : 1837,
            "1512" : 1760,
            "1528" : 1701,
            "1544" : 1632,
            "1560" : 1489,
            "1576" : 1488,
            "1592" : 1379,
            "1608" : 1330,
            "1624" : 1185,
            "1640" : 1114,
            "1656" : 1119,
            "1672" : 1087,
            "1688" : 1040,
            "1704" : 962,
            "1720" : 922,
            "1736" : 945,
            "1752" : 896,
            "1768" : 810,
            "1784" : 785,
            "1800" : 740,
            "1816" : 709,
            "1832" : 644,
            "1848" : 661,
            "1864" : 685,
            "1880" : 614,
            "1896" : 592,
            "1912" : 526,
            "1928" : 556,
            "1944" : 493,
            "1960" : 458,
            "1976" : 485,
            "1992" : 513,
            "2008" : 451,
            "2024" : 458,
            "2040" : 439,
            "2064" : 769,
            "2096" : 686,
            "2128" : 695,
            "2160" : 605,
            "2192" : 550,
            "2224" : 526,
            "2256" : 444,
            "2288" : 388,
            "2320" : 302,
            "2352" : 313,
            "2384" : 278,
            "2416" : 229,
            "2448" : 210,
            "2480" : 167,
            "2512" : 138,
            "2544" : 127,
            "2576" : 121,
            "2608" : 94,
            "2640" : 80,
            "2672" : 68,
            "2704" : 71,
            "2736" : 67,
            "2768" : 62,
            "2800" : 66,
            "2832" : 43,
            "2864" : 42,
            "2896" : 45,
            "2928" : 38,
            "2960" : 45,
            "2992" : 35,
            "3024" : 33,
            "3056" : 36,
            "3088" : 30,
            "3120" : 18,
            "3152" : 27,
            "3184" : 30,
            "3216" : 25,
            "3248" : 28,
            "3280" : 23,
            "3312" : 24,
            "3344" : 13,
            "3376" : 17,
            "3408" : 16,
            "3440" : 17,
            "3472" : 27,
            "3504" : 99,
            "3536" : 720,
            "3568" : 3011,
            "3600" : 8360,
            "3632" : 16715,
            "3664" : 26197,
            "3696" : 35991,
            "3728" : 43044,
            "3760" : 49050,
            "3792" : 51410,
            "3824" : 52489,
            "3856" : 54428,
            "3888" : 57551,
            "3920" : 64095,
            "3952" : 71822,
            "3984" : 76228,
            "4016" : 75933,
            "4048" : 69557,
            "4080" : 65891,
            "4128" : 150355,
            "4192" : 203315,
            "4256" : 217517,
            "4320" : 188656,
            "4384" : 130741,
            "4448" : 87164,
            "4512" : 70985,
            "4576" : 68173,
            "4640" : 67357,
            "4704" : 62546,
            "4768" : 54968,
            "4832" : 43493,
            "4896" : 29481,
            "4960" : 16575,
            "5024" : 7852,
            "5088" : 7729,
            "5152" : 20538,
            "5216" : 44125,
            "5280" : 54828,
            "5344" : 42901,
            "5408" : 26079,
            "5472" : 13758,
            "5536" : 6060,
            "5600" : 2971,
            "5664" : 1763,
            "5728" : 1330,
            "5792" : 1098,
            "5856" : 1089,
            "5920" : 1536,
            "5984" : 3526,
            "6048" : 8193,
            "6112" : 13650,
            "6176" : 19066,
            "6240" : 36041,
            "6304" : 71622,
            "6368" : 103964,
            "6432" : 105392,
            "6496" : 84401,
            "6560" : 68749,
            "6624" : 60499,
            "6688" : 59255,
            "6752" : 65806,
            "6816" : 74629,
            "6880" : 84822,
            "6944" : 85539,
            "7008" : 74360,
            "7072" : 60284,
            "7136" : 51667,
            "7200" : 55624,
            "7264" : 61648,
            "7328" : 61077,
            "7392" : 48511,
            "7456" : 31804,
            "7520" : 19190,
            "7584" : 11606,
            "7648" : 7585,
            "7712" : 5975,
            "7776" : 4978,
            "7840" : 4224,
            "7904" : 3575,
            "7968" : 3264,
            "8032" : 3093,
            "8096" : 2932,
            "8160" : 3017,
            "8256" : 6418,
            "8384" : 6666,
            "8512" : 6052,
            "8640" : 4934,
            "8768" : 4034,
            "8896" : 3280,
            "9024" : 3733,
            "9152" : 8046,
            "9280" : 22077,
            "9408" : 48916,
            "9536" : 77109,
            "9664" : 151668,
            "9792" : 288448,
            "9920" : 358083,
            "10048" : 301304,
            "10176" : 251285,
            "10304" : 192559,
            "10432" : 163747,
            "10560" : 226387,
            "10688" : 300938,
            "10816" : 377044,
            "10944" : 478282,
            "11072" : 476967,
            "11200" : 422010,
            "11328" : 372814,
            "11456" : 268124,
            "11584" : 175216,
            "11712" : 155340,
            "11840" : 159234,
            "11968" : 177970,
            "12096" : 207689,
            "12224" : 198533,
            "12352" : 135502,
            "12480" : 85424,
            "12608" : 62888,
            "12736" : 56223,
            "12864" : 63613,
            "12992" : 82097,
            "13120" : 95868,
            "13248" : 111779,
            "13376" : 136247,
            "13504" : 134284,
            "13632" : 135989,
            "13760" : 146967,
            "13888" : 126190,
            "14016" : 88603,
            "14144" : 76307,
            "14272" : 88797,
            "14400" : 99940,
            "14528" : 115804,
            "14656" : 116531,
            "14784" : 84821,
            "14912" : 55201,
            "15040" : 36655,
            "15168" : 25969,
            "15296" : 22934,
            "15424" : 20945,
            "15552" : 15226,
            "15680" : 11961,
            "15808" : 10288,
            "15936" : 8913,
            "16064" : 7813,
            "16192" : 7437,
            "16320" : 7198,
            "16512" : 12998,
            "16768" : 10771,
            "17024" : 9795,
            "17280" : 9187,
            "17536" : 8069,
            "17792" : 7317,
            "18048" : 6655,
            "18304" : 6449,
            "18560" : 6448,
            "18816" : 6078,
            "19072" : 5932,
            "19328" : 5740,
            "19584" : 5554,
            "19840" : 5340,
            "20096" : 5061,
            "20352" : 4769,
            "20608" : 4502,
            "20864" : 4211,
            "21120" : 3791,
            "21376" : 3329,
            "21632" : 3163,
            "21888" : 2829,
            "22144" : 2617,
            "22400" : 2343,
            "22656" : 2016,
            "22912" : 1827,
            "23168" : 1733,
            "23424" : 1520,
            "23680" : 1445,
            "23936" : 1331,
            "24192" : 1251,
            "24448" : 1173,
            "24704" : 1102,
            "24960" : 1033,
            "25216" : 961,
            "25472" : 841,
            "25728" : 806,
            "25984" : 677,
            "26240" : 699,
            "26496" : 641,
            "26752" : 604,
            "27008" : 597,
            "27264" : 552,
            "27520" : 452,
            "27776" : 460,
            "28032" : 480,
            "28288" : 388,
            "28544" : 373,
            "28800" : 356,
            "29056" : 337,
            "29312" : 344,
            "29568" : 325,
            "29824" : 301,
            "30080" : 286,
            "30336" : 260,
            "30592" : 255,
            "30848" : 222,
            "31104" : 251,
            "31360" : 209,
            "31616" : 235,
            "31872" : 244,
            "32128" : 233,
            "32384" : 245,
            "32640" : 215,
            "33024" : 417,
            "33536" : 402,
            "34048" : 416,
            "34560" : 412,
            "35072" : 419,
            "35584" : 421,
            "36096" : 415,
            "36608" : 392,
            "37120" : 386,
            "37632" : 435,
            "38144" : 493,
            "38656" : 500,
            "39168" : 510,
            "39680" : 505,
            "40192" : 489,
            "40704" : 473,
            "41216" : 437,
            "41728" : 466,
            "42240" : 396,
            "42752" : 353,
            "43264" : 341,
            "43776" : 346,
            "44288" : 351,
            "44800" : 288,
            "45312" : 276,
            "45824" : 259,
            "46336" : 277,
            "46848" : 255,
            "47360" : 255,
            "47872" : 302,
            "48384" : 249,
            "48896" : 265,
            "49408" : 249,
            "49920" : 241,
            "50432" : 190,
            "50944" : 239,
            "51456" : 228,
            "51968" : 225,
            "52480" : 214,
            "52992" : 180,
            "53504" : 180,
            "54016" : 158,
            "54528" : 151,
            "55040" : 147,
            "55552" : 140,
            "56064" : 145,
            "56576" : 120,
            "57088" : 139,
            "57600" : 142,
            "58112" : 128,
            "58624" : 121,
            "59136" : 119,
            "59648" : 107,
            "60160" : 119,
            "60672" : 107,
            "61184" : 115,
            "61696" : 111,
            "62208" : 123,
            "62720" : 100,
            "63232" : 103,
            "63744" : 106,
            "64256" : 112,
            "64768" : 108,
            "65280" : 90,
            "66048" : 204,
            "67072" : 212,
            "68096" : 193,
            "69120" : 191,
            "70144" : 195,
            "71168" : 163,
            "72192" : 169,
            "73216" : 154,
            "74240" : 203,
            "75264" : 196,
            "76288" : 189,
            "77312" : 181,
            "78336" : 157,
            "79360" : 143,
            "80384" : 122,
            "81408" : 107,
            "82432" : 104,
            "83456" : 77,
            "84480" : 74,
            "85504" : 77,
            "86528" : 78,
            "87552" : 63,
            "88576" : 51,
            "89600" : 62,
            "90624" : 60,
            "91648" : 57,
            "92672" : 52,
            "93696" : 53,
            "94720" : 50,
            "95744" : 41,
            "96768" : 40,
            "97792" : 38,
            "98816" : 38,
            "99840" : 34,
            "100864" : 37,
            "101888" : 35,
            "102912" : 26,
            "103936" : 27,
            "104960" : 43,
            "105984" : 30,
            "107008" : 34,
            "108032" : 32,
            "109056" : 27,
            "110080" : 26,
            "111104" : 33,
            "112128" : 29,
            "113152" : 18,
            "114176" : 29,
            "115200" : 21,
            "116224" : 25,
            "117248" : 15,
            "118272" : 21,
            "119296" : 20,
            "120320" : 9,
            "121344" : 19,
            "122368" : 17,
            "123392" : 11,
            "124416" : 16,
            "125440" : 11,
            "126464" : 14,
            "127488" : 15,
            "128512" : 20,
            "129536" : 17,
            "130560" : 20,
            "132096" : 24,
            "134144" : 28,
            "136192" : 45,
            "138240" : 31,
            "140288" : 27,
            "142336" : 17,
            "144384" : 28,
            "146432" : 18,
            "148480" : 26,
            "150528" : 20,
            "152576" : 26,
            "154624" : 28,
            "156672" : 16,
            "158720" : 23,
            "160768" : 26,
            "162816" : 15,
            "164864" : 21,
            "166912" : 13,
            "168960" : 15,
            "171008" : 18,
            "173056" : 12,
            "175104" : 16,
            "177152" : 8,
            "179200" : 15,
            "181248" : 6,
            "183296" : 12,
            "185344" : 17,
            "187392" : 13,
            "189440" : 13,
            "191488" : 12,
            "193536" : 7,
            "195584" : 14,
            "197632" : 9,
            "199680" : 11,
            "201728" : 9,
            "203776" : 12,
            "205824" : 10,
            "207872" : 10,
            "209920" : 12,
            "211968" : 6,
            "214016" : 11,
            "216064" : 11,
            "218112" : 10,
            "220160" : 13,
            "222208" : 2,
            "224256" : 10,
            "226304" : 14,
            "228352" : 10,
            "230400" : 7,
            "232448" : 6,
            "234496" : 16,
            "236544" : 8,
            "238592" : 9,
            "240640" : 4,
            "242688" : 10,
            "244736" : 5,
            "246784" : 5,
            "248832" : 12,
            "250880" : 5,
            "252928" : 5,
            "254976" : 13,
            "257024" : 6,
            "259072" : 4,
            "261120" : 6,
            "264192" : 15,
            "268288" : 9,
            "272384" : 24,
            "276480" : 19,
            "280576" : 12,
            "284672" : 15,
            "288768" : 15,
            "292864" : 23,
            "296960" : 23,
            "301056" : 22,
            "305152" : 32,
            "309248" : 30,
            "313344" : 27,
            "317440" : 20,
            "321536" : 17,
            "325632" : 26,
            "329728" : 14,
            "333824" : 12,
            "337920" : 12,
            "342016" : 18,
            "346112" : 13,
            "350208" : 14,
            "354304" : 6,
            "358400" : 12,
            "362496" : 8,
            "366592" : 9,
            "370688" : 4,
            "374784" : 8,
            "378880" : 9,
            "382976" : 8,
            "387072" : 5,
            "391168" : 7,
            "395264" : 10,
            "399360" : 13,
            "403456" : 18,
            "407552" : 19,
            "411648" : 14,
            "415744" : 8,
            "419840" : 18,
            "423936" : 12,
            "428032" : 14,
            "432128" : 7,
            "436224" : 12,
            "440320" : 10,
            "444416" : 9,
            "448512" : 4,
            "452608" : 6,
            "456704" : 6,
            "460800" : 3,
            "464896" : 3,
            "468992" : 6,
            "473088" : 4,
            "477184" : 4,
            "481280" : 3,
            "485376" : 3,
            "489472" : 4,
            "493568" : 2,
            "497664" : 15,
            "501760" : 5,
            "505856" : 4,
            "509952" : 3,
            "514048" : 4,
            "518144" : 2,
            "522240" : 6,
            "528384" : 12,
            "536576" : 8,
            "544768" : 9,
            "552960" : 7,
            "561152" : 15,
            "569344" : 6,
            "577536" : 10,
            "585728" : 4,
            "593920" : 13,
            "602112" : 7,
            "610304" : 7,
            "618496" : 11,
            "626688" : 12,
            "634880" : 22,
            "643072" : 11,
            "651264" : 10,
            "659456" : 11,
            "667648" : 12,
            "675840" : 8,
            "684032" : 12,
            "692224" : 6,
            "700416" : 10,
            "708608" : 10,
            "716800" : 11,
            "724992" : 2,
            "733184" : 5,
            "741376" : 14,
            "749568" : 14,
            "757760" : 8,
            "765952" : 4,
            "774144" : 11,
            "782336" : 6,
            "790528" : 11,
            "798720" : 13,
            "806912" : 11,
            "815104" : 16,
            "823296" : 7,
            "831488" : 6,
            "839680" : 11,
            "847872" : 4,
            "856064" : 5,
            "864256" : 11,
            "872448" : 9,
            "880640" : 7,
            "888832" : 5,
            "897024" : 7,
            "905216" : 4,
            "913408" : 10,
            "921600" : 9,
            "929792" : 7,
            "937984" : 6,
            "946176" : 6,
            "954368" : 8,
            "962560" : 2,
            "970752" : 1,
            "978944" : 6,
            "987136" : 3,
            "995328" : 1,
            "1003520" : 5,
            "1011712" : 5,
            "1019904" : 6,
            "1028096" : 2,
            "1036288" : 4,
            "1044480" : 6,
            "1056768" : 14,
            "1073152" : 3,
            "1089536" : 9,
            "1105920" : 8,
            "1122304" : 12,
            "1138688" : 5,
            "1155072" : 5,
            "1171456" : 6,
            "1187840" : 6,
            "1204224" : 3,
            "1220608" : 4,
            "1236992" : 3,
            "1253376" : 8,
            "1269760" : 7,
            "1286144" : 8,
            "1302528" : 5,
            "1318912" : 11,
            "1335296" : 7,
            "1351680" : 9,
            "1368064" : 5,
            "1384448" : 7,
            "1400832" : 6,
            "1417216" : 10,
            "1433600" : 7,
            "1449984" : 4,
            "1466368" : 1,
            "1482752" : 8,
            "1499136" : 5,
            "1515520" : 5,
            "1531904" : 4,
            "1548288" : 8,
            "1564672" : 1,
            "1581056" : 7,
            "1597440" : 8,
            "1613824" : 3,
            "1630208" : 1,
            "1646592" : 3,
            "1662976" : 3,
            "1679360" : 6,
            "1695744" : 6,
            "1712128" : 8,
            "1728512" : 6,
            "1744896" : 5,
            "1761280" : 5,
            "1777664" : 4,
            "1794048" : 4,
            "1810432" : 5,
            "1826816" : 6,
            "1843200" : 4,
            "1859584" : 2,
            "1875968" : 1,
            "1892352" : 1,
            "1908736" : 6,
            "1925120" : 2,
            "1941504" : 3,
            "1957888" : 2,
            "1990656" : 3,
            "2007040" : 3,
            "2023424" : 1,
            "2039808" : 3,
            "2056192" : 4,
            "2072576" : 3,
            "2088960" : 2,
            "2113536" : 5,
            "2146304" : 10,
            "2179072" : 8,
            "2211840" : 4,
            "2244608" : 7,
            "2277376" : 7,
            "2310144" : 7,
            "2342912" : 7,
            "2375680" : 7,
            "2408448" : 10,
            "2441216" : 5,
            "2473984" : 6,
            "2506752" : 10,
            "2539520" : 3,
            "2572288" : 5,
            "2605056" : 2,
            "2637824" : 2,
            "2670592" : 2,
            "2703360" : 4,
            "2736128" : 2,
            "2768896" : 2,
            "2834432" : 2,
            "2867200" : 5,
            "2899968" : 3,
            "2932736" : 2,
            "2965504" : 3,
            "2998272" : 2,
            "3031040" : 4,
            "3063808" : 3,
            "3096576" : 6,
            "3129344" : 2,
            "3162112" : 2,
            "3194880" : 3,
            "3227648" : 9,
            "3260416" : 5,
            "3293184" : 3,
            "3325952" : 3,
            "3358720" : 2,
            "3391488" : 2,
            "3424256" : 5,
            "3457024" : 2,
            "3489792" : 1,
            "3555328" : 1,
            "3588096" : 5,
            "3620864" : 5,
            "3653632" : 3,
            "3686400" : 1,
            "3719168" : 2,
            "3751936" : 1,
            "3817472" : 1,
            "3850240" : 3,
            "3883008" : 1,
            "3915776" : 2,
            "4014080" : 1,
            "4046848" : 4,
            "4079616" : 3,
            "4145152" : 2,
            "4177920" : 3,
            "4227072" : 3,
            "4358144" : 1,
            "4423680" : 1,
            "4489216" : 1,
            "4554752" : 2,
            "4751360" : 2,
            "4882432" : 2,
            "5144576" : 1,
            "5537792" : 1,
            "5603328" : 2,
            "5734400" : 1,
            "5996544" : 1,
            "6062080" : 2,
            "6324224" : 1,
            "6389760" : 1,
            "6455296" : 2,
            "6782976" : 1,
            "7110656" : 1,
            "8028160" : 1,
            "8585216" : 2,
            "8716288" : 1,
            "9502720" : 1
          }
        },
        "lat_ns" : {
          "min" : 619,
          "max" : 9536055,
          "mean" : 7051.234922,
          "stddev" : 16063.643115,
          "N" : 18339843,
          "percentile" : {
            "1.000000" : 676,
            "5.000000" : 836,
            "10.000000" : 900,
            "20.000000" : 980,
            "30.000000" : 1080,
            "40.000000" : 4320,
            "50.000000" : 6816,
            "60.000000" : 10048,
            "70.000000" : 10944,
            "80.000000" : 11584,
            "90.000000" : 13376,
            "95.000000" : 14272,
            "99.000000" : 16768,
            "99.500000" : 20096,
            "99.900000" : 39680,
            "99.950000" : 57600,
            "99.990000" : 264192
          },
          "bins" : {
            "620" : 174,
            "628" : 4209,
            "636" : 10681,
            "644" : 13894,
            "652" : 18232,
            "660" : 41549,
            "668" : 63062,
            "676" : 58875,
            "684" : 42765,
            "692" : 30788,
            "700" : 35797,
            "708" : 48630,
            "716" : 54880,
            "724" : 58991,
            "732" : 56633,
            "740" : 53922,
            "748" : 46993,
            "756" : 38812,
            "764" : 37044,
            "772" : 32925,
            "780" : 29047,
            "788" : 25418,
            "796" : 21987,
            "804" : 21860,
            "812" : 20567,
            "820" : 21660,
            "828" : 27491,
            "836" : 40572,
            "844" : 68123,
            "852" : 98468,
            "860" : 128547,
            "868" : 144258,
            "876" : 142794,
            "884" : 148792,
            "892" : 145233,
            "900" : 148834,
            "908" : 154506,
            "916" : 156983,
            "924" : 175478,
            "932" : 183696,
            "940" : 192563,
            "948" : 192448,
            "956" : 180522,
            "964" : 182788,
            "972" : 172641,
            "980" : 166168,
            "988" : 158309,
            "996" : 147390,
            "1004" : 155275,
            "1012" : 157190,
            "1020" : 163369,
            "1032" : 329414,
            "1048" : 323205,
            "1064" : 266396,
            "1080" : 182761,
            "1096" : 117827,
            "1112" : 68062,
            "1128" : 40408,
            "1144" : 22980,
            "1160" : 13264,
            "1176" : 8637,
            "1192" : 6136,
            "1208" : 5131,
            "1224" : 4566,
            "1240" : 3836,
            "1256" : 3463,
            "1272" : 3385,
            "1288" : 3031,
            "1304" : 2838,
            "1320" : 2492,
            "1336" : 2417,
            "1352" : 2219,
            "1368" : 2167,
            "1384" : 2126,
            "1400" : 1990,
            "1416" : 2067,
            "1432" : 1898,
            "1448" : 1873,
            "1464" : 1927,
            "1480" : 1831,
            "1496" : 1933,
            "1512" : 1843,
            "1528" : 1912,
            "1544" : 1809,
            "1560" : 1690,
            "1576" : 1736,
            "1592" : 1553,
            "1608" : 1619,
            "1624" : 1577,
            "1640" : 1468,
            "1656" : 1459,
            "1672" : 1346,
            "1688" : 1264,
            "1704" : 1249,
            "1720" : 1201,
            "1736" : 1116,
            "1752" : 1054,
            "1768" : 1072,
            "1784" : 953,
            "1800" : 913,
            "1816" : 882,
            "1832" : 845,
            "1848" : 863,
            "1864" : 777,
            "1880" : 782,
            "1896" : 763,
            "1912" : 691,
            "1928" : 696,
            "1944" : 741,
            "1960" : 627,
            "1976" : 591,
            "1992" : 572,
            "2008" : 527,
            "2024" : 550,
            "2040" : 537,
            "2064" : 995,
            "2096" : 972,
            "2128" : 839,
            "2160" : 787,
            "2192" : 775,
            "2224" : 712,
            "2256" : 684,
            "2288" : 618,
            "2320" : 583,
            "2352" : 556,
            "2384" : 506,
            "2416" : 493,
            "2448" : 443,
            "2480" : 425,
            "2512" : 385,
            "2544" : 347,
            "2576" : 334,
            "2608" : 280,
            "2640" : 216,
            "2672" : 228,
            "2704" : 191,
            "2736" : 151,
            "2768" : 153,
            "2800" : 139,
            "2832" : 108,
            "2864" : 99,
            "2896" : 85,
            "2928" : 94,
            "2960" : 70,
            "2992" : 74,
            "3024" : 44,
            "3056" : 53,
            "3088" : 52,
            "3120" : 43,
            "3152" : 49,
            "3184" : 43,
            "3216" : 30,
            "3248" : 31,
            "3280" : 28,
            "3312" : 18,
            "3344" : 32,
            "3376" : 26,
            "3408" : 25,
            "3440" : 18,
            "3472" : 27,
            "3504" : 29,
            "3536" : 44,
            "3568" : 84,
            "3600" : 422,
            "3632" : 2000,
            "3664" : 5988,
            "3696" : 13175,
            "3728" : 21701,
            "3760" : 30670,
            "3792" : 39137,
            "3824" : 45950,
            "3856" : 50388,
            "3888" : 51228,
            "3920" : 53983,
            "3952" : 60124,
            "3984" : 70839,
            "4016" : 81040,
            "4048" : 83155,
            "4080" : 78915,
            "4128" : 137160,
            "4192" : 147290,
            "4256" : 201918,
            "4320" : 227043,
            "4384" : 199415,
            "4448" : 143765,
            "4512" : 96539,
            "4576" : 74764,
            "4640" : 69539,
            "4704" : 71395,
            "4768" : 71256,
            "4832" : 61185,
            "4896" : 44152,
            "4960" : 28665,
            "5024" : 14986,
            "5088" : 7366,
            "5152" : 8360,
            "5216" : 21398,
            "5280" : 43924,
            "5344" : 53914,
            "5408" : 43413,
            "5472" : 26503,
            "5536" : 12974,
            "5600" : 5500,
            "5664" : 2731,
            "5728" : 1797,
            "5792" : 1425,
            "5856" : 1128,
            "5920" : 1179,
            "5984" : 1334,
            "6048" : 2823,
            "6112" : 6568,
            "6176" : 12252,
            "6240" : 19913,
            "6304" : 41358,
            "6368" : 79800,
            "6432" : 109049,
            "6496" : 100084,
            "6560" : 76060,
            "6624" : 58897,
            "6688" : 51856,
            "6752" : 51028,
            "6816" : 56228,
            "6880" : 68020,
            "6944" : 83378,
            "7008" : 90911,
            "7072" : 83777,
            "7136" : 69544,
            "7200" : 61617,
            "7264" : 63481,
            "7328" : 66800,
            "7392" : 62297,
            "7456" : 46998,
            "7520" : 30498,
            "7584" : 18173,
            "7648" : 11186,
            "7712" : 7516,
            "7776" : 5969,
            "7840" : 4957,
            "7904" : 4408,
            "7968" : 3703,
            "8032" : 3220,
            "8096" : 3030,
            "8160" : 2805,
            "8256" : 5752,
            "8384" : 6351,
            "8512" : 6858,
            "8640" : 5914,
            "8768" : 4765,
            "8896" : 3769,
            "9024" : 3052,
            "9152" : 4049,
            "9280" : 13530,
            "9408" : 35502,
            "9536" : 60681,
            "9664" : 117591,
            "9792" : 236281,
            "9920" : 341578,
            "10048" : 323252,
            "10176" : 268681,
            "10304" : 216203,
            "10432" : 158369,
            "10560" : 191989,
            "10688" : 279282,
            "10816" : 343200,
            "10944" : 438543,
            "11072" : 482000,
            "11200" : 427635,
            "11328" : 394163,
            "11456" : 316951,
            "11584" : 206425,
            "11712" : 154918,
            "11840" : 154904,
            "11968" : 157693,
            "12096" : 185467,
            "12224" : 205607,
            "12352" : 172517,
            "12480" : 111628,
            "12608" : 75345,
            "12736" : 60294,
            "12864" : 58722,
            "12992" : 72150,
            "13120" : 89672,
            "13248" : 100718,
            "13376" : 121879,
            "13504" : 139065,
            "13632" : 132183,
            "13760" : 142455,
            "13888" : 147302,
            "14016" : 115497,
            "14144" : 86892,
            "14272" : 87856,
            "14400" : 97968,
            "14528" : 111253,
            "14656" : 120893,
            "14784" : 103339,
            "14912" : 69735,
            "15040" : 46232,
            "15168" : 30377,
            "15296" : 24779,
            "15424" : 23174,
            "15552" : 18047,
            "15680" : 12966,
            "15808" : 11062,
            "15936" : 9390,
            "16064" : 8163,
            "16192" : 7586,
            "16320" : 7392,
            "16512" : 13472,
            "16768" : 11596,
            "17024" : 9842,
            "17280" : 9410,
            "17536" : 8543,
            "17792" : 7576,
            "18048" : 6825,
            "18304" : 6471,
            "18560" : 6395,
            "18816" : 6238,
            "19072" : 5997,
            "19328" : 5809,
            "19584" : 5529,
            "19840" : 5567,
            "20096" : 5189,
            "20352" : 4962,
            "20608" : 4625,
            "20864" : 4438,
            "21120" : 4022,
            "21376" : 3575,
            "21632" : 3310,
            "21888" : 2989,
            "22144" : 2802,
            "22400" : 2462,
            "22656" : 2297,
            "22912" : 1909,
            "23168" : 1847,
            "23424" : 1670,
            "23680" : 1484,
            "23936" : 1411,
            "24192" : 1277,
            "24448" : 1292,
            "24704" : 1146,
            "24960" : 1059,
            "25216" : 1033,
            "25472" : 916,
            "25728" : 821,
            "25984" : 736,
            "26240" : 744,
            "26496" : 691,
            "26752" : 598,
            "27008" : 603,
            "27264" : 594,
            "27520" : 496,
            "27776" : 467,
            "28032" : 465,
            "28288" : 478,
            "28544" : 369,
            "28800" : 385,
            "29056" : 359,
            "29312" : 319,
            "29568" : 359,
            "29824" : 313,
            "30080" : 284,
            "30336" : 269,
            "30592" : 274,
            "30848" : 245,
            "31104" : 238,
            "31360" : 212,
            "31616" : 239,
            "31872" : 231,
            "32128" : 234,
            "32384" : 261,
            "32640" : 222,
            "33024" : 438,
            "33536" : 410,
            "34048" : 416,
            "34560" : 419,
            "35072" : 429,
            "35584" : 422,
            "36096" : 439,
            "36608" : 386,
            "37120" : 383,
            "37632" : 425,
            "38144" : 497,
            "38656" : 505,
            "39168" : 498,
            "39680" : 516,
            "40192" : 481,
            "40704" : 491,
            "41216" : 448,
            "41728" : 454,
            "42240" : 414,
            "42752" : 369,
            "43264" : 330,
            "43776" : 375,
            "44288" : 350,
            "44800" : 293,
            "45312" : 287,
            "45824" : 273,
            "46336" : 259,
            "46848" : 265,
            "47360" : 247,
            "47872" : 312,
            "48384" : 249,
            "48896" : 270,
            "49408" : 261,
            "49920" : 240,
            "50432" : 196,
            "50944" : 236,
            "51456" : 238,
            "51968" : 226,
            "52480" : 222,
            "52992" : 186,
            "53504" : 176,
            "54016" : 167,
            "54528" : 160,
            "55040" : 137,
            "55552" : 149,
            "56064" : 146,
            "56576" : 124,
            "57088" : 126,
            "57600" : 153,
            "58112" : 131,
            "58624" : 118,
            "59136" : 135,
            "59648" : 103,
            "60160" : 120,
            "60672" : 110,
            "61184" : 116,
            "61696" : 118,
            "62208" : 120,
            "62720" : 98,
            "63232" : 111,
            "63744" : 104,
            "64256" : 107,
            "64768" : 110,
            "65280" : 92,
            "66048" : 212,
            "67072" : 212,
            "68096" : 200,
            "69120" : 185,
            "70144" : 195,
            "71168" : 166,
            "72192" : 176,
            "73216" : 160,
            "74240" : 200,
            "75264" : 200,
            "76288" : 188,
            "77312" : 187,
            "78336" : 153,
            "79360" : 159,
            "80384" : 124,
            "81408" : 108,
            "82432" : 107,
            "83456" : 76,
            "84480" : 74,
            "85504" : 80,
            "86528" : 80,
            "87552" : 59,
            "88576" : 56,
            "89600" : 63,
            "90624" : 55,
            "91648" : 65,
            "92672" : 50,
            "93696" : 49,
            "94720" : 52,
            "95744" : 44,
            "96768" : 41,
            "97792" : 37,
            "98816" : 34,
            "99840" : 37,
            "100864" : 38,
            "101888" : 36,
            "102912" : 26,
            "103936" : 28,
            "104960" : 41,
            "105984" : 33,
            "107008" : 32,
            "108032" : 36,
            "109056" : 26,
            "110080" : 24,
            "111104" : 32,
            "112128" : 30,
            "113152" : 20,
            "114176" : 29,
            "115200" : 23,
            "116224" : 24,
            "117248" : 15,
            "118272" : 22,
            "119296" : 19,
            "120320" : 10,
            "121344" : 21,
            "122368" : 16,
            "123392" : 12,
            "124416" : 12,
            "125440" : 15,
            "126464" : 15,
            "127488" : 14,
            "128512" : 19,
            "129536" : 19,
            "130560" : 16,
            "132096" : 29,
            "134144" : 29,
            "136192" : 43,
            "138240" : 33,
            "140288" : 24,
            "142336" : 21,
            "144384" : 27,
            "146432" : 18,
            "148480" : 24,
            "150528" : 22,
            "152576" : 26,
            "154624" : 28,
            "156672" : 17,
            "158720" : 22,
            "160768" : 27,
            "162816" : 13,
            "164864" : 23,
            "166912" : 12,
            "168960" : 16,
            "171008" : 17,
            "173056" : 12,
            "175104" : 15,
            "177152" : 9,
            "179200" : 15,
            "181248" : 6,
            "183296" : 12,
            "185344" : 19,
            "187392" : 11,
            "189440" : 13,
            "191488" : 13,
            "193536" : 6,
            "195584" : 11,
            "197632" : 12,
            "199680" : 11,
            "201728" : 9,
            "203776" : 12,
            "205824" : 11,
            "207872" : 9,
            "209920" : 13,
            "211968" : 5,
            "214016" : 12,
            "216064" : 10,
            "218112" : 12,
            "220160" : 13,
            "222208" : 2,
            "224256" : 9,
            "226304" : 14,
            "228352" : 11,
            "230400" : 6,
            "232448" : 7,
            "234496" : 13,
            "236544" : 11,
            "238592" : 9,
            "240640" : 4,
            "242688" : 9,
            "244736" : 7,
            "246784" : 4,
            "248832" : 12,
            "250880" : 7,
            "252928" : 5,
            "254976" : 13,
            "257024" : 6,
            "259072" : 4,
            "261120" : 6,
            "264192" : 14,
            "268288" : 10,
            "272384" : 21,
            "276480" : 23,
            "280576" : 12,
            "284672" : 15,
            "288768" : 14,
            "292864" : 23,
            "296960" : 22,
            "301056" : 24,
            "305152" : 33,
            "309248" : 30,
            "313344" : 27,
            "317440" : 20,
            "321536" : 17,
            "325632" : 26,
            "329728" : 14,
            "333824" : 12,
            "337920" : 10,
            "342016" : 19,
            "346112" : 14,
            "350208" : 14,
            "354304" : 7,
            "358400" : 12,
            "362496" : 8,
            "366592" : 9,
            "370688" : 4,
            "374784" : 8,
            "378880" : 10,
            "382976" : 8,
            "387072" : 5,
            "391168" : 7,
            "395264" : 10,
            "399360" : 11,
            "403456" : 21,
            "407552" : 19,
            "411648" : 13,
            "415744" : 9,
            "419840" : 18,
            "423936" : 12,
            "428032" : 14,
            "432128" : 6,
            "436224" : 13,
            "440320" : 10,
            "444416" : 9,
            "448512" : 3,
            "452608" : 7,
            "456704" : 6,
            "460800" : 3,
            "464896" : 3,
            "468992" : 6,
            "473088" : 3,
            "477184" : 5,
            "481280" : 3,
            "485376" : 3,
            "489472" : 4,
            "493568" : 2,
            "497664" : 14,
            "501760" : 6,
            "505856" : 4,
            "509952" : 3,
            "514048" : 4,
            "518144" : 2,
            "522240" : 6,
            "528384" : 12,
            "536576" : 8,
            "544768" : 8,
            "552960" : 7,
            "561152" : 15,
            "569344" : 7,
            "577536" : 10,
            "585728" : 4,
            "593920" : 13,
            "602112" : 7,
            "610304" : 7,
            "618496" : 11,
            "626688" : 11,
            "634880" : 23,
            "643072" : 11,
            "651264" : 10,
            "659456" : 11,
            "667648" : 12,
            "675840" : 8,
            "684032" : 12,
            "692224" : 6,
            "700416" : 10,
            "708608" : 10,
            "716800" : 10,
            "724992" : 3,
            "733184" : 5,
            "741376" : 14,
            "749568" : 14,
            "757760" : 8,
            "765952" : 4,
            "774144" : 11,
            "782336" : 5,
            "790528" : 12,
            "798720" : 13,
            "806912" : 10,
            "815104" : 16,
            "823296" : 8,
            "831488" : 6,
            "839680" : 11,
            "847872" : 4,
            "856064" : 5,
            "864256" : 10,
            "872448" : 10,
            "880640" : 7,
            "888832" : 5,
            "897024" : 7,
            "905216" : 4,
            "913408" : 10,
            "921600" : 8,
            "929792" : 8,
            "937984" : 6,
            "946176" : 7,
            "954368" : 8,
            "962560" : 2,
            "970752" : 1,
            "978944" : 6,
            "987136" : 3,
            "995328" : 1,
            "1003520" : 5,
            "1011712" : 5,
            "1019904" : 6,
            "1028096" : 2,
            "1036288" : 4,
            "1044480" : 6,
            "1056768" : 13,
            "1073152" : 4,
            "1089536" : 9,
            "1105920" : 8,
            "1122304" : 12,
            "1138688" : 5,
            "1155072" : 5,
            "1171456" : 6,
            "1187840" : 6,
            "1204224" : 3,
            "1220608" : 3,
            "1236992" : 4,
            "1253376" : 8,
            "1269760" : 7,
            "1286144" : 8,
            "1302528" : 5,
            "1318912" : 11,
            "1335296" : 6,
            "1351680" : 10,
            "1368064" : 5,
            "1384448" : 7,
            "1400832" : 6,
            "1417216" : 10,
            "1433600" : 7,
            "1449984" : 4,
            "1466368" : 1,
            "1482752" : 8,
            "1499136" : 5,
            "1515520" : 5,
            "1531904" : 5,
            "1548288" : 8,
            "1564672" : 1,
            "1581056" : 7,
            "1597440" : 8,
            "1613824" : 3,
            "1630208" : 1,
            "1646592" : 3,
            "1662976" : 3,
            "1679360" : 6,
            "1695744" : 6,
            "1712128" : 8,
            "1728512" : 6,
            "1744896" : 5,
            "1761280" : 5,
            "1777664" : 4,
            "1794048" : 4,
            "1810432" : 5,
            "1826816" : 6,
            "1843200" : 4,
            "1859584" : 2,
            "1875968" : 1,
            "1892352" : 1,
            "1908736" : 6,
            "1925120" : 2,
            "1941504" : 3,
            "1957888" : 2,
            "1990656" : 3,
            "2007040" : 3,
            "2023424" : 1,
            "2039808" : 3,
            "2056192" : 4,
            "2072576" : 2,
            "2088960" : 3,
            "2113536" : 5,
            "2146304" : 10,
            "2179072" : 8,
            "2211840" : 4,
            "2244608" : 7,
            "2277376" : 7,
            "2310144" : 7,
            "2342912" : 7,
            "2375680" : 7,
            "2408448" : 10,
            "2441216" : 5,
            "2473984" : 6,
            "2506752" : 10,
            "2539520" : 3,
            "2572288" : 5,
            "2605056" : 2,
            "2637824" : 2,
            "2670592" : 2,
            "2703360" : 4,
            "2736128" : 2,
            "2768896" : 2,
            "2834432" : 2,
            "2867200" : 5,
            "2899968" : 3,
            "2932736" : 2,
            "2965504" : 3,
            "2998272" : 2,
            "3031040" : 4,
            "3063808" : 3,
            "3096576" : 6,
            "3129344" : 2,
            "3162112" : 2,
            "3194880" : 3,
            "3227648" : 9,
            "3260416" : 5,
            "3293184" : 3,
            "3325952" : 3,
            "3358720" : 2,
            "3391488" : 2,
            "3424256" : 5,
            "3457024" : 2,
            "3489792" : 1,
            "3555328" : 1,
            "3588096" : 5,
            "3620864" : 5,
            "3653632" : 3,
            "3686400" : 1,
            "3719168" : 2,
            "3751936" : 1,
            "3817472" : 2,
            "3850240" : 3,
            "3883008" : 1,
            "3915776" : 2,
            "4014080" : 1,
            "4046848" : 4,
            "4079616" : 3,
            "4145152" : 2,
            "4177920" : 3,
            "4227072" : 3,
            "4358144" : 1,
            "4423680" : 1,
            "4489216" : 1,
            "4554752" : 2,
            "4751360" : 2,
            "4882432" : 2,
            "5144576" : 1,
            "5537792" : 1,
            "5603328" : 2,
            "5734400" : 1,
            "5996544" : 1,
            "6062080" : 2,
            "6324224" : 1,
            "6389760" : 1,
            "6455296" : 2,
            "6782976" : 1,
            "7110656" : 1,
            "8028160" : 1,
            "8585216" : 2,
            "8716288" : 1,
            "9502720" : 1
          }
        },
        "bw_min" : 152944,
        "bw_max" : 261080,
        "bw_agg" : 100.000000,
        "bw_mean" : 244611.010017,
        "bw_dev" : 16075.457419,
        "bw_samples" : 599,
        "iops_min" : 38236,
        "iops_max" : 65270,
        "iops_mean" : 61152.757930,
        "iops_stddev" : 4018.866390,
        "iops_samples" : 599
      },
      "write" : {
        "io_bytes" : 75101405184,
        "io_kbytes" : 73341216,
        "bw_bytes" : 250337182,
        "bw" : 244469,
        "iops" : 61117.476275,
        "runtime" : 300001,
        "total_ios" : 18335304,
        "short_ios" : 0,
        "drop_ios" : 0,
        "slat_ns" : {
          "min" : 0,
          "max" : 0,
          "mean" : 0.000000,
          "stddev" : 0.000000,
          "N" : 0
        },
        "clat_ns" : {
          "min" : 860,
          "max" : 5875024,
          "mean" : 3010.129882,
          "stddev" : 5580.950536,
          "N" : 18335304,
          "percentile" : {
            "1.000000" : 1144,
            "5.000000" : 1224,
            "10.000000" : 1272,
            "20.000000" : 1480,
            "30.000000" : 1720,
            "40.000000" : 2128,
            "50.000000" : 2384,
            "60.000000" : 2608,
            "70.000000" : 4384,
            "80.000000" : 4896,
            "90.000000" : 5408,
            "95.000000" : 5856,
            "99.000000" : 6688,
            "99.500000" : 7136,
            "99.900000" : 12352,
            "99.950000" : 19840,
            "99.990000" : 57600
          },
          "bins" : {
            "860" : 7,
            "868" : 562,
            "876" : 4091,
            "884" : 7945,
            "892" : 8666,
            "900" : 14403,
            "908" : 23825,
            "916" : 21069,
            "924" : 10787,
            "932" : 5553,
            "940" : 3995,
            "948" : 2929,
            "956" : 1836,
            "964" : 1195,
            "972" : 720,
            "980" : 634,
            "988" : 1010,
            "996" : 1394,
            "1004" : 1506,
            "1012" : 1399,
            "1020" : 1489,
            "1032" : 3751,
            "1048" : 5599,
            "1064" : 6659,
            "1080" : 4707,
            "1096" : 3874,
            "1112" : 4553,
            "1128" : 10839,
            "1144" : 48304,
            "1160" : 135748,
            "1176" : 206456,
            "1192" : 191521,
            "1208" : 178320,
            "1224" : 170459,
            "1240" : 196464,
            "1256" : 271057,
            "1272" : 298590,
            "1288" : 280270,
            "1304" : 231611,
            "1320" : 171611,
            "1336" : 151005,
            "1352" : 148991,
            "1368" : 156920,
            "1384" : 147336,
            "1400" : 126891,
            "1416" : 112347,
            "1432" : 97782,
            "1448" : 90657,
            "1464" : 80795,
            "1480" : 67219,
            "1496" : 60207,
            "1512" : 52926,
            "1528" : 50044,
            "1544" : 52995,
            "1560" : 64871,
            "1576" : 87937,
            "1592" : 118395,
            "1608" : 161735,
            "1624" : 200717,
            "1640" : 207699,
            "1656" : 197276,
            "1672" : 172628,
            "1688" : 153005,
            "1704" : 133321,
            "1720" : 119313,
            "1736" : 121378,
            "1752" : 118022,
            "1768" : 116319,
            "1784" : 106607,
            "1800" : 90632,
            "1816" : 79589,
            "1832" : 68769,
            "1848" : 64130,
            "1864" : 60538,
            "1880" : 54619,
            "1896" : 51172,
            "1912" : 48033,
            "1928" : 50438,
            "1944" : 53822,
            "1960" : 54781,
            "1976" : 55608,
            "1992" : 51145,
            "2008" : 50087,
            "2024" : 51012,
            "2040" : 53932,
            "2064" : 134307,
            "2096" : 182771,
            "2128" : 233620,
            "2160" : 274100,
            "2192" : 278004,
            "2224" : 246126,
            "2256" : 216156,
            "2288" : 198872,
            "2320" : 199649,
            "2352" : 201365,
            "2384" : 198301,
            "2416" : 203257,
            "2448" : 220964,
            "2480" : 255872,
            "2512" : 297261,
            "2544" : 329454,
            "2576" : 340985,
            "2608" : 316084,
            "2640" : 270893,
            "2672" : 209506,
            "2704" : 144817,
            "2736" : 94007,
            "2768" : 60385,
            "2800" : 42614,
            "2832" : 32355,
            "2864" : 26768,
            "2896" : 23193,
            "2928" : 20077,
            "2960" : 18378,
            "2992" : 16777,
            "3024" : 14995,
            "3056" : 13805,
            "3088" : 12120,
            "3120" : 10309,
            "3152" : 9106,
            "3184" : 8259,
            "3216" : 7170,
            "3248" : 6663,
            "3280" : 6179,
            "3312" : 5995,
            "3344" : 5575,
            "3376" : 5534,
            "3408" : 5496,
            "3440" : 5623,
            "3472" : 5860,
            "3504" : 6245,
            "3536" : 6765,
            "3568" : 6775,
            "3600" : 6740,
            "3632" : 6612,
            "3664" : 6342,
            "3696" : 5985,
            "3728" : 5816,
            "3760" : 5556,
            "3792" : 5408,
            "3824" : 5321,
            "3856" : 5539,
            "3888" : 5675,
            "3920" : 5799,
            "3952" : 6036,
            "3984" : 5862,
            "4016" : 5810,
            "4048" : 5484,
            "4080" : 5563,
            "4128" : 20139,
            "4192" : 58709,
            "4256" : 105808,
            "4320" : 136263,
            "4384" : 165334,
            "4448" : 192661,
            "4512" : 223813,
            "4576" : 243078,
            "4640" : 266631,
            "4704" : 262277,
            "4768" : 222743,
            "4832" : 189565,
            "4896" : 179658,
            "4960" : 202491,
            "5024" : 239579,
            "5088" : 248523,
            "5152" : 234103,
            "5216" : 223772,
            "5280" : 220482,
            "5344" : 225936,
            "5408" : 213290,
            "5472" : 190164,
            "5536" : 175132,
            "5600" : 157011,
            "5664" : 125685,
            "5728" : 99448,
            "5792" : 87827,
            "5856" : 81906,
            "5920" : 80685,
            "5984" : 81591,
            "6048" : 84527,
            "6112" : 84758,
            "6176" : 77725,
            "6240" : 64814,
            "6304" : 46328,
            "6368" : 32904,
            "6432" : 28047,
            "6496" : 28576,
            "6560" : 28696,
            "6624" : 26463,
            "6688" : 25650,
            "6752" : 25765,
            "6816" : 23188,
            "6880" : 16284,
            "6944" : 10077,
            "7008" : 6816,
            "7072" : 5126,
            "7136" : 3824,
            "7200" : 3151,
            "7264" : 2769,
            "7328" : 2312,
            "7392" : 1937,
            "7456" : 1845,
            "7520" : 2009,
            "7584" : 2367,
            "7648" : 2510,
            "7712" : 2391,
            "7776" : 2093,
            "7840" : 2041,
            "7904" : 1776,
            "7968" : 1751,
            "8032" : 1628,
            "8096" : 1612,
            "8160" : 1762,
            "8256" : 4823,
            "8384" : 4783,
            "8512" : 3185,
            "8640" : 2234,
            "8768" : 1608,
            "8896" : 1413,
            "9024" : 1297,
            "9152" : 1217,
            "9280" : 1110,
            "9408" : 1043,
            "9536" : 1031,
            "9664" : 935,
            "9792" : 954,
            "9920" : 905,
            "10048" : 820,
            "10176" : 788,
            "10304" : 737,
            "10432" : 684,
            "10560" : 661,
            "10688" : 596,
            "10816" : 651,
            "10944" : 599,
            "11072" : 586,
            "11200" : 516,
            "11328" : 538,
            "11456" : 478,
            "11584" : 555,
            "11712" : 466,
            "11840" : 478,
            "11968" : 460,
            "12096" : 458,
            "12224" : 380,
            "12352" : 437,
            "12480" : 402,
            "12608" : 371,
            "12736" : 370,
            "12864" : 354,
            "12992" : 317,
            "13120" : 322,
            "13248" : 291,
            "13376" : 294,
            "13504" : 257,
            "13632" : 247,
            "13760" : 225,
            "13888" : 203,
            "14016" : 226,
            "14144" : 209,
            "14272" : 191,
            "14400" : 189,
            "14528" : 202,
            "14656" : 193,
            "14784" : 185,
            "14912" : 169,
            "15040" : 187,
            "15168" : 180,
            "15296" : 129,
            "15424" : 156,
            "15552" : 161,
            "15680" : 143,
            "15808" : 148,
            "15936" : 141,
            "16064" : 124,
            "16192" : 121,
            "16320" : 117,
            "16512" : 217,
            "16768" : 209,
            "17024" : 231,
            "17280" : 189,
            "17536" : 207,
            "17792" : 169,
            "18048" : 146,
            "18304" : 129,
            "18560" : 125,
            "18816" : 118,
            "19072" : 119,
            "19328" : 102,
            "19584" : 104,
            "19840" : 95,
            "20096" : 94,
            "20352" : 81,
            "20608" : 100,
            "20864" : 70,
            "21120" : 98,
            "21376" : 85,
            "21632" : 78,
            "21888" : 78,
            "22144" : 69,
            "22400" : 78,
            "22656" : 78,
            "22912" : 97,
            "23168" : 69,
            "23424" : 73,
            "23680" : 72,
            "23936" : 67,
            "24192" : 64,
            "24448" : 51,
            "24704" : 51,
            "24960" : 54,
            "25216" : 47,
            "25472" : 39,
            "25728" : 47,
            "25984" : 40,
            "26240" : 42,
            "26496" : 48,
            "26752" : 43,
            "27008" : 37,
            "27264" : 23,
            "27520" : 36,
            "27776" : 38,
            "28032" : 32,
            "28288" : 20,
            "28544" : 29,
            "28800" : 46,
            "29056" : 33,
            "29312" : 39,
            "29568" : 39,
            "29824" : 44,
            "30080" : 46,
            "30336" : 61,
            "30592" : 61,
            "30848" : 59,
            "31104" : 75,
            "31360" : 79,
            "31616" : 81,
            "31872" : 94,
            "32128" : 80,
            "32384" : 89,
            "32640" : 108,
            "33024" : 207,
            "33536" : 204,
            "34048" : 194,
            "34560" : 194,
            "35072" : 211,
            "35584" : 216,
            "36096" : 169,
            "36608" : 141,
            "37120" : 120,
            "37632" : 105,
            "38144" : 105,
            "38656" : 91,
            "39168" : 72,
            "39680" : 88,
            "40192" : 69,
            "40704" : 58,
            "41216" : 78,
            "41728" : 72,
            "42240" : 75,
            "42752" : 97,
            "43264" : 103,
            "43776" : 123,
            "44288" : 95,
            "44800" : 98,
            "45312" : 96,
            "45824" : 104,
            "46336" : 79,
            "46848" : 71,
            "47360" : 71,
            "47872" : 55,
            "48384" : 46,
            "48896" : 48,
            "49408" : 31,
            "49920" : 38,
            "50432" : 39,
            "50944" : 43,
            "51456" : 42,
            "51968" : 36,
            "52480" : 45,
            "52992" : 43,
            "53504" : 45,
            "54016" : 43,
            "54528" : 41,
            "55040" : 35,
            "55552" : 26,
            "56064" : 32,
            "56576" : 36,
            "57088" : 32,
            "57600" : 34,
            "58112" : 23,
            "58624" : 36,
            "59136" : 25,
            "59648" : 27,
            "60160" : 19,
            "60672" : 15,
            "61184" : 18,
            "61696" : 12,
            "62208" : 11,
            "62720" : 22,
            "63232" : 33,
            "63744" : 27,
            "64256" : 26,
            "64768" : 27,
            "65280" : 29,
            "66048" : 70,
            "67072" : 82,
            "68096" : 96,
            "69120" : 85,
            "70144" : 60,
            "71168" : 50,
            "72192" : 43,
            "73216" : 43,
            "74240" : 36,
            "75264" : 30,
            "76288" : 27,
            "77312" : 21,
            "78336" : 24,
            "79360" : 23,
            "80384" : 17,
            "81408" : 28,
            "82432" : 20,
            "83456" : 23,
            "84480" : 18,
            "85504" : 14,
            "86528" : 13,
            "87552" : 16,
            "88576" : 10,
            "89600" : 16,
            "90624" : 11,
            "91648" : 9,
            "92672" : 6,
            "93696" : 13,
            "94720" : 6,
            "95744" : 15,
            "96768" : 5,
            "97792" : 8,
            "98816" : 13,
            "99840" : 12,
            "100864" : 7,
            "101888" : 14,
            "102912" : 7,
            "103936" : 6,
            "104960" : 4,
            "105984" : 5,
            "107008" : 7,
            "108032" : 6,
            "109056" : 6,
            "110080" : 8,
            "111104" : 2,
            "112128" : 2,
            "113152" : 5,
            "114176" : 2,
            "115200" : 8,
            "116224" : 6,
            "117248" : 4,
            "118272" : 5,
            "119296" : 5,
            "120320" : 6,
            "121344" : 2,
            "123392" : 7,
            "124416" : 2,
            "125440" : 3,
            "126464" : 3,
            "127488" : 3,
            "128512" : 2,
            "129536" : 1,
            "130560" : 1,
            "132096" : 10,
            "134144" : 3,
            "136192" : 4,
            "138240" : 7,
            "140288" : 7,
            "142336" : 7,
            "144384" : 6,
            "146432" : 5,
            "148480" : 3,
            "150528" : 5,
            "152576" : 4,
            "154624" : 5,
            "156672" : 6,
            "158720" : 1,
            "160768" : 2,
            "162816" : 3,
            "164864" : 4,
            "166912" : 1,
            "168960" : 4,
            "171008" : 1,
            "173056" : 4,
            "175104" : 1,
            "179200" : 4,
            "181248" : 2,
            "183296" : 1,
            "185344" : 2,
            "187392" : 2,
            "191488" : 3,
            "197632" : 5,
            "199680" : 5,
            "201728" : 3,
            "203776" : 1,
            "205824" : 2,
            "207872" : 3,
            "209920" : 2,
            "211968" : 1,
            "214016" : 5,
            "216064" : 3,
            "218112" : 1,
            "220160" : 2,
            "222208" : 2,
            "224256" : 1,
            "228352" : 2,
            "230400" : 3,
            "232448" : 4,
            "234496" : 2,
            "236544" : 2,
            "240640" : 3,
            "242688" : 4,
            "244736" : 1,
            "246784" : 1,
            "248832" : 1,
            "250880" : 1,
            "252928" : 4,
            "254976" : 1,
            "257024" : 1,
            "259072" : 1,
            "261120" : 1,
            "264192" : 4,
            "272384" : 1,
            "276480" : 1,
            "280576" : 2,
            "284672" : 4,
            "288768" : 1,
            "292864" : 1,
            "296960" : 3,
            "301056" : 1,
            "305152" : 5,
            "313344" : 1,
            "321536" : 2,
            "325632" : 2,
            "329728" : 1,
            "333824" : 1,
            "350208" : 3,
            "354304" : 1,
            "362496" : 2,
            "366592" : 1,
            "370688" : 1,
            "374784" : 2,
            "378880" : 1,
            "395264" : 2,
            "399360" : 1,
            "403456" : 1,
            "407552" : 2,
            "415744" : 1,
            "423936" : 2,
            "436224" : 1,
            "440320" : 2,
            "452608" : 1,
            "460800" : 2,
            "468992" : 1,
            "485376" : 1,
            "509952" : 1,
            "514048" : 1,
            "518144" : 1,
            "522240" : 1,
            "528384" : 1,
            "544768" : 1,
            "552960" : 2,
            "561152" : 1,
            "569344" : 2,
            "577536" : 1,
            "610304" : 2,
            "626688" : 1,
            "634880" : 2,
            "659456" : 2,
            "675840" : 2,
            "692224" : 1,
            "733184" : 2,
            "749568" : 1,
            "757760" : 2,
            "774144" : 1,
            "782336" : 3,
            "790528" : 2,
            "798720" : 2,
            "806912" : 1,
            "823296" : 1,
            "831488" : 2,
            "847872" : 2,
            "856064" : 1,
            "872448" : 2,
            "880640" : 2,
            "888832" : 1,
            "905216" : 1,
            "929792" : 1,
            "946176" : 1,
            "954368" : 1,
            "962560" : 1,
            "970752" : 3,
            "987136" : 1,
            "995328" : 2,
            "1003520" : 1,
            "1011712" : 1,
            "1028096" : 1,
            "1036288" : 1,
            "1056768" : 2,
            "1105920" : 1,
            "1122304" : 2,
            "1138688" : 2,
            "1155072" : 1,
            "1187840" : 1,
            "1204224" : 1,
            "1220608" : 2,
            "1236992" : 2,
            "1269760" : 1,
            "1302528" : 2,
            "1318912" : 1,
            "1335296" : 1,
            "1351680" : 2,
            "1384448" : 1,
            "1433600" : 1,
            "1449984" : 1,
            "1466368" : 2,
            "1515520" : 1,
            "1597440" : 2,
            "1646592" : 1,
            "1679360" : 1,
            "1744896" : 2,
            "1794048" : 2,
            "1859584" : 2,
            "1892352" : 1,
            "1957888" : 1,
            "2039808" : 1,
            "2056192" : 1,
            "2211840" : 1,
            "2244608" : 1,
            "2277376" : 1,
            "2310144" : 1,
            "2375680" : 1,
            "2408448" : 2,
            "2441216" : 1,
            "2473984" : 1,
            "2899968" : 2,
            "2932736" : 2,
            "3194880" : 3,
            "3293184" : 3,
            "3424256" : 1,
            "3883008" : 1,
            "4227072" : 2,
            "4358144" : 1,
            "4423680" : 1,
            "4751360" : 1,
            "5275648" : 1,
            "5603328" : 1,
            "5865472" : 1
          }
        },
        "lat_ns" : {
          "min" : 913,
          "max" : 5875124,
          "mean" : 3116.255512,
          "stddev" : 5840.182715,
          "N" : 18335304,
          "percentile" : {
            "1.000000" : 1208,
            "5.000000" : 1288,
            "10.000000" : 1352,
            "20.000000" : 1560,
            "30.000000" : 1800,
            "40.000000" : 2192,
            "50.000000" : 2480,
            "60.000000" : 2672,
            "70.000000" : 4512,
            "80.000000" : 5024,
            "90.000000" : 5536,
            "95.000000" : 5984,
            "99.000000" : 6816,
            "99.500000" : 7328,
            "99.900000" : 12736,
            "99.950000" : 20608,
            "99.990000" : 59136
          },
          "bins" : {
            "916" : 121,
            "924" : 2282,
            "932" : 7497,
            "940" : 14199,
            "948" : 21389,
            "956" : 22817,
            "964" : 16199,
            "972" : 8359,
            "980" : 5027,
            "988" : 3430,
            "996" : 2372,
            "1004" : 1862,
            "1012" : 1240,
            "1020" : 730,
            "1032" : 1357,
            "1048" : 2665,
            "1064" : 3045,
            "1080" : 3452,
            "1096" : 4935,
            "1112" : 6389,
            "1128" : 5421,
            "1144" : 3958,
            "1160" : 4225,
            "1176" : 6500,
            "1192" : 18160,
            "1208" : 70122,
            "1224" : 157305,
            "1240" : 187031,
            "1256" : 179502,
            "1272" : 150239,
            "1288" : 141821,
            "1304" : 164514,
            "1320" : 217779,
            "1336" : 270996,
            "1352" : 269810,
            "1368" : 252743,
            "1384" : 210290,
            "1400" : 171591,
            "1416" : 162082,
            "1432" : 150180,
            "1448" : 140142,
            "1464" : 122306,
            "1480" : 104161,
            "1496" : 94746,
            "1512" : 83003,
            "1528" : 74671,
            "1544" : 66394,
            "1560" : 59713,
            "1576" : 59221,
            "1592" : 57457,
            "1608" : 61400,
            "1624" : 75889,
            "1640" : 99419,
            "1656" : 134015,
            "1672" : 167150,
            "1688" : 205436,
            "1704" : 209801,
            "1720" : 185032,
            "1736" : 166513,
            "1752" : 137629,
            "1768" : 121362,
            "1784" : 112212,
            "1800" : 110505,
            "1816" : 113031,
            "1832" : 108796,
            "1848" : 104678,
            "1864" : 95227,
            "1880" : 82890,
            "1896" : 77165,
            "1912" : 68470,
            "1928" : 64110,
            "1944" : 58893,
            "1960" : 52958,
            "1976" : 52684,
            "1992" : 53363,
            "2008" : 56409,
            "2024" : 56373,
            "2040" : 51648,
            "2064" : 92036,
            "2096" : 94448,
            "2128" : 122820,
            "2160" : 168314,
            "2192" : 219773,
            "2224" : 254447,
            "2256" : 254730,
            "2288" : 223429,
            "2320" : 197335,
            "2352" : 190046,
            "2384" : 199390,
            "2416" : 211530,
            "2448" : 207305,
            "2480" : 202570,
            "2512" : 218898,
            "2544" : 251962,
            "2576" : 293461,
            "2608" : 323087,
            "2640" : 340470,
            "2672" : 330277,
            "2704" : 288471,
            "2736" : 224954,
            "2768" : 151905,
            "2800" : 97016,
            "2832" : 62969,
            "2864" : 43870,
            "2896" : 33945,
            "2928" : 27395,
            "2960" : 23166,
            "2992" : 20188,
            "3024" : 18554,
            "3056" : 17215,
            "3088" : 15263,
            "3120" : 13860,
            "3152" : 12302,
            "3184" : 10701,
            "3216" : 9258,
            "3248" : 8287,
            "3280" : 7337,
            "3312" : 6796,
            "3344" : 6260,
            "3376" : 5897,
            "3408" : 5461,
            "3440" : 5425,
            "3472" : 5266,
            "3504" : 5276,
            "3536" : 5699,
            "3568" : 5934,
            "3600" : 6323,
            "3632" : 6546,
            "3664" : 6423,
            "3696" : 6440,
            "3728" : 5970,
            "3760" : 5946,
            "3792" : 5851,
            "3824" : 5579,
            "3856" : 5598,
            "3888" : 5530,
            "3920" : 5260,
            "3952" : 5638,
            "3984" : 5940,
            "4016" : 6131,
            "4048" : 6061,
            "4080" : 5885,
            "4128" : 10781,
            "4192" : 13725,
            "4256" : 41954,
            "4320" : 97109,
            "4384" : 133550,
            "4448" : 155771,
            "4512" : 186142,
            "4576" : 230404,
            "4640" : 257306,
            "4704" : 264696,
            "4768" : 266942,
            "4832" : 237892,
            "4896" : 197443,
            "4960" : 178555,
            "5024" : 186597,
            "5088" : 230003,
            "5152" : 260997,
            "5216" : 250874,
            "5280" : 241966,
            "5344" : 232303,
            "5408" : 229633,
            "5472" : 222349,
            "5536" : 198670,
            "5600" : 185923,
            "5664" : 169681,
            "5728" : 142957,
            "5792" : 112632,
            "5856" : 93119,
            "5920" : 85809,
            "5984" : 83219,
            "6048" : 83814,
            "6112" : 84952,
            "6176" : 82971,
            "6240" : 80608,
            "6304" : 70692,
            "6368" : 55325,
            "6432" : 38754,
            "6496" : 29280,
            "6560" : 28147,
            "6624" : 28374,
            "6688" : 27165,
            "6752" : 25848,
            "6816" : 25617,
            "6880" : 25032,
            "6944" : 20459,
            "7008" : 13553,
            "7072" : 8648,
            "7136" : 6120,
            "7200" : 4676,
            "7264" : 3592,
            "7328" : 3086,
            "7392" : 2623,
            "7456" : 2258,
            "7520" : 2042,
            "7584" : 2098,
            "7648" : 2374,
            "7712" : 2660,
            "7776" : 2597,
            "7840" : 2444,
            "7904" : 2185,
            "7968" : 1969,
            "8032" : 1880,
            "8096" : 1876,
            "8160" : 1821,
            "8256" : 4297,
            "8384" : 5562,
            "8512" : 4099,
            "8640" : 2916,
            "8768" : 2113,
            "8896" : 1776,
            "9024" : 1503,
            "9152" : 1413,
            "9280" : 1382,
            "9408" : 1227,
            "9536" : 1179,
            "9664" : 1120,
            "9792" : 1046,
            "9920" : 1028,
            "10048" : 946,
            "10176" : 941,
            "10304" : 840,
            "10432" : 808,
            "10560" : 767,
            "10688" : 739,
            "10816" : 712,
            "10944" : 628,
            "11072" : 652,
            "11200" : 598,
            "11328" : 600,
            "11456" : 521,
            "11584" : 537,
            "11712" : 551,
            "11840" : 520,
            "11968" : 499,
            "12096" : 493,
            "12224" : 466,
            "12352" : 426,
            "12480" : 444,
            "12608" : 413,
            "12736" : 405,
            "12864" : 399,
            "12992" : 348,
            "13120" : 332,
            "13248" : 326,
            "13376" : 311,
            "13504" : 309,
            "13632" : 274,
            "13760" : 270,
            "13888" : 230,
            "14016" : 213,
            "14144" : 250,
            "14272" : 219,
            "14400" : 193,
            "14528" : 211,
            "14656" : 195,
            "14784" : 202,
            "14912" : 192,
            "15040" : 194,
            "15168" : 193,
            "15296" : 169,
            "15424" : 157,
            "15552" : 159,
            "15680" : 175,
            "15808" : 135,
            "15936" : 160,
            "16064" : 136,
            "16192" : 142,
            "16320" : 127,
            "16512" : 246,
            "16768" : 219,
            "17024" : 224,
            "17280" : 206,
            "17536" : 210,
            "17792" : 185,
            "18048" : 178,
            "18304" : 136,
            "18560" : 135,
            "18816" : 128,
            "19072" : 122,
            "19328" : 107,
            "19584" : 105,
            "19840" : 101,
            "20096" : 100,
            "20352" : 88,
            "20608" : 98,
            "20864" : 67,
            "21120" : 104,
            "21376" : 90,
            "21632" : 86,
            "21888" : 80,
            "22144" : 82,
            "22400" : 82,
            "22656" : 76,
            "22912" : 94,
            "23168" : 95,
            "23424" : 64,
            "23680" : 78,
            "23936" : 76,
            "24192" : 65,
            "24448" : 61,
            "24704" : 50,
            "24960" : 59,
            "25216" : 49,
            "25472" : 45,
            "25728" : 45,
            "25984" : 46,
            "26240" : 39,
            "26496" : 47,
            "26752" : 50,
            "27008" : 41,
            "27264" : 34,
            "27520" : 21,
            "27776" : 41,
            "28032" : 46,
            "28288" : 19,
            "28544" : 25,
            "28800" : 52,
            "29056" : 35,
            "29312" : 34,
            "29568" : 43,
            "29824" : 46,
            "30080" : 48,
            "30336" : 56,
            "30592" : 59,
            "30848" : 61,
            "31104" : 72,
            "31360" : 86,
            "31616" : 76,
            "31872" : 84,
            "32128" : 90,
            "32384" : 84,
            "32640" : 106,
            "33024" : 217,
            "33536" : 209,
            "34048" : 209,
            "34560" : 198,
            "35072" : 205,
            "35584" : 239,
            "36096" : 183,
            "36608" : 137,
            "37120" : 149,
            "37632" : 99,
            "38144" : 107,
            "38656" : 96,
            "39168" : 83,
            "39680" : 91,
            "40192" : 73,
            "40704" : 63,
            "41216" : 75,
            "41728" : 83,
            "42240" : 80,
            "42752" : 91,
            "43264" : 100,
            "43776" : 114,
            "44288" : 117,
            "44800" : 98,
            "45312" : 99,
            "45824" : 106,
            "46336" : 79,
            "46848" : 78,
            "47360" : 72,
            "47872" : 58,
            "48384" : 53,
            "48896" : 46,
            "49408" : 37,
            "49920" : 38,
            "50432" : 41,
            "50944" : 46,
            "51456" : 36,
            "51968" : 54,
            "52480" : 42,
            "52992" : 39,
            "53504" : 50,
            "54016" : 42,
            "54528" : 42,
            "55040" : 42,
            "55552" : 26,
            "56064" : 34,
            "56576" : 36,
            "57088" : 34,
            "57600" : 27,
            "58112" : 31,
            "58624" : 31,
            "59136" : 26,
            "59648" : 33,
            "60160" : 17,
            "60672" : 18,
            "61184" : 14,
            "61696" : 14,
            "62208" : 13,
            "62720" : 18,
            "63232" : 31,
            "63744" : 32,
            "64256" : 28,
            "64768" : 22,
            "65280" : 23,
            "66048" : 78,
            "67072" : 78,
            "68096" : 103,
            "69120" : 92,
            "70144" : 66,
            "71168" : 51,
            "72192" : 48,
            "73216" : 44,
            "74240" : 42,
            "75264" : 30,
            "76288" : 25,
            "77312" : 23,
            "78336" : 25,
            "79360" : 21,
            "80384" : 19,
            "81408" : 29,
            "82432" : 23,
            "83456" : 20,
            "84480" : 20,
            "85504" : 14,
            "86528" : 17,
            "87552" : 15,
            "88576" : 12,
            "89600" : 16,
            "90624" : 11,
            "91648" : 11,
            "92672" : 4,
            "93696" : 16,
            "94720" : 8,
            "95744" : 14,
            "96768" : 5,
            "97792" : 9,
            "98816" : 13,
            "99840" : 11,
            "100864" : 6,
            "101888" : 16,
            "102912" : 8,
            "103936" : 5,
            "104960" : 6,
            "105984" : 4,
            "107008" : 10,
            "108032" : 5,
            "109056" : 8,
            "110080" : 8,
            "111104" : 3,
            "112128" : 1,
            "113152" : 6,
            "114176" : 2,
            "115200" : 8,
            "116224" : 5,
            "117248" : 5,
            "118272" : 6,
            "119296" : 6,
            "120320" : 6,
            "121344" : 2,
            "123392" : 7,
            "124416" : 2,
            "125440" : 3,
            "126464" : 4,
            "127488" : 3,
            "129536" : 2,
            "130560" : 1,
            "132096" : 11,
            "134144" : 3,
            "136192" : 5,
            "138240" : 6,
            "140288" : 8,
            "142336" : 7,
            "144384" : 6,
            "146432" : 4,
            "148480" : 4,
            "150528" : 5,
            "152576" : 5,
            "154624" : 4,
            "156672" : 8,
            "158720" : 1,
            "160768" : 2,
            "162816" : 3,
            "164864" : 4,
            "166912" : 1,
            "168960" : 6,
            "171008" : 1,
            "173056" : 4,
            "175104" : 1,
            "177152" : 1,
            "179200" : 4,
            "181248" : 2,
            "183296" : 1,
            "185344" : 3,
            "187392" : 2,
            "191488" : 2,
            "195584" : 1,
            "197632" : 4,
            "199680" : 6,
            "201728" : 2,
            "203776" : 1,
            "205824" : 2,
            "207872" : 4,
            "209920" : 2,
            "211968" : 1,
            "214016" : 5,
            "216064" : 2,
            "218112" : 1,
            "220160" : 3,
            "222208" : 1,
            "224256" : 2,
            "228352" : 2,
            "230400" : 1,
            "232448" : 5,
            "234496" : 4,
            "236544" : 1,
            "238592" : 1,
            "240640" : 3,
            "242688" : 4,
            "244736" : 1,
            "246784" : 1,
            "248832" : 1,
            "250880" : 1,
            "252928" : 3,
            "254976" : 1,
            "257024" : 2,
            "259072" : 1,
            "261120" : 1,
            "264192" : 4,
            "272384" : 1,
            "276480" : 1,
            "280576" : 2,
            "284672" : 4,
            "288768" : 1,
            "292864" : 1,
            "296960" : 3,
            "301056" : 1,
            "305152" : 5,
            "313344" : 1,
            "321536" : 3,
            "325632" : 2,
            "329728" : 1,
            "333824" : 1,
            "350208" : 3,
            "354304" : 1,
            "362496" : 2,
            "366592" : 1,
            "370688" : 1,
            "374784" : 1,
            "378880" : 2,
            "395264" : 3,
            "399360" : 1,
            "403456" : 1,
            "407552" : 2,
            "415744" : 1,
            "423936" : 2,
            "440320" : 3,
            "452608" : 1,
            "460800" : 2,
            "468992" : 1,
            "485376" : 1,
            "514048" : 2,
            "518144" : 1,
            "522240" : 1,
            "528384" : 1,
            "544768" : 1,
            "552960" : 2,
            "561152" : 1,
            "569344" : 2,
            "577536" : 1,
            "610304" : 2,
            "626688" : 1,
            "634880" : 2,
            "659456" : 2,
            "675840" : 2,
            "692224" : 1,
            "733184" : 2,
            "749568" : 1,
            "757760" : 2,
            "774144" : 2,
            "782336" : 3,
            "790528" : 2,
            "798720" : 2,
            "806912" : 1,
            "815104" : 1,
            "823296" : 1,
            "831488" : 2,
            "847872" : 2,
            "856064" : 1,
            "872448" : 2,
            "880640" : 2,
            "888832" : 1,
            "905216" : 1,
            "929792" : 1,
            "946176" : 1,
            "954368" : 1,
            "962560" : 1,
            "970752" : 3,
            "987136" : 1,
            "995328" : 2,
            "1003520" : 1,
            "1011712" : 1,
            "1028096" : 1,
            "1036288" : 1,
            "1056768" : 2,
            "1089536" : 1,
            "1105920" : 1,
            "1122304" : 2,
            "1138688" : 2,
            "1155072" : 1,
            "1187840" : 1,
            "1204224" : 1,
            "1220608" : 2,
            "1236992" : 2,
            "1269760" : 2,
            "1302528" : 2,
            "1318912" : 1,
            "1335296" : 1,
            "1351680" : 2,
            "1384448" : 1,
            "1433600" : 1,
            "1449984" : 2,
            "1466368" : 2,
            "1515520" : 1,
            "1597440" : 2,
            "1646592" : 1,
            "1679360" : 1,
            "1744896" : 2,
            "1794048" : 2,
            "1859584" : 2,
            "1892352" : 1,
            "1925120" : 1,
            "1957888" : 1,
            "2039808" : 1,
            "2056192" : 1,
            "2211840" : 1,
            "2244608" : 1,
            "2277376" : 1,
            "2310144" : 1,
            "2375680" : 1,
            "2408448" : 2,
            "2441216" : 1,
            "2473984" : 1,
            "2899968" : 2,
            "2932736" : 2,
            "3063808" : 1,
            "3194880" : 3,
            "3293184" : 4,
            "3424256" : 1,
            "3883008" : 1,
            "4227072" : 2,
            "4358144" : 1,
            "4423680" : 1,
            "4685824" : 1,
            "4751360" : 1,
            "5275648" : 1,
            "5603328" : 1,
            "5865472" : 1
          }
        },
        "bw_min" : 152504,
        "bw_max" : 258280,
        "bw_agg" : 100.000000,
        "bw_mean" : 244550.100167,
        "bw_dev" : 16157.776771,
        "bw_samples" : 599,
        "iops_min" : 38126,
        "iops_max" : 64570,
        "iops_mean" : 61137.534224,
        "iops_stddev" : 4039.453075,
        "iops_samples" : 599
      },
      "trim" : {
        "io_bytes" : 0,
        "io_kbytes" : 0,
        "bw_bytes" : 0,
        "bw" : 0,
        "iops" : 0.000000,
        "runtime" : 0,
        "total_ios" : 0,
        "short_ios" : 0,
        "drop_ios" : 0,
        "slat_ns" : {
          "min" : 0,
          "max" : 0,
          "mean" : 0.000000,
          "stddev" : 0.000000,
          "N" : 0
        },
        "clat_ns" : {
          "min" : 0,
          "max" : 0,
          "mean" : 0.000000,
          "stddev" : 0.000000,
          "N" : 0
        },
        "lat_ns" : {
          "min" : 0,
          "max" : 0,
          "mean" : 0.000000,
          "stddev" : 0.000000,
          "N" : 0
        },
        "bw_min" : 0,
        "bw_max" : 0,
        "bw_agg" : 0.000000,
        "bw_mean" : 0.000000,
        "bw_dev" : 0.000000,
        "bw_samples" : 0,
        "iops_min" : 0,
        "iops_max" : 0,
        "iops_mean" : 0.000000,
        "iops_stddev" : 0.000000,
        "iops_samples" : 0
      },
      "sync" : {
        "total_ios" : 0,
        "lat_ns" : {
          "min" : 0,
          "max" : 0,
          "mean" : 0.000000,
          "stddev" : 0.000000,
          "N" : 0
        }
      },
      "job_runtime" : 300000,
      "usr_cpu" : 13.137000,
      "sys_cpu" : 69.811333,
      "ctx" : 11917475,
      "majf" : 0,
      "minf" : 21,
      "iodepth_level" : {
        "1" : 100.000000,
        "2" : 0.000000,
        "4" : 0.000000,
        "8" : 0.000000,
        "16" : 0.000000,
        "32" : 0.000000,
        ">=64" : 0.000000
      },
      "iodepth_submit" : {
        "0" : 0.000000,
        "4" : 100.000000,
        "8" : 0.000000,
        "16" : 0.000000,
        "32" : 0.000000,
        "64" : 0.000000,
        ">=64" : 0.000000
      },
      "iodepth_complete" : {
        "0" : 0.000000,
        "4" : 100.000000,
        "8" : 0.000000,
        "16" : 0.000000,
        "32" : 0.000000,
        "64" : 0.000000,
        ">=64" : 0.000000
      },
      "latency_ns" : {
        "2" : 0.000000,
        "4" : 0.000000,
        "10" : 0.000000,
        "20" : 0.000000,
        "50" : 0.000000,
        "100" : 0.000000,
        "250" : 0.000000,
        "500" : 0.000000,
        "750" : 2.170614,
        "1000" : 13.347238
      },
      "latency_us" : {
        "2" : 19.530258,
        "4" : 17.126966,
        "10" : 27.749792,
        "20" : 19.811997,
        "50" : 0.224959,
        "100" : 0.027430,
        "250" : 0.010000,
        "500" : 0.010000,
        "750" : 0.010000,
        "1000" : 0.010000
      },
      "latency_ms" : {
        "2" : 0.010000,
        "4" : 0.010000,
        "10" : 0.010000,
        "20" : 0.000000,
        "50" : 0.000000,
        "100" : 0.000000,
        "250" : 0.000000,
        "500" : 0.000000,
        "750" : 0.000000,
        "1000" : 0.000000,
        "2000" : 0.000000,
        ">=2000" : 0.000000
      },
      "latency_depth" : 1,
      "latency_target" : 0,
      "latency_percentile" : 100.000000,
      "latency_window" : 0
    }
  ],
  "disk_util" : [
    {
      "name" : "loop25",
      "read_ios" : 9790911,
      "write_ios" : 18180047,
      "read_merges" : 0,
      "write_merges" : 0,
      "read_ticks" : 68796,
      "write_ticks" : 148120,
      "in_queue" : 80,
      "util" : 99.934312
    }
  ]
}
