{
  "fio version" : "fio-3.32-36-g5932",
  "timestamp" : 1663456455,
  "timestamp_ms" : 1663456455621,
  "time" : "Sun Sep 18 01:14:15 2022",
  "global options" : {
    "size" : "64K",
    "rw" : "randrw",
    "bs" : "4K",
    "numjobs" : "1",
    "iodepth" : "1",
    "runtime" : "300",
    "end_fsync" : "1",
    "lat_percentiles" : "1",
    "slat_percentiles" : "1",
    "clat_percentiles" : "1"
  },
  "jobs" : [
    {
      "jobname" : "random-rw",
      "groupid" : 0,
      "error" : 0,
      "eta" : 0,
      "elapsed" : 301,
      "job options" : {
        "name" : "random-rw"
      },
      "read" : {
        "io_bytes" : 74510278656,
        "io_kbytes" : 72763944,
        "bw_bytes" : 248366767,
        "bw" : 242545,
        "iops" : 60636.417879,
        "runtime" : 300001,
        "total_ios" : 18190986,
        "short_ios" : 0,
        "drop_ios" : 0,
        "slat_ns" : {
          "min" : 0,
          "max" : 0,
          "mean" : 0.000000,
          "stddev" : 0.000000,
          "N" : 0
        },
        "clat_ns" : {
          "min" : 581,
          "max" : 6569286,
          "mean" : 10400.626732,
          "stddev" : 6842.575920,
          "N" : 18190986,
          "percentile" : {
            "1.000000" : 6048,
            "5.000000" : 9152,
            "10.000000" : 9408,
            "20.000000" : 9536,
            "30.000000" : 9792,
            "40.000000" : 10176,
            "50.000000" : 10432,
            "60.000000" : 10560,
            "70.000000" : 10688,
            "80.000000" : 11200,
            "90.000000" : 11456,
            "95.000000" : 11968,
            "99.000000" : 16320,
            "99.500000" : 19840,
            "99.900000" : 27008,
            "99.950000" : 35072,
            "99.990000" : 117248
          },
          "bins" : {
            "580" : 6,
            "588" : 48,
            "596" : 90,
            "604" : 679,
            "612" : 2591,
            "620" : 3994,
            "628" : 4097,
            "636" : 3969,
            "644" : 3879,
            "652" : 3100,
            "660" : 3133,
            "668" : 3510,
            "676" : 3428,
            "684" : 3403,
            "692" : 3162,
            "700" : 3433,
            "708" : 4194,
            "716" : 4668,
            "724" : 5283,
            "732" : 4668,
            "740" : 4542,
            "748" : 4351,
            "756" : 4312,
            "764" : 4454,
            "772" : 4076,
            "780" : 3684,
            "788" : 3586,
            "796" : 3144,
            "804" : 3083,
            "812" : 2819,
            "820" : 2479,
            "828" : 1940,
            "836" : 1577,
            "844" : 1416,
            "852" : 1269,
            "860" : 1112,
            "868" : 977,
            "876" : 885,
            "884" : 863,
            "892" : 795,
            "900" : 772,
            "908" : 631,
            "916" : 582,
            "924" : 642,
            "932" : 501,
            "940" : 485,
            "948" : 414,
            "956" : 373,
            "964" : 355,
            "972" : 331,
            "980" : 338,
            "988" : 321,
            "996" : 290,
            "1004" : 318,
            "1012" : 312,
            "1020" : 328,
            "1032" : 700,
            "1048" : 764,
            "1064" : 701,
            "1080" : 625,
            "1096" : 595,
            "1112" : 548,
            "1128" : 508,
            "1144" : 471,
            "1160" : 401,
            "1176" : 376,
            "1192" : 268,
            "1208" : 261,
            "1224" : 192,
            "1240" : 145,
            "1256" : 146,
            "1272" : 131,
            "1288" : 104,
            "1304" : 95,
            "1320" : 90,
            "1336" : 75,
            "1352" : 81,
            "1368" : 74,
            "1384" : 77,
            "1400" : 62,
            "1416" : 62,
            "1432" : 56,
            "1448" : 53,
            "1464" : 52,
            "1480" : 37,
            "1496" : 57,
            "1512" : 48,
            "1528" : 52,
            "1544" : 43,
            "1560" : 32,
            "1576" : 33,
            "1592" : 46,
            "1608" : 45,
            "1624" : 41,
            "1640" : 29,
            "1656" : 25,
            "1672" : 23,
            "1688" : 28,
            "1704" : 23,
            "1720" : 18,
            "1736" : 23,
            "1752" : 27,
            "1768" : 16,
            "1784" : 22,
            "1800" : 13,
            "1816" : 22,
            "1832" : 15,
            "1848" : 16,
            "1864" : 15,
            "1880" : 16,
            "1896" : 18,
            "1912" : 17,
            "1928" : 11,
            "1944" : 11,
            "1960" : 7,
            "1976" : 13,
            "1992" : 13,
            "2008" : 13,
            "2024" : 9,
            "2040" : 11,
            "2064" : 9,
            "2096" : 10,
            "2128" : 12,
            "2160" : 10,
            "2192" : 13,
            "2224" : 7,
            "2256" : 9,
            "2288" : 8,
            "2320" : 6,
            "2352" : 11,
            "2384" : 9,
            "2416" : 11,
            "2448" : 7,
            "2480" : 7,
            "2512" : 7,
            "2544" : 7,
            "2576" : 5,
            "2608" : 3,
            "2640" : 7,
            "2672" : 7,
            "2704" : 6,
            "2736" : 6,
            "2768" : 5,
            "2800" : 3,
            "2832" : 4,
            "2864" : 4,
            "2896" : 2,
            "2928" : 2,
            "2960" : 2,
            "2992" : 1,
            "3024" : 2,
            "3056" : 2,
            "3088" : 1,
            "3152" : 1,
            "3184" : 5,
            "3280" : 2,
            "3376" : 1,
            "3440" : 1,
            "3472" : 2,
            "3504" : 2,
            "3568" : 2,
            "3600" : 3,
            "3632" : 3,
            "3664" : 2,
            "3696" : 2,
            "3760" : 2,
            "3792" : 2,
            "3824" : 1,
            "3856" : 1,
            "3888" : 4,
            "3952" : 2,
            "3984" : 1,
            "4016" : 2,
            "4048" : 3,
            "4128" : 2,
            "4192" : 3,
            "4256" : 4,
            "4320" : 1,
            "4448" : 2,
            "4512" : 1,
            "4576" : 4,
            "4640" : 1,
            "4704" : 3,
            "4768" : 1,
            "4832" : 3,
            "4896" : 1,
            "4960" : 1,
            "5024" : 1,
            "5152" : 1,
            "5344" : 1,
            "5408" : 1,
            "5472" : 2,
            "5536" : 1,
            "5728" : 7,
            "5792" : 14,
            "5856" : 311,
            "5920" : 7387,
            "5984" : 44588,
            "6048" : 80522,
            "6112" : 56854,
            "6176" : 37216,
            "6240" : 56763,
            "6304" : 61939,
            "6368" : 40045,
            "6432" : 23030,
            "6496" : 14792,
            "6560" : 9688,
            "6624" : 7478,
            "6688" : 5447,
            "6752" : 2889,
            "6816" : 1350,
            "6880" : 2052,
            "6944" : 5151,
            "7008" : 6874,
            "7072" : 5356,
            "7136" : 6451,
            "7200" : 9751,
            "7264" : 9931,
            "7328" : 8598,
            "7392" : 8516,
            "7456" : 9577,
            "7520" : 10204,
            "7584" : 9135,
            "7648" : 6224,
            "7712" : 3444,
            "7776" : 1672,
            "7840" : 886,
            "7904" : 506,
            "7968" : 325,
            "8032" : 236,
            "8096" : 238,
            "8160" : 182,
            "8256" : 395,
            "8384" : 454,
            "8512" : 443,
            "8640" : 486,
            "8768" : 472,
            "8896" : 2193,
            "9024" : 40033,
            "9152" : 272575,
            "9280" : 688449,
            "9408" : 1110445,
            "9536" : 1276752,
            "9664" : 1173088,
            "9792" : 952475,
            "9920" : 665261,
            "10048" : 404160,
            "10176" : 558198,
            "10304" : 1158129,
            "10432" : 1385762,
            "10560" : 1322499,
            "10688" : 1190281,
            "10816" : 777003,
            "10944" : 453277,
            "11072" : 428723,
            "11200" : 530589,
            "11328" : 652053,
            "11456" : 647258,
            "11584" : 450781,
            "11712" : 286631,
            "11840" : 160653,
            "11968" : 91325,
            "12096" : 87036,
            "12224" : 92973,
            "12352" : 95272,
            "12480" : 87082,
            "12608" : 55516,
            "12736" : 28984,
            "12864" : 17799,
            "12992" : 13815,
            "13120" : 12116,
            "13248" : 10590,
            "13376" : 9523,
            "13504" : 9165,
            "13632" : 8331,
            "13760" : 7878,
            "13888" : 7480,
            "14016" : 7353,
            "14144" : 7115,
            "14272" : 6724,
            "14400" : 6456,
            "14528" : 6079,
            "14656" : 5890,
            "14784" : 5784,
            "14912" : 5736,
            "15040" : 5368,
            "15168" : 5310,
            "15296" : 5040,
            "15424" : 4723,
            "15552" : 4659,
            "15680" : 4541,
            "15808" : 4247,
            "15936" : 4270,
            "16064" : 4199,
            "16192" : 4071,
            "16320" : 3963,
            "16512" : 7512,
            "16768" : 7240,
            "17024" : 6827,
            "17280" : 6761,
            "17536" : 6528,
            "17792" : 6462,
            "18048" : 6185,
            "18304" : 6228,
            "18560" : 6234,
            "18816" : 6217,
            "19072" : 6316,
            "19328" : 6251,
            "19584" : 6064,
            "19840" : 6032,
            "20096" : 5633,
            "20352" : 5293,
            "20608" : 4821,
            "20864" : 4497,
            "21120" : 4176,
            "21376" : 4009,
            "21632" : 3799,
            "21888" : 3520,
            "22144" : 3408,
            "22400" : 3105,
            "22656" : 2941,
            "22912" : 2711,
            "23168" : 2508,
            "23424" : 2465,
            "23680" : 2230,
            "23936" : 1950,
            "24192" : 1909,
            "24448" : 1801,
            "24704" : 1607,
            "24960" : 1516,
            "25216" : 1391,
            "25472" : 1292,
            "25728" : 1196,
            "25984" : 1072,
            "26240" : 1021,
            "26496" : 916,
            "26752" : 803,
            "27008" : 739,
            "27264" : 691,
            "27520" : 593,
            "27776" : 550,
            "28032" : 518,
            "28288" : 427,
            "28544" : 410,
            "28800" : 412,
            "29056" : 339,
            "29312" : 323,
            "29568" : 267,
            "29824" : 282,
            "30080" : 281,
            "30336" : 277,
            "30592" : 232,
            "30848" : 227,
            "31104" : 219,
            "31360" : 215,
            "31616" : 201,
            "31872" : 186,
            "32128" : 187,
            "32384" : 164,
            "32640" : 172,
            "33024" : 340,
            "33536" : 292,
            "34048" : 248,
            "34560" : 274,
            "35072" : 266,
            "35584" : 246,
            "36096" : 217,
            "36608" : 220,
            "37120" : 190,
            "37632" : 201,
            "38144" : 179,
            "38656" : 169,
            "39168" : 180,
            "39680" : 197,
            "40192" : 176,
            "40704" : 150,
            "41216" : 157,
            "41728" : 129,
            "42240" : 127,
            "42752" : 122,
            "43264" : 118,
            "43776" : 97,
            "44288" : 97,
            "44800" : 118,
            "45312" : 89,
            "45824" : 127,
            "46336" : 102,
            "46848" : 99,
            "47360" : 95,
            "47872" : 81,
            "48384" : 66,
            "48896" : 86,
            "49408" : 77,
            "49920" : 69,
            "50432" : 69,
            "50944" : 65,
            "51456" : 72,
            "51968" : 57,
            "52480" : 55,
            "52992" : 43,
            "53504" : 62,
            "54016" : 49,
            "54528" : 51,
            "55040" : 34,
            "55552" : 41,
            "56064" : 50,
            "56576" : 57,
            "57088" : 41,
            "57600" : 51,
            "58112" : 61,
            "58624" : 52,
            "59136" : 70,
            "59648" : 48,
            "60160" : 58,
            "60672" : 56,
            "61184" : 52,
            "61696" : 52,
            "62208" : 63,
            "62720" : 47,
            "63232" : 42,
            "63744" : 54,
            "64256" : 49,
            "64768" : 53,
            "65280" : 52,
            "66048" : 99,
            "67072" : 97,
            "68096" : 83,
            "69120" : 74,
            "70144" : 75,
            "71168" : 62,
            "72192" : 60,
            "73216" : 64,
            "74240" : 50,
            "75264" : 45,
            "76288" : 54,
            "77312" : 44,
            "78336" : 41,
            "79360" : 38,
            "80384" : 47,
            "81408" : 47,
            "82432" : 32,
            "83456" : 37,
            "84480" : 45,
            "85504" : 28,
            "86528" : 29,
            "87552" : 19,
            "88576" : 28,
            "89600" : 17,
            "90624" : 19,
            "91648" : 16,
            "92672" : 15,
            "93696" : 15,
            "94720" : 11,
            "95744" : 18,
            "96768" : 13,
            "97792" : 20,
            "98816" : 26,
            "99840" : 24,
            "100864" : 23,
            "101888" : 19,
            "102912" : 23,
            "103936" : 10,
            "104960" : 20,
            "105984" : 28,
            "107008" : 20,
            "108032" : 12,
            "109056" : 19,
            "110080" : 16,
            "111104" : 13,
            "112128" : 9,
            "113152" : 15,
            "114176" : 12,
            "115200" : 12,
            "116224" : 10,
            "117248" : 17,
            "118272" : 8,
            "119296" : 8,
            "120320" : 14,
            "121344" : 14,
            "122368" : 20,
            "123392" : 15,
            "124416" : 9,
            "125440" : 15,
            "126464" : 18,
            "127488" : 21,
            "128512" : 12,
            "129536" : 14,
            "130560" : 16,
            "132096" : 35,
            "134144" : 36,
            "136192" : 29,
            "138240" : 29,
            "140288" : 21,
            "142336" : 24,
            "144384" : 15,
            "146432" : 11,
            "148480" : 8,
            "150528" : 11,
            "152576" : 11,
            "154624" : 10,
            "156672" : 5,
            "158720" : 5,
            "160768" : 8,
            "162816" : 5,
            "164864" : 2,
            "166912" : 2,
            "168960" : 5,
            "171008" : 7,
            "173056" : 7,
            "175104" : 5,
            "177152" : 8,
            "179200" : 7,
            "181248" : 4,
            "183296" : 1,
            "185344" : 3,
            "187392" : 3,
            "189440" : 2,
            "191488" : 3,
            "193536" : 3,
            "195584" : 4,
            "197632" : 2,
            "199680" : 3,
            "201728" : 4,
            "203776" : 5,
            "205824" : 6,
            "207872" : 8,
            "209920" : 4,
            "211968" : 5,
            "214016" : 2,
            "216064" : 4,
            "218112" : 8,
            "220160" : 9,
            "222208" : 16,
            "224256" : 12,
            "226304" : 18,
            "228352" : 14,
            "230400" : 18,
            "232448" : 23,
            "234496" : 34,
            "236544" : 19,
            "238592" : 23,
            "240640" : 25,
            "242688" : 13,
            "244736" : 8,
            "246784" : 15,
            "248832" : 9,
            "250880" : 8,
            "252928" : 7,
            "254976" : 11,
            "257024" : 5,
            "259072" : 4,
            "261120" : 5,
            "264192" : 8,
            "268288" : 9,
            "272384" : 4,
            "276480" : 11,
            "280576" : 8,
            "284672" : 5,
            "288768" : 7,
            "292864" : 4,
            "296960" : 12,
            "301056" : 4,
            "305152" : 7,
            "309248" : 5,
            "313344" : 3,
            "317440" : 5,
            "321536" : 4,
            "325632" : 4,
            "329728" : 3,
            "333824" : 4,
            "337920" : 4,
            "342016" : 1,
            "346112" : 1,
            "350208" : 6,
            "354304" : 2,
            "358400" : 1,
            "366592" : 5,
            "370688" : 1,
            "374784" : 6,
            "378880" : 2,
            "382976" : 4,
            "387072" : 10,
            "391168" : 10,
            "395264" : 17,
            "399360" : 11,
            "403456" : 12,
            "407552" : 16,
            "411648" : 21,
            "415744" : 24,
            "419840" : 33,
            "423936" : 24,
            "428032" : 17,
            "432128" : 9,
            "436224" : 6,
            "440320" : 8,
            "444416" : 4,
            "448512" : 1,
            "452608" : 2,
            "456704" : 2,
            "460800" : 2,
            "464896" : 1,
            "468992" : 2,
            "473088" : 1,
            "481280" : 1,
            "528384" : 3,
            "536576" : 5,
            "544768" : 5,
            "552960" : 6,
            "561152" : 5,
            "569344" : 5,
            "577536" : 3,
            "593920" : 2,
            "602112" : 3,
            "610304" : 1,
            "618496" : 1,
            "634880" : 2,
            "651264" : 1,
            "667648" : 5,
            "675840" : 4,
            "684032" : 9,
            "692224" : 13,
            "700416" : 25,
            "708608" : 9,
            "716800" : 7,
            "724992" : 6,
            "733184" : 9,
            "741376" : 3,
            "749568" : 2,
            "757760" : 4,
            "765952" : 2,
            "774144" : 5,
            "782336" : 3,
            "790528" : 3,
            "798720" : 3,
            "806912" : 2,
            "815104" : 6,
            "823296" : 4,
            "831488" : 8,
            "839680" : 11,
            "847872" : 9,
            "856064" : 10,
            "864256" : 10,
            "872448" : 19,
            "880640" : 15,
            "888832" : 15,
            "897024" : 11,
            "905216" : 14,
            "913408" : 17,
            "921600" : 13,
            "929792" : 13,
            "937984" : 17,
            "946176" : 21,
            "954368" : 18,
            "962560" : 18,
            "970752" : 21,
            "978944" : 16,
            "987136" : 14,
            "995328" : 14,
            "1003520" : 11,
            "1011712" : 8,
            "1019904" : 7,
            "1028096" : 5,
            "1036288" : 2,
            "1044480" : 2,
            "1056768" : 2,
            "1073152" : 2,
            "1089536" : 3,
            "1105920" : 1,
            "1122304" : 2,
            "1155072" : 3,
            "1187840" : 1,
            "1204224" : 1,
            "1236992" : 1,
            "1286144" : 1,
            "1302528" : 1,
            "1318912" : 1,
            "1335296" : 2,
            "1351680" : 2,
            "1368064" : 2,
            "1433600" : 1,
            "1449984" : 2,
            "1482752" : 1,
            "1499136" : 1,
            "1515520" : 3,
            "1531904" : 2,
            "1548288" : 1,
            "1581056" : 1,
            "1630208" : 3,
            "1646592" : 1,
            "1662976" : 2,
            "1679360" : 5,
            "1695744" : 3,
            "1712128" : 2,
            "1744896" : 1,
            "1761280" : 1,
            "1777664" : 1,
            "1826816" : 1,
            "1843200" : 1,
            "1974272" : 1,
            "2113536" : 1,
            "2179072" : 2,
            "2211840" : 1,
            "2277376" : 1,
            "2310144" : 1,
            "2342912" : 1,
            "2473984" : 1,
            "2572288" : 1,
            "2899968" : 1,
            "4046848" : 1,
            "4816896" : 3,
            "5275648" : 1,
            "6586368" : 1
          }
        },
        "lat_ns" : {
          "min" : 611,
          "max" : 6569383,
          "mean" : 10454.483655,
          "stddev" : 6854.785598,
          "N" : 18190986,
          "percentile" : {
            "1.000000" : 6048,
            "5.000000" : 9280,
            "10.000000" : 9408,
            "20.000000" : 9664,
            "30.000000" : 9792,
            "40.000000" : 10176,
            "50.000000" : 10432,
            "60.000000" : 10560,
            "70.000000" : 10816,
            "80.000000" : 11200,
            "90.000000" : 11584,
            "95.000000" : 11968,
            "99.000000" : 16512,
            "99.500000" : 20096,
            "99.900000" : 27008,
            "99.950000" : 35584,
            "99.990000" : 118272
          },
          "bins" : {
            "612" : 10,
            "620" : 55,
            "628" : 110,
            "636" : 747,
            "644" : 2454,
            "652" : 3462,
            "660" : 3922,
            "668" : 4072,
            "676" : 3576,
            "684" : 2920,
            "692" : 2550,
            "700" : 2593,
            "708" : 2763,
            "716" : 2940,
            "724" : 3169,
            "732" : 3189,
            "740" : 3481,
            "748" : 4052,
            "756" : 4377,
            "764" : 4850,
            "772" : 4427,
            "780" : 4118,
            "788" : 3833,
            "796" : 3504,
            "804" : 3671,
            "812" : 3750,
            "820" : 3608,
            "828" : 3548,
            "836" : 3319,
            "844" : 3394,
            "852" : 3049,
            "860" : 2948,
            "868" : 2408,
            "876" : 2030,
            "884" : 1828,
            "892" : 1525,
            "900" : 1410,
            "908" : 1189,
            "916" : 1066,
            "924" : 910,
            "932" : 873,
            "940" : 842,
            "948" : 700,
            "956" : 652,
            "964" : 599,
            "972" : 576,
            "980" : 487,
            "988" : 452,
            "996" : 356,
            "1004" : 359,
            "1012" : 303,
            "1020" : 307,
            "1032" : 460,
            "1048" : 372,
            "1064" : 412,
            "1080" : 442,
            "1096" : 505,
            "1112" : 538,
            "1128" : 634,
            "1144" : 680,
            "1160" : 617,
            "1176" : 556,
            "1192" : 531,
            "1208" : 435,
            "1224" : 408,
            "1240" : 393,
            "1256" : 379,
            "1272" : 361,
            "1288" : 289,
            "1304" : 283,
            "1320" : 196,
            "1336" : 213,
            "1352" : 144,
            "1368" : 117,
            "1384" : 133,
            "1400" : 99,
            "1416" : 108,
            "1432" : 73,
            "1448" : 77,
            "1464" : 61,
            "1480" : 71,
            "1496" : 65,
            "1512" : 56,
            "1528" : 62,
            "1544" : 51,
            "1560" : 61,
            "1576" : 45,
            "1592" : 41,
            "1608" : 37,
            "1624" : 50,
            "1640" : 43,
            "1656" : 38,
            "1672" : 36,
            "1688" : 34,
            "1704" : 43,
            "1720" : 42,
            "1736" : 38,
            "1752" : 33,
            "1768" : 31,
            "1784" : 23,
            "1800" : 28,
            "1816" : 24,
            "1832" : 15,
            "1848" : 20,
            "1864" : 20,
            "1880" : 11,
            "1896" : 26,
            "1912" : 28,
            "1928" : 20,
            "1944" : 19,
            "1960" : 14,
            "1976" : 18,
            "1992" : 24,
            "2008" : 11,
            "2024" : 18,
            "2040" : 15,
            "2064" : 23,
            "2096" : 25,
            "2128" : 27,
            "2160" : 15,
            "2192" : 13,
            "2224" : 10,
            "2256" : 14,
            "2288" : 14,
            "2320" : 9,
            "2352" : 7,
            "2384" : 12,
            "2416" : 11,
            "2448" : 6,
            "2480" : 8,
            "2512" : 12,
            "2544" : 4,
            "2576" : 4,
            "2608" : 9,
            "2640" : 12,
            "2672" : 8,
            "2704" : 4,
            "2736" : 9,
            "2768" : 5,
            "2800" : 8,
            "2832" : 11,
            "2864" : 3,
            "2896" : 2,
            "2928" : 5,
            "2960" : 3,
            "2992" : 7,
            "3024" : 5,
            "3056" : 2,
            "3088" : 4,
            "3120" : 4,
            "3152" : 2,
            "3184" : 2,
            "3216" : 2,
            "3248" : 4,
            "3280" : 2,
            "3312" : 2,
            "3408" : 2,
            "3440" : 1,
            "3504" : 4,
            "3536" : 2,
            "3568" : 2,
            "3600" : 1,
            "3632" : 2,
            "3664" : 1,
            "3696" : 2,
            "3728" : 2,
            "3760" : 2,
            "3792" : 1,
            "3824" : 2,
            "3856" : 2,
            "3888" : 1,
            "3920" : 1,
            "3952" : 4,
            "3984" : 3,
            "4016" : 3,
            "4048" : 1,
            "4080" : 3,
            "4128" : 2,
            "4192" : 3,
            "4256" : 2,
            "4320" : 2,
            "4384" : 3,
            "4448" : 2,
            "4512" : 1,
            "4576" : 4,
            "4640" : 2,
            "4768" : 4,
            "4832" : 1,
            "4896" : 3,
            "5024" : 1,
            "5088" : 1,
            "5152" : 2,
            "5216" : 1,
            "5344" : 1,
            "5472" : 1,
            "5536" : 2,
            "5600" : 1,
            "5728" : 2,
            "5792" : 6,
            "5856" : 25,
            "5920" : 1056,
            "5984" : 14775,
            "6048" : 59682,
            "6112" : 78327,
            "6176" : 45822,
            "6240" : 40016,
            "6304" : 61506,
            "6368" : 56894,
            "6432" : 34816,
            "6496" : 20128,
            "6560" : 13274,
            "6624" : 8929,
            "6688" : 6982,
            "6752" : 4774,
            "6816" : 2352,
            "6880" : 1328,
            "6944" : 2746,
            "7008" : 5951,
            "7072" : 6224,
            "7136" : 4404,
            "7200" : 6426,
            "7264" : 9106,
            "7328" : 8588,
            "7392" : 7918,
            "7456" : 9040,
            "7520" : 10508,
            "7584" : 10929,
            "7648" : 9280,
            "7712" : 6234,
            "7776" : 3352,
            "7840" : 1776,
            "7904" : 900,
            "7968" : 508,
            "8032" : 341,
            "8096" : 257,
            "8160" : 224,
            "8256" : 397,
            "8384" : 421,
            "8512" : 455,
            "8640" : 428,
            "8768" : 444,
            "8896" : 926,
            "9024" : 14370,
            "9152" : 152263,
            "9280" : 518829,
            "9408" : 962163,
            "9536" : 1245079,
            "9664" : 1224101,
            "9792" : 1037823,
            "9920" : 791098,
            "10048" : 480287,
            "10176" : 427648,
            "10304" : 922171,
            "10432" : 1374844,
            "10560" : 1338813,
            "10688" : 1275914,
            "10816" : 945121,
            "10944" : 546620,
            "11072" : 407165,
            "11200" : 485154,
            "11328" : 592018,
            "11456" : 680417,
            "11584" : 534210,
            "11712" : 345651,
            "11840" : 211538,
            "11968" : 116697,
            "12096" : 85641,
            "12224" : 91570,
            "12352" : 94168,
            "12480" : 92541,
            "12608" : 72858,
            "12736" : 42213,
            "12864" : 23173,
            "12992" : 16022,
            "13120" : 13025,
            "13248" : 11560,
            "13376" : 10243,
            "13504" : 9349,
            "13632" : 8775,
            "13760" : 8199,
            "13888" : 7566,
            "14016" : 7483,
            "14144" : 7257,
            "14272" : 6898,
            "14400" : 6514,
            "14528" : 6392,
            "14656" : 5877,
            "14784" : 5923,
            "14912" : 5765,
            "15040" : 5526,
            "15168" : 5360,
            "15296" : 5122,
            "15424" : 4949,
            "15552" : 4608,
            "15680" : 4632,
            "15808" : 4434,
            "15936" : 4154,
            "16064" : 4292,
            "16192" : 4121,
            "16320" : 4065,
            "16512" : 7528,
            "16768" : 7412,
            "17024" : 6849,
            "17280" : 6754,
            "17536" : 6634,
            "17792" : 6558,
            "18048" : 6178,
            "18304" : 6149,
            "18560" : 6259,
            "18816" : 6217,
            "19072" : 6340,
            "19328" : 6279,
            "19584" : 6129,
            "19840" : 5994,
            "20096" : 5774,
            "20352" : 5443,
            "20608" : 4927,
            "20864" : 4693,
            "21120" : 4304,
            "21376" : 4046,
            "21632" : 3829,
            "21888" : 3714,
            "22144" : 3484,
            "22400" : 3168,
            "22656" : 3038,
            "22912" : 2906,
            "23168" : 2601,
            "23424" : 2480,
            "23680" : 2364,
            "23936" : 2055,
            "24192" : 1920,
            "24448" : 1853,
            "24704" : 1681,
            "24960" : 1533,
            "25216" : 1478,
            "25472" : 1354,
            "25728" : 1177,
            "25984" : 1162,
            "26240" : 1022,
            "26496" : 931,
            "26752" : 842,
            "27008" : 772,
            "27264" : 725,
            "27520" : 598,
            "27776" : 572,
            "28032" : 509,
            "28288" : 470,
            "28544" : 420,
            "28800" : 417,
            "29056" : 367,
            "29312" : 306,
            "29568" : 288,
            "29824" : 289,
            "30080" : 298,
            "30336" : 275,
            "30592" : 241,
            "30848" : 229,
            "31104" : 235,
            "31360" : 224,
            "31616" : 193,
            "31872" : 190,
            "32128" : 187,
            "32384" : 180,
            "32640" : 178,
            "33024" : 333,
            "33536" : 297,
            "34048" : 256,
            "34560" : 267,
            "35072" : 267,
            "35584" : 250,
            "36096" : 222,
            "36608" : 219,
            "37120" : 203,
            "37632" : 193,
            "38144" : 177,
            "38656" : 170,
            "39168" : 186,
            "39680" : 193,
            "40192" : 186,
            "40704" : 151,
            "41216" : 154,
            "41728" : 130,
            "42240" : 134,
            "42752" : 117,
            "43264" : 125,
            "43776" : 95,
            "44288" : 98,
            "44800" : 112,
            "45312" : 97,
            "45824" : 120,
            "46336" : 106,
            "46848" : 102,
            "47360" : 101,
            "47872" : 81,
            "48384" : 67,
            "48896" : 84,
            "49408" : 74,
            "49920" : 76,
            "50432" : 65,
            "50944" : 64,
            "51456" : 75,
            "51968" : 59,
            "52480" : 57,
            "52992" : 44,
            "53504" : 54,
            "54016" : 58,
            "54528" : 48,
            "55040" : 34,
            "55552" : 44,
            "56064" : 44,
            "56576" : 62,
            "57088" : 37,
            "57600" : 52,
            "58112" : 61,
            "58624" : 48,
            "59136" : 73,
            "59648" : 51,
            "60160" : 60,
            "60672" : 53,
            "61184" : 53,
            "61696" : 54,
            "62208" : 61,
            "62720" : 38,
            "63232" : 50,
            "63744" : 52,
            "64256" : 48,
            "64768" : 56,
            "65280" : 50,
            "66048" : 94,
            "67072" : 105,
            "68096" : 84,
            "69120" : 74,
            "70144" : 70,
            "71168" : 66,
            "72192" : 62,
            "73216" : 64,
            "74240" : 48,
            "75264" : 46,
            "76288" : 54,
            "77312" : 47,
            "78336" : 41,
            "79360" : 36,
            "80384" : 47,
            "81408" : 50,
            "82432" : 31,
            "83456" : 38,
            "84480" : 45,
            "85504" : 27,
            "86528" : 29,
            "87552" : 19,
            "88576" : 28,
            "89600" : 17,
            "90624" : 20,
            "91648" : 16,
            "92672" : 14,
            "93696" : 16,
            "94720" : 11,
            "95744" : 19,
            "96768" : 13,
            "97792" : 18,
            "98816" : 26,
            "99840" : 25,
            "100864" : 24,
            "101888" : 16,
            "102912" : 26,
            "103936" : 10,
            "104960" : 19,
            "105984" : 30,
            "107008" : 20,
            "108032" : 10,
            "109056" : 17,
            "110080" : 19,
            "111104" : 12,
            "112128" : 10,
            "113152" : 15,
            "114176" : 11,
            "115200" : 13,
            "116224" : 10,
            "117248" : 15,
            "118272" : 9,
            "119296" : 6,
            "120320" : 17,
            "121344" : 14,
            "122368" : 21,
            "123392" : 15,
            "124416" : 9,
            "125440" : 16,
            "126464" : 17,
            "127488" : 20,
            "128512" : 13,
            "129536" : 14,
            "130560" : 16,
            "132096" : 36,
            "134144" : 34,
            "136192" : 32,
            "138240" : 29,
            "140288" : 20,
            "142336" : 25,
            "144384" : 14,
            "146432" : 12,
            "148480" : 7,
            "150528" : 11,
            "152576" : 12,
            "154624" : 10,
            "156672" : 5,
            "158720" : 5,
            "160768" : 8,
            "162816" : 5,
            "164864" : 2,
            "166912" : 2,
            "168960" : 5,
            "171008" : 7,
            "173056" : 7,
            "175104" : 5,
            "177152" : 8,
            "179200" : 7,
            "181248" : 4,
            "185344" : 4,
            "187392" : 3,
            "189440" : 2,
            "191488" : 3,
            "193536" : 3,
            "195584" : 3,
            "197632" : 3,
            "199680" : 3,
            "201728" : 4,
            "203776" : 5,
            "205824" : 6,
            "207872" : 8,
            "209920" : 4,
            "211968" : 5,
            "214016" : 2,
            "216064" : 4,
            "218112" : 8,
            "220160" : 9,
            "222208" : 16,
            "224256" : 12,
            "226304" : 17,
            "228352" : 14,
            "230400" : 19,
            "232448" : 23,
            "234496" : 34,
            "236544" : 18,
            "238592" : 23,
            "240640" : 26,
            "242688" : 13,
            "244736" : 7,
            "246784" : 16,
            "248832" : 9,
            "250880" : 7,
            "252928" : 8,
            "254976" : 11,
            "257024" : 5,
            "259072" : 4,
            "261120" : 5,
            "264192" : 8,
            "268288" : 9,
            "272384" : 4,
            "276480" : 11,
            "280576" : 8,
            "284672" : 5,
            "288768" : 7,
            "292864" : 4,
            "296960" : 12,
            "301056" : 4,
            "305152" : 7,
            "309248" : 5,
            "313344" : 3,
            "317440" : 5,
            "321536" : 4,
            "325632" : 4,
            "329728" : 3,
            "333824" : 4,
            "337920" : 4,
            "342016" : 1,
            "346112" : 1,
            "350208" : 6,
            "354304" : 2,
            "358400" : 1,
            "366592" : 5,
            "370688" : 1,
            "374784" : 6,
            "378880" : 2,
            "382976" : 4,
            "387072" : 10,
            "391168" : 10,
            "395264" : 17,
            "399360" : 11,
            "403456" : 12,
            "407552" : 16,
            "411648" : 21,
            "415744" : 24,
            "419840" : 33,
            "423936" : 23,
            "428032" : 18,
            "432128" : 9,
            "436224" : 6,
            "440320" : 8,
            "444416" : 4,
            "448512" : 1,
            "452608" : 2,
            "456704" : 2,
            "460800" : 2,
            "464896" : 1,
            "468992" : 2,
            "473088" : 1,
            "477184" : 1,
            "481280" : 1,
            "528384" : 3,
            "536576" : 5,
            "544768" : 5,
            "552960" : 6,
            "561152" : 5,
            "569344" : 5,
            "577536" : 3,
            "593920" : 2,
            "602112" : 3,
            "610304" : 1,
            "618496" : 1,
            "634880" : 2,
            "651264" : 1,
            "667648" : 6,
            "675840" : 4,
            "684032" : 9,
            "692224" : 13,
            "700416" : 25,
            "708608" : 9,
            "716800" : 7,
            "724992" : 6,
            "733184" : 9,
            "741376" : 3,
            "749568" : 2,
            "757760" : 4,
            "765952" : 2,
            "774144" : 5,
            "782336" : 3,
            "790528" : 3,
            "798720" : 3,
            "806912" : 2,
            "815104" : 6,
            "823296" : 4,
            "831488" : 8,
            "839680" : 11,
            "847872" : 9,
            "856064" : 10,
            "864256" : 10,
            "872448" : 19,
            "880640" : 14,
            "888832" : 16,
            "897024" : 11,
            "905216" : 13,
            "913408" : 18,
            "921600" : 13,
            "929792" : 13,
            "937984" : 17,
            "946176" : 20,
            "954368" : 19,
            "962560" : 17,
            "970752" : 22,
            "978944" : 16,
            "987136" : 13,
            "995328" : 16,
            "1003520" : 11,
            "1011712" : 8,
            "1019904" : 7,
            "1028096" : 6,
            "1036288" : 2,
            "1044480" : 2,
            "1056768" : 2,
            "1073152" : 2,
            "1089536" : 3,
            "1105920" : 1,
            "1122304" : 2,
            "1155072" : 3,
            "1187840" : 1,
            "1204224" : 1,
            "1236992" : 1,
            "1286144" : 1,
            "1302528" : 1,
            "1318912" : 1,
            "1335296" : 2,
            "1351680" : 2,
            "1368064" : 2,
            "1433600" : 1,
            "1449984" : 2,
            "1482752" : 1,
            "1499136" : 1,
            "1515520" : 3,
            "1531904" : 2,
            "1548288" : 1,
            "1581056" : 1,
            "1630208" : 3,
            "1646592" : 1,
            "1662976" : 2,
            "1679360" : 5,
            "1695744" : 3,
            "1712128" : 2,
            "1744896" : 1,
            "1761280" : 1,
            "1777664" : 1,
            "1826816" : 1,
            "1843200" : 1,
            "1974272" : 1,
            "2113536" : 1,
            "2179072" : 2,
            "2211840" : 1,
            "2277376" : 1,
            "2310144" : 1,
            "2342912" : 1,
            "2473984" : 1,
            "2572288" : 1,
            "2899968" : 1,
            "4046848" : 1,
            "4816896" : 3,
            "5275648" : 1,
            "6586368" : 1
          }
        },
        "bw_min" : 228248,
        "bw_max" : 327928,
        "bw_agg" : 100.000000,
        "bw_mean" : 242628.517529,
        "bw_dev" : 11072.014405,
        "bw_samples" : 599,
        "iops_min" : 57062,
        "iops_max" : 81982,
        "iops_mean" : 60657.131886,
        "iops_stddev" : 2768.000816,
        "iops_samples" : 599
      },
      "write" : {
        "io_bytes" : 74491850752,
        "io_kbytes" : 72745948,
        "bw_bytes" : 248305341,
        "bw" : 242485,
        "iops" : 60621.421262,
        "runtime" : 300001,
        "total_ios" : 18186487,
        "short_ios" : 0,
        "drop_ios" : 0,
        "slat_ns" : {
          "min" : 0,
          "max" : 0,
          "mean" : 0.000000,
          "stddev" : 0.000000,
          "N" : 0
        },
        "clat_ns" : {
          "min" : 861,
          "max" : 8097175,
          "mean" : 1991.567662,
          "stddev" : 3464.629452,
          "N" : 18186487,
          "percentile" : {
            "1.000000" : 1384,
            "5.000000" : 1416,
            "10.000000" : 1432,
            "20.000000" : 1448,
            "30.000000" : 1464,
            "40.000000" : 1544,
            "50.000000" : 2128,
            "60.000000" : 2192,
            "70.000000" : 2224,
            "80.000000" : 2320,
            "90.000000" : 2640,
            "95.000000" : 2896,
            "99.000000" : 3184,
            "99.500000" : 3888,
            "99.900000" : 8256,
            "99.950000" : 12608,
            "99.990000" : 19072
          },
          "bins" : {
            "860" : 1,
            "868" : 6,
            "876" : 32,
            "884" : 45,
            "892" : 55,
            "900" : 39,
            "908" : 25,
            "916" : 13,
            "924" : 10,
            "932" : 9,
            "940" : 3,
            "948" : 3,
            "956" : 1,
            "964" : 7,
            "972" : 11,
            "980" : 9,
            "988" : 11,
            "996" : 19,
            "1004" : 32,
            "1012" : 66,
            "1020" : 108,
            "1032" : 243,
            "1048" : 533,
            "1064" : 2724,
            "1080" : 6522,
            "1096" : 8039,
            "1112" : 7050,
            "1128" : 5213,
            "1144" : 3772,
            "1160" : 3258,
            "1176" : 4572,
            "1192" : 6337,
            "1208" : 7163,
            "1224" : 5444,
            "1240" : 3944,
            "1256" : 3089,
            "1272" : 2069,
            "1288" : 1371,
            "1304" : 948,
            "1320" : 732,
            "1336" : 4597,
            "1352" : 29636,
            "1368" : 68952,
            "1384" : 59574,
            "1400" : 130260,
            "1416" : 1014819,
            "1432" : 2008951,
            "1448" : 1578798,
            "1464" : 968677,
            "1480" : 602646,
            "1496" : 372302,
            "1512" : 200213,
            "1528" : 133890,
            "1544" : 129204,
            "1560" : 134118,
            "1576" : 129070,
            "1592" : 97088,
            "1608" : 66258,
            "1624" : 41830,
            "1640" : 26487,
            "1656" : 18855,
            "1672" : 14054,
            "1688" : 11268,
            "1704" : 9018,
            "1720" : 7284,
            "1736" : 6379,
            "1752" : 5858,
            "1768" : 5418,
            "1784" : 5124,
            "1800" : 4579,
            "1816" : 4576,
            "1832" : 5086,
            "1848" : 7552,
            "1864" : 12443,
            "1880" : 18505,
            "1896" : 23572,
            "1912" : 24636,
            "1928" : 24566,
            "1944" : 22289,
            "1960" : 18819,
            "1976" : 15668,
            "1992" : 12167,
            "2008" : 10373,
            "2024" : 9558,
            "2040" : 12607,
            "2064" : 91575,
            "2096" : 388246,
            "2128" : 877528,
            "2160" : 1222923,
            "2192" : 1228978,
            "2224" : 1009154,
            "2256" : 756916,
            "2288" : 596142,
            "2320" : 490428,
            "2352" : 330050,
            "2384" : 192872,
            "2416" : 119384,
            "2448" : 94887,
            "2480" : 106166,
            "2512" : 132593,
            "2544" : 157712,
            "2576" : 174972,
            "2608" : 177355,
            "2640" : 175476,
            "2672" : 168030,
            "2704" : 148484,
            "2736" : 121165,
            "2768" : 95120,
            "2800" : 78237,
            "2832" : 70900,
            "2864" : 65055,
            "2896" : 57643,
            "2928" : 49591,
            "2960" : 54902,
            "2992" : 82845,
            "3024" : 114402,
            "3056" : 123786,
            "3088" : 107225,
            "3120" : 79898,
            "3152" : 52626,
            "3184" : 30496,
            "3216" : 17499,
            "3248" : 11158,
            "3280" : 7746,
            "3312" : 6231,
            "3344" : 4919,
            "3376" : 4187,
            "3408" : 3615,
            "3440" : 3283,
            "3472" : 3098,
            "3504" : 2953,
            "3536" : 2877,
            "3568" : 2644,
            "3600" : 2549,
            "3632" : 2335,
            "3664" : 2276,
            "3696" : 2111,
            "3728" : 2099,
            "3760" : 1942,
            "3792" : 1885,
            "3824" : 1838,
            "3856" : 1836,
            "3888" : 1695,
            "3920" : 1726,
            "3952" : 1715,
            "3984" : 1682,
            "4016" : 1613,
            "4048" : 1578,
            "4080" : 1595,
            "4128" : 2818,
            "4192" : 2970,
            "4256" : 2683,
            "4320" : 2605,
            "4384" : 2398,
            "4448" : 2406,
            "4512" : 2239,
            "4576" : 1996,
            "4640" : 1861,
            "4704" : 1698,
            "4768" : 1602,
            "4832" : 1519,
            "4896" : 1428,
            "4960" : 1413,
            "5024" : 1365,
            "5088" : 1355,
            "5152" : 1388,
            "5216" : 1380,
            "5280" : 1347,
            "5344" : 1248,
            "5408" : 1350,
            "5472" : 1271,
            "5536" : 1237,
            "5600" : 1151,
            "5664" : 1114,
            "5728" : 1034,
            "5792" : 918,
            "5856" : 872,
            "5920" : 831,
            "5984" : 775,
            "6048" : 735,
            "6112" : 637,
            "6176" : 599,
            "6240" : 540,
            "6304" : 522,
            "6368" : 524,
            "6432" : 512,
            "6496" : 512,
            "6560" : 524,
            "6624" : 491,
            "6688" : 478,
            "6752" : 476,
            "6816" : 522,
            "6880" : 481,
            "6944" : 477,
            "7008" : 458,
            "7072" : 462,
            "7136" : 445,
            "7200" : 428,
            "7264" : 385,
            "7328" : 338,
            "7392" : 311,
            "7456" : 319,
            "7520" : 338,
            "7584" : 327,
            "7648" : 278,
            "7712" : 275,
            "7776" : 280,
            "7840" : 273,
            "7904" : 255,
            "7968" : 244,
            "8032" : 222,
            "8096" : 202,
            "8160" : 219,
            "8256" : 358,
            "8384" : 362,
            "8512" : 388,
            "8640" : 353,
            "8768" : 377,
            "8896" : 420,
            "9024" : 426,
            "9152" : 400,
            "9280" : 385,
            "9408" : 353,
            "9536" : 382,
            "9664" : 322,
            "9792" : 324,
            "9920" : 267,
            "10048" : 284,
            "10176" : 250,
            "10304" : 240,
            "10432" : 259,
            "10560" : 196,
            "10688" : 186,
            "10816" : 208,
            "10944" : 191,
            "11072" : 162,
            "11200" : 194,
            "11328" : 183,
            "11456" : 213,
            "11584" : 214,
            "11712" : 229,
            "11840" : 221,
            "11968" : 249,
            "12096" : 214,
            "12224" : 217,
            "12352" : 191,
            "12480" : 209,
            "12608" : 198,
            "12736" : 224,
            "12864" : 211,
            "12992" : 209,
            "13120" : 186,
            "13248" : 222,
            "13376" : 199,
            "13504" : 178,
            "13632" : 196,
            "13760" : 215,
            "13888" : 207,
            "14016" : 219,
            "14144" : 215,
            "14272" : 213,
            "14400" : 221,
            "14528" : 210,
            "14656" : 222,
            "14784" : 187,
            "14912" : 224,
            "15040" : 194,
            "15168" : 156,
            "15296" : 198,
            "15424" : 156,
            "15552" : 131,
            "15680" : 143,
            "15808" : 130,
            "15936" : 145,
            "16064" : 116,
            "16192" : 127,
            "16320" : 110,
            "16512" : 217,
            "16768" : 220,
            "17024" : 171,
            "17280" : 161,
            "17536" : 164,
            "17792" : 160,
            "18048" : 158,
            "18304" : 149,
            "18560" : 115,
            "18816" : 112,
            "19072" : 103,
            "19328" : 93,
            "19584" : 71,
            "19840" : 65,
            "20096" : 58,
            "20352" : 49,
            "20608" : 44,
            "20864" : 44,
            "21120" : 38,
            "21376" : 33,
            "21632" : 48,
            "21888" : 44,
            "22144" : 31,
            "22400" : 28,
            "22656" : 22,
            "22912" : 32,
            "23168" : 27,
            "23424" : 22,
            "23680" : 16,
            "23936" : 11,
            "24192" : 11,
            "24448" : 12,
            "24704" : 12,
            "24960" : 8,
            "25216" : 10,
            "25472" : 7,
            "25728" : 8,
            "25984" : 4,
            "26240" : 10,
            "26496" : 6,
            "26752" : 7,
            "27008" : 4,
            "27264" : 6,
            "27520" : 11,
            "27776" : 8,
            "28032" : 14,
            "28288" : 5,
            "28544" : 7,
            "28800" : 17,
            "29056" : 9,
            "29312" : 9,
            "29568" : 14,
            "29824" : 12,
            "30080" : 6,
            "30336" : 8,
            "30592" : 10,
            "30848" : 11,
            "31104" : 6,
            "31360" : 5,
            "31616" : 4,
            "31872" : 8,
            "32128" : 4,
            "32384" : 6,
            "32640" : 9,
            "33024" : 10,
            "33536" : 9,
            "34048" : 13,
            "34560" : 10,
            "35072" : 11,
            "35584" : 13,
            "36096" : 7,
            "36608" : 9,
            "37120" : 11,
            "37632" : 10,
            "38144" : 5,
            "38656" : 6,
            "39168" : 11,
            "39680" : 11,
            "40192" : 12,
            "40704" : 11,
            "41216" : 8,
            "41728" : 5,
            "42240" : 6,
            "42752" : 9,
            "43264" : 5,
            "43776" : 3,
            "44288" : 7,
            "44800" : 5,
            "45312" : 5,
            "45824" : 7,
            "46336" : 3,
            "46848" : 1,
            "47360" : 7,
            "47872" : 1,
            "48384" : 1,
            "48896" : 7,
            "49408" : 4,
            "49920" : 7,
            "50432" : 2,
            "50944" : 2,
            "51456" : 3,
            "51968" : 4,
            "52992" : 3,
            "53504" : 2,
            "54016" : 3,
            "54528" : 2,
            "55040" : 3,
            "55552" : 6,
            "56064" : 6,
            "56576" : 3,
            "57088" : 6,
            "57600" : 7,
            "58112" : 6,
            "58624" : 5,
            "59136" : 5,
            "59648" : 3,
            "60160" : 4,
            "60672" : 3,
            "61184" : 9,
            "61696" : 8,
            "62720" : 5,
            "63232" : 7,
            "63744" : 2,
            "64256" : 5,
            "64768" : 4,
            "65280" : 8,
            "67072" : 6,
            "68096" : 9,
            "69120" : 8,
            "70144" : 6,
            "71168" : 9,
            "72192" : 7,
            "73216" : 6,
            "74240" : 6,
            "75264" : 4,
            "76288" : 5,
            "77312" : 5,
            "78336" : 4,
            "79360" : 7,
            "82432" : 4,
            "83456" : 4,
            "84480" : 2,
            "85504" : 1,
            "86528" : 2,
            "87552" : 1,
            "88576" : 2,
            "89600" : 5,
            "90624" : 3,
            "91648" : 3,
            "92672" : 8,
            "93696" : 3,
            "94720" : 5,
            "95744" : 5,
            "96768" : 5,
            "97792" : 2,
            "98816" : 6,
            "99840" : 3,
            "100864" : 3,
            "102912" : 1,
            "103936" : 2,
            "113152" : 1,
            "114176" : 2,
            "117248" : 1,
            "119296" : 3,
            "121344" : 2,
            "122368" : 3,
            "123392" : 4,
            "124416" : 2,
            "125440" : 5,
            "126464" : 3,
            "127488" : 5,
            "128512" : 1,
            "129536" : 1,
            "130560" : 5,
            "132096" : 4,
            "134144" : 5,
            "136192" : 1,
            "138240" : 1,
            "140288" : 2,
            "142336" : 3,
            "144384" : 1,
            "150528" : 1,
            "154624" : 1,
            "156672" : 1,
            "158720" : 1,
            "160768" : 1,
            "162816" : 1,
            "166912" : 1,
            "171008" : 1,
            "179200" : 1,
            "189440" : 1,
            "191488" : 2,
            "193536" : 1,
            "197632" : 1,
            "207872" : 1,
            "209920" : 2,
            "211968" : 1,
            "216064" : 1,
            "220160" : 3,
            "224256" : 1,
            "226304" : 3,
            "228352" : 3,
            "230400" : 1,
            "232448" : 1,
            "238592" : 1,
            "246784" : 1,
            "254976" : 1,
            "257024" : 1,
            "259072" : 1,
            "268288" : 1,
            "272384" : 1,
            "276480" : 1,
            "284672" : 2,
            "288768" : 1,
            "292864" : 4,
            "305152" : 2,
            "309248" : 3,
            "313344" : 1,
            "317440" : 3,
            "325632" : 1,
            "329728" : 1,
            "342016" : 1,
            "366592" : 1,
            "415744" : 1,
            "419840" : 1,
            "423936" : 1,
            "428032" : 2,
            "432128" : 1,
            "448512" : 2,
            "464896" : 1,
            "552960" : 1,
            "561152" : 1,
            "659456" : 1,
            "667648" : 3,
            "675840" : 3,
            "684032" : 4,
            "692224" : 3,
            "700416" : 2,
            "708608" : 4,
            "716800" : 2,
            "749568" : 1,
            "757760" : 1,
            "774144" : 1,
            "806912" : 1,
            "815104" : 1,
            "823296" : 1,
            "831488" : 2,
            "839680" : 2,
            "847872" : 2,
            "856064" : 3,
            "864256" : 2,
            "872448" : 3,
            "897024" : 1,
            "905216" : 2,
            "913408" : 1,
            "929792" : 7,
            "937984" : 3,
            "946176" : 4,
            "954368" : 1,
            "962560" : 1,
            "970752" : 2,
            "978944" : 2,
            "987136" : 3,
            "995328" : 2,
            "1011712" : 2,
            "1019904" : 2,
            "1028096" : 1,
            "1036288" : 1,
            "1056768" : 2,
            "1089536" : 1,
            "1466368" : 1,
            "1482752" : 2,
            "1548288" : 1,
            "1728512" : 1,
            "1761280" : 1,
            "1777664" : 1,
            "1794048" : 1,
            "4292608" : 1,
            "6062080" : 1,
            "8093696" : 1
          }
        },
        "lat_ns" : {
          "min" : 900,
          "max" : 8097328,
          "mean" : 2059.116214,
          "stddev" : 3487.489446,
          "N" : 18186487,
          "percentile" : {
            "1.000000" : 1432,
            "5.000000" : 1480,
            "10.000000" : 1480,
            "20.000000" : 1496,
            "30.000000" : 1528,
            "40.000000" : 1608,
            "50.000000" : 2192,
            "60.000000" : 2256,
            "70.000000" : 2288,
            "80.000000" : 2384,
            "90.000000" : 2736,
            "95.000000" : 3024,
            "99.000000" : 3280,
            "99.500000" : 4080,
            "99.900000" : 8640,
            "99.950000" : 12864,
            "99.990000" : 19328
          },
          "bins" : {
            "900" : 1,
            "908" : 6,
            "916" : 28,
            "924" : 34,
            "932" : 38,
            "940" : 48,
            "948" : 32,
            "956" : 13,
            "964" : 19,
            "972" : 8,
            "980" : 9,
            "988" : 2,
            "996" : 3,
            "1004" : 5,
            "1012" : 7,
            "1020" : 13,
            "1032" : 20,
            "1048" : 78,
            "1064" : 159,
            "1080" : 219,
            "1096" : 750,
            "1112" : 3269,
            "1128" : 5747,
            "1144" : 6585,
            "1160" : 6919,
            "1176" : 5516,
            "1192" : 3950,
            "1208" : 3800,
            "1224" : 4759,
            "1240" : 5350,
            "1256" : 6529,
            "1272" : 5710,
            "1288" : 4300,
            "1304" : 3257,
            "1320" : 2377,
            "1336" : 1660,
            "1352" : 1080,
            "1368" : 903,
            "1384" : 3148,
            "1400" : 19415,
            "1416" : 55289,
            "1432" : 61313,
            "1448" : 87112,
            "1464" : 506656,
            "1480" : 1512377,
            "1496" : 1807151,
            "1512" : 1205780,
            "1528" : 771631,
            "1544" : 515954,
            "1560" : 319873,
            "1576" : 188077,
            "1592" : 119534,
            "1608" : 116066,
            "1624" : 129085,
            "1640" : 125795,
            "1656" : 105539,
            "1672" : 71365,
            "1688" : 45783,
            "1704" : 28915,
            "1720" : 19396,
            "1736" : 14658,
            "1752" : 11365,
            "1768" : 9352,
            "1784" : 7792,
            "1800" : 6439,
            "1816" : 6030,
            "1832" : 5310,
            "1848" : 5038,
            "1864" : 4671,
            "1880" : 4577,
            "1896" : 5981,
            "1912" : 8644,
            "1928" : 14058,
            "1944" : 19938,
            "1960" : 23120,
            "1976" : 24465,
            "1992" : 23070,
            "2008" : 21072,
            "2024" : 18068,
            "2040" : 14497,
            "2064" : 21453,
            "2096" : 22927,
            "2128" : 97448,
            "2160" : 392680,
            "2192" : 882472,
            "2224" : 1217976,
            "2256" : 1232842,
            "2288" : 996822,
            "2320" : 728235,
            "2352" : 576547,
            "2384" : 456108,
            "2416" : 313941,
            "2448" : 200223,
            "2480" : 135283,
            "2512" : 107653,
            "2544" : 105187,
            "2576" : 119483,
            "2608" : 135052,
            "2640" : 150610,
            "2672" : 164993,
            "2704" : 170729,
            "2736" : 165298,
            "2768" : 145625,
            "2800" : 123510,
            "2832" : 102641,
            "2864" : 82898,
            "2896" : 68185,
            "2928" : 59342,
            "2960" : 58077,
            "2992" : 63723,
            "3024" : 78310,
            "3056" : 110005,
            "3088" : 134264,
            "3120" : 135615,
            "3152" : 115382,
            "3184" : 86175,
            "3216" : 57090,
            "3248" : 33356,
            "3280" : 19899,
            "3312" : 13236,
            "3344" : 9257,
            "3376" : 7654,
            "3408" : 6269,
            "3440" : 5422,
            "3472" : 4481,
            "3504" : 4011,
            "3536" : 3551,
            "3568" : 3381,
            "3600" : 3129,
            "3632" : 2830,
            "3664" : 2798,
            "3696" : 2609,
            "3728" : 2540,
            "3760" : 2298,
            "3792" : 2222,
            "3824" : 2068,
            "3856" : 2125,
            "3888" : 1906,
            "3920" : 1886,
            "3952" : 1818,
            "3984" : 1798,
            "4016" : 1739,
            "4048" : 1780,
            "4080" : 1734,
            "4128" : 3295,
            "4192" : 3115,
            "4256" : 2837,
            "4320" : 2860,
            "4384" : 2713,
            "4448" : 2541,
            "4512" : 2401,
            "4576" : 2333,
            "4640" : 2232,
            "4704" : 1975,
            "4768" : 1841,
            "4832" : 1754,
            "4896" : 1622,
            "4960" : 1476,
            "5024" : 1440,
            "5088" : 1431,
            "5152" : 1386,
            "5216" : 1335,
            "5280" : 1342,
            "5344" : 1336,
            "5408" : 1310,
            "5472" : 1269,
            "5536" : 1195,
            "5600" : 1244,
            "5664" : 1231,
            "5728" : 1190,
            "5792" : 1170,
            "5856" : 1045,
            "5920" : 1000,
            "5984" : 833,
            "6048" : 916,
            "6112" : 880,
            "6176" : 792,
            "6240" : 739,
            "6304" : 691,
            "6368" : 664,
            "6432" : 613,
            "6496" : 567,
            "6560" : 636,
            "6624" : 563,
            "6688" : 577,
            "6752" : 556,
            "6816" : 540,
            "6880" : 568,
            "6944" : 535,
            "7008" : 536,
            "7072" : 535,
            "7136" : 494,
            "7200" : 529,
            "7264" : 497,
            "7328" : 414,
            "7392" : 403,
            "7456" : 348,
            "7520" : 356,
            "7584" : 368,
            "7648" : 334,
            "7712" : 301,
            "7776" : 334,
            "7840" : 284,
            "7904" : 275,
            "7968" : 284,
            "8032" : 259,
            "8096" : 245,
            "8160" : 226,
            "8256" : 440,
            "8384" : 398,
            "8512" : 377,
            "8640" : 372,
            "8768" : 411,
            "8896" : 373,
            "9024" : 468,
            "9152" : 408,
            "9280" : 416,
            "9408" : 398,
            "9536" : 378,
            "9664" : 371,
            "9792" : 328,
            "9920" : 329,
            "10048" : 285,
            "10176" : 278,
            "10304" : 271,
            "10432" : 263,
            "10560" : 245,
            "10688" : 191,
            "10816" : 215,
            "10944" : 210,
            "11072" : 194,
            "11200" : 177,
            "11328" : 190,
            "11456" : 198,
            "11584" : 231,
            "11712" : 223,
            "11840" : 240,
            "11968" : 237,
            "12096" : 242,
            "12224" : 248,
            "12352" : 223,
            "12480" : 196,
            "12608" : 213,
            "12736" : 214,
            "12864" : 250,
            "12992" : 215,
            "13120" : 196,
            "13248" : 232,
            "13376" : 203,
            "13504" : 199,
            "13632" : 195,
            "13760" : 244,
            "13888" : 187,
            "14016" : 234,
            "14144" : 222,
            "14272" : 205,
            "14400" : 234,
            "14528" : 235,
            "14656" : 211,
            "14784" : 221,
            "14912" : 213,
            "15040" : 214,
            "15168" : 191,
            "15296" : 195,
            "15424" : 166,
            "15552" : 175,
            "15680" : 137,
            "15808" : 163,
            "15936" : 132,
            "16064" : 144,
            "16192" : 112,
            "16320" : 135,
            "16512" : 231,
            "16768" : 227,
            "17024" : 205,
            "17280" : 156,
            "17536" : 168,
            "17792" : 164,
            "18048" : 171,
            "18304" : 165,
            "18560" : 132,
            "18816" : 120,
            "19072" : 107,
            "19328" : 106,
            "19584" : 86,
            "19840" : 61,
            "20096" : 69,
            "20352" : 61,
            "20608" : 44,
            "20864" : 39,
            "21120" : 46,
            "21376" : 36,
            "21632" : 48,
            "21888" : 47,
            "22144" : 34,
            "22400" : 28,
            "22656" : 24,
            "22912" : 32,
            "23168" : 31,
            "23424" : 21,
            "23680" : 20,
            "23936" : 17,
            "24192" : 8,
            "24448" : 11,
            "24704" : 15,
            "24960" : 8,
            "25216" : 12,
            "25472" : 6,
            "25728" : 7,
            "25984" : 8,
            "26240" : 7,
            "26496" : 10,
            "26752" : 6,
            "27008" : 7,
            "27264" : 5,
            "27520" : 9,
            "27776" : 12,
            "28032" : 11,
            "28288" : 7,
            "28544" : 6,
            "28800" : 12,
            "29056" : 11,
            "29312" : 13,
            "29568" : 14,
            "29824" : 14,
            "30080" : 6,
            "30336" : 8,
            "30592" : 11,
            "30848" : 11,
            "31104" : 6,
            "31360" : 8,
            "31616" : 4,
            "31872" : 7,
            "32128" : 4,
            "32384" : 5,
            "32640" : 9,
            "33024" : 11,
            "33536" : 8,
            "34048" : 14,
            "34560" : 11,
            "35072" : 11,
            "35584" : 13,
            "36096" : 8,
            "36608" : 8,
            "37120" : 13,
            "37632" : 8,
            "38144" : 8,
            "38656" : 6,
            "39168" : 11,
            "39680" : 8,
            "40192" : 14,
            "40704" : 11,
            "41216" : 9,
            "41728" : 5,
            "42240" : 8,
            "42752" : 8,
            "43264" : 4,
            "43776" : 5,
            "44288" : 4,
            "44800" : 9,
            "45312" : 4,
            "45824" : 5,
            "46336" : 6,
            "47360" : 6,
            "47872" : 3,
            "48384" : 1,
            "48896" : 7,
            "49408" : 4,
            "49920" : 7,
            "50432" : 2,
            "50944" : 2,
            "51456" : 1,
            "51968" : 5,
            "52480" : 1,
            "52992" : 3,
            "53504" : 2,
            "54016" : 3,
            "54528" : 2,
            "55040" : 3,
            "55552" : 6,
            "56064" : 6,
            "56576" : 3,
            "57088" : 4,
            "57600" : 8,
            "58112" : 7,
            "58624" : 4,
            "59136" : 7,
            "59648" : 3,
            "60160" : 4,
            "60672" : 2,
            "61184" : 9,
            "61696" : 9,
            "62208" : 1,
            "62720" : 5,
            "63232" : 6,
            "63744" : 4,
            "64256" : 3,
            "64768" : 4,
            "65280" : 7,
            "66048" : 5,
            "67072" : 5,
            "68096" : 10,
            "69120" : 9,
            "70144" : 6,
            "71168" : 9,
            "72192" : 7,
            "73216" : 5,
            "74240" : 7,
            "75264" : 4,
            "76288" : 4,
            "77312" : 7,
            "78336" : 4,
            "79360" : 7,
            "82432" : 3,
            "83456" : 5,
            "84480" : 1,
            "85504" : 2,
            "86528" : 2,
            "87552" : 1,
            "88576" : 2,
            "89600" : 4,
            "90624" : 5,
            "91648" : 3,
            "92672" : 8,
            "93696" : 3,
            "94720" : 5,
            "95744" : 5,
            "96768" : 5,
            "97792" : 2,
            "98816" : 6,
            "99840" : 3,
            "100864" : 2,
            "101888" : 1,
            "102912" : 1,
            "103936" : 2,
            "113152" : 1,
            "114176" : 2,
            "117248" : 1,
            "119296" : 3,
            "121344" : 2,
            "122368" : 2,
            "123392" : 6,
            "124416" : 2,
            "125440" : 5,
            "126464" : 3,
            "127488" : 3,
            "128512" : 3,
            "130560" : 7,
            "132096" : 3,
            "134144" : 6,
            "136192" : 2,
            "138240" : 1,
            "140288" : 2,
            "142336" : 3,
            "144384" : 1,
            "150528" : 1,
            "154624" : 1,
            "156672" : 1,
            "158720" : 1,
            "160768" : 1,
            "162816" : 1,
            "166912" : 1,
            "171008" : 1,
            "179200" : 1,
            "191488" : 3,
            "193536" : 1,
            "197632" : 1,
            "207872" : 1,
            "209920" : 2,
            "211968" : 1,
            "216064" : 1,
            "220160" : 3,
            "224256" : 1,
            "226304" : 3,
            "228352" : 3,
            "230400" : 1,
            "232448" : 1,
            "238592" : 1,
            "246784" : 1,
            "254976" : 1,
            "257024" : 1,
            "259072" : 1,
            "264192" : 1,
            "268288" : 1,
            "272384" : 1,
            "276480" : 1,
            "284672" : 1,
            "288768" : 1,
            "292864" : 4,
            "305152" : 2,
            "309248" : 3,
            "313344" : 1,
            "317440" : 3,
            "325632" : 1,
            "329728" : 2,
            "342016" : 1,
            "366592" : 1,
            "415744" : 2,
            "419840" : 1,
            "423936" : 1,
            "428032" : 2,
            "432128" : 1,
            "448512" : 2,
            "464896" : 1,
            "552960" : 2,
            "561152" : 1,
            "659456" : 1,
            "667648" : 3,
            "675840" : 3,
            "684032" : 4,
            "692224" : 3,
            "700416" : 2,
            "708608" : 4,
            "716800" : 2,
            "749568" : 1,
            "757760" : 1,
            "774144" : 1,
            "806912" : 1,
            "815104" : 1,
            "823296" : 1,
            "831488" : 2,
            "839680" : 2,
            "847872" : 2,
            "856064" : 3,
            "864256" : 2,
            "872448" : 3,
            "897024" : 1,
            "905216" : 2,
            "913408" : 1,
            "929792" : 7,
            "937984" : 4,
            "946176" : 4,
            "954368" : 1,
            "962560" : 1,
            "970752" : 2,
            "978944" : 2,
            "987136" : 3,
            "995328" : 2,
            "1003520" : 1,
            "1011712" : 2,
            "1019904" : 2,
            "1028096" : 1,
            "1036288" : 1,
            "1056768" : 2,
            "1089536" : 1,
            "1466368" : 1,
            "1482752" : 2,
            "1548288" : 1,
            "1728512" : 1,
            "1761280" : 1,
            "1777664" : 1,
            "1794048" : 1,
            "4292608" : 1,
            "6062080" : 1,
            "8093696" : 1
          }
        },
        "bw_min" : 228544,
        "bw_max" : 330808,
        "bw_agg" : 100.000000,
        "bw_mean" : 242568.532554,
        "bw_dev" : 11287.223971,
        "bw_samples" : 599,
        "iops_min" : 57136,
        "iops_max" : 82702,
        "iops_mean" : 60642.131886,
        "iops_stddev" : 2821.784957,
        "iops_samples" : 599
      },
      "trim" : {
        "io_bytes" : 0,
        "io_kbytes" : 0,
        "bw_bytes" : 0,
        "bw" : 0,
        "iops" : 0.000000,
        "runtime" : 0,
        "total_ios" : 0,
        "short_ios" : 0,
        "drop_ios" : 0,
        "slat_ns" : {
          "min" : 0,
          "max" : 0,
          "mean" : 0.000000,
          "stddev" : 0.000000,
          "N" : 0
        },
        "clat_ns" : {
          "min" : 0,
          "max" : 0,
          "mean" : 0.000000,
          "stddev" : 0.000000,
          "N" : 0
        },
        "lat_ns" : {
          "min" : 0,
          "max" : 0,
          "mean" : 0.000000,
          "stddev" : 0.000000,
          "N" : 0
        },
        "bw_min" : 0,
        "bw_max" : 0,
        "bw_agg" : 0.000000,
        "bw_mean" : 0.000000,
        "bw_dev" : 0.000000,
        "bw_samples" : 0,
        "iops_min" : 0,
        "iops_max" : 0,
        "iops_mean" : 0.000000,
        "iops_stddev" : 0.000000,
        "iops_samples" : 0
      },
      "sync" : {
        "total_ios" : 0,
        "lat_ns" : {
          "min" : 0,
          "max" : 0,
          "mean" : 0.000000,
          "stddev" : 0.000000,
          "N" : 0
        }
      },
      "job_runtime" : 300000,
      "usr_cpu" : 12.493667,
      "sys_cpu" : 61.897667,
      "ctx" : 19155407,
      "majf" : 0,
      "minf" : 22,
      "iodepth_level" : {
        "1" : 100.000000,
        "2" : 0.000000,
        "4" : 0.000000,
        "8" : 0.000000,
        "16" : 0.000000,
        "32" : 0.000000,
        ">=64" : 0.000000
      },
      "iodepth_submit" : {
        "0" : 0.000000,
        "4" : 100.000000,
        "8" : 0.000000,
        "16" : 0.000000,
        "32" : 0.000000,
        "64" : 0.000000,
        ">=64" : 0.000000
      },
      "iodepth_complete" : {
        "0" : 0.000000,
        "4" : 100.000000,
        "8" : 0.000000,
        "16" : 0.000000,
        "32" : 0.000000,
        "64" : 0.000000,
        ">=64" : 0.000000
      },
      "latency_ns" : {
        "2" : 0.000000,
        "4" : 0.000000,
        "10" : 0.000000,
        "20" : 0.000000,
        "50" : 0.000000,
        "100" : 0.000000,
        "250" : 0.000000,
        "500" : 0.000000,
        "750" : 0.189557,
        "1000" : 0.137659
      },
      "latency_us" : {
        "2" : 22.425530,
        "4" : 27.358899,
        "10" : 18.887582,
        "20" : 30.751061,
        "50" : 0.234310,
        "100" : 0.010000,
        "250" : 0.010000,
        "500" : 0.010000,
        "750" : 0.010000,
        "1000" : 0.010000
      },
      "latency_ms" : {
        "2" : 0.010000,
        "4" : 0.010000,
        "10" : 0.010000,
        "20" : 0.000000,
        "50" : 0.000000,
        "100" : 0.000000,
        "250" : 0.000000,
        "500" : 0.000000,
        "750" : 0.000000,
        "1000" : 0.000000,
        "2000" : 0.000000,
        ">=2000" : 0.000000
      },
      "latency_depth" : 1,
      "latency_target" : 0,
      "latency_percentile" : 100.000000,
      "latency_window" : 0
    }
  ],
  "disk_util" : [
    {
      "name" : "loop25",
      "read_ios" : 18055292,
      "write_ios" : 18181905,
      "read_merges" : 0,
      "write_merges" : 0,
      "read_ticks" : 127759,
      "write_ticks" : 278653,
      "in_queue" : 16,
      "util" : 99.987663
    }
  ]
}
