{
  "fio version" : "fio-3.32-36-g5932",
  "timestamp" : 1664226009,
  "timestamp_ms" : 1664226009214,
  "time" : "Mon Sep 26 23:00:09 2022",
  "global options" : {
    "size" : "64M",
    "rw" : "randrw",
    "bs" : "4K",
    "numjobs" : "1",
    "iodepth" : "128",
    "runtime" : "15",
    "end_fsync" : "1",
    "lat_percentiles" : "1",
    "slat_percentiles" : "1",
    "clat_percentiles" : "1"
  },
  "jobs" : [
    {
      "jobname" : "random-rw",
      "groupid" : 0,
      "error" : 0,
      "eta" : 0,
      "elapsed" : 16,
      "job options" : {
        "name" : "random-rw"
      },
      "read" : {
        "io_bytes" : 1477181440,
        "io_kbytes" : 1442560,
        "bw_bytes" : 98079904,
        "bw" : 95781,
        "iops" : 23945.289157,
        "runtime" : 15061,
        "total_ios" : 360640,
        "short_ios" : 0,
        "drop_ios" : 0,
        "slat_ns" : {
          "min" : 0,
          "max" : 0,
          "mean" : 0.000000,
          "stddev" : 0.000000,
          "N" : 0
        },
        "clat_ns" : {
          "min" : 938,
          "max" : 10651677,
          "mean" : 26186.635969,
          "stddev" : 48100.922483,
          "N" : 360640,
          "percentile" : {
            "1.000000" : 1336,
            "5.000000" : 13632,
            "10.000000" : 17280,
            "20.000000" : 18816,
            "30.000000" : 20352,
            "40.000000" : 21632,
            "50.000000" : 23168,
            "60.000000" : 24704,
            "70.000000" : 28032,
            "80.000000" : 33024,
            "90.000000" : 37632,
            "95.000000" : 41728,
            "99.000000" : 55040,
            "99.500000" : 71168,
            "99.900000" : 177152,
            "99.950000" : 440320,
            "99.990000" : 2211840
          },
          "bins" : {
            "940" : 1,
            "956" : 1,
            "972" : 1,
            "980" : 5,
            "988" : 3,
            "996" : 10,
            "1004" : 11,
            "1012" : 16,
            "1020" : 15,
            "1032" : 36,
            "1048" : 46,
            "1064" : 61,
            "1080" : 76,
            "1096" : 97,
            "1112" : 104,
            "1128" : 125,
            "1144" : 150,
            "1160" : 188,
            "1176" : 212,
            "1192" : 197,
            "1208" : 221,
            "1224" : 266,
            "1240" : 278,
            "1256" : 306,
            "1272" : 288,
            "1288" : 306,
            "1304" : 277,
            "1320" : 282,
            "1336" : 301,
            "1352" : 295,
            "1368" : 278,
            "1384" : 275,
            "1400" : 256,
            "1416" : 240,
            "1432" : 209,
            "1448" : 205,
            "1464" : 210,
            "1480" : 144,
            "1496" : 163,
            "1512" : 133,
            "1528" : 151,
            "1544" : 121,
            "1560" : 118,
            "1576" : 104,
            "1592" : 82,
            "1608" : 78,
            "1624" : 84,
            "1640" : 74,
            "1656" : 72,
            "1672" : 74,
            "1688" : 75,
            "1704" : 73,
            "1720" : 59,
            "1736" : 52,
            "1752" : 52,
            "1768" : 54,
            "1784" : 51,
            "1800" : 40,
            "1816" : 54,
            "1832" : 46,
            "1848" : 42,
            "1864" : 50,
            "1880" : 52,
            "1896" : 47,
            "1912" : 41,
            "1928" : 53,
            "1944" : 40,
            "1960" : 58,
            "1976" : 36,
            "1992" : 41,
            "2008" : 48,
            "2024" : 22,
            "2040" : 35,
            "2064" : 54,
            "2096" : 64,
            "2128" : 56,
            "2160" : 61,
            "2192" : 51,
            "2224" : 44,
            "2256" : 41,
            "2288" : 37,
            "2320" : 40,
            "2352" : 29,
            "2384" : 34,
            "2416" : 19,
            "2448" : 33,
            "2480" : 29,
            "2512" : 17,
            "2544" : 18,
            "2576" : 16,
            "2608" : 16,
            "2640" : 14,
            "2672" : 6,
            "2704" : 14,
            "2736" : 6,
            "2768" : 5,
            "2800" : 6,
            "2832" : 8,
            "2864" : 4,
            "2896" : 4,
            "2928" : 5,
            "2960" : 3,
            "2992" : 2,
            "3024" : 5,
            "3056" : 1,
            "3088" : 4,
            "3152" : 1,
            "3216" : 3,
            "3248" : 2,
            "3280" : 1,
            "3344" : 3,
            "3408" : 2,
            "3472" : 3,
            "3600" : 2,
            "3664" : 2,
            "3760" : 3,
            "3792" : 2,
            "3856" : 1,
            "3888" : 1,
            "3952" : 1,
            "3984" : 1,
            "4080" : 1,
            "4128" : 1,
            "4192" : 1,
            "4256" : 1,
            "4512" : 1,
            "4960" : 2,
            "5408" : 2,
            "5472" : 1,
            "5536" : 1,
            "5856" : 1,
            "5984" : 1,
            "6304" : 1,
            "6496" : 1,
            "6624" : 1,
            "7456" : 1,
            "7776" : 1,
            "8032" : 1,
            "8512" : 1,
            "10048" : 1,
            "11200" : 1,
            "11456" : 2,
            "11584" : 2,
            "11712" : 8,
            "11840" : 10,
            "11968" : 14,
            "12096" : 33,
            "12224" : 94,
            "12352" : 168,
            "12480" : 256,
            "12608" : 427,
            "12736" : 571,
            "12864" : 787,
            "12992" : 1033,
            "13120" : 1174,
            "13248" : 1206,
            "13376" : 1334,
            "13504" : 1384,
            "13632" : 1379,
            "13760" : 1278,
            "13888" : 1201,
            "14016" : 1107,
            "14144" : 972,
            "14272" : 863,
            "14400" : 676,
            "14528" : 621,
            "14656" : 538,
            "14784" : 482,
            "14912" : 433,
            "15040" : 390,
            "15168" : 351,
            "15296" : 287,
            "15424" : 274,
            "15552" : 283,
            "15680" : 270,
            "15808" : 308,
            "15936" : 284,
            "16064" : 367,
            "16192" : 334,
            "16320" : 406,
            "16512" : 1082,
            "16768" : 1675,
            "17024" : 2521,
            "17280" : 3424,
            "17536" : 4341,
            "17792" : 5299,
            "18048" : 5990,
            "18304" : 6440,
            "18560" : 6444,
            "18816" : 6469,
            "19072" : 6181,
            "19328" : 6056,
            "19584" : 6011,
            "19840" : 6066,
            "20096" : 6519,
            "20352" : 6672,
            "20608" : 6802,
            "20864" : 6883,
            "21120" : 7039,
            "21376" : 7018,
            "21632" : 7098,
            "21888" : 6917,
            "22144" : 6530,
            "22400" : 6430,
            "22656" : 6351,
            "22912" : 6303,
            "23168" : 6289,
            "23424" : 6460,
            "23680" : 6291,
            "23936" : 5766,
            "24192" : 5314,
            "24448" : 4863,
            "24704" : 4312,
            "24960" : 3991,
            "25216" : 3623,
            "25472" : 3337,
            "25728" : 2995,
            "25984" : 2894,
            "26240" : 2734,
            "26496" : 2464,
            "26752" : 2468,
            "27008" : 2388,
            "27264" : 2325,
            "27520" : 2301,
            "27776" : 2170,
            "28032" : 2143,
            "28288" : 2026,
            "28544" : 1945,
            "28800" : 1830,
            "29056" : 1886,
            "29312" : 1828,
            "29568" : 1858,
            "29824" : 1744,
            "30080" : 1842,
            "30336" : 1854,
            "30592" : 1771,
            "30848" : 1694,
            "31104" : 1750,
            "31360" : 1687,
            "31616" : 1678,
            "31872" : 1838,
            "32128" : 1792,
            "32384" : 1751,
            "32640" : 1820,
            "33024" : 3763,
            "33536" : 3919,
            "34048" : 3854,
            "34560" : 3698,
            "35072" : 3683,
            "35584" : 3946,
            "36096" : 4011,
            "36608" : 4026,
            "37120" : 3574,
            "37632" : 3377,
            "38144" : 3161,
            "38656" : 2839,
            "39168" : 2670,
            "39680" : 2404,
            "40192" : 2271,
            "40704" : 2163,
            "41216" : 1884,
            "41728" : 1685,
            "42240" : 1546,
            "42752" : 1375,
            "43264" : 1261,
            "43776" : 1118,
            "44288" : 943,
            "44800" : 896,
            "45312" : 774,
            "45824" : 676,
            "46336" : 561,
            "46848" : 476,
            "47360" : 396,
            "47872" : 392,
            "48384" : 317,
            "48896" : 299,
            "49408" : 246,
            "49920" : 238,
            "50432" : 238,
            "50944" : 197,
            "51456" : 180,
            "51968" : 195,
            "52480" : 164,
            "52992" : 164,
            "53504" : 144,
            "54016" : 113,
            "54528" : 95,
            "55040" : 110,
            "55552" : 105,
            "56064" : 92,
            "56576" : 86,
            "57088" : 89,
            "57600" : 92,
            "58112" : 88,
            "58624" : 66,
            "59136" : 64,
            "59648" : 61,
            "60160" : 48,
            "60672" : 62,
            "61184" : 56,
            "61696" : 53,
            "62208" : 51,
            "62720" : 50,
            "63232" : 49,
            "63744" : 35,
            "64256" : 57,
            "64768" : 51,
            "65280" : 33,
            "66048" : 102,
            "67072" : 75,
            "68096" : 85,
            "69120" : 69,
            "70144" : 70,
            "71168" : 55,
            "72192" : 61,
            "73216" : 42,
            "74240" : 70,
            "75264" : 49,
            "76288" : 49,
            "77312" : 48,
            "78336" : 36,
            "79360" : 42,
            "80384" : 30,
            "81408" : 28,
            "82432" : 35,
            "83456" : 33,
            "84480" : 24,
            "85504" : 33,
            "86528" : 29,
            "87552" : 34,
            "88576" : 13,
            "89600" : 25,
            "90624" : 27,
            "91648" : 17,
            "92672" : 19,
            "93696" : 20,
            "94720" : 22,
            "95744" : 21,
            "96768" : 20,
            "97792" : 19,
            "98816" : 12,
            "99840" : 13,
            "100864" : 22,
            "101888" : 17,
            "102912" : 15,
            "103936" : 19,
            "104960" : 12,
            "105984" : 16,
            "107008" : 13,
            "108032" : 12,
            "109056" : 15,
            "110080" : 8,
            "111104" : 13,
            "112128" : 6,
            "113152" : 11,
            "114176" : 12,
            "115200" : 8,
            "116224" : 8,
            "117248" : 14,
            "118272" : 13,
            "119296" : 5,
            "120320" : 12,
            "121344" : 9,
            "122368" : 8,
            "123392" : 20,
            "124416" : 11,
            "125440" : 7,
            "126464" : 8,
            "127488" : 10,
            "128512" : 9,
            "129536" : 12,
            "130560" : 13,
            "132096" : 16,
            "134144" : 20,
            "136192" : 16,
            "138240" : 9,
            "140288" : 10,
            "142336" : 5,
            "144384" : 7,
            "146432" : 18,
            "148480" : 11,
            "150528" : 7,
            "152576" : 11,
            "154624" : 4,
            "156672" : 12,
            "158720" : 13,
            "160768" : 10,
            "162816" : 5,
            "164864" : 6,
            "166912" : 8,
            "168960" : 4,
            "171008" : 5,
            "173056" : 4,
            "175104" : 5,
            "177152" : 7,
            "179200" : 4,
            "181248" : 5,
            "183296" : 6,
            "185344" : 4,
            "187392" : 4,
            "189440" : 3,
            "191488" : 8,
            "193536" : 1,
            "195584" : 3,
            "199680" : 3,
            "201728" : 4,
            "203776" : 2,
            "205824" : 1,
            "207872" : 5,
            "209920" : 2,
            "211968" : 2,
            "214016" : 4,
            "216064" : 1,
            "218112" : 1,
            "220160" : 4,
            "222208" : 3,
            "224256" : 2,
            "226304" : 4,
            "228352" : 4,
            "230400" : 1,
            "232448" : 2,
            "234496" : 3,
            "236544" : 2,
            "238592" : 1,
            "240640" : 3,
            "244736" : 2,
            "246784" : 4,
            "248832" : 2,
            "250880" : 2,
            "252928" : 1,
            "254976" : 2,
            "259072" : 1,
            "261120" : 2,
            "264192" : 2,
            "268288" : 4,
            "272384" : 3,
            "276480" : 3,
            "280576" : 3,
            "284672" : 4,
            "288768" : 3,
            "292864" : 1,
            "296960" : 2,
            "301056" : 2,
            "305152" : 1,
            "309248" : 2,
            "313344" : 3,
            "317440" : 1,
            "325632" : 1,
            "329728" : 2,
            "333824" : 2,
            "337920" : 1,
            "342016" : 2,
            "350208" : 1,
            "354304" : 1,
            "358400" : 1,
            "362496" : 1,
            "366592" : 2,
            "370688" : 7,
            "378880" : 1,
            "382976" : 2,
            "387072" : 1,
            "391168" : 2,
            "395264" : 3,
            "399360" : 1,
            "403456" : 1,
            "407552" : 1,
            "415744" : 1,
            "419840" : 1,
            "436224" : 1,
            "440320" : 1,
            "444416" : 2,
            "448512" : 1,
            "452608" : 2,
            "456704" : 1,
            "464896" : 1,
            "468992" : 2,
            "473088" : 2,
            "477184" : 1,
            "485376" : 1,
            "489472" : 2,
            "493568" : 2,
            "497664" : 1,
            "501760" : 2,
            "505856" : 1,
            "509952" : 1,
            "518144" : 1,
            "522240" : 1,
            "528384" : 1,
            "536576" : 2,
            "544768" : 3,
            "552960" : 2,
            "561152" : 1,
            "577536" : 1,
            "585728" : 4,
            "593920" : 1,
            "602112" : 1,
            "610304" : 2,
            "618496" : 3,
            "626688" : 2,
            "634880" : 1,
            "651264" : 1,
            "659456" : 2,
            "675840" : 3,
            "684032" : 1,
            "692224" : 1,
            "700416" : 2,
            "716800" : 2,
            "724992" : 2,
            "733184" : 1,
            "741376" : 3,
            "765952" : 1,
            "774144" : 1,
            "782336" : 2,
            "815104" : 1,
            "831488" : 2,
            "839680" : 1,
            "847872" : 2,
            "856064" : 1,
            "880640" : 1,
            "913408" : 2,
            "954368" : 1,
            "962560" : 1,
            "970752" : 1,
            "978944" : 1,
            "1011712" : 2,
            "1028096" : 1,
            "1044480" : 1,
            "1073152" : 2,
            "1089536" : 2,
            "1105920" : 1,
            "1122304" : 3,
            "1138688" : 4,
            "1155072" : 2,
            "1171456" : 1,
            "1187840" : 2,
            "1204224" : 1,
            "1220608" : 2,
            "1236992" : 2,
            "1253376" : 2,
            "1269760" : 1,
            "1286144" : 2,
            "1351680" : 2,
            "1417216" : 2,
            "1433600" : 1,
            "1499136" : 1,
            "1515520" : 3,
            "1531904" : 3,
            "1597440" : 1,
            "1613824" : 1,
            "1630208" : 1,
            "1662976" : 1,
            "1679360" : 1,
            "1728512" : 2,
            "1744896" : 2,
            "1777664" : 1,
            "1794048" : 1,
            "1941504" : 1,
            "2023424" : 1,
            "2088960" : 1,
            "2146304" : 2,
            "2211840" : 1,
            "2244608" : 1,
            "2277376" : 1,
            "2310144" : 2,
            "2342912" : 1,
            "2506752" : 1,
            "2539520" : 1,
            "2637824" : 1,
            "2670592" : 2,
            "2703360" : 2,
            "2736128" : 2,
            "2768896" : 1,
            "2801664" : 1,
            "2867200" : 1,
            "2932736" : 1,
            "3031040" : 1,
            "3096576" : 3,
            "3162112" : 1,
            "3686400" : 1,
            "3817472" : 1,
            "3883008" : 1,
            "3948544" : 1,
            "4145152" : 1,
            "4554752" : 1,
            "4685824" : 1,
            "5210112" : 1,
            "6717440" : 1,
            "6782976" : 1,
            "7176192" : 1,
            "8028160" : 1,
            "10682368" : 1
          }
        },
        "lat_ns" : {
          "min" : 970,
          "max" : 10651764,
          "mean" : 26284.609661,
          "stddev" : 48110.589282,
          "N" : 360640,
          "percentile" : {
            "1.000000" : 1400,
            "5.000000" : 13632,
            "10.000000" : 17280,
            "20.000000" : 18816,
            "30.000000" : 20352,
            "40.000000" : 21632,
            "50.000000" : 23168,
            "60.000000" : 24704,
            "70.000000" : 28032,
            "80.000000" : 33024,
            "90.000000" : 38144,
            "95.000000" : 41728,
            "99.000000" : 55040,
            "99.500000" : 72192,
            "99.900000" : 179200,
            "99.950000" : 440320,
            "99.990000" : 2211840
          },
          "bins" : {
            "972" : 1,
            "988" : 1,
            "1004" : 1,
            "1012" : 3,
            "1020" : 5,
            "1032" : 19,
            "1048" : 31,
            "1064" : 32,
            "1080" : 41,
            "1096" : 51,
            "1112" : 78,
            "1128" : 90,
            "1144" : 76,
            "1160" : 105,
            "1176" : 135,
            "1192" : 152,
            "1208" : 145,
            "1224" : 176,
            "1240" : 169,
            "1256" : 221,
            "1272" : 234,
            "1288" : 226,
            "1304" : 237,
            "1320" : 256,
            "1336" : 241,
            "1352" : 234,
            "1368" : 271,
            "1384" : 240,
            "1400" : 212,
            "1416" : 257,
            "1432" : 229,
            "1448" : 243,
            "1464" : 262,
            "1480" : 236,
            "1496" : 232,
            "1512" : 196,
            "1528" : 212,
            "1544" : 161,
            "1560" : 186,
            "1576" : 170,
            "1592" : 139,
            "1608" : 134,
            "1624" : 137,
            "1640" : 94,
            "1656" : 126,
            "1672" : 97,
            "1688" : 83,
            "1704" : 76,
            "1720" : 83,
            "1736" : 76,
            "1752" : 70,
            "1768" : 72,
            "1784" : 59,
            "1800" : 53,
            "1816" : 62,
            "1832" : 52,
            "1848" : 49,
            "1864" : 54,
            "1880" : 42,
            "1896" : 45,
            "1912" : 38,
            "1928" : 48,
            "1944" : 41,
            "1960" : 36,
            "1976" : 44,
            "1992" : 41,
            "2008" : 48,
            "2024" : 35,
            "2040" : 39,
            "2064" : 99,
            "2096" : 73,
            "2128" : 75,
            "2160" : 71,
            "2192" : 54,
            "2224" : 58,
            "2256" : 52,
            "2288" : 62,
            "2320" : 37,
            "2352" : 47,
            "2384" : 45,
            "2416" : 26,
            "2448" : 35,
            "2480" : 42,
            "2512" : 22,
            "2544" : 37,
            "2576" : 23,
            "2608" : 30,
            "2640" : 17,
            "2672" : 20,
            "2704" : 19,
            "2736" : 20,
            "2768" : 11,
            "2800" : 13,
            "2832" : 16,
            "2864" : 10,
            "2896" : 7,
            "2928" : 5,
            "2960" : 5,
            "2992" : 14,
            "3024" : 3,
            "3056" : 4,
            "3088" : 5,
            "3120" : 5,
            "3152" : 3,
            "3184" : 3,
            "3216" : 1,
            "3248" : 2,
            "3280" : 2,
            "3376" : 2,
            "3408" : 1,
            "3440" : 2,
            "3504" : 3,
            "3536" : 2,
            "3600" : 1,
            "3632" : 2,
            "3664" : 1,
            "3728" : 4,
            "3760" : 1,
            "3792" : 1,
            "3856" : 1,
            "3888" : 2,
            "3952" : 1,
            "3984" : 1,
            "4048" : 1,
            "4128" : 2,
            "4256" : 2,
            "4384" : 1,
            "4640" : 1,
            "5088" : 2,
            "5600" : 1,
            "5728" : 1,
            "5856" : 1,
            "5920" : 1,
            "5984" : 1,
            "6048" : 1,
            "6432" : 1,
            "6624" : 1,
            "6816" : 1,
            "7648" : 1,
            "7904" : 1,
            "8032" : 1,
            "9152" : 1,
            "10048" : 1,
            "11200" : 1,
            "11456" : 1,
            "11584" : 2,
            "11712" : 4,
            "11840" : 7,
            "11968" : 12,
            "12096" : 17,
            "12224" : 52,
            "12352" : 118,
            "12480" : 200,
            "12608" : 325,
            "12736" : 488,
            "12864" : 656,
            "12992" : 889,
            "13120" : 1071,
            "13248" : 1253,
            "13376" : 1289,
            "13504" : 1404,
            "13632" : 1375,
            "13760" : 1322,
            "13888" : 1300,
            "14016" : 1124,
            "14144" : 1057,
            "14272" : 905,
            "14400" : 787,
            "14528" : 645,
            "14656" : 562,
            "14784" : 510,
            "14912" : 453,
            "15040" : 439,
            "15168" : 340,
            "15296" : 298,
            "15424" : 294,
            "15552" : 262,
            "15680" : 299,
            "15808" : 279,
            "15936" : 291,
            "16064" : 334,
            "16192" : 337,
            "16320" : 360,
            "16512" : 923,
            "16768" : 1425,
            "17024" : 2221,
            "17280" : 3110,
            "17536" : 4159,
            "17792" : 5059,
            "18048" : 5912,
            "18304" : 6340,
            "18560" : 6464,
            "18816" : 6378,
            "19072" : 6274,
            "19328" : 5978,
            "19584" : 6023,
            "19840" : 6005,
            "20096" : 6326,
            "20352" : 6565,
            "20608" : 6765,
            "20864" : 6880,
            "21120" : 7090,
            "21376" : 7062,
            "21632" : 7023,
            "21888" : 7008,
            "22144" : 6686,
            "22400" : 6473,
            "22656" : 6366,
            "22912" : 6341,
            "23168" : 6377,
            "23424" : 6417,
            "23680" : 6382,
            "23936" : 5947,
            "24192" : 5359,
            "24448" : 5073,
            "24704" : 4422,
            "24960" : 4029,
            "25216" : 3789,
            "25472" : 3331,
            "25728" : 3084,
            "25984" : 2931,
            "26240" : 2720,
            "26496" : 2534,
            "26752" : 2444,
            "27008" : 2391,
            "27264" : 2387,
            "27520" : 2335,
            "27776" : 2176,
            "28032" : 2098,
            "28288" : 2070,
            "28544" : 1972,
            "28800" : 1861,
            "29056" : 1855,
            "29312" : 1851,
            "29568" : 1828,
            "29824" : 1745,
            "30080" : 1799,
            "30336" : 1865,
            "30592" : 1804,
            "30848" : 1688,
            "31104" : 1752,
            "31360" : 1654,
            "31616" : 1717,
            "31872" : 1709,
            "32128" : 1849,
            "32384" : 1759,
            "32640" : 1776,
            "33024" : 3674,
            "33536" : 3863,
            "34048" : 3892,
            "34560" : 3703,
            "35072" : 3683,
            "35584" : 3889,
            "36096" : 3985,
            "36608" : 4021,
            "37120" : 3723,
            "37632" : 3465,
            "38144" : 3191,
            "38656" : 2894,
            "39168" : 2738,
            "39680" : 2469,
            "40192" : 2318,
            "40704" : 2116,
            "41216" : 2004,
            "41728" : 1785,
            "42240" : 1525,
            "42752" : 1421,
            "43264" : 1296,
            "43776" : 1160,
            "44288" : 976,
            "44800" : 933,
            "45312" : 786,
            "45824" : 685,
            "46336" : 596,
            "46848" : 520,
            "47360" : 418,
            "47872" : 380,
            "48384" : 340,
            "48896" : 315,
            "49408" : 253,
            "49920" : 245,
            "50432" : 234,
            "50944" : 217,
            "51456" : 188,
            "51968" : 184,
            "52480" : 169,
            "52992" : 166,
            "53504" : 145,
            "54016" : 135,
            "54528" : 80,
            "55040" : 119,
            "55552" : 110,
            "56064" : 87,
            "56576" : 92,
            "57088" : 77,
            "57600" : 99,
            "58112" : 95,
            "58624" : 74,
            "59136" : 55,
            "59648" : 67,
            "60160" : 51,
            "60672" : 56,
            "61184" : 55,
            "61696" : 56,
            "62208" : 52,
            "62720" : 55,
            "63232" : 49,
            "63744" : 35,
            "64256" : 51,
            "64768" : 48,
            "65280" : 43,
            "66048" : 99,
            "67072" : 75,
            "68096" : 86,
            "69120" : 71,
            "70144" : 70,
            "71168" : 52,
            "72192" : 66,
            "73216" : 47,
            "74240" : 62,
            "75264" : 54,
            "76288" : 47,
            "77312" : 49,
            "78336" : 36,
            "79360" : 43,
            "80384" : 26,
            "81408" : 37,
            "82432" : 36,
            "83456" : 31,
            "84480" : 23,
            "85504" : 31,
            "86528" : 34,
            "87552" : 35,
            "88576" : 13,
            "89600" : 26,
            "90624" : 26,
            "91648" : 21,
            "92672" : 17,
            "93696" : 21,
            "94720" : 22,
            "95744" : 20,
            "96768" : 17,
            "97792" : 21,
            "98816" : 12,
            "99840" : 13,
            "100864" : 20,
            "101888" : 18,
            "102912" : 15,
            "103936" : 15,
            "104960" : 16,
            "105984" : 16,
            "107008" : 13,
            "108032" : 13,
            "109056" : 15,
            "110080" : 9,
            "111104" : 11,
            "112128" : 7,
            "113152" : 10,
            "114176" : 13,
            "115200" : 10,
            "116224" : 5,
            "117248" : 13,
            "118272" : 16,
            "119296" : 5,
            "120320" : 10,
            "121344" : 8,
            "122368" : 11,
            "123392" : 20,
            "124416" : 8,
            "125440" : 9,
            "126464" : 9,
            "127488" : 9,
            "128512" : 9,
            "129536" : 14,
            "130560" : 12,
            "132096" : 19,
            "134144" : 19,
            "136192" : 16,
            "138240" : 9,
            "140288" : 10,
            "142336" : 4,
            "144384" : 7,
            "146432" : 17,
            "148480" : 10,
            "150528" : 9,
            "152576" : 9,
            "154624" : 8,
            "156672" : 11,
            "158720" : 12,
            "160768" : 12,
            "162816" : 7,
            "164864" : 5,
            "166912" : 7,
            "168960" : 5,
            "171008" : 6,
            "173056" : 2,
            "175104" : 5,
            "177152" : 6,
            "179200" : 5,
            "181248" : 4,
            "183296" : 7,
            "185344" : 4,
            "187392" : 5,
            "189440" : 2,
            "191488" : 7,
            "193536" : 2,
            "195584" : 2,
            "199680" : 2,
            "201728" : 5,
            "203776" : 2,
            "205824" : 1,
            "207872" : 6,
            "209920" : 2,
            "211968" : 2,
            "214016" : 4,
            "216064" : 3,
            "218112" : 1,
            "220160" : 4,
            "222208" : 3,
            "224256" : 2,
            "226304" : 4,
            "228352" : 3,
            "230400" : 1,
            "232448" : 2,
            "234496" : 2,
            "236544" : 2,
            "238592" : 2,
            "240640" : 3,
            "244736" : 2,
            "246784" : 4,
            "248832" : 2,
            "250880" : 2,
            "252928" : 1,
            "254976" : 2,
            "259072" : 1,
            "261120" : 1,
            "264192" : 3,
            "268288" : 4,
            "272384" : 3,
            "276480" : 4,
            "280576" : 3,
            "284672" : 4,
            "288768" : 2,
            "292864" : 1,
            "296960" : 2,
            "301056" : 2,
            "305152" : 2,
            "309248" : 2,
            "313344" : 3,
            "317440" : 1,
            "325632" : 1,
            "329728" : 2,
            "333824" : 2,
            "337920" : 1,
            "342016" : 1,
            "346112" : 1,
            "350208" : 1,
            "354304" : 1,
            "358400" : 1,
            "366592" : 1,
            "370688" : 8,
            "378880" : 1,
            "382976" : 3,
            "387072" : 1,
            "391168" : 2,
            "395264" : 3,
            "399360" : 1,
            "407552" : 2,
            "415744" : 1,
            "419840" : 1,
            "436224" : 1,
            "440320" : 1,
            "444416" : 2,
            "448512" : 1,
            "452608" : 2,
            "456704" : 1,
            "464896" : 1,
            "468992" : 2,
            "473088" : 2,
            "477184" : 1,
            "485376" : 1,
            "489472" : 1,
            "493568" : 3,
            "497664" : 1,
            "501760" : 2,
            "505856" : 1,
            "509952" : 1,
            "518144" : 1,
            "528384" : 2,
            "536576" : 2,
            "544768" : 3,
            "552960" : 2,
            "561152" : 1,
            "577536" : 1,
            "585728" : 3,
            "593920" : 2,
            "602112" : 1,
            "610304" : 2,
            "618496" : 2,
            "626688" : 3,
            "643072" : 1,
            "651264" : 1,
            "659456" : 2,
            "675840" : 3,
            "684032" : 1,
            "692224" : 1,
            "700416" : 2,
            "716800" : 2,
            "724992" : 2,
            "733184" : 1,
            "741376" : 3,
            "765952" : 1,
            "774144" : 1,
            "782336" : 2,
            "815104" : 1,
            "831488" : 2,
            "839680" : 1,
            "847872" : 2,
            "864256" : 1,
            "880640" : 1,
            "913408" : 2,
            "954368" : 1,
            "962560" : 1,
            "970752" : 1,
            "978944" : 1,
            "1011712" : 2,
            "1028096" : 1,
            "1044480" : 1,
            "1073152" : 2,
            "1089536" : 2,
            "1105920" : 1,
            "1122304" : 3,
            "1138688" : 4,
            "1155072" : 2,
            "1171456" : 1,
            "1187840" : 2,
            "1204224" : 1,
            "1220608" : 2,
            "1236992" : 2,
            "1253376" : 2,
            "1269760" : 1,
            "1286144" : 2,
            "1351680" : 2,
            "1417216" : 2,
            "1433600" : 1,
            "1499136" : 1,
            "1515520" : 3,
            "1531904" : 3,
            "1597440" : 1,
            "1613824" : 1,
            "1630208" : 1,
            "1662976" : 1,
            "1679360" : 1,
            "1728512" : 2,
            "1744896" : 2,
            "1777664" : 1,
            "1794048" : 1,
            "1941504" : 1,
            "2023424" : 1,
            "2088960" : 1,
            "2146304" : 2,
            "2211840" : 1,
            "2244608" : 1,
            "2277376" : 1,
            "2310144" : 2,
            "2342912" : 1,
            "2506752" : 1,
            "2539520" : 1,
            "2637824" : 1,
            "2670592" : 2,
            "2703360" : 2,
            "2736128" : 1,
            "2768896" : 2,
            "2801664" : 1,
            "2867200" : 1,
            "2932736" : 1,
            "3031040" : 1,
            "3096576" : 3,
            "3162112" : 1,
            "3686400" : 1,
            "3817472" : 1,
            "3883008" : 1,
            "3948544" : 1,
            "4145152" : 1,
            "4554752" : 1,
            "4685824" : 1,
            "5210112" : 1,
            "6717440" : 1,
            "6782976" : 1,
            "7176192" : 1,
            "8028160" : 1,
            "10682368" : 1
          }
        },
        "bw_min" : 65472,
        "bw_max" : 126488,
        "bw_agg" : 100.000000,
        "bw_mean" : 96170.400000,
        "bw_dev" : 14534.897520,
        "bw_samples" : 30,
        "iops_min" : 16368,
        "iops_max" : 31622,
        "iops_mean" : 24042.600000,
        "iops_stddev" : 3633.724380,
        "iops_samples" : 30
      },
      "write" : {
        "io_bytes" : 1475612672,
        "io_kbytes" : 1441028,
        "bw_bytes" : 97975743,
        "bw" : 95679,
        "iops" : 23919.859239,
        "runtime" : 15061,
        "total_ios" : 360257,
        "short_ios" : 0,
        "drop_ios" : 0,
        "slat_ns" : {
          "min" : 0,
          "max" : 0,
          "mean" : 0.000000,
          "stddev" : 0.000000,
          "N" : 0
        },
        "clat_ns" : {
          "min" : 2083,
          "max" : 20807804,
          "mean" : 8182.366561,
          "stddev" : 169855.379911,
          "N" : 360257,
          "percentile" : {
            "1.000000" : 2864,
            "5.000000" : 3184,
            "10.000000" : 3408,
            "20.000000" : 3760,
            "30.000000" : 4320,
            "40.000000" : 5152,
            "50.000000" : 5536,
            "60.000000" : 5920,
            "70.000000" : 6432,
            "80.000000" : 7392,
            "90.000000" : 9408,
            "95.000000" : 10944,
            "99.000000" : 13888,
            "99.500000" : 16512,
            "99.900000" : 49920,
            "99.950000" : 109056,
            "99.990000" : 13041664
          },
          "bins" : {
            "2096" : 1,
            "2128" : 1,
            "2192" : 3,
            "2224" : 6,
            "2256" : 1,
            "2288" : 4,
            "2320" : 17,
            "2352" : 17,
            "2384" : 28,
            "2416" : 43,
            "2448" : 47,
            "2480" : 74,
            "2512" : 80,
            "2544" : 94,
            "2576" : 126,
            "2608" : 157,
            "2640" : 190,
            "2672" : 230,
            "2704" : 297,
            "2736" : 357,
            "2768" : 422,
            "2800" : 503,
            "2832" : 609,
            "2864" : 699,
            "2896" : 860,
            "2928" : 976,
            "2960" : 1152,
            "2992" : 1219,
            "3024" : 1414,
            "3056" : 1548,
            "3088" : 1714,
            "3120" : 1847,
            "3152" : 1997,
            "3184" : 2138,
            "3216" : 2262,
            "3248" : 2493,
            "3280" : 2618,
            "3312" : 2772,
            "3344" : 2825,
            "3376" : 3025,
            "3408" : 3004,
            "3440" : 3029,
            "3472" : 3118,
            "3504" : 3176,
            "3536" : 3244,
            "3568" : 3218,
            "3600" : 3219,
            "3632" : 3205,
            "3664" : 3118,
            "3696" : 3078,
            "3728" : 3066,
            "3760" : 3027,
            "3792" : 2847,
            "3824" : 2822,
            "3856" : 2789,
            "3888" : 2573,
            "3920" : 2465,
            "3952" : 2347,
            "3984" : 2307,
            "4016" : 2061,
            "4048" : 2157,
            "4080" : 1979,
            "4128" : 3676,
            "4192" : 3327,
            "4256" : 2974,
            "4320" : 2825,
            "4384" : 2464,
            "4448" : 2536,
            "4512" : 2326,
            "4576" : 2344,
            "4640" : 2385,
            "4704" : 2480,
            "4768" : 2732,
            "4832" : 2857,
            "4896" : 3079,
            "4960" : 3464,
            "5024" : 3684,
            "5088" : 3994,
            "5152" : 4343,
            "5216" : 4731,
            "5280" : 5130,
            "5344" : 5298,
            "5408" : 5505,
            "5472" : 5761,
            "5536" : 5791,
            "5600" : 6172,
            "5664" : 6227,
            "5728" : 6245,
            "5792" : 6047,
            "5856" : 5907,
            "5920" : 5860,
            "5984" : 5739,
            "6048" : 5328,
            "6112" : 5054,
            "6176" : 4935,
            "6240" : 4498,
            "6304" : 4367,
            "6368" : 3917,
            "6432" : 3814,
            "6496" : 3523,
            "6560" : 3188,
            "6624" : 2944,
            "6688" : 2865,
            "6752" : 2646,
            "6816" : 2487,
            "6880" : 2330,
            "6944" : 2238,
            "7008" : 2024,
            "7072" : 1946,
            "7136" : 1855,
            "7200" : 1816,
            "7264" : 1668,
            "7328" : 1615,
            "7392" : 1560,
            "7456" : 1325,
            "7520" : 1389,
            "7584" : 1264,
            "7648" : 1217,
            "7712" : 1242,
            "7776" : 1129,
            "7840" : 1097,
            "7904" : 1122,
            "7968" : 1128,
            "8032" : 1014,
            "8096" : 1037,
            "8160" : 1079,
            "8256" : 2153,
            "8384" : 2132,
            "8512" : 2238,
            "8640" : 2185,
            "8768" : 2142,
            "8896" : 2096,
            "9024" : 2071,
            "9152" : 2055,
            "9280" : 1988,
            "9408" : 1948,
            "9536" : 1918,
            "9664" : 1816,
            "9792" : 1794,
            "9920" : 1750,
            "10048" : 1621,
            "10176" : 1589,
            "10304" : 1574,
            "10432" : 1471,
            "10560" : 1441,
            "10688" : 1431,
            "10816" : 1249,
            "10944" : 1259,
            "11072" : 1157,
            "11200" : 1174,
            "11328" : 1088,
            "11456" : 1019,
            "11584" : 916,
            "11712" : 856,
            "11840" : 775,
            "11968" : 760,
            "12096" : 717,
            "12224" : 636,
            "12352" : 581,
            "12480" : 531,
            "12608" : 493,
            "12736" : 429,
            "12864" : 430,
            "12992" : 349,
            "13120" : 317,
            "13248" : 278,
            "13376" : 243,
            "13504" : 232,
            "13632" : 209,
            "13760" : 196,
            "13888" : 208,
            "14016" : 165,
            "14144" : 148,
            "14272" : 138,
            "14400" : 118,
            "14528" : 119,
            "14656" : 93,
            "14784" : 75,
            "14912" : 95,
            "15040" : 79,
            "15168" : 80,
            "15296" : 84,
            "15424" : 49,
            "15552" : 58,
            "15680" : 58,
            "15808" : 55,
            "15936" : 48,
            "16064" : 53,
            "16192" : 33,
            "16320" : 56,
            "16512" : 99,
            "16768" : 72,
            "17024" : 79,
            "17280" : 51,
            "17536" : 58,
            "17792" : 49,
            "18048" : 51,
            "18304" : 39,
            "18560" : 43,
            "18816" : 51,
            "19072" : 42,
            "19328" : 23,
            "19584" : 22,
            "19840" : 21,
            "20096" : 25,
            "20352" : 28,
            "20608" : 27,
            "20864" : 15,
            "21120" : 16,
            "21376" : 18,
            "21632" : 18,
            "21888" : 23,
            "22144" : 18,
            "22400" : 13,
            "22656" : 29,
            "22912" : 14,
            "23168" : 13,
            "23424" : 11,
            "23680" : 14,
            "23936" : 14,
            "24192" : 17,
            "24448" : 15,
            "24704" : 9,
            "24960" : 15,
            "25216" : 13,
            "25472" : 5,
            "25728" : 6,
            "25984" : 9,
            "26240" : 7,
            "26496" : 10,
            "26752" : 9,
            "27008" : 9,
            "27264" : 7,
            "27520" : 13,
            "27776" : 8,
            "28032" : 8,
            "28288" : 1,
            "28544" : 7,
            "28800" : 5,
            "29056" : 5,
            "29312" : 3,
            "29568" : 14,
            "29824" : 4,
            "30080" : 4,
            "30336" : 3,
            "30592" : 6,
            "30848" : 4,
            "31104" : 5,
            "31360" : 2,
            "31616" : 4,
            "31872" : 4,
            "32128" : 4,
            "32384" : 2,
            "32640" : 4,
            "33024" : 11,
            "33536" : 7,
            "34048" : 11,
            "34560" : 8,
            "35072" : 6,
            "35584" : 7,
            "36096" : 9,
            "36608" : 11,
            "37120" : 15,
            "37632" : 16,
            "38144" : 9,
            "38656" : 5,
            "39168" : 14,
            "39680" : 15,
            "40192" : 4,
            "40704" : 4,
            "41216" : 5,
            "41728" : 11,
            "42240" : 8,
            "42752" : 7,
            "43264" : 2,
            "43776" : 13,
            "44288" : 7,
            "44800" : 7,
            "45312" : 7,
            "45824" : 7,
            "46336" : 6,
            "46848" : 7,
            "47360" : 2,
            "47872" : 5,
            "48384" : 4,
            "48896" : 3,
            "49408" : 2,
            "49920" : 9,
            "50432" : 3,
            "50944" : 5,
            "51456" : 8,
            "51968" : 5,
            "52480" : 3,
            "52992" : 3,
            "53504" : 7,
            "54016" : 4,
            "54528" : 3,
            "55040" : 4,
            "55552" : 4,
            "56064" : 5,
            "56576" : 4,
            "57088" : 5,
            "57600" : 2,
            "58112" : 2,
            "58624" : 1,
            "59136" : 3,
            "59648" : 2,
            "60160" : 2,
            "61184" : 1,
            "61696" : 3,
            "62208" : 3,
            "62720" : 2,
            "63232" : 1,
            "63744" : 3,
            "64256" : 1,
            "65280" : 1,
            "66048" : 4,
            "67072" : 3,
            "68096" : 5,
            "69120" : 5,
            "70144" : 4,
            "71168" : 4,
            "72192" : 3,
            "73216" : 2,
            "74240" : 5,
            "75264" : 2,
            "76288" : 5,
            "77312" : 6,
            "78336" : 3,
            "79360" : 3,
            "80384" : 4,
            "81408" : 2,
            "83456" : 1,
            "84480" : 1,
            "85504" : 1,
            "86528" : 2,
            "87552" : 1,
            "88576" : 1,
            "89600" : 3,
            "90624" : 1,
            "91648" : 1,
            "92672" : 1,
            "94720" : 4,
            "96768" : 1,
            "97792" : 1,
            "98816" : 1,
            "99840" : 1,
            "102912" : 1,
            "103936" : 1,
            "104960" : 1,
            "105984" : 2,
            "108032" : 1,
            "109056" : 1,
            "110080" : 3,
            "112128" : 5,
            "113152" : 3,
            "114176" : 3,
            "115200" : 1,
            "116224" : 2,
            "117248" : 1,
            "118272" : 2,
            "119296" : 2,
            "120320" : 1,
            "124416" : 1,
            "125440" : 1,
            "127488" : 3,
            "128512" : 1,
            "129536" : 3,
            "130560" : 1,
            "132096" : 2,
            "136192" : 3,
            "142336" : 4,
            "144384" : 2,
            "146432" : 1,
            "148480" : 1,
            "156672" : 2,
            "158720" : 2,
            "164864" : 2,
            "166912" : 2,
            "168960" : 1,
            "171008" : 1,
            "173056" : 2,
            "179200" : 1,
            "185344" : 1,
            "187392" : 2,
            "189440" : 1,
            "193536" : 2,
            "197632" : 1,
            "199680" : 1,
            "205824" : 1,
            "209920" : 1,
            "211968" : 1,
            "218112" : 3,
            "222208" : 1,
            "224256" : 2,
            "230400" : 1,
            "232448" : 1,
            "238592" : 1,
            "254976" : 1,
            "257024" : 1,
            "259072" : 1,
            "272384" : 1,
            "292864" : 2,
            "296960" : 1,
            "309248" : 1,
            "321536" : 1,
            "350208" : 1,
            "370688" : 1,
            "382976" : 1,
            "411648" : 2,
            "419840" : 1,
            "428032" : 1,
            "464896" : 1,
            "561152" : 1,
            "577536" : 1,
            "626688" : 1,
            "651264" : 1,
            "675840" : 1,
            "692224" : 1,
            "765952" : 1,
            "774144" : 1,
            "782336" : 1,
            "1019904" : 1,
            "1056768" : 1,
            "1073152" : 2,
            "1286144" : 1,
            "1318912" : 1,
            "1384448" : 1,
            "1630208" : 1,
            "1744896" : 1,
            "1761280" : 1,
            "2506752" : 1,
            "2736128" : 1,
            "2867200" : 1,
            "3031040" : 2,
            "3227648" : 1,
            "3457024" : 1,
            "3817472" : 1,
            "3981312" : 1,
            "4227072" : 1,
            "4423680" : 1,
            "4947968" : 1,
            "5799936" : 1,
            "5931008" : 1,
            "6324224" : 1,
            "6651904" : 1,
            "7176192" : 1,
            "7372800" : 1,
            "7700480" : 1,
            "7962624" : 1,
            "10158080" : 1,
            "10289152" : 2,
            "10944512" : 1,
            "11337728" : 1,
            "12779520" : 1,
            "12910592" : 1,
            "13041664" : 3,
            "13172736" : 1,
            "13303808" : 2,
            "13565952" : 3,
            "13828096" : 2,
            "13959168" : 2,
            "14090240" : 1,
            "14352384" : 4,
            "14483456" : 2,
            "14614528" : 1,
            "14745600" : 1,
            "14876672" : 1,
            "15007744" : 2,
            "15138816" : 1,
            "15400960" : 1,
            "15532032" : 1,
            "15794176" : 3,
            "16187392" : 1,
            "17956864" : 1,
            "18219008" : 1,
            "19791872" : 1,
            "20578304" : 2,
            "20840448" : 1
          }
        },
        "lat_ns" : {
          "min" : 2126,
          "max" : 20807982,
          "mean" : 8304.497578,
          "stddev" : 169863.179313,
          "N" : 360257,
          "percentile" : {
            "1.000000" : 2928,
            "5.000000" : 3248,
            "10.000000" : 3472,
            "20.000000" : 3824,
            "30.000000" : 4384,
            "40.000000" : 5216,
            "50.000000" : 5664,
            "60.000000" : 6048,
            "70.000000" : 6560,
            "80.000000" : 7520,
            "90.000000" : 9664,
            "95.000000" : 11200,
            "99.000000" : 14144,
            "99.500000" : 16768,
            "99.900000" : 51456,
            "99.950000" : 110080,
            "99.990000" : 13041664
          },
          "bins" : {
            "2128" : 1,
            "2160" : 1,
            "2224" : 2,
            "2256" : 4,
            "2288" : 4,
            "2352" : 7,
            "2384" : 20,
            "2416" : 14,
            "2448" : 40,
            "2480" : 39,
            "2512" : 57,
            "2544" : 71,
            "2576" : 87,
            "2608" : 95,
            "2640" : 139,
            "2672" : 164,
            "2704" : 201,
            "2736" : 255,
            "2768" : 307,
            "2800" : 372,
            "2832" : 447,
            "2864" : 522,
            "2896" : 639,
            "2928" : 761,
            "2960" : 865,
            "2992" : 1000,
            "3024" : 1197,
            "3056" : 1264,
            "3088" : 1457,
            "3120" : 1562,
            "3152" : 1729,
            "3184" : 1911,
            "3216" : 2034,
            "3248" : 2164,
            "3280" : 2268,
            "3312" : 2532,
            "3344" : 2672,
            "3376" : 2779,
            "3408" : 2854,
            "3440" : 3005,
            "3472" : 3038,
            "3504" : 2999,
            "3536" : 3123,
            "3568" : 3265,
            "3600" : 3156,
            "3632" : 3250,
            "3664" : 3181,
            "3696" : 3216,
            "3728" : 3065,
            "3760" : 3083,
            "3792" : 3008,
            "3824" : 2977,
            "3856" : 2885,
            "3888" : 2766,
            "3920" : 2756,
            "3952" : 2525,
            "3984" : 2455,
            "4016" : 2337,
            "4048" : 2241,
            "4080" : 2068,
            "4128" : 4057,
            "4192" : 3669,
            "4256" : 3206,
            "4320" : 2950,
            "4384" : 2658,
            "4448" : 2478,
            "4512" : 2388,
            "4576" : 2245,
            "4640" : 2181,
            "4704" : 2169,
            "4768" : 2228,
            "4832" : 2457,
            "4896" : 2611,
            "4960" : 2733,
            "5024" : 3003,
            "5088" : 3326,
            "5152" : 3711,
            "5216" : 3844,
            "5280" : 4327,
            "5344" : 4571,
            "5408" : 4959,
            "5472" : 5238,
            "5536" : 5448,
            "5600" : 5597,
            "5664" : 5725,
            "5728" : 6134,
            "5792" : 6076,
            "5856" : 6189,
            "5920" : 6025,
            "5984" : 5778,
            "6048" : 5828,
            "6112" : 5674,
            "6176" : 5382,
            "6240" : 5017,
            "6304" : 4936,
            "6368" : 4412,
            "6432" : 4306,
            "6496" : 3973,
            "6560" : 3761,
            "6624" : 3560,
            "6688" : 3183,
            "6752" : 2950,
            "6816" : 2840,
            "6880" : 2727,
            "6944" : 2427,
            "7008" : 2375,
            "7072" : 2168,
            "7136" : 1997,
            "7200" : 2006,
            "7264" : 1799,
            "7328" : 1778,
            "7392" : 1672,
            "7456" : 1591,
            "7520" : 1507,
            "7584" : 1414,
            "7648" : 1304,
            "7712" : 1245,
            "7776" : 1223,
            "7840" : 1187,
            "7904" : 1159,
            "7968" : 1066,
            "8032" : 1080,
            "8096" : 1058,
            "8160" : 1042,
            "8256" : 1983,
            "8384" : 2087,
            "8512" : 2026,
            "8640" : 2161,
            "8768" : 2126,
            "8896" : 2095,
            "9024" : 2119,
            "9152" : 2059,
            "9280" : 1962,
            "9408" : 2035,
            "9536" : 1939,
            "9664" : 1886,
            "9792" : 1846,
            "9920" : 1796,
            "10048" : 1728,
            "10176" : 1652,
            "10304" : 1586,
            "10432" : 1588,
            "10560" : 1516,
            "10688" : 1486,
            "10816" : 1378,
            "10944" : 1344,
            "11072" : 1247,
            "11200" : 1234,
            "11328" : 1133,
            "11456" : 1135,
            "11584" : 1073,
            "11712" : 1018,
            "11840" : 887,
            "11968" : 832,
            "12096" : 751,
            "12224" : 756,
            "12352" : 711,
            "12480" : 589,
            "12608" : 583,
            "12736" : 525,
            "12864" : 489,
            "12992" : 417,
            "13120" : 409,
            "13248" : 363,
            "13376" : 314,
            "13504" : 278,
            "13632" : 236,
            "13760" : 228,
            "13888" : 212,
            "14016" : 204,
            "14144" : 206,
            "14272" : 152,
            "14400" : 151,
            "14528" : 148,
            "14656" : 123,
            "14784" : 106,
            "14912" : 87,
            "15040" : 90,
            "15168" : 87,
            "15296" : 74,
            "15424" : 87,
            "15552" : 76,
            "15680" : 60,
            "15808" : 52,
            "15936" : 57,
            "16064" : 55,
            "16192" : 53,
            "16320" : 47,
            "16512" : 93,
            "16768" : 103,
            "17024" : 77,
            "17280" : 71,
            "17536" : 47,
            "17792" : 62,
            "18048" : 42,
            "18304" : 49,
            "18560" : 51,
            "18816" : 47,
            "19072" : 39,
            "19328" : 33,
            "19584" : 33,
            "19840" : 17,
            "20096" : 27,
            "20352" : 23,
            "20608" : 30,
            "20864" : 26,
            "21120" : 14,
            "21376" : 13,
            "21632" : 22,
            "21888" : 20,
            "22144" : 15,
            "22400" : 19,
            "22656" : 20,
            "22912" : 21,
            "23168" : 15,
            "23424" : 16,
            "23680" : 14,
            "23936" : 15,
            "24192" : 16,
            "24448" : 16,
            "24704" : 9,
            "24960" : 14,
            "25216" : 15,
            "25472" : 10,
            "25728" : 6,
            "25984" : 8,
            "26240" : 9,
            "26496" : 9,
            "26752" : 7,
            "27008" : 11,
            "27264" : 6,
            "27520" : 5,
            "27776" : 14,
            "28032" : 9,
            "28288" : 6,
            "28544" : 1,
            "28800" : 9,
            "29056" : 6,
            "29312" : 3,
            "29568" : 11,
            "29824" : 6,
            "30080" : 4,
            "30336" : 7,
            "30592" : 2,
            "30848" : 5,
            "31104" : 5,
            "31360" : 6,
            "31616" : 3,
            "31872" : 5,
            "32128" : 2,
            "32384" : 4,
            "32640" : 2,
            "33024" : 9,
            "33536" : 11,
            "34048" : 9,
            "34560" : 8,
            "35072" : 8,
            "35584" : 5,
            "36096" : 13,
            "36608" : 8,
            "37120" : 9,
            "37632" : 19,
            "38144" : 11,
            "38656" : 7,
            "39168" : 8,
            "39680" : 16,
            "40192" : 8,
            "40704" : 6,
            "41216" : 3,
            "41728" : 9,
            "42240" : 9,
            "42752" : 6,
            "43264" : 9,
            "43776" : 7,
            "44288" : 12,
            "44800" : 6,
            "45312" : 7,
            "45824" : 5,
            "46336" : 8,
            "46848" : 4,
            "47360" : 7,
            "47872" : 2,
            "48384" : 5,
            "48896" : 3,
            "49408" : 2,
            "49920" : 3,
            "50432" : 8,
            "50944" : 4,
            "51456" : 7,
            "51968" : 9,
            "52480" : 4,
            "53504" : 8,
            "54016" : 5,
            "54528" : 3,
            "55040" : 7,
            "55552" : 3,
            "56064" : 3,
            "56576" : 7,
            "57088" : 4,
            "57600" : 3,
            "58112" : 1,
            "58624" : 1,
            "59136" : 3,
            "59648" : 3,
            "60672" : 2,
            "61184" : 1,
            "61696" : 2,
            "62208" : 2,
            "62720" : 3,
            "63232" : 1,
            "63744" : 1,
            "64256" : 3,
            "64768" : 1,
            "65280" : 1,
            "66048" : 4,
            "67072" : 3,
            "68096" : 3,
            "69120" : 6,
            "70144" : 3,
            "71168" : 6,
            "72192" : 2,
            "73216" : 3,
            "74240" : 6,
            "75264" : 2,
            "76288" : 4,
            "77312" : 7,
            "78336" : 4,
            "79360" : 3,
            "80384" : 4,
            "81408" : 3,
            "84480" : 2,
            "86528" : 3,
            "87552" : 1,
            "88576" : 1,
            "90624" : 3,
            "91648" : 1,
            "93696" : 2,
            "94720" : 4,
            "96768" : 1,
            "98816" : 1,
            "99840" : 2,
            "102912" : 1,
            "104960" : 1,
            "105984" : 2,
            "108032" : 2,
            "109056" : 1,
            "110080" : 3,
            "112128" : 2,
            "113152" : 4,
            "114176" : 3,
            "115200" : 1,
            "116224" : 1,
            "117248" : 1,
            "118272" : 2,
            "119296" : 2,
            "121344" : 1,
            "123392" : 1,
            "124416" : 2,
            "125440" : 1,
            "127488" : 3,
            "129536" : 4,
            "132096" : 3,
            "136192" : 3,
            "142336" : 3,
            "144384" : 3,
            "148480" : 2,
            "156672" : 2,
            "158720" : 4,
            "166912" : 2,
            "168960" : 1,
            "171008" : 1,
            "173056" : 2,
            "179200" : 1,
            "181248" : 1,
            "185344" : 1,
            "187392" : 2,
            "189440" : 1,
            "193536" : 2,
            "197632" : 1,
            "199680" : 1,
            "209920" : 1,
            "218112" : 3,
            "222208" : 1,
            "224256" : 1,
            "226304" : 1,
            "230400" : 1,
            "232448" : 1,
            "238592" : 1,
            "248832" : 1,
            "254976" : 1,
            "257024" : 1,
            "259072" : 1,
            "272384" : 1,
            "292864" : 1,
            "296960" : 1,
            "309248" : 1,
            "317440" : 1,
            "321536" : 1,
            "333824" : 1,
            "342016" : 1,
            "350208" : 1,
            "370688" : 1,
            "382976" : 1,
            "411648" : 2,
            "419840" : 1,
            "428032" : 1,
            "464896" : 2,
            "561152" : 1,
            "577536" : 1,
            "626688" : 1,
            "651264" : 1,
            "675840" : 1,
            "692224" : 1,
            "765952" : 1,
            "774144" : 1,
            "782336" : 1,
            "1019904" : 1,
            "1056768" : 1,
            "1073152" : 2,
            "1286144" : 1,
            "1318912" : 1,
            "1384448" : 1,
            "1630208" : 1,
            "1744896" : 1,
            "1761280" : 1,
            "2506752" : 1,
            "2736128" : 1,
            "2867200" : 1,
            "3031040" : 2,
            "3227648" : 1,
            "3457024" : 1,
            "3817472" : 1,
            "3981312" : 1,
            "4227072" : 1,
            "4423680" : 1,
            "4947968" : 1,
            "5799936" : 1,
            "5931008" : 1,
            "6324224" : 1,
            "6651904" : 1,
            "7176192" : 1,
            "7372800" : 1,
            "7700480" : 1,
            "7962624" : 1,
            "10158080" : 1,
            "10289152" : 2,
            "10944512" : 1,
            "11337728" : 1,
            "12779520" : 1,
            "12910592" : 1,
            "13041664" : 3,
            "13172736" : 1,
            "13303808" : 2,
            "13565952" : 3,
            "13828096" : 2,
            "13959168" : 2,
            "14090240" : 1,
            "14352384" : 4,
            "14483456" : 2,
            "14614528" : 1,
            "14745600" : 1,
            "14876672" : 1,
            "15007744" : 2,
            "15138816" : 1,
            "15400960" : 1,
            "15532032" : 1,
            "15794176" : 3,
            "16187392" : 1,
            "17956864" : 1,
            "18219008" : 1,
            "19791872" : 1,
            "20578304" : 2,
            "20840448" : 1
          }
        },
        "bw_min" : 64384,
        "bw_max" : 124328,
        "bw_agg" : 100.000000,
        "bw_mean" : 96068.533333,
        "bw_dev" : 14660.896138,
        "bw_samples" : 30,
        "iops_min" : 16096,
        "iops_max" : 31082,
        "iops_mean" : 24017.133333,
        "iops_stddev" : 3665.224034,
        "iops_samples" : 30
      },
      "trim" : {
        "io_bytes" : 0,
        "io_kbytes" : 0,
        "bw_bytes" : 0,
        "bw" : 0,
        "iops" : 0.000000,
        "runtime" : 0,
        "total_ios" : 0,
        "short_ios" : 0,
        "drop_ios" : 0,
        "slat_ns" : {
          "min" : 0,
          "max" : 0,
          "mean" : 0.000000,
          "stddev" : 0.000000,
          "N" : 0
        },
        "clat_ns" : {
          "min" : 0,
          "max" : 0,
          "mean" : 0.000000,
          "stddev" : 0.000000,
          "N" : 0
        },
        "lat_ns" : {
          "min" : 0,
          "max" : 0,
          "mean" : 0.000000,
          "stddev" : 0.000000,
          "N" : 0
        },
        "bw_min" : 0,
        "bw_max" : 0,
        "bw_agg" : 0.000000,
        "bw_mean" : 0.000000,
        "bw_dev" : 0.000000,
        "bw_samples" : 0,
        "iops_min" : 0,
        "iops_max" : 0,
        "iops_mean" : 0.000000,
        "iops_stddev" : 0.000000,
        "iops_samples" : 0
      },
      "sync" : {
        "total_ios" : 0,
        "lat_ns" : {
          "min" : 0,
          "max" : 0,
          "mean" : 0.000000,
          "stddev" : 0.000000,
          "N" : 0
        }
      },
      "job_runtime" : 15060,
      "usr_cpu" : 7.370518,
      "sys_cpu" : 48.725100,
      "ctx" : 388667,
      "majf" : 0,
      "minf" : 18,
      "iodepth_level" : {
        "1" : 100.000000,
        "2" : 0.000000,
        "4" : 0.000000,
        "8" : 0.000000,
        "16" : 0.000000,
        "32" : 0.000000,
        ">=64" : 0.000000
      },
      "iodepth_submit" : {
        "0" : 0.000000,
        "4" : 100.000000,
        "8" : 0.000000,
        "16" : 0.000000,
        "32" : 0.000000,
        "64" : 0.000000,
        ">=64" : 0.000000
      },
      "iodepth_complete" : {
        "0" : 0.000000,
        "4" : 100.000000,
        "8" : 0.000000,
        "16" : 0.000000,
        "32" : 0.000000,
        "64" : 0.000000,
        ">=64" : 0.000000
      },
      "latency_ns" : {
        "2" : 0.000000,
        "4" : 0.000000,
        "10" : 0.000000,
        "20" : 0.000000,
        "50" : 0.000000,
        "100" : 0.000000,
        "250" : 0.000000,
        "500" : 0.000000,
        "750" : 0.000000,
        "1000" : 0.010000
      },
      "latency_us" : {
        "2" : 1.143159,
        "4" : 12.678233,
        "10" : 33.464420,
        "20" : 16.331598,
        "50" : 35.603422,
        "100" : 0.620616,
        "250" : 0.105702,
        "500" : 0.015814,
        "750" : 0.010000,
        "1000" : 0.010000
      },
      "latency_ms" : {
        "2" : 0.010000,
        "4" : 0.010000,
        "10" : 0.010000,
        "20" : 0.010000,
        "50" : 0.010000,
        "100" : 0.000000,
        "250" : 0.000000,
        "500" : 0.000000,
        "750" : 0.000000,
        "1000" : 0.000000,
        "2000" : 0.000000,
        ">=2000" : 0.000000
      },
      "latency_depth" : 128,
      "latency_target" : 0,
      "latency_percentile" : 100.000000,
      "latency_window" : 0
    }
  ]
}
