{
  "fio version" : "fio-3.32-36-g5932",
  "timestamp" : 1664234501,
  "timestamp_ms" : 1664234501262,
  "time" : "Tue Sep 27 01:21:41 2022",
  "global options" : {
    "size" : "512K",
    "rw" : "randrw",
    "bs" : "4K",
    "numjobs" : "1",
    "iodepth" : "128",
    "runtime" : "15",
    "end_fsync" : "1",
    "lat_percentiles" : "1",
    "slat_percentiles" : "1",
    "clat_percentiles" : "1"
  },
  "jobs" : [
    {
      "jobname" : "random-rw",
      "groupid" : 0,
      "error" : 0,
      "eta" : 0,
      "elapsed" : 16,
      "job options" : {
        "name" : "random-rw"
      },
      "read" : {
        "io_bytes" : 2935570432,
        "io_kbytes" : 2866768,
        "bw_bytes" : 195691649,
        "bw" : 191105,
        "iops" : 47776.281581,
        "runtime" : 15001,
        "total_ios" : 716692,
        "short_ios" : 0,
        "drop_ios" : 0,
        "slat_ns" : {
          "min" : 0,
          "max" : 0,
          "mean" : 0.000000,
          "stddev" : 0.000000,
          "N" : 0
        },
        "clat_ns" : {
          "min" : 725,
          "max" : 6976225,
          "mean" : 13767.237313,
          "stddev" : 16143.963458,
          "N" : 716692,
          "percentile" : {
            "1.000000" : 6304,
            "5.000000" : 6688,
            "10.000000" : 9408,
            "20.000000" : 10304,
            "30.000000" : 11072,
            "40.000000" : 11328,
            "50.000000" : 11968,
            "60.000000" : 13504,
            "70.000000" : 14912,
            "80.000000" : 16768,
            "90.000000" : 19328,
            "95.000000" : 21376,
            "99.000000" : 30848,
            "99.500000" : 41728,
            "99.900000" : 75264,
            "99.950000" : 121344,
            "99.990000" : 528384
          },
          "bins" : {
            "724" : 1,
            "732" : 4,
            "740" : 5,
            "748" : 7,
            "756" : 4,
            "764" : 5,
            "772" : 5,
            "780" : 10,
            "788" : 5,
            "796" : 7,
            "804" : 7,
            "812" : 3,
            "820" : 7,
            "828" : 6,
            "836" : 17,
            "844" : 4,
            "852" : 9,
            "860" : 16,
            "868" : 6,
            "876" : 6,
            "884" : 11,
            "892" : 6,
            "900" : 8,
            "908" : 9,
            "916" : 7,
            "924" : 6,
            "932" : 7,
            "940" : 4,
            "948" : 3,
            "956" : 1,
            "964" : 1,
            "980" : 1,
            "988" : 5,
            "996" : 1,
            "1004" : 1,
            "1012" : 4,
            "1020" : 1,
            "1032" : 2,
            "1048" : 5,
            "1064" : 3,
            "1080" : 2,
            "1112" : 4,
            "1128" : 2,
            "1144" : 4,
            "1160" : 5,
            "1176" : 2,
            "1192" : 3,
            "1208" : 5,
            "1256" : 2,
            "1272" : 3,
            "1288" : 2,
            "1304" : 3,
            "1320" : 2,
            "1336" : 4,
            "1352" : 2,
            "1368" : 3,
            "1384" : 2,
            "1400" : 4,
            "1416" : 1,
            "1432" : 5,
            "1448" : 3,
            "1464" : 2,
            "1480" : 2,
            "1496" : 1,
            "1512" : 1,
            "1528" : 3,
            "1544" : 1,
            "1576" : 1,
            "1608" : 4,
            "1624" : 1,
            "1656" : 3,
            "1672" : 1,
            "1688" : 1,
            "1704" : 4,
            "1720" : 1,
            "1736" : 2,
            "1752" : 2,
            "1784" : 4,
            "1816" : 2,
            "1848" : 2,
            "1896" : 1,
            "1928" : 3,
            "1944" : 1,
            "1960" : 1,
            "1976" : 1,
            "2024" : 1,
            "2040" : 1,
            "2064" : 1,
            "2096" : 1,
            "2128" : 1,
            "2192" : 1,
            "2224" : 2,
            "2256" : 1,
            "2416" : 2,
            "2544" : 1,
            "2672" : 1,
            "2832" : 1,
            "2992" : 1,
            "3024" : 1,
            "5984" : 1,
            "6048" : 28,
            "6112" : 326,
            "6176" : 1192,
            "6240" : 2600,
            "6304" : 4270,
            "6368" : 6247,
            "6432" : 6836,
            "6496" : 5705,
            "6560" : 4290,
            "6624" : 2902,
            "6688" : 2132,
            "6752" : 1524,
            "6816" : 1154,
            "6880" : 705,
            "6944" : 554,
            "7008" : 405,
            "7072" : 285,
            "7136" : 290,
            "7200" : 371,
            "7264" : 449,
            "7328" : 516,
            "7392" : 469,
            "7456" : 391,
            "7520" : 291,
            "7584" : 249,
            "7648" : 186,
            "7712" : 158,
            "7776" : 143,
            "7840" : 137,
            "7904" : 112,
            "7968" : 108,
            "8032" : 94,
            "8096" : 86,
            "8160" : 74,
            "8256" : 159,
            "8384" : 131,
            "8512" : 128,
            "8640" : 104,
            "8768" : 121,
            "8896" : 306,
            "9024" : 1618,
            "9152" : 4813,
            "9280" : 8608,
            "9408" : 13124,
            "9536" : 14004,
            "9664" : 12623,
            "9792" : 9805,
            "9920" : 6145,
            "10048" : 5199,
            "10176" : 8907,
            "10304" : 14312,
            "10432" : 16546,
            "10560" : 13716,
            "10688" : 9965,
            "10816" : 9207,
            "10944" : 16362,
            "11072" : 29090,
            "11200" : 36673,
            "11328" : 31996,
            "11456" : 21263,
            "11584" : 12665,
            "11712" : 7604,
            "11840" : 5754,
            "11968" : 5520,
            "12096" : 6113,
            "12224" : 6418,
            "12352" : 5799,
            "12480" : 5058,
            "12608" : 4646,
            "12736" : 4341,
            "12864" : 4707,
            "12992" : 5228,
            "13120" : 5850,
            "13248" : 6550,
            "13376" : 6947,
            "13504" : 7013,
            "13632" : 7320,
            "13760" : 7461,
            "13888" : 7229,
            "14016" : 7233,
            "14144" : 7217,
            "14272" : 7019,
            "14400" : 6607,
            "14528" : 6156,
            "14656" : 5737,
            "14784" : 5448,
            "14912" : 5135,
            "15040" : 4819,
            "15168" : 4544,
            "15296" : 4353,
            "15424" : 4290,
            "15552" : 4416,
            "15680" : 4572,
            "15808" : 4693,
            "15936" : 4959,
            "16064" : 4922,
            "16192" : 5018,
            "16320" : 4981,
            "16512" : 9490,
            "16768" : 8977,
            "17024" : 8531,
            "17280" : 8234,
            "17536" : 8035,
            "17792" : 7969,
            "18048" : 8153,
            "18304" : 7578,
            "18560" : 7014,
            "18816" : 6872,
            "19072" : 6992,
            "19328" : 7111,
            "19584" : 6250,
            "19840" : 5199,
            "20096" : 4379,
            "20352" : 3931,
            "20608" : 3558,
            "20864" : 3216,
            "21120" : 3092,
            "21376" : 2787,
            "21632" : 2539,
            "21888" : 2215,
            "22144" : 2119,
            "22400" : 1965,
            "22656" : 1676,
            "22912" : 1529,
            "23168" : 1343,
            "23424" : 1236,
            "23680" : 1123,
            "23936" : 1010,
            "24192" : 939,
            "24448" : 877,
            "24704" : 743,
            "24960" : 707,
            "25216" : 622,
            "25472" : 577,
            "25728" : 547,
            "25984" : 466,
            "26240" : 432,
            "26496" : 450,
            "26752" : 406,
            "27008" : 393,
            "27264" : 319,
            "27520" : 322,
            "27776" : 278,
            "28032" : 290,
            "28288" : 243,
            "28544" : 276,
            "28800" : 236,
            "29056" : 203,
            "29312" : 202,
            "29568" : 189,
            "29824" : 165,
            "30080" : 157,
            "30336" : 172,
            "30592" : 146,
            "30848" : 158,
            "31104" : 168,
            "31360" : 139,
            "31616" : 153,
            "31872" : 145,
            "32128" : 136,
            "32384" : 133,
            "32640" : 115,
            "33024" : 218,
            "33536" : 204,
            "34048" : 183,
            "34560" : 203,
            "35072" : 172,
            "35584" : 175,
            "36096" : 162,
            "36608" : 135,
            "37120" : 140,
            "37632" : 129,
            "38144" : 119,
            "38656" : 127,
            "39168" : 135,
            "39680" : 109,
            "40192" : 113,
            "40704" : 128,
            "41216" : 112,
            "41728" : 129,
            "42240" : 113,
            "42752" : 90,
            "43264" : 116,
            "43776" : 123,
            "44288" : 90,
            "44800" : 110,
            "45312" : 120,
            "45824" : 98,
            "46336" : 76,
            "46848" : 90,
            "47360" : 94,
            "47872" : 74,
            "48384" : 72,
            "48896" : 79,
            "49408" : 74,
            "49920" : 62,
            "50432" : 59,
            "50944" : 64,
            "51456" : 50,
            "51968" : 48,
            "52480" : 43,
            "52992" : 53,
            "53504" : 42,
            "54016" : 49,
            "54528" : 39,
            "55040" : 41,
            "55552" : 44,
            "56064" : 38,
            "56576" : 38,
            "57088" : 39,
            "57600" : 42,
            "58112" : 27,
            "58624" : 27,
            "59136" : 27,
            "59648" : 37,
            "60160" : 25,
            "60672" : 24,
            "61184" : 24,
            "61696" : 26,
            "62208" : 20,
            "62720" : 25,
            "63232" : 20,
            "63744" : 27,
            "64256" : 18,
            "64768" : 15,
            "65280" : 20,
            "66048" : 53,
            "67072" : 24,
            "68096" : 27,
            "69120" : 21,
            "70144" : 25,
            "71168" : 16,
            "72192" : 21,
            "73216" : 18,
            "74240" : 17,
            "75264" : 17,
            "76288" : 14,
            "77312" : 17,
            "78336" : 14,
            "79360" : 18,
            "80384" : 15,
            "81408" : 7,
            "82432" : 4,
            "83456" : 12,
            "84480" : 9,
            "85504" : 10,
            "86528" : 3,
            "87552" : 11,
            "88576" : 15,
            "89600" : 5,
            "90624" : 6,
            "91648" : 8,
            "92672" : 7,
            "93696" : 8,
            "94720" : 13,
            "95744" : 5,
            "96768" : 8,
            "97792" : 7,
            "98816" : 14,
            "99840" : 8,
            "100864" : 5,
            "101888" : 7,
            "102912" : 8,
            "103936" : 5,
            "104960" : 5,
            "105984" : 6,
            "107008" : 5,
            "108032" : 10,
            "109056" : 7,
            "110080" : 8,
            "111104" : 8,
            "112128" : 2,
            "113152" : 5,
            "114176" : 5,
            "115200" : 3,
            "116224" : 6,
            "117248" : 4,
            "118272" : 4,
            "119296" : 6,
            "120320" : 2,
            "121344" : 6,
            "122368" : 8,
            "123392" : 5,
            "124416" : 5,
            "125440" : 2,
            "126464" : 2,
            "127488" : 6,
            "128512" : 2,
            "129536" : 3,
            "130560" : 2,
            "132096" : 6,
            "134144" : 7,
            "136192" : 3,
            "138240" : 8,
            "140288" : 6,
            "142336" : 6,
            "144384" : 2,
            "146432" : 7,
            "148480" : 6,
            "150528" : 3,
            "152576" : 6,
            "154624" : 3,
            "156672" : 4,
            "158720" : 4,
            "160768" : 4,
            "162816" : 7,
            "164864" : 3,
            "166912" : 3,
            "168960" : 6,
            "171008" : 1,
            "173056" : 1,
            "175104" : 2,
            "177152" : 2,
            "179200" : 2,
            "181248" : 4,
            "183296" : 2,
            "187392" : 3,
            "189440" : 1,
            "191488" : 4,
            "193536" : 2,
            "195584" : 1,
            "197632" : 2,
            "199680" : 1,
            "201728" : 3,
            "203776" : 1,
            "205824" : 2,
            "207872" : 3,
            "209920" : 2,
            "211968" : 1,
            "214016" : 2,
            "216064" : 2,
            "218112" : 1,
            "220160" : 3,
            "222208" : 2,
            "224256" : 1,
            "226304" : 1,
            "228352" : 1,
            "230400" : 5,
            "232448" : 1,
            "234496" : 2,
            "238592" : 2,
            "240640" : 2,
            "242688" : 2,
            "248832" : 2,
            "252928" : 2,
            "261120" : 1,
            "264192" : 2,
            "268288" : 1,
            "272384" : 1,
            "276480" : 1,
            "280576" : 1,
            "284672" : 1,
            "288768" : 3,
            "292864" : 2,
            "296960" : 2,
            "301056" : 3,
            "305152" : 3,
            "309248" : 5,
            "317440" : 3,
            "325632" : 2,
            "329728" : 1,
            "333824" : 2,
            "337920" : 2,
            "342016" : 1,
            "346112" : 2,
            "350208" : 1,
            "358400" : 1,
            "362496" : 2,
            "370688" : 2,
            "374784" : 1,
            "378880" : 2,
            "382976" : 1,
            "387072" : 3,
            "391168" : 1,
            "395264" : 1,
            "399360" : 2,
            "407552" : 3,
            "415744" : 1,
            "419840" : 1,
            "428032" : 4,
            "432128" : 1,
            "440320" : 1,
            "444416" : 2,
            "456704" : 1,
            "460800" : 2,
            "464896" : 2,
            "481280" : 1,
            "485376" : 1,
            "489472" : 1,
            "493568" : 1,
            "501760" : 1,
            "509952" : 1,
            "518144" : 2,
            "528384" : 2,
            "536576" : 3,
            "544768" : 2,
            "561152" : 1,
            "569344" : 1,
            "577536" : 1,
            "602112" : 1,
            "618496" : 1,
            "626688" : 1,
            "643072" : 3,
            "651264" : 1,
            "667648" : 3,
            "675840" : 2,
            "700416" : 1,
            "708608" : 2,
            "716800" : 1,
            "724992" : 1,
            "741376" : 3,
            "749568" : 1,
            "765952" : 1,
            "798720" : 1,
            "831488" : 3,
            "839680" : 2,
            "888832" : 1,
            "913408" : 1,
            "921600" : 1,
            "937984" : 1,
            "946176" : 1,
            "954368" : 1,
            "970752" : 1,
            "978944" : 1,
            "987136" : 1,
            "995328" : 1,
            "1028096" : 1,
            "1056768" : 1,
            "1073152" : 2,
            "1089536" : 1,
            "1105920" : 1,
            "1122304" : 2,
            "1236992" : 1,
            "1302528" : 1,
            "1400832" : 1,
            "1695744" : 1,
            "1744896" : 2,
            "1777664" : 1,
            "1892352" : 1,
            "2072576" : 1,
            "2179072" : 2,
            "2310144" : 1,
            "2375680" : 1,
            "2408448" : 1,
            "2539520" : 1,
            "3227648" : 1,
            "6979584" : 1
          }
        },
        "lat_ns" : {
          "min" : 764,
          "max" : 6976300,
          "mean" : 13833.613124,
          "stddev" : 16155.053973,
          "N" : 716692,
          "percentile" : {
            "1.000000" : 6368,
            "5.000000" : 6752,
            "10.000000" : 9536,
            "20.000000" : 10432,
            "30.000000" : 11072,
            "40.000000" : 11328,
            "50.000000" : 11968,
            "60.000000" : 13632,
            "70.000000" : 15040,
            "80.000000" : 17024,
            "90.000000" : 19328,
            "95.000000" : 21376,
            "99.000000" : 31104,
            "99.500000" : 41728,
            "99.900000" : 75264,
            "99.950000" : 121344,
            "99.990000" : 528384
          },
          "bins" : {
            "764" : 3,
            "772" : 7,
            "780" : 5,
            "788" : 4,
            "796" : 6,
            "812" : 14,
            "820" : 5,
            "828" : 3,
            "836" : 9,
            "844" : 6,
            "852" : 3,
            "860" : 11,
            "868" : 8,
            "876" : 9,
            "884" : 5,
            "892" : 9,
            "900" : 6,
            "908" : 5,
            "916" : 9,
            "924" : 7,
            "932" : 4,
            "940" : 9,
            "948" : 11,
            "956" : 6,
            "964" : 7,
            "972" : 8,
            "980" : 6,
            "988" : 5,
            "996" : 1,
            "1004" : 5,
            "1032" : 3,
            "1048" : 8,
            "1064" : 2,
            "1080" : 3,
            "1096" : 2,
            "1112" : 6,
            "1128" : 2,
            "1144" : 2,
            "1176" : 2,
            "1192" : 3,
            "1208" : 6,
            "1224" : 2,
            "1240" : 3,
            "1256" : 4,
            "1272" : 2,
            "1304" : 1,
            "1320" : 2,
            "1336" : 1,
            "1352" : 4,
            "1368" : 1,
            "1384" : 4,
            "1400" : 1,
            "1416" : 2,
            "1432" : 5,
            "1448" : 1,
            "1464" : 1,
            "1480" : 1,
            "1496" : 2,
            "1512" : 4,
            "1528" : 4,
            "1544" : 1,
            "1560" : 4,
            "1576" : 4,
            "1592" : 1,
            "1608" : 2,
            "1640" : 1,
            "1672" : 1,
            "1704" : 2,
            "1720" : 3,
            "1736" : 2,
            "1784" : 4,
            "1800" : 2,
            "1832" : 4,
            "1864" : 3,
            "1880" : 2,
            "1896" : 1,
            "1928" : 1,
            "1944" : 1,
            "1960" : 1,
            "1976" : 1,
            "2008" : 1,
            "2024" : 1,
            "2040" : 2,
            "2064" : 1,
            "2096" : 2,
            "2128" : 1,
            "2160" : 1,
            "2192" : 2,
            "2224" : 1,
            "2256" : 1,
            "2352" : 2,
            "2384" : 1,
            "2544" : 1,
            "2672" : 1,
            "2704" : 1,
            "2896" : 1,
            "2992" : 1,
            "3088" : 1,
            "3472" : 1,
            "6048" : 2,
            "6112" : 41,
            "6176" : 463,
            "6240" : 1423,
            "6304" : 3015,
            "6368" : 5046,
            "6432" : 6837,
            "6496" : 6740,
            "6560" : 5288,
            "6624" : 3777,
            "6688" : 2568,
            "6752" : 1913,
            "6816" : 1400,
            "6880" : 970,
            "6944" : 637,
            "7008" : 507,
            "7072" : 344,
            "7136" : 266,
            "7200" : 317,
            "7264" : 367,
            "7328" : 498,
            "7392" : 515,
            "7456" : 453,
            "7520" : 358,
            "7584" : 258,
            "7648" : 232,
            "7712" : 189,
            "7776" : 142,
            "7840" : 138,
            "7904" : 125,
            "7968" : 119,
            "8032" : 99,
            "8096" : 85,
            "8160" : 70,
            "8256" : 149,
            "8384" : 141,
            "8512" : 107,
            "8640" : 112,
            "8768" : 124,
            "8896" : 179,
            "9024" : 804,
            "9152" : 3311,
            "9280" : 7112,
            "9408" : 11587,
            "9536" : 14268,
            "9664" : 13558,
            "9792" : 11209,
            "9920" : 7171,
            "10048" : 4695,
            "10176" : 6956,
            "10304" : 12530,
            "10432" : 16682,
            "10560" : 15258,
            "10688" : 11160,
            "10816" : 8562,
            "10944" : 12378,
            "11072" : 24484,
            "11200" : 35631,
            "11328" : 35262,
            "11456" : 25120,
            "11584" : 15229,
            "11712" : 8994,
            "11840" : 6133,
            "11968" : 5401,
            "12096" : 5878,
            "12224" : 6344,
            "12352" : 6067,
            "12480" : 5273,
            "12608" : 4750,
            "12736" : 4386,
            "12864" : 4558,
            "12992" : 4953,
            "13120" : 5582,
            "13248" : 6271,
            "13376" : 6843,
            "13504" : 7009,
            "13632" : 7133,
            "13760" : 7246,
            "13888" : 7272,
            "14016" : 7185,
            "14144" : 7135,
            "14272" : 7074,
            "14400" : 6850,
            "14528" : 6300,
            "14656" : 5853,
            "14784" : 5520,
            "14912" : 5315,
            "15040" : 4801,
            "15168" : 4606,
            "15296" : 4317,
            "15424" : 4302,
            "15552" : 4320,
            "15680" : 4279,
            "15808" : 4515,
            "15936" : 4800,
            "16064" : 4808,
            "16192" : 4948,
            "16320" : 5043,
            "16512" : 9660,
            "16768" : 9049,
            "17024" : 8636,
            "17280" : 8285,
            "17536" : 8149,
            "17792" : 7904,
            "18048" : 8084,
            "18304" : 7911,
            "18560" : 7143,
            "18816" : 6900,
            "19072" : 6949,
            "19328" : 6992,
            "19584" : 6736,
            "19840" : 5571,
            "20096" : 4575,
            "20352" : 4050,
            "20608" : 3737,
            "20864" : 3380,
            "21120" : 3126,
            "21376" : 2906,
            "21632" : 2545,
            "21888" : 2365,
            "22144" : 2167,
            "22400" : 2016,
            "22656" : 1801,
            "22912" : 1592,
            "23168" : 1407,
            "23424" : 1268,
            "23680" : 1143,
            "23936" : 1080,
            "24192" : 930,
            "24448" : 920,
            "24704" : 776,
            "24960" : 718,
            "25216" : 682,
            "25472" : 599,
            "25728" : 558,
            "25984" : 520,
            "26240" : 459,
            "26496" : 433,
            "26752" : 422,
            "27008" : 389,
            "27264" : 368,
            "27520" : 308,
            "27776" : 309,
            "28032" : 280,
            "28288" : 261,
            "28544" : 267,
            "28800" : 266,
            "29056" : 221,
            "29312" : 191,
            "29568" : 193,
            "29824" : 194,
            "30080" : 164,
            "30336" : 171,
            "30592" : 151,
            "30848" : 171,
            "31104" : 142,
            "31360" : 161,
            "31616" : 154,
            "31872" : 153,
            "32128" : 129,
            "32384" : 134,
            "32640" : 123,
            "33024" : 218,
            "33536" : 210,
            "34048" : 201,
            "34560" : 204,
            "35072" : 189,
            "35584" : 164,
            "36096" : 162,
            "36608" : 144,
            "37120" : 144,
            "37632" : 129,
            "38144" : 122,
            "38656" : 122,
            "39168" : 135,
            "39680" : 118,
            "40192" : 104,
            "40704" : 126,
            "41216" : 116,
            "41728" : 128,
            "42240" : 124,
            "42752" : 87,
            "43264" : 117,
            "43776" : 119,
            "44288" : 96,
            "44800" : 110,
            "45312" : 113,
            "45824" : 109,
            "46336" : 79,
            "46848" : 87,
            "47360" : 92,
            "47872" : 80,
            "48384" : 77,
            "48896" : 72,
            "49408" : 84,
            "49920" : 58,
            "50432" : 55,
            "50944" : 68,
            "51456" : 56,
            "51968" : 45,
            "52480" : 44,
            "52992" : 51,
            "53504" : 46,
            "54016" : 42,
            "54528" : 47,
            "55040" : 42,
            "55552" : 42,
            "56064" : 37,
            "56576" : 39,
            "57088" : 39,
            "57600" : 41,
            "58112" : 29,
            "58624" : 31,
            "59136" : 24,
            "59648" : 36,
            "60160" : 24,
            "60672" : 26,
            "61184" : 24,
            "61696" : 27,
            "62208" : 23,
            "62720" : 23,
            "63232" : 19,
            "63744" : 28,
            "64256" : 21,
            "64768" : 12,
            "65280" : 22,
            "66048" : 52,
            "67072" : 29,
            "68096" : 26,
            "69120" : 20,
            "70144" : 26,
            "71168" : 15,
            "72192" : 23,
            "73216" : 16,
            "74240" : 18,
            "75264" : 18,
            "76288" : 14,
            "77312" : 18,
            "78336" : 12,
            "79360" : 18,
            "80384" : 17,
            "81408" : 6,
            "82432" : 4,
            "83456" : 11,
            "84480" : 11,
            "85504" : 10,
            "86528" : 3,
            "87552" : 11,
            "88576" : 11,
            "89600" : 10,
            "90624" : 5,
            "91648" : 8,
            "92672" : 7,
            "93696" : 7,
            "94720" : 13,
            "95744" : 7,
            "96768" : 8,
            "97792" : 5,
            "98816" : 14,
            "99840" : 9,
            "100864" : 6,
            "101888" : 4,
            "102912" : 11,
            "103936" : 5,
            "104960" : 3,
            "105984" : 8,
            "107008" : 5,
            "108032" : 10,
            "109056" : 6,
            "110080" : 7,
            "111104" : 8,
            "112128" : 4,
            "113152" : 5,
            "114176" : 5,
            "115200" : 2,
            "116224" : 7,
            "117248" : 4,
            "118272" : 3,
            "119296" : 7,
            "120320" : 1,
            "121344" : 7,
            "122368" : 7,
            "123392" : 5,
            "124416" : 5,
            "125440" : 3,
            "126464" : 1,
            "127488" : 6,
            "128512" : 3,
            "129536" : 3,
            "130560" : 2,
            "132096" : 6,
            "134144" : 7,
            "136192" : 3,
            "138240" : 7,
            "140288" : 7,
            "142336" : 6,
            "144384" : 1,
            "146432" : 7,
            "148480" : 7,
            "150528" : 3,
            "152576" : 6,
            "154624" : 3,
            "156672" : 4,
            "158720" : 3,
            "160768" : 5,
            "162816" : 6,
            "164864" : 4,
            "166912" : 3,
            "168960" : 6,
            "171008" : 1,
            "173056" : 1,
            "175104" : 2,
            "177152" : 2,
            "179200" : 2,
            "181248" : 3,
            "183296" : 3,
            "187392" : 3,
            "189440" : 1,
            "191488" : 4,
            "193536" : 2,
            "195584" : 1,
            "197632" : 2,
            "199680" : 1,
            "201728" : 3,
            "203776" : 1,
            "205824" : 2,
            "207872" : 3,
            "209920" : 1,
            "211968" : 2,
            "214016" : 2,
            "216064" : 2,
            "218112" : 1,
            "220160" : 3,
            "222208" : 2,
            "224256" : 1,
            "226304" : 1,
            "228352" : 1,
            "230400" : 5,
            "232448" : 1,
            "234496" : 2,
            "236544" : 1,
            "238592" : 2,
            "240640" : 1,
            "242688" : 2,
            "248832" : 2,
            "252928" : 2,
            "261120" : 1,
            "264192" : 2,
            "268288" : 1,
            "272384" : 1,
            "276480" : 1,
            "280576" : 1,
            "284672" : 1,
            "288768" : 4,
            "292864" : 2,
            "296960" : 2,
            "301056" : 2,
            "305152" : 4,
            "309248" : 5,
            "317440" : 3,
            "325632" : 2,
            "329728" : 1,
            "333824" : 2,
            "337920" : 2,
            "342016" : 1,
            "346112" : 2,
            "350208" : 1,
            "358400" : 1,
            "362496" : 2,
            "370688" : 2,
            "374784" : 1,
            "378880" : 2,
            "382976" : 1,
            "387072" : 3,
            "391168" : 1,
            "395264" : 1,
            "399360" : 2,
            "407552" : 3,
            "415744" : 1,
            "419840" : 1,
            "428032" : 4,
            "432128" : 1,
            "440320" : 1,
            "444416" : 2,
            "456704" : 1,
            "460800" : 2,
            "464896" : 2,
            "481280" : 1,
            "485376" : 1,
            "489472" : 1,
            "493568" : 1,
            "501760" : 1,
            "509952" : 1,
            "518144" : 2,
            "528384" : 2,
            "536576" : 3,
            "544768" : 2,
            "561152" : 1,
            "569344" : 1,
            "577536" : 1,
            "602112" : 1,
            "618496" : 1,
            "626688" : 1,
            "643072" : 3,
            "651264" : 1,
            "667648" : 3,
            "675840" : 2,
            "700416" : 1,
            "708608" : 2,
            "716800" : 1,
            "724992" : 1,
            "741376" : 3,
            "749568" : 1,
            "765952" : 1,
            "798720" : 1,
            "831488" : 3,
            "839680" : 2,
            "888832" : 1,
            "913408" : 1,
            "921600" : 1,
            "937984" : 1,
            "946176" : 1,
            "954368" : 1,
            "970752" : 1,
            "978944" : 1,
            "987136" : 1,
            "995328" : 1,
            "1028096" : 1,
            "1056768" : 1,
            "1073152" : 2,
            "1089536" : 1,
            "1105920" : 1,
            "1122304" : 2,
            "1236992" : 1,
            "1302528" : 1,
            "1400832" : 1,
            "1695744" : 1,
            "1744896" : 2,
            "1777664" : 1,
            "1892352" : 1,
            "2072576" : 1,
            "2179072" : 2,
            "2310144" : 1,
            "2375680" : 1,
            "2408448" : 1,
            "2539520" : 1,
            "3227648" : 1,
            "6979584" : 1
          }
        },
        "bw_min" : 152448,
        "bw_max" : 286336,
        "bw_agg" : 100.000000,
        "bw_mean" : 191473.103448,
        "bw_dev" : 25033.346238,
        "bw_samples" : 29,
        "iops_min" : 38112,
        "iops_max" : 71584,
        "iops_mean" : 47868.275862,
        "iops_stddev" : 6258.336560,
        "iops_samples" : 29
      },
      "write" : {
        "io_bytes" : 2931838976,
        "io_kbytes" : 2863124,
        "bw_bytes" : 195442902,
        "bw" : 190862,
        "iops" : 47715.552297,
        "runtime" : 15001,
        "total_ios" : 715781,
        "short_ios" : 0,
        "drop_ios" : 0,
        "slat_ns" : {
          "min" : 0,
          "max" : 0,
          "mean" : 0.000000,
          "stddev" : 0.000000,
          "N" : 0
        },
        "clat_ns" : {
          "min" : 1070,
          "max" : 3208101,
          "mean" : 2613.114305,
          "stddev" : 6825.247281,
          "N" : 715781,
          "percentile" : {
            "1.000000" : 1400,
            "5.000000" : 1448,
            "10.000000" : 1480,
            "20.000000" : 1528,
            "30.000000" : 1672,
            "40.000000" : 2160,
            "50.000000" : 2256,
            "60.000000" : 2352,
            "70.000000" : 2576,
            "80.000000" : 3184,
            "90.000000" : 4384,
            "95.000000" : 5088,
            "99.000000" : 6688,
            "99.500000" : 7776,
            "99.900000" : 23168,
            "99.950000" : 33536,
            "99.990000" : 59648
          },
          "bins" : {
            "1064" : 1,
            "1080" : 2,
            "1096" : 7,
            "1112" : 6,
            "1128" : 18,
            "1144" : 18,
            "1160" : 14,
            "1176" : 15,
            "1192" : 8,
            "1208" : 3,
            "1224" : 4,
            "1240" : 4,
            "1256" : 1,
            "1272" : 2,
            "1288" : 2,
            "1304" : 2,
            "1320" : 11,
            "1336" : 78,
            "1352" : 718,
            "1368" : 1626,
            "1384" : 1972,
            "1400" : 3128,
            "1416" : 7063,
            "1432" : 11478,
            "1448" : 15559,
            "1464" : 21051,
            "1480" : 23782,
            "1496" : 24471,
            "1512" : 23146,
            "1528" : 19894,
            "1544" : 15665,
            "1560" : 12215,
            "1576" : 9551,
            "1592" : 7162,
            "1608" : 5471,
            "1624" : 4334,
            "1640" : 3197,
            "1656" : 2452,
            "1672" : 1916,
            "1688" : 1613,
            "1704" : 1236,
            "1720" : 1039,
            "1736" : 804,
            "1752" : 665,
            "1768" : 598,
            "1784" : 562,
            "1800" : 586,
            "1816" : 762,
            "1832" : 930,
            "1848" : 1193,
            "1864" : 1636,
            "1880" : 1749,
            "1896" : 1936,
            "1912" : 1964,
            "1928" : 1968,
            "1944" : 1846,
            "1960" : 1647,
            "1976" : 1442,
            "1992" : 1192,
            "2008" : 1111,
            "2024" : 1021,
            "2040" : 1078,
            "2064" : 3283,
            "2096" : 6693,
            "2128" : 12587,
            "2160" : 19924,
            "2192" : 25780,
            "2224" : 28637,
            "2256" : 28654,
            "2288" : 25450,
            "2320" : 21357,
            "2352" : 18051,
            "2384" : 15164,
            "2416" : 13246,
            "2448" : 11299,
            "2480" : 9827,
            "2512" : 8600,
            "2544" : 7795,
            "2576" : 7170,
            "2608" : 6513,
            "2640" : 5846,
            "2672" : 5386,
            "2704" : 4862,
            "2736" : 4296,
            "2768" : 3988,
            "2800" : 3572,
            "2832" : 3223,
            "2864" : 2836,
            "2896" : 2559,
            "2928" : 2427,
            "2960" : 2178,
            "2992" : 2168,
            "3024" : 2363,
            "3056" : 2562,
            "3088" : 2903,
            "3120" : 2986,
            "3152" : 2954,
            "3184" : 2691,
            "3216" : 2531,
            "3248" : 2282,
            "3280" : 1933,
            "3312" : 1855,
            "3344" : 1825,
            "3376" : 1701,
            "3408" : 1609,
            "3440" : 1653,
            "3472" : 1687,
            "3504" : 1622,
            "3536" : 1594,
            "3568" : 1596,
            "3600" : 1609,
            "3632" : 1563,
            "3664" : 1565,
            "3696" : 1699,
            "3728" : 1736,
            "3760" : 1904,
            "3792" : 1915,
            "3824" : 2091,
            "3856" : 2190,
            "3888" : 2280,
            "3920" : 2281,
            "3952" : 2338,
            "3984" : 2399,
            "4016" : 2309,
            "4048" : 2210,
            "4080" : 2140,
            "4128" : 4164,
            "4192" : 3918,
            "4256" : 3739,
            "4320" : 3674,
            "4384" : 3558,
            "4448" : 3470,
            "4512" : 3410,
            "4576" : 3261,
            "4640" : 3217,
            "4704" : 3170,
            "4768" : 3104,
            "4832" : 2972,
            "4896" : 2959,
            "4960" : 2859,
            "5024" : 2542,
            "5088" : 2574,
            "5152" : 2339,
            "5216" : 2203,
            "5280" : 2042,
            "5344" : 1893,
            "5408" : 1801,
            "5472" : 1668,
            "5536" : 1528,
            "5600" : 1496,
            "5664" : 1278,
            "5728" : 1080,
            "5792" : 1048,
            "5856" : 1031,
            "5920" : 995,
            "5984" : 876,
            "6048" : 858,
            "6112" : 774,
            "6176" : 731,
            "6240" : 659,
            "6304" : 637,
            "6368" : 549,
            "6432" : 531,
            "6496" : 473,
            "6560" : 511,
            "6624" : 412,
            "6688" : 367,
            "6752" : 339,
            "6816" : 310,
            "6880" : 286,
            "6944" : 255,
            "7008" : 259,
            "7072" : 219,
            "7136" : 187,
            "7200" : 177,
            "7264" : 212,
            "7328" : 153,
            "7392" : 128,
            "7456" : 126,
            "7520" : 131,
            "7584" : 128,
            "7648" : 138,
            "7712" : 118,
            "7776" : 103,
            "7840" : 100,
            "7904" : 113,
            "7968" : 94,
            "8032" : 78,
            "8096" : 71,
            "8160" : 68,
            "8256" : 137,
            "8384" : 104,
            "8512" : 133,
            "8640" : 74,
            "8768" : 86,
            "8896" : 66,
            "9024" : 73,
            "9152" : 60,
            "9280" : 62,
            "9408" : 66,
            "9536" : 58,
            "9664" : 41,
            "9792" : 44,
            "9920" : 29,
            "10048" : 19,
            "10176" : 26,
            "10304" : 22,
            "10432" : 39,
            "10560" : 28,
            "10688" : 25,
            "10816" : 19,
            "10944" : 17,
            "11072" : 29,
            "11200" : 16,
            "11328" : 20,
            "11456" : 23,
            "11584" : 20,
            "11712" : 21,
            "11840" : 26,
            "11968" : 21,
            "12096" : 20,
            "12224" : 23,
            "12352" : 16,
            "12480" : 12,
            "12608" : 18,
            "12736" : 19,
            "12864" : 12,
            "12992" : 23,
            "13120" : 19,
            "13248" : 12,
            "13376" : 25,
            "13504" : 22,
            "13632" : 19,
            "13760" : 20,
            "13888" : 17,
            "14016" : 21,
            "14144" : 10,
            "14272" : 15,
            "14400" : 14,
            "14528" : 18,
            "14656" : 13,
            "14784" : 14,
            "14912" : 18,
            "15040" : 13,
            "15168" : 14,
            "15296" : 10,
            "15424" : 8,
            "15552" : 12,
            "15680" : 13,
            "15808" : 8,
            "15936" : 15,
            "16064" : 9,
            "16192" : 12,
            "16320" : 9,
            "16512" : 24,
            "16768" : 20,
            "17024" : 21,
            "17280" : 12,
            "17536" : 15,
            "17792" : 16,
            "18048" : 13,
            "18304" : 11,
            "18560" : 16,
            "18816" : 9,
            "19072" : 16,
            "19328" : 14,
            "19584" : 13,
            "19840" : 21,
            "20096" : 11,
            "20352" : 16,
            "20608" : 23,
            "20864" : 10,
            "21120" : 15,
            "21376" : 15,
            "21632" : 16,
            "21888" : 20,
            "22144" : 15,
            "22400" : 21,
            "22656" : 8,
            "22912" : 8,
            "23168" : 15,
            "23424" : 12,
            "23680" : 11,
            "23936" : 16,
            "24192" : 11,
            "24448" : 12,
            "24704" : 9,
            "24960" : 16,
            "25216" : 11,
            "25472" : 12,
            "25728" : 8,
            "25984" : 11,
            "26240" : 8,
            "26496" : 8,
            "26752" : 5,
            "27008" : 11,
            "27264" : 10,
            "27520" : 8,
            "27776" : 9,
            "28032" : 12,
            "28288" : 12,
            "28544" : 12,
            "28800" : 6,
            "29056" : 9,
            "29312" : 7,
            "29568" : 5,
            "29824" : 5,
            "30080" : 6,
            "30336" : 6,
            "30592" : 4,
            "30848" : 5,
            "31104" : 5,
            "31360" : 6,
            "31616" : 11,
            "31872" : 7,
            "32128" : 4,
            "32384" : 8,
            "32640" : 6,
            "33024" : 11,
            "33536" : 12,
            "34048" : 8,
            "34560" : 8,
            "35072" : 13,
            "35584" : 14,
            "36096" : 17,
            "36608" : 14,
            "37120" : 13,
            "37632" : 7,
            "38144" : 16,
            "38656" : 7,
            "39168" : 7,
            "39680" : 13,
            "40192" : 7,
            "40704" : 3,
            "41216" : 7,
            "41728" : 8,
            "42240" : 5,
            "42752" : 6,
            "43264" : 3,
            "43776" : 6,
            "44288" : 6,
            "44800" : 8,
            "45312" : 4,
            "45824" : 4,
            "46336" : 6,
            "46848" : 6,
            "47360" : 5,
            "47872" : 1,
            "48384" : 2,
            "48896" : 7,
            "49408" : 7,
            "49920" : 5,
            "50432" : 4,
            "50944" : 4,
            "51968" : 2,
            "52480" : 2,
            "52992" : 2,
            "53504" : 2,
            "54016" : 6,
            "54528" : 1,
            "55040" : 3,
            "55552" : 1,
            "56064" : 1,
            "56576" : 4,
            "57088" : 5,
            "57600" : 3,
            "59648" : 3,
            "60672" : 1,
            "61696" : 2,
            "62208" : 1,
            "63232" : 3,
            "63744" : 1,
            "64256" : 1,
            "64768" : 1,
            "68096" : 1,
            "69120" : 1,
            "74240" : 1,
            "75264" : 4,
            "78336" : 2,
            "81408" : 2,
            "82432" : 1,
            "84480" : 3,
            "86528" : 1,
            "88576" : 1,
            "89600" : 1,
            "90624" : 2,
            "91648" : 1,
            "92672" : 1,
            "95744" : 1,
            "101888" : 2,
            "108032" : 1,
            "111104" : 1,
            "114176" : 1,
            "115200" : 1,
            "120320" : 1,
            "122368" : 1,
            "125440" : 1,
            "130560" : 1,
            "166912" : 1,
            "179200" : 1,
            "201728" : 1,
            "207872" : 1,
            "209920" : 1,
            "211968" : 2,
            "240640" : 1,
            "252928" : 1,
            "268288" : 1,
            "280576" : 1,
            "305152" : 1,
            "321536" : 1,
            "362496" : 1,
            "387072" : 1,
            "403456" : 1,
            "444416" : 1,
            "477184" : 1,
            "497664" : 1,
            "552960" : 1,
            "618496" : 1,
            "675840" : 1,
            "765952" : 1,
            "831488" : 1,
            "1155072" : 1,
            "2670592" : 1,
            "2867200" : 1,
            "3194880" : 1
          }
        },
        "lat_ns" : {
          "min" : 1112,
          "max" : 3208341,
          "mean" : 2703.165105,
          "stddev" : 6890.471512,
          "N" : 715781,
          "percentile" : {
            "1.000000" : 1448,
            "5.000000" : 1496,
            "10.000000" : 1528,
            "20.000000" : 1576,
            "30.000000" : 1720,
            "40.000000" : 2256,
            "50.000000" : 2352,
            "60.000000" : 2448,
            "70.000000" : 2640,
            "80.000000" : 3280,
            "90.000000" : 4512,
            "95.000000" : 5280,
            "99.000000" : 6880,
            "99.500000" : 8160,
            "99.900000" : 23680,
            "99.950000" : 35072,
            "99.990000" : 63232
          },
          "bins" : {
            "1112" : 2,
            "1128" : 1,
            "1144" : 7,
            "1160" : 8,
            "1176" : 21,
            "1192" : 15,
            "1208" : 16,
            "1224" : 13,
            "1240" : 5,
            "1256" : 5,
            "1272" : 3,
            "1288" : 5,
            "1304" : 1,
            "1320" : 2,
            "1352" : 6,
            "1368" : 9,
            "1384" : 144,
            "1400" : 853,
            "1416" : 1674,
            "1432" : 1983,
            "1448" : 3765,
            "1464" : 8064,
            "1480" : 12316,
            "1496" : 16626,
            "1512" : 21411,
            "1528" : 24395,
            "1544" : 24451,
            "1560" : 22656,
            "1576" : 18979,
            "1592" : 14574,
            "1608" : 11948,
            "1624" : 9007,
            "1640" : 6752,
            "1656" : 5243,
            "1672" : 4027,
            "1688" : 3099,
            "1704" : 2367,
            "1720" : 1805,
            "1736" : 1553,
            "1752" : 1185,
            "1768" : 979,
            "1784" : 809,
            "1800" : 637,
            "1816" : 570,
            "1832" : 501,
            "1848" : 444,
            "1864" : 477,
            "1880" : 591,
            "1896" : 803,
            "1912" : 1037,
            "1928" : 1371,
            "1944" : 1695,
            "1960" : 1810,
            "1976" : 1971,
            "1992" : 1859,
            "2008" : 1852,
            "2024" : 1804,
            "2040" : 1463,
            "2064" : 2363,
            "2096" : 1997,
            "2128" : 2450,
            "2160" : 4597,
            "2192" : 9335,
            "2224" : 15783,
            "2256" : 22770,
            "2288" : 27292,
            "2320" : 28354,
            "2352" : 27222,
            "2384" : 23896,
            "2416" : 20390,
            "2448" : 16619,
            "2480" : 13792,
            "2512" : 11748,
            "2544" : 10039,
            "2576" : 8957,
            "2608" : 7750,
            "2640" : 7279,
            "2672" : 6727,
            "2704" : 6069,
            "2736" : 5677,
            "2768" : 5169,
            "2800" : 4623,
            "2832" : 4249,
            "2864" : 3833,
            "2896" : 3612,
            "2928" : 3082,
            "2960" : 2772,
            "2992" : 2452,
            "3024" : 2421,
            "3056" : 2320,
            "3088" : 2215,
            "3120" : 2547,
            "3152" : 2608,
            "3184" : 2903,
            "3216" : 3038,
            "3248" : 2962,
            "3280" : 2581,
            "3312" : 2279,
            "3344" : 2068,
            "3376" : 1814,
            "3408" : 1690,
            "3440" : 1683,
            "3472" : 1585,
            "3504" : 1564,
            "3536" : 1566,
            "3568" : 1580,
            "3600" : 1552,
            "3632" : 1531,
            "3664" : 1517,
            "3696" : 1590,
            "3728" : 1567,
            "3760" : 1532,
            "3792" : 1581,
            "3824" : 1652,
            "3856" : 1683,
            "3888" : 1740,
            "3920" : 1843,
            "3952" : 1997,
            "3984" : 2062,
            "4016" : 2160,
            "4048" : 2192,
            "4080" : 2307,
            "4128" : 4643,
            "4192" : 4381,
            "4256" : 4270,
            "4320" : 3909,
            "4384" : 3671,
            "4448" : 3534,
            "4512" : 3471,
            "4576" : 3301,
            "4640" : 3365,
            "4704" : 3089,
            "4768" : 3080,
            "4832" : 3128,
            "4896" : 3054,
            "4960" : 3017,
            "5024" : 2843,
            "5088" : 2779,
            "5152" : 2624,
            "5216" : 2531,
            "5280" : 2388,
            "5344" : 2269,
            "5408" : 2123,
            "5472" : 1895,
            "5536" : 1887,
            "5600" : 1688,
            "5664" : 1668,
            "5728" : 1484,
            "5792" : 1429,
            "5856" : 1244,
            "5920" : 1056,
            "5984" : 986,
            "6048" : 975,
            "6112" : 970,
            "6176" : 877,
            "6240" : 832,
            "6304" : 792,
            "6368" : 717,
            "6432" : 694,
            "6496" : 603,
            "6560" : 577,
            "6624" : 523,
            "6688" : 485,
            "6752" : 459,
            "6816" : 432,
            "6880" : 412,
            "6944" : 336,
            "7008" : 340,
            "7072" : 305,
            "7136" : 221,
            "7200" : 254,
            "7264" : 230,
            "7328" : 194,
            "7392" : 166,
            "7456" : 184,
            "7520" : 144,
            "7584" : 150,
            "7648" : 152,
            "7712" : 124,
            "7776" : 122,
            "7840" : 130,
            "7904" : 103,
            "7968" : 111,
            "8032" : 118,
            "8096" : 93,
            "8160" : 91,
            "8256" : 174,
            "8384" : 158,
            "8512" : 129,
            "8640" : 108,
            "8768" : 101,
            "8896" : 98,
            "9024" : 102,
            "9152" : 73,
            "9280" : 69,
            "9408" : 73,
            "9536" : 62,
            "9664" : 59,
            "9792" : 52,
            "9920" : 65,
            "10048" : 52,
            "10176" : 49,
            "10304" : 29,
            "10432" : 33,
            "10560" : 27,
            "10688" : 37,
            "10816" : 22,
            "10944" : 28,
            "11072" : 32,
            "11200" : 32,
            "11328" : 27,
            "11456" : 26,
            "11584" : 24,
            "11712" : 25,
            "11840" : 22,
            "11968" : 25,
            "12096" : 25,
            "12224" : 24,
            "12352" : 27,
            "12480" : 22,
            "12608" : 16,
            "12736" : 23,
            "12864" : 16,
            "12992" : 22,
            "13120" : 18,
            "13248" : 18,
            "13376" : 19,
            "13504" : 27,
            "13632" : 25,
            "13760" : 21,
            "13888" : 15,
            "14016" : 23,
            "14144" : 16,
            "14272" : 10,
            "14400" : 13,
            "14528" : 16,
            "14656" : 22,
            "14784" : 12,
            "14912" : 16,
            "15040" : 14,
            "15168" : 18,
            "15296" : 14,
            "15424" : 11,
            "15552" : 5,
            "15680" : 13,
            "15808" : 10,
            "15936" : 11,
            "16064" : 14,
            "16192" : 14,
            "16320" : 13,
            "16512" : 23,
            "16768" : 20,
            "17024" : 18,
            "17280" : 21,
            "17536" : 16,
            "17792" : 11,
            "18048" : 16,
            "18304" : 8,
            "18560" : 19,
            "18816" : 12,
            "19072" : 16,
            "19328" : 19,
            "19584" : 10,
            "19840" : 16,
            "20096" : 17,
            "20352" : 13,
            "20608" : 21,
            "20864" : 17,
            "21120" : 14,
            "21376" : 15,
            "21632" : 16,
            "21888" : 17,
            "22144" : 21,
            "22400" : 13,
            "22656" : 15,
            "22912" : 6,
            "23168" : 15,
            "23424" : 15,
            "23680" : 12,
            "23936" : 12,
            "24192" : 14,
            "24448" : 15,
            "24704" : 6,
            "24960" : 15,
            "25216" : 13,
            "25472" : 12,
            "25728" : 10,
            "25984" : 10,
            "26240" : 13,
            "26496" : 7,
            "26752" : 6,
            "27008" : 6,
            "27264" : 13,
            "27520" : 7,
            "27776" : 9,
            "28032" : 16,
            "28288" : 9,
            "28544" : 13,
            "28800" : 7,
            "29056" : 11,
            "29312" : 6,
            "29568" : 6,
            "29824" : 5,
            "30080" : 8,
            "30336" : 5,
            "30592" : 6,
            "30848" : 3,
            "31104" : 9,
            "31360" : 1,
            "31616" : 10,
            "31872" : 10,
            "32128" : 5,
            "32384" : 9,
            "32640" : 8,
            "33024" : 12,
            "33536" : 11,
            "34048" : 9,
            "34560" : 8,
            "35072" : 13,
            "35584" : 16,
            "36096" : 16,
            "36608" : 15,
            "37120" : 12,
            "37632" : 9,
            "38144" : 15,
            "38656" : 8,
            "39168" : 6,
            "39680" : 11,
            "40192" : 10,
            "40704" : 5,
            "41216" : 5,
            "41728" : 8,
            "42240" : 6,
            "42752" : 8,
            "43264" : 3,
            "43776" : 3,
            "44288" : 9,
            "44800" : 10,
            "45312" : 3,
            "45824" : 4,
            "46336" : 4,
            "46848" : 7,
            "47360" : 5,
            "47872" : 3,
            "48896" : 8,
            "49408" : 8,
            "49920" : 7,
            "50432" : 3,
            "50944" : 6,
            "51968" : 2,
            "52480" : 3,
            "52992" : 1,
            "53504" : 2,
            "54016" : 6,
            "54528" : 2,
            "55040" : 3,
            "55552" : 1,
            "56064" : 1,
            "56576" : 3,
            "57088" : 4,
            "57600" : 5,
            "59648" : 2,
            "60160" : 1,
            "60672" : 1,
            "61696" : 1,
            "62208" : 2,
            "63232" : 1,
            "63744" : 2,
            "64256" : 2,
            "64768" : 2,
            "68096" : 1,
            "69120" : 1,
            "74240" : 1,
            "75264" : 4,
            "78336" : 2,
            "81408" : 2,
            "82432" : 1,
            "84480" : 3,
            "86528" : 1,
            "88576" : 1,
            "89600" : 1,
            "90624" : 3,
            "91648" : 1,
            "92672" : 1,
            "93696" : 1,
            "95744" : 1,
            "101888" : 2,
            "108032" : 1,
            "112128" : 1,
            "114176" : 1,
            "115200" : 1,
            "120320" : 1,
            "122368" : 1,
            "126464" : 1,
            "130560" : 2,
            "168960" : 1,
            "179200" : 1,
            "181248" : 1,
            "203776" : 1,
            "207872" : 1,
            "211968" : 2,
            "240640" : 1,
            "252928" : 1,
            "268288" : 1,
            "280576" : 1,
            "305152" : 1,
            "321536" : 1,
            "362496" : 1,
            "387072" : 1,
            "403456" : 1,
            "444416" : 1,
            "477184" : 1,
            "497664" : 1,
            "552960" : 1,
            "618496" : 1,
            "675840" : 1,
            "708608" : 1,
            "765952" : 1,
            "831488" : 1,
            "1155072" : 1,
            "2670592" : 1,
            "2867200" : 1,
            "3194880" : 1
          }
        },
        "bw_min" : 151776,
        "bw_max" : 285872,
        "bw_agg" : 100.000000,
        "bw_mean" : 191214.620690,
        "bw_dev" : 24604.549830,
        "bw_samples" : 29,
        "iops_min" : 37944,
        "iops_max" : 71468,
        "iops_mean" : 47803.655172,
        "iops_stddev" : 6151.137457,
        "iops_samples" : 29
      },
      "trim" : {
        "io_bytes" : 0,
        "io_kbytes" : 0,
        "bw_bytes" : 0,
        "bw" : 0,
        "iops" : 0.000000,
        "runtime" : 0,
        "total_ios" : 0,
        "short_ios" : 0,
        "drop_ios" : 0,
        "slat_ns" : {
          "min" : 0,
          "max" : 0,
          "mean" : 0.000000,
          "stddev" : 0.000000,
          "N" : 0
        },
        "clat_ns" : {
          "min" : 0,
          "max" : 0,
          "mean" : 0.000000,
          "stddev" : 0.000000,
          "N" : 0
        },
        "lat_ns" : {
          "min" : 0,
          "max" : 0,
          "mean" : 0.000000,
          "stddev" : 0.000000,
          "N" : 0
        },
        "bw_min" : 0,
        "bw_max" : 0,
        "bw_agg" : 0.000000,
        "bw_mean" : 0.000000,
        "bw_dev" : 0.000000,
        "bw_samples" : 0,
        "iops_min" : 0,
        "iops_max" : 0,
        "iops_mean" : 0.000000,
        "iops_stddev" : 0.000000,
        "iops_samples" : 0
      },
      "sync" : {
        "total_ios" : 0,
        "lat_ns" : {
          "min" : 0,
          "max" : 0,
          "mean" : 0.000000,
          "stddev" : 0.000000,
          "N" : 0
        }
      },
      "job_runtime" : 15000,
      "usr_cpu" : 11.553333,
      "sys_cpu" : 58.126667,
      "ctx" : 723195,
      "majf" : 0,
      "minf" : 19,
      "iodepth_level" : {
        "1" : 100.000000,
        "2" : 0.000000,
        "4" : 0.000000,
        "8" : 0.000000,
        "16" : 0.000000,
        "32" : 0.000000,
        ">=64" : 0.000000
      },
      "iodepth_submit" : {
        "0" : 0.000000,
        "4" : 100.000000,
        "8" : 0.000000,
        "16" : 0.000000,
        "32" : 0.000000,
        "64" : 0.000000,
        ">=64" : 0.000000
      },
      "iodepth_complete" : {
        "0" : 0.000000,
        "4" : 100.000000,
        "8" : 0.000000,
        "16" : 0.000000,
        "32" : 0.000000,
        "64" : 0.000000,
        ">=64" : 0.000000
      },
      "latency_ns" : {
        "2" : 0.000000,
        "4" : 0.000000,
        "10" : 0.000000,
        "20" : 0.000000,
        "50" : 0.000000,
        "100" : 0.000000,
        "250" : 0.000000,
        "500" : 0.000000,
        "750" : 0.010000,
        "1000" : 0.013194
      },
      "latency_us" : {
        "2" : 16.861679,
        "4" : 26.563433,
        "10" : 14.619612,
        "20" : 38.051188,
        "50" : 3.740803,
        "100" : 0.113231,
        "250" : 0.023456,
        "500" : 0.010000,
        "750" : 0.010000,
        "1000" : 0.010000
      },
      "latency_ms" : {
        "2" : 0.010000,
        "4" : 0.010000,
        "10" : 0.010000,
        "20" : 0.000000,
        "50" : 0.000000,
        "100" : 0.000000,
        "250" : 0.000000,
        "500" : 0.000000,
        "750" : 0.000000,
        "1000" : 0.000000,
        "2000" : 0.000000,
        ">=2000" : 0.000000
      },
      "latency_depth" : 128,
      "latency_target" : 0,
      "latency_percentile" : 100.000000,
      "latency_window" : 0
    }
  ],
  "disk_util" : [
    {
      "name" : "loop25",
      "read_ios" : 712192,
      "write_ios" : 711478,
      "read_merges" : 0,
      "write_merges" : 0,
      "read_ticks" : 6707,
      "write_ticks" : 25241,
      "in_queue" : 4,
      "util" : 99.406231
    }
  ]
}
