{
  "fio version" : "fio-3.32-36-g5932",
  "timestamp" : 1664200703,
  "timestamp_ms" : 1664200703240,
  "time" : "Mon Sep 26 15:58:23 2022",
  "global options" : {
    "size" : "16K",
    "rw" : "randrw",
    "bs" : "4K",
    "numjobs" : "1",
    "iodepth" : "1",
    "runtime" : "300",
    "end_fsync" : "1",
    "lat_percentiles" : "1",
    "slat_percentiles" : "1",
    "clat_percentiles" : "1"
  },
  "jobs" : [
    {
      "jobname" : "random-rw",
      "groupid" : 0,
      "error" : 0,
      "eta" : 0,
      "elapsed" : 301,
      "job options" : {
        "name" : "random-rw"
      },
      "read" : {
        "io_bytes" : 84776820736,
        "io_kbytes" : 82789864,
        "bw_bytes" : 282588460,
        "bw" : 275965,
        "iops" : 68991.323362,
        "runtime" : 300001,
        "total_ios" : 20697466,
        "short_ios" : 0,
        "drop_ios" : 0,
        "slat_ns" : {
          "min" : 0,
          "max" : 0,
          "mean" : 0.000000,
          "stddev" : 0.000000,
          "N" : 0
        },
        "clat_ns" : {
          "min" : 577,
          "max" : 9786994,
          "mean" : 6575.876005,
          "stddev" : 11194.332047,
          "N" : 20697466,
          "percentile" : {
            "1.000000" : 612,
            "5.000000" : 644,
            "10.000000" : 676,
            "20.000000" : 748,
            "30.000000" : 820,
            "40.000000" : 1384,
            "50.000000" : 6752,
            "60.000000" : 9536,
            "70.000000" : 10176,
            "80.000000" : 10688,
            "90.000000" : 13248,
            "95.000000" : 14656,
            "99.000000" : 20608,
            "99.500000" : 22912,
            "99.900000" : 37120,
            "99.950000" : 52480,
            "99.990000" : 154624
          },
          "bins" : {
            "580" : 560,
            "588" : 7383,
            "596" : 12795,
            "604" : 58267,
            "612" : 162214,
            "620" : 219614,
            "628" : 271645,
            "636" : 271730,
            "644" : 239718,
            "652" : 223575,
            "660" : 217941,
            "668" : 202871,
            "676" : 187191,
            "684" : 203790,
            "692" : 208823,
            "700" : 213737,
            "708" : 214117,
            "716" : 214501,
            "724" : 244447,
            "732" : 266159,
            "740" : 288463,
            "748" : 297420,
            "756" : 286623,
            "764" : 300002,
            "772" : 286362,
            "780" : 269556,
            "788" : 239638,
            "796" : 195306,
            "804" : 172727,
            "812" : 140975,
            "820" : 118385,
            "828" : 100392,
            "836" : 86238,
            "844" : 86328,
            "852" : 84456,
            "860" : 85918,
            "868" : 86091,
            "876" : 83183,
            "884" : 89646,
            "892" : 90584,
            "900" : 93581,
            "908" : 94860,
            "916" : 91349,
            "924" : 97076,
            "932" : 95106,
            "940" : 91991,
            "948" : 83986,
            "956" : 72243,
            "964" : 66009,
            "972" : 55322,
            "980" : 45337,
            "988" : 36096,
            "996" : 27428,
            "1004" : 23087,
            "1012" : 18113,
            "1020" : 15020,
            "1032" : 22325,
            "1048" : 17020,
            "1064" : 14043,
            "1080" : 12277,
            "1096" : 11897,
            "1112" : 11021,
            "1128" : 11496,
            "1144" : 11854,
            "1160" : 11412,
            "1176" : 11660,
            "1192" : 11124,
            "1208" : 10632,
            "1224" : 10133,
            "1240" : 9278,
            "1256" : 8875,
            "1272" : 8063,
            "1288" : 8244,
            "1304" : 7929,
            "1320" : 7559,
            "1336" : 7362,
            "1352" : 7007,
            "1368" : 6772,
            "1384" : 6727,
            "1400" : 6213,
            "1416" : 6118,
            "1432" : 5518,
            "1448" : 5384,
            "1464" : 5195,
            "1480" : 4687,
            "1496" : 4563,
            "1512" : 4056,
            "1528" : 3958,
            "1544" : 3669,
            "1560" : 3311,
            "1576" : 3324,
            "1592" : 2870,
            "1608" : 2813,
            "1624" : 2652,
            "1640" : 2411,
            "1656" : 2271,
            "1672" : 2103,
            "1688" : 2090,
            "1704" : 2013,
            "1720" : 1783,
            "1736" : 1772,
            "1752" : 1591,
            "1768" : 1579,
            "1784" : 1487,
            "1800" : 1397,
            "1816" : 1386,
            "1832" : 1238,
            "1848" : 1290,
            "1864" : 1175,
            "1880" : 1104,
            "1896" : 1154,
            "1912" : 1059,
            "1928" : 988,
            "1944" : 1028,
            "1960" : 974,
            "1976" : 883,
            "1992" : 883,
            "2008" : 816,
            "2024" : 780,
            "2040" : 755,
            "2064" : 1531,
            "2096" : 1413,
            "2128" : 1281,
            "2160" : 1148,
            "2192" : 988,
            "2224" : 881,
            "2256" : 794,
            "2288" : 649,
            "2320" : 633,
            "2352" : 547,
            "2384" : 440,
            "2416" : 380,
            "2448" : 423,
            "2480" : 345,
            "2512" : 320,
            "2544" : 278,
            "2576" : 277,
            "2608" : 266,
            "2640" : 234,
            "2672" : 226,
            "2704" : 235,
            "2736" : 230,
            "2768" : 221,
            "2800" : 197,
            "2832" : 182,
            "2864" : 174,
            "2896" : 178,
            "2928" : 160,
            "2960" : 159,
            "2992" : 131,
            "3024" : 159,
            "3056" : 117,
            "3088" : 107,
            "3120" : 116,
            "3152" : 107,
            "3184" : 89,
            "3216" : 84,
            "3248" : 89,
            "3280" : 83,
            "3312" : 86,
            "3344" : 83,
            "3376" : 91,
            "3408" : 87,
            "3440" : 72,
            "3472" : 68,
            "3504" : 76,
            "3536" : 78,
            "3568" : 109,
            "3600" : 147,
            "3632" : 227,
            "3664" : 297,
            "3696" : 333,
            "3728" : 359,
            "3760" : 393,
            "3792" : 465,
            "3824" : 577,
            "3856" : 795,
            "3888" : 1033,
            "3920" : 1485,
            "3952" : 2178,
            "3984" : 3163,
            "4016" : 4352,
            "4048" : 5589,
            "4080" : 6395,
            "4128" : 13853,
            "4192" : 13415,
            "4256" : 13158,
            "4320" : 15497,
            "4384" : 27710,
            "4448" : 46734,
            "4512" : 58906,
            "4576" : 54693,
            "4640" : 48484,
            "4704" : 47013,
            "4768" : 45287,
            "4832" : 44513,
            "4896" : 42618,
            "4960" : 34948,
            "5024" : 29757,
            "5088" : 27880,
            "5152" : 24246,
            "5216" : 21445,
            "5280" : 16612,
            "5344" : 10360,
            "5408" : 8073,
            "5472" : 9365,
            "5536" : 11675,
            "5600" : 13653,
            "5664" : 12583,
            "5728" : 8302,
            "5792" : 7125,
            "5856" : 34291,
            "5920" : 109483,
            "5984" : 160249,
            "6048" : 168689,
            "6112" : 134321,
            "6176" : 104084,
            "6240" : 98425,
            "6304" : 74092,
            "6368" : 37901,
            "6432" : 19285,
            "6496" : 19801,
            "6560" : 34890,
            "6624" : 60434,
            "6688" : 96348,
            "6752" : 128799,
            "6816" : 130429,
            "6880" : 103261,
            "6944" : 67907,
            "7008" : 42960,
            "7072" : 28854,
            "7136" : 19915,
            "7200" : 14654,
            "7264" : 10717,
            "7328" : 8228,
            "7392" : 6382,
            "7456" : 5061,
            "7520" : 4256,
            "7584" : 3623,
            "7648" : 3345,
            "7712" : 3251,
            "7776" : 3162,
            "7840" : 3378,
            "7904" : 3992,
            "7968" : 4558,
            "8032" : 4901,
            "8096" : 4523,
            "8160" : 3748,
            "8256" : 5698,
            "8384" : 5601,
            "8512" : 4923,
            "8640" : 4169,
            "8768" : 7597,
            "8896" : 36149,
            "9024" : 148391,
            "9152" : 362536,
            "9280" : 477933,
            "9408" : 463936,
            "9536" : 387862,
            "9664" : 315094,
            "9792" : 333077,
            "9920" : 411441,
            "10048" : 461011,
            "10176" : 454816,
            "10304" : 469296,
            "10432" : 497949,
            "10560" : 529552,
            "10688" : 472779,
            "10816" : 349713,
            "10944" : 237109,
            "11072" : 184008,
            "11200" : 194524,
            "11328" : 206373,
            "11456" : 170512,
            "11584" : 115667,
            "11712" : 68853,
            "11840" : 42907,
            "11968" : 33552,
            "12096" : 31339,
            "12224" : 29955,
            "12352" : 28699,
            "12480" : 27457,
            "12608" : 26974,
            "12736" : 27006,
            "12864" : 27642,
            "12992" : 30847,
            "13120" : 42874,
            "13248" : 66923,
            "13376" : 91431,
            "13504" : 96037,
            "13632" : 101736,
            "13760" : 117570,
            "13888" : 114832,
            "14016" : 103455,
            "14144" : 100761,
            "14272" : 91365,
            "14400" : 80322,
            "14528" : 72454,
            "14656" : 59152,
            "14784" : 45155,
            "14912" : 37369,
            "15040" : 30949,
            "15168" : 26204,
            "15296" : 23329,
            "15424" : 22559,
            "15552" : 22226,
            "15680" : 21527,
            "15808" : 20976,
            "15936" : 20299,
            "16064" : 19882,
            "16192" : 19207,
            "16320" : 18838,
            "16512" : 36180,
            "16768" : 34499,
            "17024" : 32177,
            "17280" : 30508,
            "17536" : 29551,
            "17792" : 28731,
            "18048" : 28801,
            "18304" : 28433,
            "18560" : 27262,
            "18816" : 26478,
            "19072" : 25832,
            "19328" : 25085,
            "19584" : 23818,
            "19840" : 22308,
            "20096" : 20723,
            "20352" : 19180,
            "20608" : 17775,
            "20864" : 16275,
            "21120" : 14235,
            "21376" : 12946,
            "21632" : 11585,
            "21888" : 10391,
            "22144" : 9345,
            "22400" : 8131,
            "22656" : 7307,
            "22912" : 6382,
            "23168" : 5722,
            "23424" : 5460,
            "23680" : 4844,
            "23936" : 4477,
            "24192" : 4048,
            "24448" : 3666,
            "24704" : 3369,
            "24960" : 3177,
            "25216" : 2881,
            "25472" : 2658,
            "25728" : 2494,
            "25984" : 2255,
            "26240" : 2043,
            "26496" : 1981,
            "26752" : 1823,
            "27008" : 1633,
            "27264" : 1504,
            "27520" : 1426,
            "27776" : 1328,
            "28032" : 1191,
            "28288" : 1071,
            "28544" : 1077,
            "28800" : 1010,
            "29056" : 908,
            "29312" : 839,
            "29568" : 816,
            "29824" : 739,
            "30080" : 729,
            "30336" : 677,
            "30592" : 656,
            "30848" : 596,
            "31104" : 558,
            "31360" : 579,
            "31616" : 520,
            "31872" : 530,
            "32128" : 520,
            "32384" : 460,
            "32640" : 474,
            "33024" : 901,
            "33536" : 869,
            "34048" : 771,
            "34560" : 704,
            "35072" : 728,
            "35584" : 624,
            "36096" : 613,
            "36608" : 598,
            "37120" : 582,
            "37632" : 567,
            "38144" : 509,
            "38656" : 497,
            "39168" : 558,
            "39680" : 480,
            "40192" : 462,
            "40704" : 442,
            "41216" : 394,
            "41728" : 392,
            "42240" : 393,
            "42752" : 390,
            "43264" : 392,
            "43776" : 373,
            "44288" : 334,
            "44800" : 317,
            "45312" : 318,
            "45824" : 321,
            "46336" : 321,
            "46848" : 280,
            "47360" : 287,
            "47872" : 265,
            "48384" : 252,
            "48896" : 230,
            "49408" : 253,
            "49920" : 221,
            "50432" : 210,
            "50944" : 213,
            "51456" : 198,
            "51968" : 184,
            "52480" : 202,
            "52992" : 179,
            "53504" : 175,
            "54016" : 173,
            "54528" : 161,
            "55040" : 150,
            "55552" : 136,
            "56064" : 142,
            "56576" : 134,
            "57088" : 128,
            "57600" : 140,
            "58112" : 135,
            "58624" : 96,
            "59136" : 129,
            "59648" : 109,
            "60160" : 131,
            "60672" : 119,
            "61184" : 99,
            "61696" : 139,
            "62208" : 101,
            "62720" : 115,
            "63232" : 113,
            "63744" : 107,
            "64256" : 114,
            "64768" : 98,
            "65280" : 103,
            "66048" : 175,
            "67072" : 173,
            "68096" : 162,
            "69120" : 153,
            "70144" : 169,
            "71168" : 167,
            "72192" : 157,
            "73216" : 196,
            "74240" : 169,
            "75264" : 151,
            "76288" : 142,
            "77312" : 121,
            "78336" : 121,
            "79360" : 122,
            "80384" : 86,
            "81408" : 77,
            "82432" : 93,
            "83456" : 80,
            "84480" : 80,
            "85504" : 80,
            "86528" : 92,
            "87552" : 64,
            "88576" : 67,
            "89600" : 98,
            "90624" : 78,
            "91648" : 66,
            "92672" : 67,
            "93696" : 51,
            "94720" : 55,
            "95744" : 53,
            "96768" : 56,
            "97792" : 58,
            "98816" : 52,
            "99840" : 55,
            "100864" : 33,
            "101888" : 54,
            "102912" : 38,
            "103936" : 41,
            "104960" : 36,
            "105984" : 38,
            "107008" : 32,
            "108032" : 24,
            "109056" : 44,
            "110080" : 37,
            "111104" : 41,
            "112128" : 36,
            "113152" : 31,
            "114176" : 33,
            "115200" : 42,
            "116224" : 35,
            "117248" : 29,
            "118272" : 32,
            "119296" : 26,
            "120320" : 27,
            "121344" : 22,
            "122368" : 30,
            "123392" : 23,
            "124416" : 29,
            "125440" : 16,
            "126464" : 23,
            "127488" : 26,
            "128512" : 32,
            "129536" : 26,
            "130560" : 17,
            "132096" : 43,
            "134144" : 37,
            "136192" : 45,
            "138240" : 44,
            "140288" : 41,
            "142336" : 37,
            "144384" : 33,
            "146432" : 28,
            "148480" : 21,
            "150528" : 34,
            "152576" : 24,
            "154624" : 21,
            "156672" : 21,
            "158720" : 24,
            "160768" : 29,
            "162816" : 25,
            "164864" : 18,
            "166912" : 11,
            "168960" : 14,
            "171008" : 29,
            "173056" : 21,
            "175104" : 16,
            "177152" : 12,
            "179200" : 12,
            "181248" : 16,
            "183296" : 15,
            "185344" : 9,
            "187392" : 6,
            "189440" : 21,
            "191488" : 19,
            "193536" : 11,
            "195584" : 17,
            "197632" : 8,
            "199680" : 8,
            "201728" : 11,
            "203776" : 15,
            "205824" : 17,
            "207872" : 10,
            "209920" : 11,
            "211968" : 14,
            "214016" : 14,
            "216064" : 17,
            "218112" : 12,
            "220160" : 17,
            "222208" : 18,
            "224256" : 15,
            "226304" : 17,
            "228352" : 12,
            "230400" : 14,
            "232448" : 19,
            "234496" : 14,
            "236544" : 16,
            "238592" : 14,
            "240640" : 16,
            "242688" : 12,
            "244736" : 16,
            "246784" : 17,
            "248832" : 9,
            "250880" : 8,
            "252928" : 14,
            "254976" : 12,
            "257024" : 14,
            "259072" : 7,
            "261120" : 10,
            "264192" : 19,
            "268288" : 12,
            "272384" : 9,
            "276480" : 10,
            "280576" : 14,
            "284672" : 12,
            "288768" : 14,
            "292864" : 15,
            "296960" : 21,
            "301056" : 12,
            "305152" : 8,
            "309248" : 17,
            "313344" : 20,
            "317440" : 12,
            "321536" : 9,
            "325632" : 14,
            "329728" : 13,
            "333824" : 13,
            "337920" : 13,
            "342016" : 12,
            "346112" : 14,
            "350208" : 10,
            "354304" : 11,
            "358400" : 12,
            "362496" : 10,
            "366592" : 6,
            "370688" : 10,
            "374784" : 11,
            "378880" : 8,
            "382976" : 9,
            "387072" : 8,
            "391168" : 12,
            "395264" : 10,
            "399360" : 11,
            "403456" : 15,
            "407552" : 11,
            "411648" : 11,
            "415744" : 13,
            "419840" : 20,
            "423936" : 14,
            "428032" : 6,
            "432128" : 15,
            "436224" : 15,
            "440320" : 6,
            "444416" : 5,
            "448512" : 10,
            "452608" : 7,
            "456704" : 5,
            "460800" : 8,
            "464896" : 5,
            "468992" : 2,
            "473088" : 4,
            "477184" : 6,
            "481280" : 2,
            "485376" : 5,
            "489472" : 5,
            "493568" : 6,
            "497664" : 2,
            "501760" : 4,
            "505856" : 3,
            "509952" : 3,
            "514048" : 4,
            "518144" : 6,
            "522240" : 2,
            "528384" : 6,
            "536576" : 9,
            "544768" : 9,
            "552960" : 11,
            "561152" : 11,
            "569344" : 8,
            "577536" : 14,
            "585728" : 8,
            "593920" : 11,
            "602112" : 8,
            "610304" : 17,
            "618496" : 5,
            "626688" : 8,
            "634880" : 9,
            "643072" : 8,
            "651264" : 6,
            "659456" : 3,
            "667648" : 2,
            "675840" : 7,
            "684032" : 2,
            "692224" : 6,
            "700416" : 5,
            "708608" : 10,
            "716800" : 9,
            "724992" : 8,
            "733184" : 5,
            "741376" : 6,
            "749568" : 4,
            "757760" : 8,
            "765952" : 7,
            "774144" : 8,
            "782336" : 5,
            "790528" : 6,
            "798720" : 9,
            "806912" : 5,
            "815104" : 5,
            "823296" : 5,
            "831488" : 11,
            "839680" : 2,
            "847872" : 5,
            "856064" : 2,
            "864256" : 5,
            "872448" : 7,
            "880640" : 5,
            "888832" : 7,
            "897024" : 10,
            "905216" : 3,
            "913408" : 4,
            "921600" : 2,
            "929792" : 2,
            "937984" : 3,
            "946176" : 3,
            "954368" : 2,
            "962560" : 2,
            "970752" : 6,
            "978944" : 7,
            "987136" : 4,
            "995328" : 1,
            "1003520" : 3,
            "1011712" : 2,
            "1019904" : 3,
            "1028096" : 1,
            "1036288" : 1,
            "1044480" : 3,
            "1056768" : 6,
            "1073152" : 2,
            "1089536" : 2,
            "1105920" : 1,
            "1122304" : 4,
            "1138688" : 2,
            "1155072" : 4,
            "1171456" : 1,
            "1187840" : 3,
            "1204224" : 2,
            "1220608" : 5,
            "1253376" : 2,
            "1269760" : 3,
            "1286144" : 2,
            "1302528" : 3,
            "1318912" : 1,
            "1335296" : 1,
            "1351680" : 4,
            "1368064" : 1,
            "1384448" : 11,
            "1400832" : 5,
            "1417216" : 2,
            "1433600" : 2,
            "1449984" : 5,
            "1466368" : 5,
            "1482752" : 2,
            "1515520" : 3,
            "1531904" : 4,
            "1548288" : 3,
            "1564672" : 2,
            "1581056" : 2,
            "1597440" : 1,
            "1613824" : 5,
            "1630208" : 1,
            "1646592" : 4,
            "1662976" : 1,
            "1679360" : 2,
            "1695744" : 1,
            "1712128" : 4,
            "1728512" : 4,
            "1744896" : 3,
            "1777664" : 2,
            "1810432" : 3,
            "1826816" : 2,
            "1843200" : 2,
            "1859584" : 1,
            "1892352" : 3,
            "1908736" : 2,
            "1941504" : 2,
            "1957888" : 2,
            "1974272" : 2,
            "1990656" : 2,
            "2007040" : 2,
            "2023424" : 3,
            "2056192" : 5,
            "2072576" : 4,
            "2088960" : 1,
            "2113536" : 4,
            "2146304" : 2,
            "2179072" : 3,
            "2211840" : 4,
            "2244608" : 5,
            "2277376" : 1,
            "2310144" : 1,
            "2342912" : 4,
            "2375680" : 3,
            "2408448" : 4,
            "2473984" : 4,
            "2506752" : 1,
            "2539520" : 1,
            "2572288" : 4,
            "2605056" : 3,
            "2637824" : 1,
            "2670592" : 3,
            "2703360" : 1,
            "2736128" : 3,
            "2768896" : 2,
            "2801664" : 3,
            "2834432" : 2,
            "2867200" : 1,
            "2899968" : 2,
            "2932736" : 1,
            "2965504" : 1,
            "2998272" : 1,
            "3031040" : 2,
            "3063808" : 1,
            "3129344" : 2,
            "3162112" : 3,
            "3194880" : 2,
            "3227648" : 3,
            "3325952" : 1,
            "3391488" : 2,
            "3489792" : 2,
            "3522560" : 2,
            "3555328" : 2,
            "3588096" : 1,
            "3751936" : 2,
            "3817472" : 1,
            "3850240" : 4,
            "3948544" : 1,
            "4014080" : 1,
            "4046848" : 2,
            "4079616" : 1,
            "4292608" : 2,
            "4489216" : 1,
            "4751360" : 1,
            "5144576" : 2,
            "5210112" : 1,
            "6520832" : 1,
            "6651904" : 1,
            "6914048" : 1,
            "9764864" : 1
          }
        },
        "lat_ns" : {
          "min" : 608,
          "max" : 9787029,
          "mean" : 6655.548253,
          "stddev" : 11208.620296,
          "N" : 20697466,
          "percentile" : {
            "1.000000" : 644,
            "5.000000" : 676,
            "10.000000" : 716,
            "20.000000" : 788,
            "30.000000" : 868,
            "40.000000" : 1688,
            "50.000000" : 6816,
            "60.000000" : 9536,
            "70.000000" : 10176,
            "80.000000" : 10816,
            "90.000000" : 13376,
            "95.000000" : 14656,
            "99.000000" : 20608,
            "99.500000" : 22912,
            "99.900000" : 37632,
            "99.950000" : 52480,
            "99.990000" : 154624
          },
          "bins" : {
            "612" : 503,
            "620" : 6840,
            "628" : 11230,
            "636" : 48848,
            "644" : 155888,
            "652" : 215953,
            "660" : 267315,
            "668" : 268733,
            "676" : 195146,
            "684" : 180447,
            "692" : 188935,
            "700" : 196929,
            "708" : 186098,
            "716" : 173712,
            "724" : 190502,
            "732" : 201538,
            "740" : 211884,
            "748" : 214828,
            "756" : 213839,
            "764" : 242506,
            "772" : 261492,
            "780" : 283858,
            "788" : 291449,
            "796" : 281930,
            "804" : 292915,
            "812" : 280564,
            "820" : 266632,
            "828" : 237225,
            "836" : 197027,
            "844" : 172383,
            "852" : 138391,
            "860" : 111384,
            "868" : 87079,
            "876" : 65659,
            "884" : 55748,
            "892" : 45138,
            "900" : 38899,
            "908" : 34634,
            "916" : 32497,
            "924" : 36030,
            "932" : 40215,
            "940" : 46659,
            "948" : 52805,
            "956" : 56197,
            "964" : 64857,
            "972" : 68584,
            "980" : 74201,
            "988" : 76308,
            "996" : 76324,
            "1004" : 82988,
            "1012" : 83544,
            "1020" : 86907,
            "1032" : 164999,
            "1048" : 149202,
            "1064" : 118370,
            "1080" : 80732,
            "1096" : 54475,
            "1112" : 34302,
            "1128" : 23431,
            "1144" : 17249,
            "1160" : 13460,
            "1176" : 12038,
            "1192" : 11044,
            "1208" : 11078,
            "1224" : 10842,
            "1240" : 10470,
            "1256" : 10845,
            "1272" : 10226,
            "1288" : 10344,
            "1304" : 9668,
            "1320" : 9006,
            "1336" : 8651,
            "1352" : 7882,
            "1368" : 7782,
            "1384" : 7343,
            "1400" : 7026,
            "1416" : 6776,
            "1432" : 6400,
            "1448" : 6258,
            "1464" : 6135,
            "1480" : 5679,
            "1496" : 5638,
            "1512" : 5177,
            "1528" : 5196,
            "1544" : 5051,
            "1560" : 4721,
            "1576" : 4473,
            "1592" : 4251,
            "1608" : 4037,
            "1624" : 3925,
            "1640" : 3521,
            "1656" : 3441,
            "1672" : 3132,
            "1688" : 3115,
            "1704" : 2895,
            "1720" : 2598,
            "1736" : 2580,
            "1752" : 2418,
            "1768" : 2370,
            "1784" : 2226,
            "1800" : 1897,
            "1816" : 1904,
            "1832" : 1802,
            "1848" : 1836,
            "1864" : 1677,
            "1880" : 1476,
            "1896" : 1515,
            "1912" : 1380,
            "1928" : 1361,
            "1944" : 1375,
            "1960" : 1186,
            "1976" : 1225,
            "1992" : 1180,
            "2008" : 1146,
            "2024" : 1129,
            "2040" : 1029,
            "2064" : 1959,
            "2096" : 1837,
            "2128" : 1747,
            "2160" : 1618,
            "2192" : 1488,
            "2224" : 1390,
            "2256" : 1251,
            "2288" : 1236,
            "2320" : 1120,
            "2352" : 1071,
            "2384" : 1009,
            "2416" : 931,
            "2448" : 853,
            "2480" : 746,
            "2512" : 722,
            "2544" : 631,
            "2576" : 625,
            "2608" : 508,
            "2640" : 496,
            "2672" : 448,
            "2704" : 407,
            "2736" : 378,
            "2768" : 358,
            "2800" : 355,
            "2832" : 327,
            "2864" : 288,
            "2896" : 284,
            "2928" : 267,
            "2960" : 229,
            "2992" : 233,
            "3024" : 226,
            "3056" : 190,
            "3088" : 177,
            "3120" : 158,
            "3152" : 174,
            "3184" : 130,
            "3216" : 124,
            "3248" : 98,
            "3280" : 108,
            "3312" : 102,
            "3344" : 102,
            "3376" : 113,
            "3408" : 111,
            "3440" : 126,
            "3472" : 94,
            "3504" : 108,
            "3536" : 87,
            "3568" : 95,
            "3600" : 69,
            "3632" : 105,
            "3664" : 153,
            "3696" : 226,
            "3728" : 271,
            "3760" : 321,
            "3792" : 379,
            "3824" : 479,
            "3856" : 672,
            "3888" : 849,
            "3920" : 1063,
            "3952" : 1300,
            "3984" : 1656,
            "4016" : 2170,
            "4048" : 2909,
            "4080" : 3900,
            "4128" : 12419,
            "4192" : 17345,
            "4256" : 17993,
            "4320" : 16423,
            "4384" : 15967,
            "4448" : 22812,
            "4512" : 40049,
            "4576" : 56115,
            "4640" : 59555,
            "4704" : 51525,
            "4768" : 48345,
            "4832" : 48042,
            "4896" : 45974,
            "4960" : 45234,
            "5024" : 37453,
            "5088" : 30364,
            "5152" : 29290,
            "5216" : 27118,
            "5280" : 23706,
            "5344" : 18811,
            "5408" : 12608,
            "5472" : 8764,
            "5536" : 8626,
            "5600" : 11350,
            "5664" : 13273,
            "5728" : 13238,
            "5792" : 10266,
            "5856" : 14457,
            "5920" : 62359,
            "5984" : 132128,
            "6048" : 162911,
            "6112" : 156282,
            "6176" : 121271,
            "6240" : 106097,
            "6304" : 93921,
            "6368" : 59676,
            "6432" : 28383,
            "6496" : 16019,
            "6560" : 16385,
            "6624" : 27728,
            "6688" : 57788,
            "6752" : 102852,
            "6816" : 134543,
            "6880" : 132758,
            "6944" : 100746,
            "7008" : 66196,
            "7072" : 43758,
            "7136" : 32251,
            "7200" : 24355,
            "7264" : 17053,
            "7328" : 12273,
            "7392" : 8958,
            "7456" : 6808,
            "7520" : 5478,
            "7584" : 4605,
            "7648" : 3950,
            "7712" : 3493,
            "7776" : 3403,
            "7840" : 3379,
            "7904" : 3657,
            "7968" : 4008,
            "8032" : 4525,
            "8096" : 4743,
            "8160" : 4772,
            "8256" : 7298,
            "8384" : 5654,
            "8512" : 5706,
            "8640" : 4713,
            "8768" : 5266,
            "8896" : 17565,
            "9024" : 84420,
            "9152" : 283586,
            "9280" : 468313,
            "9408" : 480083,
            "9536" : 404259,
            "9664" : 317581,
            "9792" : 285260,
            "9920" : 355206,
            "10048" : 464082,
            "10176" : 482871,
            "10304" : 474657,
            "10432" : 492702,
            "10560" : 526289,
            "10688" : 499144,
            "10816" : 386713,
            "10944" : 266938,
            "11072" : 192172,
            "11200" : 185910,
            "11328" : 206104,
            "11456" : 183666,
            "11584" : 132406,
            "11712" : 81280,
            "11840" : 48546,
            "11968" : 34968,
            "12096" : 32124,
            "12224" : 32599,
            "12352" : 31445,
            "12480" : 29399,
            "12608" : 28448,
            "12736" : 28642,
            "12864" : 30375,
            "12992" : 33984,
            "13120" : 40475,
            "13248" : 55807,
            "13376" : 80152,
            "13504" : 99228,
            "13632" : 99546,
            "13760" : 107437,
            "13888" : 119663,
            "14016" : 111783,
            "14144" : 102715,
            "14272" : 99063,
            "14400" : 88465,
            "14528" : 77897,
            "14656" : 69135,
            "14784" : 55657,
            "14912" : 43385,
            "15040" : 36209,
            "15168" : 30319,
            "15296" : 25472,
            "15424" : 23181,
            "15552" : 22573,
            "15680" : 21748,
            "15808" : 21117,
            "15936" : 20740,
            "16064" : 20040,
            "16192" : 19627,
            "16320" : 19014,
            "16512" : 36806,
            "16768" : 35191,
            "17024" : 32653,
            "17280" : 30820,
            "17536" : 29672,
            "17792" : 28929,
            "18048" : 28717,
            "18304" : 28531,
            "18560" : 27640,
            "18816" : 26555,
            "19072" : 25766,
            "19328" : 25221,
            "19584" : 24427,
            "19840" : 22619,
            "20096" : 21483,
            "20352" : 19673,
            "20608" : 18522,
            "20864" : 17012,
            "21120" : 15346,
            "21376" : 13556,
            "21632" : 12229,
            "21888" : 11060,
            "22144" : 10033,
            "22400" : 8925,
            "22656" : 7666,
            "22912" : 6910,
            "23168" : 6152,
            "23424" : 5601,
            "23680" : 5246,
            "23936" : 4729,
            "24192" : 4390,
            "24448" : 3927,
            "24704" : 3676,
            "24960" : 3346,
            "25216" : 3119,
            "25472" : 2810,
            "25728" : 2709,
            "25984" : 2367,
            "26240" : 2200,
            "26496" : 2117,
            "26752" : 1916,
            "27008" : 1777,
            "27264" : 1619,
            "27520" : 1508,
            "27776" : 1430,
            "28032" : 1301,
            "28288" : 1151,
            "28544" : 1146,
            "28800" : 1045,
            "29056" : 1011,
            "29312" : 880,
            "29568" : 835,
            "29824" : 778,
            "30080" : 745,
            "30336" : 709,
            "30592" : 690,
            "30848" : 650,
            "31104" : 591,
            "31360" : 588,
            "31616" : 550,
            "31872" : 505,
            "32128" : 574,
            "32384" : 476,
            "32640" : 495,
            "33024" : 877,
            "33536" : 920,
            "34048" : 780,
            "34560" : 703,
            "35072" : 725,
            "35584" : 673,
            "36096" : 611,
            "36608" : 622,
            "37120" : 579,
            "37632" : 580,
            "38144" : 518,
            "38656" : 495,
            "39168" : 560,
            "39680" : 495,
            "40192" : 478,
            "40704" : 464,
            "41216" : 378,
            "41728" : 408,
            "42240" : 399,
            "42752" : 376,
            "43264" : 404,
            "43776" : 374,
            "44288" : 354,
            "44800" : 328,
            "45312" : 324,
            "45824" : 309,
            "46336" : 317,
            "46848" : 308,
            "47360" : 282,
            "47872" : 272,
            "48384" : 249,
            "48896" : 239,
            "49408" : 251,
            "49920" : 224,
            "50432" : 215,
            "50944" : 219,
            "51456" : 202,
            "51968" : 188,
            "52480" : 214,
            "52992" : 178,
            "53504" : 182,
            "54016" : 173,
            "54528" : 161,
            "55040" : 148,
            "55552" : 144,
            "56064" : 144,
            "56576" : 134,
            "57088" : 134,
            "57600" : 142,
            "58112" : 136,
            "58624" : 98,
            "59136" : 121,
            "59648" : 119,
            "60160" : 119,
            "60672" : 123,
            "61184" : 105,
            "61696" : 138,
            "62208" : 106,
            "62720" : 118,
            "63232" : 109,
            "63744" : 116,
            "64256" : 110,
            "64768" : 106,
            "65280" : 86,
            "66048" : 191,
            "67072" : 167,
            "68096" : 171,
            "69120" : 159,
            "70144" : 171,
            "71168" : 165,
            "72192" : 157,
            "73216" : 201,
            "74240" : 174,
            "75264" : 141,
            "76288" : 147,
            "77312" : 124,
            "78336" : 121,
            "79360" : 126,
            "80384" : 87,
            "81408" : 76,
            "82432" : 98,
            "83456" : 78,
            "84480" : 83,
            "85504" : 80,
            "86528" : 88,
            "87552" : 70,
            "88576" : 68,
            "89600" : 90,
            "90624" : 85,
            "91648" : 65,
            "92672" : 69,
            "93696" : 56,
            "94720" : 53,
            "95744" : 55,
            "96768" : 55,
            "97792" : 59,
            "98816" : 55,
            "99840" : 54,
            "100864" : 34,
            "101888" : 52,
            "102912" : 45,
            "103936" : 41,
            "104960" : 34,
            "105984" : 40,
            "107008" : 34,
            "108032" : 26,
            "109056" : 41,
            "110080" : 36,
            "111104" : 40,
            "112128" : 37,
            "113152" : 34,
            "114176" : 32,
            "115200" : 40,
            "116224" : 37,
            "117248" : 31,
            "118272" : 32,
            "119296" : 28,
            "120320" : 27,
            "121344" : 21,
            "122368" : 29,
            "123392" : 24,
            "124416" : 28,
            "125440" : 16,
            "126464" : 24,
            "127488" : 23,
            "128512" : 35,
            "129536" : 25,
            "130560" : 16,
            "132096" : 43,
            "134144" : 41,
            "136192" : 41,
            "138240" : 46,
            "140288" : 43,
            "142336" : 34,
            "144384" : 34,
            "146432" : 29,
            "148480" : 23,
            "150528" : 32,
            "152576" : 26,
            "154624" : 20,
            "156672" : 21,
            "158720" : 22,
            "160768" : 30,
            "162816" : 25,
            "164864" : 18,
            "166912" : 13,
            "168960" : 14,
            "171008" : 27,
            "173056" : 22,
            "175104" : 15,
            "177152" : 14,
            "179200" : 12,
            "181248" : 17,
            "183296" : 15,
            "185344" : 9,
            "187392" : 6,
            "189440" : 18,
            "191488" : 22,
            "193536" : 10,
            "195584" : 16,
            "197632" : 10,
            "199680" : 8,
            "201728" : 12,
            "203776" : 15,
            "205824" : 17,
            "207872" : 8,
            "209920" : 13,
            "211968" : 13,
            "214016" : 14,
            "216064" : 17,
            "218112" : 13,
            "220160" : 16,
            "222208" : 19,
            "224256" : 14,
            "226304" : 18,
            "228352" : 12,
            "230400" : 12,
            "232448" : 21,
            "234496" : 14,
            "236544" : 15,
            "238592" : 15,
            "240640" : 14,
            "242688" : 12,
            "244736" : 17,
            "246784" : 15,
            "248832" : 13,
            "250880" : 8,
            "252928" : 14,
            "254976" : 12,
            "257024" : 13,
            "259072" : 8,
            "261120" : 10,
            "264192" : 19,
            "268288" : 13,
            "272384" : 9,
            "276480" : 9,
            "280576" : 15,
            "284672" : 11,
            "288768" : 15,
            "292864" : 15,
            "296960" : 20,
            "301056" : 13,
            "305152" : 8,
            "309248" : 17,
            "313344" : 20,
            "317440" : 9,
            "321536" : 13,
            "325632" : 13,
            "329728" : 14,
            "333824" : 13,
            "337920" : 12,
            "342016" : 12,
            "346112" : 14,
            "350208" : 10,
            "354304" : 12,
            "358400" : 12,
            "362496" : 10,
            "366592" : 6,
            "370688" : 10,
            "374784" : 11,
            "378880" : 8,
            "382976" : 9,
            "387072" : 8,
            "391168" : 12,
            "395264" : 10,
            "399360" : 11,
            "403456" : 15,
            "407552" : 10,
            "411648" : 11,
            "415744" : 14,
            "419840" : 20,
            "423936" : 13,
            "428032" : 6,
            "432128" : 16,
            "436224" : 15,
            "440320" : 6,
            "444416" : 5,
            "448512" : 9,
            "452608" : 8,
            "456704" : 5,
            "460800" : 8,
            "464896" : 5,
            "468992" : 1,
            "473088" : 5,
            "477184" : 5,
            "481280" : 3,
            "485376" : 5,
            "489472" : 5,
            "493568" : 6,
            "497664" : 2,
            "501760" : 4,
            "505856" : 3,
            "509952" : 3,
            "514048" : 4,
            "518144" : 6,
            "522240" : 2,
            "528384" : 6,
            "536576" : 8,
            "544768" : 10,
            "552960" : 11,
            "561152" : 11,
            "569344" : 8,
            "577536" : 14,
            "585728" : 8,
            "593920" : 11,
            "602112" : 8,
            "610304" : 16,
            "618496" : 6,
            "626688" : 8,
            "634880" : 9,
            "643072" : 8,
            "651264" : 6,
            "659456" : 3,
            "667648" : 2,
            "675840" : 7,
            "684032" : 2,
            "692224" : 6,
            "700416" : 5,
            "708608" : 10,
            "716800" : 9,
            "724992" : 8,
            "733184" : 5,
            "741376" : 6,
            "749568" : 4,
            "757760" : 8,
            "765952" : 7,
            "774144" : 8,
            "782336" : 4,
            "790528" : 6,
            "798720" : 10,
            "806912" : 5,
            "815104" : 5,
            "823296" : 5,
            "831488" : 11,
            "839680" : 2,
            "847872" : 5,
            "856064" : 2,
            "864256" : 5,
            "872448" : 7,
            "880640" : 5,
            "888832" : 7,
            "897024" : 10,
            "905216" : 3,
            "913408" : 4,
            "921600" : 2,
            "929792" : 2,
            "937984" : 3,
            "946176" : 4,
            "954368" : 2,
            "962560" : 2,
            "970752" : 6,
            "978944" : 7,
            "987136" : 4,
            "995328" : 1,
            "1003520" : 3,
            "1011712" : 2,
            "1019904" : 3,
            "1028096" : 1,
            "1036288" : 1,
            "1044480" : 3,
            "1056768" : 6,
            "1073152" : 2,
            "1089536" : 1,
            "1105920" : 2,
            "1122304" : 4,
            "1138688" : 2,
            "1155072" : 4,
            "1171456" : 1,
            "1187840" : 3,
            "1204224" : 2,
            "1220608" : 5,
            "1253376" : 2,
            "1269760" : 3,
            "1286144" : 2,
            "1302528" : 3,
            "1318912" : 1,
            "1335296" : 2,
            "1351680" : 4,
            "1368064" : 1,
            "1384448" : 11,
            "1400832" : 5,
            "1417216" : 2,
            "1433600" : 2,
            "1449984" : 5,
            "1466368" : 5,
            "1482752" : 2,
            "1515520" : 3,
            "1531904" : 4,
            "1548288" : 3,
            "1564672" : 2,
            "1581056" : 2,
            "1597440" : 1,
            "1613824" : 5,
            "1630208" : 1,
            "1646592" : 4,
            "1662976" : 1,
            "1679360" : 2,
            "1695744" : 1,
            "1712128" : 4,
            "1728512" : 4,
            "1744896" : 3,
            "1777664" : 2,
            "1810432" : 3,
            "1826816" : 2,
            "1843200" : 2,
            "1859584" : 1,
            "1892352" : 3,
            "1908736" : 2,
            "1941504" : 2,
            "1957888" : 2,
            "1974272" : 2,
            "1990656" : 2,
            "2007040" : 2,
            "2023424" : 3,
            "2056192" : 5,
            "2072576" : 4,
            "2088960" : 1,
            "2113536" : 4,
            "2146304" : 2,
            "2179072" : 3,
            "2211840" : 4,
            "2244608" : 5,
            "2277376" : 1,
            "2310144" : 1,
            "2342912" : 4,
            "2375680" : 3,
            "2408448" : 4,
            "2473984" : 4,
            "2506752" : 1,
            "2539520" : 1,
            "2572288" : 4,
            "2605056" : 3,
            "2637824" : 1,
            "2670592" : 3,
            "2703360" : 1,
            "2736128" : 3,
            "2768896" : 2,
            "2801664" : 3,
            "2834432" : 2,
            "2867200" : 1,
            "2899968" : 2,
            "2932736" : 1,
            "2965504" : 1,
            "2998272" : 1,
            "3031040" : 2,
            "3063808" : 1,
            "3129344" : 2,
            "3162112" : 3,
            "3194880" : 2,
            "3227648" : 3,
            "3325952" : 1,
            "3391488" : 2,
            "3489792" : 2,
            "3522560" : 2,
            "3555328" : 2,
            "3588096" : 1,
            "3751936" : 2,
            "3817472" : 1,
            "3850240" : 4,
            "3948544" : 1,
            "4014080" : 1,
            "4046848" : 2,
            "4079616" : 1,
            "4292608" : 2,
            "4489216" : 1,
            "4751360" : 1,
            "5144576" : 2,
            "5210112" : 1,
            "6520832" : 1,
            "6651904" : 1,
            "6914048" : 1,
            "9764864" : 1
          }
        },
        "bw_min" : 157728,
        "bw_max" : 303696,
        "bw_agg" : 100.000000,
        "bw_mean" : 276044.781302,
        "bw_dev" : 24388.066024,
        "bw_samples" : 599,
        "iops_min" : 39432,
        "iops_max" : 75924,
        "iops_mean" : 69011.198664,
        "iops_stddev" : 6097.026472,
        "iops_samples" : 599
      },
      "write" : {
        "io_bytes" : 84763615232,
        "io_kbytes" : 82776968,
        "bw_bytes" : 282544442,
        "bw" : 275922,
        "iops" : 68980.576731,
        "runtime" : 300001,
        "total_ios" : 20694242,
        "short_ios" : 0,
        "drop_ios" : 0,
        "slat_ns" : {
          "min" : 0,
          "max" : 0,
          "mean" : 0.000000,
          "stddev" : 0.000000,
          "N" : 0
        },
        "clat_ns" : {
          "min" : 843,
          "max" : 10022795,
          "mean" : 2260.082870,
          "stddev" : 4817.648021,
          "N" : 20694242,
          "percentile" : {
            "1.000000" : 1064,
            "5.000000" : 1080,
            "10.000000" : 1112,
            "20.000000" : 1336,
            "30.000000" : 1448,
            "40.000000" : 1560,
            "50.000000" : 1704,
            "60.000000" : 1896,
            "70.000000" : 2160,
            "80.000000" : 2416,
            "90.000000" : 5152,
            "95.000000" : 5728,
            "99.000000" : 7392,
            "99.500000" : 8512,
            "99.900000" : 13120,
            "99.950000" : 17280,
            "99.990000" : 40192
          },
          "bins" : {
            "844" : 17,
            "852" : 720,
            "860" : 3964,
            "868" : 6996,
            "876" : 8164,
            "884" : 9307,
            "892" : 8841,
            "900" : 5436,
            "908" : 2086,
            "916" : 948,
            "924" : 761,
            "932" : 556,
            "940" : 445,
            "948" : 308,
            "956" : 299,
            "964" : 654,
            "972" : 1026,
            "980" : 1085,
            "988" : 1513,
            "996" : 2347,
            "1004" : 3651,
            "1012" : 4774,
            "1020" : 5300,
            "1032" : 9035,
            "1048" : 17293,
            "1064" : 263260,
            "1080" : 747146,
            "1096" : 946374,
            "1112" : 628770,
            "1128" : 373866,
            "1144" : 266014,
            "1160" : 200585,
            "1176" : 130455,
            "1192" : 75626,
            "1208" : 52281,
            "1224" : 43222,
            "1240" : 39441,
            "1256" : 38268,
            "1272" : 33843,
            "1288" : 31683,
            "1304" : 50607,
            "1320" : 106677,
            "1336" : 139149,
            "1352" : 148660,
            "1368" : 186769,
            "1384" : 225438,
            "1400" : 292069,
            "1416" : 373267,
            "1432" : 411157,
            "1448" : 443393,
            "1464" : 419314,
            "1480" : 337676,
            "1496" : 284682,
            "1512" : 250901,
            "1528" : 250739,
            "1544" : 253935,
            "1560" : 242702,
            "1576" : 234165,
            "1592" : 205241,
            "1608" : 186325,
            "1624" : 171680,
            "1640" : 169200,
            "1656" : 197332,
            "1672" : 229969,
            "1688" : 277573,
            "1704" : 306795,
            "1720" : 303328,
            "1736" : 295655,
            "1752" : 256374,
            "1768" : 223455,
            "1784" : 188610,
            "1800" : 155632,
            "1816" : 140468,
            "1832" : 123783,
            "1848" : 114393,
            "1864" : 101591,
            "1880" : 84550,
            "1896" : 72302,
            "1912" : 60401,
            "1928" : 56742,
            "1944" : 58599,
            "1960" : 66083,
            "1976" : 83758,
            "1992" : 101489,
            "2008" : 124034,
            "2024" : 140763,
            "2040" : 149476,
            "2064" : 321329,
            "2096" : 342745,
            "2128" : 342727,
            "2160" : 317595,
            "2192" : 273259,
            "2224" : 247125,
            "2256" : 258856,
            "2288" : 281078,
            "2320" : 292410,
            "2352" : 283050,
            "2384" : 250610,
            "2416" : 210600,
            "2448" : 168473,
            "2480" : 139456,
            "2512" : 118722,
            "2544" : 99557,
            "2576" : 80777,
            "2608" : 61145,
            "2640" : 47975,
            "2672" : 39520,
            "2704" : 33071,
            "2736" : 29175,
            "2768" : 25861,
            "2800" : 23683,
            "2832" : 21869,
            "2864" : 20352,
            "2896" : 19331,
            "2928" : 17916,
            "2960" : 16742,
            "2992" : 15853,
            "3024" : 15225,
            "3056" : 14561,
            "3088" : 13925,
            "3120" : 13556,
            "3152" : 13231,
            "3184" : 12887,
            "3216" : 12534,
            "3248" : 12153,
            "3280" : 11799,
            "3312" : 11546,
            "3344" : 11499,
            "3376" : 11363,
            "3408" : 10840,
            "3440" : 11002,
            "3472" : 10915,
            "3504" : 10736,
            "3536" : 10669,
            "3568" : 10271,
            "3600" : 10277,
            "3632" : 10264,
            "3664" : 10315,
            "3696" : 10052,
            "3728" : 9581,
            "3760" : 9734,
            "3792" : 9530,
            "3824" : 9101,
            "3856" : 9256,
            "3888" : 9072,
            "3920" : 8885,
            "3952" : 8684,
            "3984" : 8656,
            "4016" : 8628,
            "4048" : 8139,
            "4080" : 7972,
            "4128" : 15527,
            "4192" : 15441,
            "4256" : 15700,
            "4320" : 15912,
            "4384" : 16658,
            "4448" : 16608,
            "4512" : 16961,
            "4576" : 19428,
            "4640" : 25376,
            "4704" : 31441,
            "4768" : 35400,
            "4832" : 39663,
            "4896" : 50304,
            "4960" : 61720,
            "5024" : 74121,
            "5088" : 85008,
            "5152" : 91783,
            "5216" : 104188,
            "5280" : 115548,
            "5344" : 110425,
            "5408" : 108273,
            "5472" : 112255,
            "5536" : 115773,
            "5600" : 123919,
            "5664" : 124922,
            "5728" : 113885,
            "5792" : 98409,
            "5856" : 87122,
            "5920" : 81343,
            "5984" : 75903,
            "6048" : 67658,
            "6112" : 56735,
            "6176" : 47628,
            "6240" : 40756,
            "6304" : 35052,
            "6368" : 31474,
            "6432" : 27145,
            "6496" : 20836,
            "6560" : 16830,
            "6624" : 13884,
            "6688" : 11273,
            "6752" : 8914,
            "6816" : 7621,
            "6880" : 7039,
            "6944" : 6971,
            "7008" : 6799,
            "7072" : 6397,
            "7136" : 6244,
            "7200" : 7065,
            "7264" : 10206,
            "7328" : 14841,
            "7392" : 16960,
            "7456" : 14580,
            "7520" : 10496,
            "7584" : 7462,
            "7648" : 5694,
            "7712" : 4843,
            "7776" : 4353,
            "7840" : 4360,
            "7904" : 4262,
            "7968" : 4223,
            "8032" : 4421,
            "8096" : 4537,
            "8160" : 4534,
            "8256" : 8216,
            "8384" : 7625,
            "8512" : 6372,
            "8640" : 5880,
            "8768" : 5249,
            "8896" : 4732,
            "9024" : 4429,
            "9152" : 3967,
            "9280" : 3726,
            "9408" : 3516,
            "9536" : 3201,
            "9664" : 3109,
            "9792" : 2802,
            "9920" : 2663,
            "10048" : 2311,
            "10176" : 2367,
            "10304" : 2373,
            "10432" : 2374,
            "10560" : 2188,
            "10688" : 2171,
            "10816" : 2046,
            "10944" : 1900,
            "11072" : 1824,
            "11200" : 1627,
            "11328" : 1498,
            "11456" : 1377,
            "11584" : 1263,
            "11712" : 1103,
            "11840" : 1150,
            "11968" : 1104,
            "12096" : 1019,
            "12224" : 1038,
            "12352" : 916,
            "12480" : 912,
            "12608" : 845,
            "12736" : 786,
            "12864" : 806,
            "12992" : 726,
            "13120" : 626,
            "13248" : 672,
            "13376" : 596,
            "13504" : 593,
            "13632" : 538,
            "13760" : 442,
            "13888" : 463,
            "14016" : 453,
            "14144" : 384,
            "14272" : 348,
            "14400" : 320,
            "14528" : 326,
            "14656" : 293,
            "14784" : 314,
            "14912" : 278,
            "15040" : 249,
            "15168" : 250,
            "15296" : 239,
            "15424" : 252,
            "15552" : 254,
            "15680" : 194,
            "15808" : 240,
            "15936" : 255,
            "16064" : 228,
            "16192" : 247,
            "16320" : 213,
            "16512" : 435,
            "16768" : 443,
            "17024" : 403,
            "17280" : 372,
            "17536" : 327,
            "17792" : 336,
            "18048" : 309,
            "18304" : 288,
            "18560" : 302,
            "18816" : 248,
            "19072" : 225,
            "19328" : 210,
            "19584" : 198,
            "19840" : 195,
            "20096" : 189,
            "20352" : 194,
            "20608" : 183,
            "20864" : 172,
            "21120" : 182,
            "21376" : 157,
            "21632" : 189,
            "21888" : 156,
            "22144" : 130,
            "22400" : 132,
            "22656" : 145,
            "22912" : 127,
            "23168" : 128,
            "23424" : 105,
            "23680" : 128,
            "23936" : 116,
            "24192" : 114,
            "24448" : 104,
            "24704" : 98,
            "24960" : 101,
            "25216" : 91,
            "25472" : 77,
            "25728" : 85,
            "25984" : 66,
            "26240" : 78,
            "26496" : 65,
            "26752" : 67,
            "27008" : 61,
            "27264" : 58,
            "27520" : 62,
            "27776" : 58,
            "28032" : 62,
            "28288" : 61,
            "28544" : 62,
            "28800" : 48,
            "29056" : 57,
            "29312" : 60,
            "29568" : 42,
            "29824" : 37,
            "30080" : 44,
            "30336" : 46,
            "30592" : 30,
            "30848" : 46,
            "31104" : 52,
            "31360" : 39,
            "31616" : 35,
            "31872" : 34,
            "32128" : 34,
            "32384" : 40,
            "32640" : 33,
            "33024" : 73,
            "33536" : 76,
            "34048" : 70,
            "34560" : 70,
            "35072" : 64,
            "35584" : 52,
            "36096" : 57,
            "36608" : 63,
            "37120" : 62,
            "37632" : 45,
            "38144" : 60,
            "38656" : 45,
            "39168" : 42,
            "39680" : 39,
            "40192" : 40,
            "40704" : 50,
            "41216" : 44,
            "41728" : 40,
            "42240" : 31,
            "42752" : 39,
            "43264" : 43,
            "43776" : 34,
            "44288" : 38,
            "44800" : 37,
            "45312" : 25,
            "45824" : 36,
            "46336" : 34,
            "46848" : 33,
            "47360" : 26,
            "47872" : 25,
            "48384" : 29,
            "48896" : 20,
            "49408" : 29,
            "49920" : 20,
            "50432" : 17,
            "50944" : 25,
            "51456" : 27,
            "51968" : 21,
            "52480" : 17,
            "52992" : 21,
            "53504" : 16,
            "54016" : 18,
            "54528" : 20,
            "55040" : 15,
            "55552" : 18,
            "56064" : 18,
            "56576" : 17,
            "57088" : 20,
            "57600" : 16,
            "58112" : 18,
            "58624" : 12,
            "59136" : 9,
            "59648" : 18,
            "60160" : 11,
            "60672" : 8,
            "61184" : 13,
            "61696" : 11,
            "62208" : 6,
            "62720" : 19,
            "63232" : 13,
            "63744" : 19,
            "64256" : 15,
            "64768" : 9,
            "65280" : 13,
            "66048" : 34,
            "67072" : 35,
            "68096" : 29,
            "69120" : 37,
            "70144" : 35,
            "71168" : 21,
            "72192" : 24,
            "73216" : 22,
            "74240" : 21,
            "75264" : 12,
            "76288" : 17,
            "77312" : 17,
            "78336" : 15,
            "79360" : 9,
            "80384" : 11,
            "81408" : 16,
            "82432" : 12,
            "83456" : 9,
            "84480" : 11,
            "85504" : 5,
            "86528" : 4,
            "87552" : 10,
            "88576" : 9,
            "89600" : 4,
            "90624" : 7,
            "91648" : 10,
            "92672" : 8,
            "93696" : 10,
            "94720" : 11,
            "95744" : 9,
            "96768" : 4,
            "97792" : 12,
            "98816" : 10,
            "99840" : 2,
            "100864" : 4,
            "101888" : 6,
            "102912" : 8,
            "103936" : 4,
            "104960" : 7,
            "105984" : 10,
            "107008" : 7,
            "108032" : 11,
            "109056" : 10,
            "110080" : 4,
            "111104" : 3,
            "112128" : 4,
            "113152" : 7,
            "114176" : 4,
            "115200" : 1,
            "116224" : 4,
            "117248" : 4,
            "118272" : 2,
            "119296" : 4,
            "120320" : 3,
            "121344" : 3,
            "122368" : 2,
            "123392" : 5,
            "124416" : 4,
            "125440" : 3,
            "126464" : 5,
            "127488" : 4,
            "128512" : 1,
            "129536" : 2,
            "130560" : 5,
            "132096" : 4,
            "134144" : 3,
            "136192" : 2,
            "138240" : 5,
            "140288" : 4,
            "142336" : 3,
            "144384" : 4,
            "146432" : 3,
            "148480" : 2,
            "150528" : 7,
            "152576" : 8,
            "154624" : 7,
            "156672" : 4,
            "158720" : 3,
            "162816" : 4,
            "164864" : 1,
            "166912" : 5,
            "168960" : 3,
            "171008" : 4,
            "173056" : 4,
            "177152" : 2,
            "181248" : 4,
            "183296" : 1,
            "185344" : 1,
            "187392" : 2,
            "189440" : 2,
            "191488" : 2,
            "193536" : 2,
            "195584" : 2,
            "197632" : 5,
            "199680" : 5,
            "201728" : 1,
            "203776" : 2,
            "205824" : 1,
            "207872" : 1,
            "209920" : 2,
            "211968" : 2,
            "214016" : 1,
            "216064" : 1,
            "218112" : 1,
            "222208" : 1,
            "224256" : 1,
            "226304" : 2,
            "228352" : 1,
            "230400" : 1,
            "232448" : 2,
            "234496" : 1,
            "236544" : 1,
            "244736" : 1,
            "246784" : 1,
            "257024" : 1,
            "259072" : 2,
            "261120" : 1,
            "264192" : 1,
            "268288" : 4,
            "272384" : 3,
            "276480" : 1,
            "280576" : 1,
            "284672" : 2,
            "292864" : 3,
            "296960" : 1,
            "305152" : 2,
            "309248" : 1,
            "313344" : 1,
            "317440" : 2,
            "321536" : 1,
            "325632" : 2,
            "329728" : 2,
            "333824" : 1,
            "337920" : 2,
            "342016" : 1,
            "346112" : 2,
            "350208" : 1,
            "354304" : 1,
            "362496" : 1,
            "370688" : 1,
            "378880" : 1,
            "382976" : 2,
            "387072" : 2,
            "391168" : 1,
            "395264" : 1,
            "399360" : 1,
            "403456" : 2,
            "407552" : 1,
            "411648" : 3,
            "415744" : 2,
            "423936" : 1,
            "432128" : 2,
            "440320" : 4,
            "464896" : 3,
            "493568" : 1,
            "505856" : 1,
            "544768" : 1,
            "552960" : 1,
            "569344" : 1,
            "577536" : 1,
            "585728" : 2,
            "593920" : 2,
            "610304" : 1,
            "626688" : 1,
            "634880" : 1,
            "643072" : 1,
            "651264" : 1,
            "659456" : 1,
            "675840" : 1,
            "684032" : 2,
            "708608" : 1,
            "724992" : 1,
            "806912" : 2,
            "815104" : 1,
            "856064" : 1,
            "872448" : 2,
            "888832" : 1,
            "905216" : 1,
            "929792" : 1,
            "946176" : 1,
            "954368" : 4,
            "970752" : 2,
            "995328" : 2,
            "1003520" : 1,
            "1019904" : 2,
            "1044480" : 1,
            "1073152" : 1,
            "1122304" : 2,
            "1138688" : 1,
            "1269760" : 1,
            "1351680" : 1,
            "1384448" : 1,
            "1417216" : 1,
            "1449984" : 1,
            "1499136" : 1,
            "1548288" : 1,
            "1597440" : 1,
            "1630208" : 1,
            "1744896" : 2,
            "1761280" : 1,
            "1810432" : 1,
            "1875968" : 1,
            "1892352" : 1,
            "1925120" : 1,
            "1941504" : 1,
            "1957888" : 1,
            "1974272" : 1,
            "2007040" : 1,
            "2023424" : 1,
            "2072576" : 1,
            "2088960" : 1,
            "2146304" : 1,
            "2179072" : 1,
            "2310144" : 2,
            "2342912" : 2,
            "2441216" : 1,
            "2506752" : 1,
            "2539520" : 1,
            "2637824" : 1,
            "2768896" : 2,
            "3162112" : 2,
            "3194880" : 1,
            "4423680" : 1,
            "4882432" : 1,
            "5341184" : 1,
            "5668864" : 1,
            "10027008" : 1
          }
        },
        "lat_ns" : {
          "min" : 886,
          "max" : 10022855,
          "mean" : 2374.388894,
          "stddev" : 4846.587830,
          "N" : 20694242,
          "percentile" : {
            "1.000000" : 1128,
            "5.000000" : 1144,
            "10.000000" : 1160,
            "20.000000" : 1400,
            "30.000000" : 1512,
            "40.000000" : 1656,
            "50.000000" : 1784,
            "60.000000" : 2008,
            "70.000000" : 2256,
            "80.000000" : 2512,
            "90.000000" : 5344,
            "95.000000" : 5920,
            "99.000000" : 7584,
            "99.500000" : 8768,
            "99.900000" : 13504,
            "99.950000" : 17792,
            "99.990000" : 41216
          },
          "bins" : {
            "884" : 5,
            "892" : 98,
            "900" : 786,
            "908" : 2785,
            "916" : 6247,
            "924" : 10416,
            "932" : 11817,
            "940" : 8334,
            "948" : 3230,
            "956" : 1283,
            "964" : 920,
            "972" : 715,
            "980" : 576,
            "988" : 546,
            "996" : 421,
            "1004" : 402,
            "1012" : 479,
            "1020" : 704,
            "1032" : 2037,
            "1048" : 2884,
            "1064" : 6726,
            "1080" : 10022,
            "1096" : 8408,
            "1112" : 36895,
            "1128" : 334723,
            "1144" : 815180,
            "1160" : 891795,
            "1176" : 615904,
            "1192" : 331918,
            "1208" : 240211,
            "1224" : 187505,
            "1240" : 120764,
            "1256" : 75283,
            "1272" : 50131,
            "1288" : 40052,
            "1304" : 34834,
            "1320" : 29761,
            "1336" : 26012,
            "1352" : 26779,
            "1368" : 61405,
            "1384" : 120371,
            "1400" : 133294,
            "1416" : 156156,
            "1432" : 185367,
            "1448" : 236206,
            "1464" : 312545,
            "1480" : 366611,
            "1496" : 413699,
            "1512" : 416191,
            "1528" : 380159,
            "1544" : 297309,
            "1560" : 227953,
            "1576" : 202049,
            "1592" : 184479,
            "1608" : 187632,
            "1624" : 194037,
            "1640" : 196842,
            "1656" : 210034,
            "1672" : 208191,
            "1688" : 215987,
            "1704" : 221681,
            "1720" : 230606,
            "1736" : 257715,
            "1752" : 275881,
            "1768" : 299901,
            "1784" : 305736,
            "1800" : 287711,
            "1816" : 267571,
            "1832" : 226823,
            "1848" : 196152,
            "1864" : 166223,
            "1880" : 142044,
            "1896" : 131746,
            "1912" : 118357,
            "1928" : 112005,
            "1944" : 100756,
            "1960" : 86249,
            "1976" : 76674,
            "1992" : 68038,
            "2008" : 67746,
            "2024" : 70230,
            "2040" : 76288,
            "2064" : 188114,
            "2096" : 233327,
            "2128" : 253247,
            "2160" : 271843,
            "2192" : 307103,
            "2224" : 324965,
            "2256" : 310123,
            "2288" : 274036,
            "2320" : 258395,
            "2352" : 268996,
            "2384" : 288045,
            "2416" : 295481,
            "2448" : 268633,
            "2480" : 221389,
            "2512" : 176554,
            "2544" : 141221,
            "2576" : 118603,
            "2608" : 102700,
            "2640" : 94212,
            "2672" : 84560,
            "2704" : 70222,
            "2736" : 55586,
            "2768" : 43540,
            "2800" : 35271,
            "2832" : 30160,
            "2864" : 26242,
            "2896" : 24109,
            "2928" : 22127,
            "2960" : 19881,
            "2992" : 19091,
            "3024" : 18011,
            "3056" : 17053,
            "3088" : 15761,
            "3120" : 15308,
            "3152" : 14214,
            "3184" : 13702,
            "3216" : 13304,
            "3248" : 12826,
            "3280" : 12253,
            "3312" : 12198,
            "3344" : 11821,
            "3376" : 11466,
            "3408" : 11307,
            "3440" : 10997,
            "3472" : 10924,
            "3504" : 10681,
            "3536" : 10608,
            "3568" : 10401,
            "3600" : 10470,
            "3632" : 10067,
            "3664" : 10091,
            "3696" : 10043,
            "3728" : 9792,
            "3760" : 9728,
            "3792" : 9614,
            "3824" : 9415,
            "3856" : 9460,
            "3888" : 9221,
            "3920" : 9080,
            "3952" : 9018,
            "3984" : 8799,
            "4016" : 8752,
            "4048" : 8720,
            "4080" : 8472,
            "4128" : 16640,
            "4192" : 16448,
            "4256" : 15768,
            "4320" : 15514,
            "4384" : 15606,
            "4448" : 16421,
            "4512" : 17231,
            "4576" : 17607,
            "4640" : 18675,
            "4704" : 21779,
            "4768" : 27500,
            "4832" : 33491,
            "4896" : 36478,
            "4960" : 42519,
            "5024" : 54420,
            "5088" : 69651,
            "5152" : 85121,
            "5216" : 92910,
            "5280" : 95941,
            "5344" : 107133,
            "5408" : 117816,
            "5472" : 118008,
            "5536" : 118711,
            "5600" : 120008,
            "5664" : 118430,
            "5728" : 125642,
            "5792" : 131775,
            "5856" : 122080,
            "5920" : 105529,
            "5984" : 91558,
            "6048" : 83620,
            "6112" : 79222,
            "6176" : 69501,
            "6240" : 58771,
            "6304" : 49637,
            "6368" : 41379,
            "6432" : 35456,
            "6496" : 31400,
            "6560" : 26598,
            "6624" : 20644,
            "6688" : 17033,
            "6752" : 14307,
            "6816" : 11391,
            "6880" : 9217,
            "6944" : 8016,
            "7008" : 7302,
            "7072" : 7287,
            "7136" : 7422,
            "7200" : 6924,
            "7264" : 6869,
            "7328" : 8291,
            "7392" : 12021,
            "7456" : 16440,
            "7520" : 17358,
            "7584" : 14270,
            "7648" : 11873,
            "7712" : 11435,
            "7776" : 9850,
            "7840" : 7302,
            "7904" : 5610,
            "7968" : 4885,
            "8032" : 4636,
            "8096" : 4584,
            "8160" : 4696,
            "8256" : 9262,
            "8384" : 8460,
            "8512" : 7846,
            "8640" : 6733,
            "8768" : 5952,
            "8896" : 5440,
            "9024" : 5040,
            "9152" : 4653,
            "9280" : 4405,
            "9408" : 3940,
            "9536" : 3739,
            "9664" : 3509,
            "9792" : 3312,
            "9920" : 3142,
            "10048" : 2962,
            "10176" : 2736,
            "10304" : 2485,
            "10432" : 2541,
            "10560" : 2584,
            "10688" : 2500,
            "10816" : 2385,
            "10944" : 2240,
            "11072" : 2160,
            "11200" : 2050,
            "11328" : 1882,
            "11456" : 1744,
            "11584" : 1541,
            "11712" : 1468,
            "11840" : 1394,
            "11968" : 1290,
            "12096" : 1187,
            "12224" : 1177,
            "12352" : 1155,
            "12480" : 1082,
            "12608" : 1035,
            "12736" : 978,
            "12864" : 913,
            "12992" : 863,
            "13120" : 806,
            "13248" : 732,
            "13376" : 693,
            "13504" : 697,
            "13632" : 617,
            "13760" : 568,
            "13888" : 513,
            "14016" : 495,
            "14144" : 467,
            "14272" : 413,
            "14400" : 378,
            "14528" : 346,
            "14656" : 324,
            "14784" : 354,
            "14912" : 332,
            "15040" : 298,
            "15168" : 268,
            "15296" : 260,
            "15424" : 251,
            "15552" : 277,
            "15680" : 255,
            "15808" : 250,
            "15936" : 264,
            "16064" : 257,
            "16192" : 246,
            "16320" : 273,
            "16512" : 460,
            "16768" : 475,
            "17024" : 444,
            "17280" : 405,
            "17536" : 381,
            "17792" : 367,
            "18048" : 336,
            "18304" : 333,
            "18560" : 309,
            "18816" : 291,
            "19072" : 246,
            "19328" : 249,
            "19584" : 203,
            "19840" : 202,
            "20096" : 213,
            "20352" : 202,
            "20608" : 206,
            "20864" : 175,
            "21120" : 187,
            "21376" : 181,
            "21632" : 188,
            "21888" : 175,
            "22144" : 149,
            "22400" : 133,
            "22656" : 153,
            "22912" : 123,
            "23168" : 156,
            "23424" : 117,
            "23680" : 129,
            "23936" : 116,
            "24192" : 118,
            "24448" : 114,
            "24704" : 122,
            "24960" : 93,
            "25216" : 104,
            "25472" : 87,
            "25728" : 94,
            "25984" : 73,
            "26240" : 70,
            "26496" : 79,
            "26752" : 66,
            "27008" : 68,
            "27264" : 61,
            "27520" : 64,
            "27776" : 54,
            "28032" : 74,
            "28288" : 73,
            "28544" : 54,
            "28800" : 64,
            "29056" : 59,
            "29312" : 61,
            "29568" : 52,
            "29824" : 42,
            "30080" : 45,
            "30336" : 43,
            "30592" : 48,
            "30848" : 39,
            "31104" : 55,
            "31360" : 47,
            "31616" : 36,
            "31872" : 33,
            "32128" : 40,
            "32384" : 39,
            "32640" : 38,
            "33024" : 70,
            "33536" : 81,
            "34048" : 80,
            "34560" : 71,
            "35072" : 69,
            "35584" : 49,
            "36096" : 64,
            "36608" : 62,
            "37120" : 67,
            "37632" : 54,
            "38144" : 60,
            "38656" : 47,
            "39168" : 49,
            "39680" : 40,
            "40192" : 46,
            "40704" : 52,
            "41216" : 42,
            "41728" : 46,
            "42240" : 34,
            "42752" : 30,
            "43264" : 52,
            "43776" : 36,
            "44288" : 38,
            "44800" : 38,
            "45312" : 28,
            "45824" : 38,
            "46336" : 34,
            "46848" : 33,
            "47360" : 33,
            "47872" : 24,
            "48384" : 34,
            "48896" : 26,
            "49408" : 30,
            "49920" : 14,
            "50432" : 22,
            "50944" : 23,
            "51456" : 31,
            "51968" : 24,
            "52480" : 17,
            "52992" : 23,
            "53504" : 18,
            "54016" : 19,
            "54528" : 17,
            "55040" : 16,
            "55552" : 18,
            "56064" : 23,
            "56576" : 20,
            "57088" : 17,
            "57600" : 17,
            "58112" : 19,
            "58624" : 10,
            "59136" : 13,
            "59648" : 17,
            "60160" : 13,
            "60672" : 9,
            "61184" : 12,
            "61696" : 8,
            "62208" : 10,
            "62720" : 15,
            "63232" : 17,
            "63744" : 18,
            "64256" : 20,
            "64768" : 7,
            "65280" : 13,
            "66048" : 35,
            "67072" : 38,
            "68096" : 29,
            "69120" : 36,
            "70144" : 39,
            "71168" : 24,
            "72192" : 24,
            "73216" : 24,
            "74240" : 22,
            "75264" : 16,
            "76288" : 16,
            "77312" : 17,
            "78336" : 18,
            "79360" : 10,
            "80384" : 14,
            "81408" : 15,
            "82432" : 14,
            "83456" : 11,
            "84480" : 14,
            "85504" : 6,
            "86528" : 6,
            "87552" : 9,
            "88576" : 10,
            "89600" : 4,
            "90624" : 7,
            "91648" : 11,
            "92672" : 8,
            "93696" : 11,
            "94720" : 12,
            "95744" : 10,
            "96768" : 4,
            "97792" : 10,
            "98816" : 12,
            "99840" : 3,
            "100864" : 5,
            "101888" : 5,
            "102912" : 9,
            "103936" : 4,
            "104960" : 8,
            "105984" : 11,
            "107008" : 7,
            "108032" : 9,
            "109056" : 12,
            "110080" : 4,
            "111104" : 4,
            "112128" : 2,
            "113152" : 9,
            "114176" : 4,
            "115200" : 1,
            "116224" : 5,
            "117248" : 4,
            "118272" : 2,
            "119296" : 5,
            "120320" : 3,
            "121344" : 4,
            "122368" : 2,
            "123392" : 5,
            "124416" : 3,
            "125440" : 3,
            "126464" : 5,
            "127488" : 5,
            "128512" : 1,
            "129536" : 2,
            "130560" : 5,
            "132096" : 5,
            "134144" : 2,
            "136192" : 3,
            "138240" : 5,
            "140288" : 5,
            "142336" : 3,
            "144384" : 3,
            "146432" : 4,
            "148480" : 2,
            "150528" : 7,
            "152576" : 7,
            "154624" : 7,
            "156672" : 5,
            "158720" : 3,
            "162816" : 4,
            "164864" : 1,
            "166912" : 4,
            "168960" : 3,
            "171008" : 4,
            "173056" : 4,
            "175104" : 1,
            "177152" : 1,
            "179200" : 1,
            "181248" : 4,
            "183296" : 2,
            "185344" : 1,
            "187392" : 2,
            "189440" : 2,
            "191488" : 1,
            "193536" : 3,
            "195584" : 2,
            "197632" : 5,
            "199680" : 5,
            "203776" : 3,
            "205824" : 1,
            "207872" : 1,
            "209920" : 2,
            "211968" : 2,
            "214016" : 1,
            "216064" : 1,
            "218112" : 1,
            "222208" : 1,
            "224256" : 2,
            "226304" : 2,
            "228352" : 1,
            "230400" : 1,
            "232448" : 2,
            "234496" : 1,
            "236544" : 1,
            "244736" : 2,
            "246784" : 1,
            "257024" : 1,
            "259072" : 1,
            "261120" : 2,
            "268288" : 5,
            "272384" : 3,
            "276480" : 1,
            "280576" : 1,
            "284672" : 2,
            "292864" : 3,
            "296960" : 1,
            "305152" : 2,
            "309248" : 1,
            "313344" : 1,
            "317440" : 2,
            "321536" : 1,
            "325632" : 2,
            "329728" : 2,
            "333824" : 1,
            "337920" : 2,
            "342016" : 1,
            "346112" : 2,
            "350208" : 1,
            "354304" : 1,
            "358400" : 1,
            "362496" : 1,
            "370688" : 1,
            "374784" : 1,
            "378880" : 1,
            "382976" : 2,
            "387072" : 1,
            "391168" : 2,
            "399360" : 1,
            "403456" : 3,
            "407552" : 1,
            "411648" : 3,
            "415744" : 2,
            "423936" : 1,
            "432128" : 2,
            "440320" : 4,
            "464896" : 2,
            "468992" : 1,
            "493568" : 1,
            "505856" : 1,
            "544768" : 1,
            "552960" : 1,
            "569344" : 2,
            "577536" : 1,
            "585728" : 2,
            "593920" : 2,
            "610304" : 1,
            "626688" : 1,
            "634880" : 1,
            "643072" : 1,
            "651264" : 1,
            "659456" : 1,
            "675840" : 1,
            "684032" : 2,
            "708608" : 1,
            "724992" : 1,
            "806912" : 3,
            "815104" : 1,
            "856064" : 1,
            "872448" : 2,
            "888832" : 1,
            "905216" : 1,
            "929792" : 1,
            "946176" : 1,
            "954368" : 3,
            "962560" : 1,
            "970752" : 2,
            "995328" : 2,
            "1003520" : 1,
            "1019904" : 2,
            "1044480" : 1,
            "1073152" : 1,
            "1122304" : 2,
            "1138688" : 1,
            "1269760" : 1,
            "1351680" : 1,
            "1384448" : 1,
            "1417216" : 1,
            "1449984" : 1,
            "1499136" : 1,
            "1548288" : 1,
            "1597440" : 1,
            "1630208" : 1,
            "1744896" : 2,
            "1761280" : 1,
            "1810432" : 1,
            "1875968" : 1,
            "1892352" : 1,
            "1925120" : 1,
            "1941504" : 1,
            "1957888" : 1,
            "1974272" : 1,
            "2007040" : 1,
            "2023424" : 1,
            "2072576" : 1,
            "2088960" : 1,
            "2146304" : 1,
            "2179072" : 1,
            "2310144" : 2,
            "2342912" : 2,
            "2441216" : 1,
            "2506752" : 1,
            "2539520" : 1,
            "2637824" : 1,
            "2768896" : 2,
            "3162112" : 2,
            "3194880" : 1,
            "4423680" : 1,
            "4882432" : 1,
            "5341184" : 1,
            "5668864" : 1,
            "10027008" : 1
          }
        },
        "bw_min" : 160360,
        "bw_max" : 305288,
        "bw_agg" : 100.000000,
        "bw_mean" : 276006.651085,
        "bw_dev" : 24536.778193,
        "bw_samples" : 599,
        "iops_min" : 40090,
        "iops_max" : 76322,
        "iops_mean" : 69001.662771,
        "iops_stddev" : 6134.194597,
        "iops_samples" : 599
      },
      "trim" : {
        "io_bytes" : 0,
        "io_kbytes" : 0,
        "bw_bytes" : 0,
        "bw" : 0,
        "iops" : 0.000000,
        "runtime" : 0,
        "total_ios" : 0,
        "short_ios" : 0,
        "drop_ios" : 0,
        "slat_ns" : {
          "min" : 0,
          "max" : 0,
          "mean" : 0.000000,
          "stddev" : 0.000000,
          "N" : 0
        },
        "clat_ns" : {
          "min" : 0,
          "max" : 0,
          "mean" : 0.000000,
          "stddev" : 0.000000,
          "N" : 0
        },
        "lat_ns" : {
          "min" : 0,
          "max" : 0,
          "mean" : 0.000000,
          "stddev" : 0.000000,
          "N" : 0
        },
        "bw_min" : 0,
        "bw_max" : 0,
        "bw_agg" : 0.000000,
        "bw_mean" : 0.000000,
        "bw_dev" : 0.000000,
        "bw_samples" : 0,
        "iops_min" : 0,
        "iops_max" : 0,
        "iops_mean" : 0.000000,
        "iops_stddev" : 0.000000,
        "iops_samples" : 0
      },
      "sync" : {
        "total_ios" : 0,
        "lat_ns" : {
          "min" : 0,
          "max" : 0,
          "mean" : 0.000000,
          "stddev" : 0.000000,
          "N" : 0
        }
      },
      "job_runtime" : 300000,
      "usr_cpu" : 14.137667,
      "sys_cpu" : 66.645333,
      "ctx" : 13204858,
      "majf" : 0,
      "minf" : 20,
      "iodepth_level" : {
        "1" : 100.000000,
        "2" : 0.000000,
        "4" : 0.000000,
        "8" : 0.000000,
        "16" : 0.000000,
        "32" : 0.000000,
        ">=64" : 0.000000
      },
      "iodepth_submit" : {
        "0" : 0.000000,
        "4" : 100.000000,
        "8" : 0.000000,
        "16" : 0.000000,
        "32" : 0.000000,
        "64" : 0.000000,
        ">=64" : 0.000000
      },
      "iodepth_complete" : {
        "0" : 0.000000,
        "4" : 100.000000,
        "8" : 0.000000,
        "16" : 0.000000,
        "32" : 0.000000,
        "64" : 0.000000,
        ">=64" : 0.000000
      },
      "latency_ns" : {
        "2" : 0.000000,
        "4" : 0.000000,
        "10" : 0.000000,
        "20" : 0.000000,
        "50" : 0.000000,
        "100" : 0.000000,
        "250" : 0.000000,
        "500" : 0.000000,
        "750" : 10.003049,
        "1000" : 9.409602
      },
      "latency_us" : {
        "2" : 31.872169,
        "4" : 12.533136,
        "10" : 19.659843,
        "20" : 15.902272,
        "50" : 0.589161,
        "100" : 0.021439,
        "250" : 0.010000,
        "500" : 0.010000,
        "750" : 0.010000,
        "1000" : 0.010000
      },
      "latency_ms" : {
        "2" : 0.010000,
        "4" : 0.010000,
        "10" : 0.010000,
        "20" : 0.010000,
        "50" : 0.000000,
        "100" : 0.000000,
        "250" : 0.000000,
        "500" : 0.000000,
        "750" : 0.000000,
        "1000" : 0.000000,
        "2000" : 0.000000,
        ">=2000" : 0.000000
      },
      "latency_depth" : 1,
      "latency_target" : 0,
      "latency_percentile" : 100.000000,
      "latency_window" : 0
    }
  ],
  "disk_util" : [
    {
      "name" : "loop25",
      "read_ios" : 11411067,
      "write_ios" : 20618950,
      "read_merges" : 0,
      "write_merges" : 0,
      "read_ticks" : 81508,
      "write_ticks" : 200182,
      "in_queue" : 160,
      "util" : 99.985328
    }
  ]
}
