{
  "fio version" : "fio-3.32-36-g5932",
  "timestamp" : 1664211850,
  "timestamp_ms" : 1664211850690,
  "time" : "Mon Sep 26 19:04:10 2022",
  "global options" : {
    "size" : "8M",
    "rw" : "randrw",
    "bs" : "4K",
    "numjobs" : "1",
    "iodepth" : "1",
    "runtime" : "300",
    "end_fsync" : "1",
    "lat_percentiles" : "1",
    "slat_percentiles" : "1",
    "clat_percentiles" : "1"
  },
  "jobs" : [
    {
      "jobname" : "random-rw",
      "groupid" : 0,
      "error" : 0,
      "eta" : 0,
      "elapsed" : 301,
      "job options" : {
        "name" : "random-rw"
      },
      "read" : {
        "io_bytes" : 73995780096,
        "io_kbytes" : 72261504,
        "bw_bytes" : 246650955,
        "bw" : 240870,
        "iops" : 60217.518550,
        "runtime" : 300002,
        "total_ios" : 18065376,
        "short_ios" : 0,
        "drop_ios" : 0,
        "slat_ns" : {
          "min" : 0,
          "max" : 0,
          "mean" : 0.000000,
          "stddev" : 0.000000,
          "N" : 0
        },
        "clat_ns" : {
          "min" : 837,
          "max" : 6726759,
          "mean" : 10756.044015,
          "stddev" : 6985.960067,
          "N" : 18065376,
          "percentile" : {
            "1.000000" : 6624,
            "5.000000" : 9536,
            "10.000000" : 9664,
            "20.000000" : 9792,
            "30.000000" : 10048,
            "40.000000" : 10432,
            "50.000000" : 10560,
            "60.000000" : 10688,
            "70.000000" : 10816,
            "80.000000" : 10944,
            "90.000000" : 11584,
            "95.000000" : 12096,
            "99.000000" : 19072,
            "99.500000" : 23168,
            "99.900000" : 38656,
            "99.950000" : 52480,
            "99.990000" : 116224
          },
          "bins" : {
            "836" : 1,
            "6048" : 1,
            "6112" : 31,
            "6176" : 118,
            "6240" : 535,
            "6304" : 2257,
            "6368" : 7797,
            "6432" : 20346,
            "6496" : 38858,
            "6560" : 56041,
            "6624" : 62830,
            "6688" : 56561,
            "6752" : 42266,
            "6816" : 26479,
            "6880" : 15212,
            "6944" : 8846,
            "7008" : 4779,
            "7072" : 2576,
            "7136" : 1471,
            "7200" : 973,
            "7264" : 997,
            "7328" : 1450,
            "7392" : 2516,
            "7456" : 3978,
            "7520" : 5107,
            "7584" : 4793,
            "7648" : 3889,
            "7712" : 2662,
            "7776" : 1738,
            "7840" : 1126,
            "7904" : 758,
            "7968" : 530,
            "8032" : 427,
            "8096" : 295,
            "8160" : 229,
            "8256" : 374,
            "8384" : 326,
            "8512" : 341,
            "8640" : 407,
            "8768" : 430,
            "8896" : 356,
            "9024" : 2048,
            "9152" : 20636,
            "9280" : 117121,
            "9408" : 361727,
            "9536" : 721796,
            "9664" : 1059823,
            "9792" : 1166786,
            "9920" : 1003637,
            "10048" : 666886,
            "10176" : 379900,
            "10304" : 439704,
            "10432" : 1070647,
            "10560" : 1914682,
            "10688" : 2308642,
            "10816" : 1935541,
            "10944" : 1194955,
            "11072" : 605018,
            "11200" : 321676,
            "11328" : 265798,
            "11456" : 307851,
            "11584" : 329244,
            "11712" : 269134,
            "11840" : 175056,
            "11968" : 102139,
            "12096" : 65410,
            "12224" : 52218,
            "12352" : 48766,
            "12480" : 46793,
            "12608" : 41498,
            "12736" : 34070,
            "12864" : 28529,
            "12992" : 25222,
            "13120" : 22781,
            "13248" : 21475,
            "13376" : 20413,
            "13504" : 19453,
            "13632" : 19368,
            "13760" : 18437,
            "13888" : 16527,
            "14016" : 14774,
            "14144" : 13676,
            "14272" : 13115,
            "14400" : 12479,
            "14528" : 11830,
            "14656" : 11364,
            "14784" : 10530,
            "14912" : 10101,
            "15040" : 9330,
            "15168" : 8837,
            "15296" : 8658,
            "15424" : 8562,
            "15552" : 8342,
            "15680" : 7858,
            "15808" : 7466,
            "15936" : 7016,
            "16064" : 6795,
            "16192" : 6519,
            "16320" : 6311,
            "16512" : 11999,
            "16768" : 11062,
            "17024" : 10528,
            "17280" : 10042,
            "17536" : 9559,
            "17792" : 9135,
            "18048" : 9125,
            "18304" : 8773,
            "18560" : 8177,
            "18816" : 7624,
            "19072" : 7168,
            "19328" : 6755,
            "19584" : 6604,
            "19840" : 6340,
            "20096" : 6469,
            "20352" : 6373,
            "20608" : 6275,
            "20864" : 6300,
            "21120" : 6002,
            "21376" : 5839,
            "21632" : 5398,
            "21888" : 5403,
            "22144" : 4869,
            "22400" : 4547,
            "22656" : 4207,
            "22912" : 4017,
            "23168" : 3641,
            "23424" : 3406,
            "23680" : 3132,
            "23936" : 2980,
            "24192" : 2795,
            "24448" : 2675,
            "24704" : 2469,
            "24960" : 2377,
            "25216" : 2191,
            "25472" : 2128,
            "25728" : 2002,
            "25984" : 1920,
            "26240" : 1822,
            "26496" : 1645,
            "26752" : 1556,
            "27008" : 1562,
            "27264" : 1366,
            "27520" : 1339,
            "27776" : 1240,
            "28032" : 1204,
            "28288" : 1121,
            "28544" : 1053,
            "28800" : 1017,
            "29056" : 952,
            "29312" : 950,
            "29568" : 934,
            "29824" : 861,
            "30080" : 870,
            "30336" : 814,
            "30592" : 802,
            "30848" : 845,
            "31104" : 824,
            "31360" : 837,
            "31616" : 820,
            "31872" : 840,
            "32128" : 833,
            "32384" : 777,
            "32640" : 791,
            "33024" : 1579,
            "33536" : 1653,
            "34048" : 1517,
            "34560" : 1422,
            "35072" : 1373,
            "35584" : 1275,
            "36096" : 1087,
            "36608" : 1128,
            "37120" : 950,
            "37632" : 840,
            "38144" : 798,
            "38656" : 709,
            "39168" : 623,
            "39680" : 579,
            "40192" : 556,
            "40704" : 520,
            "41216" : 444,
            "41728" : 394,
            "42240" : 371,
            "42752" : 364,
            "43264" : 348,
            "43776" : 381,
            "44288" : 376,
            "44800" : 400,
            "45312" : 379,
            "45824" : 326,
            "46336" : 278,
            "46848" : 262,
            "47360" : 231,
            "47872" : 182,
            "48384" : 186,
            "48896" : 173,
            "49408" : 145,
            "49920" : 155,
            "50432" : 156,
            "50944" : 142,
            "51456" : 153,
            "51968" : 185,
            "52480" : 177,
            "52992" : 151,
            "53504" : 167,
            "54016" : 172,
            "54528" : 129,
            "55040" : 134,
            "55552" : 109,
            "56064" : 118,
            "56576" : 93,
            "57088" : 93,
            "57600" : 73,
            "58112" : 63,
            "58624" : 67,
            "59136" : 58,
            "59648" : 84,
            "60160" : 67,
            "60672" : 74,
            "61184" : 61,
            "61696" : 64,
            "62208" : 53,
            "62720" : 53,
            "63232" : 63,
            "63744" : 48,
            "64256" : 51,
            "64768" : 54,
            "65280" : 36,
            "66048" : 98,
            "67072" : 87,
            "68096" : 98,
            "69120" : 104,
            "70144" : 96,
            "71168" : 110,
            "72192" : 111,
            "73216" : 125,
            "74240" : 125,
            "75264" : 120,
            "76288" : 108,
            "77312" : 117,
            "78336" : 149,
            "79360" : 129,
            "80384" : 162,
            "81408" : 148,
            "82432" : 161,
            "83456" : 175,
            "84480" : 178,
            "85504" : 175,
            "86528" : 187,
            "87552" : 202,
            "88576" : 277,
            "89600" : 270,
            "90624" : 221,
            "91648" : 146,
            "92672" : 96,
            "93696" : 70,
            "94720" : 74,
            "95744" : 87,
            "96768" : 72,
            "97792" : 52,
            "98816" : 60,
            "99840" : 43,
            "100864" : 46,
            "101888" : 49,
            "102912" : 42,
            "103936" : 29,
            "104960" : 42,
            "105984" : 22,
            "107008" : 34,
            "108032" : 32,
            "109056" : 30,
            "110080" : 34,
            "111104" : 33,
            "112128" : 37,
            "113152" : 31,
            "114176" : 21,
            "115200" : 29,
            "116224" : 30,
            "117248" : 31,
            "118272" : 35,
            "119296" : 39,
            "120320" : 33,
            "121344" : 30,
            "122368" : 17,
            "123392" : 17,
            "124416" : 18,
            "125440" : 22,
            "126464" : 13,
            "127488" : 9,
            "128512" : 4,
            "129536" : 16,
            "130560" : 6,
            "132096" : 12,
            "134144" : 19,
            "136192" : 20,
            "138240" : 13,
            "140288" : 12,
            "142336" : 21,
            "144384" : 20,
            "146432" : 14,
            "148480" : 14,
            "150528" : 8,
            "152576" : 6,
            "154624" : 16,
            "156672" : 9,
            "158720" : 8,
            "160768" : 7,
            "162816" : 11,
            "164864" : 4,
            "166912" : 4,
            "168960" : 5,
            "171008" : 4,
            "173056" : 3,
            "175104" : 9,
            "177152" : 6,
            "179200" : 4,
            "181248" : 9,
            "183296" : 1,
            "185344" : 4,
            "187392" : 3,
            "189440" : 8,
            "191488" : 7,
            "193536" : 8,
            "195584" : 11,
            "197632" : 2,
            "199680" : 11,
            "201728" : 6,
            "203776" : 8,
            "205824" : 10,
            "207872" : 10,
            "209920" : 9,
            "211968" : 11,
            "214016" : 6,
            "216064" : 5,
            "218112" : 9,
            "220160" : 7,
            "222208" : 9,
            "224256" : 3,
            "226304" : 6,
            "228352" : 3,
            "230400" : 5,
            "232448" : 2,
            "234496" : 2,
            "236544" : 3,
            "238592" : 4,
            "240640" : 2,
            "242688" : 7,
            "244736" : 3,
            "246784" : 2,
            "248832" : 5,
            "250880" : 6,
            "252928" : 11,
            "254976" : 10,
            "257024" : 17,
            "259072" : 24,
            "261120" : 23,
            "264192" : 53,
            "268288" : 31,
            "272384" : 24,
            "276480" : 14,
            "280576" : 11,
            "284672" : 10,
            "288768" : 12,
            "292864" : 7,
            "296960" : 2,
            "301056" : 5,
            "305152" : 7,
            "309248" : 4,
            "313344" : 10,
            "317440" : 9,
            "321536" : 12,
            "325632" : 10,
            "329728" : 4,
            "333824" : 6,
            "337920" : 3,
            "342016" : 3,
            "346112" : 4,
            "350208" : 7,
            "354304" : 5,
            "358400" : 4,
            "362496" : 5,
            "366592" : 1,
            "370688" : 3,
            "374784" : 4,
            "378880" : 6,
            "382976" : 7,
            "387072" : 8,
            "391168" : 5,
            "395264" : 5,
            "399360" : 9,
            "403456" : 2,
            "407552" : 4,
            "411648" : 7,
            "415744" : 11,
            "419840" : 23,
            "423936" : 30,
            "428032" : 16,
            "432128" : 8,
            "436224" : 14,
            "440320" : 11,
            "444416" : 15,
            "448512" : 13,
            "452608" : 10,
            "456704" : 8,
            "460800" : 6,
            "464896" : 2,
            "468992" : 7,
            "473088" : 4,
            "477184" : 5,
            "481280" : 6,
            "485376" : 2,
            "489472" : 4,
            "493568" : 1,
            "497664" : 1,
            "501760" : 3,
            "505856" : 2,
            "509952" : 1,
            "514048" : 2,
            "518144" : 1,
            "528384" : 4,
            "536576" : 4,
            "544768" : 1,
            "552960" : 2,
            "561152" : 3,
            "569344" : 2,
            "577536" : 4,
            "585728" : 7,
            "593920" : 6,
            "602112" : 6,
            "610304" : 8,
            "618496" : 6,
            "626688" : 12,
            "634880" : 6,
            "643072" : 5,
            "651264" : 5,
            "659456" : 4,
            "667648" : 2,
            "675840" : 5,
            "684032" : 1,
            "692224" : 4,
            "708608" : 1,
            "716800" : 2,
            "724992" : 1,
            "741376" : 1,
            "749568" : 2,
            "757760" : 4,
            "765952" : 6,
            "774144" : 4,
            "782336" : 3,
            "790528" : 7,
            "798720" : 7,
            "806912" : 5,
            "815104" : 3,
            "823296" : 2,
            "831488" : 2,
            "839680" : 3,
            "847872" : 2,
            "856064" : 3,
            "864256" : 9,
            "872448" : 7,
            "880640" : 2,
            "888832" : 8,
            "897024" : 6,
            "905216" : 2,
            "913408" : 5,
            "921600" : 3,
            "929792" : 2,
            "937984" : 5,
            "946176" : 2,
            "954368" : 19,
            "962560" : 16,
            "970752" : 22,
            "978944" : 26,
            "987136" : 20,
            "995328" : 13,
            "1003520" : 13,
            "1011712" : 13,
            "1019904" : 14,
            "1028096" : 8,
            "1036288" : 5,
            "1044480" : 8,
            "1056768" : 8,
            "1073152" : 2,
            "1105920" : 1,
            "1155072" : 1,
            "1171456" : 1,
            "1204224" : 1,
            "1253376" : 2,
            "1302528" : 1,
            "1318912" : 1,
            "1335296" : 1,
            "1351680" : 1,
            "1400832" : 1,
            "1417216" : 1,
            "1449984" : 1,
            "1499136" : 1,
            "1630208" : 3,
            "1695744" : 1,
            "1728512" : 1,
            "1810432" : 1,
            "1843200" : 1,
            "2310144" : 1,
            "2342912" : 1,
            "2768896" : 1,
            "3129344" : 2,
            "3162112" : 2,
            "3424256" : 1,
            "4751360" : 1,
            "4816896" : 1,
            "4882432" : 1,
            "4947968" : 3,
            "5341184" : 1,
            "5472256" : 1,
            "6455296" : 1,
            "6717440" : 1
          }
        },
        "lat_ns" : {
          "min" : 871,
          "max" : 6726794,
          "mean" : 10796.449086,
          "stddev" : 7003.402409,
          "N" : 18065376,
          "percentile" : {
            "1.000000" : 6688,
            "5.000000" : 9536,
            "10.000000" : 9664,
            "20.000000" : 9920,
            "30.000000" : 10176,
            "40.000000" : 10560,
            "50.000000" : 10688,
            "60.000000" : 10688,
            "70.000000" : 10816,
            "80.000000" : 10944,
            "90.000000" : 11584,
            "95.000000" : 12096,
            "99.000000" : 19072,
            "99.500000" : 23168,
            "99.900000" : 38656,
            "99.950000" : 52480,
            "99.990000" : 116224
          },
          "bins" : {
            "868" : 1,
            "6112" : 7,
            "6176" : 49,
            "6240" : 210,
            "6304" : 963,
            "6368" : 3725,
            "6432" : 11873,
            "6496" : 27349,
            "6560" : 47313,
            "6624" : 61167,
            "6688" : 62363,
            "6752" : 51407,
            "6816" : 34709,
            "6880" : 21001,
            "6944" : 11801,
            "7008" : 6744,
            "7072" : 3589,
            "7136" : 1947,
            "7200" : 1237,
            "7264" : 878,
            "7328" : 1145,
            "7392" : 1832,
            "7456" : 3140,
            "7520" : 4624,
            "7584" : 5115,
            "7648" : 4405,
            "7712" : 3462,
            "7776" : 2171,
            "7840" : 1407,
            "7904" : 917,
            "7968" : 667,
            "8032" : 484,
            "8096" : 362,
            "8160" : 262,
            "8256" : 408,
            "8384" : 321,
            "8512" : 335,
            "8640" : 372,
            "8768" : 426,
            "8896" : 376,
            "9024" : 959,
            "9152" : 10438,
            "9280" : 71359,
            "9408" : 266953,
            "9536" : 604814,
            "9664" : 976619,
            "9792" : 1171591,
            "9920" : 1083396,
            "10048" : 775681,
            "10176" : 440714,
            "10304" : 356406,
            "10432" : 810759,
            "10560" : 1683610,
            "10688" : 2288997,
            "10816" : 2125949,
            "10944" : 1418966,
            "11072" : 747048,
            "11200" : 372522,
            "11328" : 264156,
            "11456" : 293048,
            "11584" : 333122,
            "11712" : 294671,
            "11840" : 202791,
            "11968" : 119831,
            "12096" : 72178,
            "12224" : 54545,
            "12352" : 49496,
            "12480" : 47728,
            "12608" : 43652,
            "12736" : 35931,
            "12864" : 29855,
            "12992" : 25941,
            "13120" : 23339,
            "13248" : 21933,
            "13376" : 20722,
            "13504" : 19372,
            "13632" : 19171,
            "13760" : 19053,
            "13888" : 16791,
            "14016" : 15538,
            "14144" : 13816,
            "14272" : 13345,
            "14400" : 12752,
            "14528" : 12080,
            "14656" : 11628,
            "14784" : 10822,
            "14912" : 10385,
            "15040" : 9467,
            "15168" : 8994,
            "15296" : 8782,
            "15424" : 8685,
            "15552" : 8382,
            "15680" : 8120,
            "15808" : 7656,
            "15936" : 7172,
            "16064" : 6890,
            "16192" : 6599,
            "16320" : 6360,
            "16512" : 12232,
            "16768" : 11210,
            "17024" : 10613,
            "17280" : 10130,
            "17536" : 9694,
            "17792" : 9204,
            "18048" : 9053,
            "18304" : 8899,
            "18560" : 8381,
            "18816" : 7824,
            "19072" : 7274,
            "19328" : 6901,
            "19584" : 6619,
            "19840" : 6375,
            "20096" : 6476,
            "20352" : 6501,
            "20608" : 6261,
            "20864" : 6356,
            "21120" : 5972,
            "21376" : 5906,
            "21632" : 5488,
            "21888" : 5321,
            "22144" : 5067,
            "22400" : 4604,
            "22656" : 4301,
            "22912" : 4044,
            "23168" : 3704,
            "23424" : 3485,
            "23680" : 3203,
            "23936" : 3053,
            "24192" : 2853,
            "24448" : 2722,
            "24704" : 2522,
            "24960" : 2405,
            "25216" : 2268,
            "25472" : 2174,
            "25728" : 2043,
            "25984" : 1931,
            "26240" : 1837,
            "26496" : 1723,
            "26752" : 1626,
            "27008" : 1593,
            "27264" : 1415,
            "27520" : 1373,
            "27776" : 1278,
            "28032" : 1205,
            "28288" : 1147,
            "28544" : 1069,
            "28800" : 1033,
            "29056" : 1001,
            "29312" : 964,
            "29568" : 946,
            "29824" : 871,
            "30080" : 881,
            "30336" : 852,
            "30592" : 797,
            "30848" : 852,
            "31104" : 836,
            "31360" : 825,
            "31616" : 856,
            "31872" : 816,
            "32128" : 868,
            "32384" : 779,
            "32640" : 797,
            "33024" : 1583,
            "33536" : 1638,
            "34048" : 1516,
            "34560" : 1464,
            "35072" : 1367,
            "35584" : 1284,
            "36096" : 1085,
            "36608" : 1154,
            "37120" : 938,
            "37632" : 852,
            "38144" : 800,
            "38656" : 727,
            "39168" : 648,
            "39680" : 554,
            "40192" : 568,
            "40704" : 521,
            "41216" : 464,
            "41728" : 416,
            "42240" : 361,
            "42752" : 364,
            "43264" : 349,
            "43776" : 371,
            "44288" : 363,
            "44800" : 414,
            "45312" : 362,
            "45824" : 337,
            "46336" : 282,
            "46848" : 267,
            "47360" : 216,
            "47872" : 195,
            "48384" : 208,
            "48896" : 178,
            "49408" : 151,
            "49920" : 155,
            "50432" : 148,
            "50944" : 152,
            "51456" : 148,
            "51968" : 186,
            "52480" : 183,
            "52992" : 158,
            "53504" : 175,
            "54016" : 171,
            "54528" : 135,
            "55040" : 137,
            "55552" : 107,
            "56064" : 125,
            "56576" : 86,
            "57088" : 98,
            "57600" : 69,
            "58112" : 69,
            "58624" : 71,
            "59136" : 54,
            "59648" : 80,
            "60160" : 69,
            "60672" : 81,
            "61184" : 59,
            "61696" : 64,
            "62208" : 49,
            "62720" : 57,
            "63232" : 64,
            "63744" : 46,
            "64256" : 53,
            "64768" : 57,
            "65280" : 39,
            "66048" : 97,
            "67072" : 87,
            "68096" : 101,
            "69120" : 101,
            "70144" : 99,
            "71168" : 111,
            "72192" : 108,
            "73216" : 124,
            "74240" : 126,
            "75264" : 116,
            "76288" : 110,
            "77312" : 122,
            "78336" : 146,
            "79360" : 131,
            "80384" : 156,
            "81408" : 150,
            "82432" : 164,
            "83456" : 172,
            "84480" : 177,
            "85504" : 181,
            "86528" : 181,
            "87552" : 204,
            "88576" : 275,
            "89600" : 265,
            "90624" : 228,
            "91648" : 148,
            "92672" : 100,
            "93696" : 68,
            "94720" : 78,
            "95744" : 84,
            "96768" : 74,
            "97792" : 56,
            "98816" : 56,
            "99840" : 43,
            "100864" : 47,
            "101888" : 50,
            "102912" : 42,
            "103936" : 31,
            "104960" : 41,
            "105984" : 23,
            "107008" : 33,
            "108032" : 34,
            "109056" : 29,
            "110080" : 32,
            "111104" : 35,
            "112128" : 38,
            "113152" : 30,
            "114176" : 21,
            "115200" : 29,
            "116224" : 29,
            "117248" : 30,
            "118272" : 36,
            "119296" : 41,
            "120320" : 33,
            "121344" : 31,
            "122368" : 16,
            "123392" : 16,
            "124416" : 18,
            "125440" : 24,
            "126464" : 13,
            "127488" : 9,
            "128512" : 4,
            "129536" : 16,
            "130560" : 5,
            "132096" : 13,
            "134144" : 19,
            "136192" : 20,
            "138240" : 13,
            "140288" : 12,
            "142336" : 19,
            "144384" : 22,
            "146432" : 14,
            "148480" : 14,
            "150528" : 8,
            "152576" : 6,
            "154624" : 15,
            "156672" : 10,
            "158720" : 6,
            "160768" : 9,
            "162816" : 11,
            "164864" : 4,
            "166912" : 4,
            "168960" : 4,
            "171008" : 5,
            "173056" : 3,
            "175104" : 9,
            "177152" : 5,
            "179200" : 4,
            "181248" : 10,
            "183296" : 1,
            "185344" : 4,
            "187392" : 3,
            "189440" : 8,
            "191488" : 7,
            "193536" : 8,
            "195584" : 11,
            "197632" : 2,
            "199680" : 11,
            "201728" : 6,
            "203776" : 8,
            "205824" : 9,
            "207872" : 11,
            "209920" : 7,
            "211968" : 13,
            "214016" : 6,
            "216064" : 5,
            "218112" : 9,
            "220160" : 7,
            "222208" : 9,
            "224256" : 3,
            "226304" : 6,
            "228352" : 3,
            "230400" : 5,
            "232448" : 2,
            "234496" : 1,
            "236544" : 4,
            "238592" : 4,
            "240640" : 2,
            "242688" : 7,
            "244736" : 3,
            "246784" : 1,
            "248832" : 6,
            "250880" : 6,
            "252928" : 11,
            "254976" : 9,
            "257024" : 17,
            "259072" : 25,
            "261120" : 23,
            "264192" : 53,
            "268288" : 31,
            "272384" : 24,
            "276480" : 12,
            "280576" : 13,
            "284672" : 10,
            "288768" : 12,
            "292864" : 7,
            "296960" : 2,
            "301056" : 5,
            "305152" : 7,
            "309248" : 4,
            "313344" : 10,
            "317440" : 9,
            "321536" : 12,
            "325632" : 11,
            "329728" : 4,
            "333824" : 6,
            "337920" : 3,
            "342016" : 3,
            "346112" : 4,
            "350208" : 7,
            "354304" : 5,
            "358400" : 4,
            "362496" : 5,
            "366592" : 1,
            "370688" : 3,
            "374784" : 3,
            "378880" : 7,
            "382976" : 7,
            "387072" : 8,
            "391168" : 5,
            "395264" : 5,
            "399360" : 9,
            "403456" : 2,
            "407552" : 4,
            "411648" : 7,
            "415744" : 11,
            "419840" : 23,
            "423936" : 30,
            "428032" : 16,
            "432128" : 8,
            "436224" : 14,
            "440320" : 11,
            "444416" : 15,
            "448512" : 13,
            "452608" : 10,
            "456704" : 8,
            "460800" : 6,
            "464896" : 2,
            "468992" : 7,
            "473088" : 4,
            "477184" : 5,
            "481280" : 6,
            "485376" : 2,
            "489472" : 4,
            "493568" : 1,
            "497664" : 1,
            "501760" : 3,
            "505856" : 2,
            "509952" : 1,
            "514048" : 2,
            "518144" : 1,
            "528384" : 4,
            "536576" : 4,
            "544768" : 1,
            "552960" : 2,
            "561152" : 3,
            "569344" : 2,
            "577536" : 4,
            "585728" : 7,
            "593920" : 6,
            "602112" : 6,
            "610304" : 8,
            "618496" : 6,
            "626688" : 12,
            "634880" : 6,
            "643072" : 5,
            "651264" : 5,
            "659456" : 4,
            "667648" : 2,
            "675840" : 5,
            "684032" : 1,
            "692224" : 4,
            "708608" : 1,
            "716800" : 2,
            "724992" : 1,
            "741376" : 1,
            "749568" : 2,
            "757760" : 4,
            "765952" : 6,
            "774144" : 4,
            "782336" : 3,
            "790528" : 7,
            "798720" : 7,
            "806912" : 5,
            "815104" : 3,
            "823296" : 2,
            "831488" : 2,
            "839680" : 3,
            "847872" : 2,
            "856064" : 3,
            "864256" : 9,
            "872448" : 7,
            "880640" : 2,
            "888832" : 8,
            "897024" : 6,
            "905216" : 2,
            "913408" : 5,
            "921600" : 3,
            "929792" : 2,
            "937984" : 5,
            "946176" : 2,
            "954368" : 19,
            "962560" : 16,
            "970752" : 22,
            "978944" : 26,
            "987136" : 20,
            "995328" : 13,
            "1003520" : 13,
            "1011712" : 13,
            "1019904" : 14,
            "1028096" : 8,
            "1036288" : 5,
            "1044480" : 8,
            "1056768" : 8,
            "1073152" : 2,
            "1105920" : 1,
            "1155072" : 1,
            "1171456" : 1,
            "1204224" : 1,
            "1253376" : 2,
            "1286144" : 1,
            "1302528" : 1,
            "1318912" : 1,
            "1335296" : 1,
            "1351680" : 1,
            "1400832" : 1,
            "1417216" : 1,
            "1449984" : 1,
            "1499136" : 1,
            "1515520" : 1,
            "1630208" : 3,
            "1695744" : 1,
            "1728512" : 1,
            "1810432" : 1,
            "1843200" : 1,
            "2310144" : 1,
            "2342912" : 1,
            "2768896" : 1,
            "3129344" : 2,
            "3162112" : 2,
            "3424256" : 1,
            "4751360" : 1,
            "4816896" : 1,
            "4882432" : 1,
            "4947968" : 3,
            "5341184" : 1,
            "5472256" : 1,
            "6455296" : 1,
            "6717440" : 1
          }
        },
        "bw_min" : 224016,
        "bw_max" : 329432,
        "bw_agg" : 100.000000,
        "bw_mean" : 240958.520868,
        "bw_dev" : 9787.193427,
        "bw_samples" : 599,
        "iops_min" : 56004,
        "iops_max" : 82358,
        "iops_mean" : 60239.621035,
        "iops_stddev" : 2446.798965,
        "iops_samples" : 599
      },
      "write" : {
        "io_bytes" : 73975898112,
        "io_kbytes" : 72242088,
        "bw_bytes" : 246584683,
        "bw" : 240805,
        "iops" : 60201.338658,
        "runtime" : 300002,
        "total_ios" : 18060522,
        "short_ios" : 0,
        "drop_ios" : 0,
        "slat_ns" : {
          "min" : 0,
          "max" : 0,
          "mean" : 0.000000,
          "stddev" : 0.000000,
          "N" : 0
        },
        "clat_ns" : {
          "min" : 1360,
          "max" : 7182091,
          "mean" : 2070.735441,
          "stddev" : 2336.844560,
          "N" : 18060522,
          "percentile" : {
            "1.000000" : 1480,
            "5.000000" : 1512,
            "10.000000" : 1544,
            "20.000000" : 1576,
            "30.000000" : 1608,
            "40.000000" : 1688,
            "50.000000" : 2160,
            "60.000000" : 2224,
            "70.000000" : 2288,
            "80.000000" : 2352,
            "90.000000" : 2512,
            "95.000000" : 3024,
            "99.000000" : 3824,
            "99.500000" : 4704,
            "99.900000" : 9664,
            "99.950000" : 13760,
            "99.990000" : 20096
          },
          "bins" : {
            "1368" : 18,
            "1384" : 88,
            "1400" : 642,
            "1416" : 4038,
            "1432" : 15163,
            "1448" : 40955,
            "1464" : 86663,
            "1480" : 150145,
            "1496" : 259063,
            "1512" : 392278,
            "1528" : 576034,
            "1544" : 763365,
            "1560" : 879489,
            "1576" : 941739,
            "1592" : 859712,
            "1608" : 740817,
            "1624" : 568751,
            "1640" : 397016,
            "1656" : 282374,
            "1672" : 191942,
            "1688" : 138983,
            "1704" : 102416,
            "1720" : 79006,
            "1736" : 68053,
            "1752" : 58083,
            "1768" : 54231,
            "1784" : 50428,
            "1800" : 46859,
            "1816" : 44320,
            "1832" : 40545,
            "1848" : 38874,
            "1864" : 36757,
            "1880" : 33893,
            "1896" : 34018,
            "1912" : 32935,
            "1928" : 33133,
            "1944" : 33230,
            "1960" : 32142,
            "1976" : 32077,
            "1992" : 30309,
            "2008" : 30263,
            "2024" : 29775,
            "2040" : 28481,
            "2064" : 65670,
            "2096" : 105846,
            "2128" : 211101,
            "2160" : 421287,
            "2192" : 732402,
            "2224" : 1061566,
            "2256" : 1278593,
            "2288" : 1215549,
            "2320" : 962192,
            "2352" : 656235,
            "2384" : 419416,
            "2416" : 295431,
            "2448" : 241647,
            "2480" : 216966,
            "2512" : 188156,
            "2544" : 152174,
            "2576" : 120365,
            "2608" : 92951,
            "2640" : 76290,
            "2672" : 64931,
            "2704" : 55609,
            "2736" : 47995,
            "2768" : 39885,
            "2800" : 33753,
            "2832" : 28381,
            "2864" : 23921,
            "2896" : 21563,
            "2928" : 19627,
            "2960" : 20448,
            "2992" : 24060,
            "3024" : 32581,
            "3056" : 47014,
            "3088" : 63705,
            "3120" : 78140,
            "3152" : 84870,
            "3184" : 79903,
            "3216" : 68091,
            "3248" : 51784,
            "3280" : 36879,
            "3312" : 26738,
            "3344" : 20559,
            "3376" : 16907,
            "3408" : 14779,
            "3440" : 13044,
            "3472" : 12096,
            "3504" : 10722,
            "3536" : 10096,
            "3568" : 9127,
            "3600" : 8459,
            "3632" : 7627,
            "3664" : 7003,
            "3696" : 6525,
            "3728" : 6028,
            "3760" : 5552,
            "3792" : 5308,
            "3824" : 5151,
            "3856" : 4999,
            "3888" : 4641,
            "3920" : 4736,
            "3952" : 4455,
            "3984" : 4483,
            "4016" : 4263,
            "4048" : 4141,
            "4080" : 3944,
            "4128" : 7452,
            "4192" : 7053,
            "4256" : 6321,
            "4320" : 5841,
            "4384" : 5247,
            "4448" : 4914,
            "4512" : 4540,
            "4576" : 4319,
            "4640" : 4125,
            "4704" : 3795,
            "4768" : 3692,
            "4832" : 3440,
            "4896" : 3321,
            "4960" : 3077,
            "5024" : 2883,
            "5088" : 2971,
            "5152" : 2732,
            "5216" : 2589,
            "5280" : 2519,
            "5344" : 2430,
            "5408" : 2125,
            "5472" : 2195,
            "5536" : 2127,
            "5600" : 1992,
            "5664" : 1953,
            "5728" : 1715,
            "5792" : 1717,
            "5856" : 1560,
            "5920" : 1396,
            "5984" : 1154,
            "6048" : 1027,
            "6112" : 980,
            "6176" : 870,
            "6240" : 822,
            "6304" : 714,
            "6368" : 697,
            "6432" : 625,
            "6496" : 558,
            "6560" : 550,
            "6624" : 550,
            "6688" : 459,
            "6752" : 473,
            "6816" : 466,
            "6880" : 478,
            "6944" : 488,
            "7008" : 476,
            "7072" : 452,
            "7136" : 458,
            "7200" : 518,
            "7264" : 462,
            "7328" : 472,
            "7392" : 479,
            "7456" : 494,
            "7520" : 505,
            "7584" : 468,
            "7648" : 468,
            "7712" : 450,
            "7776" : 397,
            "7840" : 466,
            "7904" : 413,
            "7968" : 382,
            "8032" : 359,
            "8096" : 360,
            "8160" : 333,
            "8256" : 601,
            "8384" : 619,
            "8512" : 564,
            "8640" : 487,
            "8768" : 437,
            "8896" : 459,
            "9024" : 454,
            "9152" : 409,
            "9280" : 441,
            "9408" : 452,
            "9536" : 436,
            "9664" : 421,
            "9792" : 420,
            "9920" : 432,
            "10048" : 382,
            "10176" : 434,
            "10304" : 392,
            "10432" : 395,
            "10560" : 385,
            "10688" : 351,
            "10816" : 355,
            "10944" : 336,
            "11072" : 332,
            "11200" : 293,
            "11328" : 263,
            "11456" : 259,
            "11584" : 262,
            "11712" : 244,
            "11840" : 221,
            "11968" : 213,
            "12096" : 181,
            "12224" : 189,
            "12352" : 169,
            "12480" : 191,
            "12608" : 162,
            "12736" : 142,
            "12864" : 175,
            "12992" : 175,
            "13120" : 193,
            "13248" : 242,
            "13376" : 270,
            "13504" : 271,
            "13632" : 300,
            "13760" : 307,
            "13888" : 323,
            "14016" : 316,
            "14144" : 276,
            "14272" : 343,
            "14400" : 339,
            "14528" : 298,
            "14656" : 303,
            "14784" : 281,
            "14912" : 296,
            "15040" : 214,
            "15168" : 243,
            "15296" : 238,
            "15424" : 228,
            "15552" : 227,
            "15680" : 205,
            "15808" : 195,
            "15936" : 193,
            "16064" : 185,
            "16192" : 160,
            "16320" : 172,
            "16512" : 292,
            "16768" : 275,
            "17024" : 224,
            "17280" : 236,
            "17536" : 197,
            "17792" : 158,
            "18048" : 137,
            "18304" : 130,
            "18560" : 92,
            "18816" : 98,
            "19072" : 75,
            "19328" : 63,
            "19584" : 73,
            "19840" : 44,
            "20096" : 64,
            "20352" : 40,
            "20608" : 42,
            "20864" : 32,
            "21120" : 28,
            "21376" : 31,
            "21632" : 27,
            "21888" : 26,
            "22144" : 17,
            "22400" : 27,
            "22656" : 18,
            "22912" : 18,
            "23168" : 11,
            "23424" : 14,
            "23680" : 12,
            "23936" : 14,
            "24192" : 20,
            "24448" : 12,
            "24704" : 13,
            "24960" : 24,
            "25216" : 15,
            "25472" : 16,
            "25728" : 20,
            "25984" : 23,
            "26240" : 26,
            "26496" : 15,
            "26752" : 27,
            "27008" : 17,
            "27264" : 28,
            "27520" : 24,
            "27776" : 29,
            "28032" : 28,
            "28288" : 16,
            "28544" : 28,
            "28800" : 17,
            "29056" : 21,
            "29312" : 14,
            "29568" : 8,
            "29824" : 15,
            "30080" : 11,
            "30336" : 7,
            "30592" : 7,
            "30848" : 10,
            "31104" : 6,
            "31360" : 12,
            "31616" : 7,
            "31872" : 5,
            "32128" : 13,
            "32384" : 10,
            "32640" : 8,
            "33024" : 12,
            "33536" : 15,
            "34048" : 8,
            "34560" : 11,
            "35072" : 8,
            "35584" : 6,
            "36096" : 7,
            "36608" : 15,
            "37120" : 5,
            "37632" : 5,
            "38144" : 3,
            "38656" : 7,
            "39168" : 1,
            "39680" : 2,
            "40192" : 6,
            "40704" : 3,
            "41216" : 5,
            "41728" : 4,
            "42240" : 4,
            "42752" : 4,
            "43264" : 6,
            "43776" : 8,
            "44288" : 7,
            "44800" : 10,
            "45312" : 11,
            "45824" : 13,
            "46336" : 13,
            "46848" : 18,
            "47360" : 17,
            "47872" : 18,
            "48384" : 24,
            "48896" : 12,
            "49408" : 18,
            "49920" : 21,
            "50432" : 17,
            "50944" : 15,
            "51456" : 14,
            "51968" : 11,
            "52480" : 10,
            "52992" : 3,
            "53504" : 5,
            "54016" : 1,
            "54528" : 7,
            "55040" : 1,
            "55552" : 10,
            "56064" : 4,
            "56576" : 7,
            "57088" : 2,
            "57600" : 4,
            "58112" : 3,
            "58624" : 3,
            "59136" : 5,
            "59648" : 1,
            "60160" : 1,
            "60672" : 1,
            "61184" : 5,
            "61696" : 2,
            "62208" : 4,
            "62720" : 5,
            "63232" : 3,
            "63744" : 4,
            "64256" : 2,
            "64768" : 3,
            "65280" : 5,
            "66048" : 5,
            "67072" : 1,
            "68096" : 4,
            "69120" : 3,
            "70144" : 7,
            "71168" : 5,
            "72192" : 7,
            "73216" : 5,
            "74240" : 9,
            "75264" : 9,
            "76288" : 8,
            "77312" : 3,
            "78336" : 7,
            "79360" : 17,
            "80384" : 41,
            "81408" : 56,
            "82432" : 50,
            "83456" : 29,
            "84480" : 8,
            "85504" : 2,
            "86528" : 7,
            "87552" : 5,
            "88576" : 2,
            "89600" : 7,
            "90624" : 1,
            "92672" : 5,
            "93696" : 2,
            "94720" : 2,
            "95744" : 2,
            "96768" : 1,
            "97792" : 3,
            "100864" : 1,
            "101888" : 1,
            "102912" : 2,
            "104960" : 1,
            "105984" : 1,
            "108032" : 1,
            "112128" : 1,
            "113152" : 1,
            "115200" : 1,
            "116224" : 1,
            "117248" : 2,
            "118272" : 1,
            "124416" : 1,
            "129536" : 1,
            "156672" : 2,
            "164864" : 1,
            "166912" : 1,
            "183296" : 1,
            "185344" : 1,
            "187392" : 1,
            "199680" : 2,
            "203776" : 1,
            "218112" : 1,
            "236544" : 1,
            "238592" : 1,
            "250880" : 2,
            "252928" : 2,
            "254976" : 1,
            "257024" : 3,
            "259072" : 1,
            "261120" : 1,
            "264192" : 1,
            "268288" : 1,
            "305152" : 1,
            "329728" : 1,
            "342016" : 1,
            "350208" : 1,
            "354304" : 1,
            "358400" : 2,
            "370688" : 2,
            "378880" : 1,
            "382976" : 1,
            "391168" : 1,
            "395264" : 1,
            "399360" : 2,
            "415744" : 1,
            "423936" : 1,
            "428032" : 2,
            "432128" : 1,
            "436224" : 3,
            "440320" : 1,
            "452608" : 1,
            "514048" : 1,
            "667648" : 1,
            "765952" : 1,
            "774144" : 1,
            "888832" : 1,
            "905216" : 1,
            "929792" : 1,
            "978944" : 1,
            "1597440" : 1,
            "1630208" : 1,
            "2998272" : 1,
            "3358720" : 1,
            "7176192" : 1
          }
        },
        "lat_ns" : {
          "min" : 1419,
          "max" : 7182175,
          "mean" : 2142.782934,
          "stddev" : 2345.245636,
          "N" : 18060522,
          "percentile" : {
            "1.000000" : 1544,
            "5.000000" : 1576,
            "10.000000" : 1608,
            "20.000000" : 1640,
            "30.000000" : 1672,
            "40.000000" : 1752,
            "50.000000" : 2256,
            "60.000000" : 2320,
            "70.000000" : 2352,
            "80.000000" : 2416,
            "90.000000" : 2576,
            "95.000000" : 3088,
            "99.000000" : 3952,
            "99.500000" : 4832,
            "99.900000" : 10048,
            "99.950000" : 14016,
            "99.990000" : 20608
          },
          "bins" : {
            "1416" : 5,
            "1432" : 29,
            "1448" : 166,
            "1464" : 1198,
            "1480" : 6374,
            "1496" : 21290,
            "1512" : 50276,
            "1528" : 101012,
            "1544" : 178825,
            "1560" : 288137,
            "1576" : 446517,
            "1592" : 607704,
            "1608" : 795469,
            "1624" : 915329,
            "1640" : 908127,
            "1656" : 848019,
            "1672" : 681284,
            "1688" : 526005,
            "1704" : 375584,
            "1720" : 253927,
            "1736" : 181786,
            "1752" : 126241,
            "1768" : 96619,
            "1784" : 77993,
            "1800" : 64338,
            "1816" : 58173,
            "1832" : 52228,
            "1848" : 49486,
            "1864" : 47067,
            "1880" : 42351,
            "1896" : 40664,
            "1912" : 37095,
            "1928" : 35484,
            "1944" : 33830,
            "1960" : 32481,
            "1976" : 32752,
            "1992" : 31287,
            "2008" : 32018,
            "2024" : 32207,
            "2040" : 30387,
            "2064" : 59054,
            "2096" : 55466,
            "2128" : 54369,
            "2160" : 75474,
            "2192" : 143322,
            "2224" : 298367,
            "2256" : 569604,
            "2288" : 891731,
            "2320" : 1169719,
            "2352" : 1262055,
            "2384" : 1108166,
            "2416" : 832653,
            "2448" : 545329,
            "2480" : 367907,
            "2512" : 280009,
            "2544" : 233286,
            "2576" : 197656,
            "2608" : 156288,
            "2640" : 121583,
            "2672" : 96785,
            "2704" : 79899,
            "2736" : 68948,
            "2768" : 58958,
            "2800" : 50381,
            "2832" : 43476,
            "2864" : 36772,
            "2896" : 31109,
            "2928" : 25801,
            "2960" : 22400,
            "2992" : 19981,
            "3024" : 19563,
            "3056" : 21710,
            "3088" : 27401,
            "3120" : 38579,
            "3152" : 54609,
            "3184" : 71015,
            "3216" : 82864,
            "3248" : 83460,
            "3280" : 74007,
            "3312" : 60105,
            "3344" : 44294,
            "3376" : 32007,
            "3408" : 23376,
            "3440" : 18434,
            "3472" : 15717,
            "3504" : 13822,
            "3536" : 12577,
            "3568" : 11363,
            "3600" : 10307,
            "3632" : 9584,
            "3664" : 8579,
            "3696" : 8180,
            "3728" : 7412,
            "3760" : 6599,
            "3792" : 6342,
            "3824" : 5777,
            "3856" : 5561,
            "3888" : 5234,
            "3920" : 4843,
            "3952" : 4788,
            "3984" : 4712,
            "4016" : 4697,
            "4048" : 4411,
            "4080" : 4318,
            "4128" : 8410,
            "4192" : 7896,
            "4256" : 7195,
            "4320" : 6724,
            "4384" : 6043,
            "4448" : 5422,
            "4512" : 5125,
            "4576" : 4709,
            "4640" : 4445,
            "4704" : 4133,
            "4768" : 3930,
            "4832" : 3785,
            "4896" : 3525,
            "4960" : 3291,
            "5024" : 3169,
            "5088" : 3073,
            "5152" : 2940,
            "5216" : 2701,
            "5280" : 2600,
            "5344" : 2489,
            "5408" : 2458,
            "5472" : 2269,
            "5536" : 2140,
            "5600" : 2163,
            "5664" : 2061,
            "5728" : 1936,
            "5792" : 1851,
            "5856" : 1779,
            "5920" : 1717,
            "5984" : 1557,
            "6048" : 1359,
            "6112" : 1206,
            "6176" : 1043,
            "6240" : 1017,
            "6304" : 889,
            "6368" : 816,
            "6432" : 734,
            "6496" : 732,
            "6560" : 684,
            "6624" : 582,
            "6688" : 610,
            "6752" : 577,
            "6816" : 526,
            "6880" : 519,
            "6944" : 484,
            "7008" : 512,
            "7072" : 499,
            "7136" : 498,
            "7200" : 469,
            "7264" : 505,
            "7328" : 503,
            "7392" : 492,
            "7456" : 522,
            "7520" : 517,
            "7584" : 543,
            "7648" : 491,
            "7712" : 502,
            "7776" : 494,
            "7840" : 467,
            "7904" : 466,
            "7968" : 439,
            "8032" : 436,
            "8096" : 407,
            "8160" : 382,
            "8256" : 662,
            "8384" : 664,
            "8512" : 668,
            "8640" : 561,
            "8768" : 477,
            "8896" : 486,
            "9024" : 480,
            "9152" : 506,
            "9280" : 442,
            "9408" : 446,
            "9536" : 488,
            "9664" : 470,
            "9792" : 428,
            "9920" : 454,
            "10048" : 438,
            "10176" : 450,
            "10304" : 451,
            "10432" : 402,
            "10560" : 405,
            "10688" : 409,
            "10816" : 379,
            "10944" : 369,
            "11072" : 347,
            "11200" : 320,
            "11328" : 307,
            "11456" : 266,
            "11584" : 308,
            "11712" : 250,
            "11840" : 249,
            "11968" : 228,
            "12096" : 218,
            "12224" : 200,
            "12352" : 198,
            "12480" : 204,
            "12608" : 203,
            "12736" : 175,
            "12864" : 169,
            "12992" : 179,
            "13120" : 198,
            "13248" : 211,
            "13376" : 279,
            "13504" : 305,
            "13632" : 278,
            "13760" : 336,
            "13888" : 320,
            "14016" : 318,
            "14144" : 311,
            "14272" : 321,
            "14400" : 359,
            "14528" : 342,
            "14656" : 287,
            "14784" : 294,
            "14912" : 300,
            "15040" : 269,
            "15168" : 239,
            "15296" : 241,
            "15424" : 226,
            "15552" : 246,
            "15680" : 234,
            "15808" : 209,
            "15936" : 187,
            "16064" : 188,
            "16192" : 189,
            "16320" : 191,
            "16512" : 349,
            "16768" : 292,
            "17024" : 252,
            "17280" : 245,
            "17536" : 205,
            "17792" : 186,
            "18048" : 154,
            "18304" : 133,
            "18560" : 115,
            "18816" : 95,
            "19072" : 79,
            "19328" : 83,
            "19584" : 69,
            "19840" : 62,
            "20096" : 63,
            "20352" : 62,
            "20608" : 29,
            "20864" : 44,
            "21120" : 28,
            "21376" : 30,
            "21632" : 37,
            "21888" : 25,
            "22144" : 21,
            "22400" : 27,
            "22656" : 22,
            "22912" : 22,
            "23168" : 12,
            "23424" : 15,
            "23680" : 17,
            "23936" : 11,
            "24192" : 13,
            "24448" : 17,
            "24704" : 12,
            "24960" : 18,
            "25216" : 22,
            "25472" : 18,
            "25728" : 20,
            "25984" : 20,
            "26240" : 20,
            "26496" : 23,
            "26752" : 25,
            "27008" : 26,
            "27264" : 26,
            "27520" : 28,
            "27776" : 27,
            "28032" : 30,
            "28288" : 21,
            "28544" : 20,
            "28800" : 19,
            "29056" : 26,
            "29312" : 19,
            "29568" : 6,
            "29824" : 15,
            "30080" : 12,
            "30336" : 9,
            "30592" : 9,
            "30848" : 9,
            "31104" : 5,
            "31360" : 11,
            "31616" : 10,
            "31872" : 5,
            "32128" : 11,
            "32384" : 12,
            "32640" : 6,
            "33024" : 13,
            "33536" : 17,
            "34048" : 10,
            "34560" : 9,
            "35072" : 8,
            "35584" : 6,
            "36096" : 8,
            "36608" : 16,
            "37120" : 6,
            "37632" : 5,
            "38144" : 4,
            "38656" : 7,
            "39168" : 1,
            "39680" : 1,
            "40192" : 4,
            "40704" : 6,
            "41216" : 4,
            "41728" : 5,
            "42240" : 3,
            "42752" : 7,
            "43264" : 5,
            "43776" : 8,
            "44288" : 8,
            "44800" : 10,
            "45312" : 9,
            "45824" : 13,
            "46336" : 14,
            "46848" : 15,
            "47360" : 17,
            "47872" : 21,
            "48384" : 24,
            "48896" : 12,
            "49408" : 16,
            "49920" : 24,
            "50432" : 20,
            "50944" : 14,
            "51456" : 16,
            "51968" : 12,
            "52480" : 16,
            "52992" : 4,
            "53504" : 5,
            "54016" : 2,
            "54528" : 7,
            "55040" : 1,
            "55552" : 7,
            "56064" : 7,
            "56576" : 5,
            "57088" : 6,
            "57600" : 4,
            "58112" : 3,
            "58624" : 3,
            "59136" : 5,
            "59648" : 1,
            "60160" : 1,
            "60672" : 2,
            "61184" : 5,
            "61696" : 2,
            "62208" : 3,
            "62720" : 7,
            "63232" : 2,
            "63744" : 4,
            "64256" : 3,
            "64768" : 2,
            "65280" : 6,
            "66048" : 6,
            "67072" : 1,
            "68096" : 4,
            "69120" : 2,
            "70144" : 6,
            "71168" : 5,
            "72192" : 8,
            "73216" : 6,
            "74240" : 8,
            "75264" : 10,
            "76288" : 6,
            "77312" : 4,
            "78336" : 8,
            "79360" : 17,
            "80384" : 37,
            "81408" : 62,
            "82432" : 56,
            "83456" : 30,
            "84480" : 9,
            "85504" : 2,
            "86528" : 8,
            "87552" : 5,
            "88576" : 2,
            "89600" : 7,
            "90624" : 1,
            "92672" : 5,
            "93696" : 2,
            "94720" : 2,
            "95744" : 2,
            "96768" : 1,
            "97792" : 2,
            "98816" : 1,
            "101888" : 2,
            "102912" : 1,
            "103936" : 1,
            "104960" : 1,
            "105984" : 1,
            "108032" : 1,
            "112128" : 1,
            "113152" : 1,
            "115200" : 1,
            "116224" : 1,
            "117248" : 1,
            "118272" : 2,
            "124416" : 1,
            "130560" : 1,
            "156672" : 3,
            "164864" : 1,
            "166912" : 1,
            "183296" : 1,
            "185344" : 1,
            "187392" : 1,
            "199680" : 2,
            "203776" : 1,
            "218112" : 1,
            "236544" : 1,
            "238592" : 1,
            "250880" : 2,
            "252928" : 2,
            "254976" : 1,
            "257024" : 3,
            "259072" : 1,
            "261120" : 1,
            "264192" : 1,
            "268288" : 1,
            "305152" : 1,
            "329728" : 1,
            "342016" : 1,
            "350208" : 1,
            "354304" : 1,
            "358400" : 2,
            "370688" : 2,
            "378880" : 1,
            "382976" : 1,
            "391168" : 1,
            "395264" : 1,
            "399360" : 2,
            "415744" : 1,
            "423936" : 1,
            "428032" : 2,
            "432128" : 1,
            "436224" : 3,
            "440320" : 1,
            "452608" : 1,
            "456704" : 1,
            "514048" : 1,
            "667648" : 1,
            "765952" : 1,
            "774144" : 1,
            "888832" : 1,
            "905216" : 1,
            "929792" : 1,
            "978944" : 1,
            "1597440" : 1,
            "1630208" : 1,
            "2998272" : 1,
            "3358720" : 1,
            "7176192" : 1
          }
        },
        "bw_min" : 225872,
        "bw_max" : 326704,
        "bw_agg" : 100.000000,
        "bw_mean" : 240895.076795,
        "bw_dev" : 9728.490938,
        "bw_samples" : 599,
        "iops_min" : 56468,
        "iops_max" : 81676,
        "iops_mean" : 60223.757930,
        "iops_stddev" : 2432.123621,
        "iops_samples" : 599
      },
      "trim" : {
        "io_bytes" : 0,
        "io_kbytes" : 0,
        "bw_bytes" : 0,
        "bw" : 0,
        "iops" : 0.000000,
        "runtime" : 0,
        "total_ios" : 0,
        "short_ios" : 0,
        "drop_ios" : 0,
        "slat_ns" : {
          "min" : 0,
          "max" : 0,
          "mean" : 0.000000,
          "stddev" : 0.000000,
          "N" : 0
        },
        "clat_ns" : {
          "min" : 0,
          "max" : 0,
          "mean" : 0.000000,
          "stddev" : 0.000000,
          "N" : 0
        },
        "lat_ns" : {
          "min" : 0,
          "max" : 0,
          "mean" : 0.000000,
          "stddev" : 0.000000,
          "N" : 0
        },
        "bw_min" : 0,
        "bw_max" : 0,
        "bw_agg" : 0.000000,
        "bw_mean" : 0.000000,
        "bw_dev" : 0.000000,
        "bw_samples" : 0,
        "iops_min" : 0,
        "iops_max" : 0,
        "iops_mean" : 0.000000,
        "iops_stddev" : 0.000000,
        "iops_samples" : 0
      },
      "sync" : {
        "total_ios" : 0,
        "lat_ns" : {
          "min" : 0,
          "max" : 0,
          "mean" : 0.000000,
          "stddev" : 0.000000,
          "N" : 0
        }
      },
      "job_runtime" : 300001,
      "usr_cpu" : 11.405629,
      "sys_cpu" : 61.999460,
      "ctx" : 18114908,
      "majf" : 0,
      "minf" : 21,
      "iodepth_level" : {
        "1" : 100.000000,
        "2" : 0.000000,
        "4" : 0.000000,
        "8" : 0.000000,
        "16" : 0.000000,
        "32" : 0.000000,
        ">=64" : 0.000000
      },
      "iodepth_submit" : {
        "0" : 0.000000,
        "4" : 100.000000,
        "8" : 0.000000,
        "16" : 0.000000,
        "32" : 0.000000,
        "64" : 0.000000,
        ">=64" : 0.000000
      },
      "iodepth_complete" : {
        "0" : 0.000000,
        "4" : 100.000000,
        "8" : 0.000000,
        "16" : 0.000000,
        "32" : 0.000000,
        "64" : 0.000000,
        ">=64" : 0.000000
      },
      "latency_ns" : {
        "2" : 0.000000,
        "4" : 0.000000,
        "10" : 0.000000,
        "20" : 0.000000,
        "50" : 0.000000,
        "100" : 0.000000,
        "250" : 0.000000,
        "500" : 0.000000,
        "750" : 0.000000,
        "1000" : 0.010000
      },
      "latency_us" : {
        "2" : 22.616971,
        "4" : 26.946129,
        "10" : 14.045816,
        "20" : 35.954207,
        "50" : 0.408314,
        "100" : 0.021840,
        "250" : 0.010000,
        "500" : 0.010000,
        "750" : 0.010000,
        "1000" : 0.010000
      },
      "latency_ms" : {
        "2" : 0.010000,
        "4" : 0.010000,
        "10" : 0.010000,
        "20" : 0.000000,
        "50" : 0.000000,
        "100" : 0.000000,
        "250" : 0.000000,
        "500" : 0.000000,
        "750" : 0.000000,
        "1000" : 0.000000,
        "2000" : 0.000000,
        ">=2000" : 0.000000
      },
      "latency_depth" : 1,
      "latency_target" : 0,
      "latency_percentile" : 100.000000,
      "latency_window" : 0
    }
  ],
  "disk_util" : [
    {
      "name" : "loop25",
      "read_ios" : 18055507,
      "write_ios" : 18054523,
      "read_merges" : 0,
      "write_merges" : 0,
      "read_ticks" : 133465,
      "write_ticks" : 501480,
      "in_queue" : 4,
      "util" : 100.000000
    }
  ]
}
