{
  "fio version" : "fio-3.32-36-g5932",
  "timestamp" : 1664572453,
  "timestamp_ms" : 1664572453506,
  "time" : "Fri Sep 30 23:14:13 2022",
  "global options" : {
    "size" : "256K",
    "rw" : "randrw",
    "bs" : "4K",
    "numjobs" : "1",
    "iodepth" : "1",
    "runtime" : "300",
    "end_fsync" : "1",
    "lat_percentiles" : "1",
    "slat_percentiles" : "1",
    "clat_percentiles" : "1"
  },
  "jobs" : [
    {
      "jobname" : "random-rw",
      "groupid" : 0,
      "error" : 0,
      "eta" : 0,
      "elapsed" : 301,
      "job options" : {
        "name" : "random-rw"
      },
      "read" : {
        "io_bytes" : 63905153024,
        "io_kbytes" : 62407376,
        "bw_bytes" : 213016466,
        "bw" : 208023,
        "iops" : 52005.973313,
        "runtime" : 300001,
        "total_ios" : 15601844,
        "short_ios" : 0,
        "drop_ios" : 0,
        "slat_ns" : {
          "min" : 0,
          "max" : 0,
          "mean" : 0.000000,
          "stddev" : 0.000000,
          "N" : 0
        },
        "clat_ns" : {
          "min" : 629,
          "max" : 11031936,
          "mean" : 12439.877318,
          "stddev" : 11171.695678,
          "N" : 15601844,
          "percentile" : {
            "1.000000" : 6560,
            "5.000000" : 9664,
            "10.000000" : 9792,
            "20.000000" : 10176,
            "30.000000" : 10560,
            "40.000000" : 10816,
            "50.000000" : 11328,
            "60.000000" : 11584,
            "70.000000" : 12224,
            "80.000000" : 14016,
            "90.000000" : 16768,
            "95.000000" : 19072,
            "99.000000" : 24448,
            "99.500000" : 28800,
            "99.900000" : 62208,
            "99.950000" : 90624,
            "99.990000" : 242688
          },
          "bins" : {
            "628" : 1,
            "644" : 6,
            "652" : 54,
            "660" : 138,
            "668" : 292,
            "676" : 438,
            "684" : 601,
            "692" : 702,
            "700" : 743,
            "708" : 724,
            "716" : 780,
            "724" : 942,
            "732" : 935,
            "740" : 1009,
            "748" : 1026,
            "756" : 955,
            "764" : 1094,
            "772" : 1095,
            "780" : 1221,
            "788" : 1203,
            "796" : 1102,
            "804" : 1078,
            "812" : 967,
            "820" : 902,
            "828" : 831,
            "836" : 722,
            "844" : 655,
            "852" : 529,
            "860" : 464,
            "868" : 396,
            "876" : 346,
            "884" : 287,
            "892" : 260,
            "900" : 193,
            "908" : 216,
            "916" : 158,
            "924" : 143,
            "932" : 132,
            "940" : 122,
            "948" : 129,
            "956" : 116,
            "964" : 90,
            "972" : 101,
            "980" : 101,
            "988" : 109,
            "996" : 83,
            "1004" : 109,
            "1012" : 95,
            "1020" : 84,
            "1032" : 181,
            "1048" : 192,
            "1064" : 197,
            "1080" : 176,
            "1096" : 174,
            "1112" : 155,
            "1128" : 164,
            "1144" : 148,
            "1160" : 133,
            "1176" : 172,
            "1192" : 147,
            "1208" : 143,
            "1224" : 157,
            "1240" : 141,
            "1256" : 152,
            "1272" : 163,
            "1288" : 140,
            "1304" : 141,
            "1320" : 118,
            "1336" : 106,
            "1352" : 112,
            "1368" : 124,
            "1384" : 114,
            "1400" : 101,
            "1416" : 76,
            "1432" : 82,
            "1448" : 67,
            "1464" : 68,
            "1480" : 55,
            "1496" : 51,
            "1512" : 48,
            "1528" : 54,
            "1544" : 53,
            "1560" : 51,
            "1576" : 47,
            "1592" : 36,
            "1608" : 40,
            "1624" : 28,
            "1640" : 31,
            "1656" : 33,
            "1672" : 39,
            "1688" : 39,
            "1704" : 23,
            "1720" : 28,
            "1736" : 27,
            "1752" : 13,
            "1768" : 17,
            "1784" : 26,
            "1800" : 21,
            "1816" : 21,
            "1832" : 21,
            "1848" : 18,
            "1864" : 15,
            "1880" : 18,
            "1896" : 17,
            "1912" : 16,
            "1928" : 19,
            "1944" : 21,
            "1960" : 13,
            "1976" : 17,
            "1992" : 13,
            "2008" : 13,
            "2024" : 13,
            "2040" : 16,
            "2064" : 25,
            "2096" : 24,
            "2128" : 18,
            "2160" : 20,
            "2192" : 17,
            "2224" : 22,
            "2256" : 13,
            "2288" : 15,
            "2320" : 10,
            "2352" : 15,
            "2384" : 9,
            "2416" : 8,
            "2448" : 13,
            "2480" : 10,
            "2512" : 6,
            "2544" : 4,
            "2576" : 9,
            "2608" : 3,
            "2640" : 5,
            "2672" : 5,
            "2704" : 5,
            "2736" : 5,
            "2768" : 6,
            "2800" : 5,
            "2832" : 5,
            "2864" : 1,
            "2896" : 1,
            "2928" : 3,
            "2960" : 5,
            "2992" : 3,
            "3024" : 1,
            "3056" : 1,
            "3088" : 1,
            "3120" : 2,
            "3152" : 3,
            "3216" : 2,
            "3248" : 1,
            "3280" : 2,
            "3376" : 1,
            "3408" : 2,
            "3440" : 1,
            "3536" : 2,
            "3568" : 2,
            "3664" : 1,
            "3728" : 3,
            "3760" : 3,
            "3792" : 2,
            "3824" : 3,
            "3856" : 2,
            "3888" : 4,
            "3920" : 4,
            "3952" : 1,
            "3984" : 1,
            "4016" : 2,
            "4048" : 1,
            "4080" : 4,
            "4128" : 10,
            "4192" : 2,
            "4256" : 6,
            "4320" : 5,
            "4384" : 6,
            "4448" : 2,
            "4512" : 5,
            "4576" : 9,
            "4640" : 1,
            "4704" : 2,
            "4768" : 2,
            "4832" : 5,
            "4896" : 2,
            "4960" : 2,
            "5024" : 4,
            "5088" : 3,
            "5152" : 2,
            "5216" : 4,
            "5280" : 3,
            "5344" : 1,
            "5408" : 2,
            "5472" : 1,
            "5664" : 2,
            "5728" : 1,
            "5920" : 2,
            "5984" : 5,
            "6048" : 17,
            "6112" : 49,
            "6176" : 222,
            "6240" : 2662,
            "6304" : 11888,
            "6368" : 24541,
            "6432" : 31841,
            "6496" : 31686,
            "6560" : 25651,
            "6624" : 17353,
            "6688" : 10436,
            "6752" : 5843,
            "6816" : 3335,
            "6880" : 2003,
            "6944" : 1387,
            "7008" : 986,
            "7072" : 668,
            "7136" : 606,
            "7200" : 903,
            "7264" : 1679,
            "7328" : 2251,
            "7392" : 2584,
            "7456" : 2271,
            "7520" : 1624,
            "7584" : 1057,
            "7648" : 763,
            "7712" : 586,
            "7776" : 516,
            "7840" : 556,
            "7904" : 600,
            "7968" : 692,
            "8032" : 738,
            "8096" : 647,
            "8160" : 557,
            "8256" : 975,
            "8384" : 765,
            "8512" : 618,
            "8640" : 475,
            "8768" : 401,
            "8896" : 341,
            "9024" : 522,
            "9152" : 5954,
            "9280" : 56916,
            "9408" : 187187,
            "9536" : 299945,
            "9664" : 491912,
            "9792" : 631427,
            "9920" : 583276,
            "10048" : 504762,
            "10176" : 335722,
            "10304" : 275411,
            "10432" : 480065,
            "10560" : 822499,
            "10688" : 994242,
            "10816" : 752528,
            "10944" : 407476,
            "11072" : 291247,
            "11200" : 418632,
            "11328" : 676056,
            "11456" : 841825,
            "11584" : 705172,
            "11712" : 385764,
            "11840" : 190743,
            "11968" : 127290,
            "12096" : 122777,
            "12224" : 140854,
            "12352" : 154919,
            "12480" : 145072,
            "12608" : 119796,
            "12736" : 103012,
            "12864" : 97386,
            "12992" : 96280,
            "13120" : 99851,
            "13248" : 104115,
            "13376" : 109826,
            "13504" : 111981,
            "13632" : 108500,
            "13760" : 101134,
            "13888" : 92974,
            "14016" : 86589,
            "14144" : 83906,
            "14272" : 82183,
            "14400" : 81555,
            "14528" : 82193,
            "14656" : 81622,
            "14784" : 81301,
            "14912" : 80934,
            "15040" : 79471,
            "15168" : 77011,
            "15296" : 73783,
            "15424" : 71055,
            "15552" : 69448,
            "15680" : 68732,
            "15808" : 67958,
            "15936" : 70147,
            "16064" : 72453,
            "16192" : 73481,
            "16320" : 71410,
            "16512" : 133432,
            "16768" : 120079,
            "17024" : 106461,
            "17280" : 96408,
            "17536" : 92498,
            "17792" : 92641,
            "18048" : 91808,
            "18304" : 83887,
            "18560" : 76900,
            "18816" : 73616,
            "19072" : 71156,
            "19328" : 65444,
            "19584" : 56136,
            "19840" : 47434,
            "20096" : 41965,
            "20352" : 37720,
            "20608" : 34314,
            "20864" : 31698,
            "21120" : 28693,
            "21376" : 26727,
            "21632" : 24354,
            "21888" : 22491,
            "22144" : 20313,
            "22400" : 18767,
            "22656" : 17447,
            "22912" : 15841,
            "23168" : 14317,
            "23424" : 13369,
            "23680" : 12261,
            "23936" : 11139,
            "24192" : 10004,
            "24448" : 9133,
            "24704" : 8404,
            "24960" : 7478,
            "25216" : 6810,
            "25472" : 6186,
            "25728" : 5475,
            "25984" : 5058,
            "26240" : 4568,
            "26496" : 4188,
            "26752" : 3864,
            "27008" : 3553,
            "27264" : 3273,
            "27520" : 3046,
            "27776" : 2734,
            "28032" : 2586,
            "28288" : 2293,
            "28544" : 2174,
            "28800" : 2027,
            "29056" : 1843,
            "29312" : 1724,
            "29568" : 1653,
            "29824" : 1449,
            "30080" : 1381,
            "30336" : 1342,
            "30592" : 1252,
            "30848" : 1202,
            "31104" : 1097,
            "31360" : 1010,
            "31616" : 998,
            "31872" : 936,
            "32128" : 917,
            "32384" : 947,
            "32640" : 854,
            "33024" : 1663,
            "33536" : 1626,
            "34048" : 1508,
            "34560" : 1395,
            "35072" : 1344,
            "35584" : 1361,
            "36096" : 1312,
            "36608" : 1305,
            "37120" : 1281,
            "37632" : 1177,
            "38144" : 1272,
            "38656" : 1319,
            "39168" : 1284,
            "39680" : 1267,
            "40192" : 1218,
            "40704" : 1133,
            "41216" : 1149,
            "41728" : 1130,
            "42240" : 978,
            "42752" : 976,
            "43264" : 946,
            "43776" : 878,
            "44288" : 821,
            "44800" : 784,
            "45312" : 673,
            "45824" : 673,
            "46336" : 628,
            "46848" : 642,
            "47360" : 568,
            "47872" : 530,
            "48384" : 528,
            "48896" : 504,
            "49408" : 470,
            "49920" : 488,
            "50432" : 452,
            "50944" : 479,
            "51456" : 460,
            "51968" : 402,
            "52480" : 423,
            "52992" : 426,
            "53504" : 405,
            "54016" : 424,
            "54528" : 379,
            "55040" : 387,
            "55552" : 357,
            "56064" : 322,
            "56576" : 305,
            "57088" : 307,
            "57600" : 306,
            "58112" : 304,
            "58624" : 230,
            "59136" : 240,
            "59648" : 258,
            "60160" : 242,
            "60672" : 234,
            "61184" : 225,
            "61696" : 193,
            "62208" : 197,
            "62720" : 198,
            "63232" : 187,
            "63744" : 199,
            "64256" : 192,
            "64768" : 189,
            "65280" : 176,
            "66048" : 334,
            "67072" : 313,
            "68096" : 325,
            "69120" : 330,
            "70144" : 312,
            "71168" : 310,
            "72192" : 338,
            "73216" : 322,
            "74240" : 313,
            "75264" : 335,
            "76288" : 290,
            "77312" : 294,
            "78336" : 312,
            "79360" : 280,
            "80384" : 258,
            "81408" : 252,
            "82432" : 230,
            "83456" : 211,
            "84480" : 182,
            "85504" : 215,
            "86528" : 207,
            "87552" : 170,
            "88576" : 173,
            "89600" : 154,
            "90624" : 149,
            "91648" : 144,
            "92672" : 125,
            "93696" : 138,
            "94720" : 127,
            "95744" : 115,
            "96768" : 102,
            "97792" : 111,
            "98816" : 114,
            "99840" : 88,
            "100864" : 90,
            "101888" : 96,
            "102912" : 109,
            "103936" : 94,
            "104960" : 103,
            "105984" : 106,
            "107008" : 105,
            "108032" : 122,
            "109056" : 121,
            "110080" : 138,
            "111104" : 108,
            "112128" : 124,
            "113152" : 112,
            "114176" : 117,
            "115200" : 104,
            "116224" : 100,
            "117248" : 117,
            "118272" : 95,
            "119296" : 86,
            "120320" : 92,
            "121344" : 90,
            "122368" : 76,
            "123392" : 79,
            "124416" : 70,
            "125440" : 70,
            "126464" : 72,
            "127488" : 47,
            "128512" : 68,
            "129536" : 64,
            "130560" : 53,
            "132096" : 92,
            "134144" : 101,
            "136192" : 106,
            "138240" : 95,
            "140288" : 94,
            "142336" : 87,
            "144384" : 99,
            "146432" : 85,
            "148480" : 70,
            "150528" : 78,
            "152576" : 60,
            "154624" : 57,
            "156672" : 44,
            "158720" : 56,
            "160768" : 49,
            "162816" : 57,
            "164864" : 44,
            "166912" : 43,
            "168960" : 43,
            "171008" : 34,
            "173056" : 32,
            "175104" : 32,
            "177152" : 30,
            "179200" : 24,
            "181248" : 27,
            "183296" : 23,
            "185344" : 17,
            "187392" : 21,
            "189440" : 24,
            "191488" : 24,
            "193536" : 29,
            "195584" : 27,
            "197632" : 29,
            "199680" : 34,
            "201728" : 19,
            "203776" : 16,
            "205824" : 24,
            "207872" : 28,
            "209920" : 30,
            "211968" : 24,
            "214016" : 30,
            "216064" : 19,
            "218112" : 29,
            "220160" : 29,
            "222208" : 25,
            "224256" : 26,
            "226304" : 25,
            "228352" : 28,
            "230400" : 17,
            "232448" : 29,
            "234496" : 20,
            "236544" : 24,
            "238592" : 17,
            "240640" : 19,
            "242688" : 18,
            "244736" : 18,
            "246784" : 15,
            "248832" : 14,
            "250880" : 9,
            "252928" : 14,
            "254976" : 15,
            "257024" : 16,
            "259072" : 9,
            "261120" : 15,
            "264192" : 19,
            "268288" : 19,
            "272384" : 23,
            "276480" : 15,
            "280576" : 16,
            "284672" : 21,
            "288768" : 21,
            "292864" : 10,
            "296960" : 25,
            "301056" : 22,
            "305152" : 14,
            "309248" : 25,
            "313344" : 24,
            "317440" : 18,
            "321536" : 25,
            "325632" : 23,
            "329728" : 21,
            "333824" : 11,
            "337920" : 20,
            "342016" : 19,
            "346112" : 12,
            "350208" : 18,
            "354304" : 18,
            "358400" : 11,
            "362496" : 8,
            "366592" : 9,
            "370688" : 11,
            "374784" : 16,
            "378880" : 14,
            "382976" : 13,
            "387072" : 15,
            "391168" : 5,
            "395264" : 11,
            "399360" : 10,
            "403456" : 5,
            "407552" : 16,
            "411648" : 10,
            "415744" : 13,
            "419840" : 6,
            "423936" : 12,
            "428032" : 15,
            "432128" : 9,
            "436224" : 13,
            "440320" : 10,
            "444416" : 7,
            "448512" : 12,
            "452608" : 14,
            "456704" : 12,
            "460800" : 16,
            "464896" : 7,
            "468992" : 9,
            "473088" : 18,
            "477184" : 17,
            "481280" : 5,
            "485376" : 10,
            "489472" : 10,
            "493568" : 8,
            "497664" : 4,
            "501760" : 7,
            "505856" : 7,
            "509952" : 9,
            "514048" : 7,
            "518144" : 7,
            "522240" : 5,
            "528384" : 12,
            "536576" : 10,
            "544768" : 16,
            "552960" : 9,
            "561152" : 9,
            "569344" : 20,
            "577536" : 6,
            "585728" : 19,
            "593920" : 15,
            "602112" : 16,
            "610304" : 12,
            "618496" : 14,
            "626688" : 15,
            "634880" : 4,
            "643072" : 7,
            "651264" : 10,
            "659456" : 15,
            "667648" : 8,
            "675840" : 12,
            "684032" : 12,
            "692224" : 7,
            "700416" : 3,
            "708608" : 9,
            "716800" : 8,
            "724992" : 7,
            "733184" : 7,
            "741376" : 11,
            "749568" : 13,
            "757760" : 7,
            "765952" : 7,
            "774144" : 4,
            "782336" : 5,
            "790528" : 4,
            "798720" : 5,
            "806912" : 3,
            "815104" : 5,
            "823296" : 5,
            "831488" : 6,
            "839680" : 6,
            "847872" : 1,
            "856064" : 1,
            "864256" : 3,
            "872448" : 4,
            "880640" : 4,
            "888832" : 6,
            "905216" : 2,
            "913408" : 2,
            "921600" : 3,
            "929792" : 2,
            "937984" : 1,
            "946176" : 2,
            "954368" : 2,
            "962560" : 5,
            "970752" : 3,
            "978944" : 3,
            "987136" : 2,
            "995328" : 3,
            "1003520" : 5,
            "1011712" : 4,
            "1019904" : 2,
            "1028096" : 2,
            "1036288" : 4,
            "1044480" : 2,
            "1056768" : 6,
            "1073152" : 5,
            "1089536" : 1,
            "1105920" : 2,
            "1122304" : 2,
            "1138688" : 2,
            "1155072" : 2,
            "1171456" : 1,
            "1187840" : 1,
            "1204224" : 2,
            "1236992" : 2,
            "1253376" : 2,
            "1269760" : 1,
            "1302528" : 2,
            "1318912" : 1,
            "1335296" : 1,
            "1351680" : 1,
            "1368064" : 1,
            "1384448" : 1,
            "1400832" : 1,
            "1417216" : 2,
            "1433600" : 1,
            "1449984" : 1,
            "1499136" : 1,
            "1531904" : 1,
            "1581056" : 1,
            "1630208" : 3,
            "1646592" : 1,
            "1662976" : 1,
            "1679360" : 1,
            "1695744" : 1,
            "1712128" : 1,
            "1761280" : 2,
            "1794048" : 2,
            "1810432" : 1,
            "1892352" : 2,
            "1908736" : 3,
            "1957888" : 1,
            "2072576" : 2,
            "2113536" : 3,
            "2211840" : 2,
            "2277376" : 3,
            "2375680" : 2,
            "2408448" : 1,
            "2441216" : 1,
            "2473984" : 4,
            "2506752" : 1,
            "2572288" : 2,
            "2637824" : 1,
            "2670592" : 1,
            "2801664" : 1,
            "2834432" : 1,
            "2867200" : 4,
            "2899968" : 3,
            "2932736" : 2,
            "2998272" : 1,
            "3031040" : 1,
            "3063808" : 3,
            "3129344" : 2,
            "3194880" : 4,
            "3325952" : 2,
            "3489792" : 1,
            "3588096" : 3,
            "3686400" : 2,
            "3719168" : 1,
            "3948544" : 1,
            "4014080" : 1,
            "4046848" : 1,
            "4079616" : 2,
            "4112384" : 1,
            "4145152" : 1,
            "4227072" : 1,
            "4358144" : 1,
            "4489216" : 2,
            "4620288" : 1,
            "5210112" : 1,
            "5734400" : 2,
            "5996544" : 1,
            "7700480" : 1,
            "8093696" : 1,
            "8159232" : 1,
            "8847360" : 1,
            "11075584" : 1
          }
        },
        "lat_ns" : {
          "min" : 662,
          "max" : 11031969,
          "mean" : 12492.109493,
          "stddev" : 11182.630299,
          "N" : 15601844,
          "percentile" : {
            "1.000000" : 6624,
            "5.000000" : 9664,
            "10.000000" : 9792,
            "20.000000" : 10176,
            "30.000000" : 10688,
            "40.000000" : 10816,
            "50.000000" : 11328,
            "60.000000" : 11584,
            "70.000000" : 12352,
            "80.000000" : 14144,
            "90.000000" : 16768,
            "95.000000" : 19072,
            "99.000000" : 24448,
            "99.500000" : 28800,
            "99.900000" : 62208,
            "99.950000" : 90624,
            "99.990000" : 244736
          },
          "bins" : {
            "660" : 1,
            "676" : 2,
            "684" : 35,
            "692" : 78,
            "700" : 199,
            "708" : 353,
            "716" : 550,
            "724" : 718,
            "732" : 770,
            "740" : 774,
            "748" : 785,
            "756" : 854,
            "764" : 941,
            "772" : 986,
            "780" : 950,
            "788" : 909,
            "796" : 921,
            "804" : 972,
            "812" : 1006,
            "820" : 1053,
            "828" : 1088,
            "836" : 1050,
            "844" : 1059,
            "852" : 946,
            "860" : 853,
            "868" : 806,
            "876" : 730,
            "884" : 653,
            "892" : 542,
            "900" : 493,
            "908" : 412,
            "916" : 332,
            "924" : 311,
            "932" : 267,
            "940" : 219,
            "948" : 201,
            "956" : 162,
            "964" : 162,
            "972" : 118,
            "980" : 122,
            "988" : 133,
            "996" : 106,
            "1004" : 99,
            "1012" : 86,
            "1020" : 85,
            "1032" : 177,
            "1048" : 163,
            "1064" : 183,
            "1080" : 179,
            "1096" : 151,
            "1112" : 160,
            "1128" : 160,
            "1144" : 166,
            "1160" : 143,
            "1176" : 153,
            "1192" : 142,
            "1208" : 129,
            "1224" : 135,
            "1240" : 129,
            "1256" : 154,
            "1272" : 137,
            "1288" : 142,
            "1304" : 104,
            "1320" : 138,
            "1336" : 135,
            "1352" : 123,
            "1368" : 136,
            "1384" : 114,
            "1400" : 144,
            "1416" : 102,
            "1432" : 102,
            "1448" : 120,
            "1464" : 109,
            "1480" : 94,
            "1496" : 87,
            "1512" : 82,
            "1528" : 57,
            "1544" : 71,
            "1560" : 50,
            "1576" : 62,
            "1592" : 52,
            "1608" : 54,
            "1624" : 42,
            "1640" : 45,
            "1656" : 43,
            "1672" : 45,
            "1688" : 35,
            "1704" : 38,
            "1720" : 39,
            "1736" : 37,
            "1752" : 32,
            "1768" : 31,
            "1784" : 28,
            "1800" : 33,
            "1816" : 34,
            "1832" : 23,
            "1848" : 25,
            "1864" : 32,
            "1880" : 20,
            "1896" : 21,
            "1912" : 21,
            "1928" : 23,
            "1944" : 12,
            "1960" : 9,
            "1976" : 20,
            "1992" : 15,
            "2008" : 17,
            "2024" : 17,
            "2040" : 21,
            "2064" : 36,
            "2096" : 44,
            "2128" : 22,
            "2160" : 23,
            "2192" : 20,
            "2224" : 25,
            "2256" : 23,
            "2288" : 24,
            "2320" : 17,
            "2352" : 15,
            "2384" : 15,
            "2416" : 13,
            "2448" : 8,
            "2480" : 10,
            "2512" : 10,
            "2544" : 13,
            "2576" : 13,
            "2608" : 10,
            "2640" : 5,
            "2672" : 4,
            "2704" : 5,
            "2736" : 6,
            "2768" : 5,
            "2800" : 4,
            "2832" : 9,
            "2864" : 4,
            "2896" : 5,
            "2928" : 2,
            "2960" : 2,
            "2992" : 6,
            "3024" : 5,
            "3056" : 3,
            "3088" : 2,
            "3120" : 4,
            "3152" : 3,
            "3184" : 3,
            "3216" : 5,
            "3280" : 1,
            "3312" : 2,
            "3344" : 3,
            "3376" : 2,
            "3408" : 1,
            "3472" : 1,
            "3504" : 1,
            "3568" : 1,
            "3600" : 1,
            "3696" : 1,
            "3728" : 1,
            "3760" : 2,
            "3792" : 3,
            "3824" : 3,
            "3888" : 1,
            "3920" : 2,
            "3952" : 5,
            "4016" : 1,
            "4048" : 2,
            "4080" : 2,
            "4128" : 4,
            "4192" : 8,
            "4256" : 5,
            "4320" : 6,
            "4384" : 6,
            "4448" : 5,
            "4512" : 3,
            "4576" : 5,
            "4640" : 5,
            "4704" : 7,
            "4832" : 4,
            "4896" : 2,
            "4960" : 6,
            "5088" : 5,
            "5152" : 4,
            "5216" : 4,
            "5280" : 3,
            "5344" : 2,
            "5408" : 3,
            "5472" : 2,
            "5536" : 2,
            "5600" : 1,
            "5728" : 2,
            "5792" : 2,
            "5856" : 1,
            "5984" : 3,
            "6048" : 8,
            "6112" : 22,
            "6176" : 69,
            "6240" : 518,
            "6304" : 4579,
            "6368" : 16286,
            "6432" : 28534,
            "6496" : 34422,
            "6560" : 30767,
            "6624" : 22143,
            "6688" : 13991,
            "6752" : 8004,
            "6816" : 4549,
            "6880" : 2637,
            "6944" : 1664,
            "7008" : 1178,
            "7072" : 848,
            "7136" : 595,
            "7200" : 629,
            "7264" : 1091,
            "7328" : 1913,
            "7392" : 2565,
            "7456" : 2597,
            "7520" : 2053,
            "7584" : 1352,
            "7648" : 850,
            "7712" : 649,
            "7776" : 537,
            "7840" : 483,
            "7904" : 564,
            "7968" : 636,
            "8032" : 673,
            "8096" : 687,
            "8160" : 579,
            "8256" : 914,
            "8384" : 852,
            "8512" : 713,
            "8640" : 606,
            "8768" : 465,
            "8896" : 370,
            "9024" : 407,
            "9152" : 2499,
            "9280" : 29909,
            "9408" : 137965,
            "9536" : 265817,
            "9664" : 420642,
            "9792" : 614759,
            "9920" : 609933,
            "10048" : 543368,
            "10176" : 386810,
            "10304" : 259973,
            "10432" : 386529,
            "10560" : 718023,
            "10688" : 987788,
            "10816" : 867257,
            "10944" : 495339,
            "11072" : 291695,
            "11200" : 353817,
            "11328" : 593284,
            "11456" : 818769,
            "11584" : 789213,
            "11712" : 479155,
            "11840" : 232833,
            "11968" : 137714,
            "12096" : 120438,
            "12224" : 133757,
            "12352" : 152279,
            "12480" : 151384,
            "12608" : 127286,
            "12736" : 106677,
            "12864" : 97499,
            "12992" : 94842,
            "13120" : 97496,
            "13248" : 101705,
            "13376" : 106885,
            "13504" : 111605,
            "13632" : 109928,
            "13760" : 103813,
            "13888" : 96038,
            "14016" : 88077,
            "14144" : 83894,
            "14272" : 82216,
            "14400" : 80705,
            "14528" : 80395,
            "14656" : 80269,
            "14784" : 79668,
            "14912" : 80042,
            "15040" : 79343,
            "15168" : 77518,
            "15296" : 74779,
            "15424" : 71969,
            "15552" : 69346,
            "15680" : 68282,
            "15808" : 67413,
            "15936" : 67721,
            "16064" : 70188,
            "16192" : 72388,
            "16320" : 72623,
            "16512" : 137393,
            "16768" : 124437,
            "17024" : 110836,
            "17280" : 98870,
            "17536" : 92617,
            "17792" : 91867,
            "18048" : 92922,
            "18304" : 87371,
            "18560" : 78821,
            "18816" : 73706,
            "19072" : 71938,
            "19328" : 67975,
            "19584" : 59560,
            "19840" : 50310,
            "20096" : 43430,
            "20352" : 38945,
            "20608" : 35460,
            "20864" : 32573,
            "21120" : 29599,
            "21376" : 27493,
            "21632" : 25271,
            "21888" : 23148,
            "22144" : 20808,
            "22400" : 19670,
            "22656" : 17778,
            "22912" : 16292,
            "23168" : 15037,
            "23424" : 13807,
            "23680" : 12707,
            "23936" : 11684,
            "24192" : 10493,
            "24448" : 9482,
            "24704" : 8774,
            "24960" : 7898,
            "25216" : 7114,
            "25472" : 6589,
            "25728" : 5810,
            "25984" : 5201,
            "26240" : 4847,
            "26496" : 4367,
            "26752" : 3991,
            "27008" : 3755,
            "27264" : 3384,
            "27520" : 3162,
            "27776" : 2870,
            "28032" : 2706,
            "28288" : 2439,
            "28544" : 2253,
            "28800" : 2077,
            "29056" : 1890,
            "29312" : 1813,
            "29568" : 1719,
            "29824" : 1492,
            "30080" : 1425,
            "30336" : 1378,
            "30592" : 1311,
            "30848" : 1253,
            "31104" : 1141,
            "31360" : 1024,
            "31616" : 1027,
            "31872" : 957,
            "32128" : 935,
            "32384" : 935,
            "32640" : 913,
            "33024" : 1678,
            "33536" : 1634,
            "34048" : 1563,
            "34560" : 1418,
            "35072" : 1362,
            "35584" : 1352,
            "36096" : 1355,
            "36608" : 1289,
            "37120" : 1328,
            "37632" : 1185,
            "38144" : 1254,
            "38656" : 1334,
            "39168" : 1310,
            "39680" : 1266,
            "40192" : 1221,
            "40704" : 1147,
            "41216" : 1117,
            "41728" : 1148,
            "42240" : 1025,
            "42752" : 986,
            "43264" : 929,
            "43776" : 924,
            "44288" : 818,
            "44800" : 799,
            "45312" : 686,
            "45824" : 672,
            "46336" : 636,
            "46848" : 643,
            "47360" : 558,
            "47872" : 539,
            "48384" : 541,
            "48896" : 522,
            "49408" : 474,
            "49920" : 460,
            "50432" : 485,
            "50944" : 476,
            "51456" : 453,
            "51968" : 429,
            "52480" : 410,
            "52992" : 431,
            "53504" : 402,
            "54016" : 438,
            "54528" : 380,
            "55040" : 390,
            "55552" : 370,
            "56064" : 324,
            "56576" : 307,
            "57088" : 304,
            "57600" : 324,
            "58112" : 304,
            "58624" : 239,
            "59136" : 230,
            "59648" : 261,
            "60160" : 259,
            "60672" : 227,
            "61184" : 230,
            "61696" : 208,
            "62208" : 189,
            "62720" : 195,
            "63232" : 184,
            "63744" : 211,
            "64256" : 190,
            "64768" : 187,
            "65280" : 179,
            "66048" : 349,
            "67072" : 308,
            "68096" : 320,
            "69120" : 337,
            "70144" : 316,
            "71168" : 312,
            "72192" : 337,
            "73216" : 315,
            "74240" : 330,
            "75264" : 327,
            "76288" : 297,
            "77312" : 288,
            "78336" : 313,
            "79360" : 285,
            "80384" : 263,
            "81408" : 241,
            "82432" : 235,
            "83456" : 218,
            "84480" : 182,
            "85504" : 221,
            "86528" : 204,
            "87552" : 174,
            "88576" : 171,
            "89600" : 159,
            "90624" : 146,
            "91648" : 146,
            "92672" : 127,
            "93696" : 137,
            "94720" : 124,
            "95744" : 118,
            "96768" : 101,
            "97792" : 119,
            "98816" : 109,
            "99840" : 89,
            "100864" : 92,
            "101888" : 96,
            "102912" : 104,
            "103936" : 99,
            "104960" : 108,
            "105984" : 103,
            "107008" : 113,
            "108032" : 111,
            "109056" : 131,
            "110080" : 135,
            "111104" : 109,
            "112128" : 124,
            "113152" : 111,
            "114176" : 117,
            "115200" : 110,
            "116224" : 103,
            "117248" : 111,
            "118272" : 99,
            "119296" : 89,
            "120320" : 90,
            "121344" : 89,
            "122368" : 79,
            "123392" : 75,
            "124416" : 69,
            "125440" : 75,
            "126464" : 70,
            "127488" : 50,
            "128512" : 65,
            "129536" : 68,
            "130560" : 52,
            "132096" : 92,
            "134144" : 104,
            "136192" : 99,
            "138240" : 103,
            "140288" : 94,
            "142336" : 86,
            "144384" : 102,
            "146432" : 83,
            "148480" : 71,
            "150528" : 77,
            "152576" : 62,
            "154624" : 54,
            "156672" : 48,
            "158720" : 53,
            "160768" : 52,
            "162816" : 55,
            "164864" : 46,
            "166912" : 41,
            "168960" : 44,
            "171008" : 35,
            "173056" : 31,
            "175104" : 32,
            "177152" : 31,
            "179200" : 23,
            "181248" : 27,
            "183296" : 23,
            "185344" : 18,
            "187392" : 22,
            "189440" : 24,
            "191488" : 23,
            "193536" : 29,
            "195584" : 26,
            "197632" : 30,
            "199680" : 34,
            "201728" : 20,
            "203776" : 17,
            "205824" : 23,
            "207872" : 27,
            "209920" : 31,
            "211968" : 25,
            "214016" : 29,
            "216064" : 19,
            "218112" : 29,
            "220160" : 30,
            "222208" : 25,
            "224256" : 25,
            "226304" : 26,
            "228352" : 28,
            "230400" : 17,
            "232448" : 30,
            "234496" : 20,
            "236544" : 24,
            "238592" : 16,
            "240640" : 20,
            "242688" : 16,
            "244736" : 19,
            "246784" : 15,
            "248832" : 15,
            "250880" : 9,
            "252928" : 15,
            "254976" : 13,
            "257024" : 19,
            "259072" : 9,
            "261120" : 14,
            "264192" : 21,
            "268288" : 19,
            "272384" : 23,
            "276480" : 15,
            "280576" : 16,
            "284672" : 21,
            "288768" : 20,
            "292864" : 10,
            "296960" : 26,
            "301056" : 22,
            "305152" : 14,
            "309248" : 25,
            "313344" : 24,
            "317440" : 18,
            "321536" : 24,
            "325632" : 24,
            "329728" : 20,
            "333824" : 12,
            "337920" : 20,
            "342016" : 18,
            "346112" : 11,
            "350208" : 19,
            "354304" : 18,
            "358400" : 10,
            "362496" : 10,
            "366592" : 9,
            "370688" : 11,
            "374784" : 16,
            "378880" : 15,
            "382976" : 13,
            "387072" : 14,
            "391168" : 6,
            "395264" : 11,
            "399360" : 10,
            "403456" : 5,
            "407552" : 16,
            "411648" : 10,
            "415744" : 13,
            "419840" : 5,
            "423936" : 13,
            "428032" : 14,
            "432128" : 10,
            "436224" : 13,
            "440320" : 10,
            "444416" : 7,
            "448512" : 12,
            "452608" : 14,
            "456704" : 12,
            "460800" : 16,
            "464896" : 7,
            "468992" : 9,
            "473088" : 17,
            "477184" : 18,
            "481280" : 4,
            "485376" : 11,
            "489472" : 10,
            "493568" : 8,
            "497664" : 4,
            "501760" : 7,
            "505856" : 7,
            "509952" : 9,
            "514048" : 7,
            "518144" : 6,
            "522240" : 5,
            "528384" : 12,
            "536576" : 10,
            "544768" : 16,
            "552960" : 9,
            "561152" : 9,
            "569344" : 20,
            "577536" : 6,
            "585728" : 18,
            "593920" : 17,
            "602112" : 16,
            "610304" : 12,
            "618496" : 14,
            "626688" : 15,
            "634880" : 4,
            "643072" : 7,
            "651264" : 10,
            "659456" : 15,
            "667648" : 8,
            "675840" : 12,
            "684032" : 12,
            "692224" : 7,
            "700416" : 3,
            "708608" : 9,
            "716800" : 8,
            "724992" : 7,
            "733184" : 7,
            "741376" : 11,
            "749568" : 12,
            "757760" : 8,
            "765952" : 7,
            "774144" : 4,
            "782336" : 5,
            "790528" : 4,
            "798720" : 5,
            "806912" : 3,
            "815104" : 4,
            "823296" : 6,
            "831488" : 6,
            "839680" : 6,
            "847872" : 1,
            "856064" : 1,
            "864256" : 3,
            "872448" : 4,
            "880640" : 4,
            "888832" : 6,
            "905216" : 2,
            "913408" : 2,
            "921600" : 4,
            "929792" : 2,
            "937984" : 1,
            "946176" : 2,
            "954368" : 2,
            "962560" : 5,
            "970752" : 3,
            "978944" : 3,
            "987136" : 2,
            "995328" : 3,
            "1003520" : 5,
            "1011712" : 4,
            "1019904" : 2,
            "1028096" : 2,
            "1036288" : 4,
            "1044480" : 2,
            "1056768" : 6,
            "1073152" : 5,
            "1089536" : 1,
            "1105920" : 2,
            "1122304" : 2,
            "1138688" : 2,
            "1155072" : 2,
            "1171456" : 1,
            "1187840" : 1,
            "1204224" : 2,
            "1236992" : 2,
            "1253376" : 2,
            "1269760" : 1,
            "1302528" : 2,
            "1318912" : 1,
            "1335296" : 1,
            "1351680" : 1,
            "1368064" : 1,
            "1384448" : 1,
            "1400832" : 1,
            "1417216" : 2,
            "1433600" : 1,
            "1449984" : 1,
            "1499136" : 1,
            "1531904" : 1,
            "1581056" : 1,
            "1630208" : 3,
            "1646592" : 1,
            "1662976" : 1,
            "1679360" : 1,
            "1695744" : 1,
            "1712128" : 1,
            "1761280" : 2,
            "1794048" : 2,
            "1810432" : 1,
            "1892352" : 2,
            "1908736" : 3,
            "1957888" : 1,
            "2072576" : 2,
            "2113536" : 3,
            "2211840" : 2,
            "2277376" : 3,
            "2375680" : 2,
            "2408448" : 1,
            "2441216" : 1,
            "2473984" : 4,
            "2506752" : 1,
            "2572288" : 2,
            "2637824" : 1,
            "2670592" : 1,
            "2801664" : 1,
            "2834432" : 1,
            "2867200" : 4,
            "2899968" : 3,
            "2932736" : 2,
            "2998272" : 1,
            "3031040" : 1,
            "3063808" : 3,
            "3129344" : 2,
            "3194880" : 4,
            "3325952" : 2,
            "3489792" : 1,
            "3588096" : 3,
            "3686400" : 2,
            "3719168" : 1,
            "3948544" : 1,
            "4014080" : 1,
            "4046848" : 1,
            "4079616" : 2,
            "4112384" : 1,
            "4145152" : 1,
            "4227072" : 1,
            "4358144" : 1,
            "4489216" : 2,
            "4620288" : 1,
            "5210112" : 1,
            "5734400" : 2,
            "5996544" : 1,
            "7700480" : 1,
            "8093696" : 1,
            "8159232" : 1,
            "8847360" : 1,
            "11075584" : 1
          }
        },
        "bw_min" : 116632,
        "bw_max" : 301416,
        "bw_agg" : 100.000000,
        "bw_mean" : 208081.282137,
        "bw_dev" : 12401.500568,
        "bw_samples" : 599,
        "iops_min" : 29158,
        "iops_max" : 75354,
        "iops_mean" : 52020.282137,
        "iops_stddev" : 3100.373798,
        "iops_samples" : 599
      },
      "write" : {
        "io_bytes" : 63881551872,
        "io_kbytes" : 62384328,
        "bw_bytes" : 212937796,
        "bw" : 207947,
        "iops" : 51986.766711,
        "runtime" : 300001,
        "total_ios" : 15596082,
        "short_ios" : 0,
        "drop_ios" : 0,
        "slat_ns" : {
          "min" : 0,
          "max" : 0,
          "mean" : 0.000000,
          "stddev" : 0.000000,
          "N" : 0
        },
        "clat_ns" : {
          "min" : 1174,
          "max" : 8533053,
          "mean" : 3076.556885,
          "stddev" : 4974.219112,
          "N" : 15596082,
          "percentile" : {
            "1.000000" : 2128,
            "5.000000" : 2192,
            "10.000000" : 2192,
            "20.000000" : 2224,
            "30.000000" : 2288,
            "40.000000" : 2832,
            "50.000000" : 2928,
            "60.000000" : 2960,
            "70.000000" : 3056,
            "80.000000" : 3472,
            "90.000000" : 4256,
            "95.000000" : 5216,
            "99.000000" : 6816,
            "99.500000" : 7712,
            "99.900000" : 18048,
            "99.950000" : 30848,
            "99.990000" : 70144
          },
          "bins" : {
            "1176" : 7,
            "1192" : 20,
            "1208" : 66,
            "1224" : 67,
            "1240" : 107,
            "1256" : 246,
            "1272" : 551,
            "1288" : 933,
            "1304" : 1143,
            "1320" : 1315,
            "1336" : 1240,
            "1352" : 1019,
            "1368" : 794,
            "1384" : 540,
            "1400" : 389,
            "1416" : 290,
            "1432" : 238,
            "1448" : 153,
            "1464" : 130,
            "1480" : 113,
            "1496" : 119,
            "1512" : 85,
            "1528" : 97,
            "1544" : 66,
            "1560" : 46,
            "1576" : 60,
            "1592" : 40,
            "1608" : 31,
            "1624" : 39,
            "1640" : 63,
            "1656" : 73,
            "1672" : 144,
            "1688" : 163,
            "1704" : 240,
            "1720" : 267,
            "1736" : 323,
            "1752" : 348,
            "1768" : 371,
            "1784" : 377,
            "1800" : 363,
            "1816" : 306,
            "1832" : 284,
            "1848" : 343,
            "1864" : 444,
            "1880" : 563,
            "1896" : 657,
            "1912" : 619,
            "1928" : 647,
            "1944" : 625,
            "1960" : 604,
            "1976" : 679,
            "1992" : 754,
            "2008" : 994,
            "2024" : 1637,
            "2040" : 3872,
            "2064" : 30851,
            "2096" : 62695,
            "2128" : 102017,
            "2160" : 504510,
            "2192" : 1342855,
            "2224" : 1511818,
            "2256" : 1092361,
            "2288" : 646491,
            "2320" : 323374,
            "2352" : 156325,
            "2384" : 76165,
            "2416" : 42914,
            "2448" : 27995,
            "2480" : 19994,
            "2512" : 16796,
            "2544" : 17324,
            "2576" : 21616,
            "2608" : 23741,
            "2640" : 21099,
            "2672" : 17241,
            "2704" : 14990,
            "2736" : 18730,
            "2768" : 32206,
            "2800" : 71609,
            "2832" : 184740,
            "2864" : 419383,
            "2896" : 723318,
            "2928" : 917148,
            "2960" : 925452,
            "2992" : 772221,
            "3024" : 562078,
            "3056" : 392607,
            "3088" : 269450,
            "3120" : 192813,
            "3152" : 140070,
            "3184" : 105820,
            "3216" : 87831,
            "3248" : 78729,
            "3280" : 76428,
            "3312" : 75352,
            "3344" : 74123,
            "3376" : 74889,
            "3408" : 76833,
            "3440" : 79907,
            "3472" : 81106,
            "3504" : 81788,
            "3536" : 83455,
            "3568" : 83364,
            "3600" : 82012,
            "3632" : 79507,
            "3664" : 76837,
            "3696" : 77964,
            "3728" : 84257,
            "3760" : 95756,
            "3792" : 106060,
            "3824" : 105333,
            "3856" : 95205,
            "3888" : 78250,
            "3920" : 62466,
            "3952" : 50963,
            "3984" : 42890,
            "4016" : 37430,
            "4048" : 33458,
            "4080" : 30226,
            "4128" : 53364,
            "4192" : 46921,
            "4256" : 42997,
            "4320" : 41876,
            "4384" : 41649,
            "4448" : 43592,
            "4512" : 47237,
            "4576" : 50037,
            "4640" : 53380,
            "4704" : 52781,
            "4768" : 51309,
            "4832" : 51746,
            "4896" : 52374,
            "4960" : 56002,
            "5024" : 59029,
            "5088" : 60244,
            "5152" : 57799,
            "5216" : 52243,
            "5280" : 48267,
            "5344" : 44156,
            "5408" : 41185,
            "5472" : 39129,
            "5536" : 36700,
            "5600" : 34775,
            "5664" : 32375,
            "5728" : 30128,
            "5792" : 28241,
            "5856" : 26211,
            "5920" : 24984,
            "5984" : 23147,
            "6048" : 22237,
            "6112" : 21020,
            "6176" : 19468,
            "6240" : 17906,
            "6304" : 16810,
            "6368" : 15834,
            "6432" : 14985,
            "6496" : 14017,
            "6560" : 13053,
            "6624" : 11938,
            "6688" : 11402,
            "6752" : 10583,
            "6816" : 9970,
            "6880" : 9161,
            "6944" : 8360,
            "7008" : 7853,
            "7072" : 7193,
            "7136" : 6711,
            "7200" : 6091,
            "7264" : 5450,
            "7328" : 5158,
            "7392" : 4445,
            "7456" : 4303,
            "7520" : 3901,
            "7584" : 3664,
            "7648" : 3328,
            "7712" : 3042,
            "7776" : 2784,
            "7840" : 2661,
            "7904" : 2354,
            "7968" : 2361,
            "8032" : 2149,
            "8096" : 1980,
            "8160" : 1901,
            "8256" : 3468,
            "8384" : 3048,
            "8512" : 2562,
            "8640" : 2278,
            "8768" : 1878,
            "8896" : 1612,
            "9024" : 1403,
            "9152" : 1122,
            "9280" : 958,
            "9408" : 796,
            "9536" : 721,
            "9664" : 577,
            "9792" : 540,
            "9920" : 474,
            "10048" : 457,
            "10176" : 415,
            "10304" : 400,
            "10432" : 452,
            "10560" : 367,
            "10688" : 409,
            "10816" : 394,
            "10944" : 407,
            "11072" : 382,
            "11200" : 417,
            "11328" : 405,
            "11456" : 479,
            "11584" : 453,
            "11712" : 443,
            "11840" : 509,
            "11968" : 428,
            "12096" : 477,
            "12224" : 472,
            "12352" : 503,
            "12480" : 467,
            "12608" : 494,
            "12736" : 498,
            "12864" : 504,
            "12992" : 445,
            "13120" : 454,
            "13248" : 480,
            "13376" : 437,
            "13504" : 444,
            "13632" : 433,
            "13760" : 428,
            "13888" : 408,
            "14016" : 391,
            "14144" : 386,
            "14272" : 370,
            "14400" : 375,
            "14528" : 416,
            "14656" : 356,
            "14784" : 359,
            "14912" : 309,
            "15040" : 325,
            "15168" : 341,
            "15296" : 311,
            "15424" : 281,
            "15552" : 305,
            "15680" : 257,
            "15808" : 270,
            "15936" : 244,
            "16064" : 271,
            "16192" : 229,
            "16320" : 247,
            "16512" : 438,
            "16768" : 419,
            "17024" : 395,
            "17280" : 343,
            "17536" : 340,
            "17792" : 352,
            "18048" : 353,
            "18304" : 333,
            "18560" : 275,
            "18816" : 286,
            "19072" : 302,
            "19328" : 258,
            "19584" : 245,
            "19840" : 220,
            "20096" : 234,
            "20352" : 218,
            "20608" : 189,
            "20864" : 186,
            "21120" : 159,
            "21376" : 171,
            "21632" : 168,
            "21888" : 175,
            "22144" : 142,
            "22400" : 176,
            "22656" : 164,
            "22912" : 137,
            "23168" : 155,
            "23424" : 123,
            "23680" : 120,
            "23936" : 129,
            "24192" : 113,
            "24448" : 110,
            "24704" : 121,
            "24960" : 131,
            "25216" : 110,
            "25472" : 116,
            "25728" : 106,
            "25984" : 118,
            "26240" : 125,
            "26496" : 142,
            "26752" : 114,
            "27008" : 126,
            "27264" : 123,
            "27520" : 116,
            "27776" : 128,
            "28032" : 113,
            "28288" : 108,
            "28544" : 92,
            "28800" : 94,
            "29056" : 80,
            "29312" : 86,
            "29568" : 113,
            "29824" : 94,
            "30080" : 106,
            "30336" : 127,
            "30592" : 96,
            "30848" : 125,
            "31104" : 103,
            "31360" : 112,
            "31616" : 105,
            "31872" : 122,
            "32128" : 108,
            "32384" : 105,
            "32640" : 97,
            "33024" : 230,
            "33536" : 214,
            "34048" : 189,
            "34560" : 197,
            "35072" : 184,
            "35584" : 210,
            "36096" : 163,
            "36608" : 184,
            "37120" : 127,
            "37632" : 151,
            "38144" : 122,
            "38656" : 154,
            "39168" : 119,
            "39680" : 121,
            "40192" : 105,
            "40704" : 100,
            "41216" : 101,
            "41728" : 84,
            "42240" : 87,
            "42752" : 95,
            "43264" : 89,
            "43776" : 99,
            "44288" : 90,
            "44800" : 110,
            "45312" : 83,
            "45824" : 72,
            "46336" : 84,
            "46848" : 74,
            "47360" : 73,
            "47872" : 71,
            "48384" : 71,
            "48896" : 69,
            "49408" : 53,
            "49920" : 63,
            "50432" : 47,
            "50944" : 45,
            "51456" : 38,
            "51968" : 38,
            "52480" : 40,
            "52992" : 46,
            "53504" : 41,
            "54016" : 48,
            "54528" : 28,
            "55040" : 38,
            "55552" : 32,
            "56064" : 39,
            "56576" : 36,
            "57088" : 31,
            "57600" : 34,
            "58112" : 36,
            "58624" : 37,
            "59136" : 27,
            "59648" : 33,
            "60160" : 24,
            "60672" : 34,
            "61184" : 36,
            "61696" : 39,
            "62208" : 29,
            "62720" : 20,
            "63232" : 32,
            "63744" : 30,
            "64256" : 30,
            "64768" : 32,
            "65280" : 31,
            "66048" : 57,
            "67072" : 72,
            "68096" : 68,
            "69120" : 70,
            "70144" : 54,
            "71168" : 59,
            "72192" : 61,
            "73216" : 45,
            "74240" : 38,
            "75264" : 32,
            "76288" : 28,
            "77312" : 30,
            "78336" : 35,
            "79360" : 31,
            "80384" : 23,
            "81408" : 30,
            "82432" : 29,
            "83456" : 26,
            "84480" : 20,
            "85504" : 23,
            "86528" : 15,
            "87552" : 23,
            "88576" : 28,
            "89600" : 14,
            "90624" : 21,
            "91648" : 10,
            "92672" : 16,
            "93696" : 12,
            "94720" : 15,
            "95744" : 15,
            "96768" : 18,
            "97792" : 15,
            "98816" : 16,
            "99840" : 18,
            "100864" : 22,
            "101888" : 20,
            "102912" : 14,
            "103936" : 14,
            "104960" : 15,
            "105984" : 17,
            "107008" : 17,
            "108032" : 19,
            "109056" : 18,
            "110080" : 16,
            "111104" : 20,
            "112128" : 23,
            "113152" : 13,
            "114176" : 11,
            "115200" : 9,
            "116224" : 13,
            "117248" : 13,
            "118272" : 12,
            "119296" : 13,
            "120320" : 11,
            "121344" : 15,
            "122368" : 11,
            "123392" : 8,
            "124416" : 6,
            "125440" : 9,
            "126464" : 10,
            "127488" : 5,
            "128512" : 4,
            "129536" : 9,
            "130560" : 4,
            "132096" : 12,
            "134144" : 9,
            "136192" : 9,
            "138240" : 9,
            "140288" : 10,
            "142336" : 8,
            "144384" : 5,
            "146432" : 5,
            "148480" : 12,
            "150528" : 4,
            "152576" : 6,
            "154624" : 2,
            "158720" : 4,
            "160768" : 7,
            "162816" : 7,
            "164864" : 3,
            "166912" : 9,
            "168960" : 6,
            "171008" : 4,
            "173056" : 2,
            "175104" : 2,
            "177152" : 3,
            "179200" : 2,
            "181248" : 7,
            "183296" : 2,
            "185344" : 2,
            "187392" : 3,
            "189440" : 1,
            "191488" : 3,
            "193536" : 8,
            "195584" : 4,
            "197632" : 5,
            "199680" : 4,
            "201728" : 7,
            "203776" : 4,
            "205824" : 4,
            "207872" : 4,
            "209920" : 5,
            "211968" : 4,
            "214016" : 4,
            "216064" : 1,
            "218112" : 6,
            "220160" : 2,
            "222208" : 3,
            "224256" : 4,
            "226304" : 1,
            "230400" : 5,
            "232448" : 4,
            "234496" : 1,
            "236544" : 1,
            "238592" : 2,
            "240640" : 1,
            "242688" : 1,
            "246784" : 3,
            "250880" : 1,
            "252928" : 2,
            "254976" : 2,
            "259072" : 1,
            "261120" : 2,
            "264192" : 1,
            "268288" : 5,
            "272384" : 2,
            "276480" : 1,
            "280576" : 1,
            "288768" : 4,
            "292864" : 2,
            "296960" : 3,
            "305152" : 1,
            "309248" : 4,
            "317440" : 2,
            "321536" : 2,
            "325632" : 4,
            "329728" : 4,
            "342016" : 4,
            "346112" : 2,
            "350208" : 1,
            "354304" : 1,
            "358400" : 2,
            "362496" : 1,
            "366592" : 7,
            "370688" : 1,
            "374784" : 1,
            "378880" : 2,
            "387072" : 2,
            "391168" : 2,
            "395264" : 1,
            "403456" : 3,
            "407552" : 1,
            "419840" : 2,
            "428032" : 3,
            "432128" : 2,
            "440320" : 1,
            "444416" : 2,
            "448512" : 1,
            "452608" : 2,
            "456704" : 2,
            "460800" : 2,
            "464896" : 2,
            "468992" : 1,
            "473088" : 2,
            "481280" : 3,
            "485376" : 5,
            "509952" : 2,
            "514048" : 2,
            "518144" : 1,
            "522240" : 3,
            "528384" : 3,
            "544768" : 1,
            "552960" : 1,
            "561152" : 1,
            "569344" : 2,
            "577536" : 1,
            "585728" : 1,
            "593920" : 2,
            "610304" : 1,
            "626688" : 4,
            "634880" : 1,
            "643072" : 1,
            "667648" : 2,
            "675840" : 2,
            "684032" : 3,
            "700416" : 1,
            "757760" : 1,
            "774144" : 1,
            "782336" : 1,
            "839680" : 1,
            "872448" : 1,
            "905216" : 1,
            "913408" : 1,
            "921600" : 1,
            "937984" : 1,
            "962560" : 1,
            "1073152" : 2,
            "1171456" : 1,
            "1253376" : 1,
            "1318912" : 1,
            "1449984" : 1,
            "1761280" : 1,
            "1941504" : 1,
            "1957888" : 1,
            "2244608" : 1,
            "2408448" : 1,
            "3784704" : 1,
            "6193152" : 1,
            "6848512" : 1,
            "6979584" : 1,
            "7241728" : 1,
            "8585216" : 1
          }
        },
        "lat_ns" : {
          "min" : 1218,
          "max" : 8533134,
          "mean" : 3156.021242,
          "stddev" : 5411.295317,
          "N" : 15596082,
          "percentile" : {
            "1.000000" : 2160,
            "5.000000" : 2224,
            "10.000000" : 2256,
            "20.000000" : 2288,
            "30.000000" : 2320,
            "40.000000" : 2896,
            "50.000000" : 2992,
            "60.000000" : 3056,
            "70.000000" : 3120,
            "80.000000" : 3568,
            "90.000000" : 4384,
            "95.000000" : 5344,
            "99.000000" : 7072,
            "99.500000" : 7968,
            "99.900000" : 18304,
            "99.950000" : 31360,
            "99.990000" : 71168
          },
          "bins" : {
            "1224" : 8,
            "1240" : 35,
            "1256" : 65,
            "1272" : 60,
            "1288" : 125,
            "1304" : 292,
            "1320" : 614,
            "1336" : 923,
            "1352" : 1158,
            "1368" : 1317,
            "1384" : 1198,
            "1400" : 987,
            "1416" : 758,
            "1432" : 527,
            "1448" : 390,
            "1464" : 282,
            "1480" : 209,
            "1496" : 181,
            "1512" : 122,
            "1528" : 105,
            "1544" : 104,
            "1560" : 83,
            "1576" : 73,
            "1592" : 67,
            "1608" : 60,
            "1624" : 61,
            "1640" : 43,
            "1656" : 38,
            "1672" : 31,
            "1688" : 35,
            "1704" : 56,
            "1720" : 64,
            "1736" : 87,
            "1752" : 151,
            "1768" : 172,
            "1784" : 229,
            "1800" : 262,
            "1816" : 300,
            "1832" : 360,
            "1848" : 364,
            "1864" : 364,
            "1880" : 352,
            "1896" : 419,
            "1912" : 498,
            "1928" : 600,
            "1944" : 632,
            "1960" : 670,
            "1976" : 680,
            "1992" : 618,
            "2008" : 660,
            "2024" : 678,
            "2040" : 741,
            "2064" : 2862,
            "2096" : 16833,
            "2128" : 48844,
            "2160" : 77357,
            "2192" : 223853,
            "2224" : 1007157,
            "2256" : 1535986,
            "2288" : 1285774,
            "2320" : 840068,
            "2352" : 455028,
            "2384" : 223223,
            "2416" : 107004,
            "2448" : 54990,
            "2480" : 33529,
            "2512" : 23374,
            "2544" : 17233,
            "2576" : 14539,
            "2608" : 15437,
            "2640" : 19490,
            "2672" : 22596,
            "2704" : 21139,
            "2736" : 17210,
            "2768" : 13369,
            "2800" : 13916,
            "2832" : 22192,
            "2864" : 44006,
            "2896" : 110238,
            "2928" : 273530,
            "2960" : 547559,
            "2992" : 821151,
            "3024" : 943022,
            "3056" : 889168,
            "3088" : 700602,
            "3120" : 505962,
            "3152" : 347459,
            "3184" : 228691,
            "3216" : 152284,
            "3248" : 103148,
            "3280" : 78384,
            "3312" : 68980,
            "3344" : 66832,
            "3376" : 69070,
            "3408" : 69711,
            "3440" : 70634,
            "3472" : 72332,
            "3504" : 75765,
            "3536" : 80426,
            "3568" : 80264,
            "3600" : 79852,
            "3632" : 79764,
            "3664" : 79382,
            "3696" : 79112,
            "3728" : 76105,
            "3760" : 75309,
            "3792" : 79731,
            "3824" : 90130,
            "3856" : 104132,
            "3888" : 108701,
            "3920" : 103194,
            "3952" : 89319,
            "3984" : 73193,
            "4016" : 59869,
            "4048" : 48912,
            "4080" : 41911,
            "4128" : 70893,
            "4192" : 58730,
            "4256" : 49689,
            "4320" : 44889,
            "4384" : 41422,
            "4448" : 40228,
            "4512" : 40131,
            "4576" : 41326,
            "4640" : 44821,
            "4704" : 48122,
            "4768" : 51364,
            "4832" : 51943,
            "4896" : 50767,
            "4960" : 51246,
            "5024" : 51711,
            "5088" : 53722,
            "5152" : 57496,
            "5216" : 58903,
            "5280" : 57382,
            "5344" : 52532,
            "5408" : 47616,
            "5472" : 43722,
            "5536" : 41372,
            "5600" : 38688,
            "5664" : 36706,
            "5728" : 34190,
            "5792" : 32600,
            "5856" : 30467,
            "5920" : 28310,
            "5984" : 26514,
            "6048" : 25179,
            "6112" : 23493,
            "6176" : 22608,
            "6240" : 21331,
            "6304" : 19833,
            "6368" : 18610,
            "6432" : 17453,
            "6496" : 16083,
            "6560" : 15269,
            "6624" : 14310,
            "6688" : 13332,
            "6752" : 12590,
            "6816" : 11560,
            "6880" : 10807,
            "6944" : 10217,
            "7008" : 9591,
            "7072" : 8925,
            "7136" : 8286,
            "7200" : 7750,
            "7264" : 7294,
            "7328" : 6556,
            "7392" : 6079,
            "7456" : 5533,
            "7520" : 5085,
            "7584" : 4610,
            "7648" : 4244,
            "7712" : 4014,
            "7776" : 3611,
            "7840" : 3327,
            "7904" : 3037,
            "7968" : 2810,
            "8032" : 2533,
            "8096" : 2351,
            "8160" : 2232,
            "8256" : 4038,
            "8384" : 3629,
            "8512" : 3178,
            "8640" : 2881,
            "8768" : 2703,
            "8896" : 2207,
            "9024" : 1968,
            "9152" : 1694,
            "9280" : 1544,
            "9408" : 1240,
            "9536" : 1080,
            "9664" : 864,
            "9792" : 737,
            "9920" : 692,
            "10048" : 617,
            "10176" : 547,
            "10304" : 514,
            "10432" : 492,
            "10560" : 450,
            "10688" : 440,
            "10816" : 477,
            "10944" : 420,
            "11072" : 422,
            "11200" : 423,
            "11328" : 449,
            "11456" : 493,
            "11584" : 470,
            "11712" : 478,
            "11840" : 507,
            "11968" : 476,
            "12096" : 482,
            "12224" : 473,
            "12352" : 522,
            "12480" : 494,
            "12608" : 500,
            "12736" : 497,
            "12864" : 520,
            "12992" : 465,
            "13120" : 490,
            "13248" : 508,
            "13376" : 457,
            "13504" : 457,
            "13632" : 461,
            "13760" : 435,
            "13888" : 427,
            "14016" : 415,
            "14144" : 425,
            "14272" : 405,
            "14400" : 361,
            "14528" : 376,
            "14656" : 423,
            "14784" : 381,
            "14912" : 359,
            "15040" : 320,
            "15168" : 318,
            "15296" : 369,
            "15424" : 319,
            "15552" : 311,
            "15680" : 287,
            "15808" : 254,
            "15936" : 285,
            "16064" : 249,
            "16192" : 264,
            "16320" : 250,
            "16512" : 468,
            "16768" : 439,
            "17024" : 402,
            "17280" : 387,
            "17536" : 339,
            "17792" : 351,
            "18048" : 373,
            "18304" : 341,
            "18560" : 319,
            "18816" : 290,
            "19072" : 273,
            "19328" : 303,
            "19584" : 264,
            "19840" : 235,
            "20096" : 245,
            "20352" : 223,
            "20608" : 210,
            "20864" : 190,
            "21120" : 171,
            "21376" : 169,
            "21632" : 174,
            "21888" : 173,
            "22144" : 165,
            "22400" : 166,
            "22656" : 166,
            "22912" : 162,
            "23168" : 144,
            "23424" : 149,
            "23680" : 112,
            "23936" : 126,
            "24192" : 122,
            "24448" : 124,
            "24704" : 127,
            "24960" : 129,
            "25216" : 111,
            "25472" : 109,
            "25728" : 122,
            "25984" : 121,
            "26240" : 120,
            "26496" : 135,
            "26752" : 135,
            "27008" : 119,
            "27264" : 126,
            "27520" : 125,
            "27776" : 122,
            "28032" : 120,
            "28288" : 121,
            "28544" : 105,
            "28800" : 94,
            "29056" : 72,
            "29312" : 91,
            "29568" : 120,
            "29824" : 92,
            "30080" : 103,
            "30336" : 127,
            "30592" : 110,
            "30848" : 123,
            "31104" : 103,
            "31360" : 117,
            "31616" : 106,
            "31872" : 117,
            "32128" : 115,
            "32384" : 124,
            "32640" : 96,
            "33024" : 223,
            "33536" : 223,
            "34048" : 211,
            "34560" : 192,
            "35072" : 193,
            "35584" : 205,
            "36096" : 192,
            "36608" : 169,
            "37120" : 148,
            "37632" : 142,
            "38144" : 138,
            "38656" : 156,
            "39168" : 122,
            "39680" : 119,
            "40192" : 105,
            "40704" : 107,
            "41216" : 104,
            "41728" : 92,
            "42240" : 89,
            "42752" : 93,
            "43264" : 98,
            "43776" : 91,
            "44288" : 94,
            "44800" : 112,
            "45312" : 88,
            "45824" : 78,
            "46336" : 92,
            "46848" : 68,
            "47360" : 80,
            "47872" : 70,
            "48384" : 67,
            "48896" : 70,
            "49408" : 59,
            "49920" : 67,
            "50432" : 52,
            "50944" : 42,
            "51456" : 47,
            "51968" : 39,
            "52480" : 44,
            "52992" : 45,
            "53504" : 42,
            "54016" : 44,
            "54528" : 34,
            "55040" : 33,
            "55552" : 36,
            "56064" : 35,
            "56576" : 45,
            "57088" : 30,
            "57600" : 33,
            "58112" : 33,
            "58624" : 42,
            "59136" : 25,
            "59648" : 33,
            "60160" : 29,
            "60672" : 26,
            "61184" : 42,
            "61696" : 40,
            "62208" : 29,
            "62720" : 23,
            "63232" : 34,
            "63744" : 29,
            "64256" : 35,
            "64768" : 33,
            "65280" : 26,
            "66048" : 58,
            "67072" : 74,
            "68096" : 66,
            "69120" : 77,
            "70144" : 58,
            "71168" : 62,
            "72192" : 61,
            "73216" : 47,
            "74240" : 47,
            "75264" : 29,
            "76288" : 29,
            "77312" : 29,
            "78336" : 34,
            "79360" : 34,
            "80384" : 26,
            "81408" : 30,
            "82432" : 28,
            "83456" : 28,
            "84480" : 19,
            "85504" : 27,
            "86528" : 16,
            "87552" : 20,
            "88576" : 31,
            "89600" : 15,
            "90624" : 20,
            "91648" : 10,
            "92672" : 17,
            "93696" : 10,
            "94720" : 15,
            "95744" : 16,
            "96768" : 18,
            "97792" : 16,
            "98816" : 16,
            "99840" : 16,
            "100864" : 24,
            "101888" : 21,
            "102912" : 14,
            "103936" : 14,
            "104960" : 12,
            "105984" : 22,
            "107008" : 15,
            "108032" : 21,
            "109056" : 19,
            "110080" : 18,
            "111104" : 16,
            "112128" : 26,
            "113152" : 16,
            "114176" : 12,
            "115200" : 8,
            "116224" : 12,
            "117248" : 15,
            "118272" : 13,
            "119296" : 10,
            "120320" : 15,
            "121344" : 14,
            "122368" : 12,
            "123392" : 7,
            "124416" : 8,
            "125440" : 8,
            "126464" : 11,
            "127488" : 6,
            "128512" : 5,
            "129536" : 7,
            "130560" : 7,
            "132096" : 12,
            "134144" : 9,
            "136192" : 9,
            "138240" : 9,
            "140288" : 9,
            "142336" : 10,
            "144384" : 5,
            "146432" : 6,
            "148480" : 11,
            "150528" : 4,
            "152576" : 7,
            "154624" : 2,
            "156672" : 1,
            "158720" : 4,
            "160768" : 8,
            "162816" : 7,
            "164864" : 3,
            "166912" : 8,
            "168960" : 7,
            "171008" : 5,
            "173056" : 2,
            "175104" : 2,
            "177152" : 3,
            "179200" : 2,
            "181248" : 8,
            "183296" : 2,
            "185344" : 2,
            "187392" : 3,
            "191488" : 4,
            "193536" : 7,
            "195584" : 5,
            "197632" : 5,
            "199680" : 3,
            "201728" : 8,
            "203776" : 4,
            "205824" : 4,
            "207872" : 4,
            "209920" : 5,
            "211968" : 3,
            "214016" : 5,
            "216064" : 1,
            "218112" : 6,
            "220160" : 2,
            "222208" : 2,
            "224256" : 5,
            "226304" : 1,
            "230400" : 5,
            "232448" : 5,
            "234496" : 1,
            "236544" : 1,
            "238592" : 2,
            "242688" : 2,
            "246784" : 3,
            "252928" : 3,
            "254976" : 2,
            "259072" : 1,
            "261120" : 2,
            "268288" : 5,
            "272384" : 2,
            "276480" : 1,
            "280576" : 1,
            "288768" : 4,
            "292864" : 2,
            "296960" : 4,
            "305152" : 1,
            "309248" : 4,
            "317440" : 3,
            "321536" : 2,
            "325632" : 4,
            "329728" : 4,
            "342016" : 3,
            "346112" : 3,
            "350208" : 1,
            "354304" : 1,
            "358400" : 2,
            "362496" : 2,
            "366592" : 7,
            "370688" : 1,
            "374784" : 1,
            "378880" : 2,
            "387072" : 2,
            "391168" : 2,
            "403456" : 4,
            "407552" : 1,
            "415744" : 1,
            "419840" : 2,
            "428032" : 3,
            "432128" : 2,
            "440320" : 1,
            "444416" : 2,
            "448512" : 1,
            "452608" : 2,
            "456704" : 2,
            "460800" : 2,
            "464896" : 2,
            "468992" : 1,
            "473088" : 2,
            "481280" : 4,
            "485376" : 5,
            "509952" : 2,
            "514048" : 2,
            "518144" : 1,
            "522240" : 3,
            "528384" : 3,
            "544768" : 1,
            "552960" : 1,
            "561152" : 1,
            "569344" : 2,
            "577536" : 1,
            "585728" : 1,
            "593920" : 2,
            "610304" : 1,
            "626688" : 4,
            "634880" : 2,
            "643072" : 1,
            "667648" : 3,
            "675840" : 2,
            "684032" : 3,
            "700416" : 1,
            "757760" : 1,
            "774144" : 1,
            "782336" : 1,
            "839680" : 1,
            "872448" : 1,
            "905216" : 1,
            "913408" : 1,
            "921600" : 1,
            "937984" : 1,
            "962560" : 1,
            "1073152" : 2,
            "1171456" : 1,
            "1253376" : 1,
            "1318912" : 1,
            "1449984" : 1,
            "1761280" : 1,
            "1941504" : 1,
            "1957888" : 1,
            "2244608" : 1,
            "2408448" : 1,
            "3784704" : 1,
            "6193152" : 1,
            "6848512" : 1,
            "6979584" : 1,
            "7241728" : 1,
            "8224768" : 1,
            "8585216" : 1
          }
        },
        "bw_min" : 116344,
        "bw_max" : 297248,
        "bw_agg" : 100.000000,
        "bw_mean" : 208005.130217,
        "bw_dev" : 12535.162377,
        "bw_samples" : 599,
        "iops_min" : 29086,
        "iops_max" : 74312,
        "iops_mean" : 52001.243740,
        "iops_stddev" : 3133.792902,
        "iops_samples" : 599
      },
      "trim" : {
        "io_bytes" : 0,
        "io_kbytes" : 0,
        "bw_bytes" : 0,
        "bw" : 0,
        "iops" : 0.000000,
        "runtime" : 0,
        "total_ios" : 0,
        "short_ios" : 0,
        "drop_ios" : 0,
        "slat_ns" : {
          "min" : 0,
          "max" : 0,
          "mean" : 0.000000,
          "stddev" : 0.000000,
          "N" : 0
        },
        "clat_ns" : {
          "min" : 0,
          "max" : 0,
          "mean" : 0.000000,
          "stddev" : 0.000000,
          "N" : 0
        },
        "lat_ns" : {
          "min" : 0,
          "max" : 0,
          "mean" : 0.000000,
          "stddev" : 0.000000,
          "N" : 0
        },
        "bw_min" : 0,
        "bw_max" : 0,
        "bw_agg" : 0.000000,
        "bw_mean" : 0.000000,
        "bw_dev" : 0.000000,
        "bw_samples" : 0,
        "iops_min" : 0,
        "iops_max" : 0,
        "iops_mean" : 0.000000,
        "iops_stddev" : 0.000000,
        "iops_samples" : 0
      },
      "sync" : {
        "total_ios" : 0,
        "lat_ns" : {
          "min" : 0,
          "max" : 0,
          "mean" : 0.000000,
          "stddev" : 0.000000,
          "N" : 0
        }
      },
      "job_runtime" : 300000,
      "usr_cpu" : 12.327000,
      "sys_cpu" : 60.993000,
      "ctx" : 15753024,
      "majf" : 0,
      "minf" : 20,
      "iodepth_level" : {
        "1" : 100.000000,
        "2" : 0.000000,
        "4" : 0.000000,
        "8" : 0.000000,
        "16" : 0.000000,
        "32" : 0.000000,
        ">=64" : 0.000000
      },
      "iodepth_submit" : {
        "0" : 0.000000,
        "4" : 100.000000,
        "8" : 0.000000,
        "16" : 0.000000,
        "32" : 0.000000,
        "64" : 0.000000,
        ">=64" : 0.000000
      },
      "iodepth_complete" : {
        "0" : 0.000000,
        "4" : 100.000000,
        "8" : 0.000000,
        "16" : 0.000000,
        "32" : 0.000000,
        "64" : 0.000000,
        ">=64" : 0.000000
      },
      "latency_ns" : {
        "2" : 0.000000,
        "4" : 0.000000,
        "10" : 0.000000,
        "20" : 0.000000,
        "50" : 0.000000,
        "100" : 0.000000,
        "250" : 0.000000,
        "500" : 0.000000,
        "750" : 0.025970,
        "1000" : 0.051571
      },
      "latency_us" : {
        "2" : 0.077896,
        "4" : 44.230511,
        "10" : 13.649286,
        "20" : 40.204932,
        "50" : 1.674804,
        "100" : 0.060988,
        "250" : 0.018671,
        "500" : 0.010000,
        "750" : 0.010000,
        "1000" : 0.010000
      },
      "latency_ms" : {
        "2" : 0.010000,
        "4" : 0.010000,
        "10" : 0.010000,
        "20" : 0.010000,
        "50" : 0.000000,
        "100" : 0.000000,
        "250" : 0.000000,
        "500" : 0.000000,
        "750" : 0.000000,
        "1000" : 0.000000,
        "2000" : 0.000000,
        ">=2000" : 0.000000
      },
      "latency_depth" : 1,
      "latency_target" : 0,
      "latency_percentile" : 100.000000,
      "latency_window" : 0
    }
  ],
  "disk_util" : [
    {
      "name" : "loop6",
      "read_ios" : 15559944,
      "write_ios" : 7914025,
      "read_merges" : 0,
      "write_merges" : 0,
      "read_ticks" : 132003,
      "write_ticks" : 275080,
      "in_queue" : 128,
      "util" : 99.979318
    }
  ]
}
