{
  "fio version" : "fio-3.32-36-g5932",
  "timestamp" : 1664231843,
  "timestamp_ms" : 1664231843553,
  "time" : "Tue Sep 27 00:37:23 2022",
  "global options" : {
    "size" : "2M",
    "rw" : "randrw",
    "bs" : "4K",
    "numjobs" : "1",
    "iodepth" : "128",
    "runtime" : "15",
    "end_fsync" : "1",
    "lat_percentiles" : "1",
    "slat_percentiles" : "1",
    "clat_percentiles" : "1"
  },
  "jobs" : [
    {
      "jobname" : "random-rw",
      "groupid" : 0,
      "error" : 0,
      "eta" : 0,
      "elapsed" : 16,
      "job options" : {
        "name" : "random-rw"
      },
      "read" : {
        "io_bytes" : 3740966912,
        "io_kbytes" : 3653288,
        "bw_bytes" : 249381168,
        "bw" : 243536,
        "iops" : 60884.074395,
        "runtime" : 15001,
        "total_ios" : 913322,
        "short_ios" : 0,
        "drop_ios" : 0,
        "slat_ns" : {
          "min" : 0,
          "max" : 0,
          "mean" : 0.000000,
          "stddev" : 0.000000,
          "N" : 0
        },
        "clat_ns" : {
          "min" : 6006,
          "max" : 8520650,
          "mean" : 10637.490135,
          "stddev" : 21842.463981,
          "N" : 913322,
          "percentile" : {
            "1.000000" : 6240,
            "5.000000" : 6368,
            "10.000000" : 6496,
            "20.000000" : 6752,
            "30.000000" : 9536,
            "40.000000" : 10304,
            "50.000000" : 10816,
            "60.000000" : 11200,
            "70.000000" : 11328,
            "80.000000" : 11584,
            "90.000000" : 12992,
            "95.000000" : 15296,
            "99.000000" : 21120,
            "99.500000" : 24960,
            "99.900000" : 51968,
            "99.950000" : 88576,
            "99.990000" : 428032
          },
          "bins" : {
            "5984" : 5,
            "6048" : 116,
            "6112" : 1291,
            "6176" : 5347,
            "6240" : 12306,
            "6304" : 17840,
            "6368" : 20865,
            "6432" : 23056,
            "6496" : 26258,
            "6560" : 26999,
            "6624" : 23621,
            "6688" : 18447,
            "6752" : 13583,
            "6816" : 9372,
            "6880" : 6331,
            "6944" : 3848,
            "7008" : 2378,
            "7072" : 1661,
            "7136" : 1491,
            "7200" : 1603,
            "7264" : 1778,
            "7328" : 1940,
            "7392" : 2050,
            "7456" : 2174,
            "7520" : 2036,
            "7584" : 1671,
            "7648" : 1191,
            "7712" : 888,
            "7776" : 648,
            "7840" : 450,
            "7904" : 291,
            "7968" : 238,
            "8032" : 168,
            "8096" : 132,
            "8160" : 125,
            "8256" : 224,
            "8384" : 219,
            "8512" : 263,
            "8640" : 271,
            "8768" : 266,
            "8896" : 354,
            "9024" : 876,
            "9152" : 2384,
            "9280" : 6244,
            "9408" : 14178,
            "9536" : 22871,
            "9664" : 28142,
            "9792" : 23809,
            "9920" : 14571,
            "10048" : 7560,
            "10176" : 5655,
            "10304" : 9945,
            "10432" : 18292,
            "10560" : 25171,
            "10688" : 25827,
            "10816" : 21559,
            "10944" : 20245,
            "11072" : 32738,
            "11200" : 55592,
            "11328" : 70653,
            "11456" : 62046,
            "11584" : 38762,
            "11712" : 19691,
            "11840" : 10164,
            "11968" : 6632,
            "12096" : 6827,
            "12224" : 8420,
            "12352" : 8851,
            "12480" : 7131,
            "12608" : 5054,
            "12736" : 3658,
            "12864" : 3068,
            "12992" : 2782,
            "13120" : 2729,
            "13248" : 2851,
            "13376" : 3120,
            "13504" : 3088,
            "13632" : 3030,
            "13760" : 2977,
            "13888" : 2836,
            "14016" : 2811,
            "14144" : 2683,
            "14272" : 2551,
            "14400" : 2432,
            "14528" : 2352,
            "14656" : 2171,
            "14784" : 2112,
            "14912" : 1941,
            "15040" : 1840,
            "15168" : 1767,
            "15296" : 1722,
            "15424" : 1550,
            "15552" : 1453,
            "15680" : 1444,
            "15808" : 1243,
            "15936" : 1329,
            "16064" : 1369,
            "16192" : 1231,
            "16320" : 1270,
            "16512" : 2398,
            "16768" : 2226,
            "17024" : 2054,
            "17280" : 1835,
            "17536" : 1766,
            "17792" : 1576,
            "18048" : 1540,
            "18304" : 1462,
            "18560" : 1335,
            "18816" : 1224,
            "19072" : 1198,
            "19328" : 1078,
            "19584" : 1024,
            "19840" : 920,
            "20096" : 801,
            "20352" : 770,
            "20608" : 726,
            "20864" : 674,
            "21120" : 626,
            "21376" : 516,
            "21632" : 440,
            "21888" : 431,
            "22144" : 406,
            "22400" : 378,
            "22656" : 342,
            "22912" : 276,
            "23168" : 301,
            "23424" : 276,
            "23680" : 244,
            "23936" : 203,
            "24192" : 190,
            "24448" : 176,
            "24704" : 163,
            "24960" : 163,
            "25216" : 151,
            "25472" : 135,
            "25728" : 122,
            "25984" : 133,
            "26240" : 93,
            "26496" : 104,
            "26752" : 96,
            "27008" : 120,
            "27264" : 83,
            "27520" : 78,
            "27776" : 86,
            "28032" : 75,
            "28288" : 60,
            "28544" : 65,
            "28800" : 62,
            "29056" : 64,
            "29312" : 54,
            "29568" : 52,
            "29824" : 46,
            "30080" : 47,
            "30336" : 52,
            "30592" : 50,
            "30848" : 46,
            "31104" : 45,
            "31360" : 34,
            "31616" : 34,
            "31872" : 44,
            "32128" : 32,
            "32384" : 33,
            "32640" : 38,
            "33024" : 57,
            "33536" : 50,
            "34048" : 64,
            "34560" : 45,
            "35072" : 42,
            "35584" : 46,
            "36096" : 50,
            "36608" : 60,
            "37120" : 47,
            "37632" : 50,
            "38144" : 55,
            "38656" : 41,
            "39168" : 35,
            "39680" : 52,
            "40192" : 47,
            "40704" : 57,
            "41216" : 56,
            "41728" : 56,
            "42240" : 52,
            "42752" : 53,
            "43264" : 41,
            "43776" : 45,
            "44288" : 34,
            "44800" : 37,
            "45312" : 30,
            "45824" : 28,
            "46336" : 18,
            "46848" : 15,
            "47360" : 21,
            "47872" : 23,
            "48384" : 25,
            "48896" : 19,
            "49408" : 15,
            "49920" : 15,
            "50432" : 19,
            "50944" : 11,
            "51456" : 23,
            "51968" : 18,
            "52480" : 15,
            "52992" : 17,
            "53504" : 20,
            "54016" : 12,
            "54528" : 11,
            "55040" : 15,
            "55552" : 16,
            "56064" : 12,
            "56576" : 12,
            "57088" : 8,
            "57600" : 10,
            "58112" : 11,
            "58624" : 7,
            "59136" : 8,
            "59648" : 5,
            "60160" : 6,
            "60672" : 10,
            "61184" : 4,
            "61696" : 8,
            "62208" : 1,
            "62720" : 8,
            "63232" : 12,
            "63744" : 6,
            "64256" : 6,
            "64768" : 6,
            "65280" : 5,
            "66048" : 10,
            "67072" : 8,
            "68096" : 12,
            "69120" : 4,
            "70144" : 12,
            "71168" : 12,
            "72192" : 8,
            "73216" : 11,
            "74240" : 11,
            "75264" : 9,
            "76288" : 13,
            "77312" : 8,
            "78336" : 11,
            "79360" : 8,
            "80384" : 13,
            "81408" : 5,
            "82432" : 2,
            "83456" : 9,
            "84480" : 11,
            "85504" : 5,
            "86528" : 5,
            "87552" : 4,
            "88576" : 6,
            "89600" : 4,
            "90624" : 5,
            "91648" : 3,
            "92672" : 6,
            "93696" : 1,
            "94720" : 4,
            "95744" : 4,
            "96768" : 3,
            "97792" : 6,
            "98816" : 1,
            "99840" : 2,
            "100864" : 4,
            "101888" : 3,
            "102912" : 1,
            "103936" : 3,
            "105984" : 2,
            "107008" : 3,
            "108032" : 4,
            "109056" : 4,
            "110080" : 3,
            "111104" : 8,
            "112128" : 5,
            "113152" : 4,
            "114176" : 1,
            "115200" : 5,
            "116224" : 3,
            "117248" : 5,
            "118272" : 6,
            "119296" : 3,
            "120320" : 2,
            "121344" : 8,
            "122368" : 2,
            "123392" : 10,
            "124416" : 7,
            "125440" : 7,
            "126464" : 5,
            "127488" : 1,
            "128512" : 3,
            "129536" : 3,
            "130560" : 5,
            "132096" : 15,
            "134144" : 7,
            "136192" : 2,
            "138240" : 5,
            "140288" : 5,
            "142336" : 5,
            "144384" : 4,
            "146432" : 1,
            "148480" : 3,
            "150528" : 3,
            "152576" : 5,
            "154624" : 4,
            "156672" : 4,
            "158720" : 3,
            "160768" : 6,
            "162816" : 5,
            "164864" : 3,
            "166912" : 3,
            "168960" : 3,
            "171008" : 1,
            "173056" : 4,
            "175104" : 1,
            "183296" : 1,
            "189440" : 1,
            "191488" : 1,
            "193536" : 1,
            "197632" : 1,
            "199680" : 2,
            "201728" : 2,
            "205824" : 1,
            "207872" : 2,
            "209920" : 2,
            "218112" : 2,
            "220160" : 1,
            "222208" : 1,
            "228352" : 2,
            "230400" : 4,
            "234496" : 1,
            "236544" : 4,
            "238592" : 3,
            "240640" : 1,
            "244736" : 3,
            "248832" : 2,
            "250880" : 1,
            "252928" : 3,
            "254976" : 1,
            "261120" : 2,
            "272384" : 1,
            "280576" : 4,
            "284672" : 3,
            "292864" : 1,
            "296960" : 1,
            "305152" : 2,
            "309248" : 1,
            "313344" : 1,
            "321536" : 4,
            "325632" : 3,
            "329728" : 1,
            "333824" : 1,
            "337920" : 3,
            "342016" : 2,
            "346112" : 3,
            "350208" : 3,
            "354304" : 1,
            "358400" : 1,
            "362496" : 3,
            "366592" : 3,
            "370688" : 1,
            "374784" : 2,
            "378880" : 2,
            "382976" : 1,
            "387072" : 3,
            "391168" : 3,
            "395264" : 2,
            "399360" : 1,
            "407552" : 3,
            "415744" : 2,
            "419840" : 2,
            "423936" : 2,
            "428032" : 2,
            "432128" : 2,
            "436224" : 1,
            "440320" : 1,
            "444416" : 1,
            "448512" : 2,
            "452608" : 2,
            "456704" : 1,
            "460800" : 1,
            "473088" : 2,
            "477184" : 1,
            "481280" : 3,
            "501760" : 2,
            "505856" : 1,
            "528384" : 2,
            "536576" : 1,
            "544768" : 2,
            "552960" : 1,
            "561152" : 3,
            "577536" : 2,
            "602112" : 4,
            "610304" : 1,
            "618496" : 2,
            "626688" : 2,
            "634880" : 1,
            "651264" : 1,
            "700416" : 1,
            "724992" : 3,
            "733184" : 1,
            "741376" : 1,
            "765952" : 1,
            "774144" : 1,
            "782336" : 2,
            "790528" : 1,
            "823296" : 1,
            "872448" : 1,
            "888832" : 1,
            "897024" : 2,
            "905216" : 1,
            "962560" : 1,
            "1011712" : 1,
            "1089536" : 1,
            "1105920" : 2,
            "1220608" : 1,
            "1302528" : 1,
            "1368064" : 2,
            "1433600" : 1,
            "1531904" : 1,
            "1613824" : 1,
            "1908736" : 1,
            "1990656" : 2,
            "2146304" : 1,
            "2179072" : 1,
            "2277376" : 1,
            "2342912" : 1,
            "2375680" : 1,
            "2539520" : 1,
            "2605056" : 1,
            "2703360" : 1,
            "2834432" : 1,
            "2998272" : 1,
            "3981312" : 1,
            "4145152" : 1,
            "4947968" : 1,
            "7241728" : 1,
            "7503872" : 1,
            "7634944" : 1,
            "8585216" : 1
          }
        },
        "lat_ns" : {
          "min" : 6065,
          "max" : 8520697,
          "mean" : 10709.589750,
          "stddev" : 21845.522370,
          "N" : 913322,
          "percentile" : {
            "1.000000" : 6304,
            "5.000000" : 6432,
            "10.000000" : 6560,
            "20.000000" : 6816,
            "30.000000" : 9664,
            "40.000000" : 10432,
            "50.000000" : 10944,
            "60.000000" : 11328,
            "70.000000" : 11456,
            "80.000000" : 11712,
            "90.000000" : 13120,
            "95.000000" : 15424,
            "99.000000" : 21376,
            "99.500000" : 25216,
            "99.900000" : 51968,
            "99.950000" : 89600,
            "99.990000" : 428032
          },
          "bins" : {
            "6048" : 5,
            "6112" : 136,
            "6176" : 1358,
            "6240" : 5422,
            "6304" : 12042,
            "6368" : 17733,
            "6432" : 21885,
            "6496" : 25036,
            "6560" : 28133,
            "6624" : 27309,
            "6688" : 22981,
            "6752" : 17474,
            "6816" : 12777,
            "6880" : 8650,
            "6944" : 5578,
            "7008" : 3371,
            "7072" : 2166,
            "7136" : 1501,
            "7200" : 1410,
            "7264" : 1537,
            "7328" : 1773,
            "7392" : 2028,
            "7456" : 2197,
            "7520" : 2243,
            "7584" : 1966,
            "7648" : 1640,
            "7712" : 1128,
            "7776" : 812,
            "7840" : 592,
            "7904" : 414,
            "7968" : 280,
            "8032" : 211,
            "8096" : 158,
            "8160" : 130,
            "8256" : 253,
            "8384" : 198,
            "8512" : 234,
            "8640" : 283,
            "8768" : 266,
            "8896" : 250,
            "9024" : 446,
            "9152" : 1182,
            "9280" : 3290,
            "9408" : 8522,
            "9536" : 17485,
            "9664" : 28130,
            "9792" : 28697,
            "9920" : 19564,
            "10048" : 10283,
            "10176" : 5408,
            "10304" : 6066,
            "10432" : 12894,
            "10560" : 22677,
            "10688" : 27201,
            "10816" : 24415,
            "10944" : 18972,
            "11072" : 21274,
            "11200" : 40848,
            "11328" : 67600,
            "11456" : 73910,
            "11584" : 52322,
            "11712" : 27690,
            "11840" : 13845,
            "11968" : 7568,
            "12096" : 6108,
            "12224" : 7493,
            "12352" : 9137,
            "12480" : 8545,
            "12608" : 6072,
            "12736" : 4159,
            "12864" : 3374,
            "12992" : 2758,
            "13120" : 2711,
            "13248" : 2788,
            "13376" : 2857,
            "13504" : 3176,
            "13632" : 3008,
            "13760" : 3022,
            "13888" : 3008,
            "14016" : 2797,
            "14144" : 2758,
            "14272" : 2568,
            "14400" : 2504,
            "14528" : 2357,
            "14656" : 2298,
            "14784" : 2063,
            "14912" : 2104,
            "15040" : 1890,
            "15168" : 1815,
            "15296" : 1715,
            "15424" : 1650,
            "15552" : 1514,
            "15680" : 1423,
            "15808" : 1369,
            "15936" : 1264,
            "16064" : 1355,
            "16192" : 1257,
            "16320" : 1262,
            "16512" : 2426,
            "16768" : 2341,
            "17024" : 2101,
            "17280" : 1928,
            "17536" : 1746,
            "17792" : 1642,
            "18048" : 1533,
            "18304" : 1568,
            "18560" : 1366,
            "18816" : 1279,
            "19072" : 1214,
            "19328" : 1116,
            "19584" : 1041,
            "19840" : 1001,
            "20096" : 805,
            "20352" : 776,
            "20608" : 750,
            "20864" : 713,
            "21120" : 648,
            "21376" : 551,
            "21632" : 453,
            "21888" : 463,
            "22144" : 408,
            "22400" : 400,
            "22656" : 340,
            "22912" : 324,
            "23168" : 284,
            "23424" : 296,
            "23680" : 249,
            "23936" : 226,
            "24192" : 189,
            "24448" : 184,
            "24704" : 177,
            "24960" : 157,
            "25216" : 169,
            "25472" : 134,
            "25728" : 126,
            "25984" : 143,
            "26240" : 105,
            "26496" : 96,
            "26752" : 107,
            "27008" : 110,
            "27264" : 105,
            "27520" : 77,
            "27776" : 87,
            "28032" : 72,
            "28288" : 65,
            "28544" : 77,
            "28800" : 59,
            "29056" : 61,
            "29312" : 54,
            "29568" : 56,
            "29824" : 46,
            "30080" : 45,
            "30336" : 57,
            "30592" : 48,
            "30848" : 53,
            "31104" : 43,
            "31360" : 38,
            "31616" : 30,
            "31872" : 42,
            "32128" : 34,
            "32384" : 39,
            "32640" : 32,
            "33024" : 59,
            "33536" : 57,
            "34048" : 65,
            "34560" : 41,
            "35072" : 50,
            "35584" : 44,
            "36096" : 48,
            "36608" : 60,
            "37120" : 48,
            "37632" : 52,
            "38144" : 48,
            "38656" : 50,
            "39168" : 35,
            "39680" : 49,
            "40192" : 45,
            "40704" : 59,
            "41216" : 59,
            "41728" : 61,
            "42240" : 49,
            "42752" : 49,
            "43264" : 45,
            "43776" : 43,
            "44288" : 42,
            "44800" : 37,
            "45312" : 29,
            "45824" : 28,
            "46336" : 18,
            "46848" : 18,
            "47360" : 21,
            "47872" : 25,
            "48384" : 24,
            "48896" : 18,
            "49408" : 16,
            "49920" : 13,
            "50432" : 17,
            "50944" : 14,
            "51456" : 21,
            "51968" : 21,
            "52480" : 16,
            "52992" : 17,
            "53504" : 17,
            "54016" : 15,
            "54528" : 9,
            "55040" : 16,
            "55552" : 15,
            "56064" : 16,
            "56576" : 10,
            "57088" : 11,
            "57600" : 7,
            "58112" : 10,
            "58624" : 8,
            "59136" : 8,
            "59648" : 7,
            "60160" : 7,
            "60672" : 8,
            "61184" : 5,
            "61696" : 10,
            "62720" : 8,
            "63232" : 11,
            "63744" : 7,
            "64256" : 7,
            "64768" : 3,
            "65280" : 7,
            "66048" : 11,
            "67072" : 8,
            "68096" : 10,
            "69120" : 6,
            "70144" : 11,
            "71168" : 11,
            "72192" : 10,
            "73216" : 11,
            "74240" : 10,
            "75264" : 8,
            "76288" : 12,
            "77312" : 11,
            "78336" : 12,
            "79360" : 8,
            "80384" : 13,
            "81408" : 5,
            "82432" : 2,
            "83456" : 9,
            "84480" : 10,
            "85504" : 6,
            "86528" : 5,
            "87552" : 4,
            "88576" : 6,
            "89600" : 3,
            "90624" : 5,
            "91648" : 4,
            "92672" : 6,
            "93696" : 1,
            "94720" : 4,
            "95744" : 4,
            "96768" : 2,
            "97792" : 6,
            "98816" : 2,
            "99840" : 2,
            "100864" : 4,
            "101888" : 2,
            "102912" : 2,
            "103936" : 3,
            "105984" : 2,
            "107008" : 4,
            "108032" : 4,
            "109056" : 4,
            "110080" : 2,
            "111104" : 9,
            "112128" : 4,
            "113152" : 4,
            "114176" : 2,
            "115200" : 5,
            "116224" : 3,
            "117248" : 5,
            "118272" : 6,
            "119296" : 2,
            "120320" : 3,
            "121344" : 8,
            "122368" : 2,
            "123392" : 9,
            "124416" : 7,
            "125440" : 8,
            "126464" : 5,
            "127488" : 1,
            "128512" : 3,
            "129536" : 3,
            "130560" : 5,
            "132096" : 14,
            "134144" : 8,
            "136192" : 2,
            "138240" : 5,
            "140288" : 5,
            "142336" : 5,
            "144384" : 4,
            "146432" : 1,
            "148480" : 4,
            "150528" : 3,
            "152576" : 5,
            "154624" : 4,
            "156672" : 4,
            "158720" : 3,
            "160768" : 6,
            "162816" : 5,
            "164864" : 3,
            "166912" : 3,
            "168960" : 3,
            "171008" : 1,
            "173056" : 3,
            "175104" : 2,
            "183296" : 1,
            "191488" : 2,
            "193536" : 1,
            "197632" : 1,
            "199680" : 2,
            "201728" : 2,
            "205824" : 1,
            "207872" : 2,
            "209920" : 1,
            "211968" : 1,
            "218112" : 2,
            "220160" : 1,
            "222208" : 1,
            "228352" : 2,
            "230400" : 4,
            "234496" : 1,
            "236544" : 3,
            "238592" : 4,
            "240640" : 1,
            "244736" : 3,
            "248832" : 1,
            "250880" : 2,
            "252928" : 3,
            "254976" : 1,
            "261120" : 2,
            "272384" : 1,
            "280576" : 4,
            "284672" : 3,
            "292864" : 1,
            "296960" : 1,
            "305152" : 1,
            "309248" : 2,
            "313344" : 1,
            "321536" : 4,
            "325632" : 3,
            "329728" : 1,
            "333824" : 1,
            "337920" : 3,
            "342016" : 2,
            "346112" : 3,
            "350208" : 3,
            "358400" : 2,
            "362496" : 3,
            "366592" : 3,
            "370688" : 1,
            "374784" : 2,
            "378880" : 2,
            "382976" : 1,
            "387072" : 3,
            "391168" : 1,
            "395264" : 4,
            "399360" : 1,
            "407552" : 3,
            "415744" : 2,
            "419840" : 2,
            "423936" : 2,
            "428032" : 2,
            "432128" : 2,
            "436224" : 1,
            "440320" : 1,
            "448512" : 3,
            "452608" : 2,
            "456704" : 1,
            "460800" : 1,
            "473088" : 2,
            "477184" : 1,
            "481280" : 3,
            "501760" : 2,
            "505856" : 1,
            "528384" : 2,
            "536576" : 1,
            "544768" : 2,
            "552960" : 1,
            "561152" : 3,
            "577536" : 2,
            "602112" : 4,
            "610304" : 1,
            "618496" : 2,
            "626688" : 2,
            "634880" : 1,
            "651264" : 1,
            "700416" : 1,
            "724992" : 2,
            "733184" : 2,
            "741376" : 1,
            "765952" : 1,
            "774144" : 1,
            "782336" : 2,
            "790528" : 1,
            "823296" : 1,
            "872448" : 1,
            "888832" : 1,
            "897024" : 2,
            "905216" : 1,
            "962560" : 1,
            "1011712" : 1,
            "1089536" : 1,
            "1105920" : 2,
            "1220608" : 1,
            "1302528" : 1,
            "1368064" : 2,
            "1433600" : 1,
            "1531904" : 1,
            "1613824" : 1,
            "1908736" : 1,
            "1990656" : 2,
            "2146304" : 1,
            "2179072" : 1,
            "2277376" : 1,
            "2342912" : 1,
            "2375680" : 1,
            "2539520" : 1,
            "2605056" : 1,
            "2703360" : 1,
            "2834432" : 1,
            "2998272" : 1,
            "3981312" : 1,
            "4145152" : 1,
            "4947968" : 1,
            "7241728" : 1,
            "7503872" : 1,
            "7634944" : 1,
            "8585216" : 1
          }
        },
        "bw_min" : 198680,
        "bw_max" : 340544,
        "bw_agg" : 100.000000,
        "bw_mean" : 244238.344828,
        "bw_dev" : 39050.341276,
        "bw_samples" : 29,
        "iops_min" : 49670,
        "iops_max" : 85136,
        "iops_mean" : 61059.586207,
        "iops_stddev" : 9762.585319,
        "iops_samples" : 29
      },
      "write" : {
        "io_bytes" : 3734765568,
        "io_kbytes" : 3647232,
        "bw_bytes" : 248967773,
        "bw" : 243132,
        "iops" : 60783.147790,
        "runtime" : 15001,
        "total_ios" : 911808,
        "short_ios" : 0,
        "drop_ios" : 0,
        "slat_ns" : {
          "min" : 0,
          "max" : 0,
          "mean" : 0.000000,
          "stddev" : 0.000000,
          "N" : 0
        },
        "clat_ns" : {
          "min" : 1329,
          "max" : 5775059,
          "mean" : 2083.766521,
          "stddev" : 8644.388973,
          "N" : 911808,
          "percentile" : {
            "1.000000" : 1400,
            "5.000000" : 1448,
            "10.000000" : 1464,
            "20.000000" : 1496,
            "30.000000" : 1528,
            "40.000000" : 1624,
            "50.000000" : 1960,
            "60.000000" : 2160,
            "70.000000" : 2224,
            "80.000000" : 2288,
            "90.000000" : 2576,
            "95.000000" : 3216,
            "99.000000" : 4960,
            "99.500000" : 5664,
            "99.900000" : 12608,
            "99.950000" : 19328,
            "99.990000" : 78336
          },
          "bins" : {
            "1336" : 3,
            "1352" : 148,
            "1368" : 1306,
            "1384" : 3318,
            "1400" : 5300,
            "1416" : 11195,
            "1432" : 17886,
            "1448" : 23777,
            "1464" : 32737,
            "1480" : 44535,
            "1496" : 51029,
            "1512" : 46402,
            "1528" : 39642,
            "1544" : 30388,
            "1560" : 21231,
            "1576" : 15388,
            "1592" : 10751,
            "1608" : 8522,
            "1624" : 6384,
            "1640" : 4768,
            "1656" : 3906,
            "1672" : 2909,
            "1688" : 2367,
            "1704" : 1977,
            "1720" : 1498,
            "1736" : 1244,
            "1752" : 980,
            "1768" : 894,
            "1784" : 807,
            "1800" : 880,
            "1816" : 1245,
            "1832" : 1977,
            "1848" : 3279,
            "1864" : 5437,
            "1880" : 7433,
            "1896" : 9998,
            "1912" : 11018,
            "1928" : 11533,
            "1944" : 10392,
            "1960" : 9055,
            "1976" : 7896,
            "1992" : 6259,
            "2008" : 5224,
            "2024" : 4421,
            "2040" : 3840,
            "2064" : 8101,
            "2096" : 14391,
            "2128" : 26689,
            "2160" : 38862,
            "2192" : 45948,
            "2224" : 44492,
            "2256" : 37794,
            "2288" : 28496,
            "2320" : 20708,
            "2352" : 14828,
            "2384" : 11886,
            "2416" : 10255,
            "2448" : 9000,
            "2480" : 7347,
            "2512" : 5655,
            "2544" : 4274,
            "2576" : 3406,
            "2608" : 2826,
            "2640" : 2235,
            "2672" : 1928,
            "2704" : 2010,
            "2736" : 2271,
            "2768" : 2407,
            "2800" : 2373,
            "2832" : 2085,
            "2864" : 1865,
            "2896" : 1586,
            "2928" : 1317,
            "2960" : 1127,
            "2992" : 1178,
            "3024" : 1465,
            "3056" : 2016,
            "3088" : 2672,
            "3120" : 3368,
            "3152" : 3739,
            "3184" : 3464,
            "3216" : 3044,
            "3248" : 2371,
            "3280" : 1821,
            "3312" : 1418,
            "3344" : 1083,
            "3376" : 960,
            "3408" : 805,
            "3440" : 713,
            "3472" : 687,
            "3504" : 658,
            "3536" : 670,
            "3568" : 695,
            "3600" : 610,
            "3632" : 657,
            "3664" : 634,
            "3696" : 671,
            "3728" : 657,
            "3760" : 653,
            "3792" : 661,
            "3824" : 634,
            "3856" : 607,
            "3888" : 665,
            "3920" : 692,
            "3952" : 682,
            "3984" : 674,
            "4016" : 628,
            "4048" : 646,
            "4080" : 636,
            "4128" : 1257,
            "4192" : 1175,
            "4256" : 1173,
            "4320" : 1092,
            "4384" : 968,
            "4448" : 915,
            "4512" : 909,
            "4576" : 809,
            "4640" : 740,
            "4704" : 719,
            "4768" : 712,
            "4832" : 625,
            "4896" : 581,
            "4960" : 560,
            "5024" : 527,
            "5088" : 499,
            "5152" : 487,
            "5216" : 442,
            "5280" : 429,
            "5344" : 457,
            "5408" : 360,
            "5472" : 329,
            "5536" : 339,
            "5600" : 304,
            "5664" : 288,
            "5728" : 265,
            "5792" : 246,
            "5856" : 210,
            "5920" : 189,
            "5984" : 196,
            "6048" : 160,
            "6112" : 143,
            "6176" : 135,
            "6240" : 112,
            "6304" : 111,
            "6368" : 109,
            "6432" : 83,
            "6496" : 82,
            "6560" : 64,
            "6624" : 58,
            "6688" : 54,
            "6752" : 59,
            "6816" : 66,
            "6880" : 51,
            "6944" : 49,
            "7008" : 55,
            "7072" : 41,
            "7136" : 57,
            "7200" : 42,
            "7264" : 43,
            "7328" : 28,
            "7392" : 28,
            "7456" : 27,
            "7520" : 28,
            "7584" : 22,
            "7648" : 22,
            "7712" : 20,
            "7776" : 28,
            "7840" : 18,
            "7904" : 18,
            "7968" : 20,
            "8032" : 19,
            "8096" : 18,
            "8160" : 10,
            "8256" : 31,
            "8384" : 28,
            "8512" : 32,
            "8640" : 22,
            "8768" : 28,
            "8896" : 22,
            "9024" : 19,
            "9152" : 23,
            "9280" : 21,
            "9408" : 17,
            "9536" : 18,
            "9664" : 12,
            "9792" : 14,
            "9920" : 22,
            "10048" : 23,
            "10176" : 13,
            "10304" : 13,
            "10432" : 15,
            "10560" : 21,
            "10688" : 20,
            "10816" : 17,
            "10944" : 11,
            "11072" : 17,
            "11200" : 23,
            "11328" : 15,
            "11456" : 15,
            "11584" : 12,
            "11712" : 12,
            "11840" : 19,
            "11968" : 13,
            "12096" : 16,
            "12224" : 21,
            "12352" : 16,
            "12480" : 12,
            "12608" : 17,
            "12736" : 7,
            "12864" : 15,
            "12992" : 9,
            "13120" : 10,
            "13248" : 21,
            "13376" : 12,
            "13504" : 10,
            "13632" : 9,
            "13760" : 9,
            "13888" : 7,
            "14016" : 16,
            "14144" : 6,
            "14272" : 11,
            "14400" : 7,
            "14528" : 8,
            "14656" : 5,
            "14784" : 12,
            "14912" : 8,
            "15040" : 14,
            "15168" : 12,
            "15296" : 13,
            "15424" : 11,
            "15552" : 10,
            "15680" : 7,
            "15808" : 12,
            "15936" : 5,
            "16064" : 10,
            "16192" : 11,
            "16320" : 11,
            "16512" : 13,
            "16768" : 19,
            "17024" : 9,
            "17280" : 13,
            "17536" : 12,
            "17792" : 18,
            "18048" : 10,
            "18304" : 15,
            "18560" : 18,
            "18816" : 12,
            "19072" : 5,
            "19328" : 10,
            "19584" : 12,
            "19840" : 9,
            "20096" : 10,
            "20352" : 5,
            "20608" : 8,
            "20864" : 8,
            "21120" : 5,
            "21376" : 5,
            "21632" : 2,
            "21888" : 2,
            "22144" : 4,
            "22400" : 2,
            "22656" : 4,
            "22912" : 5,
            "23424" : 3,
            "23680" : 5,
            "23936" : 2,
            "24192" : 1,
            "24448" : 1,
            "24704" : 2,
            "25216" : 3,
            "25472" : 1,
            "25728" : 2,
            "25984" : 5,
            "26240" : 2,
            "26752" : 2,
            "27008" : 3,
            "27264" : 1,
            "27776" : 2,
            "28032" : 3,
            "28288" : 1,
            "28544" : 3,
            "28800" : 2,
            "29056" : 4,
            "29312" : 1,
            "29568" : 3,
            "29824" : 3,
            "30080" : 3,
            "30336" : 3,
            "30592" : 4,
            "30848" : 3,
            "31104" : 4,
            "31360" : 3,
            "31616" : 2,
            "31872" : 6,
            "32128" : 5,
            "32384" : 3,
            "32640" : 5,
            "33024" : 11,
            "33536" : 13,
            "34048" : 8,
            "34560" : 7,
            "35072" : 10,
            "35584" : 7,
            "36096" : 6,
            "36608" : 6,
            "37120" : 8,
            "38144" : 5,
            "38656" : 2,
            "39168" : 1,
            "39680" : 4,
            "40192" : 2,
            "40704" : 1,
            "41216" : 4,
            "41728" : 5,
            "42240" : 4,
            "42752" : 3,
            "43264" : 2,
            "43776" : 2,
            "44800" : 2,
            "45312" : 5,
            "45824" : 3,
            "46336" : 1,
            "46848" : 2,
            "47360" : 3,
            "47872" : 2,
            "48384" : 3,
            "49920" : 4,
            "50432" : 2,
            "50944" : 1,
            "51456" : 3,
            "53504" : 1,
            "54528" : 1,
            "55552" : 1,
            "56064" : 1,
            "56576" : 1,
            "58624" : 1,
            "60672" : 2,
            "62208" : 1,
            "62720" : 2,
            "63232" : 3,
            "63744" : 1,
            "64256" : 2,
            "68096" : 2,
            "69120" : 4,
            "70144" : 2,
            "71168" : 5,
            "72192" : 3,
            "73216" : 3,
            "74240" : 1,
            "75264" : 1,
            "78336" : 2,
            "79360" : 2,
            "80384" : 2,
            "82432" : 4,
            "83456" : 1,
            "86528" : 2,
            "88576" : 1,
            "89600" : 1,
            "91648" : 2,
            "92672" : 1,
            "98816" : 1,
            "99840" : 1,
            "100864" : 1,
            "102912" : 2,
            "103936" : 1,
            "105984" : 2,
            "107008" : 1,
            "108032" : 1,
            "111104" : 3,
            "112128" : 2,
            "113152" : 2,
            "114176" : 1,
            "115200" : 2,
            "116224" : 1,
            "117248" : 1,
            "118272" : 3,
            "120320" : 1,
            "125440" : 1,
            "127488" : 1,
            "128512" : 1,
            "134144" : 2,
            "140288" : 1,
            "144384" : 1,
            "156672" : 1,
            "158720" : 1,
            "162816" : 1,
            "164864" : 1,
            "168960" : 1,
            "171008" : 1,
            "177152" : 2,
            "181248" : 2,
            "183296" : 1,
            "187392" : 1,
            "189440" : 1,
            "197632" : 1,
            "203776" : 1,
            "209920" : 1,
            "214016" : 1,
            "232448" : 2,
            "264192" : 1,
            "296960" : 1,
            "321536" : 1,
            "333824" : 1,
            "342016" : 1,
            "350208" : 1,
            "358400" : 1,
            "387072" : 1,
            "395264" : 1,
            "399360" : 1,
            "403456" : 1,
            "419840" : 1,
            "423936" : 1,
            "428032" : 1,
            "514048" : 1,
            "522240" : 1,
            "724992" : 1,
            "1515520" : 1,
            "2056192" : 1,
            "2146304" : 1,
            "4292608" : 1,
            "5799936" : 1
          }
        },
        "lat_ns" : {
          "min" : 1384,
          "max" : 5775167,
          "mean" : 2171.051844,
          "stddev" : 8679.406842,
          "N" : 911808,
          "percentile" : {
            "1.000000" : 1464,
            "5.000000" : 1496,
            "10.000000" : 1528,
            "20.000000" : 1560,
            "30.000000" : 1592,
            "40.000000" : 1672,
            "50.000000" : 2040,
            "60.000000" : 2256,
            "70.000000" : 2320,
            "80.000000" : 2416,
            "90.000000" : 2672,
            "95.000000" : 3344,
            "99.000000" : 5216,
            "99.500000" : 5920,
            "99.900000" : 12992,
            "99.950000" : 19584,
            "99.990000" : 79360
          },
          "bins" : {
            "1384" : 3,
            "1400" : 101,
            "1416" : 934,
            "1432" : 2586,
            "1448" : 4631,
            "1464" : 9119,
            "1480" : 15515,
            "1496" : 21772,
            "1512" : 27776,
            "1528" : 40459,
            "1544" : 49738,
            "1560" : 47951,
            "1576" : 42906,
            "1592" : 32800,
            "1608" : 24822,
            "1624" : 17677,
            "1640" : 12382,
            "1656" : 9340,
            "1672" : 6936,
            "1688" : 5412,
            "1704" : 4282,
            "1720" : 3259,
            "1736" : 2570,
            "1752" : 2093,
            "1768" : 1710,
            "1784" : 1341,
            "1800" : 1043,
            "1816" : 946,
            "1832" : 779,
            "1848" : 667,
            "1864" : 664,
            "1880" : 735,
            "1896" : 1061,
            "1912" : 1888,
            "1928" : 3254,
            "1944" : 5317,
            "1960" : 7238,
            "1976" : 9816,
            "1992" : 10938,
            "2008" : 11426,
            "2024" : 10389,
            "2040" : 9062,
            "2064" : 14061,
            "2096" : 9427,
            "2128" : 6228,
            "2160" : 5093,
            "2192" : 8216,
            "2224" : 17155,
            "2256" : 31082,
            "2288" : 41642,
            "2320" : 46232,
            "2352" : 43317,
            "2384" : 35453,
            "2416" : 27241,
            "2448" : 20127,
            "2480" : 15767,
            "2512" : 12111,
            "2544" : 9084,
            "2576" : 6484,
            "2608" : 4880,
            "2640" : 3638,
            "2672" : 3102,
            "2704" : 2445,
            "2736" : 2188,
            "2768" : 1901,
            "2800" : 2047,
            "2832" : 2330,
            "2864" : 2406,
            "2896" : 2363,
            "2928" : 1987,
            "2960" : 1728,
            "2992" : 1457,
            "3024" : 1207,
            "3056" : 1029,
            "3088" : 1082,
            "3120" : 1134,
            "3152" : 1554,
            "3184" : 2146,
            "3216" : 2936,
            "3248" : 3418,
            "3280" : 3619,
            "3312" : 3304,
            "3344" : 2739,
            "3376" : 2144,
            "3408" : 1698,
            "3440" : 1291,
            "3472" : 1007,
            "3504" : 870,
            "3536" : 754,
            "3568" : 699,
            "3600" : 598,
            "3632" : 657,
            "3664" : 603,
            "3696" : 631,
            "3728" : 625,
            "3760" : 613,
            "3792" : 628,
            "3824" : 635,
            "3856" : 636,
            "3888" : 644,
            "3920" : 643,
            "3952" : 652,
            "3984" : 638,
            "4016" : 609,
            "4048" : 624,
            "4080" : 650,
            "4128" : 1306,
            "4192" : 1233,
            "4256" : 1208,
            "4320" : 1271,
            "4384" : 1100,
            "4448" : 1062,
            "4512" : 987,
            "4576" : 937,
            "4640" : 862,
            "4704" : 789,
            "4768" : 813,
            "4832" : 725,
            "4896" : 703,
            "4960" : 686,
            "5024" : 612,
            "5088" : 590,
            "5152" : 520,
            "5216" : 553,
            "5280" : 469,
            "5344" : 480,
            "5408" : 448,
            "5472" : 398,
            "5536" : 437,
            "5600" : 397,
            "5664" : 333,
            "5728" : 321,
            "5792" : 278,
            "5856" : 319,
            "5920" : 265,
            "5984" : 259,
            "6048" : 216,
            "6112" : 200,
            "6176" : 202,
            "6240" : 168,
            "6304" : 149,
            "6368" : 138,
            "6432" : 120,
            "6496" : 107,
            "6560" : 105,
            "6624" : 107,
            "6688" : 75,
            "6752" : 78,
            "6816" : 68,
            "6880" : 65,
            "6944" : 53,
            "7008" : 55,
            "7072" : 67,
            "7136" : 57,
            "7200" : 49,
            "7264" : 39,
            "7328" : 36,
            "7392" : 55,
            "7456" : 47,
            "7520" : 39,
            "7584" : 29,
            "7648" : 23,
            "7712" : 28,
            "7776" : 21,
            "7840" : 32,
            "7904" : 16,
            "7968" : 27,
            "8032" : 26,
            "8096" : 19,
            "8160" : 19,
            "8256" : 39,
            "8384" : 40,
            "8512" : 28,
            "8640" : 27,
            "8768" : 30,
            "8896" : 26,
            "9024" : 24,
            "9152" : 29,
            "9280" : 19,
            "9408" : 26,
            "9536" : 14,
            "9664" : 26,
            "9792" : 13,
            "9920" : 16,
            "10048" : 23,
            "10176" : 17,
            "10304" : 17,
            "10432" : 8,
            "10560" : 19,
            "10688" : 24,
            "10816" : 18,
            "10944" : 20,
            "11072" : 15,
            "11200" : 13,
            "11328" : 24,
            "11456" : 16,
            "11584" : 16,
            "11712" : 16,
            "11840" : 11,
            "11968" : 19,
            "12096" : 12,
            "12224" : 24,
            "12352" : 11,
            "12480" : 15,
            "12608" : 17,
            "12736" : 16,
            "12864" : 12,
            "12992" : 16,
            "13120" : 11,
            "13248" : 13,
            "13376" : 16,
            "13504" : 15,
            "13632" : 10,
            "13760" : 10,
            "13888" : 10,
            "14016" : 9,
            "14144" : 12,
            "14272" : 10,
            "14400" : 8,
            "14528" : 10,
            "14656" : 6,
            "14784" : 6,
            "14912" : 12,
            "15040" : 7,
            "15168" : 16,
            "15296" : 15,
            "15424" : 12,
            "15552" : 7,
            "15680" : 12,
            "15808" : 7,
            "15936" : 12,
            "16064" : 7,
            "16192" : 9,
            "16320" : 12,
            "16512" : 16,
            "16768" : 20,
            "17024" : 9,
            "17280" : 12,
            "17536" : 11,
            "17792" : 19,
            "18048" : 12,
            "18304" : 14,
            "18560" : 20,
            "18816" : 12,
            "19072" : 12,
            "19328" : 11,
            "19584" : 13,
            "19840" : 7,
            "20096" : 13,
            "20352" : 3,
            "20608" : 7,
            "20864" : 8,
            "21120" : 7,
            "21376" : 4,
            "21632" : 3,
            "21888" : 3,
            "22144" : 2,
            "22400" : 3,
            "22656" : 3,
            "22912" : 6,
            "23168" : 2,
            "23424" : 2,
            "23680" : 4,
            "23936" : 3,
            "24192" : 2,
            "24448" : 1,
            "24704" : 1,
            "24960" : 1,
            "25216" : 3,
            "25472" : 1,
            "25728" : 1,
            "25984" : 3,
            "26240" : 4,
            "26496" : 2,
            "26752" : 2,
            "27008" : 1,
            "27264" : 2,
            "27776" : 2,
            "28032" : 1,
            "28288" : 4,
            "28544" : 2,
            "28800" : 3,
            "29312" : 6,
            "29568" : 2,
            "29824" : 3,
            "30080" : 3,
            "30336" : 1,
            "30592" : 6,
            "30848" : 1,
            "31104" : 6,
            "31360" : 3,
            "31616" : 2,
            "31872" : 4,
            "32128" : 6,
            "32384" : 4,
            "32640" : 6,
            "33024" : 8,
            "33536" : 11,
            "34048" : 14,
            "34560" : 7,
            "35072" : 7,
            "35584" : 9,
            "36096" : 6,
            "36608" : 9,
            "37120" : 6,
            "37632" : 2,
            "38144" : 5,
            "38656" : 3,
            "39168" : 1,
            "39680" : 4,
            "40192" : 2,
            "40704" : 2,
            "41216" : 2,
            "41728" : 6,
            "42240" : 5,
            "42752" : 4,
            "43264" : 1,
            "43776" : 2,
            "44288" : 2,
            "44800" : 2,
            "45312" : 4,
            "45824" : 4,
            "46336" : 1,
            "46848" : 2,
            "47360" : 2,
            "47872" : 3,
            "48384" : 4,
            "49920" : 4,
            "50432" : 2,
            "51456" : 3,
            "51968" : 1,
            "52992" : 1,
            "53504" : 1,
            "54528" : 1,
            "56064" : 2,
            "56576" : 1,
            "59136" : 1,
            "60672" : 1,
            "61184" : 1,
            "61696" : 1,
            "62720" : 1,
            "63232" : 5,
            "63744" : 1,
            "64256" : 2,
            "64768" : 1,
            "68096" : 1,
            "69120" : 3,
            "70144" : 3,
            "71168" : 5,
            "72192" : 3,
            "73216" : 3,
            "74240" : 1,
            "75264" : 1,
            "78336" : 1,
            "79360" : 3,
            "80384" : 2,
            "82432" : 4,
            "83456" : 1,
            "86528" : 2,
            "88576" : 1,
            "89600" : 1,
            "91648" : 2,
            "92672" : 1,
            "99840" : 1,
            "100864" : 2,
            "102912" : 2,
            "103936" : 1,
            "105984" : 1,
            "107008" : 2,
            "109056" : 1,
            "111104" : 2,
            "112128" : 3,
            "113152" : 2,
            "114176" : 1,
            "115200" : 2,
            "116224" : 1,
            "117248" : 1,
            "118272" : 2,
            "119296" : 1,
            "120320" : 1,
            "125440" : 1,
            "127488" : 1,
            "128512" : 1,
            "134144" : 2,
            "140288" : 1,
            "144384" : 1,
            "156672" : 1,
            "158720" : 1,
            "162816" : 1,
            "164864" : 1,
            "168960" : 1,
            "171008" : 1,
            "177152" : 2,
            "181248" : 2,
            "183296" : 1,
            "189440" : 2,
            "197632" : 1,
            "203776" : 1,
            "209920" : 1,
            "214016" : 1,
            "224256" : 1,
            "232448" : 2,
            "264192" : 1,
            "296960" : 1,
            "321536" : 1,
            "333824" : 1,
            "342016" : 1,
            "350208" : 1,
            "358400" : 1,
            "387072" : 1,
            "395264" : 1,
            "399360" : 1,
            "403456" : 1,
            "419840" : 1,
            "423936" : 1,
            "428032" : 1,
            "436224" : 1,
            "501760" : 1,
            "514048" : 1,
            "522240" : 1,
            "724992" : 1,
            "1515520" : 1,
            "2056192" : 1,
            "2146304" : 1,
            "4292608" : 1,
            "5799936" : 1
          }
        },
        "bw_min" : 198424,
        "bw_max" : 338328,
        "bw_agg" : 100.000000,
        "bw_mean" : 243861.517241,
        "bw_dev" : 38711.083277,
        "bw_samples" : 29,
        "iops_min" : 49606,
        "iops_max" : 84582,
        "iops_mean" : 60965.379310,
        "iops_stddev" : 9677.770819,
        "iops_samples" : 29
      },
      "trim" : {
        "io_bytes" : 0,
        "io_kbytes" : 0,
        "bw_bytes" : 0,
        "bw" : 0,
        "iops" : 0.000000,
        "runtime" : 0,
        "total_ios" : 0,
        "short_ios" : 0,
        "drop_ios" : 0,
        "slat_ns" : {
          "min" : 0,
          "max" : 0,
          "mean" : 0.000000,
          "stddev" : 0.000000,
          "N" : 0
        },
        "clat_ns" : {
          "min" : 0,
          "max" : 0,
          "mean" : 0.000000,
          "stddev" : 0.000000,
          "N" : 0
        },
        "lat_ns" : {
          "min" : 0,
          "max" : 0,
          "mean" : 0.000000,
          "stddev" : 0.000000,
          "N" : 0
        },
        "bw_min" : 0,
        "bw_max" : 0,
        "bw_agg" : 0.000000,
        "bw_mean" : 0.000000,
        "bw_dev" : 0.000000,
        "bw_samples" : 0,
        "iops_min" : 0,
        "iops_max" : 0,
        "iops_mean" : 0.000000,
        "iops_stddev" : 0.000000,
        "iops_samples" : 0
      },
      "sync" : {
        "total_ios" : 0,
        "lat_ns" : {
          "min" : 0,
          "max" : 0,
          "mean" : 0.000000,
          "stddev" : 0.000000,
          "N" : 0
        }
      },
      "job_runtime" : 15000,
      "usr_cpu" : 12.006667,
      "sys_cpu" : 55.713333,
      "ctx" : 931610,
      "majf" : 0,
      "minf" : 18,
      "iodepth_level" : {
        "1" : 100.000000,
        "2" : 0.000000,
        "4" : 0.000000,
        "8" : 0.000000,
        "16" : 0.000000,
        "32" : 0.000000,
        ">=64" : 0.000000
      },
      "iodepth_submit" : {
        "0" : 0.000000,
        "4" : 100.000000,
        "8" : 0.000000,
        "16" : 0.000000,
        "32" : 0.000000,
        "64" : 0.000000,
        ">=64" : 0.000000
      },
      "iodepth_complete" : {
        "0" : 0.000000,
        "4" : 100.000000,
        "8" : 0.000000,
        "16" : 0.000000,
        "32" : 0.000000,
        "64" : 0.000000,
        ">=64" : 0.000000
      },
      "latency_ns" : {
        "2" : 0.000000,
        "4" : 0.000000,
        "10" : 0.000000,
        "20" : 0.000000,
        "50" : 0.000000,
        "100" : 0.000000,
        "250" : 0.000000,
        "500" : 0.000000,
        "750" : 0.000000,
        "1000" : 0.000000
      },
      "latency_us" : {
        "2" : 26.173149,
        "4" : 22.517355,
        "10" : 20.273076,
        "20" : 30.328853,
        "50" : 0.646201,
        "100" : 0.034518,
        "250" : 0.016547,
        "500" : 0.010000,
        "750" : 0.010000,
        "1000" : 0.010000
      },
      "latency_ms" : {
        "2" : 0.010000,
        "4" : 0.010000,
        "10" : 0.010000,
        "20" : 0.000000,
        "50" : 0.000000,
        "100" : 0.000000,
        "250" : 0.000000,
        "500" : 0.000000,
        "750" : 0.000000,
        "1000" : 0.000000,
        "2000" : 0.000000,
        ">=2000" : 0.000000
      },
      "latency_depth" : 128,
      "latency_target" : 0,
      "latency_percentile" : 100.000000,
      "latency_window" : 0
    }
  ],
  "disk_util" : [
    {
      "name" : "loop25",
      "read_ios" : 907154,
      "write_ios" : 905856,
      "read_merges" : 0,
      "write_merges" : 0,
      "read_ticks" : 6385,
      "write_ticks" : 25945,
      "in_queue" : 0,
      "util" : 99.239087
    }
  ]
}
