{
  "fio version" : "fio-3.32-36-g5932",
  "timestamp" : 1664235792,
  "timestamp_ms" : 1664235792448,
  "time" : "Tue Sep 27 01:43:12 2022",
  "global options" : {
    "size" : "256K",
    "rw" : "randrw",
    "bs" : "4K",
    "numjobs" : "1",
    "iodepth" : "128",
    "runtime" : "15",
    "end_fsync" : "1",
    "lat_percentiles" : "1",
    "slat_percentiles" : "1",
    "clat_percentiles" : "1"
  },
  "jobs" : [
    {
      "jobname" : "random-rw",
      "groupid" : 0,
      "error" : 0,
      "eta" : 0,
      "elapsed" : 16,
      "job options" : {
        "name" : "random-rw"
      },
      "read" : {
        "io_bytes" : 2291453952,
        "io_kbytes" : 2237748,
        "bw_bytes" : 152641483,
        "bw" : 149063,
        "iops" : 37265.987210,
        "runtime" : 15012,
        "total_ios" : 559437,
        "short_ios" : 0,
        "drop_ios" : 0,
        "slat_ns" : {
          "min" : 0,
          "max" : 0,
          "mean" : 0.000000,
          "stddev" : 0.000000,
          "N" : 0
        },
        "clat_ns" : {
          "min" : 639,
          "max" : 16084329,
          "mean" : 14710.207198,
          "stddev" : 47817.368741,
          "N" : 559437,
          "percentile" : {
            "1.000000" : 716,
            "5.000000" : 796,
            "10.000000" : 852,
            "20.000000" : 964,
            "30.000000" : 11072,
            "40.000000" : 15168,
            "50.000000" : 16064,
            "60.000000" : 16768,
            "70.000000" : 17536,
            "80.000000" : 19840,
            "90.000000" : 24448,
            "95.000000" : 29312,
            "99.000000" : 46848,
            "99.500000" : 66048,
            "99.900000" : 126464,
            "99.950000" : 230400,
            "99.990000" : 1531904
          },
          "bins" : {
            "636" : 1,
            "644" : 11,
            "652" : 66,
            "660" : 174,
            "668" : 358,
            "676" : 473,
            "684" : 674,
            "692" : 791,
            "700" : 946,
            "708" : 1018,
            "716" : 1142,
            "724" : 1416,
            "732" : 1550,
            "740" : 1811,
            "748" : 2027,
            "756" : 2045,
            "764" : 2280,
            "772" : 2503,
            "780" : 2888,
            "788" : 3168,
            "796" : 3417,
            "804" : 3928,
            "812" : 4226,
            "820" : 4506,
            "828" : 4822,
            "836" : 4539,
            "844" : 4693,
            "852" : 4583,
            "860" : 4404,
            "868" : 4159,
            "876" : 3742,
            "884" : 3951,
            "892" : 3788,
            "900" : 3793,
            "908" : 3766,
            "916" : 3588,
            "924" : 3724,
            "932" : 3788,
            "940" : 3759,
            "948" : 3486,
            "956" : 3279,
            "964" : 3325,
            "972" : 3083,
            "980" : 2948,
            "988" : 2760,
            "996" : 2426,
            "1004" : 2502,
            "1012" : 2335,
            "1020" : 2144,
            "1032" : 3633,
            "1048" : 2929,
            "1064" : 2291,
            "1080" : 1673,
            "1096" : 1381,
            "1112" : 1053,
            "1128" : 838,
            "1144" : 717,
            "1160" : 618,
            "1176" : 547,
            "1192" : 503,
            "1208" : 481,
            "1224" : 473,
            "1240" : 449,
            "1256" : 434,
            "1272" : 423,
            "1288" : 390,
            "1304" : 372,
            "1320" : 378,
            "1336" : 395,
            "1352" : 361,
            "1368" : 395,
            "1384" : 413,
            "1400" : 411,
            "1416" : 437,
            "1432" : 361,
            "1448" : 370,
            "1464" : 357,
            "1480" : 308,
            "1496" : 332,
            "1512" : 342,
            "1528" : 294,
            "1544" : 235,
            "1560" : 261,
            "1576" : 210,
            "1592" : 198,
            "1608" : 191,
            "1624" : 187,
            "1640" : 149,
            "1656" : 173,
            "1672" : 142,
            "1688" : 137,
            "1704" : 125,
            "1720" : 121,
            "1736" : 120,
            "1752" : 85,
            "1768" : 93,
            "1784" : 94,
            "1800" : 71,
            "1816" : 74,
            "1832" : 75,
            "1848" : 60,
            "1864" : 62,
            "1880" : 48,
            "1896" : 43,
            "1912" : 22,
            "1928" : 42,
            "1944" : 40,
            "1960" : 36,
            "1976" : 37,
            "1992" : 26,
            "2008" : 46,
            "2024" : 31,
            "2040" : 27,
            "2064" : 44,
            "2096" : 43,
            "2128" : 37,
            "2160" : 38,
            "2192" : 31,
            "2224" : 30,
            "2256" : 35,
            "2288" : 31,
            "2320" : 24,
            "2352" : 30,
            "2384" : 34,
            "2416" : 18,
            "2448" : 20,
            "2480" : 19,
            "2512" : 20,
            "2544" : 24,
            "2576" : 17,
            "2608" : 19,
            "2640" : 11,
            "2672" : 15,
            "2704" : 13,
            "2736" : 11,
            "2768" : 9,
            "2800" : 8,
            "2832" : 12,
            "2864" : 19,
            "2896" : 12,
            "2928" : 14,
            "2960" : 5,
            "2992" : 7,
            "3024" : 11,
            "3056" : 7,
            "3088" : 14,
            "3120" : 7,
            "3152" : 10,
            "3184" : 8,
            "3216" : 8,
            "3248" : 4,
            "3280" : 4,
            "3312" : 8,
            "3344" : 7,
            "3376" : 6,
            "3408" : 6,
            "3440" : 8,
            "3472" : 4,
            "3504" : 3,
            "3536" : 6,
            "3568" : 3,
            "3600" : 3,
            "3632" : 4,
            "3664" : 3,
            "3696" : 5,
            "3728" : 3,
            "3792" : 5,
            "3824" : 6,
            "3856" : 3,
            "3888" : 5,
            "3920" : 4,
            "3952" : 3,
            "3984" : 2,
            "4016" : 2,
            "4048" : 5,
            "4080" : 7,
            "4128" : 7,
            "4192" : 7,
            "4256" : 8,
            "4320" : 8,
            "4384" : 6,
            "4448" : 6,
            "4512" : 10,
            "4576" : 8,
            "4640" : 8,
            "4704" : 8,
            "4768" : 9,
            "4832" : 6,
            "4896" : 6,
            "4960" : 5,
            "5024" : 5,
            "5088" : 7,
            "5152" : 5,
            "5216" : 4,
            "5280" : 1,
            "5344" : 1,
            "5408" : 1,
            "5472" : 2,
            "5536" : 3,
            "5600" : 2,
            "5664" : 3,
            "5728" : 1,
            "5792" : 1,
            "5856" : 1,
            "5920" : 4,
            "5984" : 1,
            "6048" : 1,
            "6112" : 2,
            "6304" : 1,
            "6368" : 4,
            "6432" : 1,
            "6688" : 2,
            "6880" : 1,
            "6944" : 2,
            "7008" : 2,
            "7072" : 1,
            "7136" : 1,
            "7200" : 1,
            "7264" : 4,
            "7328" : 2,
            "7392" : 3,
            "7456" : 1,
            "7712" : 4,
            "7776" : 2,
            "7840" : 3,
            "7904" : 2,
            "8032" : 1,
            "8096" : 3,
            "8160" : 1,
            "8256" : 3,
            "8384" : 4,
            "8512" : 1,
            "8768" : 1,
            "8896" : 2,
            "9024" : 2,
            "9152" : 4,
            "9280" : 4,
            "9408" : 3,
            "9536" : 5,
            "9664" : 2,
            "9920" : 2,
            "10048" : 9,
            "10176" : 36,
            "10304" : 191,
            "10432" : 416,
            "10560" : 615,
            "10688" : 831,
            "10816" : 1379,
            "10944" : 2142,
            "11072" : 2963,
            "11200" : 2880,
            "11328" : 2750,
            "11456" : 2518,
            "11584" : 2304,
            "11712" : 1967,
            "11840" : 1665,
            "11968" : 1292,
            "12096" : 1208,
            "12224" : 1142,
            "12352" : 1121,
            "12480" : 928,
            "12608" : 754,
            "12736" : 595,
            "12864" : 451,
            "12992" : 379,
            "13120" : 279,
            "13248" : 273,
            "13376" : 273,
            "13504" : 322,
            "13632" : 492,
            "13760" : 775,
            "13888" : 1184,
            "14016" : 1693,
            "14144" : 2264,
            "14272" : 2870,
            "14400" : 3082,
            "14528" : 3379,
            "14656" : 3426,
            "14784" : 3669,
            "14912" : 3756,
            "15040" : 4208,
            "15168" : 4746,
            "15296" : 5625,
            "15424" : 6266,
            "15552" : 7328,
            "15680" : 8525,
            "15808" : 9823,
            "15936" : 10774,
            "16064" : 10826,
            "16192" : 10836,
            "16320" : 10571,
            "16512" : 21247,
            "16768" : 20345,
            "17024" : 17660,
            "17280" : 14139,
            "17536" : 11825,
            "17792" : 10017,
            "18048" : 8732,
            "18304" : 7346,
            "18560" : 6246,
            "18816" : 6300,
            "19072" : 5714,
            "19328" : 5392,
            "19584" : 5166,
            "19840" : 4744,
            "20096" : 4358,
            "20352" : 3812,
            "20608" : 3826,
            "20864" : 3743,
            "21120" : 3765,
            "21376" : 3785,
            "21632" : 3566,
            "21888" : 3294,
            "22144" : 3072,
            "22400" : 2778,
            "22656" : 2686,
            "22912" : 2494,
            "23168" : 2371,
            "23424" : 2054,
            "23680" : 1907,
            "23936" : 1762,
            "24192" : 1685,
            "24448" : 1596,
            "24704" : 1716,
            "24960" : 1554,
            "25216" : 1542,
            "25472" : 1549,
            "25728" : 1587,
            "25984" : 1538,
            "26240" : 1449,
            "26496" : 1385,
            "26752" : 1416,
            "27008" : 1374,
            "27264" : 1402,
            "27520" : 1469,
            "27776" : 1451,
            "28032" : 1370,
            "28288" : 1344,
            "28544" : 1315,
            "28800" : 1250,
            "29056" : 1157,
            "29312" : 1112,
            "29568" : 1069,
            "29824" : 991,
            "30080" : 1032,
            "30336" : 995,
            "30592" : 950,
            "30848" : 936,
            "31104" : 949,
            "31360" : 892,
            "31616" : 853,
            "31872" : 800,
            "32128" : 746,
            "32384" : 729,
            "32640" : 668,
            "33024" : 1164,
            "33536" : 918,
            "34048" : 873,
            "34560" : 745,
            "35072" : 652,
            "35584" : 611,
            "36096" : 554,
            "36608" : 513,
            "37120" : 426,
            "37632" : 387,
            "38144" : 373,
            "38656" : 338,
            "39168" : 269,
            "39680" : 287,
            "40192" : 260,
            "40704" : 268,
            "41216" : 201,
            "41728" : 183,
            "42240" : 177,
            "42752" : 169,
            "43264" : 179,
            "43776" : 157,
            "44288" : 145,
            "44800" : 155,
            "45312" : 150,
            "45824" : 128,
            "46336" : 160,
            "46848" : 122,
            "47360" : 131,
            "47872" : 117,
            "48384" : 108,
            "48896" : 113,
            "49408" : 108,
            "49920" : 105,
            "50432" : 114,
            "50944" : 104,
            "51456" : 96,
            "51968" : 108,
            "52480" : 81,
            "52992" : 64,
            "53504" : 76,
            "54016" : 77,
            "54528" : 76,
            "55040" : 76,
            "55552" : 59,
            "56064" : 82,
            "56576" : 64,
            "57088" : 77,
            "57600" : 68,
            "58112" : 62,
            "58624" : 56,
            "59136" : 49,
            "59648" : 60,
            "60160" : 79,
            "60672" : 54,
            "61184" : 56,
            "61696" : 56,
            "62208" : 41,
            "62720" : 41,
            "63232" : 41,
            "63744" : 47,
            "64256" : 48,
            "64768" : 63,
            "65280" : 50,
            "66048" : 146,
            "67072" : 109,
            "68096" : 102,
            "69120" : 81,
            "70144" : 70,
            "71168" : 70,
            "72192" : 84,
            "73216" : 65,
            "74240" : 71,
            "75264" : 94,
            "76288" : 73,
            "77312" : 75,
            "78336" : 70,
            "79360" : 60,
            "80384" : 67,
            "81408" : 62,
            "82432" : 63,
            "83456" : 57,
            "84480" : 50,
            "85504" : 45,
            "86528" : 41,
            "87552" : 40,
            "88576" : 40,
            "89600" : 35,
            "90624" : 37,
            "91648" : 31,
            "92672" : 34,
            "93696" : 38,
            "94720" : 42,
            "95744" : 34,
            "96768" : 24,
            "97792" : 31,
            "98816" : 23,
            "99840" : 19,
            "100864" : 17,
            "101888" : 14,
            "102912" : 14,
            "103936" : 25,
            "104960" : 17,
            "105984" : 13,
            "107008" : 12,
            "108032" : 11,
            "109056" : 16,
            "110080" : 13,
            "111104" : 27,
            "112128" : 15,
            "113152" : 12,
            "114176" : 8,
            "115200" : 9,
            "116224" : 15,
            "117248" : 14,
            "118272" : 7,
            "119296" : 7,
            "120320" : 7,
            "121344" : 9,
            "122368" : 11,
            "123392" : 7,
            "124416" : 8,
            "125440" : 11,
            "126464" : 6,
            "127488" : 9,
            "128512" : 4,
            "129536" : 8,
            "130560" : 4,
            "132096" : 18,
            "134144" : 11,
            "136192" : 10,
            "138240" : 9,
            "140288" : 10,
            "142336" : 9,
            "144384" : 5,
            "146432" : 19,
            "148480" : 13,
            "150528" : 11,
            "152576" : 7,
            "154624" : 6,
            "156672" : 5,
            "158720" : 5,
            "160768" : 7,
            "162816" : 5,
            "164864" : 5,
            "166912" : 4,
            "168960" : 4,
            "171008" : 4,
            "173056" : 4,
            "175104" : 1,
            "177152" : 4,
            "179200" : 6,
            "181248" : 11,
            "183296" : 2,
            "185344" : 3,
            "187392" : 2,
            "189440" : 3,
            "191488" : 2,
            "193536" : 3,
            "195584" : 1,
            "197632" : 5,
            "199680" : 4,
            "201728" : 1,
            "203776" : 2,
            "205824" : 5,
            "207872" : 1,
            "209920" : 2,
            "211968" : 3,
            "214016" : 2,
            "218112" : 3,
            "220160" : 1,
            "222208" : 5,
            "224256" : 5,
            "226304" : 2,
            "228352" : 3,
            "230400" : 2,
            "232448" : 3,
            "234496" : 1,
            "236544" : 2,
            "240640" : 1,
            "242688" : 6,
            "244736" : 4,
            "248832" : 1,
            "250880" : 2,
            "252928" : 2,
            "254976" : 2,
            "259072" : 1,
            "261120" : 2,
            "264192" : 2,
            "268288" : 5,
            "272384" : 2,
            "276480" : 3,
            "280576" : 1,
            "284672" : 1,
            "288768" : 2,
            "292864" : 2,
            "296960" : 2,
            "301056" : 5,
            "305152" : 2,
            "309248" : 2,
            "313344" : 1,
            "317440" : 6,
            "321536" : 1,
            "325632" : 4,
            "329728" : 2,
            "333824" : 1,
            "337920" : 1,
            "342016" : 1,
            "346112" : 6,
            "350208" : 3,
            "354304" : 4,
            "362496" : 1,
            "374784" : 1,
            "382976" : 1,
            "387072" : 2,
            "395264" : 1,
            "399360" : 1,
            "403456" : 1,
            "407552" : 3,
            "411648" : 1,
            "415744" : 1,
            "428032" : 1,
            "432128" : 1,
            "444416" : 3,
            "452608" : 3,
            "460800" : 1,
            "468992" : 2,
            "473088" : 1,
            "477184" : 2,
            "481280" : 1,
            "493568" : 1,
            "497664" : 2,
            "501760" : 2,
            "505856" : 1,
            "514048" : 1,
            "518144" : 2,
            "528384" : 3,
            "536576" : 2,
            "552960" : 2,
            "561152" : 3,
            "569344" : 4,
            "577536" : 1,
            "585728" : 1,
            "593920" : 2,
            "602112" : 2,
            "610304" : 1,
            "618496" : 3,
            "626688" : 1,
            "634880" : 1,
            "643072" : 3,
            "651264" : 3,
            "659456" : 1,
            "667648" : 2,
            "675840" : 1,
            "684032" : 1,
            "692224" : 1,
            "700416" : 2,
            "708608" : 2,
            "716800" : 1,
            "733184" : 1,
            "741376" : 1,
            "774144" : 1,
            "782336" : 1,
            "790528" : 1,
            "806912" : 1,
            "815104" : 2,
            "839680" : 3,
            "847872" : 1,
            "856064" : 1,
            "872448" : 1,
            "880640" : 1,
            "888832" : 2,
            "897024" : 1,
            "905216" : 2,
            "913408" : 1,
            "921600" : 3,
            "929792" : 2,
            "954368" : 3,
            "987136" : 1,
            "1036288" : 1,
            "1056768" : 4,
            "1089536" : 3,
            "1122304" : 1,
            "1155072" : 3,
            "1187840" : 1,
            "1204224" : 1,
            "1220608" : 2,
            "1236992" : 2,
            "1269760" : 3,
            "1318912" : 1,
            "1351680" : 2,
            "1499136" : 1,
            "1515520" : 1,
            "1531904" : 1,
            "1662976" : 1,
            "1695744" : 1,
            "1777664" : 1,
            "1892352" : 1,
            "1908736" : 1,
            "1925120" : 1,
            "2007040" : 1,
            "2056192" : 1,
            "2113536" : 1,
            "2179072" : 2,
            "2244608" : 1,
            "2342912" : 2,
            "2375680" : 1,
            "2441216" : 1,
            "2506752" : 1,
            "2572288" : 1,
            "2637824" : 1,
            "2834432" : 1,
            "2867200" : 1,
            "2998272" : 1,
            "3063808" : 1,
            "3096576" : 1,
            "3162112" : 1,
            "3194880" : 1,
            "3325952" : 1,
            "3522560" : 1,
            "3588096" : 1,
            "3620864" : 1,
            "3653632" : 1,
            "3719168" : 1,
            "3817472" : 2,
            "3981312" : 1,
            "4079616" : 1,
            "4145152" : 1,
            "4227072" : 1,
            "4358144" : 1,
            "4489216" : 2,
            "4554752" : 2,
            "4620288" : 3,
            "5013504" : 1,
            "5406720" : 1,
            "6127616" : 1,
            "6324224" : 1,
            "6979584" : 1,
            "7241728" : 1,
            "8355840" : 1,
            "8454144" : 1,
            "16056320" : 1
          }
        },
        "lat_ns" : {
          "min" : 670,
          "max" : 16084744,
          "mean" : 14780.831202,
          "stddev" : 47824.369275,
          "N" : 559437,
          "percentile" : {
            "1.000000" : 756,
            "5.000000" : 836,
            "10.000000" : 892,
            "20.000000" : 1032,
            "30.000000" : 11200,
            "40.000000" : 15168,
            "50.000000" : 16064,
            "60.000000" : 16768,
            "70.000000" : 17792,
            "80.000000" : 19840,
            "90.000000" : 24448,
            "95.000000" : 29568,
            "99.000000" : 47360,
            "99.500000" : 66048,
            "99.900000" : 127488,
            "99.950000" : 230400,
            "99.990000" : 1531904
          },
          "bins" : {
            "668" : 3,
            "676" : 7,
            "684" : 35,
            "692" : 127,
            "700" : 265,
            "708" : 412,
            "716" : 580,
            "724" : 778,
            "732" : 865,
            "740" : 963,
            "748" : 1134,
            "756" : 1177,
            "764" : 1426,
            "772" : 1619,
            "780" : 1857,
            "788" : 2001,
            "796" : 2010,
            "804" : 2293,
            "812" : 2649,
            "820" : 2948,
            "828" : 3275,
            "836" : 3415,
            "844" : 3838,
            "852" : 3878,
            "860" : 4347,
            "868" : 4207,
            "876" : 4064,
            "884" : 4315,
            "892" : 3991,
            "900" : 4005,
            "908" : 3683,
            "916" : 3221,
            "924" : 3264,
            "932" : 3176,
            "940" : 3046,
            "948" : 3039,
            "956" : 2904,
            "964" : 3086,
            "972" : 3092,
            "980" : 3160,
            "988" : 3294,
            "996" : 2966,
            "1004" : 3144,
            "1012" : 3125,
            "1020" : 3100,
            "1032" : 5785,
            "1048" : 5279,
            "1064" : 4866,
            "1080" : 4219,
            "1096" : 3679,
            "1112" : 2920,
            "1128" : 2387,
            "1144" : 1838,
            "1160" : 1461,
            "1176" : 1145,
            "1192" : 861,
            "1208" : 750,
            "1224" : 612,
            "1240" : 492,
            "1256" : 472,
            "1272" : 451,
            "1288" : 418,
            "1304" : 442,
            "1320" : 401,
            "1336" : 366,
            "1352" : 358,
            "1368" : 348,
            "1384" : 345,
            "1400" : 337,
            "1416" : 294,
            "1432" : 299,
            "1448" : 264,
            "1464" : 258,
            "1480" : 284,
            "1496" : 280,
            "1512" : 252,
            "1528" : 235,
            "1544" : 290,
            "1560" : 261,
            "1576" : 248,
            "1592" : 256,
            "1608" : 283,
            "1624" : 310,
            "1640" : 315,
            "1656" : 298,
            "1672" : 263,
            "1688" : 283,
            "1704" : 279,
            "1720" : 224,
            "1736" : 230,
            "1752" : 208,
            "1768" : 220,
            "1784" : 194,
            "1800" : 175,
            "1816" : 169,
            "1832" : 125,
            "1848" : 134,
            "1864" : 117,
            "1880" : 123,
            "1896" : 123,
            "1912" : 105,
            "1928" : 93,
            "1944" : 95,
            "1960" : 87,
            "1976" : 83,
            "1992" : 61,
            "2008" : 57,
            "2024" : 63,
            "2040" : 39,
            "2064" : 88,
            "2096" : 81,
            "2128" : 83,
            "2160" : 68,
            "2192" : 45,
            "2224" : 57,
            "2256" : 45,
            "2288" : 45,
            "2320" : 44,
            "2352" : 26,
            "2384" : 29,
            "2416" : 31,
            "2448" : 29,
            "2480" : 34,
            "2512" : 30,
            "2544" : 23,
            "2576" : 23,
            "2608" : 16,
            "2640" : 26,
            "2672" : 22,
            "2704" : 16,
            "2736" : 23,
            "2768" : 13,
            "2800" : 15,
            "2832" : 15,
            "2864" : 17,
            "2896" : 13,
            "2928" : 16,
            "2960" : 15,
            "2992" : 10,
            "3024" : 12,
            "3056" : 3,
            "3088" : 10,
            "3120" : 11,
            "3152" : 6,
            "3184" : 8,
            "3216" : 11,
            "3248" : 7,
            "3280" : 12,
            "3312" : 7,
            "3344" : 5,
            "3376" : 7,
            "3408" : 9,
            "3440" : 5,
            "3472" : 13,
            "3504" : 7,
            "3536" : 5,
            "3568" : 4,
            "3600" : 8,
            "3632" : 6,
            "3664" : 4,
            "3696" : 4,
            "3728" : 6,
            "3760" : 2,
            "3792" : 3,
            "3824" : 4,
            "3856" : 4,
            "3888" : 2,
            "3920" : 6,
            "3952" : 8,
            "3984" : 2,
            "4016" : 2,
            "4048" : 7,
            "4080" : 6,
            "4128" : 7,
            "4192" : 8,
            "4256" : 8,
            "4320" : 11,
            "4384" : 7,
            "4448" : 13,
            "4512" : 8,
            "4576" : 8,
            "4640" : 8,
            "4704" : 12,
            "4768" : 8,
            "4832" : 9,
            "4896" : 7,
            "4960" : 3,
            "5024" : 3,
            "5088" : 8,
            "5152" : 6,
            "5216" : 6,
            "5280" : 3,
            "5344" : 3,
            "5408" : 2,
            "5472" : 2,
            "5536" : 3,
            "5600" : 2,
            "5664" : 3,
            "5728" : 1,
            "5792" : 2,
            "5920" : 3,
            "5984" : 2,
            "6048" : 3,
            "6112" : 1,
            "6176" : 2,
            "6240" : 2,
            "6368" : 2,
            "6432" : 1,
            "6496" : 3,
            "6816" : 1,
            "6944" : 1,
            "7072" : 1,
            "7136" : 2,
            "7200" : 3,
            "7264" : 1,
            "7328" : 4,
            "7392" : 3,
            "7456" : 3,
            "7520" : 1,
            "7584" : 1,
            "7712" : 1,
            "7776" : 3,
            "7840" : 1,
            "7904" : 3,
            "7968" : 2,
            "8032" : 1,
            "8096" : 1,
            "8160" : 3,
            "8256" : 3,
            "8384" : 1,
            "8512" : 4,
            "8640" : 3,
            "8768" : 2,
            "9024" : 2,
            "9152" : 3,
            "9280" : 3,
            "9408" : 5,
            "9536" : 6,
            "9664" : 4,
            "9920" : 1,
            "10176" : 19,
            "10304" : 83,
            "10432" : 309,
            "10560" : 489,
            "10688" : 721,
            "10816" : 1067,
            "10944" : 1777,
            "11072" : 2631,
            "11200" : 3013,
            "11328" : 2882,
            "11456" : 2675,
            "11584" : 2416,
            "11712" : 2137,
            "11840" : 1840,
            "11968" : 1404,
            "12096" : 1184,
            "12224" : 1155,
            "12352" : 1159,
            "12480" : 980,
            "12608" : 845,
            "12736" : 673,
            "12864" : 515,
            "12992" : 396,
            "13120" : 320,
            "13248" : 279,
            "13376" : 252,
            "13504" : 296,
            "13632" : 355,
            "13760" : 624,
            "13888" : 888,
            "14016" : 1415,
            "14144" : 1903,
            "14272" : 2577,
            "14400" : 2974,
            "14528" : 3250,
            "14656" : 3353,
            "14784" : 3656,
            "14912" : 3744,
            "15040" : 3939,
            "15168" : 4468,
            "15296" : 5253,
            "15424" : 5886,
            "15552" : 6921,
            "15680" : 8105,
            "15808" : 9396,
            "15936" : 10481,
            "16064" : 10870,
            "16192" : 10937,
            "16320" : 10489,
            "16512" : 21181,
            "16768" : 20747,
            "17024" : 18435,
            "17280" : 14925,
            "17536" : 12222,
            "17792" : 10388,
            "18048" : 8937,
            "18304" : 7678,
            "18560" : 6356,
            "18816" : 6292,
            "19072" : 5849,
            "19328" : 5442,
            "19584" : 5279,
            "19840" : 4735,
            "20096" : 4494,
            "20352" : 3835,
            "20608" : 3807,
            "20864" : 3735,
            "21120" : 3737,
            "21376" : 3840,
            "21632" : 3639,
            "21888" : 3403,
            "22144" : 3096,
            "22400" : 2827,
            "22656" : 2731,
            "22912" : 2506,
            "23168" : 2385,
            "23424" : 2088,
            "23680" : 1978,
            "23936" : 1738,
            "24192" : 1714,
            "24448" : 1598,
            "24704" : 1687,
            "24960" : 1574,
            "25216" : 1493,
            "25472" : 1576,
            "25728" : 1603,
            "25984" : 1529,
            "26240" : 1448,
            "26496" : 1436,
            "26752" : 1380,
            "27008" : 1390,
            "27264" : 1408,
            "27520" : 1428,
            "27776" : 1436,
            "28032" : 1370,
            "28288" : 1391,
            "28544" : 1344,
            "28800" : 1265,
            "29056" : 1169,
            "29312" : 1161,
            "29568" : 1093,
            "29824" : 986,
            "30080" : 1030,
            "30336" : 996,
            "30592" : 977,
            "30848" : 950,
            "31104" : 933,
            "31360" : 950,
            "31616" : 860,
            "31872" : 811,
            "32128" : 773,
            "32384" : 750,
            "32640" : 685,
            "33024" : 1253,
            "33536" : 902,
            "34048" : 906,
            "34560" : 766,
            "35072" : 663,
            "35584" : 638,
            "36096" : 561,
            "36608" : 528,
            "37120" : 443,
            "37632" : 381,
            "38144" : 392,
            "38656" : 341,
            "39168" : 289,
            "39680" : 294,
            "40192" : 254,
            "40704" : 262,
            "41216" : 223,
            "41728" : 185,
            "42240" : 180,
            "42752" : 175,
            "43264" : 175,
            "43776" : 174,
            "44288" : 138,
            "44800" : 157,
            "45312" : 153,
            "45824" : 125,
            "46336" : 152,
            "46848" : 139,
            "47360" : 122,
            "47872" : 121,
            "48384" : 115,
            "48896" : 105,
            "49408" : 117,
            "49920" : 103,
            "50432" : 111,
            "50944" : 104,
            "51456" : 98,
            "51968" : 107,
            "52480" : 79,
            "52992" : 79,
            "53504" : 62,
            "54016" : 89,
            "54528" : 74,
            "55040" : 76,
            "55552" : 61,
            "56064" : 76,
            "56576" : 73,
            "57088" : 70,
            "57600" : 73,
            "58112" : 62,
            "58624" : 59,
            "59136" : 49,
            "59648" : 63,
            "60160" : 74,
            "60672" : 61,
            "61184" : 59,
            "61696" : 57,
            "62208" : 45,
            "62720" : 43,
            "63232" : 43,
            "63744" : 46,
            "64256" : 42,
            "64768" : 62,
            "65280" : 52,
            "66048" : 136,
            "67072" : 121,
            "68096" : 100,
            "69120" : 88,
            "70144" : 67,
            "71168" : 75,
            "72192" : 79,
            "73216" : 65,
            "74240" : 74,
            "75264" : 92,
            "76288" : 78,
            "77312" : 75,
            "78336" : 73,
            "79360" : 62,
            "80384" : 69,
            "81408" : 60,
            "82432" : 70,
            "83456" : 55,
            "84480" : 51,
            "85504" : 45,
            "86528" : 43,
            "87552" : 42,
            "88576" : 35,
            "89600" : 39,
            "90624" : 39,
            "91648" : 26,
            "92672" : 36,
            "93696" : 35,
            "94720" : 45,
            "95744" : 32,
            "96768" : 28,
            "97792" : 25,
            "98816" : 27,
            "99840" : 19,
            "100864" : 18,
            "101888" : 16,
            "102912" : 15,
            "103936" : 16,
            "104960" : 26,
            "105984" : 13,
            "107008" : 10,
            "108032" : 10,
            "109056" : 14,
            "110080" : 14,
            "111104" : 28,
            "112128" : 16,
            "113152" : 11,
            "114176" : 8,
            "115200" : 10,
            "116224" : 12,
            "117248" : 13,
            "118272" : 10,
            "119296" : 8,
            "120320" : 7,
            "121344" : 10,
            "122368" : 11,
            "123392" : 7,
            "124416" : 8,
            "125440" : 12,
            "126464" : 5,
            "127488" : 11,
            "128512" : 4,
            "129536" : 6,
            "130560" : 4,
            "132096" : 19,
            "134144" : 10,
            "136192" : 12,
            "138240" : 7,
            "140288" : 12,
            "142336" : 8,
            "144384" : 6,
            "146432" : 18,
            "148480" : 13,
            "150528" : 11,
            "152576" : 8,
            "154624" : 6,
            "156672" : 6,
            "158720" : 5,
            "160768" : 5,
            "162816" : 7,
            "164864" : 5,
            "166912" : 4,
            "168960" : 4,
            "171008" : 4,
            "173056" : 2,
            "175104" : 3,
            "177152" : 3,
            "179200" : 7,
            "181248" : 10,
            "183296" : 3,
            "185344" : 2,
            "187392" : 4,
            "189440" : 2,
            "191488" : 3,
            "193536" : 3,
            "195584" : 1,
            "197632" : 5,
            "199680" : 4,
            "201728" : 1,
            "203776" : 2,
            "205824" : 4,
            "207872" : 2,
            "209920" : 1,
            "211968" : 4,
            "214016" : 2,
            "218112" : 3,
            "220160" : 1,
            "222208" : 5,
            "224256" : 4,
            "226304" : 3,
            "228352" : 2,
            "230400" : 3,
            "232448" : 3,
            "234496" : 1,
            "236544" : 2,
            "240640" : 1,
            "242688" : 5,
            "244736" : 4,
            "246784" : 1,
            "250880" : 3,
            "252928" : 2,
            "254976" : 2,
            "259072" : 1,
            "261120" : 2,
            "264192" : 2,
            "268288" : 5,
            "272384" : 2,
            "276480" : 3,
            "280576" : 1,
            "284672" : 1,
            "288768" : 2,
            "292864" : 2,
            "296960" : 2,
            "301056" : 5,
            "305152" : 2,
            "309248" : 1,
            "313344" : 2,
            "317440" : 6,
            "321536" : 1,
            "325632" : 4,
            "329728" : 2,
            "333824" : 1,
            "337920" : 1,
            "342016" : 1,
            "346112" : 6,
            "350208" : 3,
            "354304" : 4,
            "362496" : 1,
            "374784" : 1,
            "382976" : 1,
            "387072" : 2,
            "399360" : 2,
            "403456" : 1,
            "407552" : 3,
            "411648" : 1,
            "415744" : 1,
            "432128" : 2,
            "444416" : 3,
            "452608" : 3,
            "460800" : 1,
            "468992" : 2,
            "473088" : 1,
            "477184" : 2,
            "481280" : 1,
            "493568" : 1,
            "497664" : 2,
            "501760" : 2,
            "505856" : 1,
            "514048" : 1,
            "518144" : 2,
            "528384" : 3,
            "536576" : 2,
            "552960" : 2,
            "561152" : 3,
            "569344" : 4,
            "577536" : 1,
            "585728" : 1,
            "593920" : 2,
            "602112" : 2,
            "610304" : 1,
            "618496" : 3,
            "626688" : 1,
            "634880" : 1,
            "643072" : 3,
            "651264" : 3,
            "659456" : 1,
            "667648" : 2,
            "675840" : 1,
            "684032" : 1,
            "692224" : 1,
            "700416" : 2,
            "708608" : 2,
            "716800" : 1,
            "733184" : 1,
            "741376" : 1,
            "774144" : 1,
            "782336" : 1,
            "790528" : 1,
            "806912" : 1,
            "815104" : 2,
            "839680" : 3,
            "847872" : 1,
            "856064" : 1,
            "872448" : 1,
            "880640" : 1,
            "888832" : 2,
            "897024" : 1,
            "905216" : 2,
            "913408" : 1,
            "921600" : 3,
            "929792" : 2,
            "954368" : 3,
            "987136" : 1,
            "1036288" : 1,
            "1056768" : 4,
            "1089536" : 3,
            "1122304" : 1,
            "1155072" : 3,
            "1187840" : 1,
            "1204224" : 1,
            "1220608" : 2,
            "1236992" : 2,
            "1269760" : 3,
            "1318912" : 1,
            "1351680" : 2,
            "1499136" : 1,
            "1515520" : 1,
            "1531904" : 1,
            "1679360" : 1,
            "1695744" : 1,
            "1777664" : 1,
            "1892352" : 1,
            "1908736" : 1,
            "1925120" : 1,
            "2007040" : 1,
            "2056192" : 1,
            "2113536" : 1,
            "2179072" : 2,
            "2244608" : 1,
            "2342912" : 2,
            "2375680" : 1,
            "2441216" : 1,
            "2506752" : 1,
            "2572288" : 1,
            "2637824" : 1,
            "2834432" : 1,
            "2867200" : 1,
            "2998272" : 1,
            "3063808" : 1,
            "3096576" : 1,
            "3162112" : 1,
            "3194880" : 1,
            "3325952" : 1,
            "3522560" : 1,
            "3588096" : 1,
            "3620864" : 1,
            "3653632" : 1,
            "3719168" : 1,
            "3817472" : 2,
            "3981312" : 1,
            "4079616" : 1,
            "4145152" : 1,
            "4227072" : 1,
            "4358144" : 1,
            "4489216" : 2,
            "4554752" : 2,
            "4620288" : 3,
            "5013504" : 1,
            "5406720" : 1,
            "6127616" : 1,
            "6324224" : 1,
            "6979584" : 1,
            "7241728" : 1,
            "8355840" : 1,
            "8454144" : 1,
            "16056320" : 1
          }
        },
        "bw_min" : 80832,
        "bw_max" : 185728,
        "bw_agg" : 100.000000,
        "bw_mean" : 149601.931034,
        "bw_dev" : 26955.825845,
        "bw_samples" : 29,
        "iops_min" : 20208,
        "iops_max" : 46432,
        "iops_mean" : 37400.482759,
        "iops_stddev" : 6738.956461,
        "iops_samples" : 29
      },
      "write" : {
        "io_bytes" : 2287980544,
        "io_kbytes" : 2234356,
        "bw_bytes" : 152410108,
        "bw" : 148837,
        "iops" : 37209.499067,
        "runtime" : 15012,
        "total_ios" : 558589,
        "short_ios" : 0,
        "drop_ios" : 0,
        "slat_ns" : {
          "min" : 0,
          "max" : 0,
          "mean" : 0.000000,
          "stddev" : 0.000000,
          "N" : 0
        },
        "clat_ns" : {
          "min" : 1691,
          "max" : 12419434,
          "mean" : 5996.318281,
          "stddev" : 34550.562772,
          "N" : 558589,
          "percentile" : {
            "1.000000" : 1912,
            "5.000000" : 2024,
            "10.000000" : 2160,
            "20.000000" : 2320,
            "30.000000" : 2768,
            "40.000000" : 3792,
            "50.000000" : 4256,
            "60.000000" : 4512,
            "70.000000" : 5280,
            "80.000000" : 6496,
            "90.000000" : 10944,
            "95.000000" : 13888,
            "99.000000" : 35584,
            "99.500000" : 57088,
            "99.900000" : 121344,
            "99.950000" : 150528,
            "99.990000" : 276480
          },
          "bins" : {
            "1688" : 1,
            "1720" : 2,
            "1736" : 12,
            "1752" : 13,
            "1768" : 40,
            "1784" : 81,
            "1800" : 127,
            "1816" : 175,
            "1832" : 354,
            "1848" : 551,
            "1864" : 811,
            "1880" : 1173,
            "1896" : 1697,
            "1912" : 2048,
            "1928" : 2549,
            "1944" : 3087,
            "1960" : 3297,
            "1976" : 3742,
            "1992" : 3730,
            "2008" : 3937,
            "2024" : 3757,
            "2040" : 3617,
            "2064" : 7023,
            "2096" : 6652,
            "2128" : 6732,
            "2160" : 7954,
            "2192" : 9874,
            "2224" : 11799,
            "2256" : 12983,
            "2288" : 12931,
            "2320" : 11407,
            "2352" : 9723,
            "2384" : 7483,
            "2416" : 5755,
            "2448" : 4192,
            "2480" : 3063,
            "2512" : 2279,
            "2544" : 1792,
            "2576" : 1595,
            "2608" : 1537,
            "2640" : 1530,
            "2672" : 1756,
            "2704" : 2014,
            "2736" : 2147,
            "2768" : 2210,
            "2800" : 2148,
            "2832" : 2044,
            "2864" : 1803,
            "2896" : 1651,
            "2928" : 1374,
            "2960" : 1110,
            "2992" : 981,
            "3024" : 833,
            "3056" : 804,
            "3088" : 763,
            "3120" : 780,
            "3152" : 868,
            "3184" : 997,
            "3216" : 1154,
            "3248" : 1313,
            "3280" : 1379,
            "3312" : 1262,
            "3344" : 1276,
            "3376" : 1363,
            "3408" : 1286,
            "3440" : 1272,
            "3472" : 1324,
            "3504" : 1388,
            "3536" : 1617,
            "3568" : 1834,
            "3600" : 2266,
            "3632" : 2860,
            "3664" : 3258,
            "3696" : 3853,
            "3728" : 4047,
            "3760" : 4184,
            "3792" : 4465,
            "3824" : 4155,
            "3856" : 4056,
            "3888" : 3826,
            "3920" : 3343,
            "3952" : 3155,
            "3984" : 2903,
            "4016" : 2924,
            "4048" : 2957,
            "4080" : 3106,
            "4128" : 7708,
            "4192" : 10244,
            "4256" : 12981,
            "4320" : 15366,
            "4384" : 15196,
            "4448" : 13238,
            "4512" : 11181,
            "4576" : 8908,
            "4640" : 7193,
            "4704" : 5810,
            "4768" : 4715,
            "4832" : 4016,
            "4896" : 3500,
            "4960" : 3016,
            "5024" : 2671,
            "5088" : 2322,
            "5152" : 2128,
            "5216" : 2231,
            "5280" : 2346,
            "5344" : 2330,
            "5408" : 2440,
            "5472" : 2468,
            "5536" : 2418,
            "5600" : 2481,
            "5664" : 2565,
            "5728" : 2672,
            "5792" : 2845,
            "5856" : 2853,
            "5920" : 2788,
            "5984" : 2784,
            "6048" : 2718,
            "6112" : 2731,
            "6176" : 2770,
            "6240" : 3064,
            "6304" : 3205,
            "6368" : 3825,
            "6432" : 4309,
            "6496" : 4280,
            "6560" : 4049,
            "6624" : 3477,
            "6688" : 2770,
            "6752" : 2240,
            "6816" : 1632,
            "6880" : 1308,
            "6944" : 1071,
            "7008" : 960,
            "7072" : 946,
            "7136" : 895,
            "7200" : 886,
            "7264" : 952,
            "7328" : 913,
            "7392" : 945,
            "7456" : 891,
            "7520" : 881,
            "7584" : 918,
            "7648" : 828,
            "7712" : 756,
            "7776" : 726,
            "7840" : 710,
            "7904" : 666,
            "7968" : 707,
            "8032" : 617,
            "8096" : 618,
            "8160" : 644,
            "8256" : 1224,
            "8384" : 1278,
            "8512" : 1223,
            "8640" : 1199,
            "8768" : 1131,
            "8896" : 1099,
            "9024" : 1077,
            "9152" : 1102,
            "9280" : 1031,
            "9408" : 1121,
            "9536" : 1045,
            "9664" : 1113,
            "9792" : 1041,
            "9920" : 1041,
            "10048" : 953,
            "10176" : 964,
            "10304" : 983,
            "10432" : 1023,
            "10560" : 1057,
            "10688" : 1124,
            "10816" : 1110,
            "10944" : 1094,
            "11072" : 1211,
            "11200" : 1218,
            "11328" : 1420,
            "11456" : 1416,
            "11584" : 1276,
            "11712" : 1291,
            "11840" : 1308,
            "11968" : 1168,
            "12096" : 1176,
            "12224" : 1251,
            "12352" : 1243,
            "12480" : 1238,
            "12608" : 1209,
            "12736" : 1215,
            "12864" : 1169,
            "12992" : 1132,
            "13120" : 1186,
            "13248" : 1114,
            "13376" : 1013,
            "13504" : 1035,
            "13632" : 983,
            "13760" : 966,
            "13888" : 935,
            "14016" : 863,
            "14144" : 813,
            "14272" : 761,
            "14400" : 717,
            "14528" : 691,
            "14656" : 627,
            "14784" : 584,
            "14912" : 549,
            "15040" : 533,
            "15168" : 535,
            "15296" : 499,
            "15424" : 449,
            "15552" : 454,
            "15680" : 394,
            "15808" : 360,
            "15936" : 376,
            "16064" : 358,
            "16192" : 311,
            "16320" : 331,
            "16512" : 572,
            "16768" : 523,
            "17024" : 461,
            "17280" : 407,
            "17536" : 430,
            "17792" : 371,
            "18048" : 344,
            "18304" : 373,
            "18560" : 323,
            "18816" : 325,
            "19072" : 301,
            "19328" : 288,
            "19584" : 318,
            "19840" : 261,
            "20096" : 240,
            "20352" : 272,
            "20608" : 265,
            "20864" : 259,
            "21120" : 252,
            "21376" : 241,
            "21632" : 215,
            "21888" : 252,
            "22144" : 220,
            "22400" : 212,
            "22656" : 181,
            "22912" : 202,
            "23168" : 178,
            "23424" : 175,
            "23680" : 147,
            "23936" : 163,
            "24192" : 142,
            "24448" : 131,
            "24704" : 132,
            "24960" : 123,
            "25216" : 126,
            "25472" : 123,
            "25728" : 119,
            "25984" : 115,
            "26240" : 107,
            "26496" : 103,
            "26752" : 103,
            "27008" : 100,
            "27264" : 73,
            "27520" : 84,
            "27776" : 65,
            "28032" : 74,
            "28288" : 91,
            "28544" : 61,
            "28800" : 73,
            "29056" : 65,
            "29312" : 57,
            "29568" : 63,
            "29824" : 54,
            "30080" : 47,
            "30336" : 62,
            "30592" : 65,
            "30848" : 41,
            "31104" : 54,
            "31360" : 59,
            "31616" : 55,
            "31872" : 45,
            "32128" : 62,
            "32384" : 61,
            "32640" : 45,
            "33024" : 97,
            "33536" : 90,
            "34048" : 113,
            "34560" : 107,
            "35072" : 95,
            "35584" : 102,
            "36096" : 77,
            "36608" : 99,
            "37120" : 99,
            "37632" : 76,
            "38144" : 96,
            "38656" : 98,
            "39168" : 73,
            "39680" : 70,
            "40192" : 89,
            "40704" : 57,
            "41216" : 60,
            "41728" : 72,
            "42240" : 79,
            "42752" : 82,
            "43264" : 75,
            "43776" : 72,
            "44288" : 71,
            "44800" : 61,
            "45312" : 73,
            "45824" : 62,
            "46336" : 70,
            "46848" : 66,
            "47360" : 56,
            "47872" : 59,
            "48384" : 53,
            "48896" : 55,
            "49408" : 52,
            "49920" : 48,
            "50432" : 56,
            "50944" : 55,
            "51456" : 40,
            "51968" : 64,
            "52480" : 43,
            "52992" : 48,
            "53504" : 45,
            "54016" : 59,
            "54528" : 55,
            "55040" : 45,
            "55552" : 46,
            "56064" : 49,
            "56576" : 45,
            "57088" : 45,
            "57600" : 41,
            "58112" : 45,
            "58624" : 44,
            "59136" : 37,
            "59648" : 42,
            "60160" : 35,
            "60672" : 38,
            "61184" : 42,
            "61696" : 39,
            "62208" : 36,
            "62720" : 50,
            "63232" : 36,
            "63744" : 29,
            "64256" : 46,
            "64768" : 48,
            "65280" : 21,
            "66048" : 72,
            "67072" : 78,
            "68096" : 73,
            "69120" : 68,
            "70144" : 55,
            "71168" : 76,
            "72192" : 48,
            "73216" : 60,
            "74240" : 50,
            "75264" : 46,
            "76288" : 38,
            "77312" : 46,
            "78336" : 34,
            "79360" : 26,
            "80384" : 34,
            "81408" : 37,
            "82432" : 36,
            "83456" : 33,
            "84480" : 41,
            "85504" : 22,
            "86528" : 36,
            "87552" : 29,
            "88576" : 27,
            "89600" : 22,
            "90624" : 18,
            "91648" : 30,
            "92672" : 28,
            "93696" : 23,
            "94720" : 30,
            "95744" : 13,
            "96768" : 16,
            "97792" : 26,
            "98816" : 20,
            "99840" : 26,
            "100864" : 22,
            "101888" : 20,
            "102912" : 14,
            "103936" : 17,
            "104960" : 8,
            "105984" : 18,
            "107008" : 12,
            "108032" : 16,
            "109056" : 16,
            "110080" : 15,
            "111104" : 15,
            "112128" : 17,
            "113152" : 9,
            "114176" : 10,
            "115200" : 11,
            "116224" : 15,
            "117248" : 18,
            "118272" : 11,
            "119296" : 13,
            "120320" : 10,
            "121344" : 10,
            "122368" : 13,
            "123392" : 6,
            "124416" : 13,
            "125440" : 7,
            "126464" : 8,
            "127488" : 11,
            "128512" : 13,
            "129536" : 12,
            "130560" : 8,
            "132096" : 24,
            "134144" : 18,
            "136192" : 22,
            "138240" : 22,
            "140288" : 18,
            "142336" : 16,
            "144384" : 17,
            "146432" : 12,
            "148480" : 18,
            "150528" : 14,
            "152576" : 13,
            "154624" : 13,
            "156672" : 12,
            "158720" : 13,
            "160768" : 20,
            "162816" : 12,
            "164864" : 10,
            "166912" : 6,
            "168960" : 6,
            "171008" : 8,
            "173056" : 9,
            "175104" : 9,
            "177152" : 3,
            "179200" : 5,
            "181248" : 12,
            "183296" : 3,
            "185344" : 4,
            "187392" : 1,
            "189440" : 6,
            "191488" : 4,
            "193536" : 1,
            "195584" : 3,
            "197632" : 4,
            "199680" : 5,
            "201728" : 6,
            "203776" : 2,
            "205824" : 1,
            "207872" : 1,
            "209920" : 1,
            "211968" : 1,
            "214016" : 2,
            "216064" : 1,
            "220160" : 1,
            "222208" : 2,
            "224256" : 5,
            "226304" : 1,
            "232448" : 3,
            "236544" : 2,
            "238592" : 1,
            "246784" : 1,
            "250880" : 1,
            "252928" : 1,
            "254976" : 1,
            "257024" : 1,
            "261120" : 1,
            "268288" : 1,
            "272384" : 2,
            "276480" : 1,
            "301056" : 1,
            "313344" : 1,
            "346112" : 1,
            "354304" : 1,
            "382976" : 1,
            "387072" : 1,
            "407552" : 1,
            "423936" : 1,
            "436224" : 1,
            "477184" : 1,
            "501760" : 1,
            "544768" : 2,
            "569344" : 1,
            "585728" : 1,
            "618496" : 1,
            "651264" : 1,
            "659456" : 2,
            "675840" : 1,
            "684032" : 1,
            "692224" : 1,
            "741376" : 1,
            "757760" : 1,
            "774144" : 1,
            "782336" : 1,
            "872448" : 1,
            "921600" : 1,
            "1236992" : 1,
            "1286144" : 1,
            "1417216" : 1,
            "1499136" : 1,
            "1613824" : 1,
            "1908736" : 1,
            "2056192" : 1,
            "2179072" : 1,
            "2342912" : 1,
            "2375680" : 1,
            "3096576" : 2,
            "3358720" : 1,
            "3719168" : 1,
            "3817472" : 1,
            "3915776" : 1,
            "4227072" : 1,
            "4423680" : 1,
            "4947968" : 1,
            "5275648" : 1,
            "5341184" : 1,
            "5406720" : 1,
            "6782976" : 1,
            "6914048" : 1,
            "7110656" : 1,
            "8224768" : 1,
            "12386304" : 1
          }
        },
        "lat_ns" : {
          "min" : 1745,
          "max" : 12420508,
          "mean" : 6091.404807,
          "stddev" : 34561.089995,
          "N" : 558589,
          "percentile" : {
            "1.000000" : 1960,
            "5.000000" : 2064,
            "10.000000" : 2192,
            "20.000000" : 2352,
            "30.000000" : 2800,
            "40.000000" : 3856,
            "50.000000" : 4320,
            "60.000000" : 4576,
            "70.000000" : 5408,
            "80.000000" : 6624,
            "90.000000" : 11072,
            "95.000000" : 14016,
            "99.000000" : 35584,
            "99.500000" : 57600,
            "99.900000" : 121344,
            "99.950000" : 152576,
            "99.990000" : 280576
          },
          "bins" : {
            "1752" : 1,
            "1784" : 13,
            "1800" : 13,
            "1816" : 32,
            "1832" : 86,
            "1848" : 111,
            "1864" : 191,
            "1880" : 317,
            "1896" : 518,
            "1912" : 775,
            "1928" : 1173,
            "1944" : 1639,
            "1960" : 2001,
            "1976" : 2523,
            "1992" : 2883,
            "2008" : 3307,
            "2024" : 3642,
            "2040" : 3749,
            "2064" : 7546,
            "2096" : 7275,
            "2128" : 6702,
            "2160" : 6464,
            "2192" : 7162,
            "2224" : 8589,
            "2256" : 10688,
            "2288" : 12313,
            "2320" : 12722,
            "2352" : 12317,
            "2384" : 10714,
            "2416" : 8916,
            "2448" : 6946,
            "2480" : 5093,
            "2512" : 3843,
            "2544" : 2814,
            "2576" : 2109,
            "2608" : 1717,
            "2640" : 1558,
            "2672" : 1567,
            "2704" : 1640,
            "2736" : 1886,
            "2768" : 2050,
            "2800" : 2161,
            "2832" : 2157,
            "2864" : 2140,
            "2896" : 1922,
            "2928" : 1683,
            "2960" : 1487,
            "2992" : 1248,
            "3024" : 1006,
            "3056" : 886,
            "3088" : 820,
            "3120" : 748,
            "3152" : 757,
            "3184" : 799,
            "3216" : 882,
            "3248" : 1010,
            "3280" : 1197,
            "3312" : 1266,
            "3344" : 1331,
            "3376" : 1254,
            "3408" : 1208,
            "3440" : 1241,
            "3472" : 1181,
            "3504" : 1192,
            "3536" : 1139,
            "3568" : 1274,
            "3600" : 1331,
            "3632" : 1650,
            "3664" : 1999,
            "3696" : 2497,
            "3728" : 2965,
            "3760" : 3490,
            "3792" : 3792,
            "3824" : 4041,
            "3856" : 4320,
            "3888" : 4264,
            "3920" : 4101,
            "3952" : 3913,
            "3984" : 3706,
            "4016" : 3364,
            "4048" : 2980,
            "4080" : 2920,
            "4128" : 5816,
            "4192" : 6765,
            "4256" : 8562,
            "4320" : 11412,
            "4384" : 14052,
            "4448" : 15187,
            "4512" : 14497,
            "4576" : 12489,
            "4640" : 10242,
            "4704" : 7966,
            "4768" : 6403,
            "4832" : 5292,
            "4896" : 4295,
            "4960" : 3671,
            "5024" : 3223,
            "5088" : 2631,
            "5152" : 2364,
            "5216" : 2142,
            "5280" : 2124,
            "5344" : 2163,
            "5408" : 2286,
            "5472" : 2417,
            "5536" : 2416,
            "5600" : 2428,
            "5664" : 2432,
            "5728" : 2399,
            "5792" : 2530,
            "5856" : 2621,
            "5920" : 2797,
            "5984" : 2749,
            "6048" : 2735,
            "6112" : 2795,
            "6176" : 2694,
            "6240" : 2720,
            "6304" : 2834,
            "6368" : 3139,
            "6432" : 3386,
            "6496" : 3958,
            "6560" : 4290,
            "6624" : 4096,
            "6688" : 3807,
            "6752" : 3209,
            "6816" : 2669,
            "6880" : 2143,
            "6944" : 1539,
            "7008" : 1237,
            "7072" : 1054,
            "7136" : 977,
            "7200" : 939,
            "7264" : 872,
            "7328" : 921,
            "7392" : 912,
            "7456" : 958,
            "7520" : 960,
            "7584" : 865,
            "7648" : 924,
            "7712" : 868,
            "7776" : 812,
            "7840" : 752,
            "7904" : 728,
            "7968" : 656,
            "8032" : 636,
            "8096" : 652,
            "8160" : 662,
            "8256" : 1318,
            "8384" : 1281,
            "8512" : 1270,
            "8640" : 1227,
            "8768" : 1149,
            "8896" : 1120,
            "9024" : 1109,
            "9152" : 1079,
            "9280" : 1091,
            "9408" : 1052,
            "9536" : 1158,
            "9664" : 1218,
            "9792" : 1200,
            "9920" : 1150,
            "10048" : 1018,
            "10176" : 1019,
            "10304" : 989,
            "10432" : 1023,
            "10560" : 1064,
            "10688" : 1095,
            "10816" : 1089,
            "10944" : 1142,
            "11072" : 1138,
            "11200" : 1203,
            "11328" : 1304,
            "11456" : 1378,
            "11584" : 1429,
            "11712" : 1283,
            "11840" : 1312,
            "11968" : 1250,
            "12096" : 1219,
            "12224" : 1148,
            "12352" : 1288,
            "12480" : 1258,
            "12608" : 1213,
            "12736" : 1235,
            "12864" : 1180,
            "12992" : 1160,
            "13120" : 1096,
            "13248" : 1198,
            "13376" : 1086,
            "13504" : 1038,
            "13632" : 1030,
            "13760" : 1008,
            "13888" : 940,
            "14016" : 917,
            "14144" : 851,
            "14272" : 786,
            "14400" : 755,
            "14528" : 727,
            "14656" : 679,
            "14784" : 602,
            "14912" : 573,
            "15040" : 539,
            "15168" : 540,
            "15296" : 524,
            "15424" : 494,
            "15552" : 447,
            "15680" : 439,
            "15808" : 394,
            "15936" : 369,
            "16064" : 362,
            "16192" : 338,
            "16320" : 316,
            "16512" : 612,
            "16768" : 550,
            "17024" : 458,
            "17280" : 453,
            "17536" : 395,
            "17792" : 392,
            "18048" : 359,
            "18304" : 376,
            "18560" : 328,
            "18816" : 306,
            "19072" : 335,
            "19328" : 293,
            "19584" : 310,
            "19840" : 291,
            "20096" : 234,
            "20352" : 277,
            "20608" : 254,
            "20864" : 239,
            "21120" : 282,
            "21376" : 233,
            "21632" : 234,
            "21888" : 240,
            "22144" : 224,
            "22400" : 232,
            "22656" : 190,
            "22912" : 205,
            "23168" : 179,
            "23424" : 177,
            "23680" : 165,
            "23936" : 142,
            "24192" : 166,
            "24448" : 127,
            "24704" : 137,
            "24960" : 121,
            "25216" : 125,
            "25472" : 121,
            "25728" : 117,
            "25984" : 133,
            "26240" : 109,
            "26496" : 113,
            "26752" : 101,
            "27008" : 98,
            "27264" : 85,
            "27520" : 78,
            "27776" : 83,
            "28032" : 77,
            "28288" : 77,
            "28544" : 81,
            "28800" : 62,
            "29056" : 81,
            "29312" : 60,
            "29568" : 53,
            "29824" : 54,
            "30080" : 58,
            "30336" : 50,
            "30592" : 58,
            "30848" : 59,
            "31104" : 48,
            "31360" : 53,
            "31616" : 63,
            "31872" : 55,
            "32128" : 47,
            "32384" : 67,
            "32640" : 46,
            "33024" : 104,
            "33536" : 88,
            "34048" : 101,
            "34560" : 122,
            "35072" : 92,
            "35584" : 95,
            "36096" : 90,
            "36608" : 85,
            "37120" : 105,
            "37632" : 85,
            "38144" : 93,
            "38656" : 99,
            "39168" : 72,
            "39680" : 81,
            "40192" : 78,
            "40704" : 72,
            "41216" : 50,
            "41728" : 73,
            "42240" : 82,
            "42752" : 73,
            "43264" : 77,
            "43776" : 74,
            "44288" : 70,
            "44800" : 67,
            "45312" : 69,
            "45824" : 65,
            "46336" : 76,
            "46848" : 63,
            "47360" : 62,
            "47872" : 52,
            "48384" : 58,
            "48896" : 57,
            "49408" : 45,
            "49920" : 52,
            "50432" : 58,
            "50944" : 53,
            "51456" : 47,
            "51968" : 57,
            "52480" : 51,
            "52992" : 45,
            "53504" : 45,
            "54016" : 54,
            "54528" : 58,
            "55040" : 51,
            "55552" : 42,
            "56064" : 49,
            "56576" : 46,
            "57088" : 46,
            "57600" : 44,
            "58112" : 43,
            "58624" : 44,
            "59136" : 39,
            "59648" : 46,
            "60160" : 36,
            "60672" : 37,
            "61184" : 48,
            "61696" : 35,
            "62208" : 39,
            "62720" : 42,
            "63232" : 47,
            "63744" : 24,
            "64256" : 45,
            "64768" : 42,
            "65280" : 33,
            "66048" : 67,
            "67072" : 77,
            "68096" : 74,
            "69120" : 67,
            "70144" : 58,
            "71168" : 74,
            "72192" : 54,
            "73216" : 61,
            "74240" : 51,
            "75264" : 50,
            "76288" : 36,
            "77312" : 49,
            "78336" : 31,
            "79360" : 27,
            "80384" : 34,
            "81408" : 36,
            "82432" : 39,
            "83456" : 29,
            "84480" : 48,
            "85504" : 20,
            "86528" : 36,
            "87552" : 26,
            "88576" : 27,
            "89600" : 26,
            "90624" : 17,
            "91648" : 30,
            "92672" : 27,
            "93696" : 27,
            "94720" : 28,
            "95744" : 14,
            "96768" : 16,
            "97792" : 24,
            "98816" : 22,
            "99840" : 27,
            "100864" : 18,
            "101888" : 23,
            "102912" : 13,
            "103936" : 21,
            "104960" : 5,
            "105984" : 15,
            "107008" : 14,
            "108032" : 16,
            "109056" : 15,
            "110080" : 19,
            "111104" : 14,
            "112128" : 18,
            "113152" : 9,
            "114176" : 9,
            "115200" : 13,
            "116224" : 10,
            "117248" : 24,
            "118272" : 7,
            "119296" : 15,
            "120320" : 11,
            "121344" : 10,
            "122368" : 10,
            "123392" : 10,
            "124416" : 13,
            "125440" : 8,
            "126464" : 7,
            "127488" : 11,
            "128512" : 10,
            "129536" : 13,
            "130560" : 9,
            "132096" : 25,
            "134144" : 17,
            "136192" : 23,
            "138240" : 22,
            "140288" : 15,
            "142336" : 21,
            "144384" : 17,
            "146432" : 12,
            "148480" : 18,
            "150528" : 14,
            "152576" : 14,
            "154624" : 13,
            "156672" : 11,
            "158720" : 13,
            "160768" : 20,
            "162816" : 15,
            "164864" : 7,
            "166912" : 9,
            "168960" : 6,
            "171008" : 5,
            "173056" : 13,
            "175104" : 9,
            "177152" : 3,
            "179200" : 5,
            "181248" : 11,
            "183296" : 4,
            "185344" : 4,
            "187392" : 1,
            "189440" : 5,
            "191488" : 5,
            "193536" : 1,
            "195584" : 2,
            "197632" : 5,
            "199680" : 4,
            "201728" : 5,
            "203776" : 4,
            "205824" : 1,
            "207872" : 1,
            "209920" : 1,
            "211968" : 1,
            "214016" : 2,
            "216064" : 1,
            "222208" : 3,
            "224256" : 4,
            "226304" : 2,
            "232448" : 3,
            "236544" : 2,
            "238592" : 1,
            "246784" : 1,
            "250880" : 1,
            "252928" : 1,
            "254976" : 1,
            "257024" : 1,
            "261120" : 1,
            "268288" : 1,
            "272384" : 2,
            "280576" : 1,
            "301056" : 1,
            "313344" : 1,
            "346112" : 1,
            "354304" : 1,
            "382976" : 1,
            "387072" : 1,
            "407552" : 1,
            "423936" : 1,
            "436224" : 1,
            "477184" : 1,
            "501760" : 1,
            "544768" : 2,
            "569344" : 1,
            "585728" : 1,
            "618496" : 1,
            "651264" : 1,
            "659456" : 2,
            "675840" : 1,
            "684032" : 1,
            "692224" : 1,
            "741376" : 1,
            "757760" : 1,
            "774144" : 1,
            "782336" : 1,
            "872448" : 1,
            "921600" : 1,
            "1236992" : 1,
            "1286144" : 1,
            "1417216" : 1,
            "1499136" : 1,
            "1613824" : 1,
            "1908736" : 1,
            "2056192" : 1,
            "2179072" : 1,
            "2342912" : 1,
            "2375680" : 1,
            "3096576" : 2,
            "3358720" : 1,
            "3719168" : 1,
            "3817472" : 1,
            "3915776" : 1,
            "4227072" : 1,
            "4423680" : 1,
            "4947968" : 1,
            "5275648" : 1,
            "5341184" : 1,
            "5406720" : 1,
            "6782976" : 1,
            "6914048" : 1,
            "7110656" : 1,
            "8224768" : 1,
            "12386304" : 1
          }
        },
        "bw_min" : 80704,
        "bw_max" : 182768,
        "bw_agg" : 100.000000,
        "bw_mean" : 149459.034483,
        "bw_dev" : 26801.792641,
        "bw_samples" : 29,
        "iops_min" : 20176,
        "iops_max" : 45692,
        "iops_mean" : 37364.758621,
        "iops_stddev" : 6700.448160,
        "iops_samples" : 29
      },
      "trim" : {
        "io_bytes" : 0,
        "io_kbytes" : 0,
        "bw_bytes" : 0,
        "bw" : 0,
        "iops" : 0.000000,
        "runtime" : 0,
        "total_ios" : 0,
        "short_ios" : 0,
        "drop_ios" : 0,
        "slat_ns" : {
          "min" : 0,
          "max" : 0,
          "mean" : 0.000000,
          "stddev" : 0.000000,
          "N" : 0
        },
        "clat_ns" : {
          "min" : 0,
          "max" : 0,
          "mean" : 0.000000,
          "stddev" : 0.000000,
          "N" : 0
        },
        "lat_ns" : {
          "min" : 0,
          "max" : 0,
          "mean" : 0.000000,
          "stddev" : 0.000000,
          "N" : 0
        },
        "bw_min" : 0,
        "bw_max" : 0,
        "bw_agg" : 0.000000,
        "bw_mean" : 0.000000,
        "bw_dev" : 0.000000,
        "bw_samples" : 0,
        "iops_min" : 0,
        "iops_max" : 0,
        "iops_mean" : 0.000000,
        "iops_stddev" : 0.000000,
        "iops_samples" : 0
      },
      "sync" : {
        "total_ios" : 0,
        "lat_ns" : {
          "min" : 0,
          "max" : 0,
          "mean" : 0.000000,
          "stddev" : 0.000000,
          "N" : 0
        }
      },
      "job_runtime" : 15012,
      "usr_cpu" : 9.365841,
      "sys_cpu" : 45.963229,
      "ctx" : 588312,
      "majf" : 0,
      "minf" : 19,
      "iodepth_level" : {
        "1" : 100.000000,
        "2" : 0.000000,
        "4" : 0.000000,
        "8" : 0.000000,
        "16" : 0.000000,
        "32" : 0.000000,
        ">=64" : 0.000000
      },
      "iodepth_submit" : {
        "0" : 0.000000,
        "4" : 100.000000,
        "8" : 0.000000,
        "16" : 0.000000,
        "32" : 0.000000,
        "64" : 0.000000,
        ">=64" : 0.000000
      },
      "iodepth_complete" : {
        "0" : 0.000000,
        "4" : 100.000000,
        "8" : 0.000000,
        "16" : 0.000000,
        "32" : 0.000000,
        "64" : 0.000000,
        ">=64" : 0.000000
      },
      "latency_ns" : {
        "2" : 0.000000,
        "4" : 0.000000,
        "10" : 0.000000,
        "20" : 0.000000,
        "50" : 0.000000,
        "100" : 0.000000,
        "250" : 0.000000,
        "500" : 0.000000,
        "750" : 1.060530,
        "1000" : 10.014794
      },
      "latency_us" : {
        "2" : 5.186552,
        "4" : 20.183878,
        "10" : 22.128645,
        "20" : 30.778354,
        "50" : 9.892972,
        "100" : 0.598287,
        "250" : 0.127010,
        "500" : 0.010554,
        "750" : 0.010000,
        "1000" : 0.010000
      },
      "latency_ms" : {
        "2" : 0.010000,
        "4" : 0.010000,
        "10" : 0.010000,
        "20" : 0.010000,
        "50" : 0.000000,
        "100" : 0.000000,
        "250" : 0.000000,
        "500" : 0.000000,
        "750" : 0.000000,
        "1000" : 0.000000,
        "2000" : 0.000000,
        ">=2000" : 0.000000
      },
      "latency_depth" : 128,
      "latency_target" : 0,
      "latency_percentile" : 100.000000,
      "latency_window" : 0
    }
  ]
}
