{
  "fio version" : "fio-3.32-36-g5932",
  "timestamp" : 1664234015,
  "timestamp_ms" : 1664234015183,
  "time" : "Tue Sep 27 01:13:35 2022",
  "global options" : {
    "size" : "128K",
    "rw" : "randrw",
    "bs" : "4K",
    "numjobs" : "1",
    "iodepth" : "1",
    "runtime" : "15",
    "end_fsync" : "1",
    "lat_percentiles" : "1",
    "slat_percentiles" : "1",
    "clat_percentiles" : "1"
  },
  "jobs" : [
    {
      "jobname" : "random-rw",
      "groupid" : 0,
      "error" : 0,
      "eta" : 0,
      "elapsed" : 16,
      "job options" : {
        "name" : "random-rw"
      },
      "read" : {
        "io_bytes" : 3332255744,
        "io_kbytes" : 3254156,
        "bw_bytes" : 222135573,
        "bw" : 216929,
        "iops" : 54232.317845,
        "runtime" : 15001,
        "total_ios" : 813539,
        "short_ios" : 0,
        "drop_ios" : 0,
        "slat_ns" : {
          "min" : 0,
          "max" : 0,
          "mean" : 0.000000,
          "stddev" : 0.000000,
          "N" : 0
        },
        "clat_ns" : {
          "min" : 620,
          "max" : 6993789,
          "mean" : 11838.568817,
          "stddev" : 20661.376045,
          "N" : 813539,
          "percentile" : {
            "1.000000" : 6112,
            "5.000000" : 6304,
            "10.000000" : 9280,
            "20.000000" : 9664,
            "30.000000" : 10048,
            "40.000000" : 10560,
            "50.000000" : 10688,
            "60.000000" : 11200,
            "70.000000" : 11584,
            "80.000000" : 13248,
            "90.000000" : 16192,
            "95.000000" : 18560,
            "99.000000" : 24192,
            "99.500000" : 30080,
            "99.900000" : 68096,
            "99.950000" : 123392,
            "99.990000" : 708608
          },
          "bins" : {
            "620" : 1,
            "628" : 12,
            "636" : 31,
            "644" : 77,
            "652" : 82,
            "660" : 77,
            "668" : 92,
            "676" : 105,
            "684" : 105,
            "692" : 110,
            "700" : 108,
            "708" : 78,
            "716" : 101,
            "724" : 116,
            "732" : 123,
            "740" : 135,
            "748" : 110,
            "756" : 101,
            "764" : 95,
            "772" : 112,
            "780" : 95,
            "788" : 93,
            "796" : 92,
            "804" : 101,
            "812" : 93,
            "820" : 85,
            "828" : 120,
            "836" : 107,
            "844" : 114,
            "852" : 95,
            "860" : 100,
            "868" : 90,
            "876" : 74,
            "884" : 59,
            "892" : 58,
            "900" : 54,
            "908" : 46,
            "916" : 39,
            "924" : 38,
            "932" : 20,
            "940" : 32,
            "948" : 24,
            "956" : 12,
            "964" : 25,
            "972" : 24,
            "980" : 20,
            "988" : 21,
            "996" : 11,
            "1004" : 18,
            "1012" : 22,
            "1020" : 18,
            "1032" : 26,
            "1048" : 19,
            "1064" : 30,
            "1080" : 20,
            "1096" : 27,
            "1112" : 20,
            "1128" : 19,
            "1144" : 24,
            "1160" : 29,
            "1176" : 23,
            "1192" : 25,
            "1208" : 29,
            "1224" : 20,
            "1240" : 20,
            "1256" : 17,
            "1272" : 20,
            "1288" : 19,
            "1304" : 21,
            "1320" : 12,
            "1336" : 11,
            "1352" : 14,
            "1368" : 15,
            "1384" : 10,
            "1400" : 13,
            "1416" : 8,
            "1432" : 12,
            "1448" : 12,
            "1464" : 7,
            "1480" : 6,
            "1496" : 13,
            "1512" : 5,
            "1528" : 10,
            "1544" : 3,
            "1560" : 2,
            "1576" : 5,
            "1592" : 5,
            "1608" : 5,
            "1624" : 5,
            "1640" : 7,
            "1656" : 11,
            "1672" : 3,
            "1688" : 3,
            "1704" : 3,
            "1720" : 4,
            "1736" : 4,
            "1752" : 4,
            "1768" : 5,
            "1784" : 3,
            "1800" : 3,
            "1816" : 4,
            "1832" : 3,
            "1848" : 3,
            "1864" : 1,
            "1880" : 1,
            "1896" : 1,
            "1912" : 1,
            "1928" : 3,
            "1944" : 1,
            "1960" : 2,
            "1976" : 1,
            "1992" : 1,
            "2008" : 1,
            "2024" : 1,
            "2040" : 1,
            "2064" : 1,
            "2096" : 1,
            "2128" : 1,
            "2192" : 1,
            "2256" : 1,
            "2288" : 2,
            "2320" : 1,
            "2416" : 1,
            "2480" : 1,
            "2608" : 1,
            "2672" : 1,
            "2768" : 2,
            "2800" : 1,
            "2832" : 1,
            "2896" : 1,
            "2928" : 1,
            "2960" : 1,
            "3152" : 1,
            "3248" : 1,
            "3760" : 1,
            "3824" : 1,
            "4128" : 1,
            "4512" : 1,
            "5920" : 4,
            "5984" : 237,
            "6048" : 2126,
            "6112" : 6764,
            "6176" : 10145,
            "6240" : 11377,
            "6304" : 11672,
            "6368" : 9423,
            "6432" : 6041,
            "6496" : 3299,
            "6560" : 1716,
            "6624" : 983,
            "6688" : 554,
            "6752" : 398,
            "6816" : 280,
            "6880" : 205,
            "6944" : 224,
            "7008" : 389,
            "7072" : 699,
            "7136" : 979,
            "7200" : 1248,
            "7264" : 1243,
            "7328" : 1148,
            "7392" : 936,
            "7456" : 713,
            "7520" : 622,
            "7584" : 472,
            "7648" : 344,
            "7712" : 269,
            "7776" : 184,
            "7840" : 152,
            "7904" : 118,
            "7968" : 104,
            "8032" : 86,
            "8096" : 72,
            "8160" : 80,
            "8256" : 136,
            "8384" : 108,
            "8512" : 124,
            "8640" : 131,
            "8768" : 122,
            "8896" : 135,
            "9024" : 157,
            "9152" : 734,
            "9280" : 4933,
            "9408" : 15324,
            "9536" : 29420,
            "9664" : 42687,
            "9792" : 39316,
            "9920" : 30945,
            "10048" : 16402,
            "10176" : 7487,
            "10304" : 13972,
            "10432" : 34793,
            "10560" : 53955,
            "10688" : 49921,
            "10816" : 29587,
            "10944" : 15053,
            "11072" : 11671,
            "11200" : 18798,
            "11328" : 31427,
            "11456" : 33807,
            "11584" : 20673,
            "11712" : 9594,
            "11840" : 6131,
            "11968" : 5519,
            "12096" : 6000,
            "12224" : 6855,
            "12352" : 7097,
            "12480" : 6005,
            "12608" : 5110,
            "12736" : 4468,
            "12864" : 4136,
            "12992" : 4085,
            "13120" : 4244,
            "13248" : 4340,
            "13376" : 4497,
            "13504" : 4391,
            "13632" : 4345,
            "13760" : 4237,
            "13888" : 3862,
            "14016" : 3810,
            "14144" : 3727,
            "14272" : 3657,
            "14400" : 3506,
            "14528" : 3304,
            "14656" : 3195,
            "14784" : 3047,
            "14912" : 3043,
            "15040" : 2860,
            "15168" : 2887,
            "15296" : 2770,
            "15424" : 2850,
            "15552" : 2875,
            "15680" : 2980,
            "15808" : 2997,
            "15936" : 2759,
            "16064" : 2840,
            "16192" : 2826,
            "16320" : 2834,
            "16512" : 5668,
            "16768" : 5539,
            "17024" : 4664,
            "17280" : 4179,
            "17536" : 3795,
            "17792" : 3906,
            "18048" : 4021,
            "18304" : 4103,
            "18560" : 3613,
            "18816" : 3210,
            "19072" : 3179,
            "19328" : 3036,
            "19584" : 2692,
            "19840" : 2330,
            "20096" : 2104,
            "20352" : 1847,
            "20608" : 1631,
            "20864" : 1519,
            "21120" : 1374,
            "21376" : 1173,
            "21632" : 1087,
            "21888" : 1008,
            "22144" : 830,
            "22400" : 725,
            "22656" : 671,
            "22912" : 579,
            "23168" : 536,
            "23424" : 492,
            "23680" : 412,
            "23936" : 389,
            "24192" : 390,
            "24448" : 335,
            "24704" : 281,
            "24960" : 277,
            "25216" : 242,
            "25472" : 223,
            "25728" : 228,
            "25984" : 222,
            "26240" : 171,
            "26496" : 191,
            "26752" : 159,
            "27008" : 149,
            "27264" : 138,
            "27520" : 129,
            "27776" : 114,
            "28032" : 129,
            "28288" : 109,
            "28544" : 96,
            "28800" : 104,
            "29056" : 83,
            "29312" : 99,
            "29568" : 88,
            "29824" : 79,
            "30080" : 77,
            "30336" : 80,
            "30592" : 78,
            "30848" : 64,
            "31104" : 61,
            "31360" : 54,
            "31616" : 75,
            "31872" : 58,
            "32128" : 61,
            "32384" : 53,
            "32640" : 62,
            "33024" : 114,
            "33536" : 97,
            "34048" : 98,
            "34560" : 78,
            "35072" : 87,
            "35584" : 49,
            "36096" : 85,
            "36608" : 62,
            "37120" : 56,
            "37632" : 73,
            "38144" : 71,
            "38656" : 66,
            "39168" : 71,
            "39680" : 63,
            "40192" : 74,
            "40704" : 66,
            "41216" : 51,
            "41728" : 52,
            "42240" : 51,
            "42752" : 48,
            "43264" : 55,
            "43776" : 46,
            "44288" : 48,
            "44800" : 46,
            "45312" : 50,
            "45824" : 54,
            "46336" : 39,
            "46848" : 47,
            "47360" : 35,
            "47872" : 50,
            "48384" : 31,
            "48896" : 41,
            "49408" : 23,
            "49920" : 35,
            "50432" : 34,
            "50944" : 19,
            "51456" : 24,
            "51968" : 23,
            "52480" : 27,
            "52992" : 21,
            "53504" : 33,
            "54016" : 29,
            "54528" : 24,
            "55040" : 20,
            "55552" : 17,
            "56064" : 21,
            "56576" : 18,
            "57088" : 20,
            "57600" : 22,
            "58112" : 12,
            "58624" : 12,
            "59136" : 17,
            "59648" : 18,
            "60160" : 19,
            "60672" : 12,
            "61184" : 10,
            "61696" : 10,
            "62208" : 7,
            "62720" : 9,
            "63232" : 8,
            "63744" : 12,
            "64256" : 13,
            "64768" : 16,
            "65280" : 12,
            "66048" : 21,
            "67072" : 19,
            "68096" : 12,
            "69120" : 22,
            "70144" : 12,
            "71168" : 10,
            "72192" : 13,
            "73216" : 10,
            "74240" : 14,
            "75264" : 9,
            "76288" : 7,
            "77312" : 5,
            "78336" : 11,
            "79360" : 9,
            "80384" : 9,
            "81408" : 8,
            "82432" : 11,
            "83456" : 9,
            "84480" : 9,
            "85504" : 9,
            "86528" : 14,
            "87552" : 6,
            "88576" : 7,
            "89600" : 9,
            "90624" : 9,
            "91648" : 5,
            "92672" : 6,
            "93696" : 5,
            "94720" : 11,
            "95744" : 5,
            "96768" : 4,
            "97792" : 4,
            "98816" : 4,
            "99840" : 6,
            "100864" : 7,
            "101888" : 7,
            "102912" : 5,
            "103936" : 3,
            "104960" : 4,
            "105984" : 7,
            "107008" : 4,
            "108032" : 1,
            "109056" : 5,
            "110080" : 6,
            "111104" : 6,
            "112128" : 10,
            "113152" : 8,
            "114176" : 3,
            "115200" : 5,
            "116224" : 3,
            "117248" : 2,
            "118272" : 9,
            "119296" : 7,
            "120320" : 6,
            "121344" : 4,
            "122368" : 7,
            "123392" : 10,
            "124416" : 4,
            "125440" : 4,
            "126464" : 6,
            "127488" : 4,
            "128512" : 5,
            "129536" : 4,
            "130560" : 1,
            "132096" : 13,
            "134144" : 6,
            "136192" : 7,
            "138240" : 3,
            "140288" : 3,
            "142336" : 8,
            "144384" : 8,
            "146432" : 8,
            "148480" : 7,
            "150528" : 9,
            "152576" : 4,
            "154624" : 1,
            "156672" : 2,
            "158720" : 5,
            "160768" : 3,
            "162816" : 2,
            "164864" : 1,
            "166912" : 2,
            "171008" : 6,
            "173056" : 3,
            "175104" : 1,
            "177152" : 2,
            "179200" : 4,
            "181248" : 2,
            "183296" : 6,
            "185344" : 2,
            "187392" : 2,
            "191488" : 2,
            "193536" : 3,
            "195584" : 3,
            "197632" : 1,
            "201728" : 1,
            "203776" : 3,
            "207872" : 3,
            "209920" : 1,
            "211968" : 1,
            "214016" : 5,
            "216064" : 3,
            "218112" : 1,
            "220160" : 2,
            "222208" : 4,
            "224256" : 4,
            "226304" : 1,
            "230400" : 2,
            "232448" : 1,
            "234496" : 2,
            "236544" : 3,
            "238592" : 1,
            "242688" : 2,
            "244736" : 2,
            "246784" : 4,
            "248832" : 2,
            "250880" : 3,
            "252928" : 3,
            "254976" : 1,
            "257024" : 1,
            "259072" : 3,
            "261120" : 2,
            "264192" : 5,
            "268288" : 1,
            "276480" : 4,
            "280576" : 2,
            "284672" : 2,
            "288768" : 2,
            "292864" : 3,
            "296960" : 3,
            "301056" : 1,
            "305152" : 5,
            "309248" : 1,
            "313344" : 1,
            "317440" : 3,
            "321536" : 1,
            "325632" : 1,
            "329728" : 1,
            "333824" : 2,
            "337920" : 3,
            "342016" : 4,
            "346112" : 2,
            "350208" : 2,
            "354304" : 1,
            "358400" : 1,
            "362496" : 1,
            "366592" : 2,
            "378880" : 2,
            "382976" : 1,
            "391168" : 1,
            "399360" : 3,
            "407552" : 3,
            "411648" : 2,
            "415744" : 2,
            "419840" : 1,
            "423936" : 2,
            "428032" : 2,
            "432128" : 2,
            "436224" : 2,
            "444416" : 2,
            "448512" : 1,
            "452608" : 1,
            "456704" : 1,
            "485376" : 1,
            "489472" : 1,
            "497664" : 1,
            "501760" : 1,
            "505856" : 2,
            "522240" : 2,
            "528384" : 1,
            "544768" : 1,
            "552960" : 1,
            "561152" : 1,
            "569344" : 1,
            "577536" : 1,
            "585728" : 1,
            "610304" : 1,
            "618496" : 1,
            "634880" : 1,
            "667648" : 1,
            "675840" : 2,
            "700416" : 1,
            "708608" : 2,
            "733184" : 2,
            "741376" : 3,
            "757760" : 1,
            "774144" : 2,
            "782336" : 1,
            "790528" : 1,
            "856064" : 1,
            "897024" : 3,
            "905216" : 1,
            "913408" : 1,
            "929792" : 3,
            "937984" : 1,
            "946176" : 1,
            "954368" : 1,
            "962560" : 1,
            "978944" : 1,
            "987136" : 2,
            "995328" : 1,
            "1003520" : 3,
            "1011712" : 1,
            "1028096" : 3,
            "1036288" : 1,
            "1044480" : 3,
            "1073152" : 3,
            "1089536" : 1,
            "1122304" : 1,
            "1138688" : 2,
            "1155072" : 1,
            "1204224" : 3,
            "1220608" : 1,
            "1236992" : 2,
            "1253376" : 1,
            "1269760" : 2,
            "1286144" : 1,
            "1384448" : 2,
            "1400832" : 1,
            "1515520" : 1,
            "1548288" : 1,
            "1564672" : 3,
            "1875968" : 1,
            "1941504" : 1,
            "2244608" : 1,
            "2310144" : 1,
            "2473984" : 1,
            "2637824" : 1,
            "2834432" : 1,
            "3063808" : 1,
            "3686400" : 1,
            "3751936" : 1,
            "3850240" : 1,
            "3883008" : 1,
            "4227072" : 2,
            "4685824" : 1,
            "5013504" : 1,
            "6979584" : 1
          }
        },
        "lat_ns" : {
          "min" : 652,
          "max" : 6993897,
          "mean" : 11901.701954,
          "stddev" : 20667.218733,
          "N" : 813539,
          "percentile" : {
            "1.000000" : 6176,
            "5.000000" : 6368,
            "10.000000" : 9280,
            "20.000000" : 9792,
            "30.000000" : 10048,
            "40.000000" : 10560,
            "50.000000" : 10816,
            "60.000000" : 11328,
            "70.000000" : 11584,
            "80.000000" : 13248,
            "90.000000" : 16320,
            "95.000000" : 18560,
            "99.000000" : 24192,
            "99.500000" : 30336,
            "99.900000" : 68096,
            "99.950000" : 123392,
            "99.990000" : 708608
          },
          "bins" : {
            "652" : 1,
            "660" : 11,
            "668" : 30,
            "676" : 75,
            "684" : 78,
            "692" : 70,
            "700" : 57,
            "708" : 65,
            "716" : 67,
            "724" : 100,
            "732" : 99,
            "740" : 93,
            "748" : 88,
            "756" : 67,
            "764" : 91,
            "772" : 109,
            "780" : 115,
            "788" : 123,
            "796" : 104,
            "804" : 110,
            "812" : 106,
            "820" : 94,
            "828" : 95,
            "836" : 87,
            "844" : 87,
            "852" : 86,
            "860" : 96,
            "868" : 80,
            "876" : 98,
            "884" : 87,
            "892" : 120,
            "900" : 119,
            "908" : 94,
            "916" : 93,
            "924" : 84,
            "932" : 62,
            "940" : 66,
            "948" : 57,
            "956" : 51,
            "964" : 41,
            "972" : 43,
            "980" : 34,
            "988" : 22,
            "996" : 18,
            "1004" : 20,
            "1012" : 15,
            "1020" : 27,
            "1032" : 28,
            "1048" : 37,
            "1064" : 32,
            "1080" : 27,
            "1096" : 27,
            "1112" : 22,
            "1128" : 15,
            "1144" : 22,
            "1160" : 25,
            "1176" : 18,
            "1192" : 13,
            "1208" : 24,
            "1224" : 28,
            "1240" : 16,
            "1256" : 23,
            "1272" : 17,
            "1288" : 23,
            "1304" : 14,
            "1320" : 14,
            "1336" : 26,
            "1352" : 20,
            "1368" : 14,
            "1384" : 27,
            "1400" : 18,
            "1416" : 14,
            "1432" : 14,
            "1448" : 17,
            "1464" : 11,
            "1480" : 7,
            "1496" : 10,
            "1512" : 15,
            "1528" : 10,
            "1544" : 8,
            "1560" : 9,
            "1576" : 4,
            "1592" : 10,
            "1608" : 12,
            "1624" : 9,
            "1640" : 8,
            "1656" : 3,
            "1672" : 1,
            "1688" : 5,
            "1704" : 7,
            "1720" : 4,
            "1736" : 7,
            "1752" : 3,
            "1768" : 4,
            "1784" : 5,
            "1800" : 3,
            "1816" : 5,
            "1832" : 9,
            "1848" : 1,
            "1864" : 1,
            "1880" : 6,
            "1896" : 5,
            "1912" : 2,
            "1928" : 1,
            "1944" : 2,
            "1960" : 6,
            "1976" : 1,
            "1992" : 1,
            "2008" : 1,
            "2024" : 3,
            "2040" : 2,
            "2064" : 2,
            "2096" : 4,
            "2128" : 1,
            "2160" : 3,
            "2192" : 3,
            "2224" : 1,
            "2288" : 2,
            "2384" : 1,
            "2480" : 2,
            "2512" : 3,
            "2576" : 1,
            "2800" : 2,
            "2928" : 1,
            "2960" : 1,
            "2992" : 1,
            "3056" : 1,
            "3120" : 3,
            "3152" : 1,
            "3216" : 1,
            "3376" : 1,
            "3664" : 1,
            "4080" : 1,
            "4192" : 1,
            "4640" : 1,
            "5984" : 12,
            "6048" : 407,
            "6112" : 2811,
            "6176" : 7630,
            "6240" : 10572,
            "6304" : 11647,
            "6368" : 11451,
            "6432" : 8830,
            "6496" : 5318,
            "6560" : 2867,
            "6624" : 1505,
            "6688" : 880,
            "6752" : 511,
            "6816" : 363,
            "6880" : 243,
            "6944" : 210,
            "7008" : 237,
            "7072" : 414,
            "7136" : 709,
            "7200" : 1029,
            "7264" : 1211,
            "7328" : 1213,
            "7392" : 1078,
            "7456" : 887,
            "7520" : 688,
            "7584" : 573,
            "7648" : 447,
            "7712" : 373,
            "7776" : 296,
            "7840" : 207,
            "7904" : 165,
            "7968" : 143,
            "8032" : 106,
            "8096" : 90,
            "8160" : 85,
            "8256" : 151,
            "8384" : 127,
            "8512" : 111,
            "8640" : 134,
            "8768" : 131,
            "8896" : 124,
            "9024" : 137,
            "9152" : 284,
            "9280" : 2408,
            "9408" : 10354,
            "9536" : 23101,
            "9664" : 38854,
            "9792" : 42286,
            "9920" : 35249,
            "10048" : 22446,
            "10176" : 9256,
            "10304" : 9121,
            "10432" : 25283,
            "10560" : 48157,
            "10688" : 55081,
            "10816" : 38027,
            "10944" : 19320,
            "11072" : 11528,
            "11200" : 14498,
            "11328" : 26719,
            "11456" : 35516,
            "11584" : 26725,
            "11712" : 12925,
            "11840" : 6904,
            "11968" : 5517,
            "12096" : 5712,
            "12224" : 6655,
            "12352" : 7107,
            "12480" : 6587,
            "12608" : 5379,
            "12736" : 4685,
            "12864" : 4133,
            "12992" : 4048,
            "13120" : 4081,
            "13248" : 4232,
            "13376" : 4424,
            "13504" : 4465,
            "13632" : 4292,
            "13760" : 4321,
            "13888" : 3977,
            "14016" : 3857,
            "14144" : 3738,
            "14272" : 3650,
            "14400" : 3604,
            "14528" : 3384,
            "14656" : 3193,
            "14784" : 3105,
            "14912" : 3043,
            "15040" : 2881,
            "15168" : 2857,
            "15296" : 2839,
            "15424" : 2735,
            "15552" : 2878,
            "15680" : 2860,
            "15808" : 2976,
            "15936" : 2902,
            "16064" : 2799,
            "16192" : 2731,
            "16320" : 2871,
            "16512" : 5630,
            "16768" : 5624,
            "17024" : 4980,
            "17280" : 4287,
            "17536" : 3889,
            "17792" : 3816,
            "18048" : 4034,
            "18304" : 4015,
            "18560" : 3887,
            "18816" : 3335,
            "19072" : 3153,
            "19328" : 3123,
            "19584" : 2828,
            "19840" : 2464,
            "20096" : 2181,
            "20352" : 1924,
            "20608" : 1711,
            "20864" : 1564,
            "21120" : 1414,
            "21376" : 1253,
            "21632" : 1139,
            "21888" : 1045,
            "22144" : 912,
            "22400" : 778,
            "22656" : 660,
            "22912" : 650,
            "23168" : 560,
            "23424" : 493,
            "23680" : 470,
            "23936" : 403,
            "24192" : 408,
            "24448" : 353,
            "24704" : 296,
            "24960" : 287,
            "25216" : 257,
            "25472" : 243,
            "25728" : 224,
            "25984" : 234,
            "26240" : 173,
            "26496" : 191,
            "26752" : 180,
            "27008" : 151,
            "27264" : 148,
            "27520" : 142,
            "27776" : 107,
            "28032" : 136,
            "28288" : 117,
            "28544" : 94,
            "28800" : 101,
            "29056" : 99,
            "29312" : 98,
            "29568" : 87,
            "29824" : 80,
            "30080" : 82,
            "30336" : 78,
            "30592" : 76,
            "30848" : 73,
            "31104" : 61,
            "31360" : 56,
            "31616" : 72,
            "31872" : 65,
            "32128" : 59,
            "32384" : 51,
            "32640" : 63,
            "33024" : 110,
            "33536" : 100,
            "34048" : 109,
            "34560" : 78,
            "35072" : 85,
            "35584" : 55,
            "36096" : 76,
            "36608" : 67,
            "37120" : 56,
            "37632" : 76,
            "38144" : 66,
            "38656" : 72,
            "39168" : 68,
            "39680" : 65,
            "40192" : 71,
            "40704" : 72,
            "41216" : 51,
            "41728" : 57,
            "42240" : 47,
            "42752" : 50,
            "43264" : 53,
            "43776" : 47,
            "44288" : 49,
            "44800" : 48,
            "45312" : 46,
            "45824" : 54,
            "46336" : 42,
            "46848" : 46,
            "47360" : 31,
            "47872" : 55,
            "48384" : 26,
            "48896" : 45,
            "49408" : 25,
            "49920" : 32,
            "50432" : 36,
            "50944" : 27,
            "51456" : 19,
            "51968" : 25,
            "52480" : 25,
            "52992" : 21,
            "53504" : 34,
            "54016" : 29,
            "54528" : 24,
            "55040" : 23,
            "55552" : 15,
            "56064" : 20,
            "56576" : 21,
            "57088" : 18,
            "57600" : 22,
            "58112" : 13,
            "58624" : 13,
            "59136" : 13,
            "59648" : 21,
            "60160" : 20,
            "60672" : 10,
            "61184" : 13,
            "61696" : 10,
            "62208" : 7,
            "62720" : 7,
            "63232" : 10,
            "63744" : 11,
            "64256" : 14,
            "64768" : 14,
            "65280" : 16,
            "66048" : 21,
            "67072" : 18,
            "68096" : 10,
            "69120" : 23,
            "70144" : 13,
            "71168" : 11,
            "72192" : 13,
            "73216" : 10,
            "74240" : 14,
            "75264" : 8,
            "76288" : 6,
            "77312" : 6,
            "78336" : 12,
            "79360" : 9,
            "80384" : 7,
            "81408" : 10,
            "82432" : 9,
            "83456" : 10,
            "84480" : 10,
            "85504" : 10,
            "86528" : 14,
            "87552" : 6,
            "88576" : 6,
            "89600" : 10,
            "90624" : 8,
            "91648" : 6,
            "92672" : 6,
            "93696" : 4,
            "94720" : 12,
            "95744" : 4,
            "96768" : 5,
            "97792" : 4,
            "98816" : 4,
            "99840" : 5,
            "100864" : 8,
            "101888" : 6,
            "102912" : 5,
            "103936" : 4,
            "104960" : 4,
            "105984" : 6,
            "107008" : 5,
            "108032" : 1,
            "109056" : 5,
            "110080" : 5,
            "111104" : 7,
            "112128" : 9,
            "113152" : 10,
            "114176" : 3,
            "115200" : 4,
            "116224" : 4,
            "117248" : 2,
            "118272" : 9,
            "119296" : 5,
            "120320" : 7,
            "121344" : 5,
            "122368" : 6,
            "123392" : 11,
            "124416" : 4,
            "125440" : 4,
            "126464" : 5,
            "127488" : 5,
            "128512" : 4,
            "129536" : 4,
            "130560" : 1,
            "132096" : 14,
            "134144" : 6,
            "136192" : 7,
            "138240" : 3,
            "140288" : 2,
            "142336" : 8,
            "144384" : 8,
            "146432" : 9,
            "148480" : 6,
            "150528" : 10,
            "152576" : 2,
            "154624" : 3,
            "156672" : 2,
            "158720" : 5,
            "160768" : 3,
            "162816" : 2,
            "164864" : 1,
            "166912" : 2,
            "171008" : 6,
            "173056" : 3,
            "175104" : 1,
            "177152" : 2,
            "179200" : 4,
            "181248" : 1,
            "183296" : 6,
            "185344" : 3,
            "187392" : 2,
            "191488" : 2,
            "193536" : 3,
            "195584" : 3,
            "197632" : 1,
            "201728" : 1,
            "203776" : 3,
            "207872" : 2,
            "209920" : 2,
            "211968" : 1,
            "214016" : 5,
            "216064" : 3,
            "218112" : 1,
            "220160" : 2,
            "222208" : 4,
            "224256" : 4,
            "226304" : 1,
            "230400" : 2,
            "232448" : 1,
            "234496" : 2,
            "236544" : 3,
            "238592" : 1,
            "242688" : 2,
            "244736" : 2,
            "246784" : 4,
            "248832" : 1,
            "250880" : 3,
            "252928" : 4,
            "254976" : 2,
            "257024" : 1,
            "259072" : 3,
            "261120" : 2,
            "264192" : 5,
            "268288" : 1,
            "276480" : 4,
            "280576" : 2,
            "284672" : 2,
            "288768" : 2,
            "292864" : 3,
            "296960" : 3,
            "301056" : 1,
            "305152" : 5,
            "309248" : 1,
            "313344" : 1,
            "317440" : 3,
            "321536" : 1,
            "325632" : 1,
            "329728" : 1,
            "333824" : 2,
            "337920" : 3,
            "342016" : 4,
            "346112" : 2,
            "350208" : 2,
            "354304" : 1,
            "358400" : 1,
            "362496" : 1,
            "366592" : 2,
            "378880" : 2,
            "382976" : 1,
            "391168" : 1,
            "399360" : 2,
            "403456" : 1,
            "407552" : 3,
            "411648" : 1,
            "415744" : 3,
            "419840" : 1,
            "423936" : 2,
            "428032" : 2,
            "432128" : 2,
            "436224" : 2,
            "444416" : 2,
            "448512" : 1,
            "452608" : 1,
            "456704" : 1,
            "485376" : 1,
            "489472" : 1,
            "497664" : 1,
            "501760" : 1,
            "505856" : 2,
            "522240" : 2,
            "528384" : 1,
            "544768" : 1,
            "552960" : 1,
            "561152" : 1,
            "569344" : 1,
            "577536" : 1,
            "585728" : 1,
            "610304" : 1,
            "618496" : 1,
            "634880" : 1,
            "667648" : 1,
            "675840" : 2,
            "700416" : 1,
            "708608" : 2,
            "733184" : 2,
            "741376" : 2,
            "749568" : 1,
            "757760" : 1,
            "774144" : 2,
            "782336" : 1,
            "790528" : 1,
            "856064" : 1,
            "897024" : 3,
            "905216" : 1,
            "913408" : 1,
            "929792" : 3,
            "937984" : 1,
            "946176" : 1,
            "954368" : 1,
            "962560" : 1,
            "978944" : 1,
            "987136" : 2,
            "995328" : 1,
            "1003520" : 3,
            "1011712" : 1,
            "1028096" : 3,
            "1036288" : 1,
            "1044480" : 3,
            "1073152" : 3,
            "1089536" : 1,
            "1122304" : 1,
            "1138688" : 2,
            "1155072" : 1,
            "1204224" : 3,
            "1220608" : 1,
            "1236992" : 2,
            "1253376" : 1,
            "1269760" : 2,
            "1286144" : 1,
            "1384448" : 2,
            "1400832" : 1,
            "1515520" : 1,
            "1548288" : 1,
            "1564672" : 3,
            "1875968" : 1,
            "1941504" : 1,
            "2244608" : 1,
            "2310144" : 1,
            "2473984" : 1,
            "2637824" : 1,
            "2834432" : 1,
            "3063808" : 1,
            "3686400" : 1,
            "3751936" : 1,
            "3850240" : 1,
            "3883008" : 1,
            "4227072" : 2,
            "4685824" : 1,
            "5013504" : 1,
            "6979584" : 1
          }
        },
        "bw_min" : 178184,
        "bw_max" : 292624,
        "bw_agg" : 99.922431,
        "bw_mean" : 216761.103448,
        "bw_dev" : 22030.486692,
        "bw_samples" : 29,
        "iops_min" : 44546,
        "iops_max" : 73156,
        "iops_mean" : 54190.275862,
        "iops_stddev" : 5507.621673,
        "iops_samples" : 29
      },
      "write" : {
        "io_bytes" : 3328401408,
        "io_kbytes" : 3250392,
        "bw_bytes" : 221878635,
        "bw" : 216678,
        "iops" : 54169.588694,
        "runtime" : 15001,
        "total_ios" : 812598,
        "short_ios" : 0,
        "drop_ios" : 0,
        "slat_ns" : {
          "min" : 0,
          "max" : 0,
          "mean" : 0.000000,
          "stddev" : 0.000000,
          "N" : 0
        },
        "clat_ns" : {
          "min" : 1082,
          "max" : 5011160,
          "mean" : 2383.564021,
          "stddev" : 8961.972536,
          "N" : 812598,
          "percentile" : {
            "1.000000" : 1448,
            "5.000000" : 1512,
            "10.000000" : 1528,
            "20.000000" : 1560,
            "30.000000" : 1592,
            "40.000000" : 1992,
            "50.000000" : 2320,
            "60.000000" : 2384,
            "70.000000" : 2416,
            "80.000000" : 2576,
            "90.000000" : 3344,
            "95.000000" : 4256,
            "99.000000" : 5856,
            "99.500000" : 6624,
            "99.900000" : 15936,
            "99.950000" : 25728,
            "99.990000" : 88576
          },
          "bins" : {
            "1080" : 1,
            "1096" : 3,
            "1112" : 6,
            "1128" : 8,
            "1144" : 60,
            "1160" : 109,
            "1176" : 127,
            "1192" : 109,
            "1208" : 72,
            "1224" : 72,
            "1240" : 163,
            "1256" : 292,
            "1272" : 257,
            "1288" : 228,
            "1304" : 194,
            "1320" : 138,
            "1336" : 102,
            "1352" : 66,
            "1368" : 48,
            "1384" : 38,
            "1400" : 27,
            "1416" : 39,
            "1432" : 573,
            "1448" : 5766,
            "1464" : 7939,
            "1480" : 6143,
            "1496" : 5687,
            "1512" : 25330,
            "1528" : 53256,
            "1544" : 54303,
            "1560" : 43332,
            "1576" : 34207,
            "1592" : 24267,
            "1608" : 16478,
            "1624" : 10735,
            "1640" : 6674,
            "1656" : 4268,
            "1672" : 2706,
            "1688" : 1847,
            "1704" : 1169,
            "1720" : 785,
            "1736" : 641,
            "1752" : 517,
            "1768" : 483,
            "1784" : 426,
            "1800" : 394,
            "1816" : 365,
            "1832" : 348,
            "1848" : 347,
            "1864" : 372,
            "1880" : 459,
            "1896" : 691,
            "1912" : 1002,
            "1928" : 1426,
            "1944" : 1970,
            "1960" : 2279,
            "1976" : 3049,
            "1992" : 3198,
            "2008" : 3429,
            "2024" : 3453,
            "2040" : 2950,
            "2064" : 4473,
            "2096" : 2757,
            "2128" : 1503,
            "2160" : 1162,
            "2192" : 1443,
            "2224" : 3271,
            "2256" : 8117,
            "2288" : 19893,
            "2320" : 38068,
            "2352" : 53316,
            "2384" : 55897,
            "2416" : 45888,
            "2448" : 31029,
            "2480" : 19943,
            "2512" : 13235,
            "2544" : 9877,
            "2576" : 8240,
            "2608" : 7244,
            "2640" : 6379,
            "2672" : 5498,
            "2704" : 4582,
            "2736" : 3979,
            "2768" : 3441,
            "2800" : 2981,
            "2832" : 2875,
            "2864" : 2727,
            "2896" : 2724,
            "2928" : 2480,
            "2960" : 2256,
            "2992" : 2103,
            "3024" : 1885,
            "3056" : 1759,
            "3088" : 1606,
            "3120" : 1731,
            "3152" : 2305,
            "3184" : 3051,
            "3216" : 4178,
            "3248" : 4446,
            "3280" : 3947,
            "3312" : 3209,
            "3344" : 2439,
            "3376" : 1934,
            "3408" : 1716,
            "3440" : 1660,
            "3472" : 1522,
            "3504" : 1536,
            "3536" : 1598,
            "3568" : 1517,
            "3600" : 1455,
            "3632" : 1467,
            "3664" : 1333,
            "3696" : 1420,
            "3728" : 1291,
            "3760" : 1286,
            "3792" : 1323,
            "3824" : 1249,
            "3856" : 1407,
            "3888" : 1311,
            "3920" : 1404,
            "3952" : 1415,
            "3984" : 1438,
            "4016" : 1445,
            "4048" : 1300,
            "4080" : 1284,
            "4128" : 2377,
            "4192" : 2060,
            "4256" : 1908,
            "4320" : 1922,
            "4384" : 1907,
            "4448" : 1883,
            "4512" : 1771,
            "4576" : 1751,
            "4640" : 1610,
            "4704" : 1611,
            "4768" : 1653,
            "4832" : 1623,
            "4896" : 1489,
            "4960" : 1454,
            "5024" : 1366,
            "5088" : 1284,
            "5152" : 1256,
            "5216" : 1166,
            "5280" : 1106,
            "5344" : 1034,
            "5408" : 930,
            "5472" : 931,
            "5536" : 829,
            "5600" : 737,
            "5664" : 663,
            "5728" : 637,
            "5792" : 614,
            "5856" : 532,
            "5920" : 512,
            "5984" : 446,
            "6048" : 430,
            "6112" : 405,
            "6176" : 312,
            "6240" : 327,
            "6304" : 310,
            "6368" : 277,
            "6432" : 219,
            "6496" : 229,
            "6560" : 218,
            "6624" : 223,
            "6688" : 170,
            "6752" : 184,
            "6816" : 145,
            "6880" : 142,
            "6944" : 152,
            "7008" : 136,
            "7072" : 132,
            "7136" : 114,
            "7200" : 96,
            "7264" : 93,
            "7328" : 86,
            "7392" : 89,
            "7456" : 67,
            "7520" : 78,
            "7584" : 61,
            "7648" : 49,
            "7712" : 53,
            "7776" : 37,
            "7840" : 32,
            "7904" : 30,
            "7968" : 44,
            "8032" : 22,
            "8096" : 28,
            "8160" : 15,
            "8256" : 35,
            "8384" : 40,
            "8512" : 29,
            "8640" : 40,
            "8768" : 17,
            "8896" : 25,
            "9024" : 30,
            "9152" : 25,
            "9280" : 25,
            "9408" : 19,
            "9536" : 18,
            "9664" : 30,
            "9792" : 21,
            "9920" : 25,
            "10048" : 25,
            "10176" : 20,
            "10304" : 22,
            "10432" : 19,
            "10560" : 14,
            "10688" : 25,
            "10816" : 16,
            "10944" : 20,
            "11072" : 20,
            "11200" : 19,
            "11328" : 14,
            "11456" : 15,
            "11584" : 22,
            "11712" : 20,
            "11840" : 18,
            "11968" : 10,
            "12096" : 19,
            "12224" : 9,
            "12352" : 17,
            "12480" : 14,
            "12608" : 10,
            "12736" : 15,
            "12864" : 10,
            "12992" : 10,
            "13120" : 19,
            "13248" : 15,
            "13376" : 10,
            "13504" : 12,
            "13632" : 12,
            "13760" : 9,
            "13888" : 18,
            "14016" : 9,
            "14144" : 15,
            "14272" : 13,
            "14400" : 13,
            "14528" : 11,
            "14656" : 8,
            "14784" : 13,
            "14912" : 12,
            "15040" : 15,
            "15168" : 11,
            "15296" : 12,
            "15424" : 10,
            "15552" : 6,
            "15680" : 12,
            "15808" : 6,
            "15936" : 14,
            "16064" : 12,
            "16192" : 8,
            "16320" : 11,
            "16512" : 16,
            "16768" : 12,
            "17024" : 19,
            "17280" : 6,
            "17536" : 18,
            "17792" : 16,
            "18048" : 14,
            "18304" : 15,
            "18560" : 12,
            "18816" : 14,
            "19072" : 8,
            "19328" : 16,
            "19584" : 15,
            "19840" : 10,
            "20096" : 14,
            "20352" : 9,
            "20608" : 14,
            "20864" : 11,
            "21120" : 6,
            "21376" : 10,
            "21632" : 10,
            "21888" : 6,
            "22144" : 7,
            "22400" : 13,
            "22656" : 9,
            "22912" : 7,
            "23168" : 4,
            "23424" : 7,
            "23680" : 4,
            "23936" : 4,
            "24192" : 8,
            "24448" : 7,
            "24704" : 4,
            "24960" : 11,
            "25216" : 4,
            "25472" : 5,
            "25728" : 6,
            "25984" : 5,
            "26240" : 3,
            "26496" : 5,
            "26752" : 5,
            "27008" : 4,
            "27264" : 11,
            "27520" : 9,
            "27776" : 2,
            "28032" : 11,
            "28288" : 5,
            "28544" : 4,
            "28800" : 7,
            "29056" : 5,
            "29312" : 3,
            "29568" : 3,
            "29824" : 4,
            "30080" : 1,
            "30336" : 2,
            "30592" : 5,
            "30848" : 6,
            "31104" : 1,
            "31360" : 6,
            "31616" : 3,
            "31872" : 3,
            "32128" : 3,
            "32384" : 3,
            "32640" : 7,
            "33024" : 4,
            "33536" : 6,
            "34048" : 6,
            "34560" : 8,
            "35072" : 7,
            "35584" : 9,
            "36096" : 5,
            "36608" : 4,
            "37120" : 3,
            "37632" : 9,
            "38144" : 4,
            "38656" : 4,
            "39680" : 8,
            "40192" : 2,
            "40704" : 13,
            "41216" : 4,
            "41728" : 6,
            "42240" : 3,
            "42752" : 4,
            "43264" : 4,
            "43776" : 6,
            "44288" : 2,
            "44800" : 3,
            "45312" : 3,
            "45824" : 3,
            "46336" : 4,
            "46848" : 3,
            "47360" : 3,
            "47872" : 1,
            "48384" : 2,
            "48896" : 2,
            "49408" : 2,
            "49920" : 1,
            "50944" : 1,
            "51456" : 1,
            "51968" : 2,
            "52992" : 3,
            "53504" : 3,
            "54016" : 3,
            "55040" : 1,
            "58112" : 1,
            "59648" : 2,
            "60672" : 1,
            "63744" : 1,
            "64256" : 1,
            "64768" : 1,
            "65280" : 1,
            "66048" : 3,
            "67072" : 1,
            "70144" : 1,
            "71168" : 4,
            "73216" : 1,
            "74240" : 2,
            "75264" : 2,
            "76288" : 1,
            "77312" : 1,
            "78336" : 1,
            "79360" : 2,
            "81408" : 1,
            "82432" : 2,
            "86528" : 1,
            "88576" : 1,
            "90624" : 1,
            "97792" : 2,
            "98816" : 1,
            "99840" : 1,
            "101888" : 1,
            "102912" : 2,
            "105984" : 1,
            "107008" : 2,
            "108032" : 1,
            "109056" : 1,
            "110080" : 1,
            "112128" : 3,
            "113152" : 3,
            "114176" : 1,
            "115200" : 1,
            "123392" : 3,
            "126464" : 2,
            "127488" : 1,
            "132096" : 1,
            "134144" : 2,
            "136192" : 1,
            "138240" : 1,
            "140288" : 1,
            "146432" : 2,
            "150528" : 1,
            "156672" : 1,
            "166912" : 1,
            "175104" : 1,
            "181248" : 1,
            "185344" : 1,
            "201728" : 1,
            "205824" : 1,
            "214016" : 1,
            "216064" : 1,
            "218112" : 1,
            "224256" : 1,
            "228352" : 1,
            "230400" : 1,
            "238592" : 1,
            "252928" : 1,
            "254976" : 1,
            "264192" : 3,
            "309248" : 1,
            "337920" : 1,
            "342016" : 1,
            "346112" : 1,
            "350208" : 2,
            "358400" : 1,
            "366592" : 1,
            "552960" : 1,
            "569344" : 1,
            "610304" : 2,
            "708608" : 1,
            "716800" : 1,
            "765952" : 1,
            "815104" : 1,
            "1036288" : 1,
            "1089536" : 1,
            "1105920" : 1,
            "1171456" : 1,
            "1269760" : 1,
            "1564672" : 1,
            "2179072" : 1,
            "4423680" : 1,
            "5013504" : 1
          }
        },
        "lat_ns" : {
          "min" : 1139,
          "max" : 5011258,
          "mean" : 2470.639315,
          "stddev" : 9063.317025,
          "N" : 812598,
          "percentile" : {
            "1.000000" : 1512,
            "5.000000" : 1576,
            "10.000000" : 1592,
            "20.000000" : 1608,
            "30.000000" : 1640,
            "40.000000" : 2064,
            "50.000000" : 2416,
            "60.000000" : 2448,
            "70.000000" : 2512,
            "80.000000" : 2672,
            "90.000000" : 3440,
            "95.000000" : 4384,
            "99.000000" : 6048,
            "99.500000" : 6880,
            "99.900000" : 16512,
            "99.950000" : 26496,
            "99.990000" : 97792
          },
          "bins" : {
            "1144" : 4,
            "1160" : 3,
            "1176" : 12,
            "1192" : 39,
            "1208" : 92,
            "1224" : 127,
            "1240" : 105,
            "1256" : 90,
            "1272" : 63,
            "1288" : 132,
            "1304" : 216,
            "1320" : 290,
            "1336" : 242,
            "1352" : 204,
            "1368" : 164,
            "1384" : 114,
            "1400" : 84,
            "1416" : 56,
            "1432" : 36,
            "1448" : 40,
            "1464" : 26,
            "1480" : 80,
            "1496" : 1979,
            "1512" : 7097,
            "1528" : 7291,
            "1544" : 5657,
            "1560" : 10685,
            "1576" : 40600,
            "1592" : 51532,
            "1608" : 50880,
            "1624" : 40712,
            "1640" : 29681,
            "1656" : 21665,
            "1672" : 13770,
            "1688" : 9110,
            "1704" : 5723,
            "1720" : 3635,
            "1736" : 2373,
            "1752" : 1463,
            "1768" : 1006,
            "1784" : 735,
            "1800" : 569,
            "1816" : 505,
            "1832" : 424,
            "1848" : 420,
            "1864" : 395,
            "1880" : 351,
            "1896" : 309,
            "1912" : 315,
            "1928" : 283,
            "1944" : 361,
            "1960" : 479,
            "1976" : 756,
            "1992" : 1176,
            "2008" : 1559,
            "2024" : 2044,
            "2040" : 2467,
            "2064" : 6320,
            "2096" : 6762,
            "2128" : 5112,
            "2160" : 3261,
            "2192" : 1832,
            "2224" : 1127,
            "2256" : 1117,
            "2288" : 1963,
            "2320" : 4667,
            "2352" : 11613,
            "2384" : 25177,
            "2416" : 43656,
            "2448" : 55448,
            "2480" : 53972,
            "2512" : 40470,
            "2544" : 26043,
            "2576" : 16207,
            "2608" : 10770,
            "2640" : 8846,
            "2672" : 7806,
            "2704" : 7187,
            "2736" : 6475,
            "2768" : 5423,
            "2800" : 4543,
            "2832" : 3949,
            "2864" : 3439,
            "2896" : 3119,
            "2928" : 2924,
            "2960" : 2705,
            "2992" : 2403,
            "3024" : 2277,
            "3056" : 2085,
            "3088" : 2048,
            "3120" : 1991,
            "3152" : 1952,
            "3184" : 1769,
            "3216" : 2108,
            "3248" : 2539,
            "3280" : 3411,
            "3312" : 4293,
            "3344" : 4316,
            "3376" : 3712,
            "3408" : 3054,
            "3440" : 2190,
            "3472" : 1821,
            "3504" : 1615,
            "3536" : 1565,
            "3568" : 1420,
            "3600" : 1419,
            "3632" : 1482,
            "3664" : 1526,
            "3696" : 1473,
            "3728" : 1459,
            "3760" : 1477,
            "3792" : 1342,
            "3824" : 1366,
            "3856" : 1333,
            "3888" : 1281,
            "3920" : 1216,
            "3952" : 1262,
            "3984" : 1310,
            "4016" : 1276,
            "4048" : 1319,
            "4080" : 1448,
            "4128" : 2673,
            "4192" : 2663,
            "4256" : 2378,
            "4320" : 2010,
            "4384" : 1877,
            "4448" : 1847,
            "4512" : 1860,
            "4576" : 1784,
            "4640" : 1721,
            "4704" : 1733,
            "4768" : 1665,
            "4832" : 1616,
            "4896" : 1552,
            "4960" : 1614,
            "5024" : 1544,
            "5088" : 1383,
            "5152" : 1423,
            "5216" : 1323,
            "5280" : 1280,
            "5344" : 1180,
            "5408" : 1076,
            "5472" : 1071,
            "5536" : 977,
            "5600" : 939,
            "5664" : 857,
            "5728" : 742,
            "5792" : 705,
            "5856" : 669,
            "5920" : 595,
            "5984" : 566,
            "6048" : 536,
            "6112" : 485,
            "6176" : 466,
            "6240" : 392,
            "6304" : 393,
            "6368" : 325,
            "6432" : 316,
            "6496" : 296,
            "6560" : 275,
            "6624" : 243,
            "6688" : 245,
            "6752" : 201,
            "6816" : 194,
            "6880" : 164,
            "6944" : 195,
            "7008" : 168,
            "7072" : 142,
            "7136" : 136,
            "7200" : 160,
            "7264" : 116,
            "7328" : 122,
            "7392" : 107,
            "7456" : 91,
            "7520" : 107,
            "7584" : 90,
            "7648" : 95,
            "7712" : 78,
            "7776" : 71,
            "7840" : 72,
            "7904" : 53,
            "7968" : 46,
            "8032" : 44,
            "8096" : 43,
            "8160" : 29,
            "8256" : 61,
            "8384" : 57,
            "8512" : 45,
            "8640" : 46,
            "8768" : 30,
            "8896" : 40,
            "9024" : 22,
            "9152" : 28,
            "9280" : 30,
            "9408" : 32,
            "9536" : 23,
            "9664" : 22,
            "9792" : 28,
            "9920" : 27,
            "10048" : 19,
            "10176" : 28,
            "10304" : 21,
            "10432" : 18,
            "10560" : 21,
            "10688" : 20,
            "10816" : 30,
            "10944" : 19,
            "11072" : 18,
            "11200" : 23,
            "11328" : 15,
            "11456" : 14,
            "11584" : 22,
            "11712" : 22,
            "11840" : 19,
            "11968" : 18,
            "12096" : 17,
            "12224" : 10,
            "12352" : 15,
            "12480" : 16,
            "12608" : 12,
            "12736" : 13,
            "12864" : 15,
            "12992" : 10,
            "13120" : 11,
            "13248" : 17,
            "13376" : 16,
            "13504" : 10,
            "13632" : 14,
            "13760" : 13,
            "13888" : 15,
            "14016" : 16,
            "14144" : 13,
            "14272" : 15,
            "14400" : 9,
            "14528" : 16,
            "14656" : 11,
            "14784" : 8,
            "14912" : 11,
            "15040" : 20,
            "15168" : 14,
            "15296" : 10,
            "15424" : 12,
            "15552" : 8,
            "15680" : 7,
            "15808" : 12,
            "15936" : 9,
            "16064" : 10,
            "16192" : 14,
            "16320" : 10,
            "16512" : 16,
            "16768" : 19,
            "17024" : 18,
            "17280" : 10,
            "17536" : 14,
            "17792" : 18,
            "18048" : 15,
            "18304" : 15,
            "18560" : 13,
            "18816" : 17,
            "19072" : 8,
            "19328" : 11,
            "19584" : 16,
            "19840" : 14,
            "20096" : 11,
            "20352" : 11,
            "20608" : 17,
            "20864" : 12,
            "21120" : 6,
            "21376" : 14,
            "21632" : 12,
            "21888" : 8,
            "22144" : 6,
            "22400" : 10,
            "22656" : 9,
            "22912" : 6,
            "23168" : 6,
            "23424" : 5,
            "23680" : 10,
            "23936" : 3,
            "24192" : 6,
            "24448" : 6,
            "24704" : 7,
            "24960" : 8,
            "25216" : 9,
            "25472" : 3,
            "25728" : 7,
            "25984" : 7,
            "26240" : 3,
            "26496" : 5,
            "26752" : 6,
            "27008" : 2,
            "27264" : 10,
            "27520" : 9,
            "27776" : 7,
            "28032" : 8,
            "28288" : 6,
            "28544" : 4,
            "28800" : 7,
            "29056" : 8,
            "29312" : 2,
            "29568" : 1,
            "29824" : 5,
            "30080" : 1,
            "30336" : 4,
            "30592" : 4,
            "30848" : 5,
            "31104" : 2,
            "31360" : 5,
            "31616" : 5,
            "31872" : 3,
            "32128" : 2,
            "32384" : 4,
            "32640" : 5,
            "33024" : 7,
            "33536" : 3,
            "34048" : 8,
            "34560" : 8,
            "35072" : 6,
            "35584" : 9,
            "36096" : 7,
            "36608" : 4,
            "37120" : 5,
            "37632" : 5,
            "38144" : 6,
            "38656" : 5,
            "39168" : 1,
            "39680" : 7,
            "40192" : 2,
            "40704" : 15,
            "41216" : 5,
            "41728" : 4,
            "42240" : 6,
            "42752" : 3,
            "43264" : 3,
            "43776" : 7,
            "44288" : 4,
            "44800" : 3,
            "45312" : 3,
            "45824" : 2,
            "46336" : 4,
            "46848" : 3,
            "47360" : 4,
            "47872" : 2,
            "48384" : 2,
            "48896" : 1,
            "49408" : 3,
            "49920" : 2,
            "50944" : 1,
            "51456" : 1,
            "51968" : 1,
            "52480" : 1,
            "52992" : 2,
            "53504" : 4,
            "54016" : 1,
            "54528" : 2,
            "55552" : 1,
            "58112" : 1,
            "59648" : 2,
            "60672" : 1,
            "64256" : 2,
            "64768" : 1,
            "66048" : 4,
            "67072" : 1,
            "70144" : 1,
            "71168" : 3,
            "72192" : 1,
            "73216" : 1,
            "74240" : 3,
            "75264" : 2,
            "76288" : 1,
            "77312" : 1,
            "78336" : 1,
            "79360" : 1,
            "80384" : 1,
            "82432" : 3,
            "86528" : 1,
            "88576" : 1,
            "90624" : 1,
            "97792" : 2,
            "99840" : 2,
            "101888" : 1,
            "102912" : 2,
            "107008" : 3,
            "108032" : 1,
            "109056" : 1,
            "110080" : 1,
            "112128" : 3,
            "113152" : 3,
            "114176" : 1,
            "115200" : 1,
            "123392" : 3,
            "126464" : 2,
            "127488" : 1,
            "132096" : 2,
            "134144" : 2,
            "136192" : 1,
            "138240" : 1,
            "140288" : 1,
            "146432" : 2,
            "152576" : 1,
            "158720" : 1,
            "166912" : 1,
            "175104" : 1,
            "181248" : 1,
            "185344" : 1,
            "201728" : 1,
            "205824" : 1,
            "214016" : 1,
            "216064" : 1,
            "218112" : 1,
            "224256" : 1,
            "228352" : 1,
            "230400" : 1,
            "252928" : 1,
            "254976" : 1,
            "264192" : 3,
            "309248" : 1,
            "337920" : 1,
            "342016" : 1,
            "346112" : 1,
            "350208" : 2,
            "362496" : 1,
            "366592" : 2,
            "552960" : 1,
            "569344" : 1,
            "610304" : 2,
            "708608" : 1,
            "716800" : 1,
            "765952" : 1,
            "815104" : 1,
            "1036288" : 1,
            "1089536" : 1,
            "1105920" : 1,
            "1155072" : 1,
            "1171456" : 1,
            "1269760" : 1,
            "1564672" : 1,
            "2179072" : 1,
            "4423680" : 1,
            "5013504" : 1
          }
        },
        "bw_min" : 178848,
        "bw_max" : 292568,
        "bw_agg" : 99.869690,
        "bw_mean" : 216396.413793,
        "bw_dev" : 21766.925535,
        "bw_samples" : 29,
        "iops_min" : 44712,
        "iops_max" : 73142,
        "iops_mean" : 54099.103448,
        "iops_stddev" : 5441.731384,
        "iops_samples" : 29
      },
      "trim" : {
        "io_bytes" : 0,
        "io_kbytes" : 0,
        "bw_bytes" : 0,
        "bw" : 0,
        "iops" : 0.000000,
        "runtime" : 0,
        "total_ios" : 0,
        "short_ios" : 0,
        "drop_ios" : 0,
        "slat_ns" : {
          "min" : 0,
          "max" : 0,
          "mean" : 0.000000,
          "stddev" : 0.000000,
          "N" : 0
        },
        "clat_ns" : {
          "min" : 0,
          "max" : 0,
          "mean" : 0.000000,
          "stddev" : 0.000000,
          "N" : 0
        },
        "lat_ns" : {
          "min" : 0,
          "max" : 0,
          "mean" : 0.000000,
          "stddev" : 0.000000,
          "N" : 0
        },
        "bw_min" : 0,
        "bw_max" : 0,
        "bw_agg" : 0.000000,
        "bw_mean" : 0.000000,
        "bw_dev" : 0.000000,
        "bw_samples" : 0,
        "iops_min" : 0,
        "iops_max" : 0,
        "iops_mean" : 0.000000,
        "iops_stddev" : 0.000000,
        "iops_samples" : 0
      },
      "sync" : {
        "total_ios" : 0,
        "lat_ns" : {
          "min" : 0,
          "max" : 0,
          "mean" : 0.000000,
          "stddev" : 0.000000,
          "N" : 0
        }
      },
      "job_runtime" : 15000,
      "usr_cpu" : 12.380000,
      "sys_cpu" : 58.520000,
      "ctx" : 829887,
      "majf" : 0,
      "minf" : 20,
      "iodepth_level" : {
        "1" : 100.000000,
        "2" : 0.000000,
        "4" : 0.000000,
        "8" : 0.000000,
        "16" : 0.000000,
        "32" : 0.000000,
        ">=64" : 0.000000
      },
      "iodepth_submit" : {
        "0" : 0.000000,
        "4" : 100.000000,
        "8" : 0.000000,
        "16" : 0.000000,
        "32" : 0.000000,
        "64" : 0.000000,
        ">=64" : 0.000000
      },
      "iodepth_complete" : {
        "0" : 0.000000,
        "4" : 100.000000,
        "8" : 0.000000,
        "16" : 0.000000,
        "32" : 0.000000,
        "64" : 0.000000,
        ">=64" : 0.000000
      },
      "latency_ns" : {
        "2" : 0.000000,
        "4" : 0.000000,
        "10" : 0.000000,
        "20" : 0.000000,
        "50" : 0.000000,
        "100" : 0.000000,
        "250" : 0.000000,
        "500" : 0.000000,
        "750" : 0.087938,
        "1000" : 0.128095
      },
      "latency_us" : {
        "2" : 20.066083,
        "4" : 26.878240,
        "10" : 17.889821,
        "20" : 33.423875,
        "50" : 1.431368,
        "100" : 0.056945,
        "250" : 0.023553,
        "500" : 0.010000,
        "750" : 0.010000,
        "1000" : 0.010000
      },
      "latency_ms" : {
        "2" : 0.010000,
        "4" : 0.010000,
        "10" : 0.010000,
        "20" : 0.000000,
        "50" : 0.000000,
        "100" : 0.000000,
        "250" : 0.000000,
        "500" : 0.000000,
        "750" : 0.000000,
        "1000" : 0.000000,
        "2000" : 0.000000,
        ">=2000" : 0.000000
      },
      "latency_depth" : 1,
      "latency_target" : 0,
      "latency_percentile" : 100.000000,
      "latency_window" : 0
    }
  ],
  "disk_util" : [
    {
      "name" : "loop25",
      "read_ios" : 803449,
      "write_ios" : 806555,
      "read_merges" : 0,
      "write_merges" : 0,
      "read_ticks" : 6359,
      "write_ticks" : 20261,
      "in_queue" : 8,
      "util" : 99.339604
    }
  ]
}
