{
  "fio version" : "fio-3.32-36-g5932",
  "timestamp" : 1664232320,
  "timestamp_ms" : 1664232320513,
  "time" : "Tue Sep 27 00:45:20 2022",
  "global options" : {
    "size" : "2M",
    "rw" : "randrw",
    "bs" : "4K",
    "numjobs" : "1",
    "iodepth" : "1",
    "runtime" : "15",
    "end_fsync" : "1",
    "lat_percentiles" : "1",
    "slat_percentiles" : "1",
    "clat_percentiles" : "1"
  },
  "jobs" : [
    {
      "jobname" : "random-rw",
      "groupid" : 0,
      "error" : 0,
      "eta" : 0,
      "elapsed" : 16,
      "job options" : {
        "name" : "random-rw"
      },
      "read" : {
        "io_bytes" : 3376902144,
        "io_kbytes" : 3297756,
        "bw_bytes" : 225111802,
        "bw" : 219835,
        "iops" : 54958.936071,
        "runtime" : 15001,
        "total_ios" : 824439,
        "short_ios" : 0,
        "drop_ios" : 0,
        "slat_ns" : {
          "min" : 0,
          "max" : 0,
          "mean" : 0.000000,
          "stddev" : 0.000000,
          "N" : 0
        },
        "clat_ns" : {
          "min" : 6032,
          "max" : 8090225,
          "mean" : 11623.097788,
          "stddev" : 19605.764908,
          "N" : 824439,
          "percentile" : {
            "1.000000" : 6304,
            "5.000000" : 6496,
            "10.000000" : 6624,
            "20.000000" : 7904,
            "30.000000" : 10176,
            "40.000000" : 10688,
            "50.000000" : 10816,
            "60.000000" : 11200,
            "70.000000" : 11712,
            "80.000000" : 13376,
            "90.000000" : 16192,
            "95.000000" : 18560,
            "99.000000" : 24704,
            "99.500000" : 31616,
            "99.900000" : 61696,
            "99.950000" : 102912,
            "99.990000" : 456704
          },
          "bins" : {
            "6048" : 25,
            "6112" : 264,
            "6176" : 1395,
            "6240" : 3683,
            "6304" : 6632,
            "6368" : 10341,
            "6432" : 14192,
            "6496" : 16547,
            "6560" : 16787,
            "6624" : 16127,
            "6688" : 15294,
            "6752" : 14227,
            "6816" : 11603,
            "6880" : 8950,
            "6944" : 5981,
            "7008" : 3972,
            "7072" : 2697,
            "7136" : 1890,
            "7200" : 1519,
            "7264" : 1479,
            "7328" : 1494,
            "7392" : 1576,
            "7456" : 1513,
            "7520" : 1432,
            "7584" : 1318,
            "7648" : 1198,
            "7712" : 1008,
            "7776" : 852,
            "7840" : 648,
            "7904" : 477,
            "7968" : 368,
            "8032" : 308,
            "8096" : 228,
            "8160" : 183,
            "8256" : 297,
            "8384" : 242,
            "8512" : 213,
            "8640" : 151,
            "8768" : 158,
            "8896" : 157,
            "9024" : 169,
            "9152" : 275,
            "9280" : 850,
            "9408" : 2639,
            "9536" : 6954,
            "9664" : 12521,
            "9792" : 18217,
            "9920" : 20401,
            "10048" : 16961,
            "10176" : 10696,
            "10304" : 8023,
            "10432" : 15532,
            "10560" : 32736,
            "10688" : 48633,
            "10816" : 53659,
            "10944" : 45746,
            "11072" : 30094,
            "11200" : 18618,
            "11328" : 15855,
            "11456" : 17510,
            "11584" : 18393,
            "11712" : 16850,
            "11840" : 13248,
            "11968" : 9138,
            "12096" : 6322,
            "12224" : 5348,
            "12352" : 5290,
            "12480" : 5828,
            "12608" : 6180,
            "12736" : 6303,
            "12864" : 6075,
            "12992" : 5692,
            "13120" : 5396,
            "13248" : 5256,
            "13376" : 5162,
            "13504" : 5191,
            "13632" : 5164,
            "13760" : 4940,
            "13888" : 4666,
            "14016" : 4787,
            "14144" : 4515,
            "14272" : 4430,
            "14400" : 4223,
            "14528" : 4089,
            "14656" : 3786,
            "14784" : 3663,
            "14912" : 3443,
            "15040" : 3171,
            "15168" : 2915,
            "15296" : 2857,
            "15424" : 2703,
            "15552" : 2695,
            "15680" : 2606,
            "15808" : 2563,
            "15936" : 2525,
            "16064" : 2506,
            "16192" : 2626,
            "16320" : 2612,
            "16512" : 5481,
            "16768" : 5506,
            "17024" : 5003,
            "17280" : 4638,
            "17536" : 4319,
            "17792" : 3843,
            "18048" : 3523,
            "18304" : 3355,
            "18560" : 3087,
            "18816" : 2805,
            "19072" : 2658,
            "19328" : 2678,
            "19584" : 2721,
            "19840" : 2555,
            "20096" : 2251,
            "20352" : 1961,
            "20608" : 1784,
            "20864" : 1442,
            "21120" : 1352,
            "21376" : 1286,
            "21632" : 1127,
            "21888" : 1012,
            "22144" : 833,
            "22400" : 705,
            "22656" : 601,
            "22912" : 507,
            "23168" : 474,
            "23424" : 400,
            "23680" : 436,
            "23936" : 381,
            "24192" : 380,
            "24448" : 304,
            "24704" : 297,
            "24960" : 261,
            "25216" : 226,
            "25472" : 223,
            "25728" : 216,
            "25984" : 197,
            "26240" : 195,
            "26496" : 190,
            "26752" : 179,
            "27008" : 167,
            "27264" : 151,
            "27520" : 158,
            "27776" : 134,
            "28032" : 138,
            "28288" : 165,
            "28544" : 124,
            "28800" : 115,
            "29056" : 115,
            "29312" : 116,
            "29568" : 105,
            "29824" : 113,
            "30080" : 100,
            "30336" : 98,
            "30592" : 110,
            "30848" : 92,
            "31104" : 91,
            "31360" : 92,
            "31616" : 73,
            "31872" : 77,
            "32128" : 70,
            "32384" : 83,
            "32640" : 57,
            "33024" : 134,
            "33536" : 141,
            "34048" : 128,
            "34560" : 100,
            "35072" : 93,
            "35584" : 97,
            "36096" : 80,
            "36608" : 82,
            "37120" : 76,
            "37632" : 65,
            "38144" : 72,
            "38656" : 63,
            "39168" : 72,
            "39680" : 55,
            "40192" : 70,
            "40704" : 85,
            "41216" : 71,
            "41728" : 70,
            "42240" : 61,
            "42752" : 73,
            "43264" : 69,
            "43776" : 73,
            "44288" : 64,
            "44800" : 72,
            "45312" : 76,
            "45824" : 55,
            "46336" : 52,
            "46848" : 42,
            "47360" : 46,
            "47872" : 49,
            "48384" : 44,
            "48896" : 37,
            "49408" : 47,
            "49920" : 37,
            "50432" : 36,
            "50944" : 28,
            "51456" : 30,
            "51968" : 35,
            "52480" : 27,
            "52992" : 37,
            "53504" : 26,
            "54016" : 33,
            "54528" : 17,
            "55040" : 15,
            "55552" : 28,
            "56064" : 32,
            "56576" : 27,
            "57088" : 26,
            "57600" : 30,
            "58112" : 22,
            "58624" : 22,
            "59136" : 15,
            "59648" : 17,
            "60160" : 11,
            "60672" : 15,
            "61184" : 16,
            "61696" : 18,
            "62208" : 22,
            "62720" : 14,
            "63232" : 13,
            "63744" : 9,
            "64256" : 12,
            "64768" : 5,
            "65280" : 10,
            "66048" : 19,
            "67072" : 11,
            "68096" : 14,
            "69120" : 15,
            "70144" : 14,
            "71168" : 15,
            "72192" : 17,
            "73216" : 15,
            "74240" : 10,
            "75264" : 15,
            "76288" : 6,
            "77312" : 8,
            "78336" : 11,
            "79360" : 14,
            "80384" : 7,
            "81408" : 5,
            "82432" : 5,
            "83456" : 4,
            "84480" : 1,
            "85504" : 8,
            "86528" : 7,
            "87552" : 6,
            "88576" : 7,
            "89600" : 10,
            "90624" : 9,
            "91648" : 3,
            "92672" : 7,
            "93696" : 7,
            "94720" : 10,
            "95744" : 9,
            "96768" : 6,
            "97792" : 1,
            "98816" : 7,
            "99840" : 5,
            "100864" : 1,
            "101888" : 7,
            "102912" : 6,
            "103936" : 3,
            "104960" : 7,
            "105984" : 4,
            "107008" : 3,
            "108032" : 5,
            "109056" : 5,
            "110080" : 5,
            "111104" : 4,
            "112128" : 2,
            "113152" : 3,
            "114176" : 3,
            "115200" : 5,
            "116224" : 6,
            "117248" : 3,
            "118272" : 5,
            "119296" : 3,
            "120320" : 3,
            "121344" : 2,
            "123392" : 3,
            "124416" : 4,
            "125440" : 1,
            "126464" : 1,
            "127488" : 4,
            "128512" : 1,
            "129536" : 4,
            "130560" : 2,
            "132096" : 8,
            "134144" : 5,
            "136192" : 1,
            "138240" : 4,
            "140288" : 9,
            "142336" : 5,
            "144384" : 9,
            "146432" : 7,
            "148480" : 8,
            "150528" : 5,
            "152576" : 5,
            "154624" : 4,
            "156672" : 9,
            "158720" : 4,
            "160768" : 2,
            "162816" : 7,
            "164864" : 2,
            "171008" : 4,
            "173056" : 3,
            "175104" : 4,
            "177152" : 3,
            "179200" : 1,
            "181248" : 2,
            "183296" : 1,
            "187392" : 2,
            "189440" : 2,
            "191488" : 3,
            "193536" : 2,
            "195584" : 3,
            "197632" : 5,
            "199680" : 4,
            "201728" : 4,
            "203776" : 2,
            "205824" : 1,
            "207872" : 1,
            "209920" : 2,
            "211968" : 2,
            "214016" : 5,
            "216064" : 2,
            "218112" : 7,
            "220160" : 3,
            "224256" : 1,
            "226304" : 1,
            "228352" : 2,
            "230400" : 2,
            "232448" : 4,
            "236544" : 4,
            "238592" : 1,
            "240640" : 1,
            "242688" : 1,
            "246784" : 3,
            "250880" : 2,
            "252928" : 1,
            "259072" : 1,
            "261120" : 1,
            "268288" : 1,
            "272384" : 1,
            "276480" : 2,
            "280576" : 1,
            "284672" : 1,
            "288768" : 1,
            "292864" : 3,
            "296960" : 3,
            "313344" : 1,
            "317440" : 2,
            "325632" : 1,
            "329728" : 1,
            "333824" : 2,
            "337920" : 1,
            "342016" : 2,
            "346112" : 1,
            "350208" : 2,
            "358400" : 2,
            "362496" : 1,
            "366592" : 1,
            "370688" : 1,
            "378880" : 1,
            "382976" : 1,
            "391168" : 1,
            "395264" : 2,
            "399360" : 2,
            "423936" : 1,
            "428032" : 3,
            "432128" : 2,
            "436224" : 1,
            "440320" : 1,
            "444416" : 1,
            "448512" : 1,
            "452608" : 1,
            "456704" : 1,
            "464896" : 1,
            "468992" : 1,
            "481280" : 3,
            "509952" : 1,
            "514048" : 1,
            "518144" : 2,
            "536576" : 1,
            "544768" : 1,
            "552960" : 2,
            "585728" : 3,
            "593920" : 1,
            "610304" : 1,
            "643072" : 1,
            "700416" : 1,
            "741376" : 2,
            "782336" : 1,
            "798720" : 1,
            "815104" : 3,
            "831488" : 4,
            "839680" : 1,
            "847872" : 1,
            "856064" : 1,
            "864256" : 1,
            "905216" : 1,
            "978944" : 1,
            "987136" : 1,
            "995328" : 1,
            "1028096" : 1,
            "1036288" : 2,
            "1044480" : 1,
            "1056768" : 2,
            "1073152" : 4,
            "1089536" : 1,
            "1122304" : 1,
            "1138688" : 1,
            "1269760" : 1,
            "1286144" : 1,
            "1302528" : 1,
            "1335296" : 1,
            "1384448" : 1,
            "1400832" : 1,
            "1466368" : 1,
            "1581056" : 2,
            "1712128" : 2,
            "1777664" : 1,
            "1875968" : 1,
            "2056192" : 1,
            "2113536" : 1,
            "2244608" : 2,
            "2408448" : 1,
            "2441216" : 1,
            "2539520" : 1,
            "2605056" : 1,
            "2703360" : 1,
            "2932736" : 1,
            "3162112" : 1,
            "3325952" : 1,
            "3424256" : 1,
            "4079616" : 1,
            "5079040" : 1,
            "5210112" : 1,
            "8093696" : 1
          }
        },
        "lat_ns" : {
          "min" : 6090,
          "max" : 8090257,
          "mean" : 11678.381371,
          "stddev" : 19616.528765,
          "N" : 824439,
          "percentile" : {
            "1.000000" : 6368,
            "5.000000" : 6496,
            "10.000000" : 6688,
            "20.000000" : 7968,
            "30.000000" : 10176,
            "40.000000" : 10688,
            "50.000000" : 10944,
            "60.000000" : 11200,
            "70.000000" : 11840,
            "80.000000" : 13376,
            "90.000000" : 16192,
            "95.000000" : 18560,
            "99.000000" : 24704,
            "99.500000" : 31872,
            "99.900000" : 61696,
            "99.950000" : 102912,
            "99.990000" : 464896
          },
          "bins" : {
            "6112" : 41,
            "6176" : 331,
            "6240" : 1713,
            "6304" : 4157,
            "6368" : 7466,
            "6432" : 11980,
            "6496" : 15628,
            "6560" : 16862,
            "6624" : 16478,
            "6688" : 15920,
            "6752" : 15513,
            "6816" : 13833,
            "6880" : 10716,
            "6944" : 7886,
            "7008" : 5227,
            "7072" : 3420,
            "7136" : 2275,
            "7200" : 1685,
            "7264" : 1448,
            "7328" : 1461,
            "7392" : 1531,
            "7456" : 1535,
            "7520" : 1499,
            "7584" : 1392,
            "7648" : 1353,
            "7712" : 1125,
            "7776" : 959,
            "7840" : 795,
            "7904" : 574,
            "7968" : 436,
            "8032" : 342,
            "8096" : 280,
            "8160" : 222,
            "8256" : 317,
            "8384" : 255,
            "8512" : 226,
            "8640" : 165,
            "8768" : 152,
            "8896" : 151,
            "9024" : 168,
            "9152" : 193,
            "9280" : 512,
            "9408" : 1702,
            "9536" : 4914,
            "9664" : 10468,
            "9792" : 16569,
            "9920" : 20564,
            "10048" : 18751,
            "10176" : 12676,
            "10304" : 7857,
            "10432" : 11254,
            "10560" : 25918,
            "10688" : 44225,
            "10816" : 53550,
            "10944" : 50216,
            "11072" : 35678,
            "11200" : 21448,
            "11328" : 15900,
            "11456" : 16721,
            "11584" : 18429,
            "11712" : 17738,
            "11840" : 14694,
            "11968" : 10599,
            "12096" : 6987,
            "12224" : 5505,
            "12352" : 5308,
            "12480" : 5572,
            "12608" : 6142,
            "12736" : 6267,
            "12864" : 6277,
            "12992" : 5776,
            "13120" : 5402,
            "13248" : 5239,
            "13376" : 5254,
            "13504" : 5167,
            "13632" : 5039,
            "13760" : 5099,
            "13888" : 4685,
            "14016" : 4559,
            "14144" : 4569,
            "14272" : 4498,
            "14400" : 4263,
            "14528" : 4122,
            "14656" : 3856,
            "14784" : 3674,
            "14912" : 3608,
            "15040" : 3214,
            "15168" : 3025,
            "15296" : 2841,
            "15424" : 2786,
            "15552" : 2632,
            "15680" : 2609,
            "15808" : 2587,
            "15936" : 2477,
            "16064" : 2543,
            "16192" : 2560,
            "16320" : 2635,
            "16512" : 5347,
            "16768" : 5596,
            "17024" : 5102,
            "17280" : 4711,
            "17536" : 4466,
            "17792" : 3966,
            "18048" : 3602,
            "18304" : 3383,
            "18560" : 3205,
            "18816" : 2952,
            "19072" : 2710,
            "19328" : 2573,
            "19584" : 2728,
            "19840" : 2656,
            "20096" : 2422,
            "20352" : 2015,
            "20608" : 1877,
            "20864" : 1537,
            "21120" : 1387,
            "21376" : 1304,
            "21632" : 1182,
            "21888" : 1058,
            "22144" : 894,
            "22400" : 748,
            "22656" : 661,
            "22912" : 524,
            "23168" : 494,
            "23424" : 434,
            "23680" : 421,
            "23936" : 391,
            "24192" : 392,
            "24448" : 340,
            "24704" : 287,
            "24960" : 284,
            "25216" : 233,
            "25472" : 233,
            "25728" : 230,
            "25984" : 192,
            "26240" : 188,
            "26496" : 205,
            "26752" : 176,
            "27008" : 185,
            "27264" : 141,
            "27520" : 161,
            "27776" : 152,
            "28032" : 135,
            "28288" : 153,
            "28544" : 149,
            "28800" : 98,
            "29056" : 125,
            "29312" : 113,
            "29568" : 116,
            "29824" : 103,
            "30080" : 120,
            "30336" : 87,
            "30592" : 110,
            "30848" : 100,
            "31104" : 82,
            "31360" : 102,
            "31616" : 78,
            "31872" : 65,
            "32128" : 79,
            "32384" : 80,
            "32640" : 66,
            "33024" : 130,
            "33536" : 135,
            "34048" : 133,
            "34560" : 115,
            "35072" : 87,
            "35584" : 100,
            "36096" : 81,
            "36608" : 83,
            "37120" : 85,
            "37632" : 54,
            "38144" : 73,
            "38656" : 69,
            "39168" : 66,
            "39680" : 59,
            "40192" : 67,
            "40704" : 83,
            "41216" : 77,
            "41728" : 63,
            "42240" : 67,
            "42752" : 72,
            "43264" : 68,
            "43776" : 79,
            "44288" : 66,
            "44800" : 63,
            "45312" : 82,
            "45824" : 55,
            "46336" : 47,
            "46848" : 52,
            "47360" : 40,
            "47872" : 51,
            "48384" : 50,
            "48896" : 35,
            "49408" : 43,
            "49920" : 39,
            "50432" : 35,
            "50944" : 35,
            "51456" : 26,
            "51968" : 34,
            "52480" : 31,
            "52992" : 39,
            "53504" : 24,
            "54016" : 37,
            "54528" : 15,
            "55040" : 16,
            "55552" : 19,
            "56064" : 36,
            "56576" : 33,
            "57088" : 25,
            "57600" : 24,
            "58112" : 29,
            "58624" : 22,
            "59136" : 16,
            "59648" : 14,
            "60160" : 13,
            "60672" : 14,
            "61184" : 16,
            "61696" : 18,
            "62208" : 23,
            "62720" : 15,
            "63232" : 12,
            "63744" : 9,
            "64256" : 12,
            "64768" : 8,
            "65280" : 9,
            "66048" : 19,
            "67072" : 11,
            "68096" : 15,
            "69120" : 12,
            "70144" : 14,
            "71168" : 14,
            "72192" : 17,
            "73216" : 16,
            "74240" : 12,
            "75264" : 15,
            "76288" : 7,
            "77312" : 8,
            "78336" : 10,
            "79360" : 14,
            "80384" : 8,
            "81408" : 5,
            "82432" : 5,
            "83456" : 4,
            "84480" : 1,
            "85504" : 8,
            "86528" : 5,
            "87552" : 8,
            "88576" : 5,
            "89600" : 12,
            "90624" : 8,
            "91648" : 4,
            "92672" : 5,
            "93696" : 10,
            "94720" : 7,
            "95744" : 12,
            "96768" : 6,
            "97792" : 1,
            "98816" : 6,
            "99840" : 6,
            "100864" : 1,
            "101888" : 7,
            "102912" : 6,
            "103936" : 2,
            "104960" : 8,
            "105984" : 4,
            "107008" : 3,
            "108032" : 5,
            "109056" : 3,
            "110080" : 7,
            "111104" : 4,
            "112128" : 1,
            "113152" : 4,
            "114176" : 3,
            "115200" : 5,
            "116224" : 6,
            "117248" : 3,
            "118272" : 5,
            "119296" : 3,
            "120320" : 3,
            "121344" : 2,
            "123392" : 3,
            "124416" : 3,
            "125440" : 2,
            "126464" : 1,
            "127488" : 4,
            "128512" : 1,
            "129536" : 4,
            "130560" : 2,
            "132096" : 8,
            "134144" : 5,
            "136192" : 1,
            "138240" : 4,
            "140288" : 9,
            "142336" : 5,
            "144384" : 9,
            "146432" : 7,
            "148480" : 8,
            "150528" : 5,
            "152576" : 5,
            "154624" : 3,
            "156672" : 10,
            "158720" : 4,
            "160768" : 2,
            "162816" : 7,
            "164864" : 2,
            "171008" : 3,
            "173056" : 4,
            "175104" : 4,
            "177152" : 3,
            "179200" : 1,
            "181248" : 2,
            "183296" : 1,
            "187392" : 2,
            "189440" : 1,
            "191488" : 4,
            "193536" : 2,
            "195584" : 3,
            "197632" : 5,
            "199680" : 4,
            "201728" : 4,
            "203776" : 2,
            "205824" : 1,
            "207872" : 1,
            "209920" : 2,
            "211968" : 2,
            "214016" : 5,
            "216064" : 1,
            "218112" : 6,
            "220160" : 5,
            "224256" : 1,
            "226304" : 1,
            "228352" : 2,
            "230400" : 2,
            "232448" : 4,
            "236544" : 4,
            "238592" : 1,
            "240640" : 1,
            "242688" : 1,
            "246784" : 3,
            "250880" : 2,
            "252928" : 1,
            "259072" : 1,
            "261120" : 1,
            "268288" : 1,
            "272384" : 1,
            "276480" : 2,
            "280576" : 1,
            "284672" : 1,
            "288768" : 1,
            "292864" : 3,
            "296960" : 3,
            "313344" : 1,
            "317440" : 2,
            "325632" : 1,
            "329728" : 1,
            "333824" : 2,
            "337920" : 1,
            "342016" : 1,
            "346112" : 2,
            "350208" : 2,
            "358400" : 2,
            "362496" : 1,
            "366592" : 1,
            "370688" : 1,
            "378880" : 1,
            "382976" : 1,
            "391168" : 1,
            "395264" : 2,
            "399360" : 2,
            "423936" : 1,
            "428032" : 3,
            "432128" : 2,
            "436224" : 1,
            "440320" : 1,
            "444416" : 1,
            "448512" : 1,
            "452608" : 1,
            "456704" : 1,
            "464896" : 1,
            "468992" : 1,
            "481280" : 3,
            "493568" : 1,
            "509952" : 1,
            "514048" : 1,
            "518144" : 2,
            "536576" : 1,
            "544768" : 1,
            "552960" : 2,
            "585728" : 3,
            "593920" : 1,
            "610304" : 1,
            "643072" : 1,
            "700416" : 1,
            "741376" : 2,
            "782336" : 1,
            "798720" : 1,
            "815104" : 3,
            "831488" : 4,
            "839680" : 1,
            "847872" : 1,
            "856064" : 1,
            "864256" : 1,
            "905216" : 1,
            "978944" : 1,
            "987136" : 1,
            "995328" : 1,
            "1028096" : 1,
            "1036288" : 2,
            "1044480" : 1,
            "1056768" : 2,
            "1073152" : 4,
            "1089536" : 1,
            "1122304" : 1,
            "1138688" : 1,
            "1269760" : 1,
            "1286144" : 1,
            "1302528" : 1,
            "1335296" : 1,
            "1384448" : 1,
            "1400832" : 1,
            "1466368" : 1,
            "1581056" : 2,
            "1712128" : 2,
            "1777664" : 1,
            "1875968" : 1,
            "2056192" : 1,
            "2113536" : 1,
            "2244608" : 2,
            "2408448" : 1,
            "2441216" : 1,
            "2539520" : 1,
            "2605056" : 1,
            "2703360" : 1,
            "2932736" : 1,
            "3162112" : 1,
            "3325952" : 1,
            "3424256" : 1,
            "4079616" : 1,
            "5079040" : 1,
            "5210112" : 1,
            "8093696" : 1
          }
        },
        "bw_min" : 191864,
        "bw_max" : 304032,
        "bw_agg" : 100.000000,
        "bw_mean" : 220629.241379,
        "bw_dev" : 32885.410488,
        "bw_samples" : 29,
        "iops_min" : 47966,
        "iops_max" : 76008,
        "iops_mean" : 55157.310345,
        "iops_stddev" : 8221.352622,
        "iops_samples" : 29
      },
      "write" : {
        "io_bytes" : 3372601344,
        "io_kbytes" : 3293556,
        "bw_bytes" : 224825101,
        "bw" : 219555,
        "iops" : 54888.940737,
        "runtime" : 15001,
        "total_ios" : 823389,
        "short_ios" : 0,
        "drop_ios" : 0,
        "slat_ns" : {
          "min" : 0,
          "max" : 0,
          "mean" : 0.000000,
          "stddev" : 0.000000,
          "N" : 0
        },
        "clat_ns" : {
          "min" : 1380,
          "max" : 4128763,
          "mean" : 2358.294031,
          "stddev" : 6281.914238,
          "N" : 823389,
          "percentile" : {
            "1.000000" : 1448,
            "5.000000" : 1496,
            "10.000000" : 1528,
            "20.000000" : 1576,
            "30.000000" : 1656,
            "40.000000" : 2024,
            "50.000000" : 2224,
            "60.000000" : 2288,
            "70.000000" : 2384,
            "80.000000" : 2576,
            "90.000000" : 3376,
            "95.000000" : 4256,
            "99.000000" : 5856,
            "99.500000" : 6816,
            "99.900000" : 17024,
            "99.950000" : 25728,
            "99.990000" : 62208
          },
          "bins" : {
            "1384" : 68,
            "1400" : 600,
            "1416" : 1346,
            "1432" : 2678,
            "1448" : 5070,
            "1464" : 8488,
            "1480" : 13040,
            "1496" : 18430,
            "1512" : 22329,
            "1528" : 25752,
            "1544" : 26317,
            "1560" : 24616,
            "1576" : 22668,
            "1592" : 20427,
            "1608" : 18709,
            "1624" : 16790,
            "1640" : 14986,
            "1656" : 13559,
            "1672" : 11235,
            "1688" : 9519,
            "1704" : 7722,
            "1720" : 5896,
            "1736" : 4848,
            "1752" : 3791,
            "1768" : 3199,
            "1784" : 2661,
            "1800" : 2073,
            "1816" : 1796,
            "1832" : 1482,
            "1848" : 1286,
            "1864" : 1054,
            "1880" : 922,
            "1896" : 781,
            "1912" : 764,
            "1928" : 787,
            "1944" : 1030,
            "1960" : 1390,
            "1976" : 2184,
            "1992" : 3015,
            "2008" : 4225,
            "2024" : 5396,
            "2040" : 6165,
            "2064" : 13207,
            "2096" : 12779,
            "2128" : 11147,
            "2160" : 10618,
            "2192" : 14657,
            "2224" : 23830,
            "2256" : 34344,
            "2288" : 38723,
            "2320" : 36747,
            "2352" : 30822,
            "2384" : 24040,
            "2416" : 19229,
            "2448" : 15442,
            "2480" : 12885,
            "2512" : 11012,
            "2544" : 9793,
            "2576" : 8431,
            "2608" : 7103,
            "2640" : 5944,
            "2672" : 5220,
            "2704" : 4453,
            "2736" : 4085,
            "2768" : 3351,
            "2800" : 3035,
            "2832" : 2759,
            "2864" : 2657,
            "2896" : 2676,
            "2928" : 2454,
            "2960" : 2275,
            "2992" : 2073,
            "3024" : 1850,
            "3056" : 1727,
            "3088" : 1808,
            "3120" : 2087,
            "3152" : 2509,
            "3184" : 2921,
            "3216" : 3055,
            "3248" : 2872,
            "3280" : 2573,
            "3312" : 2328,
            "3344" : 2012,
            "3376" : 1876,
            "3408" : 1725,
            "3440" : 1659,
            "3472" : 1539,
            "3504" : 1536,
            "3536" : 1440,
            "3568" : 1414,
            "3600" : 1401,
            "3632" : 1377,
            "3664" : 1404,
            "3696" : 1410,
            "3728" : 1368,
            "3760" : 1375,
            "3792" : 1397,
            "3824" : 1497,
            "3856" : 1598,
            "3888" : 1531,
            "3920" : 1586,
            "3952" : 1611,
            "3984" : 1550,
            "4016" : 1671,
            "4048" : 1460,
            "4080" : 1449,
            "4128" : 2825,
            "4192" : 2634,
            "4256" : 2342,
            "4320" : 2275,
            "4384" : 2134,
            "4448" : 1976,
            "4512" : 1960,
            "4576" : 1786,
            "4640" : 1687,
            "4704" : 1642,
            "4768" : 1606,
            "4832" : 1527,
            "4896" : 1470,
            "4960" : 1440,
            "5024" : 1363,
            "5088" : 1221,
            "5152" : 1202,
            "5216" : 1129,
            "5280" : 1112,
            "5344" : 974,
            "5408" : 870,
            "5472" : 922,
            "5536" : 782,
            "5600" : 703,
            "5664" : 615,
            "5728" : 627,
            "5792" : 529,
            "5856" : 492,
            "5920" : 492,
            "5984" : 401,
            "6048" : 360,
            "6112" : 345,
            "6176" : 289,
            "6240" : 316,
            "6304" : 266,
            "6368" : 237,
            "6432" : 242,
            "6496" : 206,
            "6560" : 210,
            "6624" : 203,
            "6688" : 160,
            "6752" : 168,
            "6816" : 162,
            "6880" : 126,
            "6944" : 125,
            "7008" : 124,
            "7072" : 108,
            "7136" : 122,
            "7200" : 80,
            "7264" : 74,
            "7328" : 92,
            "7392" : 77,
            "7456" : 83,
            "7520" : 57,
            "7584" : 65,
            "7648" : 61,
            "7712" : 47,
            "7776" : 54,
            "7840" : 44,
            "7904" : 46,
            "7968" : 43,
            "8032" : 41,
            "8096" : 39,
            "8160" : 32,
            "8256" : 62,
            "8384" : 52,
            "8512" : 41,
            "8640" : 48,
            "8768" : 46,
            "8896" : 49,
            "9024" : 40,
            "9152" : 37,
            "9280" : 34,
            "9408" : 38,
            "9536" : 30,
            "9664" : 34,
            "9792" : 45,
            "9920" : 17,
            "10048" : 35,
            "10176" : 30,
            "10304" : 40,
            "10432" : 20,
            "10560" : 28,
            "10688" : 25,
            "10816" : 29,
            "10944" : 32,
            "11072" : 18,
            "11200" : 25,
            "11328" : 24,
            "11456" : 23,
            "11584" : 25,
            "11712" : 27,
            "11840" : 20,
            "11968" : 28,
            "12096" : 22,
            "12224" : 16,
            "12352" : 23,
            "12480" : 30,
            "12608" : 25,
            "12736" : 28,
            "12864" : 15,
            "12992" : 27,
            "13120" : 22,
            "13248" : 19,
            "13376" : 21,
            "13504" : 18,
            "13632" : 26,
            "13760" : 17,
            "13888" : 25,
            "14016" : 17,
            "14144" : 16,
            "14272" : 12,
            "14400" : 13,
            "14528" : 14,
            "14656" : 15,
            "14784" : 11,
            "14912" : 18,
            "15040" : 14,
            "15168" : 16,
            "15296" : 10,
            "15424" : 10,
            "15552" : 12,
            "15680" : 15,
            "15808" : 5,
            "15936" : 8,
            "16064" : 9,
            "16192" : 9,
            "16320" : 7,
            "16512" : 24,
            "16768" : 16,
            "17024" : 16,
            "17280" : 22,
            "17536" : 18,
            "17792" : 5,
            "18048" : 11,
            "18304" : 15,
            "18560" : 18,
            "18816" : 19,
            "19072" : 16,
            "19328" : 16,
            "19584" : 15,
            "19840" : 9,
            "20096" : 13,
            "20352" : 17,
            "20608" : 8,
            "20864" : 12,
            "21120" : 19,
            "21376" : 11,
            "21632" : 7,
            "21888" : 12,
            "22144" : 8,
            "22400" : 13,
            "22656" : 15,
            "22912" : 13,
            "23168" : 16,
            "23424" : 12,
            "23680" : 14,
            "23936" : 10,
            "24192" : 9,
            "24448" : 6,
            "24704" : 10,
            "24960" : 10,
            "25216" : 5,
            "25472" : 7,
            "25728" : 3,
            "25984" : 6,
            "26240" : 7,
            "26496" : 12,
            "26752" : 7,
            "27008" : 5,
            "27264" : 5,
            "27520" : 8,
            "27776" : 1,
            "28032" : 7,
            "28288" : 4,
            "28544" : 5,
            "28800" : 2,
            "29056" : 2,
            "29312" : 2,
            "29568" : 6,
            "29824" : 3,
            "30080" : 4,
            "30336" : 2,
            "30592" : 2,
            "30848" : 1,
            "31104" : 6,
            "31360" : 2,
            "31616" : 4,
            "31872" : 7,
            "32128" : 7,
            "32384" : 5,
            "32640" : 6,
            "33024" : 10,
            "33536" : 11,
            "34048" : 7,
            "34560" : 7,
            "35072" : 7,
            "35584" : 8,
            "36096" : 7,
            "36608" : 9,
            "37120" : 4,
            "37632" : 4,
            "38144" : 11,
            "38656" : 9,
            "39168" : 7,
            "39680" : 9,
            "40192" : 4,
            "40704" : 5,
            "41216" : 8,
            "41728" : 5,
            "42240" : 2,
            "42752" : 4,
            "43264" : 5,
            "43776" : 3,
            "44288" : 4,
            "44800" : 5,
            "45312" : 1,
            "45824" : 3,
            "46336" : 2,
            "46848" : 5,
            "47360" : 2,
            "47872" : 2,
            "48384" : 3,
            "49920" : 3,
            "50432" : 5,
            "51456" : 2,
            "51968" : 1,
            "52480" : 2,
            "54528" : 1,
            "55552" : 2,
            "56576" : 1,
            "57088" : 1,
            "58112" : 2,
            "60160" : 1,
            "60672" : 1,
            "61696" : 2,
            "62208" : 2,
            "63232" : 1,
            "63744" : 1,
            "66048" : 2,
            "67072" : 2,
            "68096" : 3,
            "69120" : 2,
            "70144" : 1,
            "71168" : 1,
            "73216" : 1,
            "76288" : 2,
            "77312" : 1,
            "78336" : 1,
            "81408" : 1,
            "85504" : 1,
            "87552" : 2,
            "89600" : 2,
            "93696" : 1,
            "96768" : 1,
            "99840" : 1,
            "100864" : 1,
            "101888" : 1,
            "107008" : 1,
            "118272" : 1,
            "122368" : 1,
            "123392" : 1,
            "128512" : 2,
            "132096" : 2,
            "138240" : 1,
            "140288" : 2,
            "146432" : 2,
            "148480" : 1,
            "150528" : 2,
            "154624" : 1,
            "156672" : 2,
            "160768" : 1,
            "173056" : 1,
            "181248" : 1,
            "183296" : 1,
            "185344" : 1,
            "189440" : 1,
            "197632" : 1,
            "216064" : 1,
            "222208" : 1,
            "226304" : 1,
            "238592" : 1,
            "250880" : 1,
            "254976" : 1,
            "292864" : 1,
            "296960" : 1,
            "321536" : 1,
            "342016" : 1,
            "362496" : 1,
            "407552" : 1,
            "423936" : 1,
            "481280" : 1,
            "489472" : 1,
            "505856" : 1,
            "522240" : 1,
            "528384" : 1,
            "536576" : 1,
            "708608" : 1,
            "815104" : 1,
            "970752" : 1,
            "1105920" : 1,
            "1318912" : 1,
            "1646592" : 1,
            "1712128" : 1,
            "4112384" : 1
          }
        },
        "lat_ns" : {
          "min" : 1425,
          "max" : 4128847,
          "mean" : 2433.546204,
          "stddev" : 6289.287479,
          "N" : 823389,
          "percentile" : {
            "1.000000" : 1496,
            "5.000000" : 1544,
            "10.000000" : 1576,
            "20.000000" : 1624,
            "30.000000" : 1704,
            "40.000000" : 2096,
            "50.000000" : 2288,
            "60.000000" : 2384,
            "70.000000" : 2448,
            "80.000000" : 2640,
            "90.000000" : 3472,
            "95.000000" : 4384,
            "99.000000" : 6048,
            "99.500000" : 7008,
            "99.900000" : 17536,
            "99.950000" : 26240,
            "99.990000" : 62208
          },
          "bins" : {
            "1432" : 115,
            "1448" : 679,
            "1464" : 1491,
            "1480" : 2859,
            "1496" : 5402,
            "1512" : 8707,
            "1528" : 13674,
            "1544" : 18736,
            "1560" : 22627,
            "1576" : 25795,
            "1592" : 25286,
            "1608" : 24725,
            "1624" : 22414,
            "1640" : 20230,
            "1656" : 18533,
            "1672" : 16244,
            "1688" : 15229,
            "1704" : 13431,
            "1720" : 11157,
            "1736" : 9557,
            "1752" : 7406,
            "1768" : 6026,
            "1784" : 4814,
            "1800" : 3788,
            "1816" : 3180,
            "1832" : 2612,
            "1848" : 2144,
            "1864" : 1730,
            "1880" : 1476,
            "1896" : 1293,
            "1912" : 1017,
            "1928" : 913,
            "1944" : 788,
            "1960" : 699,
            "1976" : 606,
            "1992" : 599,
            "2008" : 717,
            "2024" : 1025,
            "2040" : 1505,
            "2064" : 5605,
            "2096" : 9972,
            "2128" : 12725,
            "2160" : 12982,
            "2192" : 11407,
            "2224" : 10512,
            "2256" : 12317,
            "2288" : 18845,
            "2320" : 29229,
            "2352" : 36875,
            "2384" : 37997,
            "2416" : 34226,
            "2448" : 27750,
            "2480" : 21542,
            "2512" : 17113,
            "2544" : 14132,
            "2576" : 11698,
            "2608" : 9843,
            "2640" : 8586,
            "2672" : 7341,
            "2704" : 6204,
            "2736" : 5411,
            "2768" : 4735,
            "2800" : 4223,
            "2832" : 3752,
            "2864" : 3187,
            "2896" : 3015,
            "2928" : 2767,
            "2960" : 2771,
            "2992" : 2609,
            "3024" : 2423,
            "3056" : 2164,
            "3088" : 2006,
            "3120" : 1777,
            "3152" : 1731,
            "3184" : 1908,
            "3216" : 2321,
            "3248" : 2651,
            "3280" : 2958,
            "3312" : 2896,
            "3344" : 2675,
            "3376" : 2408,
            "3408" : 2085,
            "3440" : 1793,
            "3472" : 1647,
            "3504" : 1544,
            "3536" : 1514,
            "3568" : 1446,
            "3600" : 1442,
            "3632" : 1352,
            "3664" : 1369,
            "3696" : 1343,
            "3728" : 1327,
            "3760" : 1307,
            "3792" : 1335,
            "3824" : 1310,
            "3856" : 1375,
            "3888" : 1348,
            "3920" : 1321,
            "3952" : 1503,
            "3984" : 1477,
            "4016" : 1509,
            "4048" : 1515,
            "4080" : 1590,
            "4128" : 3137,
            "4192" : 3054,
            "4256" : 2807,
            "4320" : 2603,
            "4384" : 2287,
            "4448" : 2180,
            "4512" : 2108,
            "4576" : 1938,
            "4640" : 1902,
            "4704" : 1790,
            "4768" : 1647,
            "4832" : 1608,
            "4896" : 1529,
            "4960" : 1500,
            "5024" : 1523,
            "5088" : 1447,
            "5152" : 1387,
            "5216" : 1239,
            "5280" : 1192,
            "5344" : 1162,
            "5408" : 1094,
            "5472" : 1049,
            "5536" : 912,
            "5600" : 878,
            "5664" : 809,
            "5728" : 730,
            "5792" : 687,
            "5856" : 617,
            "5920" : 559,
            "5984" : 512,
            "6048" : 499,
            "6112" : 434,
            "6176" : 386,
            "6240" : 374,
            "6304" : 323,
            "6368" : 307,
            "6432" : 290,
            "6496" : 250,
            "6560" : 244,
            "6624" : 232,
            "6688" : 233,
            "6752" : 200,
            "6816" : 185,
            "6880" : 169,
            "6944" : 157,
            "7008" : 163,
            "7072" : 135,
            "7136" : 119,
            "7200" : 123,
            "7264" : 97,
            "7328" : 92,
            "7392" : 98,
            "7456" : 95,
            "7520" : 81,
            "7584" : 79,
            "7648" : 72,
            "7712" : 67,
            "7776" : 67,
            "7840" : 63,
            "7904" : 55,
            "7968" : 44,
            "8032" : 40,
            "8096" : 44,
            "8160" : 45,
            "8256" : 72,
            "8384" : 76,
            "8512" : 62,
            "8640" : 47,
            "8768" : 55,
            "8896" : 43,
            "9024" : 44,
            "9152" : 61,
            "9280" : 37,
            "9408" : 31,
            "9536" : 42,
            "9664" : 42,
            "9792" : 38,
            "9920" : 29,
            "10048" : 36,
            "10176" : 27,
            "10304" : 18,
            "10432" : 39,
            "10560" : 38,
            "10688" : 28,
            "10816" : 25,
            "10944" : 32,
            "11072" : 34,
            "11200" : 26,
            "11328" : 14,
            "11456" : 24,
            "11584" : 24,
            "11712" : 33,
            "11840" : 22,
            "11968" : 29,
            "12096" : 26,
            "12224" : 21,
            "12352" : 26,
            "12480" : 27,
            "12608" : 27,
            "12736" : 35,
            "12864" : 21,
            "12992" : 15,
            "13120" : 28,
            "13248" : 19,
            "13376" : 19,
            "13504" : 21,
            "13632" : 20,
            "13760" : 21,
            "13888" : 19,
            "14016" : 25,
            "14144" : 22,
            "14272" : 20,
            "14400" : 8,
            "14528" : 15,
            "14656" : 18,
            "14784" : 15,
            "14912" : 19,
            "15040" : 16,
            "15168" : 21,
            "15296" : 16,
            "15424" : 10,
            "15552" : 10,
            "15680" : 14,
            "15808" : 9,
            "15936" : 8,
            "16064" : 10,
            "16192" : 13,
            "16320" : 8,
            "16512" : 20,
            "16768" : 21,
            "17024" : 16,
            "17280" : 25,
            "17536" : 17,
            "17792" : 13,
            "18048" : 8,
            "18304" : 14,
            "18560" : 19,
            "18816" : 21,
            "19072" : 11,
            "19328" : 26,
            "19584" : 14,
            "19840" : 11,
            "20096" : 10,
            "20352" : 16,
            "20608" : 13,
            "20864" : 12,
            "21120" : 14,
            "21376" : 18,
            "21632" : 6,
            "21888" : 10,
            "22144" : 13,
            "22400" : 10,
            "22656" : 17,
            "22912" : 12,
            "23168" : 19,
            "23424" : 13,
            "23680" : 8,
            "23936" : 11,
            "24192" : 12,
            "24448" : 7,
            "24704" : 10,
            "24960" : 14,
            "25216" : 5,
            "25472" : 4,
            "25728" : 7,
            "25984" : 5,
            "26240" : 9,
            "26496" : 8,
            "26752" : 7,
            "27008" : 6,
            "27264" : 10,
            "27520" : 5,
            "27776" : 4,
            "28032" : 4,
            "28288" : 4,
            "28544" : 3,
            "28800" : 5,
            "29056" : 2,
            "29312" : 3,
            "29568" : 3,
            "29824" : 6,
            "30080" : 6,
            "30336" : 2,
            "30592" : 2,
            "30848" : 1,
            "31104" : 6,
            "31360" : 3,
            "31616" : 3,
            "31872" : 6,
            "32128" : 7,
            "32384" : 5,
            "32640" : 9,
            "33024" : 11,
            "33536" : 13,
            "34048" : 5,
            "34560" : 9,
            "35072" : 6,
            "35584" : 8,
            "36096" : 9,
            "36608" : 7,
            "37120" : 5,
            "37632" : 4,
            "38144" : 8,
            "38656" : 10,
            "39168" : 7,
            "39680" : 12,
            "40192" : 4,
            "40704" : 5,
            "41216" : 5,
            "41728" : 5,
            "42240" : 5,
            "42752" : 1,
            "43264" : 7,
            "43776" : 2,
            "44288" : 5,
            "44800" : 7,
            "45312" : 2,
            "45824" : 4,
            "46336" : 2,
            "46848" : 4,
            "47360" : 3,
            "47872" : 2,
            "48384" : 2,
            "48896" : 1,
            "49920" : 1,
            "50432" : 6,
            "50944" : 1,
            "51456" : 2,
            "51968" : 1,
            "52480" : 2,
            "54528" : 1,
            "55552" : 2,
            "57088" : 2,
            "58112" : 2,
            "60672" : 1,
            "61696" : 2,
            "62208" : 4,
            "63232" : 1,
            "63744" : 1,
            "66048" : 2,
            "67072" : 2,
            "68096" : 3,
            "69120" : 1,
            "70144" : 2,
            "71168" : 1,
            "73216" : 1,
            "76288" : 1,
            "77312" : 2,
            "78336" : 1,
            "81408" : 1,
            "85504" : 1,
            "87552" : 2,
            "89600" : 2,
            "93696" : 1,
            "96768" : 1,
            "99840" : 1,
            "100864" : 1,
            "101888" : 1,
            "107008" : 1,
            "118272" : 1,
            "122368" : 1,
            "123392" : 1,
            "128512" : 2,
            "132096" : 1,
            "134144" : 1,
            "138240" : 1,
            "140288" : 2,
            "146432" : 2,
            "148480" : 1,
            "150528" : 2,
            "154624" : 1,
            "156672" : 2,
            "160768" : 1,
            "173056" : 1,
            "181248" : 1,
            "183296" : 1,
            "185344" : 1,
            "191488" : 1,
            "197632" : 1,
            "216064" : 1,
            "222208" : 1,
            "226304" : 1,
            "238592" : 1,
            "250880" : 1,
            "254976" : 1,
            "292864" : 1,
            "296960" : 1,
            "321536" : 1,
            "342016" : 1,
            "362496" : 1,
            "407552" : 1,
            "423936" : 1,
            "481280" : 1,
            "489472" : 1,
            "505856" : 1,
            "522240" : 1,
            "528384" : 1,
            "536576" : 1,
            "708608" : 1,
            "815104" : 1,
            "970752" : 1,
            "1105920" : 1,
            "1318912" : 1,
            "1646592" : 1,
            "1712128" : 1,
            "4145152" : 1
          }
        },
        "bw_min" : 188360,
        "bw_max" : 306824,
        "bw_agg" : 100.000000,
        "bw_mean" : 220286.896552,
        "bw_dev" : 33653.596147,
        "bw_samples" : 29,
        "iops_min" : 47090,
        "iops_max" : 76706,
        "iops_mean" : 55071.724138,
        "iops_stddev" : 8413.399037,
        "iops_samples" : 29
      },
      "trim" : {
        "io_bytes" : 0,
        "io_kbytes" : 0,
        "bw_bytes" : 0,
        "bw" : 0,
        "iops" : 0.000000,
        "runtime" : 0,
        "total_ios" : 0,
        "short_ios" : 0,
        "drop_ios" : 0,
        "slat_ns" : {
          "min" : 0,
          "max" : 0,
          "mean" : 0.000000,
          "stddev" : 0.000000,
          "N" : 0
        },
        "clat_ns" : {
          "min" : 0,
          "max" : 0,
          "mean" : 0.000000,
          "stddev" : 0.000000,
          "N" : 0
        },
        "lat_ns" : {
          "min" : 0,
          "max" : 0,
          "mean" : 0.000000,
          "stddev" : 0.000000,
          "N" : 0
        },
        "bw_min" : 0,
        "bw_max" : 0,
        "bw_agg" : 0.000000,
        "bw_mean" : 0.000000,
        "bw_dev" : 0.000000,
        "bw_samples" : 0,
        "iops_min" : 0,
        "iops_max" : 0,
        "iops_mean" : 0.000000,
        "iops_stddev" : 0.000000,
        "iops_samples" : 0
      },
      "sync" : {
        "total_ios" : 0,
        "lat_ns" : {
          "min" : 0,
          "max" : 0,
          "mean" : 0.000000,
          "stddev" : 0.000000,
          "N" : 0
        }
      },
      "job_runtime" : 15000,
      "usr_cpu" : 11.806667,
      "sys_cpu" : 57.120000,
      "ctx" : 839541,
      "majf" : 0,
      "minf" : 18,
      "iodepth_level" : {
        "1" : 100.000000,
        "2" : 0.000000,
        "4" : 0.000000,
        "8" : 0.000000,
        "16" : 0.000000,
        "32" : 0.000000,
        ">=64" : 0.000000
      },
      "iodepth_submit" : {
        "0" : 0.000000,
        "4" : 100.000000,
        "8" : 0.000000,
        "16" : 0.000000,
        "32" : 0.000000,
        "64" : 0.000000,
        ">=64" : 0.000000
      },
      "iodepth_complete" : {
        "0" : 0.000000,
        "4" : 100.000000,
        "8" : 0.000000,
        "16" : 0.000000,
        "32" : 0.000000,
        "64" : 0.000000,
        ">=64" : 0.000000
      },
      "latency_ns" : {
        "2" : 0.000000,
        "4" : 0.000000,
        "10" : 0.000000,
        "20" : 0.000000,
        "50" : 0.000000,
        "100" : 0.000000,
        "250" : 0.000000,
        "500" : 0.000000,
        "750" : 0.000000,
        "1000" : 0.000000
      },
      "latency_us" : {
        "2" : 19.620252,
        "4" : 27.163818,
        "10" : 17.138075,
        "20" : 34.503965,
        "50" : 1.482922,
        "100" : 0.061718,
        "250" : 0.019541,
        "500" : 0.010000,
        "750" : 0.010000,
        "1000" : 0.010000
      },
      "latency_ms" : {
        "2" : 0.010000,
        "4" : 0.010000,
        "10" : 0.010000,
        "20" : 0.000000,
        "50" : 0.000000,
        "100" : 0.000000,
        "250" : 0.000000,
        "500" : 0.000000,
        "750" : 0.000000,
        "1000" : 0.000000,
        "2000" : 0.000000,
        ">=2000" : 0.000000
      },
      "latency_depth" : 1,
      "latency_target" : 0,
      "latency_percentile" : 100.000000,
      "latency_window" : 0
    }
  ],
  "disk_util" : [
    {
      "name" : "loop25",
      "read_ios" : 819454,
      "write_ios" : 818257,
      "read_merges" : 0,
      "write_merges" : 0,
      "read_ticks" : 6271,
      "write_ticks" : 26973,
      "in_queue" : 64,
      "util" : 99.279039
    }
  ]
}
