{
  "fio version" : "fio-3.32-36-g5932",
  "timestamp" : 1664247158,
  "timestamp_ms" : 1664247158618,
  "time" : "Tue Sep 27 04:52:38 2022",
  "global options" : {
    "size" : "512K",
    "rw" : "randrw",
    "bs" : "4K",
    "numjobs" : "1",
    "iodepth" : "128",
    "runtime" : "30",
    "end_fsync" : "1",
    "lat_percentiles" : "1",
    "slat_percentiles" : "1",
    "clat_percentiles" : "1"
  },
  "jobs" : [
    {
      "jobname" : "random-rw",
      "groupid" : 0,
      "error" : 0,
      "eta" : 0,
      "elapsed" : 31,
      "job options" : {
        "name" : "random-rw"
      },
      "read" : {
        "io_bytes" : 7374770176,
        "io_kbytes" : 7201924,
        "bw_bytes" : 245817478,
        "bw" : 240056,
        "iops" : 60014.032866,
        "runtime" : 30001,
        "total_ios" : 1800481,
        "short_ios" : 0,
        "drop_ios" : 0,
        "slat_ns" : {
          "min" : 0,
          "max" : 0,
          "mean" : 0.000000,
          "stddev" : 0.000000,
          "N" : 0
        },
        "clat_ns" : {
          "min" : 724,
          "max" : 3269415,
          "mean" : 10870.759297,
          "stddev" : 9478.770959,
          "N" : 1800481,
          "percentile" : {
            "1.000000" : 6368,
            "5.000000" : 9536,
            "10.000000" : 9792,
            "20.000000" : 9920,
            "30.000000" : 10176,
            "40.000000" : 10560,
            "50.000000" : 10688,
            "60.000000" : 10816,
            "70.000000" : 10944,
            "80.000000" : 11200,
            "90.000000" : 11712,
            "95.000000" : 12224,
            "99.000000" : 19328,
            "99.500000" : 21632,
            "99.900000" : 33536,
            "99.950000" : 51456,
            "99.990000" : 301056
          },
          "bins" : {
            "724" : 2,
            "732" : 2,
            "748" : 2,
            "756" : 3,
            "764" : 7,
            "772" : 5,
            "780" : 8,
            "788" : 15,
            "796" : 8,
            "804" : 12,
            "812" : 20,
            "820" : 15,
            "828" : 18,
            "836" : 15,
            "844" : 11,
            "852" : 20,
            "860" : 12,
            "868" : 22,
            "876" : 21,
            "884" : 13,
            "892" : 17,
            "900" : 5,
            "908" : 20,
            "916" : 9,
            "924" : 18,
            "932" : 15,
            "940" : 12,
            "948" : 18,
            "956" : 10,
            "964" : 15,
            "972" : 8,
            "980" : 12,
            "988" : 10,
            "996" : 14,
            "1004" : 8,
            "1012" : 4,
            "1020" : 4,
            "1032" : 4,
            "1048" : 9,
            "1064" : 6,
            "1080" : 4,
            "1096" : 5,
            "1128" : 3,
            "1160" : 1,
            "1176" : 3,
            "1192" : 2,
            "1208" : 1,
            "1224" : 1,
            "1272" : 1,
            "1288" : 1,
            "1304" : 1,
            "1336" : 1,
            "1368" : 1,
            "1384" : 1,
            "1448" : 1,
            "1480" : 2,
            "1496" : 2,
            "1512" : 1,
            "1592" : 1,
            "1608" : 1,
            "1640" : 1,
            "1688" : 1,
            "1752" : 1,
            "1832" : 1,
            "1864" : 1,
            "1944" : 1,
            "2096" : 1,
            "2128" : 1,
            "2288" : 1,
            "3152" : 1,
            "6048" : 4,
            "6112" : 252,
            "6176" : 1681,
            "6240" : 4460,
            "6304" : 6711,
            "6368" : 7008,
            "6432" : 6749,
            "6496" : 6992,
            "6560" : 6638,
            "6624" : 4951,
            "6688" : 2913,
            "6752" : 1651,
            "6816" : 871,
            "6880" : 462,
            "6944" : 256,
            "7008" : 161,
            "7072" : 147,
            "7136" : 242,
            "7200" : 434,
            "7264" : 495,
            "7328" : 536,
            "7392" : 568,
            "7456" : 490,
            "7520" : 344,
            "7584" : 225,
            "7648" : 130,
            "7712" : 63,
            "7776" : 49,
            "7840" : 39,
            "7904" : 23,
            "7968" : 26,
            "8032" : 25,
            "8096" : 41,
            "8160" : 66,
            "8256" : 154,
            "8384" : 129,
            "8512" : 95,
            "8640" : 121,
            "8768" : 127,
            "8896" : 120,
            "9024" : 82,
            "9152" : 96,
            "9280" : 1080,
            "9408" : 10397,
            "9536" : 34523,
            "9664" : 64198,
            "9792" : 90015,
            "9920" : 111316,
            "10048" : 111318,
            "10176" : 80740,
            "10304" : 52592,
            "10432" : 68949,
            "10560" : 119617,
            "10688" : 166680,
            "10816" : 192497,
            "10944" : 165099,
            "11072" : 107520,
            "11200" : 64713,
            "11328" : 41238,
            "11456" : 33776,
            "11584" : 34907,
            "11712" : 35274,
            "11840" : 28636,
            "11968" : 19717,
            "12096" : 12642,
            "12224" : 8321,
            "12352" : 6517,
            "12480" : 5651,
            "12608" : 4816,
            "12736" : 4007,
            "12864" : 3263,
            "12992" : 2700,
            "13120" : 2296,
            "13248" : 2030,
            "13376" : 1939,
            "13504" : 1714,
            "13632" : 1622,
            "13760" : 1487,
            "13888" : 1421,
            "14016" : 1409,
            "14144" : 1271,
            "14272" : 1211,
            "14400" : 1110,
            "14528" : 1011,
            "14656" : 941,
            "14784" : 911,
            "14912" : 851,
            "15040" : 853,
            "15168" : 809,
            "15296" : 855,
            "15424" : 794,
            "15552" : 732,
            "15680" : 769,
            "15808" : 750,
            "15936" : 724,
            "16064" : 678,
            "16192" : 675,
            "16320" : 686,
            "16512" : 1316,
            "16768" : 1291,
            "17024" : 1234,
            "17280" : 1150,
            "17536" : 1179,
            "17792" : 1183,
            "18048" : 1165,
            "18304" : 1085,
            "18560" : 1117,
            "18816" : 1020,
            "19072" : 951,
            "19328" : 1005,
            "19584" : 1020,
            "19840" : 992,
            "20096" : 1004,
            "20352" : 1044,
            "20608" : 972,
            "20864" : 983,
            "21120" : 883,
            "21376" : 808,
            "21632" : 715,
            "21888" : 666,
            "22144" : 594,
            "22400" : 533,
            "22656" : 464,
            "22912" : 402,
            "23168" : 382,
            "23424" : 329,
            "23680" : 320,
            "23936" : 274,
            "24192" : 266,
            "24448" : 212,
            "24704" : 217,
            "24960" : 190,
            "25216" : 163,
            "25472" : 167,
            "25728" : 145,
            "25984" : 133,
            "26240" : 118,
            "26496" : 125,
            "26752" : 119,
            "27008" : 110,
            "27264" : 88,
            "27520" : 89,
            "27776" : 77,
            "28032" : 65,
            "28288" : 60,
            "28544" : 83,
            "28800" : 68,
            "29056" : 56,
            "29312" : 72,
            "29568" : 51,
            "29824" : 48,
            "30080" : 55,
            "30336" : 47,
            "30592" : 36,
            "30848" : 42,
            "31104" : 52,
            "31360" : 36,
            "31616" : 46,
            "31872" : 30,
            "32128" : 34,
            "32384" : 33,
            "32640" : 25,
            "33024" : 46,
            "33536" : 50,
            "34048" : 47,
            "34560" : 26,
            "35072" : 33,
            "35584" : 40,
            "36096" : 32,
            "36608" : 19,
            "37120" : 21,
            "37632" : 24,
            "38144" : 26,
            "38656" : 28,
            "39168" : 26,
            "39680" : 22,
            "40192" : 23,
            "40704" : 30,
            "41216" : 27,
            "41728" : 25,
            "42240" : 21,
            "42752" : 23,
            "43264" : 17,
            "43776" : 32,
            "44288" : 21,
            "44800" : 26,
            "45312" : 18,
            "45824" : 23,
            "46336" : 15,
            "46848" : 26,
            "47360" : 23,
            "47872" : 24,
            "48384" : 27,
            "48896" : 26,
            "49408" : 17,
            "49920" : 19,
            "50432" : 25,
            "50944" : 15,
            "51456" : 18,
            "51968" : 15,
            "52480" : 14,
            "52992" : 14,
            "53504" : 8,
            "54016" : 11,
            "54528" : 8,
            "55040" : 18,
            "55552" : 8,
            "56064" : 11,
            "56576" : 6,
            "57088" : 7,
            "57600" : 3,
            "58112" : 8,
            "58624" : 6,
            "59136" : 10,
            "59648" : 3,
            "60160" : 7,
            "60672" : 2,
            "61184" : 11,
            "61696" : 11,
            "62208" : 7,
            "62720" : 3,
            "63232" : 7,
            "63744" : 1,
            "64256" : 5,
            "64768" : 9,
            "65280" : 7,
            "66048" : 11,
            "67072" : 10,
            "68096" : 10,
            "69120" : 7,
            "70144" : 10,
            "71168" : 14,
            "72192" : 11,
            "73216" : 13,
            "74240" : 14,
            "75264" : 13,
            "76288" : 15,
            "77312" : 13,
            "78336" : 13,
            "79360" : 11,
            "80384" : 10,
            "81408" : 2,
            "82432" : 5,
            "83456" : 8,
            "84480" : 7,
            "85504" : 6,
            "86528" : 4,
            "87552" : 8,
            "88576" : 8,
            "89600" : 2,
            "90624" : 10,
            "91648" : 5,
            "92672" : 4,
            "93696" : 3,
            "94720" : 8,
            "95744" : 4,
            "96768" : 2,
            "97792" : 2,
            "98816" : 2,
            "99840" : 5,
            "100864" : 1,
            "101888" : 5,
            "102912" : 4,
            "103936" : 1,
            "104960" : 2,
            "105984" : 3,
            "107008" : 4,
            "108032" : 2,
            "109056" : 3,
            "110080" : 5,
            "111104" : 3,
            "112128" : 4,
            "113152" : 5,
            "114176" : 5,
            "115200" : 1,
            "116224" : 1,
            "117248" : 2,
            "118272" : 3,
            "119296" : 2,
            "120320" : 2,
            "121344" : 1,
            "122368" : 4,
            "124416" : 2,
            "125440" : 2,
            "128512" : 1,
            "129536" : 3,
            "130560" : 1,
            "132096" : 3,
            "136192" : 4,
            "138240" : 3,
            "140288" : 4,
            "142336" : 3,
            "144384" : 4,
            "146432" : 3,
            "148480" : 2,
            "150528" : 2,
            "152576" : 1,
            "156672" : 2,
            "158720" : 2,
            "160768" : 1,
            "164864" : 2,
            "166912" : 1,
            "168960" : 1,
            "171008" : 2,
            "175104" : 2,
            "179200" : 1,
            "181248" : 1,
            "183296" : 3,
            "187392" : 2,
            "189440" : 1,
            "193536" : 2,
            "195584" : 2,
            "197632" : 1,
            "199680" : 1,
            "201728" : 1,
            "205824" : 1,
            "207872" : 1,
            "209920" : 1,
            "211968" : 3,
            "214016" : 5,
            "216064" : 3,
            "218112" : 4,
            "220160" : 5,
            "224256" : 2,
            "226304" : 2,
            "228352" : 2,
            "230400" : 5,
            "232448" : 2,
            "234496" : 2,
            "236544" : 3,
            "238592" : 4,
            "242688" : 4,
            "244736" : 4,
            "246784" : 7,
            "248832" : 2,
            "250880" : 2,
            "252928" : 4,
            "254976" : 1,
            "257024" : 1,
            "259072" : 3,
            "261120" : 3,
            "264192" : 2,
            "268288" : 1,
            "276480" : 1,
            "280576" : 2,
            "284672" : 2,
            "288768" : 2,
            "296960" : 2,
            "301056" : 7,
            "305152" : 4,
            "309248" : 7,
            "317440" : 2,
            "321536" : 6,
            "325632" : 2,
            "329728" : 3,
            "333824" : 2,
            "337920" : 3,
            "342016" : 5,
            "346112" : 1,
            "350208" : 2,
            "354304" : 1,
            "358400" : 1,
            "370688" : 1,
            "374784" : 1,
            "382976" : 1,
            "391168" : 2,
            "399360" : 5,
            "403456" : 3,
            "407552" : 3,
            "411648" : 2,
            "415744" : 1,
            "419840" : 2,
            "423936" : 2,
            "432128" : 5,
            "440320" : 1,
            "444416" : 2,
            "460800" : 2,
            "477184" : 1,
            "485376" : 2,
            "489472" : 1,
            "493568" : 1,
            "522240" : 1,
            "536576" : 1,
            "544768" : 2,
            "561152" : 3,
            "577536" : 1,
            "585728" : 1,
            "618496" : 3,
            "626688" : 4,
            "634880" : 1,
            "643072" : 2,
            "651264" : 3,
            "659456" : 2,
            "667648" : 2,
            "675840" : 1,
            "684032" : 1,
            "692224" : 3,
            "700416" : 3,
            "708608" : 2,
            "716800" : 1,
            "724992" : 2,
            "733184" : 3,
            "749568" : 2,
            "765952" : 1,
            "774144" : 2,
            "782336" : 2,
            "806912" : 1,
            "815104" : 1,
            "831488" : 1,
            "897024" : 1,
            "929792" : 1,
            "970752" : 1,
            "987136" : 1,
            "995328" : 1,
            "1105920" : 1,
            "1122304" : 1,
            "1155072" : 1,
            "1187840" : 2,
            "1204224" : 2,
            "1236992" : 1,
            "1253376" : 2,
            "1269760" : 1,
            "1302528" : 3,
            "1368064" : 2,
            "1384448" : 6,
            "1400832" : 7,
            "1417216" : 1,
            "1433600" : 3,
            "1466368" : 2,
            "1482752" : 2,
            "1531904" : 1,
            "1777664" : 1,
            "1843200" : 1,
            "1859584" : 1,
            "2211840" : 1,
            "2441216" : 1,
            "2998272" : 1,
            "3260416" : 1
          }
        },
        "lat_ns" : {
          "min" : 768,
          "max" : 3269623,
          "mean" : 10933.284413,
          "stddev" : 9488.758847,
          "N" : 1800481,
          "percentile" : {
            "1.000000" : 6432,
            "5.000000" : 9664,
            "10.000000" : 9792,
            "20.000000" : 10048,
            "30.000000" : 10304,
            "40.000000" : 10560,
            "50.000000" : 10816,
            "60.000000" : 10944,
            "70.000000" : 10944,
            "80.000000" : 11200,
            "90.000000" : 11712,
            "95.000000" : 12352,
            "99.000000" : 19328,
            "99.500000" : 21888,
            "99.900000" : 33536,
            "99.950000" : 51968,
            "99.990000" : 301056
          },
          "bins" : {
            "772" : 4,
            "788" : 1,
            "796" : 3,
            "804" : 3,
            "812" : 7,
            "820" : 7,
            "828" : 10,
            "836" : 12,
            "844" : 10,
            "852" : 13,
            "860" : 22,
            "868" : 15,
            "876" : 13,
            "884" : 15,
            "892" : 13,
            "900" : 19,
            "908" : 17,
            "916" : 19,
            "924" : 17,
            "932" : 12,
            "940" : 13,
            "948" : 10,
            "956" : 13,
            "964" : 7,
            "972" : 12,
            "980" : 14,
            "988" : 8,
            "996" : 10,
            "1004" : 12,
            "1012" : 8,
            "1020" : 12,
            "1032" : 23,
            "1048" : 21,
            "1064" : 16,
            "1080" : 13,
            "1096" : 8,
            "1112" : 8,
            "1128" : 7,
            "1144" : 5,
            "1160" : 3,
            "1176" : 3,
            "1192" : 3,
            "1208" : 2,
            "1224" : 1,
            "1256" : 1,
            "1272" : 1,
            "1288" : 1,
            "1320" : 2,
            "1368" : 1,
            "1384" : 1,
            "1400" : 1,
            "1432" : 1,
            "1448" : 1,
            "1496" : 1,
            "1544" : 1,
            "1560" : 2,
            "1608" : 1,
            "1640" : 1,
            "1672" : 1,
            "1704" : 1,
            "1752" : 1,
            "1848" : 1,
            "1864" : 2,
            "2008" : 2,
            "2160" : 1,
            "2288" : 2,
            "2512" : 1,
            "3504" : 1,
            "6112" : 9,
            "6176" : 305,
            "6240" : 1907,
            "6304" : 4664,
            "6368" : 6868,
            "6432" : 7279,
            "6496" : 7268,
            "6560" : 7275,
            "6624" : 6322,
            "6688" : 4413,
            "6752" : 2577,
            "6816" : 1383,
            "6880" : 751,
            "6944" : 383,
            "7008" : 243,
            "7072" : 143,
            "7136" : 136,
            "7200" : 257,
            "7264" : 458,
            "7328" : 501,
            "7392" : 570,
            "7456" : 602,
            "7520" : 468,
            "7584" : 297,
            "7648" : 208,
            "7712" : 100,
            "7776" : 56,
            "7840" : 50,
            "7904" : 33,
            "7968" : 24,
            "8032" : 24,
            "8096" : 29,
            "8160" : 45,
            "8256" : 142,
            "8384" : 145,
            "8512" : 85,
            "8640" : 79,
            "8768" : 113,
            "8896" : 124,
            "9024" : 122,
            "9152" : 90,
            "9280" : 238,
            "9408" : 4005,
            "9536" : 20053,
            "9664" : 47881,
            "9792" : 78020,
            "9920" : 106595,
            "10048" : 119671,
            "10176" : 98016,
            "10304" : 60883,
            "10432" : 52306,
            "10560" : 89196,
            "10688" : 144278,
            "10816" : 193089,
            "10944" : 189511,
            "11072" : 131988,
            "11200" : 81012,
            "11328" : 48679,
            "11456" : 34579,
            "11584" : 33929,
            "11712" : 36220,
            "11840" : 32716,
            "11968" : 23583,
            "12096" : 15111,
            "12224" : 9644,
            "12352" : 7179,
            "12480" : 6210,
            "12608" : 5341,
            "12736" : 4569,
            "12864" : 3742,
            "12992" : 3001,
            "13120" : 2507,
            "13248" : 2155,
            "13376" : 2025,
            "13504" : 1803,
            "13632" : 1691,
            "13760" : 1587,
            "13888" : 1397,
            "14016" : 1453,
            "14144" : 1338,
            "14272" : 1235,
            "14400" : 1149,
            "14528" : 1044,
            "14656" : 997,
            "14784" : 949,
            "14912" : 865,
            "15040" : 846,
            "15168" : 805,
            "15296" : 843,
            "15424" : 839,
            "15552" : 761,
            "15680" : 718,
            "15808" : 773,
            "15936" : 725,
            "16064" : 698,
            "16192" : 689,
            "16320" : 655,
            "16512" : 1295,
            "16768" : 1333,
            "17024" : 1192,
            "17280" : 1248,
            "17536" : 1173,
            "17792" : 1130,
            "18048" : 1173,
            "18304" : 1119,
            "18560" : 1110,
            "18816" : 1045,
            "19072" : 999,
            "19328" : 979,
            "19584" : 1023,
            "19840" : 1033,
            "20096" : 956,
            "20352" : 1036,
            "20608" : 979,
            "20864" : 1010,
            "21120" : 925,
            "21376" : 873,
            "21632" : 724,
            "21888" : 686,
            "22144" : 643,
            "22400" : 537,
            "22656" : 508,
            "22912" : 436,
            "23168" : 382,
            "23424" : 363,
            "23680" : 324,
            "23936" : 291,
            "24192" : 266,
            "24448" : 239,
            "24704" : 229,
            "24960" : 189,
            "25216" : 166,
            "25472" : 172,
            "25728" : 155,
            "25984" : 126,
            "26240" : 134,
            "26496" : 114,
            "26752" : 127,
            "27008" : 110,
            "27264" : 103,
            "27520" : 83,
            "27776" : 78,
            "28032" : 74,
            "28288" : 58,
            "28544" : 78,
            "28800" : 66,
            "29056" : 69,
            "29312" : 69,
            "29568" : 55,
            "29824" : 51,
            "30080" : 50,
            "30336" : 49,
            "30592" : 41,
            "30848" : 44,
            "31104" : 48,
            "31360" : 39,
            "31616" : 39,
            "31872" : 33,
            "32128" : 38,
            "32384" : 31,
            "32640" : 30,
            "33024" : 45,
            "33536" : 46,
            "34048" : 49,
            "34560" : 30,
            "35072" : 33,
            "35584" : 42,
            "36096" : 31,
            "36608" : 18,
            "37120" : 23,
            "37632" : 24,
            "38144" : 24,
            "38656" : 29,
            "39168" : 25,
            "39680" : 22,
            "40192" : 24,
            "40704" : 28,
            "41216" : 28,
            "41728" : 26,
            "42240" : 20,
            "42752" : 25,
            "43264" : 14,
            "43776" : 33,
            "44288" : 17,
            "44800" : 29,
            "45312" : 21,
            "45824" : 21,
            "46336" : 17,
            "46848" : 22,
            "47360" : 25,
            "47872" : 26,
            "48384" : 26,
            "48896" : 27,
            "49408" : 19,
            "49920" : 19,
            "50432" : 28,
            "50944" : 16,
            "51456" : 17,
            "51968" : 16,
            "52480" : 14,
            "52992" : 11,
            "53504" : 10,
            "54016" : 11,
            "54528" : 7,
            "55040" : 19,
            "55552" : 7,
            "56064" : 11,
            "56576" : 8,
            "57088" : 6,
            "57600" : 4,
            "58112" : 7,
            "58624" : 7,
            "59136" : 9,
            "59648" : 3,
            "60160" : 9,
            "60672" : 2,
            "61184" : 7,
            "61696" : 13,
            "62208" : 9,
            "62720" : 3,
            "63232" : 7,
            "64256" : 6,
            "64768" : 9,
            "65280" : 7,
            "66048" : 10,
            "67072" : 10,
            "68096" : 9,
            "69120" : 7,
            "70144" : 12,
            "71168" : 13,
            "72192" : 10,
            "73216" : 14,
            "74240" : 13,
            "75264" : 14,
            "76288" : 15,
            "77312" : 13,
            "78336" : 14,
            "79360" : 9,
            "80384" : 11,
            "81408" : 3,
            "82432" : 5,
            "83456" : 6,
            "84480" : 9,
            "85504" : 6,
            "86528" : 6,
            "87552" : 8,
            "88576" : 7,
            "89600" : 3,
            "90624" : 10,
            "91648" : 4,
            "92672" : 5,
            "93696" : 4,
            "94720" : 8,
            "95744" : 4,
            "96768" : 2,
            "97792" : 2,
            "98816" : 2,
            "99840" : 5,
            "100864" : 1,
            "101888" : 5,
            "102912" : 4,
            "103936" : 1,
            "104960" : 2,
            "105984" : 3,
            "107008" : 5,
            "108032" : 2,
            "109056" : 3,
            "110080" : 5,
            "111104" : 3,
            "112128" : 3,
            "113152" : 6,
            "114176" : 5,
            "115200" : 1,
            "116224" : 1,
            "117248" : 2,
            "118272" : 3,
            "119296" : 2,
            "120320" : 2,
            "121344" : 1,
            "122368" : 4,
            "124416" : 1,
            "125440" : 3,
            "128512" : 1,
            "129536" : 2,
            "130560" : 2,
            "132096" : 3,
            "136192" : 4,
            "138240" : 3,
            "140288" : 4,
            "142336" : 3,
            "144384" : 4,
            "146432" : 3,
            "148480" : 2,
            "150528" : 2,
            "152576" : 1,
            "156672" : 2,
            "158720" : 2,
            "160768" : 1,
            "164864" : 2,
            "166912" : 1,
            "168960" : 1,
            "171008" : 2,
            "175104" : 2,
            "179200" : 1,
            "181248" : 1,
            "183296" : 3,
            "187392" : 2,
            "189440" : 1,
            "193536" : 2,
            "195584" : 2,
            "197632" : 1,
            "199680" : 1,
            "201728" : 1,
            "205824" : 1,
            "207872" : 1,
            "209920" : 1,
            "211968" : 3,
            "214016" : 5,
            "216064" : 3,
            "218112" : 4,
            "220160" : 5,
            "222208" : 1,
            "224256" : 2,
            "226304" : 2,
            "228352" : 2,
            "230400" : 5,
            "232448" : 2,
            "234496" : 2,
            "236544" : 3,
            "238592" : 4,
            "242688" : 4,
            "244736" : 4,
            "246784" : 7,
            "248832" : 2,
            "250880" : 2,
            "252928" : 3,
            "254976" : 2,
            "257024" : 1,
            "259072" : 3,
            "261120" : 2,
            "264192" : 3,
            "268288" : 1,
            "276480" : 1,
            "280576" : 2,
            "284672" : 2,
            "288768" : 2,
            "296960" : 2,
            "301056" : 7,
            "305152" : 4,
            "309248" : 7,
            "317440" : 2,
            "321536" : 6,
            "325632" : 2,
            "329728" : 3,
            "333824" : 2,
            "337920" : 3,
            "342016" : 5,
            "346112" : 1,
            "350208" : 2,
            "354304" : 1,
            "358400" : 1,
            "370688" : 1,
            "374784" : 1,
            "382976" : 1,
            "391168" : 2,
            "399360" : 5,
            "403456" : 3,
            "407552" : 3,
            "411648" : 2,
            "415744" : 1,
            "419840" : 2,
            "423936" : 2,
            "432128" : 5,
            "440320" : 1,
            "444416" : 2,
            "460800" : 2,
            "477184" : 1,
            "481280" : 1,
            "485376" : 2,
            "489472" : 1,
            "493568" : 1,
            "522240" : 1,
            "536576" : 1,
            "544768" : 2,
            "561152" : 3,
            "577536" : 1,
            "585728" : 1,
            "618496" : 3,
            "626688" : 4,
            "634880" : 1,
            "643072" : 2,
            "651264" : 3,
            "659456" : 2,
            "667648" : 2,
            "675840" : 1,
            "684032" : 1,
            "692224" : 3,
            "700416" : 3,
            "708608" : 2,
            "716800" : 1,
            "724992" : 2,
            "733184" : 3,
            "749568" : 2,
            "765952" : 1,
            "774144" : 2,
            "782336" : 2,
            "806912" : 1,
            "815104" : 1,
            "831488" : 1,
            "897024" : 1,
            "929792" : 1,
            "970752" : 1,
            "987136" : 1,
            "995328" : 1,
            "1105920" : 1,
            "1122304" : 1,
            "1155072" : 1,
            "1187840" : 2,
            "1204224" : 2,
            "1236992" : 1,
            "1253376" : 2,
            "1269760" : 1,
            "1302528" : 3,
            "1368064" : 2,
            "1384448" : 5,
            "1400832" : 8,
            "1417216" : 1,
            "1433600" : 3,
            "1466368" : 2,
            "1482752" : 2,
            "1531904" : 1,
            "1777664" : 1,
            "1843200" : 1,
            "1859584" : 1,
            "2211840" : 1,
            "2441216" : 1,
            "2998272" : 1,
            "3260416" : 1
          }
        },
        "bw_min" : 229376,
        "bw_max" : 314312,
        "bw_agg" : 100.000000,
        "bw_mean" : 240188.881356,
        "bw_dev" : 11539.958670,
        "bw_samples" : 59,
        "iops_min" : 57344,
        "iops_max" : 78578,
        "iops_mean" : 60047.220339,
        "iops_stddev" : 2884.989668,
        "iops_samples" : 59
      },
      "write" : {
        "io_bytes" : 7367163904,
        "io_kbytes" : 7194496,
        "bw_bytes" : 245563944,
        "bw" : 239808,
        "iops" : 59952.134929,
        "runtime" : 30001,
        "total_ios" : 1798624,
        "short_ios" : 0,
        "drop_ios" : 0,
        "slat_ns" : {
          "min" : 0,
          "max" : 0,
          "mean" : 0.000000,
          "stddev" : 0.000000,
          "N" : 0
        },
        "clat_ns" : {
          "min" : 1293,
          "max" : 3363018,
          "mean" : 2718.567474,
          "stddev" : 4285.028259,
          "N" : 1798624,
          "percentile" : {
            "1.000000" : 2096,
            "5.000000" : 2096,
            "10.000000" : 2128,
            "20.000000" : 2160,
            "30.000000" : 2192,
            "40.000000" : 2256,
            "50.000000" : 2864,
            "60.000000" : 2928,
            "70.000000" : 2960,
            "80.000000" : 3024,
            "90.000000" : 3120,
            "95.000000" : 3728,
            "99.000000" : 4512,
            "99.500000" : 5856,
            "99.900000" : 10944,
            "99.950000" : 14016,
            "99.990000" : 42240
          },
          "bins" : {
            "1288" : 1,
            "1304" : 3,
            "1320" : 2,
            "1336" : 14,
            "1352" : 26,
            "1368" : 14,
            "1384" : 28,
            "1400" : 28,
            "1416" : 28,
            "1432" : 25,
            "1448" : 22,
            "1464" : 16,
            "1480" : 10,
            "1496" : 11,
            "1512" : 9,
            "1528" : 8,
            "1544" : 4,
            "1560" : 1,
            "1576" : 1,
            "1592" : 3,
            "1608" : 3,
            "1624" : 1,
            "1656" : 2,
            "1672" : 2,
            "1688" : 5,
            "1752" : 1,
            "1768" : 4,
            "1784" : 5,
            "1800" : 2,
            "1816" : 8,
            "1832" : 8,
            "1848" : 3,
            "1864" : 5,
            "1880" : 7,
            "1896" : 13,
            "1912" : 22,
            "1928" : 28,
            "1944" : 50,
            "1960" : 77,
            "1976" : 292,
            "1992" : 845,
            "2008" : 1071,
            "2024" : 1803,
            "2040" : 2934,
            "2064" : 8695,
            "2096" : 76299,
            "2128" : 154316,
            "2160" : 173779,
            "2192" : 152460,
            "2224" : 102649,
            "2256" : 65054,
            "2288" : 38712,
            "2320" : 20213,
            "2352" : 10072,
            "2384" : 5295,
            "2416" : 3141,
            "2448" : 1914,
            "2480" : 1751,
            "2512" : 2768,
            "2544" : 3923,
            "2576" : 4704,
            "2608" : 4800,
            "2640" : 3968,
            "2672" : 3056,
            "2704" : 2267,
            "2736" : 2022,
            "2768" : 3580,
            "2800" : 9370,
            "2832" : 23404,
            "2864" : 48252,
            "2896" : 84304,
            "2928" : 114938,
            "2960" : 126553,
            "2992" : 115563,
            "3024" : 95169,
            "3056" : 71606,
            "3088" : 49557,
            "3120" : 32595,
            "3152" : 20539,
            "3184" : 12490,
            "3216" : 7616,
            "3248" : 4650,
            "3280" : 3108,
            "3312" : 2276,
            "3344" : 2039,
            "3376" : 2207,
            "3408" : 2538,
            "3440" : 2701,
            "3472" : 3148,
            "3504" : 3240,
            "3536" : 3333,
            "3568" : 3115,
            "3600" : 2937,
            "3632" : 2675,
            "3664" : 2550,
            "3696" : 2956,
            "3728" : 3525,
            "3760" : 4850,
            "3792" : 6837,
            "3824" : 8567,
            "3856" : 9441,
            "3888" : 8940,
            "3920" : 7387,
            "3952" : 5897,
            "3984" : 4058,
            "4016" : 2909,
            "4048" : 1968,
            "4080" : 1411,
            "4128" : 1861,
            "4192" : 1270,
            "4256" : 989,
            "4320" : 776,
            "4384" : 714,
            "4448" : 630,
            "4512" : 650,
            "4576" : 588,
            "4640" : 523,
            "4704" : 561,
            "4768" : 491,
            "4832" : 482,
            "4896" : 485,
            "4960" : 442,
            "5024" : 441,
            "5088" : 409,
            "5152" : 406,
            "5216" : 382,
            "5280" : 374,
            "5344" : 358,
            "5408" : 374,
            "5472" : 345,
            "5536" : 345,
            "5600" : 386,
            "5664" : 339,
            "5728" : 312,
            "5792" : 301,
            "5856" : 346,
            "5920" : 338,
            "5984" : 324,
            "6048" : 333,
            "6112" : 371,
            "6176" : 297,
            "6240" : 317,
            "6304" : 255,
            "6368" : 266,
            "6432" : 259,
            "6496" : 263,
            "6560" : 219,
            "6624" : 240,
            "6688" : 229,
            "6752" : 188,
            "6816" : 188,
            "6880" : 182,
            "6944" : 169,
            "7008" : 143,
            "7072" : 133,
            "7136" : 123,
            "7200" : 102,
            "7264" : 100,
            "7328" : 76,
            "7392" : 92,
            "7456" : 81,
            "7520" : 75,
            "7584" : 81,
            "7648" : 62,
            "7712" : 70,
            "7776" : 73,
            "7840" : 60,
            "7904" : 64,
            "7968" : 71,
            "8032" : 56,
            "8096" : 54,
            "8160" : 51,
            "8256" : 99,
            "8384" : 83,
            "8512" : 72,
            "8640" : 70,
            "8768" : 64,
            "8896" : 60,
            "9024" : 57,
            "9152" : 43,
            "9280" : 48,
            "9408" : 59,
            "9536" : 55,
            "9664" : 44,
            "9792" : 51,
            "9920" : 45,
            "10048" : 45,
            "10176" : 38,
            "10304" : 51,
            "10432" : 45,
            "10560" : 36,
            "10688" : 35,
            "10816" : 35,
            "10944" : 42,
            "11072" : 38,
            "11200" : 34,
            "11328" : 28,
            "11456" : 32,
            "11584" : 36,
            "11712" : 29,
            "11840" : 35,
            "11968" : 29,
            "12096" : 18,
            "12224" : 36,
            "12352" : 33,
            "12480" : 32,
            "12608" : 29,
            "12736" : 30,
            "12864" : 48,
            "12992" : 42,
            "13120" : 45,
            "13248" : 41,
            "13376" : 44,
            "13504" : 43,
            "13632" : 44,
            "13760" : 39,
            "13888" : 43,
            "14016" : 35,
            "14144" : 46,
            "14272" : 37,
            "14400" : 30,
            "14528" : 34,
            "14656" : 27,
            "14784" : 19,
            "14912" : 21,
            "15040" : 28,
            "15168" : 23,
            "15296" : 22,
            "15424" : 21,
            "15552" : 21,
            "15680" : 18,
            "15808" : 13,
            "15936" : 19,
            "16064" : 11,
            "16192" : 5,
            "16320" : 14,
            "16512" : 19,
            "16768" : 13,
            "17024" : 8,
            "17280" : 10,
            "17536" : 3,
            "17792" : 6,
            "18048" : 6,
            "18304" : 11,
            "18560" : 11,
            "18816" : 10,
            "19072" : 6,
            "19328" : 6,
            "19584" : 3,
            "19840" : 4,
            "20096" : 2,
            "20352" : 4,
            "20608" : 5,
            "20864" : 4,
            "21120" : 2,
            "21376" : 3,
            "21632" : 3,
            "21888" : 4,
            "22144" : 6,
            "22400" : 8,
            "22656" : 6,
            "22912" : 3,
            "23168" : 6,
            "23424" : 4,
            "23680" : 10,
            "23936" : 6,
            "24192" : 9,
            "24448" : 4,
            "24704" : 5,
            "24960" : 2,
            "25472" : 4,
            "25728" : 3,
            "25984" : 7,
            "26240" : 3,
            "26496" : 2,
            "26752" : 1,
            "27008" : 1,
            "27264" : 3,
            "27520" : 4,
            "27776" : 1,
            "28032" : 1,
            "28288" : 1,
            "28544" : 1,
            "28800" : 2,
            "29056" : 1,
            "29312" : 2,
            "29568" : 2,
            "29824" : 1,
            "31872" : 2,
            "32128" : 1,
            "32384" : 1,
            "33024" : 3,
            "33536" : 1,
            "34048" : 2,
            "34560" : 6,
            "35072" : 1,
            "35584" : 2,
            "36096" : 4,
            "36608" : 3,
            "37120" : 1,
            "37632" : 1,
            "38144" : 2,
            "38656" : 3,
            "39168" : 4,
            "39680" : 6,
            "40192" : 3,
            "40704" : 3,
            "41216" : 3,
            "41728" : 3,
            "42240" : 2,
            "42752" : 4,
            "43264" : 5,
            "43776" : 3,
            "44288" : 2,
            "44800" : 1,
            "45312" : 2,
            "45824" : 4,
            "46336" : 6,
            "46848" : 2,
            "47360" : 1,
            "47872" : 1,
            "48384" : 1,
            "48896" : 2,
            "49408" : 3,
            "49920" : 1,
            "50944" : 1,
            "52480" : 1,
            "54528" : 2,
            "55552" : 1,
            "56576" : 2,
            "57088" : 1,
            "58112" : 2,
            "59136" : 3,
            "59648" : 2,
            "60160" : 4,
            "61184" : 2,
            "62720" : 1,
            "63232" : 2,
            "63744" : 2,
            "65280" : 1,
            "66048" : 1,
            "67072" : 2,
            "68096" : 2,
            "69120" : 1,
            "70144" : 3,
            "71168" : 4,
            "72192" : 4,
            "74240" : 4,
            "78336" : 3,
            "80384" : 2,
            "81408" : 3,
            "82432" : 2,
            "83456" : 5,
            "84480" : 1,
            "86528" : 1,
            "90624" : 1,
            "92672" : 2,
            "93696" : 2,
            "95744" : 1,
            "99840" : 3,
            "100864" : 2,
            "101888" : 1,
            "104960" : 1,
            "107008" : 2,
            "108032" : 1,
            "113152" : 1,
            "121344" : 1,
            "123392" : 1,
            "125440" : 1,
            "127488" : 1,
            "138240" : 2,
            "142336" : 1,
            "146432" : 2,
            "148480" : 1,
            "152576" : 2,
            "183296" : 1,
            "191488" : 1,
            "201728" : 1,
            "207872" : 1,
            "211968" : 1,
            "220160" : 1,
            "224256" : 1,
            "228352" : 1,
            "230400" : 1,
            "234496" : 2,
            "236544" : 1,
            "242688" : 1,
            "254976" : 1,
            "257024" : 1,
            "264192" : 1,
            "313344" : 1,
            "342016" : 1,
            "346112" : 1,
            "391168" : 2,
            "399360" : 4,
            "411648" : 7,
            "415744" : 1,
            "440320" : 1,
            "477184" : 1,
            "634880" : 1,
            "765952" : 2,
            "790528" : 1,
            "1368064" : 1,
            "1384448" : 1,
            "1400832" : 3,
            "1417216" : 1,
            "1548288" : 1,
            "3358720" : 1
          }
        },
        "lat_ns" : {
          "min" : 1347,
          "max" : 3363071,
          "mean" : 2795.436175,
          "stddev" : 4292.467618,
          "N" : 1798624,
          "percentile" : {
            "1.000000" : 2128,
            "5.000000" : 2160,
            "10.000000" : 2192,
            "20.000000" : 2224,
            "30.000000" : 2256,
            "40.000000" : 2320,
            "50.000000" : 2960,
            "60.000000" : 3024,
            "70.000000" : 3056,
            "80.000000" : 3120,
            "90.000000" : 3216,
            "95.000000" : 3824,
            "99.000000" : 4704,
            "99.500000" : 6112,
            "99.900000" : 11200,
            "99.950000" : 14272,
            "99.990000" : 43264
          },
          "bins" : {
            "1352" : 2,
            "1368" : 4,
            "1384" : 10,
            "1400" : 25,
            "1416" : 12,
            "1432" : 21,
            "1448" : 36,
            "1464" : 22,
            "1480" : 28,
            "1496" : 20,
            "1512" : 18,
            "1528" : 15,
            "1544" : 12,
            "1560" : 8,
            "1576" : 9,
            "1592" : 6,
            "1608" : 1,
            "1624" : 2,
            "1640" : 2,
            "1656" : 2,
            "1672" : 2,
            "1688" : 1,
            "1704" : 2,
            "1720" : 2,
            "1736" : 3,
            "1752" : 2,
            "1800" : 1,
            "1832" : 5,
            "1848" : 3,
            "1864" : 3,
            "1880" : 6,
            "1896" : 5,
            "1912" : 4,
            "1928" : 2,
            "1944" : 4,
            "1960" : 8,
            "1976" : 26,
            "1992" : 51,
            "2008" : 53,
            "2024" : 179,
            "2040" : 639,
            "2064" : 2358,
            "2096" : 6178,
            "2128" : 17096,
            "2160" : 105638,
            "2192" : 167765,
            "2224" : 168854,
            "2256" : 140709,
            "2288" : 88455,
            "2320" : 55747,
            "2352" : 32519,
            "2384" : 16633,
            "2416" : 8358,
            "2448" : 4432,
            "2480" : 2619,
            "2512" : 1661,
            "2544" : 1324,
            "2576" : 1885,
            "2608" : 3154,
            "2640" : 4237,
            "2672" : 4686,
            "2704" : 4377,
            "2736" : 3537,
            "2768" : 2574,
            "2800" : 1900,
            "2832" : 1941,
            "2864" : 3903,
            "2896" : 10760,
            "2928" : 25880,
            "2960" : 51629,
            "2992" : 86167,
            "3024" : 115858,
            "3056" : 128988,
            "3088" : 117045,
            "3120" : 95802,
            "3152" : 70453,
            "3184" : 47145,
            "3216" : 29707,
            "3248" : 17320,
            "3280" : 10103,
            "3312" : 6070,
            "3344" : 3681,
            "3376" : 2650,
            "3408" : 1970,
            "3440" : 1819,
            "3472" : 1986,
            "3504" : 2293,
            "3536" : 2593,
            "3568" : 2776,
            "3600" : 2797,
            "3632" : 2865,
            "3664" : 2754,
            "3696" : 2683,
            "3728" : 2693,
            "3760" : 2737,
            "3792" : 3109,
            "3824" : 3879,
            "3856" : 5330,
            "3888" : 6998,
            "3920" : 8580,
            "3952" : 9177,
            "3984" : 8537,
            "4016" : 7080,
            "4048" : 5624,
            "4080" : 3981,
            "4128" : 4947,
            "4192" : 2933,
            "4256" : 1963,
            "4320" : 1477,
            "4384" : 1090,
            "4448" : 858,
            "4512" : 787,
            "4576" : 657,
            "4640" : 605,
            "4704" : 568,
            "4768" : 551,
            "4832" : 527,
            "4896" : 474,
            "4960" : 529,
            "5024" : 514,
            "5088" : 462,
            "5152" : 421,
            "5216" : 439,
            "5280" : 389,
            "5344" : 381,
            "5408" : 357,
            "5472" : 342,
            "5536" : 373,
            "5600" : 367,
            "5664" : 318,
            "5728" : 323,
            "5792" : 380,
            "5856" : 286,
            "5920" : 307,
            "5984" : 292,
            "6048" : 330,
            "6112" : 317,
            "6176" : 330,
            "6240" : 327,
            "6304" : 320,
            "6368" : 317,
            "6432" : 292,
            "6496" : 278,
            "6560" : 261,
            "6624" : 265,
            "6688" : 249,
            "6752" : 262,
            "6816" : 221,
            "6880" : 213,
            "6944" : 190,
            "7008" : 212,
            "7072" : 184,
            "7136" : 170,
            "7200" : 148,
            "7264" : 153,
            "7328" : 133,
            "7392" : 104,
            "7456" : 98,
            "7520" : 102,
            "7584" : 95,
            "7648" : 74,
            "7712" : 88,
            "7776" : 78,
            "7840" : 75,
            "7904" : 84,
            "7968" : 70,
            "8032" : 65,
            "8096" : 74,
            "8160" : 62,
            "8256" : 108,
            "8384" : 107,
            "8512" : 87,
            "8640" : 79,
            "8768" : 68,
            "8896" : 70,
            "9024" : 67,
            "9152" : 56,
            "9280" : 39,
            "9408" : 61,
            "9536" : 55,
            "9664" : 55,
            "9792" : 49,
            "9920" : 51,
            "10048" : 38,
            "10176" : 49,
            "10304" : 44,
            "10432" : 62,
            "10560" : 46,
            "10688" : 36,
            "10816" : 39,
            "10944" : 42,
            "11072" : 41,
            "11200" : 35,
            "11328" : 37,
            "11456" : 30,
            "11584" : 27,
            "11712" : 44,
            "11840" : 28,
            "11968" : 40,
            "12096" : 25,
            "12224" : 26,
            "12352" : 33,
            "12480" : 34,
            "12608" : 34,
            "12736" : 29,
            "12864" : 42,
            "12992" : 44,
            "13120" : 47,
            "13248" : 41,
            "13376" : 53,
            "13504" : 35,
            "13632" : 43,
            "13760" : 47,
            "13888" : 38,
            "14016" : 41,
            "14144" : 43,
            "14272" : 44,
            "14400" : 36,
            "14528" : 30,
            "14656" : 32,
            "14784" : 26,
            "14912" : 20,
            "15040" : 26,
            "15168" : 29,
            "15296" : 18,
            "15424" : 23,
            "15552" : 21,
            "15680" : 22,
            "15808" : 17,
            "15936" : 14,
            "16064" : 21,
            "16192" : 8,
            "16320" : 12,
            "16512" : 23,
            "16768" : 10,
            "17024" : 9,
            "17280" : 10,
            "17536" : 5,
            "17792" : 6,
            "18048" : 5,
            "18304" : 12,
            "18560" : 11,
            "18816" : 10,
            "19072" : 7,
            "19328" : 8,
            "19584" : 3,
            "19840" : 4,
            "20096" : 1,
            "20352" : 4,
            "20608" : 2,
            "20864" : 7,
            "21120" : 4,
            "21376" : 1,
            "21632" : 5,
            "21888" : 2,
            "22144" : 6,
            "22400" : 8,
            "22656" : 7,
            "22912" : 6,
            "23168" : 5,
            "23424" : 4,
            "23680" : 8,
            "23936" : 7,
            "24192" : 9,
            "24448" : 5,
            "24704" : 4,
            "24960" : 4,
            "25216" : 1,
            "25472" : 3,
            "25728" : 4,
            "25984" : 6,
            "26240" : 4,
            "26496" : 3,
            "26752" : 1,
            "27264" : 4,
            "27520" : 3,
            "27776" : 2,
            "28032" : 1,
            "28544" : 2,
            "28800" : 1,
            "29056" : 2,
            "29312" : 1,
            "29568" : 3,
            "29824" : 1,
            "31872" : 1,
            "32128" : 2,
            "32384" : 1,
            "33024" : 2,
            "33536" : 2,
            "34048" : 2,
            "34560" : 4,
            "35072" : 3,
            "35584" : 2,
            "36096" : 4,
            "36608" : 1,
            "37120" : 3,
            "38144" : 3,
            "38656" : 1,
            "39168" : 6,
            "39680" : 5,
            "40192" : 4,
            "40704" : 3,
            "41216" : 2,
            "41728" : 3,
            "42240" : 3,
            "42752" : 4,
            "43264" : 4,
            "43776" : 3,
            "44288" : 3,
            "44800" : 1,
            "45312" : 1,
            "45824" : 5,
            "46336" : 5,
            "46848" : 3,
            "47360" : 1,
            "47872" : 1,
            "48384" : 1,
            "48896" : 1,
            "49408" : 4,
            "49920" : 1,
            "50944" : 1,
            "52480" : 1,
            "52992" : 1,
            "54528" : 2,
            "55040" : 1,
            "55552" : 1,
            "56576" : 2,
            "57088" : 1,
            "58112" : 2,
            "59136" : 3,
            "59648" : 2,
            "60160" : 4,
            "61184" : 1,
            "61696" : 1,
            "62720" : 1,
            "63232" : 2,
            "63744" : 2,
            "65280" : 1,
            "66048" : 1,
            "67072" : 1,
            "68096" : 3,
            "70144" : 3,
            "71168" : 5,
            "72192" : 4,
            "73216" : 1,
            "74240" : 4,
            "78336" : 3,
            "80384" : 2,
            "81408" : 3,
            "82432" : 2,
            "83456" : 5,
            "84480" : 2,
            "85504" : 2,
            "86528" : 1,
            "90624" : 1,
            "92672" : 2,
            "93696" : 1,
            "94720" : 1,
            "95744" : 1,
            "99840" : 3,
            "100864" : 2,
            "101888" : 1,
            "104960" : 1,
            "107008" : 2,
            "108032" : 1,
            "113152" : 1,
            "121344" : 1,
            "123392" : 1,
            "125440" : 1,
            "127488" : 1,
            "138240" : 2,
            "142336" : 1,
            "146432" : 1,
            "148480" : 2,
            "152576" : 2,
            "173056" : 1,
            "183296" : 1,
            "191488" : 1,
            "201728" : 1,
            "207872" : 1,
            "211968" : 1,
            "220160" : 1,
            "224256" : 1,
            "228352" : 1,
            "230400" : 1,
            "234496" : 2,
            "236544" : 1,
            "242688" : 1,
            "254976" : 1,
            "257024" : 1,
            "264192" : 1,
            "313344" : 1,
            "342016" : 1,
            "346112" : 1,
            "391168" : 2,
            "399360" : 4,
            "411648" : 6,
            "415744" : 2,
            "444416" : 1,
            "477184" : 1,
            "634880" : 1,
            "765952" : 2,
            "790528" : 1,
            "1368064" : 1,
            "1384448" : 1,
            "1400832" : 3,
            "1417216" : 1,
            "1548288" : 1,
            "3358720" : 1
          }
        },
        "bw_min" : 232128,
        "bw_max" : 310032,
        "bw_agg" : 100.000000,
        "bw_mean" : 239951.322034,
        "bw_dev" : 11114.797522,
        "bw_samples" : 59,
        "iops_min" : 58032,
        "iops_max" : 77508,
        "iops_mean" : 59987.830508,
        "iops_stddev" : 2778.699380,
        "iops_samples" : 59
      },
      "trim" : {
        "io_bytes" : 0,
        "io_kbytes" : 0,
        "bw_bytes" : 0,
        "bw" : 0,
        "iops" : 0.000000,
        "runtime" : 0,
        "total_ios" : 0,
        "short_ios" : 0,
        "drop_ios" : 0,
        "slat_ns" : {
          "min" : 0,
          "max" : 0,
          "mean" : 0.000000,
          "stddev" : 0.000000,
          "N" : 0
        },
        "clat_ns" : {
          "min" : 0,
          "max" : 0,
          "mean" : 0.000000,
          "stddev" : 0.000000,
          "N" : 0
        },
        "lat_ns" : {
          "min" : 0,
          "max" : 0,
          "mean" : 0.000000,
          "stddev" : 0.000000,
          "N" : 0
        },
        "bw_min" : 0,
        "bw_max" : 0,
        "bw_agg" : 0.000000,
        "bw_mean" : 0.000000,
        "bw_dev" : 0.000000,
        "bw_samples" : 0,
        "iops_min" : 0,
        "iops_max" : 0,
        "iops_mean" : 0.000000,
        "iops_stddev" : 0.000000,
        "iops_samples" : 0
      },
      "sync" : {
        "total_ios" : 0,
        "lat_ns" : {
          "min" : 0,
          "max" : 0,
          "mean" : 0.000000,
          "stddev" : 0.000000,
          "N" : 0
        }
      },
      "job_runtime" : 30000,
      "usr_cpu" : 12.453333,
      "sys_cpu" : 62.196667,
      "ctx" : 1804692,
      "majf" : 0,
      "minf" : 20,
      "iodepth_level" : {
        "1" : 100.000000,
        "2" : 0.000000,
        "4" : 0.000000,
        "8" : 0.000000,
        "16" : 0.000000,
        "32" : 0.000000,
        ">=64" : 0.000000
      },
      "iodepth_submit" : {
        "0" : 0.000000,
        "4" : 100.000000,
        "8" : 0.000000,
        "16" : 0.000000,
        "32" : 0.000000,
        "64" : 0.000000,
        ">=64" : 0.000000
      },
      "iodepth_complete" : {
        "0" : 0.000000,
        "4" : 100.000000,
        "8" : 0.000000,
        "16" : 0.000000,
        "32" : 0.000000,
        "64" : 0.000000,
        ">=64" : 0.000000
      },
      "latency_ns" : {
        "2" : 0.000000,
        "4" : 0.000000,
        "10" : 0.000000,
        "20" : 0.000000,
        "50" : 0.000000,
        "100" : 0.000000,
        "250" : 0.000000,
        "500" : 0.000000,
        "750" : 0.010000,
        "1000" : 0.011364
      },
      "latency_us" : {
        "2" : 0.047567,
        "4" : 49.072783,
        "10" : 11.428619,
        "20" : 39.005447,
        "50" : 0.403517,
        "100" : 0.017504,
        "250" : 0.010000,
        "500" : 0.010000,
        "750" : 0.010000,
        "1000" : 0.010000
      },
      "latency_ms" : {
        "2" : 0.010000,
        "4" : 0.010000,
        "10" : 0.000000,
        "20" : 0.000000,
        "50" : 0.000000,
        "100" : 0.000000,
        "250" : 0.000000,
        "500" : 0.000000,
        "750" : 0.000000,
        "1000" : 0.000000,
        "2000" : 0.000000,
        ">=2000" : 0.000000
      },
      "latency_depth" : 128,
      "latency_target" : 0,
      "latency_percentile" : 100.000000,
      "latency_window" : 0
    }
  ],
  "disk_util" : [
    {
      "name" : "loop25",
      "read_ios" : 1793988,
      "write_ios" : 904654,
      "read_merges" : 0,
      "write_merges" : 0,
      "read_ticks" : 12922,
      "write_ticks" : 29470,
      "in_queue" : 0,
      "util" : 99.709836
    }
  ]
}
