{
  "fio version" : "fio-3.32-36-g5932",
  "timestamp" : 1664225504,
  "timestamp_ms" : 1664225504279,
  "time" : "Mon Sep 26 22:51:44 2022",
  "global options" : {
    "size" : "4K",
    "rw" : "randrw",
    "bs" : "4K",
    "numjobs" : "1",
    "iodepth" : "1",
    "runtime" : "15",
    "end_fsync" : "1",
    "lat_percentiles" : "1",
    "slat_percentiles" : "1",
    "clat_percentiles" : "1"
  },
  "jobs" : [
    {
      "jobname" : "random-rw",
      "groupid" : 0,
      "error" : 0,
      "eta" : 0,
      "elapsed" : 16,
      "job options" : {
        "name" : "random-rw"
      },
      "read" : {
        "io_bytes" : 1013551104,
        "io_kbytes" : 989796,
        "bw_bytes" : 67561065,
        "bw" : 65977,
        "iops" : 16494.400747,
        "runtime" : 15002,
        "total_ios" : 247449,
        "short_ios" : 0,
        "drop_ios" : 0,
        "slat_ns" : {
          "min" : 0,
          "max" : 0,
          "mean" : 0.000000,
          "stddev" : 0.000000,
          "N" : 0
        },
        "clat_ns" : {
          "min" : 578,
          "max" : 7105864,
          "mean" : 9371.752341,
          "stddev" : 33313.058417,
          "N" : 247449,
          "percentile" : {
            "1.000000" : 596,
            "5.000000" : 604,
            "10.000000" : 628,
            "20.000000" : 1144,
            "30.000000" : 1256,
            "40.000000" : 1528,
            "50.000000" : 1832,
            "60.000000" : 2608,
            "70.000000" : 13888,
            "80.000000" : 20096,
            "90.000000" : 25984,
            "95.000000" : 31872,
            "99.000000" : 40704,
            "99.500000" : 46336,
            "99.900000" : 99840,
            "99.950000" : 156672,
            "99.990000" : 921600
          },
          "bins" : {
            "580" : 72,
            "588" : 1896,
            "596" : 4641,
            "604" : 5841,
            "612" : 6313,
            "620" : 4839,
            "628" : 2672,
            "636" : 1139,
            "644" : 513,
            "652" : 248,
            "660" : 180,
            "668" : 142,
            "676" : 91,
            "684" : 70,
            "692" : 62,
            "700" : 59,
            "708" : 48,
            "716" : 49,
            "724" : 52,
            "732" : 47,
            "740" : 80,
            "748" : 88,
            "756" : 82,
            "764" : 83,
            "772" : 92,
            "780" : 104,
            "788" : 95,
            "796" : 82,
            "804" : 71,
            "812" : 75,
            "820" : 108,
            "828" : 131,
            "836" : 170,
            "844" : 191,
            "852" : 257,
            "860" : 304,
            "868" : 373,
            "876" : 316,
            "884" : 393,
            "892" : 392,
            "900" : 401,
            "908" : 434,
            "916" : 465,
            "924" : 583,
            "932" : 599,
            "940" : 632,
            "948" : 625,
            "956" : 556,
            "964" : 518,
            "972" : 501,
            "980" : 545,
            "988" : 482,
            "996" : 435,
            "1004" : 424,
            "1012" : 381,
            "1020" : 397,
            "1032" : 719,
            "1048" : 753,
            "1064" : 858,
            "1080" : 973,
            "1096" : 1252,
            "1112" : 1694,
            "1128" : 2613,
            "1144" : 3322,
            "1160" : 3688,
            "1176" : 3984,
            "1192" : 3534,
            "1208" : 3412,
            "1224" : 3086,
            "1240" : 2618,
            "1256" : 2142,
            "1272" : 1700,
            "1288" : 1546,
            "1304" : 1565,
            "1320" : 1565,
            "1336" : 1780,
            "1352" : 1716,
            "1368" : 1561,
            "1384" : 1369,
            "1400" : 1154,
            "1416" : 1125,
            "1432" : 1033,
            "1448" : 1008,
            "1464" : 1075,
            "1480" : 1091,
            "1496" : 1349,
            "1512" : 1580,
            "1528" : 1976,
            "1544" : 2368,
            "1560" : 2494,
            "1576" : 2770,
            "1592" : 2412,
            "1608" : 2388,
            "1624" : 1827,
            "1640" : 1519,
            "1656" : 1207,
            "1672" : 967,
            "1688" : 820,
            "1704" : 755,
            "1720" : 703,
            "1736" : 658,
            "1752" : 674,
            "1768" : 654,
            "1784" : 734,
            "1800" : 658,
            "1816" : 736,
            "1832" : 681,
            "1848" : 693,
            "1864" : 642,
            "1880" : 634,
            "1896" : 669,
            "1912" : 614,
            "1928" : 641,
            "1944" : 626,
            "1960" : 620,
            "1976" : 598,
            "1992" : 572,
            "2008" : 603,
            "2024" : 613,
            "2040" : 563,
            "2064" : 1186,
            "2096" : 1197,
            "2128" : 1146,
            "2160" : 1117,
            "2192" : 1078,
            "2224" : 1032,
            "2256" : 1011,
            "2288" : 933,
            "2320" : 996,
            "2352" : 985,
            "2384" : 912,
            "2416" : 862,
            "2448" : 810,
            "2480" : 692,
            "2512" : 686,
            "2544" : 583,
            "2576" : 565,
            "2608" : 522,
            "2640" : 465,
            "2672" : 439,
            "2704" : 424,
            "2736" : 426,
            "2768" : 358,
            "2800" : 330,
            "2832" : 316,
            "2864" : 286,
            "2896" : 251,
            "2928" : 261,
            "2960" : 227,
            "2992" : 211,
            "3024" : 183,
            "3056" : 188,
            "3088" : 151,
            "3120" : 140,
            "3152" : 114,
            "3184" : 97,
            "3216" : 105,
            "3248" : 63,
            "3280" : 71,
            "3312" : 56,
            "3344" : 59,
            "3376" : 49,
            "3408" : 40,
            "3440" : 44,
            "3472" : 37,
            "3504" : 46,
            "3536" : 44,
            "3568" : 48,
            "3600" : 37,
            "3632" : 44,
            "3664" : 43,
            "3696" : 48,
            "3728" : 34,
            "3760" : 30,
            "3792" : 34,
            "3824" : 42,
            "3856" : 35,
            "3888" : 47,
            "3920" : 32,
            "3952" : 33,
            "3984" : 32,
            "4016" : 36,
            "4048" : 33,
            "4080" : 37,
            "4128" : 62,
            "4192" : 55,
            "4256" : 57,
            "4320" : 48,
            "4384" : 56,
            "4448" : 50,
            "4512" : 60,
            "4576" : 64,
            "4640" : 84,
            "4704" : 72,
            "4768" : 115,
            "4832" : 148,
            "4896" : 154,
            "4960" : 177,
            "5024" : 144,
            "5088" : 108,
            "5152" : 95,
            "5216" : 73,
            "5280" : 84,
            "5344" : 63,
            "5408" : 40,
            "5472" : 41,
            "5536" : 49,
            "5600" : 51,
            "5664" : 59,
            "5728" : 68,
            "5792" : 59,
            "5856" : 40,
            "5920" : 72,
            "5984" : 80,
            "6048" : 85,
            "6112" : 52,
            "6176" : 50,
            "6240" : 41,
            "6304" : 46,
            "6368" : 50,
            "6432" : 36,
            "6496" : 42,
            "6560" : 35,
            "6624" : 34,
            "6688" : 30,
            "6752" : 38,
            "6816" : 35,
            "6880" : 40,
            "6944" : 36,
            "7008" : 34,
            "7072" : 47,
            "7136" : 50,
            "7200" : 40,
            "7264" : 47,
            "7328" : 47,
            "7392" : 45,
            "7456" : 49,
            "7520" : 49,
            "7584" : 52,
            "7648" : 57,
            "7712" : 59,
            "7776" : 55,
            "7840" : 57,
            "7904" : 71,
            "7968" : 56,
            "8032" : 71,
            "8096" : 94,
            "8160" : 115,
            "8256" : 185,
            "8384" : 118,
            "8512" : 89,
            "8640" : 81,
            "8768" : 58,
            "8896" : 75,
            "9024" : 123,
            "9152" : 100,
            "9280" : 74,
            "9408" : 74,
            "9536" : 59,
            "9664" : 41,
            "9792" : 37,
            "9920" : 43,
            "10048" : 61,
            "10176" : 155,
            "10304" : 578,
            "10432" : 1025,
            "10560" : 639,
            "10688" : 547,
            "10816" : 830,
            "10944" : 836,
            "11072" : 412,
            "11200" : 263,
            "11328" : 237,
            "11456" : 220,
            "11584" : 175,
            "11712" : 155,
            "11840" : 128,
            "11968" : 138,
            "12096" : 147,
            "12224" : 188,
            "12352" : 252,
            "12480" : 454,
            "12608" : 698,
            "12736" : 861,
            "12864" : 842,
            "12992" : 698,
            "13120" : 668,
            "13248" : 525,
            "13376" : 378,
            "13504" : 293,
            "13632" : 277,
            "13760" : 242,
            "13888" : 254,
            "14016" : 210,
            "14144" : 207,
            "14272" : 179,
            "14400" : 191,
            "14528" : 220,
            "14656" : 234,
            "14784" : 277,
            "14912" : 340,
            "15040" : 400,
            "15168" : 497,
            "15296" : 500,
            "15424" : 499,
            "15552" : 457,
            "15680" : 440,
            "15808" : 378,
            "15936" : 337,
            "16064" : 368,
            "16192" : 418,
            "16320" : 429,
            "16512" : 778,
            "16768" : 770,
            "17024" : 801,
            "17280" : 971,
            "17536" : 1093,
            "17792" : 1217,
            "18048" : 1226,
            "18304" : 1262,
            "18560" : 1301,
            "18816" : 1347,
            "19072" : 1377,
            "19328" : 1577,
            "19584" : 1801,
            "19840" : 1851,
            "20096" : 1891,
            "20352" : 1856,
            "20608" : 1939,
            "20864" : 1686,
            "21120" : 1473,
            "21376" : 1272,
            "21632" : 1357,
            "21888" : 1508,
            "22144" : 1516,
            "22400" : 1436,
            "22656" : 1358,
            "22912" : 1242,
            "23168" : 1011,
            "23424" : 856,
            "23680" : 718,
            "23936" : 607,
            "24192" : 549,
            "24448" : 529,
            "24704" : 530,
            "24960" : 552,
            "25216" : 497,
            "25472" : 534,
            "25728" : 529,
            "25984" : 534,
            "26240" : 523,
            "26496" : 550,
            "26752" : 545,
            "27008" : 539,
            "27264" : 505,
            "27520" : 496,
            "27776" : 536,
            "28032" : 532,
            "28288" : 555,
            "28544" : 525,
            "28800" : 564,
            "29056" : 542,
            "29312" : 518,
            "29568" : 605,
            "29824" : 545,
            "30080" : 558,
            "30336" : 540,
            "30592" : 534,
            "30848" : 514,
            "31104" : 490,
            "31360" : 494,
            "31616" : 500,
            "31872" : 480,
            "32128" : 482,
            "32384" : 490,
            "32640" : 483,
            "33024" : 953,
            "33536" : 857,
            "34048" : 789,
            "34560" : 715,
            "35072" : 672,
            "35584" : 602,
            "36096" : 581,
            "36608" : 522,
            "37120" : 464,
            "37632" : 419,
            "38144" : 357,
            "38656" : 352,
            "39168" : 317,
            "39680" : 254,
            "40192" : 237,
            "40704" : 219,
            "41216" : 199,
            "41728" : 171,
            "42240" : 117,
            "42752" : 108,
            "43264" : 100,
            "43776" : 88,
            "44288" : 90,
            "44800" : 66,
            "45312" : 69,
            "45824" : 56,
            "46336" : 59,
            "46848" : 54,
            "47360" : 51,
            "47872" : 39,
            "48384" : 40,
            "48896" : 43,
            "49408" : 54,
            "49920" : 39,
            "50432" : 31,
            "50944" : 22,
            "51456" : 23,
            "51968" : 29,
            "52480" : 28,
            "52992" : 17,
            "53504" : 22,
            "54016" : 15,
            "54528" : 21,
            "55040" : 20,
            "55552" : 15,
            "56064" : 19,
            "56576" : 12,
            "57088" : 10,
            "57600" : 10,
            "58112" : 9,
            "58624" : 17,
            "59136" : 17,
            "59648" : 12,
            "60160" : 8,
            "60672" : 10,
            "61184" : 4,
            "61696" : 10,
            "62208" : 7,
            "62720" : 9,
            "63232" : 5,
            "63744" : 8,
            "64256" : 8,
            "64768" : 9,
            "65280" : 5,
            "66048" : 14,
            "67072" : 6,
            "68096" : 7,
            "69120" : 11,
            "70144" : 9,
            "71168" : 12,
            "72192" : 9,
            "73216" : 14,
            "74240" : 6,
            "75264" : 3,
            "76288" : 14,
            "77312" : 9,
            "78336" : 5,
            "79360" : 7,
            "80384" : 3,
            "81408" : 6,
            "82432" : 6,
            "83456" : 5,
            "84480" : 3,
            "85504" : 6,
            "86528" : 4,
            "87552" : 2,
            "88576" : 3,
            "89600" : 5,
            "90624" : 4,
            "91648" : 5,
            "92672" : 6,
            "93696" : 2,
            "94720" : 4,
            "95744" : 2,
            "96768" : 1,
            "97792" : 2,
            "98816" : 3,
            "99840" : 5,
            "100864" : 4,
            "101888" : 2,
            "102912" : 3,
            "103936" : 1,
            "104960" : 3,
            "105984" : 5,
            "107008" : 1,
            "108032" : 3,
            "109056" : 1,
            "110080" : 1,
            "111104" : 2,
            "112128" : 2,
            "113152" : 2,
            "114176" : 1,
            "115200" : 1,
            "116224" : 3,
            "117248" : 3,
            "118272" : 3,
            "119296" : 5,
            "120320" : 5,
            "121344" : 5,
            "122368" : 7,
            "123392" : 2,
            "124416" : 3,
            "125440" : 3,
            "126464" : 4,
            "127488" : 3,
            "128512" : 4,
            "129536" : 1,
            "130560" : 3,
            "132096" : 2,
            "134144" : 2,
            "136192" : 6,
            "138240" : 2,
            "140288" : 2,
            "142336" : 3,
            "144384" : 5,
            "146432" : 3,
            "148480" : 1,
            "150528" : 4,
            "152576" : 3,
            "154624" : 2,
            "156672" : 4,
            "158720" : 3,
            "160768" : 2,
            "164864" : 2,
            "166912" : 2,
            "168960" : 4,
            "171008" : 2,
            "173056" : 2,
            "175104" : 1,
            "177152" : 4,
            "179200" : 2,
            "183296" : 2,
            "185344" : 1,
            "187392" : 2,
            "195584" : 1,
            "197632" : 1,
            "199680" : 1,
            "201728" : 1,
            "211968" : 3,
            "214016" : 1,
            "216064" : 1,
            "218112" : 1,
            "220160" : 2,
            "228352" : 1,
            "230400" : 1,
            "236544" : 1,
            "238592" : 1,
            "240640" : 1,
            "242688" : 1,
            "252928" : 1,
            "257024" : 1,
            "259072" : 1,
            "264192" : 1,
            "268288" : 1,
            "280576" : 1,
            "284672" : 2,
            "288768" : 1,
            "305152" : 1,
            "309248" : 2,
            "317440" : 1,
            "333824" : 2,
            "391168" : 1,
            "395264" : 1,
            "411648" : 1,
            "415744" : 1,
            "423936" : 1,
            "432128" : 2,
            "440320" : 1,
            "452608" : 1,
            "460800" : 1,
            "464896" : 1,
            "485376" : 1,
            "489472" : 1,
            "501760" : 1,
            "505856" : 2,
            "536576" : 3,
            "577536" : 2,
            "585728" : 1,
            "610304" : 1,
            "741376" : 1,
            "765952" : 1,
            "774144" : 1,
            "782336" : 1,
            "823296" : 1,
            "831488" : 1,
            "839680" : 1,
            "864256" : 1,
            "897024" : 1,
            "905216" : 1,
            "921600" : 1,
            "946176" : 1,
            "978944" : 1,
            "987136" : 1,
            "1028096" : 1,
            "1056768" : 1,
            "1105920" : 1,
            "1122304" : 1,
            "1220608" : 1,
            "1269760" : 1,
            "1335296" : 1,
            "1351680" : 1,
            "1581056" : 1,
            "1843200" : 1,
            "1925120" : 2,
            "3129344" : 1,
            "3358720" : 1,
            "3391488" : 1,
            "3522560" : 1,
            "4079616" : 1,
            "4292608" : 1,
            "5603328" : 1,
            "6127616" : 1,
            "7110656" : 1
          }
        },
        "lat_ns" : {
          "min" : 610,
          "max" : 7106040,
          "mean" : 9559.873097,
          "stddev" : 33313.135757,
          "N" : 247449,
          "percentile" : {
            "1.000000" : 628,
            "5.000000" : 644,
            "10.000000" : 668,
            "20.000000" : 1256,
            "30.000000" : 1400,
            "40.000000" : 1720,
            "50.000000" : 2064,
            "60.000000" : 2992,
            "70.000000" : 14272,
            "80.000000" : 20096,
            "90.000000" : 25984,
            "95.000000" : 32128,
            "99.000000" : 40704,
            "99.500000" : 46336,
            "99.900000" : 99840,
            "99.950000" : 156672,
            "99.990000" : 921600
          },
          "bins" : {
            "612" : 38,
            "620" : 1250,
            "628" : 3708,
            "636" : 4787,
            "644" : 6046,
            "652" : 5295,
            "660" : 3537,
            "668" : 1950,
            "676" : 886,
            "684" : 421,
            "692" : 243,
            "700" : 161,
            "708" : 140,
            "716" : 85,
            "724" : 57,
            "732" : 64,
            "740" : 58,
            "748" : 45,
            "756" : 48,
            "764" : 45,
            "772" : 43,
            "780" : 54,
            "788" : 62,
            "796" : 59,
            "804" : 68,
            "812" : 54,
            "820" : 92,
            "828" : 97,
            "836" : 66,
            "844" : 68,
            "852" : 70,
            "860" : 61,
            "868" : 62,
            "876" : 63,
            "884" : 74,
            "892" : 92,
            "900" : 100,
            "908" : 141,
            "916" : 169,
            "924" : 236,
            "932" : 260,
            "940" : 311,
            "948" : 311,
            "956" : 299,
            "964" : 354,
            "972" : 368,
            "980" : 343,
            "988" : 363,
            "996" : 431,
            "1004" : 468,
            "1012" : 562,
            "1020" : 582,
            "1032" : 1020,
            "1048" : 998,
            "1064" : 926,
            "1080" : 812,
            "1096" : 721,
            "1112" : 666,
            "1128" : 665,
            "1144" : 596,
            "1160" : 644,
            "1176" : 737,
            "1192" : 824,
            "1208" : 1084,
            "1224" : 1464,
            "1240" : 1913,
            "1256" : 2530,
            "1272" : 2939,
            "1288" : 3259,
            "1304" : 3471,
            "1320" : 3182,
            "1336" : 2908,
            "1352" : 2536,
            "1368" : 2357,
            "1384" : 2055,
            "1400" : 1806,
            "1416" : 1654,
            "1432" : 1396,
            "1448" : 1374,
            "1464" : 1430,
            "1480" : 1439,
            "1496" : 1554,
            "1512" : 1331,
            "1528" : 1256,
            "1544" : 1045,
            "1560" : 894,
            "1576" : 840,
            "1592" : 755,
            "1608" : 831,
            "1624" : 804,
            "1640" : 860,
            "1656" : 946,
            "1672" : 968,
            "1688" : 1176,
            "1704" : 1594,
            "1720" : 1787,
            "1736" : 2230,
            "1752" : 2384,
            "1768" : 2431,
            "1784" : 2447,
            "1800" : 2178,
            "1816" : 1816,
            "1832" : 1405,
            "1848" : 1172,
            "1864" : 948,
            "1880" : 784,
            "1896" : 730,
            "1912" : 644,
            "1928" : 606,
            "1944" : 626,
            "1960" : 555,
            "1976" : 550,
            "1992" : 565,
            "2008" : 571,
            "2024" : 592,
            "2040" : 616,
            "2064" : 1150,
            "2096" : 1177,
            "2128" : 1137,
            "2160" : 1105,
            "2192" : 1020,
            "2224" : 1032,
            "2256" : 1016,
            "2288" : 1065,
            "2320" : 1033,
            "2352" : 1058,
            "2384" : 1055,
            "2416" : 925,
            "2448" : 960,
            "2480" : 922,
            "2512" : 864,
            "2544" : 861,
            "2576" : 802,
            "2608" : 882,
            "2640" : 832,
            "2672" : 800,
            "2704" : 839,
            "2736" : 716,
            "2768" : 631,
            "2800" : 624,
            "2832" : 538,
            "2864" : 505,
            "2896" : 509,
            "2928" : 455,
            "2960" : 428,
            "2992" : 422,
            "3024" : 378,
            "3056" : 367,
            "3088" : 339,
            "3120" : 317,
            "3152" : 285,
            "3184" : 236,
            "3216" : 248,
            "3248" : 228,
            "3280" : 218,
            "3312" : 211,
            "3344" : 207,
            "3376" : 166,
            "3408" : 160,
            "3440" : 136,
            "3472" : 137,
            "3504" : 117,
            "3536" : 101,
            "3568" : 97,
            "3600" : 91,
            "3632" : 64,
            "3664" : 76,
            "3696" : 57,
            "3728" : 61,
            "3760" : 62,
            "3792" : 53,
            "3824" : 60,
            "3856" : 46,
            "3888" : 36,
            "3920" : 41,
            "3952" : 28,
            "3984" : 49,
            "4016" : 45,
            "4048" : 41,
            "4080" : 38,
            "4128" : 96,
            "4192" : 71,
            "4256" : 63,
            "4320" : 65,
            "4384" : 60,
            "4448" : 60,
            "4512" : 55,
            "4576" : 84,
            "4640" : 69,
            "4704" : 77,
            "4768" : 82,
            "4832" : 118,
            "4896" : 141,
            "4960" : 165,
            "5024" : 171,
            "5088" : 211,
            "5152" : 171,
            "5216" : 143,
            "5280" : 107,
            "5344" : 104,
            "5408" : 105,
            "5472" : 74,
            "5536" : 55,
            "5600" : 45,
            "5664" : 54,
            "5728" : 62,
            "5792" : 54,
            "5856" : 70,
            "5920" : 59,
            "5984" : 56,
            "6048" : 67,
            "6112" : 78,
            "6176" : 86,
            "6240" : 80,
            "6304" : 60,
            "6368" : 42,
            "6432" : 52,
            "6496" : 50,
            "6560" : 48,
            "6624" : 42,
            "6688" : 35,
            "6752" : 44,
            "6816" : 32,
            "6880" : 30,
            "6944" : 41,
            "7008" : 34,
            "7072" : 43,
            "7136" : 47,
            "7200" : 34,
            "7264" : 47,
            "7328" : 49,
            "7392" : 43,
            "7456" : 51,
            "7520" : 40,
            "7584" : 51,
            "7648" : 53,
            "7712" : 50,
            "7776" : 63,
            "7840" : 58,
            "7904" : 81,
            "7968" : 107,
            "8032" : 84,
            "8096" : 97,
            "8160" : 81,
            "8256" : 235,
            "8384" : 202,
            "8512" : 164,
            "8640" : 107,
            "8768" : 85,
            "8896" : 94,
            "9024" : 106,
            "9152" : 125,
            "9280" : 89,
            "9408" : 78,
            "9536" : 64,
            "9664" : 62,
            "9792" : 56,
            "9920" : 34,
            "10048" : 43,
            "10176" : 66,
            "10304" : 251,
            "10432" : 830,
            "10560" : 961,
            "10688" : 529,
            "10816" : 682,
            "10944" : 914,
            "11072" : 673,
            "11200" : 351,
            "11328" : 255,
            "11456" : 249,
            "11584" : 199,
            "11712" : 145,
            "11840" : 157,
            "11968" : 119,
            "12096" : 123,
            "12224" : 131,
            "12352" : 188,
            "12480" : 232,
            "12608" : 385,
            "12736" : 625,
            "12864" : 833,
            "12992" : 862,
            "13120" : 728,
            "13248" : 698,
            "13376" : 608,
            "13504" : 439,
            "13632" : 356,
            "13760" : 298,
            "13888" : 265,
            "14016" : 255,
            "14144" : 235,
            "14272" : 200,
            "14400" : 221,
            "14528" : 202,
            "14656" : 221,
            "14784" : 261,
            "14912" : 272,
            "15040" : 383,
            "15168" : 452,
            "15296" : 506,
            "15424" : 500,
            "15552" : 503,
            "15680" : 432,
            "15808" : 448,
            "15936" : 384,
            "16064" : 339,
            "16192" : 367,
            "16320" : 443,
            "16512" : 819,
            "16768" : 779,
            "17024" : 760,
            "17280" : 927,
            "17536" : 1070,
            "17792" : 1198,
            "18048" : 1217,
            "18304" : 1183,
            "18560" : 1322,
            "18816" : 1299,
            "19072" : 1362,
            "19328" : 1549,
            "19584" : 1712,
            "19840" : 1903,
            "20096" : 1859,
            "20352" : 1917,
            "20608" : 1971,
            "20864" : 1797,
            "21120" : 1520,
            "21376" : 1322,
            "21632" : 1293,
            "21888" : 1531,
            "22144" : 1519,
            "22400" : 1435,
            "22656" : 1399,
            "22912" : 1268,
            "23168" : 1065,
            "23424" : 908,
            "23680" : 787,
            "23936" : 608,
            "24192" : 577,
            "24448" : 540,
            "24704" : 544,
            "24960" : 537,
            "25216" : 505,
            "25472" : 524,
            "25728" : 539,
            "25984" : 495,
            "26240" : 539,
            "26496" : 540,
            "26752" : 526,
            "27008" : 562,
            "27264" : 526,
            "27520" : 485,
            "27776" : 530,
            "28032" : 542,
            "28288" : 492,
            "28544" : 572,
            "28800" : 535,
            "29056" : 571,
            "29312" : 510,
            "29568" : 555,
            "29824" : 595,
            "30080" : 567,
            "30336" : 549,
            "30592" : 537,
            "30848" : 516,
            "31104" : 485,
            "31360" : 508,
            "31616" : 488,
            "31872" : 495,
            "32128" : 487,
            "32384" : 480,
            "32640" : 484,
            "33024" : 966,
            "33536" : 886,
            "34048" : 781,
            "34560" : 763,
            "35072" : 674,
            "35584" : 613,
            "36096" : 574,
            "36608" : 562,
            "37120" : 474,
            "37632" : 440,
            "38144" : 378,
            "38656" : 351,
            "39168" : 324,
            "39680" : 262,
            "40192" : 272,
            "40704" : 218,
            "41216" : 211,
            "41728" : 175,
            "42240" : 133,
            "42752" : 110,
            "43264" : 110,
            "43776" : 102,
            "44288" : 81,
            "44800" : 67,
            "45312" : 76,
            "45824" : 55,
            "46336" : 61,
            "46848" : 55,
            "47360" : 49,
            "47872" : 46,
            "48384" : 34,
            "48896" : 55,
            "49408" : 44,
            "49920" : 38,
            "50432" : 39,
            "50944" : 25,
            "51456" : 22,
            "51968" : 28,
            "52480" : 27,
            "52992" : 19,
            "53504" : 21,
            "54016" : 16,
            "54528" : 24,
            "55040" : 15,
            "55552" : 17,
            "56064" : 20,
            "56576" : 15,
            "57088" : 9,
            "57600" : 11,
            "58112" : 11,
            "58624" : 17,
            "59136" : 15,
            "59648" : 15,
            "60160" : 9,
            "60672" : 10,
            "61184" : 6,
            "61696" : 7,
            "62208" : 6,
            "62720" : 10,
            "63232" : 6,
            "63744" : 7,
            "64256" : 6,
            "64768" : 7,
            "65280" : 7,
            "66048" : 16,
            "67072" : 7,
            "68096" : 7,
            "69120" : 9,
            "70144" : 11,
            "71168" : 12,
            "72192" : 10,
            "73216" : 14,
            "74240" : 6,
            "75264" : 5,
            "76288" : 14,
            "77312" : 10,
            "78336" : 4,
            "79360" : 7,
            "80384" : 3,
            "81408" : 6,
            "82432" : 4,
            "83456" : 5,
            "84480" : 5,
            "85504" : 6,
            "86528" : 4,
            "87552" : 2,
            "88576" : 2,
            "89600" : 7,
            "90624" : 2,
            "91648" : 7,
            "92672" : 4,
            "93696" : 3,
            "94720" : 5,
            "95744" : 2,
            "96768" : 1,
            "97792" : 2,
            "98816" : 2,
            "99840" : 6,
            "100864" : 3,
            "101888" : 2,
            "102912" : 4,
            "103936" : 1,
            "104960" : 2,
            "105984" : 4,
            "107008" : 3,
            "108032" : 2,
            "109056" : 2,
            "111104" : 3,
            "112128" : 2,
            "113152" : 2,
            "114176" : 1,
            "115200" : 1,
            "116224" : 2,
            "117248" : 3,
            "118272" : 2,
            "119296" : 7,
            "120320" : 4,
            "121344" : 4,
            "122368" : 7,
            "123392" : 4,
            "124416" : 2,
            "125440" : 3,
            "126464" : 4,
            "127488" : 4,
            "128512" : 4,
            "129536" : 1,
            "130560" : 3,
            "132096" : 3,
            "134144" : 2,
            "136192" : 6,
            "138240" : 1,
            "140288" : 3,
            "142336" : 3,
            "144384" : 4,
            "146432" : 3,
            "148480" : 2,
            "150528" : 3,
            "152576" : 3,
            "154624" : 2,
            "156672" : 5,
            "158720" : 2,
            "160768" : 2,
            "162816" : 1,
            "164864" : 2,
            "166912" : 2,
            "168960" : 4,
            "173056" : 4,
            "175104" : 1,
            "177152" : 4,
            "179200" : 2,
            "183296" : 2,
            "185344" : 1,
            "187392" : 2,
            "195584" : 1,
            "197632" : 1,
            "199680" : 1,
            "201728" : 1,
            "211968" : 3,
            "214016" : 1,
            "218112" : 2,
            "220160" : 2,
            "228352" : 1,
            "230400" : 1,
            "236544" : 1,
            "238592" : 1,
            "240640" : 1,
            "242688" : 1,
            "252928" : 1,
            "257024" : 1,
            "259072" : 1,
            "264192" : 1,
            "268288" : 1,
            "280576" : 1,
            "284672" : 2,
            "288768" : 1,
            "305152" : 1,
            "309248" : 2,
            "317440" : 1,
            "333824" : 2,
            "391168" : 1,
            "395264" : 1,
            "411648" : 1,
            "415744" : 1,
            "423936" : 1,
            "432128" : 2,
            "440320" : 1,
            "452608" : 1,
            "460800" : 1,
            "464896" : 1,
            "485376" : 1,
            "489472" : 1,
            "505856" : 3,
            "536576" : 3,
            "577536" : 2,
            "585728" : 1,
            "610304" : 1,
            "741376" : 1,
            "765952" : 1,
            "774144" : 1,
            "782336" : 1,
            "823296" : 1,
            "831488" : 1,
            "839680" : 1,
            "864256" : 1,
            "897024" : 1,
            "905216" : 1,
            "921600" : 1,
            "946176" : 1,
            "978944" : 1,
            "987136" : 1,
            "1028096" : 1,
            "1056768" : 1,
            "1105920" : 1,
            "1122304" : 1,
            "1220608" : 1,
            "1269760" : 1,
            "1335296" : 1,
            "1351680" : 1,
            "1581056" : 1,
            "1843200" : 1,
            "1925120" : 2,
            "3129344" : 1,
            "3358720" : 1,
            "3391488" : 1,
            "3522560" : 1,
            "4079616" : 1,
            "4292608" : 1,
            "5603328" : 1,
            "6127616" : 1,
            "7110656" : 1
          }
        },
        "bw_min" : 49304,
        "bw_max" : 87248,
        "bw_agg" : 100.000000,
        "bw_mean" : 66131.862069,
        "bw_dev" : 10260.964615,
        "bw_samples" : 29,
        "iops_min" : 12326,
        "iops_max" : 21812,
        "iops_mean" : 16532.965517,
        "iops_stddev" : 2565.241154,
        "iops_samples" : 29
      },
      "write" : {
        "io_bytes" : 1014566912,
        "io_kbytes" : 990788,
        "bw_bytes" : 67628776,
        "bw" : 66043,
        "iops" : 16510.931876,
        "runtime" : 15002,
        "total_ios" : 247697,
        "short_ios" : 0,
        "drop_ios" : 0,
        "slat_ns" : {
          "min" : 0,
          "max" : 0,
          "mean" : 0.000000,
          "stddev" : 0.000000,
          "N" : 0
        },
        "clat_ns" : {
          "min" : 2845,
          "max" : 9640192,
          "mean" : 20853.633031,
          "stddev" : 86301.434613,
          "N" : 247697,
          "percentile" : {
            "1.000000" : 3920,
            "5.000000" : 4128,
            "10.000000" : 4384,
            "20.000000" : 4704,
            "30.000000" : 6112,
            "40.000000" : 7904,
            "50.000000" : 16512,
            "60.000000" : 22400,
            "70.000000" : 26752,
            "80.000000" : 31360,
            "90.000000" : 39680,
            "95.000000" : 47872,
            "99.000000" : 62720,
            "99.500000" : 75264,
            "99.900000" : 244736,
            "99.950000" : 765952,
            "99.990000" : 5013504
          },
          "bins" : {
            "2832" : 1,
            "2864" : 2,
            "2896" : 7,
            "2928" : 4,
            "2960" : 8,
            "2992" : 11,
            "3024" : 10,
            "3056" : 14,
            "3088" : 12,
            "3120" : 4,
            "3152" : 5,
            "3184" : 13,
            "3216" : 12,
            "3248" : 8,
            "3280" : 6,
            "3312" : 6,
            "3344" : 9,
            "3376" : 8,
            "3408" : 11,
            "3440" : 16,
            "3472" : 15,
            "3504" : 14,
            "3536" : 12,
            "3568" : 20,
            "3600" : 49,
            "3632" : 99,
            "3664" : 154,
            "3696" : 217,
            "3728" : 236,
            "3760" : 249,
            "3792" : 289,
            "3824" : 273,
            "3856" : 254,
            "3888" : 315,
            "3920" : 466,
            "3952" : 690,
            "3984" : 913,
            "4016" : 1371,
            "4048" : 1852,
            "4080" : 2284,
            "4128" : 4619,
            "4192" : 3829,
            "4256" : 2849,
            "4320" : 2466,
            "4384" : 2486,
            "4448" : 2697,
            "4512" : 3508,
            "4576" : 5131,
            "4640" : 6750,
            "4704" : 6488,
            "4768" : 5143,
            "4832" : 3393,
            "4896" : 2038,
            "4960" : 1396,
            "5024" : 1036,
            "5088" : 852,
            "5152" : 767,
            "5216" : 670,
            "5280" : 620,
            "5344" : 515,
            "5408" : 530,
            "5472" : 480,
            "5536" : 520,
            "5600" : 512,
            "5664" : 547,
            "5728" : 566,
            "5792" : 574,
            "5856" : 613,
            "5920" : 625,
            "5984" : 661,
            "6048" : 744,
            "6112" : 764,
            "6176" : 778,
            "6240" : 741,
            "6304" : 773,
            "6368" : 876,
            "6432" : 910,
            "6496" : 1043,
            "6560" : 1051,
            "6624" : 1037,
            "6688" : 1061,
            "6752" : 1167,
            "6816" : 1159,
            "6880" : 1153,
            "6944" : 1022,
            "7008" : 1022,
            "7072" : 973,
            "7136" : 963,
            "7200" : 939,
            "7264" : 945,
            "7328" : 859,
            "7392" : 884,
            "7456" : 763,
            "7520" : 828,
            "7584" : 745,
            "7648" : 736,
            "7712" : 675,
            "7776" : 651,
            "7840" : 664,
            "7904" : 617,
            "7968" : 603,
            "8032" : 658,
            "8096" : 579,
            "8160" : 573,
            "8256" : 968,
            "8384" : 849,
            "8512" : 731,
            "8640" : 657,
            "8768" : 535,
            "8896" : 505,
            "9024" : 434,
            "9152" : 400,
            "9280" : 347,
            "9408" : 304,
            "9536" : 259,
            "9664" : 231,
            "9792" : 242,
            "9920" : 208,
            "10048" : 195,
            "10176" : 221,
            "10304" : 215,
            "10432" : 194,
            "10560" : 168,
            "10688" : 177,
            "10816" : 181,
            "10944" : 233,
            "11072" : 235,
            "11200" : 223,
            "11328" : 231,
            "11456" : 242,
            "11584" : 247,
            "11712" : 263,
            "11840" : 254,
            "11968" : 270,
            "12096" : 288,
            "12224" : 307,
            "12352" : 270,
            "12480" : 276,
            "12608" : 252,
            "12736" : 292,
            "12864" : 292,
            "12992" : 288,
            "13120" : 227,
            "13248" : 254,
            "13376" : 238,
            "13504" : 261,
            "13632" : 275,
            "13760" : 323,
            "13888" : 292,
            "14016" : 301,
            "14144" : 306,
            "14272" : 332,
            "14400" : 358,
            "14528" : 376,
            "14656" : 490,
            "14784" : 484,
            "14912" : 546,
            "15040" : 483,
            "15168" : 541,
            "15296" : 420,
            "15424" : 402,
            "15552" : 382,
            "15680" : 369,
            "15808" : 341,
            "15936" : 334,
            "16064" : 290,
            "16192" : 316,
            "16320" : 279,
            "16512" : 567,
            "16768" : 688,
            "17024" : 938,
            "17280" : 1149,
            "17536" : 1276,
            "17792" : 1103,
            "18048" : 941,
            "18304" : 854,
            "18560" : 771,
            "18816" : 741,
            "19072" : 775,
            "19328" : 803,
            "19584" : 849,
            "19840" : 814,
            "20096" : 989,
            "20352" : 1093,
            "20608" : 1281,
            "20864" : 1437,
            "21120" : 1522,
            "21376" : 1531,
            "21632" : 1560,
            "21888" : 1551,
            "22144" : 1677,
            "22400" : 1610,
            "22656" : 1534,
            "22912" : 1493,
            "23168" : 1541,
            "23424" : 1476,
            "23680" : 1515,
            "23936" : 1334,
            "24192" : 1369,
            "24448" : 1326,
            "24704" : 1278,
            "24960" : 1255,
            "25216" : 1247,
            "25472" : 1360,
            "25728" : 1520,
            "25984" : 1695,
            "26240" : 1637,
            "26496" : 1665,
            "26752" : 1388,
            "27008" : 1428,
            "27264" : 1462,
            "27520" : 1603,
            "27776" : 1636,
            "28032" : 1559,
            "28288" : 1461,
            "28544" : 1287,
            "28800" : 1340,
            "29056" : 1226,
            "29312" : 1208,
            "29568" : 1095,
            "29824" : 1128,
            "30080" : 1272,
            "30336" : 1341,
            "30592" : 1322,
            "30848" : 1189,
            "31104" : 1045,
            "31360" : 1014,
            "31616" : 927,
            "31872" : 936,
            "32128" : 899,
            "32384" : 886,
            "32640" : 868,
            "33024" : 1798,
            "33536" : 1664,
            "34048" : 1657,
            "34560" : 1739,
            "35072" : 1711,
            "35584" : 1664,
            "36096" : 1497,
            "36608" : 1347,
            "37120" : 1343,
            "37632" : 1449,
            "38144" : 1254,
            "38656" : 1118,
            "39168" : 982,
            "39680" : 1033,
            "40192" : 987,
            "40704" : 1048,
            "41216" : 915,
            "41728" : 845,
            "42240" : 884,
            "42752" : 785,
            "43264" : 795,
            "43776" : 828,
            "44288" : 796,
            "44800" : 833,
            "45312" : 755,
            "45824" : 749,
            "46336" : 714,
            "46848" : 662,
            "47360" : 646,
            "47872" : 637,
            "48384" : 669,
            "48896" : 614,
            "49408" : 593,
            "49920" : 590,
            "50432" : 571,
            "50944" : 485,
            "51456" : 442,
            "51968" : 436,
            "52480" : 390,
            "52992" : 432,
            "53504" : 415,
            "54016" : 376,
            "54528" : 343,
            "55040" : 326,
            "55552" : 280,
            "56064" : 254,
            "56576" : 237,
            "57088" : 254,
            "57600" : 258,
            "58112" : 205,
            "58624" : 203,
            "59136" : 160,
            "59648" : 134,
            "60160" : 148,
            "60672" : 118,
            "61184" : 113,
            "61696" : 122,
            "62208" : 138,
            "62720" : 108,
            "63232" : 92,
            "63744" : 92,
            "64256" : 90,
            "64768" : 70,
            "65280" : 76,
            "66048" : 128,
            "67072" : 113,
            "68096" : 90,
            "69120" : 79,
            "70144" : 82,
            "71168" : 71,
            "72192" : 57,
            "73216" : 55,
            "74240" : 44,
            "75264" : 39,
            "76288" : 41,
            "77312" : 32,
            "78336" : 38,
            "79360" : 32,
            "80384" : 25,
            "81408" : 42,
            "82432" : 16,
            "83456" : 21,
            "84480" : 28,
            "85504" : 21,
            "86528" : 20,
            "87552" : 26,
            "88576" : 21,
            "89600" : 17,
            "90624" : 17,
            "91648" : 14,
            "92672" : 19,
            "93696" : 24,
            "94720" : 10,
            "95744" : 10,
            "96768" : 12,
            "97792" : 18,
            "98816" : 11,
            "99840" : 11,
            "100864" : 10,
            "101888" : 12,
            "102912" : 11,
            "103936" : 10,
            "104960" : 12,
            "105984" : 10,
            "107008" : 11,
            "108032" : 7,
            "109056" : 5,
            "110080" : 5,
            "111104" : 6,
            "112128" : 12,
            "113152" : 4,
            "114176" : 10,
            "115200" : 4,
            "116224" : 8,
            "117248" : 10,
            "118272" : 8,
            "119296" : 3,
            "120320" : 8,
            "121344" : 7,
            "122368" : 5,
            "123392" : 2,
            "124416" : 3,
            "125440" : 7,
            "126464" : 2,
            "127488" : 6,
            "128512" : 9,
            "129536" : 4,
            "130560" : 6,
            "132096" : 17,
            "134144" : 11,
            "136192" : 8,
            "138240" : 7,
            "140288" : 5,
            "142336" : 6,
            "144384" : 8,
            "146432" : 5,
            "148480" : 10,
            "150528" : 5,
            "152576" : 8,
            "154624" : 4,
            "156672" : 2,
            "158720" : 4,
            "160768" : 4,
            "162816" : 6,
            "164864" : 5,
            "166912" : 4,
            "168960" : 3,
            "171008" : 2,
            "173056" : 3,
            "175104" : 5,
            "177152" : 1,
            "179200" : 4,
            "181248" : 2,
            "183296" : 1,
            "185344" : 5,
            "187392" : 1,
            "189440" : 1,
            "191488" : 5,
            "193536" : 2,
            "195584" : 2,
            "197632" : 3,
            "199680" : 6,
            "201728" : 2,
            "203776" : 2,
            "207872" : 3,
            "211968" : 5,
            "214016" : 2,
            "216064" : 4,
            "218112" : 2,
            "220160" : 2,
            "222208" : 5,
            "224256" : 2,
            "228352" : 4,
            "230400" : 2,
            "232448" : 3,
            "234496" : 1,
            "236544" : 3,
            "238592" : 3,
            "240640" : 3,
            "242688" : 1,
            "244736" : 1,
            "246784" : 4,
            "250880" : 1,
            "252928" : 1,
            "254976" : 1,
            "259072" : 2,
            "264192" : 6,
            "268288" : 3,
            "272384" : 2,
            "276480" : 4,
            "280576" : 5,
            "284672" : 1,
            "288768" : 1,
            "292864" : 4,
            "296960" : 1,
            "305152" : 1,
            "309248" : 1,
            "313344" : 2,
            "317440" : 1,
            "321536" : 3,
            "325632" : 4,
            "329728" : 4,
            "333824" : 1,
            "337920" : 2,
            "342016" : 1,
            "346112" : 1,
            "350208" : 1,
            "354304" : 1,
            "358400" : 1,
            "370688" : 3,
            "374784" : 1,
            "378880" : 1,
            "382976" : 1,
            "391168" : 1,
            "395264" : 2,
            "403456" : 1,
            "407552" : 3,
            "411648" : 2,
            "415744" : 1,
            "423936" : 2,
            "432128" : 1,
            "440320" : 1,
            "452608" : 1,
            "456704" : 1,
            "460800" : 2,
            "464896" : 1,
            "473088" : 2,
            "485376" : 2,
            "497664" : 2,
            "501760" : 1,
            "505856" : 1,
            "509952" : 1,
            "528384" : 2,
            "536576" : 2,
            "552960" : 2,
            "577536" : 1,
            "585728" : 1,
            "602112" : 2,
            "610304" : 1,
            "626688" : 2,
            "634880" : 1,
            "659456" : 2,
            "667648" : 2,
            "684032" : 2,
            "692224" : 2,
            "708608" : 1,
            "733184" : 3,
            "741376" : 1,
            "749568" : 1,
            "757760" : 1,
            "765952" : 1,
            "782336" : 1,
            "790528" : 2,
            "806912" : 1,
            "815104" : 3,
            "823296" : 1,
            "847872" : 2,
            "856064" : 1,
            "864256" : 1,
            "880640" : 1,
            "913408" : 2,
            "929792" : 2,
            "937984" : 1,
            "946176" : 1,
            "954368" : 2,
            "962560" : 3,
            "978944" : 1,
            "995328" : 3,
            "1003520" : 1,
            "1028096" : 1,
            "1089536" : 1,
            "1155072" : 1,
            "1171456" : 1,
            "1187840" : 2,
            "1204224" : 1,
            "1220608" : 2,
            "1236992" : 4,
            "1253376" : 1,
            "1286144" : 1,
            "1335296" : 1,
            "1368064" : 2,
            "1466368" : 1,
            "1482752" : 1,
            "1515520" : 1,
            "1531904" : 1,
            "1581056" : 1,
            "1597440" : 2,
            "1613824" : 1,
            "1662976" : 1,
            "1679360" : 1,
            "1744896" : 1,
            "1810432" : 1,
            "1826816" : 1,
            "1925120" : 2,
            "1941504" : 1,
            "2007040" : 2,
            "2039808" : 1,
            "2113536" : 1,
            "2244608" : 1,
            "2277376" : 1,
            "2375680" : 1,
            "2441216" : 1,
            "2506752" : 1,
            "2605056" : 1,
            "2736128" : 1,
            "2801664" : 1,
            "2867200" : 2,
            "2899968" : 1,
            "3063808" : 2,
            "3227648" : 1,
            "3325952" : 1,
            "3358720" : 2,
            "3653632" : 1,
            "3686400" : 1,
            "3719168" : 2,
            "3751936" : 1,
            "3850240" : 1,
            "4014080" : 1,
            "4227072" : 1,
            "4358144" : 2,
            "4423680" : 1,
            "4620288" : 1,
            "4685824" : 2,
            "5013504" : 1,
            "5144576" : 1,
            "5406720" : 1,
            "5472256" : 1,
            "6062080" : 1,
            "6127616" : 1,
            "6324224" : 2,
            "6520832" : 1,
            "6586368" : 1,
            "6651904" : 4,
            "6717440" : 1,
            "7045120" : 1,
            "7307264" : 1,
            "7372800" : 1,
            "7700480" : 1,
            "7897088" : 1,
            "8224768" : 1,
            "9109504" : 1,
            "9633792" : 3
          }
        },
        "lat_ns" : {
          "min" : 2924,
          "max" : 9640324,
          "mean" : 21104.723650,
          "stddev" : 86309.861187,
          "N" : 247697,
          "percentile" : {
            "1.000000" : 4128,
            "5.000000" : 4384,
            "10.000000" : 4576,
            "20.000000" : 4896,
            "30.000000" : 6432,
            "40.000000" : 8160,
            "50.000000" : 17024,
            "60.000000" : 22656,
            "70.000000" : 26752,
            "80.000000" : 31616,
            "90.000000" : 40192,
            "95.000000" : 47872,
            "99.000000" : 62720,
            "99.500000" : 75264,
            "99.900000" : 246784,
            "99.950000" : 765952,
            "99.990000" : 5013504
          },
          "bins" : {
            "2928" : 2,
            "2960" : 8,
            "2992" : 2,
            "3024" : 9,
            "3056" : 6,
            "3088" : 12,
            "3120" : 11,
            "3152" : 9,
            "3184" : 9,
            "3216" : 6,
            "3248" : 7,
            "3280" : 7,
            "3312" : 9,
            "3344" : 11,
            "3376" : 5,
            "3408" : 5,
            "3440" : 5,
            "3472" : 6,
            "3504" : 10,
            "3536" : 8,
            "3568" : 13,
            "3600" : 17,
            "3632" : 14,
            "3664" : 14,
            "3696" : 14,
            "3728" : 24,
            "3760" : 29,
            "3792" : 62,
            "3824" : 110,
            "3856" : 165,
            "3888" : 217,
            "3920" : 250,
            "3952" : 253,
            "3984" : 257,
            "4016" : 218,
            "4048" : 199,
            "4080" : 227,
            "4128" : 688,
            "4192" : 1475,
            "4256" : 2926,
            "4320" : 4781,
            "4384" : 5289,
            "4448" : 4228,
            "4512" : 3148,
            "4576" : 3029,
            "4640" : 4418,
            "4704" : 5458,
            "4768" : 5806,
            "4832" : 5737,
            "4896" : 5030,
            "4960" : 3766,
            "5024" : 2329,
            "5088" : 1482,
            "5152" : 1152,
            "5216" : 888,
            "5280" : 811,
            "5344" : 655,
            "5408" : 629,
            "5472" : 540,
            "5536" : 508,
            "5600" : 445,
            "5664" : 430,
            "5728" : 412,
            "5792" : 454,
            "5856" : 448,
            "5920" : 488,
            "5984" : 579,
            "6048" : 597,
            "6112" : 578,
            "6176" : 582,
            "6240" : 545,
            "6304" : 623,
            "6368" : 650,
            "6432" : 784,
            "6496" : 918,
            "6560" : 942,
            "6624" : 948,
            "6688" : 1044,
            "6752" : 1008,
            "6816" : 942,
            "6880" : 1017,
            "6944" : 1060,
            "7008" : 1131,
            "7072" : 1085,
            "7136" : 1072,
            "7200" : 1023,
            "7264" : 1015,
            "7328" : 950,
            "7392" : 934,
            "7456" : 866,
            "7520" : 880,
            "7584" : 904,
            "7648" : 847,
            "7712" : 810,
            "7776" : 825,
            "7840" : 749,
            "7904" : 790,
            "7968" : 716,
            "8032" : 676,
            "8096" : 648,
            "8160" : 664,
            "8256" : 1159,
            "8384" : 1120,
            "8512" : 941,
            "8640" : 838,
            "8768" : 716,
            "8896" : 641,
            "9024" : 555,
            "9152" : 506,
            "9280" : 434,
            "9408" : 430,
            "9536" : 363,
            "9664" : 293,
            "9792" : 242,
            "9920" : 224,
            "10048" : 252,
            "10176" : 208,
            "10304" : 214,
            "10432" : 202,
            "10560" : 203,
            "10688" : 187,
            "10816" : 190,
            "10944" : 177,
            "11072" : 205,
            "11200" : 258,
            "11328" : 228,
            "11456" : 200,
            "11584" : 236,
            "11712" : 256,
            "11840" : 252,
            "11968" : 297,
            "12096" : 257,
            "12224" : 294,
            "12352" : 296,
            "12480" : 293,
            "12608" : 285,
            "12736" : 246,
            "12864" : 263,
            "12992" : 283,
            "13120" : 294,
            "13248" : 258,
            "13376" : 257,
            "13504" : 261,
            "13632" : 247,
            "13760" : 247,
            "13888" : 301,
            "14016" : 301,
            "14144" : 311,
            "14272" : 323,
            "14400" : 308,
            "14528" : 354,
            "14656" : 430,
            "14784" : 453,
            "14912" : 487,
            "15040" : 555,
            "15168" : 550,
            "15296" : 517,
            "15424" : 471,
            "15552" : 395,
            "15680" : 402,
            "15808" : 352,
            "15936" : 349,
            "16064" : 321,
            "16192" : 308,
            "16320" : 273,
            "16512" : 549,
            "16768" : 616,
            "17024" : 781,
            "17280" : 1011,
            "17536" : 1211,
            "17792" : 1226,
            "18048" : 1028,
            "18304" : 846,
            "18560" : 799,
            "18816" : 764,
            "19072" : 721,
            "19328" : 783,
            "19584" : 784,
            "19840" : 829,
            "20096" : 824,
            "20352" : 1077,
            "20608" : 1115,
            "20864" : 1301,
            "21120" : 1503,
            "21376" : 1537,
            "21632" : 1564,
            "21888" : 1626,
            "22144" : 1603,
            "22400" : 1621,
            "22656" : 1615,
            "22912" : 1523,
            "23168" : 1528,
            "23424" : 1513,
            "23680" : 1541,
            "23936" : 1480,
            "24192" : 1334,
            "24448" : 1347,
            "24704" : 1351,
            "24960" : 1299,
            "25216" : 1232,
            "25472" : 1343,
            "25728" : 1453,
            "25984" : 1614,
            "26240" : 1638,
            "26496" : 1697,
            "26752" : 1518,
            "27008" : 1420,
            "27264" : 1459,
            "27520" : 1533,
            "27776" : 1633,
            "28032" : 1635,
            "28288" : 1497,
            "28544" : 1318,
            "28800" : 1326,
            "29056" : 1252,
            "29312" : 1238,
            "29568" : 1128,
            "29824" : 1147,
            "30080" : 1158,
            "30336" : 1424,
            "30592" : 1324,
            "30848" : 1230,
            "31104" : 1071,
            "31360" : 1016,
            "31616" : 1011,
            "31872" : 946,
            "32128" : 905,
            "32384" : 892,
            "32640" : 874,
            "33024" : 1777,
            "33536" : 1715,
            "34048" : 1616,
            "34560" : 1682,
            "35072" : 1759,
            "35584" : 1666,
            "36096" : 1609,
            "36608" : 1359,
            "37120" : 1365,
            "37632" : 1490,
            "38144" : 1353,
            "38656" : 1166,
            "39168" : 1034,
            "39680" : 1039,
            "40192" : 1022,
            "40704" : 1052,
            "41216" : 982,
            "41728" : 905,
            "42240" : 855,
            "42752" : 806,
            "43264" : 855,
            "43776" : 806,
            "44288" : 800,
            "44800" : 845,
            "45312" : 765,
            "45824" : 747,
            "46336" : 756,
            "46848" : 660,
            "47360" : 674,
            "47872" : 627,
            "48384" : 668,
            "48896" : 617,
            "49408" : 626,
            "49920" : 553,
            "50432" : 642,
            "50944" : 501,
            "51456" : 435,
            "51968" : 428,
            "52480" : 420,
            "52992" : 404,
            "53504" : 416,
            "54016" : 421,
            "54528" : 333,
            "55040" : 328,
            "55552" : 313,
            "56064" : 261,
            "56576" : 242,
            "57088" : 244,
            "57600" : 258,
            "58112" : 231,
            "58624" : 227,
            "59136" : 160,
            "59648" : 160,
            "60160" : 126,
            "60672" : 121,
            "61184" : 129,
            "61696" : 103,
            "62208" : 148,
            "62720" : 114,
            "63232" : 92,
            "63744" : 95,
            "64256" : 93,
            "64768" : 91,
            "65280" : 58,
            "66048" : 131,
            "67072" : 121,
            "68096" : 105,
            "69120" : 81,
            "70144" : 81,
            "71168" : 70,
            "72192" : 66,
            "73216" : 61,
            "74240" : 43,
            "75264" : 34,
            "76288" : 45,
            "77312" : 29,
            "78336" : 39,
            "79360" : 37,
            "80384" : 25,
            "81408" : 40,
            "82432" : 21,
            "83456" : 25,
            "84480" : 25,
            "85504" : 21,
            "86528" : 23,
            "87552" : 24,
            "88576" : 22,
            "89600" : 16,
            "90624" : 20,
            "91648" : 12,
            "92672" : 19,
            "93696" : 26,
            "94720" : 8,
            "95744" : 8,
            "96768" : 15,
            "97792" : 15,
            "98816" : 14,
            "99840" : 14,
            "100864" : 10,
            "101888" : 10,
            "102912" : 9,
            "103936" : 12,
            "104960" : 12,
            "105984" : 11,
            "107008" : 11,
            "108032" : 7,
            "109056" : 5,
            "110080" : 6,
            "111104" : 6,
            "112128" : 9,
            "113152" : 7,
            "114176" : 8,
            "115200" : 7,
            "116224" : 6,
            "117248" : 11,
            "118272" : 6,
            "119296" : 6,
            "120320" : 7,
            "121344" : 6,
            "122368" : 7,
            "123392" : 1,
            "124416" : 2,
            "125440" : 7,
            "126464" : 4,
            "127488" : 7,
            "128512" : 4,
            "129536" : 9,
            "130560" : 4,
            "132096" : 19,
            "134144" : 9,
            "136192" : 10,
            "138240" : 6,
            "140288" : 5,
            "142336" : 7,
            "144384" : 8,
            "146432" : 3,
            "148480" : 12,
            "150528" : 4,
            "152576" : 9,
            "154624" : 4,
            "156672" : 2,
            "158720" : 4,
            "160768" : 4,
            "162816" : 5,
            "164864" : 5,
            "166912" : 5,
            "168960" : 2,
            "171008" : 3,
            "173056" : 2,
            "175104" : 5,
            "177152" : 2,
            "179200" : 4,
            "181248" : 3,
            "183296" : 1,
            "185344" : 3,
            "187392" : 3,
            "189440" : 1,
            "191488" : 5,
            "193536" : 2,
            "195584" : 2,
            "197632" : 2,
            "199680" : 7,
            "201728" : 3,
            "203776" : 2,
            "207872" : 3,
            "211968" : 4,
            "214016" : 3,
            "216064" : 4,
            "218112" : 1,
            "220160" : 3,
            "222208" : 4,
            "224256" : 3,
            "228352" : 3,
            "230400" : 3,
            "232448" : 3,
            "234496" : 1,
            "236544" : 2,
            "238592" : 4,
            "240640" : 3,
            "242688" : 1,
            "246784" : 5,
            "250880" : 1,
            "252928" : 1,
            "254976" : 1,
            "259072" : 2,
            "264192" : 5,
            "268288" : 4,
            "272384" : 2,
            "276480" : 4,
            "280576" : 5,
            "284672" : 1,
            "288768" : 1,
            "292864" : 4,
            "296960" : 1,
            "305152" : 1,
            "309248" : 1,
            "313344" : 2,
            "317440" : 1,
            "321536" : 3,
            "325632" : 4,
            "329728" : 4,
            "333824" : 1,
            "337920" : 1,
            "342016" : 2,
            "346112" : 1,
            "350208" : 1,
            "354304" : 1,
            "358400" : 1,
            "370688" : 2,
            "374784" : 2,
            "378880" : 1,
            "382976" : 1,
            "395264" : 3,
            "403456" : 1,
            "407552" : 3,
            "411648" : 2,
            "415744" : 1,
            "423936" : 2,
            "432128" : 1,
            "440320" : 1,
            "452608" : 1,
            "456704" : 1,
            "460800" : 2,
            "464896" : 1,
            "473088" : 2,
            "485376" : 2,
            "497664" : 2,
            "501760" : 1,
            "505856" : 1,
            "509952" : 1,
            "528384" : 2,
            "536576" : 2,
            "552960" : 1,
            "577536" : 1,
            "585728" : 1,
            "602112" : 2,
            "610304" : 1,
            "626688" : 2,
            "634880" : 1,
            "643072" : 1,
            "659456" : 2,
            "667648" : 2,
            "684032" : 2,
            "692224" : 2,
            "708608" : 1,
            "733184" : 3,
            "741376" : 1,
            "749568" : 1,
            "765952" : 2,
            "782336" : 1,
            "790528" : 2,
            "806912" : 1,
            "815104" : 3,
            "823296" : 1,
            "847872" : 2,
            "856064" : 1,
            "864256" : 1,
            "880640" : 1,
            "913408" : 2,
            "929792" : 2,
            "937984" : 1,
            "946176" : 1,
            "954368" : 2,
            "962560" : 2,
            "970752" : 1,
            "978944" : 1,
            "995328" : 3,
            "1003520" : 1,
            "1028096" : 1,
            "1089536" : 1,
            "1155072" : 1,
            "1171456" : 1,
            "1187840" : 2,
            "1204224" : 1,
            "1220608" : 2,
            "1236992" : 4,
            "1253376" : 1,
            "1286144" : 1,
            "1335296" : 1,
            "1368064" : 2,
            "1466368" : 1,
            "1482752" : 1,
            "1515520" : 1,
            "1531904" : 1,
            "1581056" : 1,
            "1597440" : 2,
            "1613824" : 1,
            "1662976" : 1,
            "1679360" : 1,
            "1744896" : 1,
            "1810432" : 1,
            "1826816" : 1,
            "1925120" : 2,
            "1941504" : 1,
            "2007040" : 2,
            "2039808" : 1,
            "2113536" : 1,
            "2244608" : 1,
            "2277376" : 1,
            "2375680" : 1,
            "2441216" : 1,
            "2506752" : 1,
            "2605056" : 1,
            "2736128" : 1,
            "2801664" : 1,
            "2867200" : 2,
            "2899968" : 1,
            "3063808" : 2,
            "3227648" : 1,
            "3325952" : 1,
            "3358720" : 2,
            "3653632" : 1,
            "3686400" : 1,
            "3719168" : 2,
            "3751936" : 1,
            "3850240" : 1,
            "4014080" : 1,
            "4227072" : 1,
            "4358144" : 2,
            "4423680" : 1,
            "4620288" : 1,
            "4685824" : 2,
            "5013504" : 1,
            "5144576" : 1,
            "5406720" : 1,
            "5472256" : 1,
            "6062080" : 1,
            "6127616" : 1,
            "6324224" : 1,
            "6389760" : 1,
            "6520832" : 1,
            "6586368" : 1,
            "6651904" : 4,
            "6717440" : 1,
            "7045120" : 1,
            "7307264" : 1,
            "7372800" : 1,
            "7700480" : 1,
            "7897088" : 1,
            "8224768" : 1,
            "9109504" : 1,
            "9633792" : 3
          }
        },
        "bw_min" : 50408,
        "bw_max" : 87528,
        "bw_agg" : 100.000000,
        "bw_mean" : 66165.241379,
        "bw_dev" : 10162.522359,
        "bw_samples" : 29,
        "iops_min" : 12602,
        "iops_max" : 21882,
        "iops_mean" : 16541.310345,
        "iops_stddev" : 2540.630590,
        "iops_samples" : 29
      },
      "trim" : {
        "io_bytes" : 0,
        "io_kbytes" : 0,
        "bw_bytes" : 0,
        "bw" : 0,
        "iops" : 0.000000,
        "runtime" : 0,
        "total_ios" : 0,
        "short_ios" : 0,
        "drop_ios" : 0,
        "slat_ns" : {
          "min" : 0,
          "max" : 0,
          "mean" : 0.000000,
          "stddev" : 0.000000,
          "N" : 0
        },
        "clat_ns" : {
          "min" : 0,
          "max" : 0,
          "mean" : 0.000000,
          "stddev" : 0.000000,
          "N" : 0
        },
        "lat_ns" : {
          "min" : 0,
          "max" : 0,
          "mean" : 0.000000,
          "stddev" : 0.000000,
          "N" : 0
        },
        "bw_min" : 0,
        "bw_max" : 0,
        "bw_agg" : 0.000000,
        "bw_mean" : 0.000000,
        "bw_dev" : 0.000000,
        "bw_samples" : 0,
        "iops_min" : 0,
        "iops_max" : 0,
        "iops_mean" : 0.000000,
        "iops_stddev" : 0.000000,
        "iops_samples" : 0
      },
      "sync" : {
        "total_ios" : 0,
        "lat_ns" : {
          "min" : 0,
          "max" : 0,
          "mean" : 0.000000,
          "stddev" : 0.000000,
          "N" : 0
        }
      },
      "job_runtime" : 15001,
      "usr_cpu" : 8.319445,
      "sys_cpu" : 36.130925,
      "ctx" : 656977,
      "majf" : 0,
      "minf" : 19,
      "iodepth_level" : {
        "1" : 100.000000,
        "2" : 0.000000,
        "4" : 0.000000,
        "8" : 0.000000,
        "16" : 0.000000,
        "32" : 0.000000,
        ">=64" : 0.000000
      },
      "iodepth_submit" : {
        "0" : 0.000000,
        "4" : 100.000000,
        "8" : 0.000000,
        "16" : 0.000000,
        "32" : 0.000000,
        "64" : 0.000000,
        ">=64" : 0.000000
      },
      "iodepth_complete" : {
        "0" : 0.000000,
        "4" : 100.000000,
        "8" : 0.000000,
        "16" : 0.000000,
        "32" : 0.000000,
        "64" : 0.000000,
        ">=64" : 0.000000
      },
      "latency_ns" : {
        "2" : 0.000000,
        "4" : 0.000000,
        "10" : 0.000000,
        "20" : 0.000000,
        "50" : 0.000000,
        "100" : 0.000000,
        "250" : 0.000000,
        "500" : 0.000000,
        "750" : 5.881296,
        "1000" : 2.043034
      },
      "latency_us" : {
        "2" : 18.454557,
        "4" : 5.764764,
        "10" : 22.092878,
        "20" : 13.071498,
        "50" : 30.584111,
        "100" : 1.920848,
        "250" : 0.123196,
        "500" : 0.023225,
        "750" : 0.010000,
        "1000" : 0.010000
      },
      "latency_ms" : {
        "2" : 0.010000,
        "4" : 0.010000,
        "10" : 0.010000,
        "20" : 0.000000,
        "50" : 0.000000,
        "100" : 0.000000,
        "250" : 0.000000,
        "500" : 0.000000,
        "750" : 0.000000,
        "1000" : 0.000000,
        "2000" : 0.000000,
        ">=2000" : 0.000000
      },
      "latency_depth" : 1,
      "latency_target" : 0,
      "latency_percentile" : 100.000000,
      "latency_window" : 0
    }
  ]
}
