{
  "fio version" : "fio-3.32-36-g5932",
  "timestamp" : 1664225645,
  "timestamp_ms" : 1664225645638,
  "time" : "Mon Sep 26 22:54:05 2022",
  "global options" : {
    "size" : "2M",
    "rw" : "randrw",
    "bs" : "4K",
    "numjobs" : "1",
    "iodepth" : "1",
    "runtime" : "15",
    "end_fsync" : "1",
    "lat_percentiles" : "1",
    "slat_percentiles" : "1",
    "clat_percentiles" : "1"
  },
  "jobs" : [
    {
      "jobname" : "random-rw",
      "groupid" : 0,
      "error" : 0,
      "eta" : 0,
      "elapsed" : 16,
      "job options" : {
        "name" : "random-rw"
      },
      "read" : {
        "io_bytes" : 1865592832,
        "io_kbytes" : 1821868,
        "bw_bytes" : 124190709,
        "bw" : 121279,
        "iops" : 30319.997337,
        "runtime" : 15022,
        "total_ios" : 455467,
        "short_ios" : 0,
        "drop_ios" : 0,
        "slat_ns" : {
          "min" : 0,
          "max" : 0,
          "mean" : 0.000000,
          "stddev" : 0.000000,
          "N" : 0
        },
        "clat_ns" : {
          "min" : 611,
          "max" : 9467783,
          "mean" : 18872.309673,
          "stddev" : 50969.939577,
          "N" : 455467,
          "percentile" : {
            "1.000000" : 740,
            "5.000000" : 892,
            "10.000000" : 1032,
            "20.000000" : 1608,
            "30.000000" : 15552,
            "40.000000" : 16768,
            "50.000000" : 17536,
            "60.000000" : 19328,
            "70.000000" : 22400,
            "80.000000" : 26496,
            "90.000000" : 30592,
            "95.000000" : 34560,
            "99.000000" : 58624,
            "99.500000" : 85504,
            "99.900000" : 309248,
            "99.950000" : 536576,
            "99.990000" : 2179072
          },
          "bins" : {
            "612" : 1,
            "620" : 6,
            "628" : 19,
            "636" : 41,
            "644" : 86,
            "652" : 116,
            "660" : 201,
            "668" : 251,
            "676" : 239,
            "684" : 267,
            "692" : 340,
            "700" : 360,
            "708" : 413,
            "716" : 463,
            "724" : 539,
            "732" : 612,
            "740" : 642,
            "748" : 658,
            "756" : 635,
            "764" : 760,
            "772" : 735,
            "780" : 819,
            "788" : 809,
            "796" : 909,
            "804" : 942,
            "812" : 894,
            "820" : 986,
            "828" : 980,
            "836" : 1012,
            "844" : 1079,
            "852" : 1128,
            "860" : 1165,
            "868" : 1116,
            "876" : 1122,
            "884" : 1222,
            "892" : 1294,
            "900" : 1348,
            "908" : 1267,
            "916" : 1291,
            "924" : 1272,
            "932" : 1335,
            "940" : 1385,
            "948" : 1388,
            "956" : 1283,
            "964" : 1356,
            "972" : 1334,
            "980" : 1364,
            "988" : 1422,
            "996" : 1324,
            "1004" : 1340,
            "1012" : 1245,
            "1020" : 1273,
            "1032" : 2343,
            "1048" : 2345,
            "1064" : 2248,
            "1080" : 2120,
            "1096" : 2105,
            "1112" : 1913,
            "1128" : 1896,
            "1144" : 1874,
            "1160" : 1708,
            "1176" : 1691,
            "1192" : 1591,
            "1208" : 1550,
            "1224" : 1429,
            "1240" : 1441,
            "1256" : 1337,
            "1272" : 1254,
            "1288" : 1148,
            "1304" : 1217,
            "1320" : 1119,
            "1336" : 1106,
            "1352" : 1031,
            "1368" : 967,
            "1384" : 966,
            "1400" : 939,
            "1416" : 977,
            "1432" : 910,
            "1448" : 856,
            "1464" : 892,
            "1480" : 776,
            "1496" : 772,
            "1512" : 737,
            "1528" : 731,
            "1544" : 681,
            "1560" : 715,
            "1576" : 719,
            "1592" : 659,
            "1608" : 661,
            "1624" : 585,
            "1640" : 639,
            "1656" : 614,
            "1672" : 607,
            "1688" : 587,
            "1704" : 551,
            "1720" : 524,
            "1736" : 500,
            "1752" : 457,
            "1768" : 445,
            "1784" : 431,
            "1800" : 390,
            "1816" : 378,
            "1832" : 375,
            "1848" : 356,
            "1864" : 311,
            "1880" : 303,
            "1896" : 258,
            "1912" : 288,
            "1928" : 231,
            "1944" : 272,
            "1960" : 226,
            "1976" : 214,
            "1992" : 189,
            "2008" : 201,
            "2024" : 177,
            "2040" : 192,
            "2064" : 331,
            "2096" : 288,
            "2128" : 243,
            "2160" : 214,
            "2192" : 199,
            "2224" : 173,
            "2256" : 149,
            "2288" : 130,
            "2320" : 124,
            "2352" : 106,
            "2384" : 85,
            "2416" : 76,
            "2448" : 72,
            "2480" : 85,
            "2512" : 74,
            "2544" : 51,
            "2576" : 55,
            "2608" : 58,
            "2640" : 51,
            "2672" : 36,
            "2704" : 44,
            "2736" : 32,
            "2768" : 36,
            "2800" : 37,
            "2832" : 26,
            "2864" : 28,
            "2896" : 40,
            "2928" : 22,
            "2960" : 23,
            "2992" : 30,
            "3024" : 25,
            "3056" : 17,
            "3088" : 22,
            "3120" : 17,
            "3152" : 16,
            "3184" : 17,
            "3216" : 16,
            "3248" : 11,
            "3280" : 13,
            "3312" : 15,
            "3344" : 12,
            "3376" : 10,
            "3408" : 18,
            "3440" : 10,
            "3472" : 14,
            "3504" : 15,
            "3536" : 5,
            "3568" : 9,
            "3600" : 9,
            "3632" : 12,
            "3664" : 9,
            "3696" : 11,
            "3728" : 5,
            "3760" : 10,
            "3792" : 8,
            "3824" : 7,
            "3856" : 7,
            "3888" : 7,
            "3920" : 8,
            "3952" : 6,
            "3984" : 10,
            "4016" : 6,
            "4048" : 8,
            "4080" : 6,
            "4128" : 12,
            "4192" : 11,
            "4256" : 13,
            "4320" : 10,
            "4384" : 11,
            "4448" : 19,
            "4512" : 10,
            "4576" : 11,
            "4640" : 11,
            "4704" : 6,
            "4768" : 14,
            "4832" : 4,
            "4896" : 8,
            "4960" : 10,
            "5024" : 6,
            "5088" : 2,
            "5152" : 5,
            "5216" : 7,
            "5280" : 4,
            "5344" : 5,
            "5408" : 9,
            "5472" : 4,
            "5536" : 4,
            "5600" : 7,
            "5664" : 6,
            "5728" : 5,
            "5792" : 8,
            "5856" : 3,
            "5920" : 4,
            "5984" : 10,
            "6048" : 5,
            "6112" : 7,
            "6176" : 3,
            "6240" : 2,
            "6304" : 3,
            "6368" : 2,
            "6432" : 2,
            "6496" : 2,
            "6560" : 5,
            "6624" : 5,
            "6688" : 1,
            "6752" : 3,
            "6816" : 1,
            "6880" : 3,
            "6944" : 1,
            "7008" : 2,
            "7072" : 3,
            "7136" : 3,
            "7200" : 1,
            "7328" : 4,
            "7392" : 2,
            "7456" : 2,
            "7520" : 2,
            "7584" : 3,
            "7648" : 3,
            "7712" : 2,
            "7776" : 2,
            "7904" : 2,
            "7968" : 2,
            "8096" : 2,
            "8160" : 1,
            "8256" : 3,
            "8384" : 2,
            "8512" : 4,
            "8640" : 4,
            "8768" : 3,
            "8896" : 1,
            "9024" : 4,
            "9152" : 3,
            "9280" : 4,
            "9408" : 2,
            "9664" : 1,
            "9792" : 4,
            "9920" : 3,
            "10048" : 2,
            "10176" : 5,
            "10432" : 7,
            "10560" : 16,
            "10688" : 63,
            "10816" : 113,
            "10944" : 156,
            "11072" : 263,
            "11200" : 375,
            "11328" : 514,
            "11456" : 773,
            "11584" : 999,
            "11712" : 1121,
            "11840" : 1177,
            "11968" : 1219,
            "12096" : 1146,
            "12224" : 1121,
            "12352" : 1058,
            "12480" : 932,
            "12608" : 880,
            "12736" : 775,
            "12864" : 703,
            "12992" : 561,
            "13120" : 512,
            "13248" : 437,
            "13376" : 400,
            "13504" : 316,
            "13632" : 305,
            "13760" : 277,
            "13888" : 266,
            "14016" : 244,
            "14144" : 276,
            "14272" : 326,
            "14400" : 393,
            "14528" : 497,
            "14656" : 603,
            "14784" : 783,
            "14912" : 979,
            "15040" : 1241,
            "15168" : 1720,
            "15296" : 2279,
            "15424" : 2714,
            "15552" : 3362,
            "15680" : 3802,
            "15808" : 3798,
            "15936" : 4227,
            "16064" : 4670,
            "16192" : 5184,
            "16320" : 5647,
            "16512" : 13321,
            "16768" : 13994,
            "17024" : 13519,
            "17280" : 12743,
            "17536" : 11692,
            "17792" : 9787,
            "18048" : 8368,
            "18304" : 6773,
            "18560" : 6030,
            "18816" : 5427,
            "19072" : 5021,
            "19328" : 4654,
            "19584" : 4470,
            "19840" : 4240,
            "20096" : 4025,
            "20352" : 4025,
            "20608" : 3837,
            "20864" : 3591,
            "21120" : 3417,
            "21376" : 3407,
            "21632" : 3358,
            "21888" : 3231,
            "22144" : 3312,
            "22400" : 3235,
            "22656" : 3216,
            "22912" : 2919,
            "23168" : 2940,
            "23424" : 2992,
            "23680" : 2835,
            "23936" : 2704,
            "24192" : 2687,
            "24448" : 2645,
            "24704" : 2669,
            "24960" : 2672,
            "25216" : 2783,
            "25472" : 3075,
            "25728" : 3226,
            "25984" : 3427,
            "26240" : 3372,
            "26496" : 3224,
            "26752" : 3142,
            "27008" : 2978,
            "27264" : 2821,
            "27520" : 2823,
            "27776" : 2848,
            "28032" : 2989,
            "28288" : 3250,
            "28544" : 3181,
            "28800" : 2990,
            "29056" : 2796,
            "29312" : 2651,
            "29568" : 2440,
            "29824" : 2352,
            "30080" : 2260,
            "30336" : 2072,
            "30592" : 2039,
            "30848" : 1827,
            "31104" : 1792,
            "31360" : 1776,
            "31616" : 1675,
            "31872" : 1608,
            "32128" : 1544,
            "32384" : 1512,
            "32640" : 1403,
            "33024" : 2529,
            "33536" : 2330,
            "34048" : 2166,
            "34560" : 1846,
            "35072" : 1588,
            "35584" : 1583,
            "36096" : 1384,
            "36608" : 1189,
            "37120" : 1038,
            "37632" : 888,
            "38144" : 815,
            "38656" : 763,
            "39168" : 653,
            "39680" : 617,
            "40192" : 523,
            "40704" : 503,
            "41216" : 438,
            "41728" : 386,
            "42240" : 371,
            "42752" : 301,
            "43264" : 277,
            "43776" : 281,
            "44288" : 243,
            "44800" : 223,
            "45312" : 217,
            "45824" : 201,
            "46336" : 214,
            "46848" : 228,
            "47360" : 171,
            "47872" : 189,
            "48384" : 149,
            "48896" : 158,
            "49408" : 140,
            "49920" : 149,
            "50432" : 138,
            "50944" : 128,
            "51456" : 132,
            "51968" : 125,
            "52480" : 124,
            "52992" : 138,
            "53504" : 130,
            "54016" : 99,
            "54528" : 127,
            "55040" : 106,
            "55552" : 95,
            "56064" : 89,
            "56576" : 98,
            "57088" : 84,
            "57600" : 97,
            "58112" : 98,
            "58624" : 72,
            "59136" : 87,
            "59648" : 88,
            "60160" : 62,
            "60672" : 88,
            "61184" : 68,
            "61696" : 67,
            "62208" : 69,
            "62720" : 78,
            "63232" : 58,
            "63744" : 62,
            "64256" : 51,
            "64768" : 55,
            "65280" : 55,
            "66048" : 115,
            "67072" : 101,
            "68096" : 108,
            "69120" : 93,
            "70144" : 76,
            "71168" : 78,
            "72192" : 73,
            "73216" : 58,
            "74240" : 65,
            "75264" : 50,
            "76288" : 60,
            "77312" : 49,
            "78336" : 53,
            "79360" : 68,
            "80384" : 53,
            "81408" : 52,
            "82432" : 52,
            "83456" : 50,
            "84480" : 47,
            "85504" : 40,
            "86528" : 40,
            "87552" : 38,
            "88576" : 42,
            "89600" : 37,
            "90624" : 40,
            "91648" : 41,
            "92672" : 29,
            "93696" : 31,
            "94720" : 30,
            "95744" : 27,
            "96768" : 28,
            "97792" : 25,
            "98816" : 30,
            "99840" : 26,
            "100864" : 19,
            "101888" : 17,
            "102912" : 19,
            "103936" : 17,
            "104960" : 19,
            "105984" : 21,
            "107008" : 28,
            "108032" : 23,
            "109056" : 17,
            "110080" : 18,
            "111104" : 25,
            "112128" : 19,
            "113152" : 25,
            "114176" : 15,
            "115200" : 15,
            "116224" : 11,
            "117248" : 14,
            "118272" : 22,
            "119296" : 17,
            "120320" : 14,
            "121344" : 12,
            "122368" : 13,
            "123392" : 18,
            "124416" : 8,
            "125440" : 19,
            "126464" : 18,
            "127488" : 12,
            "128512" : 12,
            "129536" : 17,
            "130560" : 14,
            "132096" : 23,
            "134144" : 23,
            "136192" : 23,
            "138240" : 18,
            "140288" : 18,
            "142336" : 20,
            "144384" : 29,
            "146432" : 27,
            "148480" : 16,
            "150528" : 18,
            "152576" : 23,
            "154624" : 15,
            "156672" : 13,
            "158720" : 19,
            "160768" : 19,
            "162816" : 17,
            "164864" : 12,
            "166912" : 16,
            "168960" : 13,
            "171008" : 17,
            "173056" : 9,
            "175104" : 9,
            "177152" : 16,
            "179200" : 15,
            "181248" : 18,
            "183296" : 14,
            "185344" : 13,
            "187392" : 12,
            "189440" : 10,
            "191488" : 5,
            "193536" : 7,
            "195584" : 12,
            "197632" : 11,
            "199680" : 8,
            "201728" : 5,
            "203776" : 13,
            "205824" : 9,
            "207872" : 7,
            "209920" : 10,
            "211968" : 1,
            "214016" : 10,
            "216064" : 7,
            "218112" : 9,
            "220160" : 9,
            "222208" : 5,
            "224256" : 9,
            "226304" : 6,
            "228352" : 4,
            "230400" : 6,
            "232448" : 6,
            "234496" : 6,
            "236544" : 9,
            "238592" : 4,
            "240640" : 8,
            "242688" : 7,
            "244736" : 5,
            "246784" : 7,
            "248832" : 4,
            "250880" : 5,
            "252928" : 8,
            "254976" : 3,
            "257024" : 4,
            "259072" : 3,
            "261120" : 2,
            "264192" : 13,
            "268288" : 7,
            "272384" : 7,
            "276480" : 9,
            "280576" : 8,
            "284672" : 4,
            "288768" : 8,
            "292864" : 4,
            "296960" : 13,
            "301056" : 5,
            "305152" : 6,
            "309248" : 9,
            "313344" : 5,
            "317440" : 6,
            "321536" : 9,
            "325632" : 4,
            "329728" : 9,
            "333824" : 4,
            "337920" : 4,
            "342016" : 6,
            "346112" : 6,
            "350208" : 6,
            "354304" : 7,
            "358400" : 5,
            "362496" : 7,
            "366592" : 3,
            "370688" : 4,
            "374784" : 6,
            "378880" : 7,
            "382976" : 5,
            "387072" : 6,
            "391168" : 10,
            "395264" : 6,
            "399360" : 5,
            "403456" : 6,
            "407552" : 4,
            "411648" : 2,
            "415744" : 5,
            "419840" : 2,
            "423936" : 4,
            "428032" : 4,
            "432128" : 1,
            "436224" : 3,
            "440320" : 2,
            "444416" : 3,
            "448512" : 6,
            "452608" : 3,
            "456704" : 6,
            "460800" : 2,
            "464896" : 1,
            "468992" : 1,
            "473088" : 2,
            "477184" : 7,
            "481280" : 1,
            "485376" : 3,
            "489472" : 2,
            "493568" : 2,
            "497664" : 3,
            "501760" : 3,
            "509952" : 4,
            "514048" : 4,
            "518144" : 1,
            "522240" : 2,
            "528384" : 4,
            "536576" : 5,
            "544768" : 4,
            "552960" : 2,
            "561152" : 5,
            "569344" : 3,
            "577536" : 6,
            "585728" : 4,
            "593920" : 6,
            "602112" : 1,
            "610304" : 4,
            "618496" : 5,
            "626688" : 1,
            "634880" : 4,
            "643072" : 1,
            "651264" : 3,
            "667648" : 3,
            "684032" : 2,
            "692224" : 3,
            "700416" : 1,
            "708608" : 4,
            "716800" : 1,
            "724992" : 3,
            "733184" : 2,
            "741376" : 2,
            "749568" : 4,
            "757760" : 4,
            "774144" : 1,
            "782336" : 1,
            "790528" : 2,
            "798720" : 1,
            "806912" : 4,
            "815104" : 4,
            "823296" : 2,
            "831488" : 3,
            "864256" : 1,
            "880640" : 2,
            "888832" : 2,
            "897024" : 1,
            "921600" : 2,
            "929792" : 1,
            "946176" : 2,
            "954368" : 1,
            "962560" : 3,
            "970752" : 1,
            "978944" : 2,
            "995328" : 4,
            "1003520" : 1,
            "1011712" : 5,
            "1019904" : 1,
            "1028096" : 1,
            "1036288" : 2,
            "1056768" : 1,
            "1089536" : 1,
            "1105920" : 2,
            "1122304" : 1,
            "1138688" : 1,
            "1155072" : 1,
            "1171456" : 3,
            "1204224" : 1,
            "1236992" : 2,
            "1253376" : 1,
            "1269760" : 2,
            "1286144" : 3,
            "1302528" : 2,
            "1351680" : 2,
            "1384448" : 1,
            "1400832" : 2,
            "1417216" : 2,
            "1433600" : 1,
            "1466368" : 1,
            "1548288" : 2,
            "1564672" : 2,
            "1581056" : 2,
            "1597440" : 2,
            "1613824" : 1,
            "1646592" : 1,
            "1712128" : 1,
            "1810432" : 2,
            "1826816" : 1,
            "1875968" : 1,
            "1892352" : 2,
            "1908736" : 1,
            "2056192" : 1,
            "2113536" : 1,
            "2179072" : 3,
            "2310144" : 1,
            "2342912" : 1,
            "2375680" : 1,
            "2408448" : 1,
            "2441216" : 1,
            "2605056" : 1,
            "2637824" : 1,
            "2670592" : 2,
            "2703360" : 2,
            "2736128" : 2,
            "2768896" : 2,
            "2834432" : 1,
            "2965504" : 1,
            "2998272" : 1,
            "3194880" : 1,
            "3260416" : 1,
            "3424256" : 1,
            "3522560" : 1,
            "3751936" : 1,
            "3915776" : 2,
            "3948544" : 1,
            "3981312" : 1,
            "4014080" : 2,
            "4046848" : 1,
            "4079616" : 1,
            "4423680" : 2,
            "4554752" : 1,
            "4751360" : 2,
            "5013504" : 1,
            "5472256" : 1,
            "5931008" : 1,
            "6324224" : 1,
            "6455296" : 1,
            "7307264" : 1,
            "7372800" : 1,
            "9240576" : 1,
            "9502720" : 1
          }
        },
        "lat_ns" : {
          "min" : 643,
          "max" : 9467910,
          "mean" : 18975.546338,
          "stddev" : 51002.900062,
          "N" : 455467,
          "percentile" : {
            "1.000000" : 780,
            "5.000000" : 940,
            "10.000000" : 1096,
            "20.000000" : 1720,
            "30.000000" : 15680,
            "40.000000" : 16768,
            "50.000000" : 17792,
            "60.000000" : 19328,
            "70.000000" : 22400,
            "80.000000" : 26496,
            "90.000000" : 30592,
            "95.000000" : 34560,
            "99.000000" : 58624,
            "99.500000" : 86528,
            "99.900000" : 313344,
            "99.950000" : 536576,
            "99.990000" : 2179072
          },
          "bins" : {
            "644" : 1,
            "652" : 6,
            "660" : 18,
            "668" : 39,
            "676" : 71,
            "684" : 112,
            "692" : 182,
            "700" : 233,
            "708" : 250,
            "716" : 208,
            "724" : 316,
            "732" : 314,
            "740" : 375,
            "748" : 429,
            "756" : 452,
            "764" : 532,
            "772" : 554,
            "780" : 623,
            "788" : 648,
            "796" : 633,
            "804" : 673,
            "812" : 716,
            "820" : 784,
            "828" : 772,
            "836" : 822,
            "844" : 837,
            "852" : 878,
            "860" : 862,
            "868" : 946,
            "876" : 971,
            "884" : 1025,
            "892" : 997,
            "900" : 1023,
            "908" : 1081,
            "916" : 1003,
            "924" : 1129,
            "932" : 1112,
            "940" : 1168,
            "948" : 1148,
            "956" : 1091,
            "964" : 1147,
            "972" : 1151,
            "980" : 1162,
            "988" : 1157,
            "996" : 1127,
            "1004" : 1225,
            "1012" : 1160,
            "1020" : 1184,
            "1032" : 2380,
            "1048" : 2362,
            "1064" : 2335,
            "1080" : 2240,
            "1096" : 2319,
            "1112" : 2070,
            "1128" : 2106,
            "1144" : 1944,
            "1160" : 1902,
            "1176" : 1838,
            "1192" : 1624,
            "1208" : 1735,
            "1224" : 1670,
            "1240" : 1578,
            "1256" : 1581,
            "1272" : 1555,
            "1288" : 1452,
            "1304" : 1462,
            "1320" : 1376,
            "1336" : 1406,
            "1352" : 1228,
            "1368" : 1204,
            "1384" : 1178,
            "1400" : 1109,
            "1416" : 1049,
            "1432" : 987,
            "1448" : 982,
            "1464" : 916,
            "1480" : 895,
            "1496" : 838,
            "1512" : 877,
            "1528" : 836,
            "1544" : 831,
            "1560" : 747,
            "1576" : 713,
            "1592" : 648,
            "1608" : 713,
            "1624" : 659,
            "1640" : 592,
            "1656" : 620,
            "1672" : 642,
            "1688" : 553,
            "1704" : 604,
            "1720" : 537,
            "1736" : 536,
            "1752" : 543,
            "1768" : 540,
            "1784" : 528,
            "1800" : 471,
            "1816" : 509,
            "1832" : 477,
            "1848" : 505,
            "1864" : 463,
            "1880" : 451,
            "1896" : 467,
            "1912" : 418,
            "1928" : 389,
            "1944" : 357,
            "1960" : 354,
            "1976" : 354,
            "1992" : 332,
            "2008" : 312,
            "2024" : 309,
            "2040" : 272,
            "2064" : 494,
            "2096" : 414,
            "2128" : 392,
            "2160" : 351,
            "2192" : 335,
            "2224" : 291,
            "2256" : 293,
            "2288" : 256,
            "2320" : 211,
            "2352" : 202,
            "2384" : 144,
            "2416" : 148,
            "2448" : 111,
            "2480" : 116,
            "2512" : 101,
            "2544" : 107,
            "2576" : 100,
            "2608" : 84,
            "2640" : 64,
            "2672" : 48,
            "2704" : 56,
            "2736" : 67,
            "2768" : 59,
            "2800" : 50,
            "2832" : 46,
            "2864" : 42,
            "2896" : 36,
            "2928" : 38,
            "2960" : 40,
            "2992" : 26,
            "3024" : 26,
            "3056" : 23,
            "3088" : 33,
            "3120" : 22,
            "3152" : 24,
            "3184" : 25,
            "3216" : 25,
            "3248" : 19,
            "3280" : 15,
            "3312" : 20,
            "3344" : 14,
            "3376" : 16,
            "3408" : 14,
            "3440" : 11,
            "3472" : 12,
            "3504" : 12,
            "3536" : 11,
            "3568" : 13,
            "3600" : 13,
            "3632" : 16,
            "3664" : 10,
            "3696" : 13,
            "3728" : 7,
            "3760" : 13,
            "3792" : 6,
            "3824" : 16,
            "3856" : 5,
            "3888" : 10,
            "3920" : 12,
            "3952" : 9,
            "3984" : 6,
            "4016" : 7,
            "4048" : 10,
            "4080" : 9,
            "4128" : 13,
            "4192" : 11,
            "4256" : 13,
            "4320" : 11,
            "4384" : 13,
            "4448" : 9,
            "4512" : 13,
            "4576" : 12,
            "4640" : 12,
            "4704" : 17,
            "4768" : 6,
            "4832" : 11,
            "4896" : 10,
            "4960" : 10,
            "5024" : 14,
            "5088" : 4,
            "5152" : 6,
            "5216" : 2,
            "5280" : 5,
            "5344" : 4,
            "5408" : 7,
            "5472" : 7,
            "5536" : 6,
            "5600" : 7,
            "5664" : 4,
            "5728" : 5,
            "5792" : 8,
            "5856" : 3,
            "5920" : 4,
            "5984" : 4,
            "6048" : 6,
            "6112" : 7,
            "6176" : 7,
            "6240" : 5,
            "6304" : 4,
            "6368" : 6,
            "6496" : 4,
            "6560" : 7,
            "6624" : 3,
            "6688" : 3,
            "6752" : 3,
            "6816" : 5,
            "6880" : 1,
            "6944" : 3,
            "7008" : 4,
            "7072" : 1,
            "7136" : 1,
            "7200" : 4,
            "7264" : 3,
            "7328" : 1,
            "7392" : 2,
            "7456" : 4,
            "7520" : 3,
            "7584" : 2,
            "7648" : 2,
            "7712" : 2,
            "7776" : 2,
            "7904" : 3,
            "7968" : 3,
            "8096" : 3,
            "8160" : 4,
            "8256" : 4,
            "8384" : 3,
            "8512" : 2,
            "8640" : 2,
            "8768" : 2,
            "8896" : 2,
            "9024" : 2,
            "9152" : 7,
            "9280" : 3,
            "9408" : 3,
            "9536" : 3,
            "9664" : 1,
            "9792" : 2,
            "9920" : 4,
            "10048" : 3,
            "10176" : 3,
            "10304" : 4,
            "10432" : 4,
            "10560" : 5,
            "10688" : 32,
            "10816" : 77,
            "10944" : 132,
            "11072" : 220,
            "11200" : 286,
            "11328" : 442,
            "11456" : 597,
            "11584" : 854,
            "11712" : 1076,
            "11840" : 1150,
            "11968" : 1256,
            "12096" : 1178,
            "12224" : 1181,
            "12352" : 1119,
            "12480" : 974,
            "12608" : 899,
            "12736" : 826,
            "12864" : 738,
            "12992" : 656,
            "13120" : 534,
            "13248" : 446,
            "13376" : 439,
            "13504" : 348,
            "13632" : 305,
            "13760" : 296,
            "13888" : 267,
            "14016" : 243,
            "14144" : 238,
            "14272" : 285,
            "14400" : 346,
            "14528" : 434,
            "14656" : 494,
            "14784" : 676,
            "14912" : 855,
            "15040" : 1070,
            "15168" : 1398,
            "15296" : 1941,
            "15424" : 2429,
            "15552" : 2858,
            "15680" : 3430,
            "15808" : 3706,
            "15936" : 3874,
            "16064" : 4412,
            "16192" : 4906,
            "16320" : 5488,
            "16512" : 12854,
            "16768" : 14051,
            "17024" : 13755,
            "17280" : 13033,
            "17536" : 11985,
            "17792" : 10414,
            "18048" : 8821,
            "18304" : 7248,
            "18560" : 6116,
            "18816" : 5564,
            "19072" : 5117,
            "19328" : 4760,
            "19584" : 4522,
            "19840" : 4240,
            "20096" : 4160,
            "20352" : 4068,
            "20608" : 3852,
            "20864" : 3616,
            "21120" : 3506,
            "21376" : 3384,
            "21632" : 3370,
            "21888" : 3265,
            "22144" : 3276,
            "22400" : 3253,
            "22656" : 3204,
            "22912" : 2929,
            "23168" : 2931,
            "23424" : 2956,
            "23680" : 2904,
            "23936" : 2669,
            "24192" : 2656,
            "24448" : 2623,
            "24704" : 2594,
            "24960" : 2701,
            "25216" : 2672,
            "25472" : 2878,
            "25728" : 3110,
            "25984" : 3301,
            "26240" : 3421,
            "26496" : 3341,
            "26752" : 3170,
            "27008" : 3069,
            "27264" : 2900,
            "27520" : 2742,
            "27776" : 2856,
            "28032" : 2919,
            "28288" : 3053,
            "28544" : 3288,
            "28800" : 3157,
            "29056" : 2868,
            "29312" : 2672,
            "29568" : 2577,
            "29824" : 2405,
            "30080" : 2314,
            "30336" : 2183,
            "30592" : 2020,
            "30848" : 1968,
            "31104" : 1798,
            "31360" : 1759,
            "31616" : 1787,
            "31872" : 1602,
            "32128" : 1568,
            "32384" : 1541,
            "32640" : 1425,
            "33024" : 2658,
            "33536" : 2333,
            "34048" : 2237,
            "34560" : 1917,
            "35072" : 1630,
            "35584" : 1590,
            "36096" : 1445,
            "36608" : 1210,
            "37120" : 1099,
            "37632" : 909,
            "38144" : 830,
            "38656" : 781,
            "39168" : 691,
            "39680" : 603,
            "40192" : 552,
            "40704" : 503,
            "41216" : 460,
            "41728" : 376,
            "42240" : 382,
            "42752" : 315,
            "43264" : 288,
            "43776" : 281,
            "44288" : 243,
            "44800" : 230,
            "45312" : 231,
            "45824" : 184,
            "46336" : 216,
            "46848" : 230,
            "47360" : 185,
            "47872" : 179,
            "48384" : 165,
            "48896" : 163,
            "49408" : 124,
            "49920" : 171,
            "50432" : 126,
            "50944" : 134,
            "51456" : 133,
            "51968" : 119,
            "52480" : 137,
            "52992" : 128,
            "53504" : 129,
            "54016" : 114,
            "54528" : 117,
            "55040" : 117,
            "55552" : 99,
            "56064" : 78,
            "56576" : 100,
            "57088" : 86,
            "57600" : 92,
            "58112" : 107,
            "58624" : 76,
            "59136" : 78,
            "59648" : 95,
            "60160" : 66,
            "60672" : 77,
            "61184" : 70,
            "61696" : 70,
            "62208" : 66,
            "62720" : 85,
            "63232" : 59,
            "63744" : 62,
            "64256" : 53,
            "64768" : 48,
            "65280" : 59,
            "66048" : 120,
            "67072" : 99,
            "68096" : 106,
            "69120" : 89,
            "70144" : 86,
            "71168" : 77,
            "72192" : 71,
            "73216" : 62,
            "74240" : 69,
            "75264" : 49,
            "76288" : 54,
            "77312" : 47,
            "78336" : 48,
            "79360" : 72,
            "80384" : 51,
            "81408" : 52,
            "82432" : 57,
            "83456" : 47,
            "84480" : 44,
            "85504" : 53,
            "86528" : 40,
            "87552" : 38,
            "88576" : 44,
            "89600" : 40,
            "90624" : 36,
            "91648" : 37,
            "92672" : 31,
            "93696" : 34,
            "94720" : 23,
            "95744" : 34,
            "96768" : 25,
            "97792" : 28,
            "98816" : 27,
            "99840" : 28,
            "100864" : 20,
            "101888" : 17,
            "102912" : 14,
            "103936" : 23,
            "104960" : 20,
            "105984" : 18,
            "107008" : 29,
            "108032" : 19,
            "109056" : 20,
            "110080" : 21,
            "111104" : 25,
            "112128" : 17,
            "113152" : 20,
            "114176" : 16,
            "115200" : 17,
            "116224" : 9,
            "117248" : 14,
            "118272" : 19,
            "119296" : 23,
            "120320" : 14,
            "121344" : 13,
            "122368" : 13,
            "123392" : 17,
            "124416" : 10,
            "125440" : 21,
            "126464" : 18,
            "127488" : 15,
            "128512" : 11,
            "129536" : 15,
            "130560" : 14,
            "132096" : 26,
            "134144" : 29,
            "136192" : 21,
            "138240" : 21,
            "140288" : 16,
            "142336" : 20,
            "144384" : 30,
            "146432" : 27,
            "148480" : 17,
            "150528" : 20,
            "152576" : 22,
            "154624" : 16,
            "156672" : 12,
            "158720" : 19,
            "160768" : 21,
            "162816" : 17,
            "164864" : 13,
            "166912" : 17,
            "168960" : 11,
            "171008" : 18,
            "173056" : 10,
            "175104" : 7,
            "177152" : 14,
            "179200" : 14,
            "181248" : 12,
            "183296" : 15,
            "185344" : 12,
            "187392" : 17,
            "189440" : 7,
            "191488" : 6,
            "193536" : 10,
            "195584" : 11,
            "197632" : 15,
            "199680" : 8,
            "201728" : 5,
            "203776" : 11,
            "205824" : 11,
            "207872" : 8,
            "209920" : 9,
            "211968" : 3,
            "214016" : 7,
            "216064" : 8,
            "218112" : 10,
            "220160" : 10,
            "222208" : 5,
            "224256" : 10,
            "226304" : 5,
            "228352" : 6,
            "230400" : 6,
            "232448" : 5,
            "234496" : 6,
            "236544" : 11,
            "238592" : 3,
            "240640" : 9,
            "242688" : 5,
            "244736" : 7,
            "246784" : 6,
            "248832" : 6,
            "250880" : 4,
            "252928" : 10,
            "254976" : 3,
            "257024" : 3,
            "259072" : 5,
            "261120" : 3,
            "264192" : 11,
            "268288" : 9,
            "272384" : 7,
            "276480" : 7,
            "280576" : 9,
            "284672" : 4,
            "288768" : 7,
            "292864" : 4,
            "296960" : 12,
            "301056" : 8,
            "305152" : 6,
            "309248" : 9,
            "313344" : 5,
            "317440" : 5,
            "321536" : 9,
            "325632" : 5,
            "329728" : 9,
            "333824" : 5,
            "337920" : 4,
            "342016" : 5,
            "346112" : 6,
            "350208" : 7,
            "354304" : 7,
            "358400" : 5,
            "362496" : 7,
            "366592" : 2,
            "370688" : 5,
            "374784" : 6,
            "378880" : 7,
            "382976" : 4,
            "387072" : 6,
            "391168" : 10,
            "395264" : 6,
            "399360" : 5,
            "403456" : 7,
            "407552" : 4,
            "411648" : 2,
            "415744" : 5,
            "419840" : 2,
            "423936" : 3,
            "428032" : 5,
            "432128" : 2,
            "436224" : 3,
            "440320" : 2,
            "444416" : 3,
            "448512" : 5,
            "452608" : 4,
            "456704" : 6,
            "460800" : 2,
            "468992" : 1,
            "473088" : 3,
            "477184" : 6,
            "481280" : 2,
            "485376" : 3,
            "489472" : 1,
            "493568" : 3,
            "497664" : 2,
            "501760" : 4,
            "509952" : 2,
            "514048" : 5,
            "518144" : 1,
            "522240" : 3,
            "528384" : 4,
            "536576" : 4,
            "544768" : 4,
            "552960" : 2,
            "561152" : 4,
            "569344" : 4,
            "577536" : 6,
            "585728" : 3,
            "593920" : 6,
            "602112" : 2,
            "610304" : 4,
            "618496" : 5,
            "626688" : 1,
            "634880" : 4,
            "643072" : 2,
            "651264" : 3,
            "667648" : 3,
            "684032" : 2,
            "692224" : 3,
            "700416" : 1,
            "708608" : 4,
            "716800" : 1,
            "724992" : 3,
            "733184" : 2,
            "741376" : 2,
            "749568" : 4,
            "757760" : 3,
            "765952" : 1,
            "774144" : 1,
            "782336" : 1,
            "790528" : 1,
            "798720" : 2,
            "806912" : 4,
            "815104" : 3,
            "823296" : 3,
            "831488" : 3,
            "864256" : 1,
            "880640" : 2,
            "888832" : 1,
            "897024" : 1,
            "913408" : 1,
            "921600" : 2,
            "929792" : 1,
            "946176" : 2,
            "954368" : 1,
            "962560" : 3,
            "970752" : 1,
            "978944" : 2,
            "995328" : 4,
            "1003520" : 1,
            "1011712" : 5,
            "1019904" : 1,
            "1028096" : 1,
            "1036288" : 2,
            "1056768" : 1,
            "1089536" : 1,
            "1105920" : 1,
            "1122304" : 1,
            "1138688" : 2,
            "1155072" : 1,
            "1171456" : 3,
            "1204224" : 1,
            "1236992" : 2,
            "1253376" : 1,
            "1269760" : 2,
            "1286144" : 3,
            "1302528" : 2,
            "1351680" : 2,
            "1384448" : 1,
            "1400832" : 2,
            "1417216" : 2,
            "1433600" : 1,
            "1466368" : 1,
            "1548288" : 2,
            "1564672" : 2,
            "1581056" : 2,
            "1597440" : 2,
            "1613824" : 1,
            "1646592" : 1,
            "1712128" : 1,
            "1810432" : 2,
            "1826816" : 1,
            "1875968" : 1,
            "1892352" : 2,
            "1908736" : 1,
            "2056192" : 1,
            "2113536" : 1,
            "2179072" : 3,
            "2310144" : 1,
            "2342912" : 1,
            "2375680" : 1,
            "2408448" : 1,
            "2441216" : 1,
            "2605056" : 1,
            "2637824" : 1,
            "2670592" : 2,
            "2703360" : 2,
            "2736128" : 2,
            "2768896" : 2,
            "2834432" : 1,
            "2965504" : 1,
            "2998272" : 1,
            "3194880" : 1,
            "3260416" : 1,
            "3424256" : 1,
            "3522560" : 1,
            "3751936" : 1,
            "3915776" : 2,
            "3948544" : 1,
            "3981312" : 1,
            "4014080" : 2,
            "4046848" : 1,
            "4079616" : 1,
            "4423680" : 2,
            "4554752" : 1,
            "4751360" : 2,
            "5013504" : 1,
            "5472256" : 1,
            "5931008" : 1,
            "6324224" : 1,
            "6455296" : 1,
            "7307264" : 1,
            "7372800" : 1,
            "9240576" : 1,
            "9502720" : 1
          }
        },
        "bw_min" : 104824,
        "bw_max" : 151352,
        "bw_agg" : 100.000000,
        "bw_mean" : 121497.379310,
        "bw_dev" : 11676.074109,
        "bw_samples" : 29,
        "iops_min" : 26206,
        "iops_max" : 37838,
        "iops_mean" : 30374.344828,
        "iops_stddev" : 2919.018527,
        "iops_samples" : 29
      },
      "write" : {
        "io_bytes" : 1862963200,
        "io_kbytes" : 1819300,
        "bw_bytes" : 124015657,
        "bw" : 121109,
        "iops" : 30277.260019,
        "runtime" : 15022,
        "total_ios" : 454825,
        "short_ios" : 0,
        "drop_ios" : 0,
        "slat_ns" : {
          "min" : 0,
          "max" : 0,
          "mean" : 0.000000,
          "stddev" : 0.000000,
          "N" : 0
        },
        "clat_ns" : {
          "min" : 1817,
          "max" : 8125452,
          "mean" : 7107.045044,
          "stddev" : 44887.742310,
          "N" : 454825,
          "percentile" : {
            "1.000000" : 2128,
            "5.000000" : 2352,
            "10.000000" : 2512,
            "20.000000" : 2704,
            "30.000000" : 3312,
            "40.000000" : 4048,
            "50.000000" : 4512,
            "60.000000" : 4768,
            "70.000000" : 5408,
            "80.000000" : 6816,
            "90.000000" : 8640,
            "95.000000" : 11712,
            "99.000000" : 26752,
            "99.500000" : 42752,
            "99.900000" : 643072,
            "99.950000" : 1019904,
            "99.990000" : 1531904
          },
          "bins" : {
            "1816" : 1,
            "1864" : 1,
            "1880" : 5,
            "1896" : 16,
            "1912" : 11,
            "1928" : 20,
            "1944" : 43,
            "1960" : 60,
            "1976" : 99,
            "1992" : 130,
            "2008" : 176,
            "2024" : 259,
            "2040" : 340,
            "2064" : 939,
            "2096" : 1442,
            "2128" : 1788,
            "2160" : 2169,
            "2192" : 2533,
            "2224" : 2704,
            "2256" : 2916,
            "2288" : 2984,
            "2320" : 3137,
            "2352" : 3287,
            "2384" : 3711,
            "2416" : 4551,
            "2448" : 5174,
            "2480" : 6192,
            "2512" : 6740,
            "2544" : 7288,
            "2576" : 7705,
            "2608" : 7534,
            "2640" : 7107,
            "2672" : 6684,
            "2704" : 6036,
            "2736" : 5356,
            "2768" : 4710,
            "2800" : 3950,
            "2832" : 3405,
            "2864" : 2994,
            "2896" : 2604,
            "2928" : 2254,
            "2960" : 2053,
            "2992" : 1854,
            "3024" : 1645,
            "3056" : 1584,
            "3088" : 1515,
            "3120" : 1447,
            "3152" : 1378,
            "3184" : 1313,
            "3216" : 1189,
            "3248" : 1204,
            "3280" : 1138,
            "3312" : 1177,
            "3344" : 1196,
            "3376" : 1259,
            "3408" : 1301,
            "3440" : 1327,
            "3472" : 1332,
            "3504" : 1388,
            "3536" : 1492,
            "3568" : 1511,
            "3600" : 1619,
            "3632" : 1689,
            "3664" : 1803,
            "3696" : 1937,
            "3728" : 2122,
            "3760" : 2252,
            "3792" : 2446,
            "3824" : 2643,
            "3856" : 2767,
            "3888" : 2909,
            "3920" : 2967,
            "3952" : 2983,
            "3984" : 3051,
            "4016" : 3050,
            "4048" : 3096,
            "4080" : 3082,
            "4128" : 5883,
            "4192" : 5780,
            "4256" : 5731,
            "4320" : 6219,
            "4384" : 6819,
            "4448" : 7607,
            "4512" : 8579,
            "4576" : 9338,
            "4640" : 9965,
            "4704" : 10025,
            "4768" : 9436,
            "4832" : 8615,
            "4896" : 7263,
            "4960" : 6173,
            "5024" : 5098,
            "5088" : 4255,
            "5152" : 3557,
            "5216" : 3045,
            "5280" : 2838,
            "5344" : 2507,
            "5408" : 2336,
            "5472" : 2356,
            "5536" : 2306,
            "5600" : 2118,
            "5664" : 2104,
            "5728" : 1981,
            "5792" : 1959,
            "5856" : 1913,
            "5920" : 1809,
            "5984" : 1789,
            "6048" : 1807,
            "6112" : 1788,
            "6176" : 1890,
            "6240" : 1878,
            "6304" : 1890,
            "6368" : 1901,
            "6432" : 1934,
            "6496" : 2003,
            "6560" : 2155,
            "6624" : 2183,
            "6688" : 2411,
            "6752" : 2588,
            "6816" : 2563,
            "6880" : 2717,
            "6944" : 2655,
            "7008" : 2666,
            "7072" : 2556,
            "7136" : 2469,
            "7200" : 2435,
            "7264" : 2254,
            "7328" : 2088,
            "7392" : 1968,
            "7456" : 1921,
            "7520" : 1835,
            "7584" : 1660,
            "7648" : 1587,
            "7712" : 1500,
            "7776" : 1372,
            "7840" : 1369,
            "7904" : 1216,
            "7968" : 1212,
            "8032" : 1144,
            "8096" : 1102,
            "8160" : 1002,
            "8256" : 1891,
            "8384" : 1702,
            "8512" : 1693,
            "8640" : 1622,
            "8768" : 1574,
            "8896" : 1454,
            "9024" : 1421,
            "9152" : 1248,
            "9280" : 1220,
            "9408" : 1089,
            "9536" : 1017,
            "9664" : 1005,
            "9792" : 900,
            "9920" : 865,
            "10048" : 863,
            "10176" : 916,
            "10304" : 912,
            "10432" : 990,
            "10560" : 911,
            "10688" : 885,
            "10816" : 843,
            "10944" : 760,
            "11072" : 667,
            "11200" : 632,
            "11328" : 581,
            "11456" : 584,
            "11584" : 661,
            "11712" : 597,
            "11840" : 528,
            "11968" : 486,
            "12096" : 531,
            "12224" : 501,
            "12352" : 444,
            "12480" : 473,
            "12608" : 406,
            "12736" : 410,
            "12864" : 421,
            "12992" : 365,
            "13120" : 387,
            "13248" : 364,
            "13376" : 302,
            "13504" : 319,
            "13632" : 317,
            "13760" : 301,
            "13888" : 302,
            "14016" : 243,
            "14144" : 246,
            "14272" : 253,
            "14400" : 240,
            "14528" : 235,
            "14656" : 223,
            "14784" : 199,
            "14912" : 208,
            "15040" : 162,
            "15168" : 169,
            "15296" : 181,
            "15424" : 163,
            "15552" : 168,
            "15680" : 141,
            "15808" : 149,
            "15936" : 158,
            "16064" : 189,
            "16192" : 159,
            "16320" : 164,
            "16512" : 289,
            "16768" : 347,
            "17024" : 306,
            "17280" : 285,
            "17536" : 261,
            "17792" : 267,
            "18048" : 255,
            "18304" : 274,
            "18560" : 262,
            "18816" : 231,
            "19072" : 255,
            "19328" : 205,
            "19584" : 205,
            "19840" : 227,
            "20096" : 219,
            "20352" : 246,
            "20608" : 187,
            "20864" : 204,
            "21120" : 209,
            "21376" : 193,
            "21632" : 146,
            "21888" : 168,
            "22144" : 173,
            "22400" : 162,
            "22656" : 147,
            "22912" : 134,
            "23168" : 131,
            "23424" : 105,
            "23680" : 124,
            "23936" : 121,
            "24192" : 129,
            "24448" : 119,
            "24704" : 122,
            "24960" : 109,
            "25216" : 102,
            "25472" : 84,
            "25728" : 89,
            "25984" : 100,
            "26240" : 72,
            "26496" : 100,
            "26752" : 87,
            "27008" : 76,
            "27264" : 88,
            "27520" : 72,
            "27776" : 76,
            "28032" : 67,
            "28288" : 74,
            "28544" : 67,
            "28800" : 60,
            "29056" : 67,
            "29312" : 68,
            "29568" : 50,
            "29824" : 59,
            "30080" : 67,
            "30336" : 60,
            "30592" : 44,
            "30848" : 45,
            "31104" : 53,
            "31360" : 44,
            "31616" : 34,
            "31872" : 41,
            "32128" : 45,
            "32384" : 37,
            "32640" : 40,
            "33024" : 78,
            "33536" : 55,
            "34048" : 53,
            "34560" : 68,
            "35072" : 71,
            "35584" : 60,
            "36096" : 48,
            "36608" : 41,
            "37120" : 44,
            "37632" : 35,
            "38144" : 40,
            "38656" : 36,
            "39168" : 27,
            "39680" : 31,
            "40192" : 33,
            "40704" : 37,
            "41216" : 35,
            "41728" : 21,
            "42240" : 25,
            "42752" : 26,
            "43264" : 23,
            "43776" : 21,
            "44288" : 21,
            "44800" : 21,
            "45312" : 25,
            "45824" : 24,
            "46336" : 16,
            "46848" : 22,
            "47360" : 20,
            "47872" : 23,
            "48384" : 17,
            "48896" : 14,
            "49408" : 17,
            "49920" : 15,
            "50432" : 16,
            "50944" : 13,
            "51456" : 16,
            "51968" : 14,
            "52480" : 15,
            "52992" : 18,
            "53504" : 12,
            "54016" : 13,
            "54528" : 10,
            "55040" : 8,
            "55552" : 5,
            "56064" : 11,
            "56576" : 12,
            "57088" : 7,
            "57600" : 12,
            "58112" : 3,
            "58624" : 7,
            "59136" : 8,
            "59648" : 8,
            "60160" : 12,
            "60672" : 8,
            "61184" : 5,
            "61696" : 8,
            "62208" : 5,
            "62720" : 8,
            "63232" : 8,
            "63744" : 5,
            "64256" : 6,
            "64768" : 9,
            "65280" : 7,
            "66048" : 16,
            "67072" : 12,
            "68096" : 14,
            "69120" : 15,
            "70144" : 18,
            "71168" : 13,
            "72192" : 13,
            "73216" : 9,
            "74240" : 9,
            "75264" : 12,
            "76288" : 9,
            "77312" : 7,
            "78336" : 10,
            "79360" : 9,
            "80384" : 5,
            "81408" : 17,
            "82432" : 10,
            "83456" : 10,
            "84480" : 9,
            "85504" : 10,
            "86528" : 7,
            "87552" : 8,
            "88576" : 7,
            "89600" : 12,
            "90624" : 2,
            "91648" : 7,
            "92672" : 4,
            "93696" : 5,
            "94720" : 6,
            "95744" : 4,
            "96768" : 5,
            "97792" : 5,
            "98816" : 6,
            "99840" : 6,
            "100864" : 4,
            "101888" : 3,
            "102912" : 5,
            "103936" : 8,
            "104960" : 8,
            "105984" : 4,
            "107008" : 5,
            "108032" : 10,
            "109056" : 8,
            "110080" : 5,
            "111104" : 7,
            "112128" : 5,
            "113152" : 6,
            "114176" : 4,
            "115200" : 5,
            "116224" : 1,
            "118272" : 5,
            "119296" : 6,
            "120320" : 6,
            "121344" : 7,
            "122368" : 4,
            "123392" : 7,
            "124416" : 2,
            "125440" : 3,
            "126464" : 5,
            "127488" : 9,
            "128512" : 1,
            "129536" : 2,
            "130560" : 6,
            "132096" : 10,
            "134144" : 11,
            "136192" : 4,
            "138240" : 7,
            "140288" : 6,
            "142336" : 9,
            "144384" : 7,
            "146432" : 13,
            "148480" : 5,
            "150528" : 4,
            "152576" : 4,
            "154624" : 4,
            "156672" : 5,
            "158720" : 7,
            "160768" : 4,
            "162816" : 7,
            "166912" : 7,
            "168960" : 5,
            "171008" : 5,
            "173056" : 3,
            "175104" : 6,
            "177152" : 4,
            "179200" : 1,
            "181248" : 7,
            "183296" : 4,
            "185344" : 6,
            "187392" : 6,
            "189440" : 4,
            "191488" : 5,
            "195584" : 3,
            "197632" : 5,
            "199680" : 6,
            "201728" : 4,
            "203776" : 2,
            "205824" : 5,
            "207872" : 2,
            "209920" : 9,
            "211968" : 5,
            "214016" : 3,
            "216064" : 3,
            "218112" : 4,
            "220160" : 4,
            "222208" : 3,
            "224256" : 4,
            "226304" : 9,
            "228352" : 5,
            "230400" : 4,
            "232448" : 3,
            "234496" : 4,
            "236544" : 4,
            "238592" : 4,
            "240640" : 4,
            "242688" : 3,
            "244736" : 6,
            "246784" : 3,
            "248832" : 9,
            "250880" : 4,
            "252928" : 7,
            "254976" : 5,
            "257024" : 5,
            "259072" : 1,
            "261120" : 5,
            "264192" : 7,
            "268288" : 14,
            "272384" : 6,
            "276480" : 6,
            "280576" : 9,
            "284672" : 6,
            "288768" : 8,
            "292864" : 7,
            "296960" : 12,
            "301056" : 5,
            "305152" : 9,
            "309248" : 2,
            "313344" : 8,
            "317440" : 4,
            "321536" : 5,
            "325632" : 8,
            "329728" : 3,
            "333824" : 1,
            "337920" : 2,
            "342016" : 8,
            "346112" : 7,
            "350208" : 6,
            "354304" : 6,
            "358400" : 14,
            "362496" : 6,
            "366592" : 3,
            "370688" : 5,
            "374784" : 8,
            "378880" : 4,
            "382976" : 3,
            "387072" : 1,
            "391168" : 7,
            "395264" : 4,
            "399360" : 4,
            "403456" : 5,
            "407552" : 6,
            "411648" : 4,
            "415744" : 5,
            "419840" : 5,
            "423936" : 2,
            "428032" : 5,
            "432128" : 5,
            "436224" : 7,
            "440320" : 7,
            "444416" : 8,
            "448512" : 4,
            "452608" : 3,
            "456704" : 4,
            "460800" : 7,
            "464896" : 5,
            "468992" : 4,
            "473088" : 5,
            "477184" : 4,
            "481280" : 4,
            "485376" : 6,
            "489472" : 5,
            "493568" : 8,
            "497664" : 3,
            "501760" : 2,
            "505856" : 6,
            "509952" : 5,
            "514048" : 4,
            "518144" : 6,
            "522240" : 2,
            "528384" : 11,
            "536576" : 6,
            "544768" : 11,
            "552960" : 7,
            "561152" : 17,
            "569344" : 6,
            "577536" : 7,
            "585728" : 3,
            "593920" : 7,
            "602112" : 7,
            "610304" : 4,
            "618496" : 3,
            "626688" : 8,
            "634880" : 11,
            "643072" : 10,
            "651264" : 5,
            "659456" : 9,
            "667648" : 8,
            "675840" : 4,
            "684032" : 2,
            "692224" : 5,
            "700416" : 6,
            "708608" : 2,
            "716800" : 8,
            "724992" : 6,
            "733184" : 4,
            "741376" : 7,
            "749568" : 3,
            "757760" : 4,
            "765952" : 4,
            "774144" : 11,
            "782336" : 1,
            "790528" : 9,
            "798720" : 5,
            "806912" : 4,
            "815104" : 5,
            "823296" : 9,
            "831488" : 3,
            "839680" : 3,
            "847872" : 2,
            "856064" : 2,
            "864256" : 7,
            "872448" : 7,
            "880640" : 6,
            "888832" : 2,
            "897024" : 8,
            "905216" : 9,
            "913408" : 5,
            "921600" : 6,
            "929792" : 2,
            "937984" : 7,
            "946176" : 2,
            "954368" : 4,
            "962560" : 4,
            "970752" : 4,
            "978944" : 5,
            "987136" : 5,
            "995328" : 3,
            "1011712" : 2,
            "1019904" : 6,
            "1028096" : 8,
            "1036288" : 2,
            "1044480" : 5,
            "1056768" : 7,
            "1073152" : 11,
            "1089536" : 12,
            "1105920" : 12,
            "1122304" : 6,
            "1138688" : 7,
            "1155072" : 5,
            "1171456" : 4,
            "1187840" : 6,
            "1204224" : 4,
            "1220608" : 7,
            "1236992" : 9,
            "1253376" : 7,
            "1269760" : 4,
            "1286144" : 5,
            "1302528" : 4,
            "1318912" : 3,
            "1335296" : 7,
            "1351680" : 2,
            "1368064" : 4,
            "1384448" : 1,
            "1400832" : 10,
            "1417216" : 3,
            "1433600" : 8,
            "1449984" : 3,
            "1466368" : 6,
            "1482752" : 3,
            "1499136" : 2,
            "1515520" : 2,
            "1531904" : 3,
            "1548288" : 1,
            "1564672" : 4,
            "1581056" : 1,
            "1597440" : 3,
            "1613824" : 2,
            "1630208" : 2,
            "1646592" : 1,
            "1679360" : 2,
            "1695744" : 2,
            "1712128" : 1,
            "1777664" : 1,
            "1810432" : 1,
            "1826816" : 1,
            "1875968" : 1,
            "1908736" : 1,
            "1925120" : 1,
            "2023424" : 1,
            "2088960" : 1,
            "2113536" : 1,
            "2146304" : 1,
            "2179072" : 1,
            "2211840" : 1,
            "2244608" : 1,
            "2506752" : 1,
            "2605056" : 2,
            "2736128" : 1,
            "3915776" : 1,
            "4227072" : 1,
            "4423680" : 1,
            "5603328" : 1,
            "5668864" : 1,
            "7831552" : 1,
            "8093696" : 1
          }
        },
        "lat_ns" : {
          "min" : 1870,
          "max" : 8125571,
          "mean" : 7239.812233,
          "stddev" : 44947.658529,
          "N" : 454825,
          "percentile" : {
            "1.000000" : 2192,
            "5.000000" : 2416,
            "10.000000" : 2576,
            "20.000000" : 2768,
            "30.000000" : 3408,
            "40.000000" : 4128,
            "50.000000" : 4640,
            "60.000000" : 4896,
            "70.000000" : 5536,
            "80.000000" : 7008,
            "90.000000" : 8896,
            "95.000000" : 11840,
            "99.000000" : 27008,
            "99.500000" : 43776,
            "99.900000" : 643072,
            "99.950000" : 1019904,
            "99.990000" : 1531904
          },
          "bins" : {
            "1864" : 1,
            "1928" : 5,
            "1944" : 10,
            "1960" : 14,
            "1976" : 16,
            "1992" : 37,
            "2008" : 58,
            "2024" : 87,
            "2040" : 101,
            "2064" : 369,
            "2096" : 686,
            "2128" : 1074,
            "2160" : 1463,
            "2192" : 1845,
            "2224" : 2242,
            "2256" : 2535,
            "2288" : 2691,
            "2320" : 2862,
            "2352" : 2944,
            "2384" : 3002,
            "2416" : 3198,
            "2448" : 3572,
            "2480" : 4299,
            "2512" : 5098,
            "2544" : 5903,
            "2576" : 6750,
            "2608" : 7250,
            "2640" : 7507,
            "2672" : 7452,
            "2704" : 7242,
            "2736" : 6751,
            "2768" : 6069,
            "2800" : 5443,
            "2832" : 4679,
            "2864" : 4137,
            "2896" : 3510,
            "2928" : 3074,
            "2960" : 2568,
            "2992" : 2358,
            "3024" : 2044,
            "3056" : 1942,
            "3088" : 1653,
            "3120" : 1566,
            "3152" : 1491,
            "3184" : 1382,
            "3216" : 1367,
            "3248" : 1237,
            "3280" : 1102,
            "3312" : 1097,
            "3344" : 1084,
            "3376" : 1107,
            "3408" : 1067,
            "3440" : 1131,
            "3472" : 1240,
            "3504" : 1256,
            "3536" : 1247,
            "3568" : 1398,
            "3600" : 1386,
            "3632" : 1428,
            "3664" : 1447,
            "3696" : 1653,
            "3728" : 1645,
            "3760" : 1718,
            "3792" : 1807,
            "3824" : 1998,
            "3856" : 2118,
            "3888" : 2279,
            "3920" : 2470,
            "3952" : 2591,
            "3984" : 2705,
            "4016" : 2918,
            "4048" : 2958,
            "4080" : 2879,
            "4128" : 5992,
            "4192" : 6091,
            "4256" : 5844,
            "4320" : 5627,
            "4384" : 5775,
            "4448" : 6031,
            "4512" : 6673,
            "4576" : 7319,
            "4640" : 8335,
            "4704" : 9295,
            "4768" : 9716,
            "4832" : 10070,
            "4896" : 9475,
            "4960" : 8626,
            "5024" : 7324,
            "5088" : 6090,
            "5152" : 5118,
            "5216" : 4194,
            "5280" : 3484,
            "5344" : 2946,
            "5408" : 2747,
            "5472" : 2511,
            "5536" : 2278,
            "5600" : 2271,
            "5664" : 2207,
            "5728" : 2111,
            "5792" : 2057,
            "5856" : 1958,
            "5920" : 1934,
            "5984" : 1874,
            "6048" : 1749,
            "6112" : 1786,
            "6176" : 1716,
            "6240" : 1701,
            "6304" : 1817,
            "6368" : 1748,
            "6432" : 1833,
            "6496" : 1829,
            "6560" : 1931,
            "6624" : 1928,
            "6688" : 2045,
            "6752" : 2158,
            "6816" : 2279,
            "6880" : 2374,
            "6944" : 2501,
            "7008" : 2628,
            "7072" : 2458,
            "7136" : 2560,
            "7200" : 2454,
            "7264" : 2421,
            "7328" : 2399,
            "7392" : 2308,
            "7456" : 2124,
            "7520" : 2075,
            "7584" : 1945,
            "7648" : 1960,
            "7712" : 1776,
            "7776" : 1637,
            "7840" : 1590,
            "7904" : 1477,
            "7968" : 1374,
            "8032" : 1322,
            "8096" : 1253,
            "8160" : 1167,
            "8256" : 2193,
            "8384" : 1958,
            "8512" : 1753,
            "8640" : 1714,
            "8768" : 1628,
            "8896" : 1633,
            "9024" : 1535,
            "9152" : 1410,
            "9280" : 1269,
            "9408" : 1257,
            "9536" : 1168,
            "9664" : 1050,
            "9792" : 1012,
            "9920" : 971,
            "10048" : 899,
            "10176" : 913,
            "10304" : 865,
            "10432" : 942,
            "10560" : 919,
            "10688" : 933,
            "10816" : 923,
            "10944" : 905,
            "11072" : 817,
            "11200" : 690,
            "11328" : 678,
            "11456" : 595,
            "11584" : 635,
            "11712" : 630,
            "11840" : 608,
            "11968" : 557,
            "12096" : 514,
            "12224" : 535,
            "12352" : 496,
            "12480" : 479,
            "12608" : 457,
            "12736" : 443,
            "12864" : 410,
            "12992" : 415,
            "13120" : 397,
            "13248" : 347,
            "13376" : 380,
            "13504" : 334,
            "13632" : 311,
            "13760" : 340,
            "13888" : 299,
            "14016" : 312,
            "14144" : 244,
            "14272" : 232,
            "14400" : 259,
            "14528" : 268,
            "14656" : 214,
            "14784" : 228,
            "14912" : 212,
            "15040" : 218,
            "15168" : 162,
            "15296" : 176,
            "15424" : 182,
            "15552" : 184,
            "15680" : 157,
            "15808" : 140,
            "15936" : 149,
            "16064" : 153,
            "16192" : 174,
            "16320" : 166,
            "16512" : 319,
            "16768" : 309,
            "17024" : 324,
            "17280" : 310,
            "17536" : 266,
            "17792" : 280,
            "18048" : 262,
            "18304" : 258,
            "18560" : 259,
            "18816" : 259,
            "19072" : 244,
            "19328" : 213,
            "19584" : 204,
            "19840" : 232,
            "20096" : 215,
            "20352" : 226,
            "20608" : 225,
            "20864" : 191,
            "21120" : 200,
            "21376" : 209,
            "21632" : 180,
            "21888" : 137,
            "22144" : 174,
            "22400" : 171,
            "22656" : 154,
            "22912" : 150,
            "23168" : 125,
            "23424" : 121,
            "23680" : 113,
            "23936" : 120,
            "24192" : 132,
            "24448" : 128,
            "24704" : 123,
            "24960" : 116,
            "25216" : 103,
            "25472" : 96,
            "25728" : 82,
            "25984" : 100,
            "26240" : 96,
            "26496" : 80,
            "26752" : 95,
            "27008" : 88,
            "27264" : 73,
            "27520" : 81,
            "27776" : 75,
            "28032" : 66,
            "28288" : 74,
            "28544" : 75,
            "28800" : 61,
            "29056" : 65,
            "29312" : 70,
            "29568" : 56,
            "29824" : 54,
            "30080" : 66,
            "30336" : 63,
            "30592" : 59,
            "30848" : 44,
            "31104" : 49,
            "31360" : 48,
            "31616" : 43,
            "31872" : 39,
            "32128" : 38,
            "32384" : 38,
            "32640" : 39,
            "33024" : 77,
            "33536" : 75,
            "34048" : 46,
            "34560" : 73,
            "35072" : 60,
            "35584" : 61,
            "36096" : 57,
            "36608" : 47,
            "37120" : 38,
            "37632" : 41,
            "38144" : 33,
            "38656" : 43,
            "39168" : 37,
            "39680" : 27,
            "40192" : 34,
            "40704" : 31,
            "41216" : 35,
            "41728" : 29,
            "42240" : 17,
            "42752" : 27,
            "43264" : 26,
            "43776" : 23,
            "44288" : 22,
            "44800" : 18,
            "45312" : 24,
            "45824" : 22,
            "46336" : 20,
            "46848" : 28,
            "47360" : 19,
            "47872" : 17,
            "48384" : 22,
            "48896" : 13,
            "49408" : 19,
            "49920" : 13,
            "50432" : 14,
            "50944" : 17,
            "51456" : 11,
            "51968" : 16,
            "52480" : 18,
            "52992" : 14,
            "53504" : 14,
            "54016" : 17,
            "54528" : 6,
            "55040" : 17,
            "55552" : 3,
            "56064" : 10,
            "56576" : 12,
            "57088" : 9,
            "57600" : 10,
            "58112" : 8,
            "58624" : 5,
            "59136" : 8,
            "59648" : 8,
            "60160" : 9,
            "60672" : 12,
            "61184" : 5,
            "61696" : 6,
            "62208" : 5,
            "62720" : 7,
            "63232" : 10,
            "63744" : 6,
            "64256" : 4,
            "64768" : 13,
            "65280" : 3,
            "66048" : 14,
            "67072" : 13,
            "68096" : 14,
            "69120" : 19,
            "70144" : 16,
            "71168" : 11,
            "72192" : 8,
            "73216" : 12,
            "74240" : 8,
            "75264" : 13,
            "76288" : 13,
            "77312" : 7,
            "78336" : 9,
            "79360" : 12,
            "80384" : 4,
            "81408" : 15,
            "82432" : 11,
            "83456" : 14,
            "84480" : 11,
            "85504" : 7,
            "86528" : 9,
            "87552" : 4,
            "88576" : 9,
            "89600" : 13,
            "90624" : 1,
            "91648" : 5,
            "92672" : 8,
            "93696" : 5,
            "94720" : 7,
            "95744" : 5,
            "96768" : 8,
            "97792" : 6,
            "98816" : 5,
            "99840" : 7,
            "100864" : 5,
            "101888" : 6,
            "102912" : 4,
            "103936" : 5,
            "104960" : 5,
            "105984" : 7,
            "107008" : 3,
            "108032" : 8,
            "109056" : 12,
            "110080" : 4,
            "111104" : 6,
            "112128" : 6,
            "113152" : 7,
            "114176" : 4,
            "115200" : 6,
            "116224" : 2,
            "118272" : 5,
            "119296" : 6,
            "120320" : 7,
            "121344" : 5,
            "122368" : 4,
            "123392" : 9,
            "124416" : 3,
            "125440" : 4,
            "126464" : 5,
            "127488" : 8,
            "128512" : 1,
            "129536" : 3,
            "130560" : 2,
            "132096" : 13,
            "134144" : 10,
            "136192" : 5,
            "138240" : 8,
            "140288" : 5,
            "142336" : 5,
            "144384" : 7,
            "146432" : 13,
            "148480" : 6,
            "150528" : 1,
            "152576" : 6,
            "154624" : 4,
            "156672" : 7,
            "158720" : 7,
            "160768" : 6,
            "162816" : 4,
            "164864" : 5,
            "166912" : 5,
            "168960" : 4,
            "171008" : 9,
            "173056" : 2,
            "175104" : 6,
            "177152" : 2,
            "179200" : 3,
            "181248" : 6,
            "183296" : 5,
            "185344" : 6,
            "187392" : 4,
            "189440" : 4,
            "191488" : 4,
            "193536" : 2,
            "195584" : 3,
            "197632" : 4,
            "199680" : 7,
            "201728" : 5,
            "203776" : 2,
            "205824" : 3,
            "207872" : 3,
            "209920" : 10,
            "211968" : 4,
            "214016" : 6,
            "216064" : 3,
            "218112" : 3,
            "220160" : 4,
            "222208" : 5,
            "224256" : 4,
            "226304" : 9,
            "228352" : 5,
            "230400" : 5,
            "232448" : 2,
            "234496" : 3,
            "236544" : 2,
            "238592" : 6,
            "240640" : 2,
            "242688" : 4,
            "244736" : 6,
            "246784" : 3,
            "248832" : 9,
            "250880" : 3,
            "252928" : 8,
            "254976" : 7,
            "257024" : 5,
            "259072" : 1,
            "261120" : 4,
            "264192" : 8,
            "268288" : 15,
            "272384" : 6,
            "276480" : 9,
            "280576" : 11,
            "284672" : 5,
            "288768" : 9,
            "292864" : 7,
            "296960" : 12,
            "301056" : 5,
            "305152" : 9,
            "309248" : 3,
            "313344" : 6,
            "317440" : 6,
            "321536" : 5,
            "325632" : 8,
            "329728" : 3,
            "333824" : 1,
            "337920" : 2,
            "342016" : 7,
            "346112" : 9,
            "350208" : 5,
            "354304" : 6,
            "358400" : 10,
            "362496" : 7,
            "366592" : 4,
            "370688" : 4,
            "374784" : 9,
            "378880" : 5,
            "382976" : 3,
            "387072" : 1,
            "391168" : 7,
            "395264" : 2,
            "399360" : 7,
            "403456" : 5,
            "407552" : 7,
            "411648" : 4,
            "415744" : 5,
            "419840" : 5,
            "423936" : 3,
            "428032" : 2,
            "432128" : 7,
            "436224" : 7,
            "440320" : 7,
            "444416" : 6,
            "448512" : 6,
            "452608" : 3,
            "456704" : 5,
            "460800" : 7,
            "464896" : 5,
            "468992" : 5,
            "473088" : 5,
            "477184" : 3,
            "481280" : 4,
            "485376" : 5,
            "489472" : 4,
            "493568" : 10,
            "497664" : 4,
            "501760" : 2,
            "505856" : 5,
            "509952" : 6,
            "514048" : 4,
            "518144" : 5,
            "522240" : 3,
            "528384" : 10,
            "536576" : 6,
            "544768" : 12,
            "552960" : 6,
            "561152" : 16,
            "569344" : 8,
            "577536" : 7,
            "585728" : 3,
            "593920" : 7,
            "602112" : 8,
            "610304" : 4,
            "618496" : 3,
            "626688" : 8,
            "634880" : 10,
            "643072" : 11,
            "651264" : 5,
            "659456" : 9,
            "667648" : 7,
            "675840" : 5,
            "684032" : 1,
            "692224" : 5,
            "700416" : 7,
            "708608" : 2,
            "716800" : 8,
            "724992" : 6,
            "733184" : 4,
            "741376" : 7,
            "749568" : 3,
            "757760" : 4,
            "765952" : 3,
            "774144" : 11,
            "782336" : 1,
            "790528" : 8,
            "798720" : 6,
            "806912" : 5,
            "815104" : 4,
            "823296" : 8,
            "831488" : 4,
            "839680" : 3,
            "847872" : 2,
            "856064" : 3,
            "864256" : 7,
            "872448" : 7,
            "880640" : 6,
            "888832" : 2,
            "897024" : 7,
            "905216" : 9,
            "913408" : 6,
            "921600" : 6,
            "929792" : 1,
            "937984" : 8,
            "946176" : 2,
            "954368" : 4,
            "962560" : 3,
            "970752" : 5,
            "978944" : 5,
            "987136" : 5,
            "995328" : 2,
            "1003520" : 1,
            "1011712" : 2,
            "1019904" : 6,
            "1028096" : 8,
            "1036288" : 2,
            "1044480" : 4,
            "1056768" : 7,
            "1073152" : 12,
            "1089536" : 12,
            "1105920" : 12,
            "1122304" : 6,
            "1138688" : 7,
            "1155072" : 5,
            "1171456" : 4,
            "1187840" : 6,
            "1204224" : 4,
            "1220608" : 7,
            "1236992" : 9,
            "1253376" : 7,
            "1269760" : 4,
            "1286144" : 5,
            "1302528" : 4,
            "1318912" : 3,
            "1335296" : 7,
            "1351680" : 2,
            "1368064" : 4,
            "1384448" : 1,
            "1400832" : 9,
            "1417216" : 4,
            "1433600" : 8,
            "1449984" : 3,
            "1466368" : 6,
            "1482752" : 3,
            "1499136" : 2,
            "1515520" : 2,
            "1531904" : 3,
            "1548288" : 1,
            "1564672" : 3,
            "1581056" : 2,
            "1597440" : 3,
            "1613824" : 2,
            "1630208" : 2,
            "1646592" : 1,
            "1679360" : 2,
            "1695744" : 1,
            "1712128" : 2,
            "1777664" : 1,
            "1810432" : 1,
            "1826816" : 1,
            "1875968" : 1,
            "1908736" : 1,
            "1925120" : 1,
            "2023424" : 1,
            "2088960" : 1,
            "2113536" : 1,
            "2146304" : 1,
            "2179072" : 1,
            "2211840" : 1,
            "2244608" : 1,
            "2506752" : 1,
            "2605056" : 2,
            "2736128" : 1,
            "3915776" : 1,
            "4227072" : 1,
            "4423680" : 1,
            "5603328" : 1,
            "5668864" : 1,
            "7831552" : 1,
            "8093696" : 1
          }
        },
        "bw_min" : 106008,
        "bw_max" : 149256,
        "bw_agg" : 100.000000,
        "bw_mean" : 121375.448276,
        "bw_dev" : 11262.303024,
        "bw_samples" : 29,
        "iops_min" : 26502,
        "iops_max" : 37314,
        "iops_mean" : 30343.862069,
        "iops_stddev" : 2815.575756,
        "iops_samples" : 29
      },
      "trim" : {
        "io_bytes" : 0,
        "io_kbytes" : 0,
        "bw_bytes" : 0,
        "bw" : 0,
        "iops" : 0.000000,
        "runtime" : 0,
        "total_ios" : 0,
        "short_ios" : 0,
        "drop_ios" : 0,
        "slat_ns" : {
          "min" : 0,
          "max" : 0,
          "mean" : 0.000000,
          "stddev" : 0.000000,
          "N" : 0
        },
        "clat_ns" : {
          "min" : 0,
          "max" : 0,
          "mean" : 0.000000,
          "stddev" : 0.000000,
          "N" : 0
        },
        "lat_ns" : {
          "min" : 0,
          "max" : 0,
          "mean" : 0.000000,
          "stddev" : 0.000000,
          "N" : 0
        },
        "bw_min" : 0,
        "bw_max" : 0,
        "bw_agg" : 0.000000,
        "bw_mean" : 0.000000,
        "bw_dev" : 0.000000,
        "bw_samples" : 0,
        "iops_min" : 0,
        "iops_max" : 0,
        "iops_mean" : 0.000000,
        "iops_stddev" : 0.000000,
        "iops_samples" : 0
      },
      "sync" : {
        "total_ios" : 0,
        "lat_ns" : {
          "min" : 0,
          "max" : 0,
          "mean" : 0.000000,
          "stddev" : 0.000000,
          "N" : 0
        }
      },
      "job_runtime" : 15021,
      "usr_cpu" : 8.927501,
      "sys_cpu" : 44.724053,
      "ctx" : 443568,
      "majf" : 0,
      "minf" : 19,
      "iodepth_level" : {
        "1" : 100.000000,
        "2" : 0.000000,
        "4" : 0.000000,
        "8" : 0.000000,
        "16" : 0.000000,
        "32" : 0.000000,
        ">=64" : 0.000000
      },
      "iodepth_submit" : {
        "0" : 0.000000,
        "4" : 100.000000,
        "8" : 0.000000,
        "16" : 0.000000,
        "32" : 0.000000,
        "64" : 0.000000,
        ">=64" : 0.000000
      },
      "iodepth_complete" : {
        "0" : 0.000000,
        "4" : 100.000000,
        "8" : 0.000000,
        "16" : 0.000000,
        "32" : 0.000000,
        "64" : 0.000000,
        ">=64" : 0.000000
      },
      "latency_ns" : {
        "2" : 0.000000,
        "4" : 0.000000,
        "10" : 0.000000,
        "20" : 0.000000,
        "50" : 0.000000,
        "100" : 0.000000,
        "250" : 0.000000,
        "500" : 0.000000,
        "750" : 0.558722,
        "1000" : 3.860739
      },
      "latency_us" : {
        "2" : 6.744979,
        "4" : 19.995672,
        "10" : 26.755591,
        "20" : 22.478611,
        "50" : 18.681258,
        "100" : 0.573113,
        "250" : 0.184446,
        "500" : 0.074482,
        "750" : 0.033506,
        "1000" : 0.021422
      },
      "latency_ms" : {
        "2" : 0.029990,
        "4" : 0.010000,
        "10" : 0.010000,
        "20" : 0.000000,
        "50" : 0.000000,
        "100" : 0.000000,
        "250" : 0.000000,
        "500" : 0.000000,
        "750" : 0.000000,
        "1000" : 0.000000,
        "2000" : 0.000000,
        ">=2000" : 0.000000
      },
      "latency_depth" : 1,
      "latency_target" : 0,
      "latency_percentile" : 100.000000,
      "latency_window" : 0
    }
  ]
}
