{
  "fio version" : "fio-3.32-36-g5932",
  "timestamp" : 1664213166,
  "timestamp_ms" : 1664213166133,
  "time" : "Mon Sep 26 19:26:06 2022",
  "global options" : {
    "size" : "16K",
    "rw" : "randrw",
    "bs" : "4K",
    "numjobs" : "1",
    "iodepth" : "128",
    "runtime" : "300",
    "end_fsync" : "1",
    "lat_percentiles" : "1",
    "slat_percentiles" : "1",
    "clat_percentiles" : "1"
  },
  "jobs" : [
    {
      "jobname" : "random-rw",
      "groupid" : 0,
      "error" : 0,
      "eta" : 0,
      "elapsed" : 301,
      "job options" : {
        "name" : "random-rw"
      },
      "read" : {
        "io_bytes" : 90118787072,
        "io_kbytes" : 88006628,
        "bw_bytes" : 300394955,
        "bw" : 293354,
        "iops" : 73338.612205,
        "runtime" : 300001,
        "total_ios" : 22001657,
        "short_ios" : 0,
        "drop_ios" : 0,
        "slat_ns" : {
          "min" : 0,
          "max" : 0,
          "mean" : 0.000000,
          "stddev" : 0.000000,
          "N" : 0
        },
        "clat_ns" : {
          "min" : 609,
          "max" : 7162118,
          "mean" : 6087.269051,
          "stddev" : 6636.769900,
          "N" : 22001657,
          "percentile" : {
            "1.000000" : 748,
            "5.000000" : 788,
            "10.000000" : 812,
            "20.000000" : 860,
            "30.000000" : 900,
            "40.000000" : 1012,
            "50.000000" : 8384,
            "60.000000" : 9408,
            "70.000000" : 9920,
            "80.000000" : 10560,
            "90.000000" : 11200,
            "95.000000" : 13760,
            "99.000000" : 15552,
            "99.500000" : 18560,
            "99.900000" : 24448,
            "99.950000" : 28800,
            "99.990000" : 74240
          },
          "bins" : {
            "612" : 1,
            "620" : 6,
            "628" : 13,
            "636" : 16,
            "644" : 31,
            "652" : 41,
            "660" : 89,
            "668" : 157,
            "676" : 255,
            "684" : 577,
            "692" : 1273,
            "700" : 2853,
            "708" : 6262,
            "716" : 12206,
            "724" : 24435,
            "732" : 42771,
            "740" : 71549,
            "748" : 106541,
            "756" : 140588,
            "764" : 189314,
            "772" : 226851,
            "780" : 264445,
            "788" : 290653,
            "796" : 300582,
            "804" : 337488,
            "812" : 349514,
            "820" : 366635,
            "828" : 372933,
            "836" : 366245,
            "844" : 398316,
            "852" : 407254,
            "860" : 427338,
            "868" : 431839,
            "876" : 412427,
            "884" : 419971,
            "892" : 391103,
            "900" : 359967,
            "908" : 314179,
            "916" : 257896,
            "924" : 228589,
            "932" : 187478,
            "940" : 157167,
            "948" : 130296,
            "956" : 107338,
            "964" : 102016,
            "972" : 95501,
            "980" : 96690,
            "988" : 99744,
            "996" : 99010,
            "1004" : 110486,
            "1012" : 112295,
            "1020" : 114079,
            "1032" : 210517,
            "1048" : 184396,
            "1064" : 141474,
            "1080" : 95305,
            "1096" : 62226,
            "1112" : 36022,
            "1128" : 21015,
            "1144" : 11927,
            "1160" : 6979,
            "1176" : 4801,
            "1192" : 3590,
            "1208" : 3231,
            "1224" : 2890,
            "1240" : 2673,
            "1256" : 2531,
            "1272" : 2424,
            "1288" : 2404,
            "1304" : 2229,
            "1320" : 2013,
            "1336" : 1822,
            "1352" : 1629,
            "1368" : 1470,
            "1384" : 1405,
            "1400" : 1226,
            "1416" : 1146,
            "1432" : 993,
            "1448" : 980,
            "1464" : 849,
            "1480" : 783,
            "1496" : 797,
            "1512" : 734,
            "1528" : 632,
            "1544" : 620,
            "1560" : 553,
            "1576" : 569,
            "1592" : 545,
            "1608" : 536,
            "1624" : 532,
            "1640" : 506,
            "1656" : 501,
            "1672" : 463,
            "1688" : 488,
            "1704" : 440,
            "1720" : 425,
            "1736" : 384,
            "1752" : 364,
            "1768" : 384,
            "1784" : 373,
            "1800" : 363,
            "1816" : 333,
            "1832" : 327,
            "1848" : 346,
            "1864" : 343,
            "1880" : 293,
            "1896" : 282,
            "1912" : 278,
            "1928" : 273,
            "1944" : 260,
            "1960" : 212,
            "1976" : 230,
            "1992" : 220,
            "2008" : 235,
            "2024" : 233,
            "2040" : 213,
            "2064" : 423,
            "2096" : 421,
            "2128" : 309,
            "2160" : 303,
            "2192" : 269,
            "2224" : 261,
            "2256" : 219,
            "2288" : 193,
            "2320" : 163,
            "2352" : 150,
            "2384" : 177,
            "2416" : 180,
            "2448" : 209,
            "2480" : 219,
            "2512" : 214,
            "2544" : 209,
            "2576" : 191,
            "2608" : 204,
            "2640" : 200,
            "2672" : 221,
            "2704" : 219,
            "2736" : 205,
            "2768" : 229,
            "2800" : 251,
            "2832" : 245,
            "2864" : 222,
            "2896" : 267,
            "2928" : 241,
            "2960" : 233,
            "2992" : 215,
            "3024" : 209,
            "3056" : 221,
            "3088" : 179,
            "3120" : 179,
            "3152" : 146,
            "3184" : 157,
            "3216" : 119,
            "3248" : 116,
            "3280" : 120,
            "3312" : 165,
            "3344" : 243,
            "3376" : 271,
            "3408" : 233,
            "3440" : 253,
            "3472" : 217,
            "3504" : 247,
            "3536" : 218,
            "3568" : 234,
            "3600" : 131,
            "3632" : 131,
            "3664" : 119,
            "3696" : 142,
            "3728" : 163,
            "3760" : 209,
            "3792" : 241,
            "3824" : 331,
            "3856" : 488,
            "3888" : 626,
            "3920" : 884,
            "3952" : 1099,
            "3984" : 1342,
            "4016" : 1622,
            "4048" : 2209,
            "4080" : 3505,
            "4128" : 13305,
            "4192" : 25016,
            "4256" : 27507,
            "4320" : 22762,
            "4384" : 27333,
            "4448" : 47787,
            "4512" : 71238,
            "4576" : 73393,
            "4640" : 63720,
            "4704" : 54215,
            "4768" : 55896,
            "4832" : 68564,
            "4896" : 77039,
            "4960" : 72111,
            "5024" : 55268,
            "5088" : 36215,
            "5152" : 26768,
            "5216" : 30805,
            "5280" : 38531,
            "5344" : 35162,
            "5408" : 20419,
            "5472" : 9392,
            "5536" : 7136,
            "5600" : 9677,
            "5664" : 11473,
            "5728" : 10605,
            "5792" : 7122,
            "5856" : 4213,
            "5920" : 3825,
            "5984" : 6164,
            "6048" : 11148,
            "6112" : 16229,
            "6176" : 17220,
            "6240" : 15852,
            "6304" : 13149,
            "6368" : 9545,
            "6432" : 7430,
            "6496" : 6145,
            "6560" : 4281,
            "6624" : 2699,
            "6688" : 2072,
            "6752" : 2957,
            "6816" : 4171,
            "6880" : 5589,
            "6944" : 7397,
            "7008" : 9579,
            "7072" : 11065,
            "7136" : 10746,
            "7200" : 8980,
            "7264" : 7263,
            "7328" : 5070,
            "7392" : 3087,
            "7456" : 1701,
            "7520" : 990,
            "7584" : 727,
            "7648" : 710,
            "7712" : 825,
            "7776" : 791,
            "7840" : 957,
            "7904" : 1053,
            "7968" : 1221,
            "8032" : 1476,
            "8096" : 1803,
            "8160" : 2182,
            "8256" : 5079,
            "8384" : 4502,
            "8512" : 2603,
            "8640" : 2181,
            "8768" : 8602,
            "8896" : 49754,
            "9024" : 184345,
            "9152" : 523489,
            "9280" : 828689,
            "9408" : 837374,
            "9536" : 675714,
            "9664" : 476547,
            "9792" : 416341,
            "9920" : 434574,
            "10048" : 464412,
            "10176" : 497436,
            "10304" : 468610,
            "10432" : 527694,
            "10560" : 577647,
            "10688" : 566806,
            "10816" : 493077,
            "10944" : 358167,
            "11072" : 228210,
            "11200" : 177363,
            "11328" : 177761,
            "11456" : 185292,
            "11584" : 146649,
            "11712" : 77951,
            "11840" : 34114,
            "11968" : 18872,
            "12096" : 15110,
            "12224" : 13253,
            "12352" : 12277,
            "12480" : 11904,
            "12608" : 11346,
            "12736" : 10583,
            "12864" : 10335,
            "12992" : 10950,
            "13120" : 20800,
            "13248" : 47949,
            "13376" : 75310,
            "13504" : 94730,
            "13632" : 113472,
            "13760" : 122299,
            "13888" : 119736,
            "14016" : 116172,
            "14144" : 108678,
            "14272" : 93010,
            "14400" : 76911,
            "14528" : 63218,
            "14656" : 53345,
            "14784" : 40958,
            "14912" : 28722,
            "15040" : 22349,
            "15168" : 17561,
            "15296" : 13093,
            "15424" : 10871,
            "15552" : 9768,
            "15680" : 8318,
            "15808" : 7602,
            "15936" : 6868,
            "16064" : 6147,
            "16192" : 5231,
            "16320" : 4841,
            "16512" : 8955,
            "16768" : 8553,
            "17024" : 7948,
            "17280" : 7757,
            "17536" : 7545,
            "17792" : 7285,
            "18048" : 7132,
            "18304" : 6761,
            "18560" : 6730,
            "18816" : 6328,
            "19072" : 6399,
            "19328" : 6206,
            "19584" : 5954,
            "19840" : 5934,
            "20096" : 5619,
            "20352" : 5248,
            "20608" : 4852,
            "20864" : 4550,
            "21120" : 4159,
            "21376" : 3784,
            "21632" : 3464,
            "21888" : 3074,
            "22144" : 2856,
            "22400" : 2534,
            "22656" : 2260,
            "22912" : 2092,
            "23168" : 1862,
            "23424" : 1679,
            "23680" : 1653,
            "23936" : 1469,
            "24192" : 1304,
            "24448" : 1225,
            "24704" : 1149,
            "24960" : 1017,
            "25216" : 990,
            "25472" : 912,
            "25728" : 820,
            "25984" : 738,
            "26240" : 684,
            "26496" : 631,
            "26752" : 592,
            "27008" : 477,
            "27264" : 477,
            "27520" : 435,
            "27776" : 450,
            "28032" : 380,
            "28288" : 398,
            "28544" : 358,
            "28800" : 318,
            "29056" : 286,
            "29312" : 262,
            "29568" : 254,
            "29824" : 242,
            "30080" : 235,
            "30336" : 206,
            "30592" : 199,
            "30848" : 190,
            "31104" : 166,
            "31360" : 146,
            "31616" : 161,
            "31872" : 129,
            "32128" : 163,
            "32384" : 152,
            "32640" : 132,
            "33024" : 256,
            "33536" : 243,
            "34048" : 204,
            "34560" : 162,
            "35072" : 161,
            "35584" : 167,
            "36096" : 153,
            "36608" : 141,
            "37120" : 115,
            "37632" : 105,
            "38144" : 110,
            "38656" : 130,
            "39168" : 138,
            "39680" : 144,
            "40192" : 119,
            "40704" : 119,
            "41216" : 103,
            "41728" : 91,
            "42240" : 94,
            "42752" : 94,
            "43264" : 98,
            "43776" : 77,
            "44288" : 93,
            "44800" : 66,
            "45312" : 69,
            "45824" : 82,
            "46336" : 64,
            "46848" : 69,
            "47360" : 65,
            "47872" : 60,
            "48384" : 56,
            "48896" : 62,
            "49408" : 70,
            "49920" : 62,
            "50432" : 49,
            "50944" : 51,
            "51456" : 52,
            "51968" : 49,
            "52480" : 48,
            "52992" : 43,
            "53504" : 43,
            "54016" : 45,
            "54528" : 40,
            "55040" : 44,
            "55552" : 35,
            "56064" : 41,
            "56576" : 29,
            "57088" : 34,
            "57600" : 46,
            "58112" : 38,
            "58624" : 38,
            "59136" : 45,
            "59648" : 39,
            "60160" : 46,
            "60672" : 34,
            "61184" : 43,
            "61696" : 42,
            "62208" : 45,
            "62720" : 44,
            "63232" : 50,
            "63744" : 62,
            "64256" : 46,
            "64768" : 47,
            "65280" : 34,
            "66048" : 94,
            "67072" : 77,
            "68096" : 67,
            "69120" : 89,
            "70144" : 68,
            "71168" : 80,
            "72192" : 86,
            "73216" : 86,
            "74240" : 97,
            "75264" : 60,
            "76288" : 64,
            "77312" : 41,
            "78336" : 40,
            "79360" : 33,
            "80384" : 16,
            "81408" : 17,
            "82432" : 28,
            "83456" : 23,
            "84480" : 25,
            "85504" : 23,
            "86528" : 18,
            "87552" : 21,
            "88576" : 22,
            "89600" : 14,
            "90624" : 16,
            "91648" : 16,
            "92672" : 7,
            "93696" : 9,
            "94720" : 17,
            "95744" : 13,
            "96768" : 12,
            "97792" : 7,
            "98816" : 11,
            "99840" : 18,
            "100864" : 10,
            "101888" : 14,
            "102912" : 11,
            "103936" : 10,
            "104960" : 9,
            "105984" : 5,
            "107008" : 10,
            "108032" : 12,
            "109056" : 17,
            "110080" : 8,
            "111104" : 14,
            "112128" : 17,
            "113152" : 13,
            "114176" : 14,
            "115200" : 10,
            "116224" : 6,
            "117248" : 15,
            "118272" : 12,
            "119296" : 16,
            "120320" : 14,
            "121344" : 16,
            "122368" : 10,
            "123392" : 5,
            "124416" : 8,
            "125440" : 14,
            "126464" : 9,
            "127488" : 9,
            "128512" : 14,
            "129536" : 17,
            "130560" : 13,
            "132096" : 26,
            "134144" : 24,
            "136192" : 19,
            "138240" : 14,
            "140288" : 16,
            "142336" : 8,
            "144384" : 12,
            "146432" : 8,
            "148480" : 6,
            "150528" : 8,
            "152576" : 11,
            "154624" : 6,
            "156672" : 5,
            "158720" : 6,
            "160768" : 5,
            "162816" : 8,
            "164864" : 2,
            "166912" : 5,
            "168960" : 5,
            "171008" : 3,
            "173056" : 8,
            "175104" : 2,
            "177152" : 2,
            "179200" : 1,
            "181248" : 3,
            "183296" : 3,
            "185344" : 3,
            "187392" : 4,
            "189440" : 6,
            "191488" : 6,
            "193536" : 4,
            "195584" : 11,
            "197632" : 7,
            "199680" : 8,
            "201728" : 5,
            "203776" : 11,
            "205824" : 3,
            "207872" : 1,
            "209920" : 6,
            "211968" : 10,
            "214016" : 11,
            "216064" : 13,
            "218112" : 10,
            "220160" : 13,
            "222208" : 19,
            "224256" : 16,
            "226304" : 13,
            "228352" : 19,
            "230400" : 18,
            "232448" : 27,
            "234496" : 20,
            "236544" : 16,
            "238592" : 17,
            "240640" : 14,
            "242688" : 4,
            "244736" : 11,
            "246784" : 7,
            "248832" : 5,
            "250880" : 9,
            "252928" : 5,
            "254976" : 4,
            "257024" : 6,
            "259072" : 4,
            "261120" : 1,
            "264192" : 1,
            "268288" : 2,
            "272384" : 3,
            "276480" : 2,
            "280576" : 2,
            "284672" : 2,
            "288768" : 2,
            "292864" : 2,
            "296960" : 3,
            "305152" : 4,
            "309248" : 4,
            "313344" : 1,
            "317440" : 2,
            "321536" : 2,
            "325632" : 4,
            "329728" : 5,
            "333824" : 1,
            "337920" : 2,
            "342016" : 3,
            "346112" : 2,
            "350208" : 3,
            "354304" : 1,
            "358400" : 2,
            "362496" : 3,
            "366592" : 4,
            "370688" : 5,
            "374784" : 2,
            "378880" : 3,
            "382976" : 3,
            "387072" : 9,
            "391168" : 11,
            "395264" : 10,
            "399360" : 7,
            "403456" : 21,
            "407552" : 27,
            "411648" : 41,
            "415744" : 38,
            "419840" : 17,
            "423936" : 10,
            "428032" : 21,
            "432128" : 13,
            "436224" : 5,
            "440320" : 4,
            "444416" : 1,
            "448512" : 2,
            "456704" : 1,
            "460800" : 1,
            "464896" : 1,
            "481280" : 1,
            "493568" : 1,
            "497664" : 2,
            "501760" : 1,
            "509952" : 3,
            "514048" : 2,
            "522240" : 1,
            "536576" : 1,
            "544768" : 3,
            "552960" : 8,
            "561152" : 5,
            "569344" : 4,
            "577536" : 11,
            "585728" : 13,
            "593920" : 12,
            "602112" : 15,
            "610304" : 5,
            "618496" : 6,
            "626688" : 14,
            "634880" : 11,
            "643072" : 6,
            "651264" : 2,
            "659456" : 3,
            "667648" : 2,
            "675840" : 3,
            "684032" : 3,
            "700416" : 2,
            "708608" : 1,
            "716800" : 4,
            "724992" : 5,
            "733184" : 5,
            "741376" : 2,
            "749568" : 5,
            "757760" : 2,
            "765952" : 4,
            "774144" : 2,
            "790528" : 4,
            "823296" : 4,
            "831488" : 4,
            "839680" : 3,
            "847872" : 1,
            "856064" : 1,
            "864256" : 1,
            "872448" : 4,
            "880640" : 2,
            "888832" : 4,
            "897024" : 4,
            "905216" : 7,
            "913408" : 5,
            "921600" : 6,
            "929792" : 7,
            "937984" : 4,
            "946176" : 3,
            "954368" : 9,
            "962560" : 8,
            "970752" : 13,
            "978944" : 7,
            "987136" : 5,
            "995328" : 3,
            "1003520" : 5,
            "1011712" : 3,
            "1019904" : 3,
            "1028096" : 3,
            "1036288" : 1,
            "1056768" : 1,
            "1073152" : 1,
            "1368064" : 1,
            "1449984" : 1,
            "1515520" : 1,
            "1662976" : 1,
            "1679360" : 1,
            "1990656" : 1,
            "2113536" : 1,
            "2310144" : 1,
            "2342912" : 1,
            "2473984" : 1,
            "2801664" : 1,
            "3129344" : 1,
            "3162112" : 1,
            "3325952" : 1,
            "3358720" : 2,
            "3391488" : 1,
            "7176192" : 1
          }
        },
        "lat_ns" : {
          "min" : 640,
          "max" : 7162152,
          "mean" : 6172.491392,
          "stddev" : 6645.414798,
          "N" : 22001657,
          "percentile" : {
            "1.000000" : 788,
            "5.000000" : 820,
            "10.000000" : 852,
            "20.000000" : 908,
            "30.000000" : 972,
            "40.000000" : 1144,
            "50.000000" : 8512,
            "60.000000" : 9536,
            "70.000000" : 10048,
            "80.000000" : 10560,
            "90.000000" : 11328,
            "95.000000" : 13888,
            "99.000000" : 15680,
            "99.500000" : 18816,
            "99.900000" : 24704,
            "99.950000" : 29056,
            "99.990000" : 74240
          },
          "bins" : {
            "644" : 1,
            "652" : 4,
            "660" : 13,
            "668" : 12,
            "676" : 24,
            "684" : 28,
            "692" : 91,
            "700" : 132,
            "708" : 213,
            "716" : 454,
            "724" : 1034,
            "732" : 2245,
            "740" : 5007,
            "748" : 10273,
            "756" : 18464,
            "764" : 33855,
            "772" : 55286,
            "780" : 85594,
            "788" : 119909,
            "796" : 149746,
            "804" : 194676,
            "812" : 226174,
            "820" : 258057,
            "828" : 278647,
            "836" : 282318,
            "844" : 310903,
            "852" : 318044,
            "860" : 325732,
            "868" : 318551,
            "876" : 298596,
            "884" : 307489,
            "892" : 297829,
            "900" : 298923,
            "908" : 295428,
            "916" : 284442,
            "924" : 302980,
            "932" : 304391,
            "940" : 313102,
            "948" : 307580,
            "956" : 288869,
            "964" : 290399,
            "972" : 267422,
            "980" : 245747,
            "988" : 214539,
            "996" : 174853,
            "1004" : 153718,
            "1012" : 125184,
            "1020" : 101426,
            "1032" : 143321,
            "1048" : 104308,
            "1064" : 93676,
            "1080" : 100636,
            "1096" : 121663,
            "1112" : 138697,
            "1128" : 160179,
            "1144" : 172194,
            "1160" : 170514,
            "1176" : 164166,
            "1192" : 137399,
            "1208" : 109731,
            "1224" : 77773,
            "1240" : 49308,
            "1256" : 30426,
            "1272" : 16841,
            "1288" : 9642,
            "1304" : 5794,
            "1320" : 3863,
            "1336" : 3188,
            "1352" : 2651,
            "1368" : 2463,
            "1384" : 2288,
            "1400" : 2080,
            "1416" : 2000,
            "1432" : 1857,
            "1448" : 1740,
            "1464" : 1730,
            "1480" : 1566,
            "1496" : 1466,
            "1512" : 1388,
            "1528" : 1292,
            "1544" : 1195,
            "1560" : 1111,
            "1576" : 997,
            "1592" : 921,
            "1608" : 838,
            "1624" : 753,
            "1640" : 716,
            "1656" : 693,
            "1672" : 619,
            "1688" : 595,
            "1704" : 549,
            "1720" : 551,
            "1736" : 574,
            "1752" : 489,
            "1768" : 459,
            "1784" : 471,
            "1800" : 455,
            "1816" : 442,
            "1832" : 396,
            "1848" : 429,
            "1864" : 442,
            "1880" : 423,
            "1896" : 426,
            "1912" : 460,
            "1928" : 408,
            "1944" : 377,
            "1960" : 360,
            "1976" : 359,
            "1992" : 340,
            "2008" : 311,
            "2024" : 303,
            "2040" : 319,
            "2064" : 549,
            "2096" : 510,
            "2128" : 604,
            "2160" : 556,
            "2192" : 398,
            "2224" : 346,
            "2256" : 315,
            "2288" : 298,
            "2320" : 265,
            "2352" : 223,
            "2384" : 227,
            "2416" : 222,
            "2448" : 197,
            "2480" : 236,
            "2512" : 258,
            "2544" : 261,
            "2576" : 274,
            "2608" : 279,
            "2640" : 260,
            "2672" : 237,
            "2704" : 256,
            "2736" : 277,
            "2768" : 279,
            "2800" : 266,
            "2832" : 284,
            "2864" : 312,
            "2896" : 272,
            "2928" : 286,
            "2960" : 263,
            "2992" : 295,
            "3024" : 252,
            "3056" : 259,
            "3088" : 244,
            "3120" : 245,
            "3152" : 208,
            "3184" : 197,
            "3216" : 185,
            "3248" : 182,
            "3280" : 152,
            "3312" : 190,
            "3344" : 224,
            "3376" : 275,
            "3408" : 255,
            "3440" : 282,
            "3472" : 264,
            "3504" : 251,
            "3536" : 284,
            "3568" : 264,
            "3600" : 239,
            "3632" : 190,
            "3664" : 126,
            "3696" : 131,
            "3728" : 118,
            "3760" : 129,
            "3792" : 147,
            "3824" : 173,
            "3856" : 220,
            "3888" : 241,
            "3920" : 330,
            "3952" : 472,
            "3984" : 661,
            "4016" : 956,
            "4048" : 1252,
            "4080" : 1501,
            "4128" : 3875,
            "4192" : 6929,
            "4256" : 15097,
            "4320" : 27774,
            "4384" : 32392,
            "4448" : 29015,
            "4512" : 31786,
            "4576" : 49457,
            "4640" : 71517,
            "4704" : 73621,
            "4768" : 64457,
            "4832" : 58249,
            "4896" : 60436,
            "4960" : 69350,
            "5024" : 75119,
            "5088" : 69152,
            "5152" : 52489,
            "5216" : 33620,
            "5280" : 28520,
            "5344" : 36252,
            "5408" : 41299,
            "5472" : 32089,
            "5536" : 16474,
            "5600" : 7936,
            "5664" : 6982,
            "5728" : 10062,
            "5792" : 12328,
            "5856" : 10313,
            "5920" : 6385,
            "5984" : 4298,
            "6048" : 5886,
            "6112" : 10953,
            "6176" : 15707,
            "6240" : 17473,
            "6304" : 17060,
            "6368" : 14228,
            "6432" : 11043,
            "6496" : 8390,
            "6560" : 6175,
            "6624" : 3657,
            "6688" : 2121,
            "6752" : 1703,
            "6816" : 2315,
            "6880" : 3683,
            "6944" : 5402,
            "7008" : 7399,
            "7072" : 10138,
            "7136" : 11823,
            "7200" : 11416,
            "7264" : 10175,
            "7328" : 8605,
            "7392" : 6837,
            "7456" : 4472,
            "7520" : 2470,
            "7584" : 1264,
            "7648" : 842,
            "7712" : 716,
            "7776" : 685,
            "7840" : 811,
            "7904" : 913,
            "7968" : 1095,
            "8032" : 1138,
            "8096" : 1188,
            "8160" : 1506,
            "8256" : 4278,
            "8384" : 5293,
            "8512" : 4156,
            "8640" : 2407,
            "8768" : 3458,
            "8896" : 21714,
            "9024" : 89530,
            "9152" : 307095,
            "9280" : 716482,
            "9408" : 909239,
            "9536" : 761170,
            "9664" : 518690,
            "9792" : 402454,
            "9920" : 411864,
            "10048" : 442820,
            "10176" : 490724,
            "10304" : 507485,
            "10432" : 523966,
            "10560" : 586363,
            "10688" : 586803,
            "10816" : 525770,
            "10944" : 406907,
            "11072" : 266807,
            "11200" : 189313,
            "11328" : 180517,
            "11456" : 187324,
            "11584" : 168372,
            "11712" : 102917,
            "11840" : 46366,
            "11968" : 22318,
            "12096" : 15999,
            "12224" : 13907,
            "12352" : 13205,
            "12480" : 13580,
            "12608" : 13886,
            "12736" : 13881,
            "12864" : 14712,
            "12992" : 15472,
            "13120" : 17730,
            "13248" : 27298,
            "13376" : 52958,
            "13504" : 80264,
            "13632" : 98215,
            "13760" : 116992,
            "13888" : 125354,
            "14016" : 120572,
            "14144" : 116918,
            "14272" : 107579,
            "14400" : 91912,
            "14528" : 76171,
            "14656" : 62887,
            "14784" : 53603,
            "14912" : 41082,
            "15040" : 28856,
            "15168" : 22199,
            "15296" : 17025,
            "15424" : 12595,
            "15552" : 10811,
            "15680" : 9818,
            "15808" : 8413,
            "15936" : 7487,
            "16064" : 7066,
            "16192" : 5991,
            "16320" : 5257,
            "16512" : 9349,
            "16768" : 8623,
            "17024" : 8179,
            "17280" : 7915,
            "17536" : 7640,
            "17792" : 7466,
            "18048" : 7306,
            "18304" : 6894,
            "18560" : 6739,
            "18816" : 6583,
            "19072" : 6314,
            "19328" : 6282,
            "19584" : 6089,
            "19840" : 5965,
            "20096" : 5777,
            "20352" : 5571,
            "20608" : 5085,
            "20864" : 4675,
            "21120" : 4473,
            "21376" : 3951,
            "21632" : 3708,
            "21888" : 3246,
            "22144" : 2983,
            "22400" : 2676,
            "22656" : 2398,
            "22912" : 2168,
            "23168" : 1995,
            "23424" : 1754,
            "23680" : 1693,
            "23936" : 1579,
            "24192" : 1397,
            "24448" : 1229,
            "24704" : 1237,
            "24960" : 1054,
            "25216" : 1055,
            "25472" : 927,
            "25728" : 893,
            "25984" : 799,
            "26240" : 734,
            "26496" : 667,
            "26752" : 617,
            "27008" : 515,
            "27264" : 519,
            "27520" : 456,
            "27776" : 467,
            "28032" : 418,
            "28288" : 381,
            "28544" : 379,
            "28800" : 348,
            "29056" : 314,
            "29312" : 270,
            "29568" : 248,
            "29824" : 269,
            "30080" : 235,
            "30336" : 239,
            "30592" : 208,
            "30848" : 206,
            "31104" : 178,
            "31360" : 166,
            "31616" : 145,
            "31872" : 157,
            "32128" : 151,
            "32384" : 156,
            "32640" : 155,
            "33024" : 245,
            "33536" : 260,
            "34048" : 212,
            "34560" : 169,
            "35072" : 151,
            "35584" : 182,
            "36096" : 159,
            "36608" : 132,
            "37120" : 124,
            "37632" : 118,
            "38144" : 114,
            "38656" : 121,
            "39168" : 143,
            "39680" : 143,
            "40192" : 114,
            "40704" : 120,
            "41216" : 112,
            "41728" : 94,
            "42240" : 88,
            "42752" : 101,
            "43264" : 88,
            "43776" : 83,
            "44288" : 100,
            "44800" : 67,
            "45312" : 75,
            "45824" : 78,
            "46336" : 62,
            "46848" : 75,
            "47360" : 68,
            "47872" : 59,
            "48384" : 54,
            "48896" : 57,
            "49408" : 73,
            "49920" : 64,
            "50432" : 50,
            "50944" : 53,
            "51456" : 48,
            "51968" : 52,
            "52480" : 51,
            "52992" : 42,
            "53504" : 48,
            "54016" : 43,
            "54528" : 41,
            "55040" : 45,
            "55552" : 37,
            "56064" : 37,
            "56576" : 33,
            "57088" : 36,
            "57600" : 37,
            "58112" : 39,
            "58624" : 43,
            "59136" : 46,
            "59648" : 34,
            "60160" : 45,
            "60672" : 39,
            "61184" : 37,
            "61696" : 42,
            "62208" : 46,
            "62720" : 45,
            "63232" : 53,
            "63744" : 59,
            "64256" : 49,
            "64768" : 45,
            "65280" : 36,
            "66048" : 93,
            "67072" : 77,
            "68096" : 69,
            "69120" : 84,
            "70144" : 74,
            "71168" : 76,
            "72192" : 88,
            "73216" : 85,
            "74240" : 97,
            "75264" : 60,
            "76288" : 67,
            "77312" : 37,
            "78336" : 46,
            "79360" : 34,
            "80384" : 17,
            "81408" : 16,
            "82432" : 27,
            "83456" : 24,
            "84480" : 25,
            "85504" : 24,
            "86528" : 20,
            "87552" : 19,
            "88576" : 23,
            "89600" : 15,
            "90624" : 16,
            "91648" : 15,
            "92672" : 9,
            "93696" : 9,
            "94720" : 15,
            "95744" : 13,
            "96768" : 11,
            "97792" : 9,
            "98816" : 11,
            "99840" : 19,
            "100864" : 10,
            "101888" : 13,
            "102912" : 11,
            "103936" : 11,
            "104960" : 9,
            "105984" : 5,
            "107008" : 10,
            "108032" : 11,
            "109056" : 15,
            "110080" : 11,
            "111104" : 14,
            "112128" : 13,
            "113152" : 16,
            "114176" : 13,
            "115200" : 12,
            "116224" : 5,
            "117248" : 14,
            "118272" : 13,
            "119296" : 17,
            "120320" : 14,
            "121344" : 15,
            "122368" : 10,
            "123392" : 5,
            "124416" : 9,
            "125440" : 14,
            "126464" : 9,
            "127488" : 9,
            "128512" : 14,
            "129536" : 15,
            "130560" : 14,
            "132096" : 26,
            "134144" : 23,
            "136192" : 21,
            "138240" : 14,
            "140288" : 15,
            "142336" : 9,
            "144384" : 12,
            "146432" : 8,
            "148480" : 6,
            "150528" : 8,
            "152576" : 10,
            "154624" : 7,
            "156672" : 5,
            "158720" : 6,
            "160768" : 5,
            "162816" : 7,
            "164864" : 3,
            "166912" : 5,
            "168960" : 4,
            "171008" : 3,
            "173056" : 9,
            "175104" : 2,
            "177152" : 2,
            "179200" : 1,
            "181248" : 3,
            "183296" : 3,
            "185344" : 3,
            "187392" : 3,
            "189440" : 7,
            "191488" : 6,
            "193536" : 4,
            "195584" : 11,
            "197632" : 7,
            "199680" : 8,
            "201728" : 5,
            "203776" : 11,
            "205824" : 3,
            "207872" : 1,
            "209920" : 6,
            "211968" : 10,
            "214016" : 11,
            "216064" : 13,
            "218112" : 10,
            "220160" : 13,
            "222208" : 19,
            "224256" : 15,
            "226304" : 14,
            "228352" : 19,
            "230400" : 17,
            "232448" : 25,
            "234496" : 22,
            "236544" : 16,
            "238592" : 17,
            "240640" : 15,
            "242688" : 4,
            "244736" : 9,
            "246784" : 9,
            "248832" : 5,
            "250880" : 9,
            "252928" : 5,
            "254976" : 4,
            "257024" : 6,
            "259072" : 4,
            "261120" : 1,
            "264192" : 1,
            "268288" : 2,
            "272384" : 3,
            "276480" : 2,
            "280576" : 2,
            "284672" : 2,
            "288768" : 2,
            "292864" : 2,
            "296960" : 3,
            "305152" : 4,
            "309248" : 4,
            "313344" : 1,
            "317440" : 2,
            "321536" : 2,
            "325632" : 4,
            "329728" : 5,
            "333824" : 1,
            "337920" : 2,
            "342016" : 3,
            "346112" : 2,
            "350208" : 3,
            "354304" : 1,
            "358400" : 2,
            "362496" : 2,
            "366592" : 5,
            "370688" : 5,
            "374784" : 2,
            "378880" : 3,
            "382976" : 3,
            "387072" : 9,
            "391168" : 11,
            "395264" : 10,
            "399360" : 7,
            "403456" : 21,
            "407552" : 26,
            "411648" : 42,
            "415744" : 38,
            "419840" : 16,
            "423936" : 10,
            "428032" : 21,
            "432128" : 14,
            "436224" : 4,
            "440320" : 5,
            "444416" : 1,
            "448512" : 1,
            "452608" : 1,
            "456704" : 1,
            "460800" : 1,
            "468992" : 1,
            "481280" : 1,
            "493568" : 1,
            "497664" : 1,
            "501760" : 2,
            "509952" : 3,
            "514048" : 2,
            "522240" : 1,
            "536576" : 1,
            "544768" : 3,
            "552960" : 8,
            "561152" : 5,
            "569344" : 4,
            "577536" : 11,
            "585728" : 13,
            "593920" : 12,
            "602112" : 15,
            "610304" : 5,
            "618496" : 6,
            "626688" : 14,
            "634880" : 11,
            "643072" : 6,
            "651264" : 2,
            "659456" : 3,
            "667648" : 2,
            "675840" : 3,
            "684032" : 3,
            "700416" : 2,
            "708608" : 1,
            "716800" : 4,
            "724992" : 5,
            "733184" : 5,
            "741376" : 2,
            "749568" : 5,
            "757760" : 2,
            "765952" : 4,
            "774144" : 2,
            "790528" : 4,
            "823296" : 3,
            "831488" : 5,
            "839680" : 3,
            "856064" : 2,
            "864256" : 1,
            "872448" : 4,
            "880640" : 2,
            "888832" : 4,
            "897024" : 4,
            "905216" : 7,
            "913408" : 5,
            "921600" : 6,
            "929792" : 7,
            "937984" : 4,
            "946176" : 3,
            "954368" : 9,
            "962560" : 8,
            "970752" : 13,
            "978944" : 7,
            "987136" : 5,
            "995328" : 3,
            "1003520" : 5,
            "1011712" : 3,
            "1019904" : 3,
            "1028096" : 3,
            "1036288" : 1,
            "1056768" : 1,
            "1073152" : 1,
            "1368064" : 1,
            "1449984" : 1,
            "1515520" : 1,
            "1662976" : 1,
            "1679360" : 1,
            "1990656" : 1,
            "2113536" : 1,
            "2310144" : 1,
            "2342912" : 1,
            "2473984" : 1,
            "2801664" : 1,
            "3129344" : 1,
            "3162112" : 1,
            "3325952" : 1,
            "3358720" : 2,
            "3391488" : 1,
            "7176192" : 1
          }
        },
        "bw_min" : 254480,
        "bw_max" : 306304,
        "bw_agg" : 100.000000,
        "bw_mean" : 293436.808013,
        "bw_dev" : 3602.109314,
        "bw_samples" : 599,
        "iops_min" : 63620,
        "iops_max" : 76576,
        "iops_mean" : 73359.235392,
        "iops_stddev" : 900.528160,
        "iops_samples" : 599
      },
      "write" : {
        "io_bytes" : 90113454080,
        "io_kbytes" : 88001420,
        "bw_bytes" : 300377179,
        "bw" : 293337,
        "iops" : 73334.272219,
        "runtime" : 300001,
        "total_ios" : 22000355,
        "short_ios" : 0,
        "drop_ios" : 0,
        "slat_ns" : {
          "min" : 0,
          "max" : 0,
          "mean" : 0.000000,
          "stddev" : 0.000000,
          "N" : 0
        },
        "clat_ns" : {
          "min" : 835,
          "max" : 3149539,
          "mean" : 2139.631441,
          "stddev" : 1870.444080,
          "N" : 22000355,
          "percentile" : {
            "1.000000" : 1064,
            "5.000000" : 1080,
            "10.000000" : 1096,
            "20.000000" : 1192,
            "30.000000" : 1448,
            "40.000000" : 1528,
            "50.000000" : 1656,
            "60.000000" : 1800,
            "70.000000" : 2128,
            "80.000000" : 2320,
            "90.000000" : 5088,
            "95.000000" : 5728,
            "99.000000" : 6496,
            "99.500000" : 7072,
            "99.900000" : 9920,
            "99.950000" : 13120,
            "99.990000" : 20608
          },
          "bins" : {
            "836" : 11,
            "844" : 260,
            "852" : 1812,
            "860" : 5379,
            "868" : 7888,
            "876" : 7428,
            "884" : 5585,
            "892" : 3041,
            "900" : 1518,
            "908" : 901,
            "916" : 543,
            "924" : 395,
            "932" : 223,
            "940" : 137,
            "948" : 86,
            "956" : 94,
            "964" : 206,
            "972" : 437,
            "980" : 763,
            "988" : 964,
            "996" : 1014,
            "1004" : 1449,
            "1012" : 1932,
            "1020" : 2329,
            "1032" : 3730,
            "1048" : 6004,
            "1064" : 231085,
            "1080" : 816337,
            "1096" : 1156813,
            "1112" : 877924,
            "1128" : 553203,
            "1144" : 333578,
            "1160" : 206536,
            "1176" : 162091,
            "1192" : 133383,
            "1208" : 111306,
            "1224" : 79172,
            "1240" : 46518,
            "1256" : 27232,
            "1272" : 16810,
            "1288" : 14369,
            "1304" : 22150,
            "1320" : 45025,
            "1336" : 78148,
            "1352" : 104322,
            "1368" : 129135,
            "1384" : 156153,
            "1400" : 217295,
            "1416" : 318572,
            "1432" : 407548,
            "1448" : 497616,
            "1464" : 513460,
            "1480" : 465123,
            "1496" : 437124,
            "1512" : 409974,
            "1528" : 411183,
            "1544" : 388799,
            "1560" : 340194,
            "1576" : 302832,
            "1592" : 252739,
            "1608" : 222405,
            "1624" : 197463,
            "1640" : 179041,
            "1656" : 185833,
            "1672" : 199036,
            "1688" : 234109,
            "1704" : 263527,
            "1720" : 275472,
            "1736" : 284705,
            "1752" : 267281,
            "1768" : 249146,
            "1784" : 216788,
            "1800" : 177346,
            "1816" : 158834,
            "1832" : 141871,
            "1848" : 136899,
            "1864" : 123872,
            "1880" : 102199,
            "1896" : 86716,
            "1912" : 73262,
            "1928" : 68841,
            "1944" : 66396,
            "1960" : 64518,
            "1976" : 68792,
            "1992" : 74436,
            "2008" : 86486,
            "2024" : 99763,
            "2040" : 108980,
            "2064" : 254547,
            "2096" : 313466,
            "2128" : 351322,
            "2160" : 344265,
            "2192" : 314524,
            "2224" : 304997,
            "2256" : 329305,
            "2288" : 349623,
            "2320" : 356614,
            "2352" : 336648,
            "2384" : 293405,
            "2416" : 244433,
            "2448" : 188734,
            "2480" : 143900,
            "2512" : 106618,
            "2544" : 76930,
            "2576" : 56774,
            "2608" : 41135,
            "2640" : 31021,
            "2672" : 24485,
            "2704" : 19821,
            "2736" : 16844,
            "2768" : 14599,
            "2800" : 12615,
            "2832" : 11417,
            "2864" : 10365,
            "2896" : 9683,
            "2928" : 9120,
            "2960" : 8400,
            "2992" : 7769,
            "3024" : 7215,
            "3056" : 6710,
            "3088" : 6244,
            "3120" : 5566,
            "3152" : 5086,
            "3184" : 4601,
            "3216" : 4503,
            "3248" : 4012,
            "3280" : 3700,
            "3312" : 3605,
            "3344" : 3336,
            "3376" : 3272,
            "3408" : 3175,
            "3440" : 3079,
            "3472" : 2954,
            "3504" : 2850,
            "3536" : 2717,
            "3568" : 2647,
            "3600" : 2393,
            "3632" : 2460,
            "3664" : 2373,
            "3696" : 2399,
            "3728" : 2242,
            "3760" : 2177,
            "3792" : 2178,
            "3824" : 2126,
            "3856" : 2095,
            "3888" : 1997,
            "3920" : 2019,
            "3952" : 1762,
            "3984" : 1777,
            "4016" : 1756,
            "4048" : 1748,
            "4080" : 1708,
            "4128" : 3237,
            "4192" : 3256,
            "4256" : 3405,
            "4320" : 4341,
            "4384" : 5512,
            "4448" : 6157,
            "4512" : 6071,
            "4576" : 7047,
            "4640" : 10784,
            "4704" : 17564,
            "4768" : 25785,
            "4832" : 37414,
            "4896" : 52346,
            "4960" : 64858,
            "5024" : 68933,
            "5088" : 77975,
            "5152" : 90015,
            "5216" : 105385,
            "5280" : 124767,
            "5344" : 123933,
            "5408" : 110780,
            "5472" : 116733,
            "5536" : 129818,
            "5600" : 140157,
            "5664" : 139818,
            "5728" : 128634,
            "5792" : 113586,
            "5856" : 103894,
            "5920" : 99445,
            "5984" : 87509,
            "6048" : 71963,
            "6112" : 60268,
            "6176" : 51535,
            "6240" : 45283,
            "6304" : 41822,
            "6368" : 38844,
            "6432" : 33654,
            "6496" : 25784,
            "6560" : 18780,
            "6624" : 13657,
            "6688" : 11704,
            "6752" : 9866,
            "6816" : 8325,
            "6880" : 8134,
            "6944" : 7651,
            "7008" : 6437,
            "7072" : 5285,
            "7136" : 4244,
            "7200" : 3900,
            "7264" : 4016,
            "7328" : 4964,
            "7392" : 7481,
            "7456" : 9825,
            "7520" : 9986,
            "7584" : 7355,
            "7648" : 4424,
            "7712" : 2542,
            "7776" : 1619,
            "7840" : 1359,
            "7904" : 1290,
            "7968" : 1549,
            "8032" : 1825,
            "8096" : 1796,
            "8160" : 1634,
            "8256" : 3237,
            "8384" : 2856,
            "8512" : 1944,
            "8640" : 1333,
            "8768" : 1105,
            "8896" : 954,
            "9024" : 881,
            "9152" : 885,
            "9280" : 793,
            "9408" : 694,
            "9536" : 614,
            "9664" : 632,
            "9792" : 534,
            "9920" : 571,
            "10048" : 499,
            "10176" : 465,
            "10304" : 443,
            "10432" : 424,
            "10560" : 480,
            "10688" : 424,
            "10816" : 376,
            "10944" : 422,
            "11072" : 378,
            "11200" : 393,
            "11328" : 384,
            "11456" : 385,
            "11584" : 384,
            "11712" : 339,
            "11840" : 370,
            "11968" : 380,
            "12096" : 448,
            "12224" : 440,
            "12352" : 456,
            "12480" : 463,
            "12608" : 482,
            "12736" : 454,
            "12864" : 464,
            "12992" : 435,
            "13120" : 431,
            "13248" : 399,
            "13376" : 400,
            "13504" : 367,
            "13632" : 372,
            "13760" : 279,
            "13888" : 280,
            "14016" : 240,
            "14144" : 221,
            "14272" : 179,
            "14400" : 181,
            "14528" : 175,
            "14656" : 181,
            "14784" : 158,
            "14912" : 162,
            "15040" : 133,
            "15168" : 169,
            "15296" : 182,
            "15424" : 133,
            "15552" : 131,
            "15680" : 152,
            "15808" : 136,
            "15936" : 167,
            "16064" : 196,
            "16192" : 167,
            "16320" : 178,
            "16512" : 293,
            "16768" : 338,
            "17024" : 333,
            "17280" : 307,
            "17536" : 252,
            "17792" : 237,
            "18048" : 207,
            "18304" : 240,
            "18560" : 180,
            "18816" : 183,
            "19072" : 161,
            "19328" : 157,
            "19584" : 143,
            "19840" : 122,
            "20096" : 143,
            "20352" : 136,
            "20608" : 105,
            "20864" : 88,
            "21120" : 117,
            "21376" : 79,
            "21632" : 85,
            "21888" : 69,
            "22144" : 63,
            "22400" : 67,
            "22656" : 80,
            "22912" : 63,
            "23168" : 48,
            "23424" : 47,
            "23680" : 52,
            "23936" : 39,
            "24192" : 24,
            "24448" : 40,
            "24704" : 30,
            "24960" : 31,
            "25216" : 26,
            "25472" : 22,
            "25728" : 32,
            "25984" : 28,
            "26240" : 21,
            "26496" : 27,
            "26752" : 23,
            "27008" : 29,
            "27264" : 23,
            "27520" : 24,
            "27776" : 24,
            "28032" : 20,
            "28288" : 17,
            "28544" : 26,
            "28800" : 17,
            "29056" : 19,
            "29312" : 10,
            "29568" : 12,
            "29824" : 12,
            "30080" : 13,
            "30336" : 11,
            "30592" : 8,
            "30848" : 10,
            "31104" : 9,
            "31360" : 9,
            "31616" : 9,
            "31872" : 7,
            "32128" : 12,
            "32384" : 8,
            "32640" : 13,
            "33024" : 21,
            "33536" : 24,
            "34048" : 13,
            "34560" : 23,
            "35072" : 20,
            "35584" : 17,
            "36096" : 13,
            "36608" : 14,
            "37120" : 15,
            "37632" : 13,
            "38144" : 10,
            "38656" : 10,
            "39168" : 10,
            "39680" : 7,
            "40192" : 14,
            "40704" : 10,
            "41216" : 9,
            "41728" : 10,
            "42240" : 9,
            "42752" : 9,
            "43264" : 12,
            "43776" : 6,
            "44288" : 10,
            "44800" : 6,
            "45312" : 7,
            "45824" : 7,
            "46336" : 6,
            "46848" : 11,
            "47360" : 4,
            "47872" : 3,
            "48384" : 9,
            "48896" : 1,
            "49408" : 6,
            "49920" : 3,
            "50432" : 3,
            "50944" : 1,
            "51456" : 1,
            "51968" : 2,
            "52480" : 2,
            "52992" : 5,
            "53504" : 4,
            "54016" : 5,
            "55040" : 4,
            "55552" : 2,
            "56064" : 1,
            "56576" : 1,
            "57600" : 1,
            "58112" : 2,
            "58624" : 1,
            "60160" : 2,
            "60672" : 6,
            "61184" : 1,
            "61696" : 2,
            "62720" : 1,
            "63232" : 4,
            "63744" : 10,
            "64256" : 6,
            "64768" : 11,
            "65280" : 12,
            "66048" : 11,
            "67072" : 10,
            "68096" : 12,
            "69120" : 13,
            "70144" : 7,
            "71168" : 3,
            "72192" : 2,
            "73216" : 2,
            "74240" : 1,
            "75264" : 2,
            "76288" : 3,
            "77312" : 2,
            "79360" : 2,
            "81408" : 1,
            "82432" : 3,
            "83456" : 1,
            "85504" : 3,
            "86528" : 1,
            "87552" : 1,
            "88576" : 2,
            "90624" : 1,
            "91648" : 1,
            "92672" : 1,
            "94720" : 2,
            "98816" : 1,
            "100864" : 1,
            "104960" : 1,
            "107008" : 1,
            "110080" : 1,
            "120320" : 1,
            "154624" : 1,
            "158720" : 1,
            "173056" : 2,
            "175104" : 1,
            "181248" : 1,
            "185344" : 1,
            "189440" : 1,
            "191488" : 2,
            "207872" : 1,
            "280576" : 1,
            "288768" : 1,
            "292864" : 1,
            "391168" : 1,
            "448512" : 1,
            "514048" : 1,
            "626688" : 1,
            "897024" : 1,
            "937984" : 1,
            "1482752" : 1,
            "2342912" : 1,
            "3129344" : 1,
            "3162112" : 1
          }
        },
        "lat_ns" : {
          "min" : 876,
          "max" : 3149811,
          "mean" : 2243.059561,
          "stddev" : 1907.794827,
          "N" : 22000355,
          "percentile" : {
            "1.000000" : 1112,
            "5.000000" : 1128,
            "10.000000" : 1144,
            "20.000000" : 1240,
            "30.000000" : 1496,
            "40.000000" : 1624,
            "50.000000" : 1752,
            "60.000000" : 1880,
            "70.000000" : 2224,
            "80.000000" : 2448,
            "90.000000" : 5280,
            "95.000000" : 5856,
            "99.000000" : 6624,
            "99.500000" : 7392,
            "99.900000" : 10304,
            "99.950000" : 13504,
            "99.990000" : 20864
          },
          "bins" : {
            "876" : 7,
            "884" : 121,
            "892" : 727,
            "900" : 2274,
            "908" : 4226,
            "916" : 6170,
            "924" : 7495,
            "932" : 5990,
            "940" : 3507,
            "948" : 1933,
            "956" : 1007,
            "964" : 651,
            "972" : 424,
            "980" : 297,
            "988" : 205,
            "996" : 128,
            "1004" : 172,
            "1012" : 274,
            "1020" : 506,
            "1032" : 1508,
            "1048" : 2584,
            "1064" : 3975,
            "1080" : 3719,
            "1096" : 15823,
            "1112" : 300104,
            "1128" : 832606,
            "1144" : 1111714,
            "1160" : 843572,
            "1176" : 521429,
            "1192" : 293636,
            "1208" : 184965,
            "1224" : 147183,
            "1240" : 131751,
            "1256" : 122021,
            "1272" : 98459,
            "1288" : 71487,
            "1304" : 43432,
            "1320" : 24208,
            "1336" : 15090,
            "1352" : 13607,
            "1368" : 25949,
            "1384" : 49869,
            "1400" : 77720,
            "1416" : 108547,
            "1432" : 145909,
            "1448" : 230276,
            "1464" : 321099,
            "1480" : 393435,
            "1496" : 452082,
            "1512" : 425075,
            "1528" : 367955,
            "1544" : 304662,
            "1560" : 264874,
            "1576" : 262073,
            "1592" : 253081,
            "1608" : 261264,
            "1624" : 270483,
            "1640" : 275027,
            "1656" : 287460,
            "1672" : 279407,
            "1688" : 275747,
            "1704" : 261864,
            "1720" : 241738,
            "1736" : 239741,
            "1752" : 236843,
            "1768" : 260714,
            "1784" : 283136,
            "1800" : 295054,
            "1816" : 303242,
            "1832" : 277641,
            "1848" : 253720,
            "1864" : 226248,
            "1880" : 198113,
            "1896" : 184806,
            "1912" : 157599,
            "1928" : 136201,
            "1944" : 114609,
            "1960" : 96813,
            "1976" : 88990,
            "1992" : 78176,
            "2008" : 73645,
            "2024" : 69193,
            "2040" : 66783,
            "2064" : 140498,
            "2096" : 160426,
            "2128" : 178240,
            "2160" : 202307,
            "2192" : 245286,
            "2224" : 286948,
            "2256" : 317372,
            "2288" : 319961,
            "2320" : 316374,
            "2352" : 312083,
            "2384" : 323914,
            "2416" : 339074,
            "2448" : 321538,
            "2480" : 280212,
            "2512" : 229233,
            "2544" : 181605,
            "2576" : 147240,
            "2608" : 119383,
            "2640" : 100518,
            "2672" : 84121,
            "2704" : 67082,
            "2736" : 52010,
            "2768" : 39138,
            "2800" : 29332,
            "2832" : 23212,
            "2864" : 18543,
            "2896" : 15417,
            "2928" : 13147,
            "2960" : 11452,
            "2992" : 10348,
            "3024" : 9225,
            "3056" : 8606,
            "3088" : 7896,
            "3120" : 7212,
            "3152" : 6879,
            "3184" : 6270,
            "3216" : 5835,
            "3248" : 5327,
            "3280" : 4859,
            "3312" : 4464,
            "3344" : 4068,
            "3376" : 3943,
            "3408" : 3620,
            "3440" : 3513,
            "3472" : 3459,
            "3504" : 3440,
            "3536" : 3346,
            "3568" : 3163,
            "3600" : 2940,
            "3632" : 2924,
            "3664" : 2681,
            "3696" : 2590,
            "3728" : 2572,
            "3760" : 2401,
            "3792" : 2310,
            "3824" : 2311,
            "3856" : 2041,
            "3888" : 2213,
            "3920" : 2152,
            "3952" : 2156,
            "3984" : 2047,
            "4016" : 1944,
            "4048" : 2025,
            "4080" : 1881,
            "4128" : 3751,
            "4192" : 3534,
            "4256" : 3415,
            "4320" : 3399,
            "4384" : 3721,
            "4448" : 4527,
            "4512" : 5778,
            "4576" : 6546,
            "4640" : 6815,
            "4704" : 7755,
            "4768" : 11973,
            "4832" : 19142,
            "4896" : 26455,
            "4960" : 34777,
            "5024" : 49006,
            "5088" : 67188,
            "5152" : 77860,
            "5216" : 84146,
            "5280" : 90620,
            "5344" : 102657,
            "5408" : 125332,
            "5472" : 129851,
            "5536" : 117015,
            "5600" : 119032,
            "5664" : 126330,
            "5728" : 133252,
            "5792" : 142193,
            "5856" : 140264,
            "5920" : 128721,
            "5984" : 112436,
            "6048" : 101599,
            "6112" : 90873,
            "6176" : 76926,
            "6240" : 65929,
            "6304" : 56415,
            "6368" : 48940,
            "6432" : 44293,
            "6496" : 39117,
            "6560" : 32898,
            "6624" : 25753,
            "6688" : 19462,
            "6752" : 15054,
            "6816" : 12697,
            "6880" : 10662,
            "6944" : 8810,
            "7008" : 8074,
            "7072" : 7587,
            "7136" : 6904,
            "7200" : 5805,
            "7264" : 5095,
            "7328" : 4643,
            "7392" : 4865,
            "7456" : 5995,
            "7520" : 8675,
            "7584" : 10537,
            "7648" : 10032,
            "7712" : 7877,
            "7776" : 5614,
            "7840" : 3985,
            "7904" : 2430,
            "7968" : 1739,
            "8032" : 1686,
            "8096" : 1863,
            "8160" : 1973,
            "8256" : 3496,
            "8384" : 3307,
            "8512" : 2707,
            "8640" : 1906,
            "8768" : 1369,
            "8896" : 1145,
            "9024" : 1065,
            "9152" : 905,
            "9280" : 934,
            "9408" : 857,
            "9536" : 718,
            "9664" : 706,
            "9792" : 629,
            "9920" : 613,
            "10048" : 575,
            "10176" : 544,
            "10304" : 495,
            "10432" : 498,
            "10560" : 464,
            "10688" : 473,
            "10816" : 466,
            "10944" : 441,
            "11072" : 447,
            "11200" : 401,
            "11328" : 442,
            "11456" : 439,
            "11584" : 395,
            "11712" : 398,
            "11840" : 399,
            "11968" : 416,
            "12096" : 423,
            "12224" : 496,
            "12352" : 454,
            "12480" : 528,
            "12608" : 484,
            "12736" : 514,
            "12864" : 484,
            "12992" : 511,
            "13120" : 450,
            "13248" : 444,
            "13376" : 391,
            "13504" : 420,
            "13632" : 368,
            "13760" : 392,
            "13888" : 282,
            "14016" : 285,
            "14144" : 261,
            "14272" : 217,
            "14400" : 197,
            "14528" : 183,
            "14656" : 188,
            "14784" : 208,
            "14912" : 138,
            "15040" : 171,
            "15168" : 155,
            "15296" : 175,
            "15424" : 183,
            "15552" : 148,
            "15680" : 130,
            "15808" : 161,
            "15936" : 159,
            "16064" : 172,
            "16192" : 192,
            "16320" : 181,
            "16512" : 332,
            "16768" : 331,
            "17024" : 345,
            "17280" : 338,
            "17536" : 285,
            "17792" : 246,
            "18048" : 246,
            "18304" : 244,
            "18560" : 196,
            "18816" : 202,
            "19072" : 187,
            "19328" : 153,
            "19584" : 160,
            "19840" : 137,
            "20096" : 139,
            "20352" : 149,
            "20608" : 131,
            "20864" : 104,
            "21120" : 108,
            "21376" : 99,
            "21632" : 91,
            "21888" : 80,
            "22144" : 76,
            "22400" : 64,
            "22656" : 80,
            "22912" : 85,
            "23168" : 48,
            "23424" : 54,
            "23680" : 42,
            "23936" : 46,
            "24192" : 37,
            "24448" : 35,
            "24704" : 33,
            "24960" : 32,
            "25216" : 27,
            "25472" : 24,
            "25728" : 31,
            "25984" : 30,
            "26240" : 27,
            "26496" : 26,
            "26752" : 23,
            "27008" : 27,
            "27264" : 26,
            "27520" : 30,
            "27776" : 27,
            "28032" : 19,
            "28288" : 20,
            "28544" : 26,
            "28800" : 23,
            "29056" : 16,
            "29312" : 10,
            "29568" : 14,
            "29824" : 14,
            "30080" : 15,
            "30336" : 12,
            "30592" : 9,
            "30848" : 8,
            "31104" : 13,
            "31360" : 10,
            "31616" : 8,
            "31872" : 12,
            "32128" : 7,
            "32384" : 16,
            "32640" : 9,
            "33024" : 21,
            "33536" : 24,
            "34048" : 13,
            "34560" : 25,
            "35072" : 22,
            "35584" : 16,
            "36096" : 18,
            "36608" : 14,
            "37120" : 14,
            "37632" : 15,
            "38144" : 10,
            "38656" : 8,
            "39168" : 13,
            "39680" : 7,
            "40192" : 8,
            "40704" : 18,
            "41216" : 8,
            "41728" : 10,
            "42240" : 8,
            "42752" : 7,
            "43264" : 13,
            "43776" : 9,
            "44288" : 8,
            "44800" : 10,
            "45312" : 7,
            "45824" : 8,
            "46336" : 5,
            "46848" : 10,
            "47360" : 6,
            "47872" : 4,
            "48384" : 6,
            "48896" : 3,
            "49408" : 4,
            "49920" : 4,
            "50432" : 3,
            "50944" : 2,
            "51456" : 2,
            "51968" : 1,
            "52480" : 2,
            "52992" : 7,
            "53504" : 2,
            "54016" : 6,
            "54528" : 1,
            "55040" : 4,
            "55552" : 3,
            "56064" : 1,
            "56576" : 1,
            "58112" : 3,
            "58624" : 1,
            "60160" : 2,
            "60672" : 4,
            "61184" : 3,
            "61696" : 2,
            "62720" : 1,
            "63232" : 4,
            "63744" : 8,
            "64256" : 6,
            "64768" : 13,
            "65280" : 11,
            "66048" : 15,
            "67072" : 10,
            "68096" : 11,
            "69120" : 15,
            "70144" : 7,
            "71168" : 3,
            "72192" : 2,
            "73216" : 1,
            "74240" : 2,
            "75264" : 2,
            "76288" : 3,
            "77312" : 2,
            "79360" : 2,
            "81408" : 1,
            "82432" : 2,
            "83456" : 2,
            "85504" : 3,
            "86528" : 1,
            "87552" : 1,
            "88576" : 2,
            "90624" : 1,
            "91648" : 1,
            "92672" : 1,
            "94720" : 2,
            "98816" : 1,
            "101888" : 1,
            "104960" : 1,
            "107008" : 1,
            "110080" : 1,
            "120320" : 1,
            "154624" : 1,
            "158720" : 1,
            "173056" : 2,
            "175104" : 1,
            "183296" : 1,
            "185344" : 1,
            "189440" : 1,
            "191488" : 2,
            "207872" : 1,
            "280576" : 1,
            "288768" : 1,
            "292864" : 1,
            "391168" : 1,
            "448512" : 1,
            "514048" : 1,
            "626688" : 1,
            "905216" : 1,
            "937984" : 1,
            "1482752" : 1,
            "2342912" : 1,
            "3129344" : 1,
            "3162112" : 1
          }
        },
        "bw_min" : 257888,
        "bw_max" : 308632,
        "bw_agg" : 100.000000,
        "bw_mean" : 293419.806344,
        "bw_dev" : 4022.521420,
        "bw_samples" : 599,
        "iops_min" : 64472,
        "iops_max" : 77158,
        "iops_mean" : 73354.954925,
        "iops_stddev" : 1005.638038,
        "iops_samples" : 599
      },
      "trim" : {
        "io_bytes" : 0,
        "io_kbytes" : 0,
        "bw_bytes" : 0,
        "bw" : 0,
        "iops" : 0.000000,
        "runtime" : 0,
        "total_ios" : 0,
        "short_ios" : 0,
        "drop_ios" : 0,
        "slat_ns" : {
          "min" : 0,
          "max" : 0,
          "mean" : 0.000000,
          "stddev" : 0.000000,
          "N" : 0
        },
        "clat_ns" : {
          "min" : 0,
          "max" : 0,
          "mean" : 0.000000,
          "stddev" : 0.000000,
          "N" : 0
        },
        "lat_ns" : {
          "min" : 0,
          "max" : 0,
          "mean" : 0.000000,
          "stddev" : 0.000000,
          "N" : 0
        },
        "bw_min" : 0,
        "bw_max" : 0,
        "bw_agg" : 0.000000,
        "bw_mean" : 0.000000,
        "bw_dev" : 0.000000,
        "bw_samples" : 0,
        "iops_min" : 0,
        "iops_max" : 0,
        "iops_mean" : 0.000000,
        "iops_stddev" : 0.000000,
        "iops_samples" : 0
      },
      "sync" : {
        "total_ios" : 0,
        "lat_ns" : {
          "min" : 0,
          "max" : 0,
          "mean" : 0.000000,
          "stddev" : 0.000000,
          "N" : 0
        }
      },
      "job_runtime" : 300000,
      "usr_cpu" : 13.884000,
      "sys_cpu" : 70.890000,
      "ctx" : 11291773,
      "majf" : 0,
      "minf" : 20,
      "iodepth_level" : {
        "1" : 100.000000,
        "2" : 0.000000,
        "4" : 0.000000,
        "8" : 0.000000,
        "16" : 0.000000,
        "32" : 0.000000,
        ">=64" : 0.000000
      },
      "iodepth_submit" : {
        "0" : 0.000000,
        "4" : 100.000000,
        "8" : 0.000000,
        "16" : 0.000000,
        "32" : 0.000000,
        "64" : 0.000000,
        ">=64" : 0.000000
      },
      "iodepth_complete" : {
        "0" : 0.000000,
        "4" : 100.000000,
        "8" : 0.000000,
        "16" : 0.000000,
        "32" : 0.000000,
        "64" : 0.000000,
        ">=64" : 0.000000
      },
      "latency_ns" : {
        "2" : 0.000000,
        "4" : 0.000000,
        "10" : 0.000000,
        "20" : 0.000000,
        "50" : 0.000000,
        "100" : 0.000000,
        "250" : 0.000000,
        "500" : 0.000000,
        "750" : 0.532530,
        "1000" : 19.096409
      },
      "latency_us" : {
        "2" : 35.360649,
        "4" : 11.360967,
        "10" : 18.817330,
        "20" : 14.656607,
        "50" : 0.165492,
        "100" : 0.010000,
        "250" : 0.010000,
        "500" : 0.010000,
        "750" : 0.010000,
        "1000" : 0.010000
      },
      "latency_ms" : {
        "2" : 0.010000,
        "4" : 0.010000,
        "10" : 0.010000,
        "20" : 0.000000,
        "50" : 0.000000,
        "100" : 0.000000,
        "250" : 0.000000,
        "500" : 0.000000,
        "750" : 0.000000,
        "1000" : 0.000000,
        "2000" : 0.000000,
        ">=2000" : 0.000000
      },
      "latency_depth" : 128,
      "latency_target" : 0,
      "latency_percentile" : 100.000000,
      "latency_window" : 0
    }
  ],
  "disk_util" : [
    {
      "name" : "loop25",
      "read_ios" : 11134723,
      "write_ios" : 21953385,
      "read_merges" : 0,
      "write_merges" : 0,
      "read_ticks" : 79172,
      "write_ticks" : 206378,
      "in_queue" : 0,
      "util" : 99.995332
    }
  ]
}
