{
  "fio version" : "fio-3.32-36-g5932",
  "timestamp" : 1664205212,
  "timestamp_ms" : 1664205212016,
  "time" : "Mon Sep 26 17:13:32 2022",
  "global options" : {
    "size" : "32K",
    "rw" : "randrw",
    "bs" : "4K",
    "numjobs" : "1",
    "iodepth" : "128",
    "runtime" : "300",
    "end_fsync" : "1",
    "lat_percentiles" : "1",
    "slat_percentiles" : "1",
    "clat_percentiles" : "1"
  },
  "jobs" : [
    {
      "jobname" : "random-rw",
      "groupid" : 0,
      "error" : 0,
      "eta" : 0,
      "elapsed" : 301,
      "job options" : {
        "name" : "random-rw"
      },
      "read" : {
        "io_bytes" : 80388546560,
        "io_kbytes" : 78504440,
        "bw_bytes" : 267960928,
        "bw" : 261680,
        "iops" : 65420.148600,
        "runtime" : 300001,
        "total_ios" : 19626110,
        "short_ios" : 0,
        "drop_ios" : 0,
        "slat_ns" : {
          "min" : 0,
          "max" : 0,
          "mean" : 0.000000,
          "stddev" : 0.000000,
          "N" : 0
        },
        "clat_ns" : {
          "min" : 616,
          "max" : 12821041,
          "mean" : 8124.463265,
          "stddev" : 13081.209520,
          "N" : 19626110,
          "percentile" : {
            "1.000000" : 740,
            "5.000000" : 780,
            "10.000000" : 812,
            "20.000000" : 908,
            "30.000000" : 6304,
            "40.000000" : 9280,
            "50.000000" : 9536,
            "60.000000" : 10048,
            "70.000000" : 10560,
            "80.000000" : 10944,
            "90.000000" : 11968,
            "95.000000" : 15936,
            "99.000000" : 21120,
            "99.500000" : 23680,
            "99.900000" : 42240,
            "99.950000" : 60672,
            "99.990000" : 257024
          },
          "bins" : {
            "620" : 14,
            "628" : 29,
            "636" : 85,
            "644" : 175,
            "652" : 383,
            "660" : 724,
            "668" : 1137,
            "676" : 1656,
            "684" : 2495,
            "692" : 4018,
            "700" : 7213,
            "708" : 13309,
            "716" : 22729,
            "724" : 41455,
            "732" : 65309,
            "740" : 97769,
            "748" : 130455,
            "756" : 155154,
            "764" : 189733,
            "772" : 207150,
            "780" : 222506,
            "788" : 226308,
            "796" : 216061,
            "804" : 221100,
            "812" : 209118,
            "820" : 200884,
            "828" : 187182,
            "836" : 169192,
            "844" : 170467,
            "852" : 163327,
            "860" : 162803,
            "868" : 158767,
            "876" : 148665,
            "884" : 150460,
            "892" : 140796,
            "900" : 133263,
            "908" : 119515,
            "916" : 102259,
            "924" : 93786,
            "932" : 78855,
            "940" : 68505,
            "948" : 57704,
            "956" : 47557,
            "964" : 45027,
            "972" : 40849,
            "980" : 39795,
            "988" : 39099,
            "996" : 37952,
            "1004" : 40591,
            "1012" : 41102,
            "1020" : 41905,
            "1032" : 80601,
            "1048" : 76839,
            "1064" : 66591,
            "1080" : 51721,
            "1096" : 39550,
            "1112" : 27761,
            "1128" : 20216,
            "1144" : 15277,
            "1160" : 11576,
            "1176" : 10470,
            "1192" : 8887,
            "1208" : 8710,
            "1224" : 8609,
            "1240" : 8398,
            "1256" : 8372,
            "1272" : 7964,
            "1288" : 7840,
            "1304" : 7250,
            "1320" : 6426,
            "1336" : 6143,
            "1352" : 5672,
            "1368" : 5397,
            "1384" : 4988,
            "1400" : 4589,
            "1416" : 4360,
            "1432" : 4060,
            "1448" : 3956,
            "1464" : 3695,
            "1480" : 3395,
            "1496" : 3292,
            "1512" : 2963,
            "1528" : 2795,
            "1544" : 2701,
            "1560" : 2506,
            "1576" : 2424,
            "1592" : 2130,
            "1608" : 2116,
            "1624" : 2089,
            "1640" : 1899,
            "1656" : 1755,
            "1672" : 1626,
            "1688" : 1730,
            "1704" : 1646,
            "1720" : 1463,
            "1736" : 1441,
            "1752" : 1373,
            "1768" : 1338,
            "1784" : 1298,
            "1800" : 1211,
            "1816" : 1152,
            "1832" : 1053,
            "1848" : 1002,
            "1864" : 965,
            "1880" : 877,
            "1896" : 778,
            "1912" : 713,
            "1928" : 712,
            "1944" : 642,
            "1960" : 558,
            "1976" : 626,
            "1992" : 551,
            "2008" : 534,
            "2024" : 542,
            "2040" : 459,
            "2064" : 885,
            "2096" : 841,
            "2128" : 792,
            "2160" : 737,
            "2192" : 684,
            "2224" : 634,
            "2256" : 582,
            "2288" : 578,
            "2320" : 544,
            "2352" : 493,
            "2384" : 449,
            "2416" : 412,
            "2448" : 389,
            "2480" : 368,
            "2512" : 335,
            "2544" : 317,
            "2576" : 297,
            "2608" : 257,
            "2640" : 265,
            "2672" : 225,
            "2704" : 225,
            "2736" : 193,
            "2768" : 176,
            "2800" : 142,
            "2832" : 134,
            "2864" : 117,
            "2896" : 89,
            "2928" : 81,
            "2960" : 85,
            "2992" : 73,
            "3024" : 85,
            "3056" : 59,
            "3088" : 49,
            "3120" : 49,
            "3152" : 51,
            "3184" : 41,
            "3216" : 31,
            "3248" : 28,
            "3280" : 32,
            "3312" : 33,
            "3344" : 36,
            "3376" : 23,
            "3408" : 32,
            "3440" : 16,
            "3472" : 28,
            "3504" : 29,
            "3536" : 24,
            "3568" : 24,
            "3600" : 45,
            "3632" : 30,
            "3664" : 35,
            "3696" : 22,
            "3728" : 23,
            "3760" : 19,
            "3792" : 21,
            "3824" : 18,
            "3856" : 19,
            "3888" : 23,
            "3920" : 22,
            "3952" : 21,
            "3984" : 25,
            "4016" : 24,
            "4048" : 27,
            "4080" : 45,
            "4128" : 122,
            "4192" : 211,
            "4256" : 321,
            "4320" : 420,
            "4384" : 381,
            "4448" : 459,
            "4512" : 1018,
            "4576" : 1759,
            "4640" : 2115,
            "4704" : 1714,
            "4768" : 1422,
            "4832" : 1731,
            "4896" : 2935,
            "4960" : 3941,
            "5024" : 3502,
            "5088" : 2347,
            "5152" : 1674,
            "5216" : 1821,
            "5280" : 2079,
            "5344" : 1631,
            "5408" : 1050,
            "5472" : 768,
            "5536" : 1203,
            "5600" : 2043,
            "5664" : 2768,
            "5728" : 2765,
            "5792" : 2066,
            "5856" : 1196,
            "5920" : 803,
            "5984" : 3698,
            "6048" : 32174,
            "6112" : 117977,
            "6176" : 181978,
            "6240" : 159511,
            "6304" : 127739,
            "6368" : 134971,
            "6432" : 142337,
            "6496" : 117754,
            "6560" : 83549,
            "6624" : 57130,
            "6688" : 35415,
            "6752" : 16966,
            "6816" : 8180,
            "6880" : 7295,
            "6944" : 10903,
            "7008" : 17551,
            "7072" : 27511,
            "7136" : 40171,
            "7200" : 55271,
            "7264" : 65147,
            "7328" : 62125,
            "7392" : 47769,
            "7456" : 30625,
            "7520" : 18170,
            "7584" : 11140,
            "7648" : 7922,
            "7712" : 6023,
            "7776" : 4893,
            "7840" : 3825,
            "7904" : 3169,
            "7968" : 2776,
            "8032" : 2346,
            "8096" : 2147,
            "8160" : 1971,
            "8256" : 3810,
            "8384" : 3666,
            "8512" : 3353,
            "8640" : 3011,
            "8768" : 4600,
            "8896" : 58666,
            "9024" : 287883,
            "9152" : 484826,
            "9280" : 636134,
            "9408" : 798139,
            "9536" : 704047,
            "9664" : 640638,
            "9792" : 585796,
            "9920" : 535082,
            "10048" : 475453,
            "10176" : 420853,
            "10304" : 476820,
            "10432" : 604291,
            "10560" : 708740,
            "10688" : 669813,
            "10816" : 518906,
            "10944" : 386540,
            "11072" : 302347,
            "11200" : 291624,
            "11328" : 327392,
            "11456" : 312579,
            "11584" : 224653,
            "11712" : 121121,
            "11840" : 62525,
            "11968" : 42795,
            "12096" : 37125,
            "12224" : 35858,
            "12352" : 34617,
            "12480" : 33682,
            "12608" : 32858,
            "12736" : 32041,
            "12864" : 31687,
            "12992" : 31608,
            "13120" : 31483,
            "13248" : 31439,
            "13376" : 31380,
            "13504" : 31193,
            "13632" : 30394,
            "13760" : 29126,
            "13888" : 28321,
            "14016" : 27907,
            "14144" : 28444,
            "14272" : 28826,
            "14400" : 29525,
            "14528" : 31586,
            "14656" : 33536,
            "14784" : 34188,
            "14912" : 33631,
            "15040" : 33363,
            "15168" : 32866,
            "15296" : 30917,
            "15424" : 29138,
            "15552" : 28953,
            "15680" : 29856,
            "15808" : 30595,
            "15936" : 31240,
            "16064" : 30521,
            "16192" : 29225,
            "16320" : 28138,
            "16512" : 53186,
            "16768" : 49631,
            "17024" : 47179,
            "17280" : 44920,
            "17536" : 43768,
            "17792" : 42521,
            "18048" : 42385,
            "18304" : 41686,
            "18560" : 40433,
            "18816" : 39180,
            "19072" : 36322,
            "19328" : 34255,
            "19584" : 30657,
            "19840" : 28217,
            "20096" : 25755,
            "20352" : 23531,
            "20608" : 21334,
            "20864" : 19488,
            "21120" : 17262,
            "21376" : 15512,
            "21632" : 13593,
            "21888" : 11858,
            "22144" : 10561,
            "22400" : 9176,
            "22656" : 8184,
            "22912" : 7276,
            "23168" : 6452,
            "23424" : 5740,
            "23680" : 5112,
            "23936" : 4624,
            "24192" : 4115,
            "24448" : 3844,
            "24704" : 3464,
            "24960" : 3166,
            "25216" : 2991,
            "25472" : 2712,
            "25728" : 2451,
            "25984" : 2355,
            "26240" : 2141,
            "26496" : 2062,
            "26752" : 1946,
            "27008" : 1838,
            "27264" : 1801,
            "27520" : 1685,
            "27776" : 1636,
            "28032" : 1522,
            "28288" : 1351,
            "28544" : 1357,
            "28800" : 1319,
            "29056" : 1202,
            "29312" : 1088,
            "29568" : 1054,
            "29824" : 1034,
            "30080" : 958,
            "30336" : 1013,
            "30592" : 905,
            "30848" : 858,
            "31104" : 809,
            "31360" : 818,
            "31616" : 791,
            "31872" : 734,
            "32128" : 708,
            "32384" : 697,
            "32640" : 697,
            "33024" : 1279,
            "33536" : 1145,
            "34048" : 1076,
            "34560" : 1038,
            "35072" : 984,
            "35584" : 880,
            "36096" : 839,
            "36608" : 807,
            "37120" : 708,
            "37632" : 723,
            "38144" : 718,
            "38656" : 685,
            "39168" : 596,
            "39680" : 646,
            "40192" : 563,
            "40704" : 607,
            "41216" : 538,
            "41728" : 563,
            "42240" : 563,
            "42752" : 497,
            "43264" : 463,
            "43776" : 457,
            "44288" : 422,
            "44800" : 457,
            "45312" : 410,
            "45824" : 412,
            "46336" : 379,
            "46848" : 353,
            "47360" : 348,
            "47872" : 318,
            "48384" : 303,
            "48896" : 303,
            "49408" : 307,
            "49920" : 289,
            "50432" : 264,
            "50944" : 260,
            "51456" : 264,
            "51968" : 233,
            "52480" : 238,
            "52992" : 216,
            "53504" : 206,
            "54016" : 203,
            "54528" : 180,
            "55040" : 230,
            "55552" : 176,
            "56064" : 155,
            "56576" : 143,
            "57088" : 165,
            "57600" : 145,
            "58112" : 132,
            "58624" : 123,
            "59136" : 140,
            "59648" : 154,
            "60160" : 134,
            "60672" : 132,
            "61184" : 133,
            "61696" : 103,
            "62208" : 111,
            "62720" : 101,
            "63232" : 93,
            "63744" : 92,
            "64256" : 88,
            "64768" : 114,
            "65280" : 84,
            "66048" : 176,
            "67072" : 211,
            "68096" : 175,
            "69120" : 176,
            "70144" : 178,
            "71168" : 179,
            "72192" : 189,
            "73216" : 186,
            "74240" : 192,
            "75264" : 170,
            "76288" : 188,
            "77312" : 151,
            "78336" : 144,
            "79360" : 160,
            "80384" : 127,
            "81408" : 120,
            "82432" : 103,
            "83456" : 93,
            "84480" : 90,
            "85504" : 91,
            "86528" : 85,
            "87552" : 90,
            "88576" : 72,
            "89600" : 65,
            "90624" : 91,
            "91648" : 67,
            "92672" : 65,
            "93696" : 74,
            "94720" : 62,
            "95744" : 76,
            "96768" : 52,
            "97792" : 57,
            "98816" : 61,
            "99840" : 73,
            "100864" : 54,
            "101888" : 49,
            "102912" : 51,
            "103936" : 47,
            "104960" : 49,
            "105984" : 51,
            "107008" : 48,
            "108032" : 46,
            "109056" : 38,
            "110080" : 46,
            "111104" : 45,
            "112128" : 46,
            "113152" : 54,
            "114176" : 56,
            "115200" : 37,
            "116224" : 31,
            "117248" : 38,
            "118272" : 40,
            "119296" : 39,
            "120320" : 36,
            "121344" : 38,
            "122368" : 31,
            "123392" : 35,
            "124416" : 41,
            "125440" : 24,
            "126464" : 34,
            "127488" : 42,
            "128512" : 23,
            "129536" : 27,
            "130560" : 30,
            "132096" : 54,
            "134144" : 51,
            "136192" : 54,
            "138240" : 53,
            "140288" : 38,
            "142336" : 39,
            "144384" : 33,
            "146432" : 53,
            "148480" : 40,
            "150528" : 27,
            "152576" : 30,
            "154624" : 44,
            "156672" : 34,
            "158720" : 30,
            "160768" : 24,
            "162816" : 33,
            "164864" : 19,
            "166912" : 27,
            "168960" : 23,
            "171008" : 12,
            "173056" : 22,
            "175104" : 10,
            "177152" : 14,
            "179200" : 24,
            "181248" : 14,
            "183296" : 17,
            "185344" : 11,
            "187392" : 14,
            "189440" : 8,
            "191488" : 15,
            "193536" : 13,
            "195584" : 12,
            "197632" : 19,
            "199680" : 21,
            "201728" : 24,
            "203776" : 21,
            "205824" : 20,
            "207872" : 31,
            "209920" : 15,
            "211968" : 25,
            "214016" : 19,
            "216064" : 19,
            "218112" : 28,
            "220160" : 28,
            "222208" : 21,
            "224256" : 32,
            "226304" : 21,
            "228352" : 20,
            "230400" : 20,
            "232448" : 22,
            "234496" : 23,
            "236544" : 21,
            "238592" : 20,
            "240640" : 24,
            "242688" : 17,
            "244736" : 14,
            "246784" : 18,
            "248832" : 22,
            "250880" : 15,
            "252928" : 10,
            "254976" : 16,
            "257024" : 10,
            "259072" : 15,
            "261120" : 13,
            "264192" : 18,
            "268288" : 32,
            "272384" : 23,
            "276480" : 20,
            "280576" : 27,
            "284672" : 26,
            "288768" : 24,
            "292864" : 28,
            "296960" : 36,
            "301056" : 37,
            "305152" : 33,
            "309248" : 25,
            "313344" : 35,
            "317440" : 31,
            "321536" : 22,
            "325632" : 35,
            "329728" : 25,
            "333824" : 37,
            "337920" : 31,
            "342016" : 28,
            "346112" : 34,
            "350208" : 27,
            "354304" : 23,
            "358400" : 23,
            "362496" : 21,
            "366592" : 14,
            "370688" : 14,
            "374784" : 12,
            "378880" : 12,
            "382976" : 14,
            "387072" : 8,
            "391168" : 14,
            "395264" : 14,
            "399360" : 9,
            "403456" : 10,
            "407552" : 11,
            "411648" : 14,
            "415744" : 16,
            "419840" : 9,
            "423936" : 19,
            "428032" : 15,
            "432128" : 18,
            "436224" : 21,
            "440320" : 21,
            "444416" : 16,
            "448512" : 19,
            "452608" : 19,
            "456704" : 16,
            "460800" : 7,
            "464896" : 12,
            "468992" : 11,
            "473088" : 13,
            "477184" : 11,
            "481280" : 11,
            "485376" : 7,
            "489472" : 12,
            "493568" : 10,
            "497664" : 6,
            "501760" : 8,
            "505856" : 5,
            "509952" : 8,
            "514048" : 10,
            "518144" : 9,
            "522240" : 8,
            "528384" : 21,
            "536576" : 14,
            "544768" : 6,
            "552960" : 10,
            "561152" : 14,
            "569344" : 16,
            "577536" : 20,
            "585728" : 21,
            "593920" : 13,
            "602112" : 11,
            "610304" : 11,
            "618496" : 13,
            "626688" : 9,
            "634880" : 11,
            "643072" : 7,
            "651264" : 9,
            "659456" : 11,
            "667648" : 7,
            "675840" : 9,
            "684032" : 7,
            "692224" : 9,
            "700416" : 7,
            "708608" : 6,
            "716800" : 1,
            "724992" : 4,
            "733184" : 5,
            "741376" : 6,
            "749568" : 8,
            "757760" : 10,
            "765952" : 9,
            "774144" : 8,
            "782336" : 9,
            "790528" : 9,
            "798720" : 5,
            "806912" : 8,
            "815104" : 3,
            "823296" : 6,
            "831488" : 5,
            "839680" : 12,
            "856064" : 5,
            "864256" : 6,
            "872448" : 3,
            "880640" : 4,
            "888832" : 6,
            "897024" : 4,
            "905216" : 4,
            "913408" : 3,
            "921600" : 8,
            "929792" : 2,
            "937984" : 4,
            "946176" : 4,
            "954368" : 5,
            "962560" : 4,
            "970752" : 6,
            "978944" : 8,
            "987136" : 5,
            "995328" : 7,
            "1003520" : 7,
            "1011712" : 5,
            "1019904" : 3,
            "1028096" : 3,
            "1036288" : 5,
            "1044480" : 4,
            "1056768" : 8,
            "1073152" : 2,
            "1089536" : 3,
            "1105920" : 3,
            "1122304" : 3,
            "1138688" : 3,
            "1155072" : 6,
            "1171456" : 4,
            "1187840" : 6,
            "1204224" : 1,
            "1220608" : 3,
            "1236992" : 3,
            "1253376" : 1,
            "1286144" : 4,
            "1302528" : 1,
            "1318912" : 2,
            "1335296" : 1,
            "1351680" : 1,
            "1368064" : 1,
            "1400832" : 2,
            "1417216" : 2,
            "1433600" : 2,
            "1449984" : 5,
            "1466368" : 1,
            "1482752" : 4,
            "1499136" : 3,
            "1515520" : 3,
            "1531904" : 3,
            "1548288" : 1,
            "1564672" : 2,
            "1581056" : 1,
            "1613824" : 1,
            "1630208" : 1,
            "1646592" : 1,
            "1662976" : 1,
            "1695744" : 1,
            "1712128" : 2,
            "1728512" : 1,
            "1744896" : 3,
            "1777664" : 2,
            "1794048" : 1,
            "1810432" : 1,
            "1826816" : 2,
            "1843200" : 1,
            "1859584" : 1,
            "1875968" : 2,
            "1892352" : 5,
            "1908736" : 1,
            "1925120" : 2,
            "1941504" : 3,
            "1957888" : 1,
            "1974272" : 2,
            "1990656" : 3,
            "2007040" : 1,
            "2039808" : 1,
            "2072576" : 2,
            "2113536" : 5,
            "2146304" : 1,
            "2277376" : 3,
            "2342912" : 1,
            "2375680" : 3,
            "2473984" : 1,
            "2506752" : 4,
            "2539520" : 1,
            "2572288" : 1,
            "2605056" : 1,
            "2637824" : 1,
            "2703360" : 1,
            "2768896" : 1,
            "2834432" : 8,
            "2867200" : 11,
            "2899968" : 14,
            "2932736" : 7,
            "2965504" : 1,
            "2998272" : 4,
            "3031040" : 2,
            "3096576" : 3,
            "3129344" : 2,
            "3162112" : 2,
            "3194880" : 2,
            "3260416" : 1,
            "3293184" : 3,
            "3325952" : 1,
            "3358720" : 2,
            "3391488" : 2,
            "3489792" : 1,
            "3522560" : 2,
            "3555328" : 1,
            "3588096" : 2,
            "3620864" : 1,
            "3719168" : 2,
            "3751936" : 2,
            "3784704" : 4,
            "3915776" : 1,
            "4079616" : 4,
            "4112384" : 1,
            "4177920" : 1,
            "4227072" : 1,
            "4292608" : 3,
            "4358144" : 4,
            "4489216" : 2,
            "4620288" : 1,
            "4751360" : 2,
            "4816896" : 1,
            "5079040" : 1,
            "5144576" : 1,
            "5210112" : 1,
            "5341184" : 1,
            "6914048" : 2,
            "7110656" : 1,
            "7372800" : 2,
            "8093696" : 1,
            "8454144" : 1,
            "8716288" : 1,
            "12779520" : 1
          }
        },
        "lat_ns" : {
          "min" : 646,
          "max" : 12821120,
          "mean" : 8190.278351,
          "stddev" : 13102.198927,
          "N" : 19626110,
          "percentile" : {
            "1.000000" : 772,
            "5.000000" : 812,
            "10.000000" : 852,
            "20.000000" : 956,
            "30.000000" : 6368,
            "40.000000" : 9280,
            "50.000000" : 9664,
            "60.000000" : 10048,
            "70.000000" : 10560,
            "80.000000" : 10944,
            "90.000000" : 12096,
            "95.000000" : 16064,
            "99.000000" : 21376,
            "99.500000" : 23936,
            "99.900000" : 42240,
            "99.950000" : 60672,
            "99.990000" : 259072
          },
          "bins" : {
            "644" : 1,
            "652" : 11,
            "660" : 27,
            "668" : 80,
            "676" : 153,
            "684" : 393,
            "692" : 616,
            "700" : 1047,
            "708" : 1669,
            "716" : 2200,
            "724" : 3739,
            "732" : 6519,
            "740" : 12144,
            "748" : 21651,
            "756" : 35256,
            "764" : 59196,
            "772" : 87263,
            "780" : 120638,
            "788" : 151433,
            "796" : 171344,
            "804" : 201448,
            "812" : 213849,
            "820" : 224229,
            "828" : 223441,
            "836" : 208226,
            "844" : 209013,
            "852" : 194574,
            "860" : 183154,
            "868" : 167538,
            "876" : 147910,
            "884" : 147441,
            "892" : 140921,
            "900" : 140617,
            "908" : 140041,
            "916" : 132578,
            "924" : 138204,
            "932" : 132575,
            "940" : 127832,
            "948" : 117582,
            "956" : 102242,
            "964" : 94920,
            "972" : 80530,
            "980" : 69008,
            "988" : 55837,
            "996" : 42999,
            "1004" : 37014,
            "1012" : 29160,
            "1020" : 24503,
            "1032" : 39400,
            "1048" : 38765,
            "1064" : 45501,
            "1080" : 53824,
            "1096" : 65200,
            "1112" : 69938,
            "1128" : 73897,
            "1144" : 71885,
            "1160" : 62160,
            "1176" : 52096,
            "1192" : 39103,
            "1208" : 29171,
            "1224" : 20948,
            "1240" : 15008,
            "1256" : 11885,
            "1272" : 9565,
            "1288" : 8711,
            "1304" : 7903,
            "1320" : 7428,
            "1336" : 7450,
            "1352" : 7264,
            "1368" : 7254,
            "1384" : 7075,
            "1400" : 6339,
            "1416" : 6191,
            "1432" : 5628,
            "1448" : 5303,
            "1464" : 5027,
            "1480" : 4589,
            "1496" : 4441,
            "1512" : 4005,
            "1528" : 3947,
            "1544" : 3792,
            "1560" : 3372,
            "1576" : 3248,
            "1592" : 2939,
            "1608" : 2879,
            "1624" : 2654,
            "1640" : 2480,
            "1656" : 2388,
            "1672" : 2275,
            "1688" : 2131,
            "1704" : 2165,
            "1720" : 1858,
            "1736" : 1838,
            "1752" : 1720,
            "1768" : 1595,
            "1784" : 1556,
            "1800" : 1442,
            "1816" : 1432,
            "1832" : 1257,
            "1848" : 1297,
            "1864" : 1265,
            "1880" : 1201,
            "1896" : 1191,
            "1912" : 1095,
            "1928" : 1135,
            "1944" : 1046,
            "1960" : 960,
            "1976" : 927,
            "1992" : 911,
            "2008" : 970,
            "2024" : 841,
            "2040" : 767,
            "2064" : 1498,
            "2096" : 1236,
            "2128" : 1156,
            "2160" : 1056,
            "2192" : 941,
            "2224" : 854,
            "2256" : 803,
            "2288" : 708,
            "2320" : 703,
            "2352" : 637,
            "2384" : 638,
            "2416" : 604,
            "2448" : 566,
            "2480" : 467,
            "2512" : 475,
            "2544" : 487,
            "2576" : 422,
            "2608" : 413,
            "2640" : 387,
            "2672" : 404,
            "2704" : 361,
            "2736" : 329,
            "2768" : 303,
            "2800" : 280,
            "2832" : 268,
            "2864" : 251,
            "2896" : 235,
            "2928" : 267,
            "2960" : 211,
            "2992" : 173,
            "3024" : 170,
            "3056" : 151,
            "3088" : 149,
            "3120" : 118,
            "3152" : 126,
            "3184" : 95,
            "3216" : 87,
            "3248" : 76,
            "3280" : 73,
            "3312" : 65,
            "3344" : 42,
            "3376" : 52,
            "3408" : 45,
            "3440" : 43,
            "3472" : 47,
            "3504" : 34,
            "3536" : 31,
            "3568" : 47,
            "3600" : 50,
            "3632" : 39,
            "3664" : 44,
            "3696" : 32,
            "3728" : 32,
            "3760" : 39,
            "3792" : 27,
            "3824" : 25,
            "3856" : 25,
            "3888" : 26,
            "3920" : 22,
            "3952" : 27,
            "3984" : 22,
            "4016" : 25,
            "4048" : 19,
            "4080" : 19,
            "4128" : 68,
            "4192" : 114,
            "4256" : 205,
            "4320" : 354,
            "4384" : 513,
            "4448" : 595,
            "4512" : 459,
            "4576" : 759,
            "4640" : 1568,
            "4704" : 2143,
            "4768" : 1976,
            "4832" : 1565,
            "4896" : 1549,
            "4960" : 2474,
            "5024" : 3814,
            "5088" : 3904,
            "5152" : 2938,
            "5216" : 2059,
            "5280" : 2520,
            "5344" : 2988,
            "5408" : 2580,
            "5472" : 1740,
            "5536" : 1471,
            "5600" : 2532,
            "5664" : 4476,
            "5728" : 5193,
            "5792" : 4606,
            "5856" : 3066,
            "5920" : 1724,
            "5984" : 1168,
            "6048" : 9114,
            "6112" : 60464,
            "6176" : 153092,
            "6240" : 181179,
            "6304" : 142825,
            "6368" : 130492,
            "6432" : 144351,
            "6496" : 135249,
            "6560" : 102705,
            "6624" : 70080,
            "6688" : 47719,
            "6752" : 26108,
            "6816" : 11438,
            "6880" : 5823,
            "6944" : 5063,
            "7008" : 7388,
            "7072" : 13469,
            "7136" : 24671,
            "7200" : 43056,
            "7264" : 61938,
            "7328" : 70789,
            "7392" : 64007,
            "7456" : 45635,
            "7520" : 27719,
            "7584" : 16771,
            "7648" : 10978,
            "7712" : 8122,
            "7776" : 6562,
            "7840" : 5542,
            "7904" : 4763,
            "7968" : 3992,
            "8032" : 3589,
            "8096" : 2994,
            "8160" : 2612,
            "8256" : 4280,
            "8384" : 3903,
            "8512" : 3780,
            "8640" : 3471,
            "8768" : 3436,
            "8896" : 25120,
            "9024" : 194642,
            "9152" : 435622,
            "9280" : 577084,
            "9408" : 774797,
            "9536" : 755601,
            "9664" : 644537,
            "9792" : 612557,
            "9920" : 549134,
            "10048" : 489366,
            "10176" : 397776,
            "10304" : 418889,
            "10432" : 547904,
            "10560" : 690180,
            "10688" : 707909,
            "10816" : 591173,
            "10944" : 447497,
            "11072" : 328967,
            "11200" : 284489,
            "11328" : 315028,
            "11456" : 324231,
            "11584" : 258664,
            "11712" : 150466,
            "11840" : 74490,
            "11968" : 46423,
            "12096" : 38199,
            "12224" : 36038,
            "12352" : 34868,
            "12480" : 33835,
            "12608" : 32855,
            "12736" : 32137,
            "12864" : 31297,
            "12992" : 31163,
            "13120" : 31409,
            "13248" : 31325,
            "13376" : 31121,
            "13504" : 31040,
            "13632" : 31057,
            "13760" : 29953,
            "13888" : 29156,
            "14016" : 28212,
            "14144" : 28145,
            "14272" : 28614,
            "14400" : 28557,
            "14528" : 29853,
            "14656" : 32311,
            "14784" : 33574,
            "14912" : 34044,
            "15040" : 33508,
            "15168" : 33005,
            "15296" : 32282,
            "15424" : 30895,
            "15552" : 30243,
            "15680" : 30805,
            "15808" : 33084,
            "15936" : 33805,
            "16064" : 33577,
            "16192" : 31540,
            "16320" : 28967,
            "16512" : 54567,
            "16768" : 50563,
            "17024" : 47805,
            "17280" : 45845,
            "17536" : 43967,
            "17792" : 43169,
            "18048" : 42817,
            "18304" : 43263,
            "18560" : 41409,
            "18816" : 39884,
            "19072" : 37319,
            "19328" : 35091,
            "19584" : 32038,
            "19840" : 28994,
            "20096" : 26603,
            "20352" : 24134,
            "20608" : 22277,
            "20864" : 20165,
            "21120" : 18349,
            "21376" : 16283,
            "21632" : 14581,
            "21888" : 12665,
            "22144" : 11253,
            "22400" : 9790,
            "22656" : 8752,
            "22912" : 7681,
            "23168" : 6821,
            "23424" : 6133,
            "23680" : 5416,
            "23936" : 4823,
            "24192" : 4430,
            "24448" : 3998,
            "24704" : 3708,
            "24960" : 3300,
            "25216" : 3126,
            "25472" : 2956,
            "25728" : 2595,
            "25984" : 2451,
            "26240" : 2263,
            "26496" : 2156,
            "26752" : 1999,
            "27008" : 1917,
            "27264" : 1896,
            "27520" : 1738,
            "27776" : 1734,
            "28032" : 1595,
            "28288" : 1448,
            "28544" : 1369,
            "28800" : 1390,
            "29056" : 1304,
            "29312" : 1169,
            "29568" : 1128,
            "29824" : 1057,
            "30080" : 997,
            "30336" : 1047,
            "30592" : 977,
            "30848" : 906,
            "31104" : 856,
            "31360" : 854,
            "31616" : 810,
            "31872" : 797,
            "32128" : 714,
            "32384" : 707,
            "32640" : 739,
            "33024" : 1343,
            "33536" : 1192,
            "34048" : 1109,
            "34560" : 1078,
            "35072" : 1015,
            "35584" : 894,
            "36096" : 865,
            "36608" : 841,
            "37120" : 726,
            "37632" : 749,
            "38144" : 702,
            "38656" : 724,
            "39168" : 593,
            "39680" : 663,
            "40192" : 572,
            "40704" : 588,
            "41216" : 565,
            "41728" : 555,
            "42240" : 570,
            "42752" : 517,
            "43264" : 479,
            "43776" : 448,
            "44288" : 424,
            "44800" : 467,
            "45312" : 411,
            "45824" : 405,
            "46336" : 408,
            "46848" : 342,
            "47360" : 365,
            "47872" : 321,
            "48384" : 304,
            "48896" : 317,
            "49408" : 302,
            "49920" : 294,
            "50432" : 273,
            "50944" : 254,
            "51456" : 266,
            "51968" : 240,
            "52480" : 236,
            "52992" : 216,
            "53504" : 222,
            "54016" : 185,
            "54528" : 192,
            "55040" : 228,
            "55552" : 189,
            "56064" : 159,
            "56576" : 153,
            "57088" : 147,
            "57600" : 148,
            "58112" : 146,
            "58624" : 122,
            "59136" : 139,
            "59648" : 153,
            "60160" : 140,
            "60672" : 137,
            "61184" : 129,
            "61696" : 109,
            "62208" : 114,
            "62720" : 101,
            "63232" : 98,
            "63744" : 93,
            "64256" : 89,
            "64768" : 114,
            "65280" : 90,
            "66048" : 172,
            "67072" : 214,
            "68096" : 174,
            "69120" : 184,
            "70144" : 177,
            "71168" : 182,
            "72192" : 187,
            "73216" : 185,
            "74240" : 202,
            "75264" : 166,
            "76288" : 183,
            "77312" : 160,
            "78336" : 144,
            "79360" : 160,
            "80384" : 126,
            "81408" : 119,
            "82432" : 109,
            "83456" : 92,
            "84480" : 94,
            "85504" : 91,
            "86528" : 85,
            "87552" : 91,
            "88576" : 75,
            "89600" : 63,
            "90624" : 83,
            "91648" : 73,
            "92672" : 67,
            "93696" : 69,
            "94720" : 69,
            "95744" : 77,
            "96768" : 51,
            "97792" : 56,
            "98816" : 59,
            "99840" : 71,
            "100864" : 58,
            "101888" : 47,
            "102912" : 55,
            "103936" : 45,
            "104960" : 46,
            "105984" : 57,
            "107008" : 47,
            "108032" : 46,
            "109056" : 42,
            "110080" : 40,
            "111104" : 46,
            "112128" : 47,
            "113152" : 51,
            "114176" : 59,
            "115200" : 41,
            "116224" : 30,
            "117248" : 36,
            "118272" : 38,
            "119296" : 42,
            "120320" : 34,
            "121344" : 41,
            "122368" : 31,
            "123392" : 36,
            "124416" : 40,
            "125440" : 27,
            "126464" : 30,
            "127488" : 38,
            "128512" : 31,
            "129536" : 25,
            "130560" : 30,
            "132096" : 55,
            "134144" : 53,
            "136192" : 53,
            "138240" : 55,
            "140288" : 39,
            "142336" : 40,
            "144384" : 32,
            "146432" : 51,
            "148480" : 41,
            "150528" : 29,
            "152576" : 28,
            "154624" : 46,
            "156672" : 36,
            "158720" : 30,
            "160768" : 23,
            "162816" : 34,
            "164864" : 19,
            "166912" : 28,
            "168960" : 23,
            "171008" : 12,
            "173056" : 19,
            "175104" : 13,
            "177152" : 14,
            "179200" : 25,
            "181248" : 12,
            "183296" : 18,
            "185344" : 12,
            "187392" : 14,
            "189440" : 8,
            "191488" : 15,
            "193536" : 12,
            "195584" : 13,
            "197632" : 17,
            "199680" : 21,
            "201728" : 25,
            "203776" : 22,
            "205824" : 20,
            "207872" : 29,
            "209920" : 17,
            "211968" : 23,
            "214016" : 19,
            "216064" : 19,
            "218112" : 29,
            "220160" : 28,
            "222208" : 20,
            "224256" : 33,
            "226304" : 20,
            "228352" : 20,
            "230400" : 19,
            "232448" : 22,
            "234496" : 25,
            "236544" : 21,
            "238592" : 17,
            "240640" : 26,
            "242688" : 17,
            "244736" : 15,
            "246784" : 17,
            "248832" : 24,
            "250880" : 15,
            "252928" : 10,
            "254976" : 15,
            "257024" : 11,
            "259072" : 15,
            "261120" : 12,
            "264192" : 17,
            "268288" : 33,
            "272384" : 22,
            "276480" : 22,
            "280576" : 26,
            "284672" : 27,
            "288768" : 24,
            "292864" : 28,
            "296960" : 36,
            "301056" : 37,
            "305152" : 33,
            "309248" : 24,
            "313344" : 33,
            "317440" : 33,
            "321536" : 21,
            "325632" : 35,
            "329728" : 25,
            "333824" : 38,
            "337920" : 30,
            "342016" : 27,
            "346112" : 35,
            "350208" : 26,
            "354304" : 23,
            "358400" : 23,
            "362496" : 20,
            "366592" : 16,
            "370688" : 14,
            "374784" : 12,
            "378880" : 11,
            "382976" : 14,
            "387072" : 9,
            "391168" : 14,
            "395264" : 14,
            "399360" : 9,
            "403456" : 10,
            "407552" : 11,
            "411648" : 14,
            "415744" : 16,
            "419840" : 9,
            "423936" : 19,
            "428032" : 15,
            "432128" : 17,
            "436224" : 22,
            "440320" : 19,
            "444416" : 17,
            "448512" : 20,
            "452608" : 19,
            "456704" : 16,
            "460800" : 7,
            "464896" : 12,
            "468992" : 11,
            "473088" : 13,
            "477184" : 11,
            "481280" : 11,
            "485376" : 7,
            "489472" : 10,
            "493568" : 12,
            "497664" : 6,
            "501760" : 8,
            "505856" : 5,
            "509952" : 7,
            "514048" : 11,
            "518144" : 9,
            "522240" : 7,
            "528384" : 20,
            "536576" : 16,
            "544768" : 7,
            "552960" : 10,
            "561152" : 14,
            "569344" : 15,
            "577536" : 21,
            "585728" : 21,
            "593920" : 13,
            "602112" : 12,
            "610304" : 11,
            "618496" : 13,
            "626688" : 9,
            "634880" : 11,
            "643072" : 8,
            "651264" : 9,
            "659456" : 11,
            "667648" : 7,
            "675840" : 8,
            "684032" : 8,
            "692224" : 9,
            "700416" : 7,
            "708608" : 6,
            "716800" : 1,
            "724992" : 4,
            "733184" : 5,
            "741376" : 7,
            "749568" : 8,
            "757760" : 10,
            "765952" : 9,
            "774144" : 6,
            "782336" : 11,
            "790528" : 9,
            "798720" : 5,
            "806912" : 8,
            "815104" : 3,
            "823296" : 6,
            "831488" : 5,
            "839680" : 10,
            "847872" : 2,
            "856064" : 5,
            "864256" : 6,
            "872448" : 3,
            "880640" : 4,
            "888832" : 6,
            "897024" : 4,
            "905216" : 4,
            "913408" : 3,
            "921600" : 8,
            "929792" : 2,
            "937984" : 4,
            "946176" : 4,
            "954368" : 5,
            "962560" : 4,
            "970752" : 6,
            "978944" : 8,
            "987136" : 5,
            "995328" : 7,
            "1003520" : 7,
            "1011712" : 5,
            "1019904" : 3,
            "1028096" : 3,
            "1036288" : 5,
            "1044480" : 4,
            "1056768" : 8,
            "1073152" : 2,
            "1089536" : 3,
            "1105920" : 3,
            "1122304" : 3,
            "1138688" : 3,
            "1155072" : 5,
            "1171456" : 4,
            "1187840" : 6,
            "1204224" : 1,
            "1220608" : 4,
            "1236992" : 3,
            "1253376" : 1,
            "1286144" : 4,
            "1302528" : 1,
            "1318912" : 2,
            "1335296" : 2,
            "1351680" : 1,
            "1368064" : 1,
            "1384448" : 1,
            "1400832" : 1,
            "1417216" : 2,
            "1433600" : 3,
            "1449984" : 4,
            "1466368" : 2,
            "1482752" : 4,
            "1499136" : 3,
            "1515520" : 3,
            "1531904" : 3,
            "1548288" : 1,
            "1564672" : 3,
            "1581056" : 1,
            "1613824" : 1,
            "1630208" : 1,
            "1646592" : 1,
            "1662976" : 1,
            "1695744" : 1,
            "1712128" : 2,
            "1728512" : 1,
            "1744896" : 3,
            "1777664" : 2,
            "1794048" : 1,
            "1810432" : 1,
            "1826816" : 2,
            "1843200" : 1,
            "1859584" : 1,
            "1875968" : 2,
            "1892352" : 5,
            "1908736" : 1,
            "1925120" : 2,
            "1941504" : 3,
            "1957888" : 1,
            "1974272" : 2,
            "1990656" : 3,
            "2007040" : 1,
            "2039808" : 1,
            "2072576" : 2,
            "2113536" : 5,
            "2146304" : 1,
            "2277376" : 3,
            "2342912" : 1,
            "2375680" : 3,
            "2473984" : 1,
            "2506752" : 4,
            "2539520" : 1,
            "2572288" : 1,
            "2605056" : 1,
            "2637824" : 1,
            "2703360" : 1,
            "2768896" : 1,
            "2834432" : 8,
            "2867200" : 11,
            "2899968" : 14,
            "2932736" : 7,
            "2965504" : 1,
            "2998272" : 4,
            "3031040" : 2,
            "3096576" : 3,
            "3129344" : 2,
            "3162112" : 2,
            "3194880" : 2,
            "3260416" : 1,
            "3293184" : 3,
            "3325952" : 1,
            "3358720" : 2,
            "3391488" : 2,
            "3489792" : 1,
            "3522560" : 2,
            "3555328" : 1,
            "3588096" : 2,
            "3620864" : 1,
            "3719168" : 2,
            "3751936" : 2,
            "3784704" : 4,
            "3915776" : 1,
            "4079616" : 4,
            "4112384" : 1,
            "4177920" : 1,
            "4227072" : 1,
            "4292608" : 3,
            "4358144" : 4,
            "4489216" : 2,
            "4620288" : 1,
            "4751360" : 2,
            "4816896" : 1,
            "5079040" : 1,
            "5144576" : 1,
            "5210112" : 1,
            "5341184" : 1,
            "6914048" : 2,
            "7110656" : 1,
            "7372800" : 2,
            "8093696" : 1,
            "8454144" : 1,
            "8716288" : 1,
            "12779520" : 1
          }
        },
        "bw_min" : 139696,
        "bw_max" : 316528,
        "bw_agg" : 100.000000,
        "bw_mean" : 261784.828047,
        "bw_dev" : 23303.735723,
        "bw_samples" : 599,
        "iops_min" : 34924,
        "iops_max" : 79132,
        "iops_mean" : 65446.217028,
        "iops_stddev" : 5825.931699,
        "iops_samples" : 599
      },
      "write" : {
        "io_bytes" : 80371720192,
        "io_kbytes" : 78488008,
        "bw_bytes" : 267904840,
        "bw" : 261625,
        "iops" : 65406.455312,
        "runtime" : 300001,
        "total_ios" : 19622002,
        "short_ios" : 0,
        "drop_ios" : 0,
        "slat_ns" : {
          "min" : 0,
          "max" : 0,
          "mean" : 0.000000,
          "stddev" : 0.000000,
          "N" : 0
        },
        "clat_ns" : {
          "min" : 840,
          "max" : 4025391,
          "mean" : 2020.031294,
          "stddev" : 4455.588377,
          "N" : 19622002,
          "percentile" : {
            "1.000000" : 1080,
            "5.000000" : 1096,
            "10.000000" : 1128,
            "20.000000" : 1464,
            "30.000000" : 1496,
            "40.000000" : 1560,
            "50.000000" : 1704,
            "60.000000" : 1960,
            "70.000000" : 2160,
            "80.000000" : 2352,
            "90.000000" : 2640,
            "95.000000" : 3376,
            "99.000000" : 6816,
            "99.500000" : 9152,
            "99.900000" : 14016,
            "99.950000" : 17024,
            "99.990000" : 40704
          },
          "bins" : {
            "844" : 13,
            "852" : 115,
            "860" : 599,
            "868" : 1897,
            "876" : 3877,
            "884" : 5385,
            "892" : 4891,
            "900" : 3250,
            "908" : 1288,
            "916" : 421,
            "924" : 203,
            "932" : 91,
            "940" : 54,
            "948" : 36,
            "956" : 36,
            "964" : 42,
            "972" : 97,
            "980" : 170,
            "988" : 260,
            "996" : 358,
            "1004" : 814,
            "1012" : 1472,
            "1020" : 1607,
            "1032" : 2642,
            "1048" : 4382,
            "1064" : 107149,
            "1080" : 558321,
            "1096" : 753415,
            "1112" : 499782,
            "1128" : 251888,
            "1144" : 120622,
            "1160" : 72995,
            "1176" : 79461,
            "1192" : 73978,
            "1208" : 67658,
            "1224" : 54843,
            "1240" : 39764,
            "1256" : 28762,
            "1272" : 19501,
            "1288" : 14886,
            "1304" : 11551,
            "1320" : 8223,
            "1336" : 6247,
            "1352" : 5792,
            "1368" : 8400,
            "1384" : 23533,
            "1400" : 91278,
            "1416" : 196432,
            "1432" : 181715,
            "1448" : 203447,
            "1464" : 536335,
            "1480" : 929289,
            "1496" : 1008452,
            "1512" : 774013,
            "1528" : 601341,
            "1544" : 461391,
            "1560" : 355170,
            "1576" : 315778,
            "1592" : 266142,
            "1608" : 234308,
            "1624" : 197990,
            "1640" : 158357,
            "1656" : 138284,
            "1672" : 122702,
            "1688" : 127864,
            "1704" : 138557,
            "1720" : 151482,
            "1736" : 170232,
            "1752" : 169489,
            "1768" : 166025,
            "1784" : 153577,
            "1800" : 139458,
            "1816" : 136539,
            "1832" : 130240,
            "1848" : 128156,
            "1864" : 122242,
            "1880" : 110906,
            "1896" : 102722,
            "1912" : 85674,
            "1928" : 70291,
            "1944" : 52702,
            "1960" : 37051,
            "1976" : 29718,
            "1992" : 25339,
            "2008" : 28561,
            "2024" : 37753,
            "2040" : 54751,
            "2064" : 206501,
            "2096" : 392600,
            "2128" : 552989,
            "2160" : 621329,
            "2192" : 590252,
            "2224" : 490908,
            "2256" : 371301,
            "2288" : 259159,
            "2320" : 195401,
            "2352" : 177609,
            "2384" : 190064,
            "2416" : 222912,
            "2448" : 249749,
            "2480" : 264369,
            "2512" : 254946,
            "2544" : 219199,
            "2576" : 180610,
            "2608" : 144343,
            "2640" : 119968,
            "2672" : 101528,
            "2704" : 88164,
            "2736" : 84494,
            "2768" : 82441,
            "2800" : 79375,
            "2832" : 72729,
            "2864" : 61729,
            "2896" : 50922,
            "2928" : 41249,
            "2960" : 34899,
            "2992" : 30530,
            "3024" : 27300,
            "3056" : 25483,
            "3088" : 23037,
            "3120" : 21369,
            "3152" : 20317,
            "3184" : 18957,
            "3216" : 18436,
            "3248" : 17147,
            "3280" : 16390,
            "3312" : 15470,
            "3344" : 15086,
            "3376" : 14368,
            "3408" : 13973,
            "3440" : 13219,
            "3472" : 12865,
            "3504" : 12398,
            "3536" : 12012,
            "3568" : 12063,
            "3600" : 11596,
            "3632" : 11627,
            "3664" : 11702,
            "3696" : 11505,
            "3728" : 11372,
            "3760" : 11531,
            "3792" : 11367,
            "3824" : 11303,
            "3856" : 11206,
            "3888" : 10848,
            "3920" : 10593,
            "3952" : 10567,
            "3984" : 10490,
            "4016" : 10326,
            "4048" : 10224,
            "4080" : 10063,
            "4128" : 19834,
            "4192" : 19068,
            "4256" : 18510,
            "4320" : 17914,
            "4384" : 17589,
            "4448" : 17040,
            "4512" : 16816,
            "4576" : 16189,
            "4640" : 15963,
            "4704" : 15271,
            "4768" : 14727,
            "4832" : 14311,
            "4896" : 13689,
            "4960" : 13614,
            "5024" : 13413,
            "5088" : 12850,
            "5152" : 12564,
            "5216" : 12347,
            "5280" : 12195,
            "5344" : 12039,
            "5408" : 12018,
            "5472" : 11761,
            "5536" : 10856,
            "5600" : 10870,
            "5664" : 11230,
            "5728" : 12470,
            "5792" : 13065,
            "5856" : 11824,
            "5920" : 10406,
            "5984" : 9875,
            "6048" : 10920,
            "6112" : 11982,
            "6176" : 11302,
            "6240" : 9430,
            "6304" : 8206,
            "6368" : 8370,
            "6432" : 9017,
            "6496" : 8620,
            "6560" : 7253,
            "6624" : 5446,
            "6688" : 4549,
            "6752" : 4554,
            "6816" : 4826,
            "6880" : 4843,
            "6944" : 4695,
            "7008" : 3958,
            "7072" : 3437,
            "7136" : 3236,
            "7200" : 3467,
            "7264" : 3487,
            "7328" : 3072,
            "7392" : 2287,
            "7456" : 1905,
            "7520" : 1828,
            "7584" : 1878,
            "7648" : 1967,
            "7712" : 1893,
            "7776" : 1743,
            "7840" : 1759,
            "7904" : 1866,
            "7968" : 1979,
            "8032" : 2233,
            "8096" : 2179,
            "8160" : 2250,
            "8256" : 4739,
            "8384" : 4899,
            "8512" : 5489,
            "8640" : 6105,
            "8768" : 5987,
            "8896" : 5702,
            "9024" : 5245,
            "9152" : 4904,
            "9280" : 4365,
            "9408" : 4027,
            "9536" : 3694,
            "9664" : 3336,
            "9792" : 2864,
            "9920" : 2946,
            "10048" : 2713,
            "10176" : 2594,
            "10304" : 2753,
            "10432" : 2799,
            "10560" : 2682,
            "10688" : 2538,
            "10816" : 2563,
            "10944" : 2597,
            "11072" : 2635,
            "11200" : 2643,
            "11328" : 2520,
            "11456" : 2395,
            "11584" : 2246,
            "11712" : 2053,
            "11840" : 1926,
            "11968" : 1734,
            "12096" : 1671,
            "12224" : 1480,
            "12352" : 1408,
            "12480" : 1312,
            "12608" : 1217,
            "12736" : 1224,
            "12864" : 1066,
            "12992" : 1072,
            "13120" : 1007,
            "13248" : 962,
            "13376" : 952,
            "13504" : 881,
            "13632" : 847,
            "13760" : 801,
            "13888" : 787,
            "14016" : 717,
            "14144" : 728,
            "14272" : 575,
            "14400" : 578,
            "14528" : 525,
            "14656" : 543,
            "14784" : 506,
            "14912" : 489,
            "15040" : 461,
            "15168" : 479,
            "15296" : 418,
            "15424" : 421,
            "15552" : 376,
            "15680" : 380,
            "15808" : 340,
            "15936" : 316,
            "16064" : 319,
            "16192" : 281,
            "16320" : 255,
            "16512" : 561,
            "16768" : 501,
            "17024" : 465,
            "17280" : 417,
            "17536" : 364,
            "17792" : 312,
            "18048" : 291,
            "18304" : 285,
            "18560" : 259,
            "18816" : 221,
            "19072" : 203,
            "19328" : 206,
            "19584" : 186,
            "19840" : 161,
            "20096" : 163,
            "20352" : 163,
            "20608" : 119,
            "20864" : 134,
            "21120" : 119,
            "21376" : 125,
            "21632" : 120,
            "21888" : 96,
            "22144" : 122,
            "22400" : 95,
            "22656" : 111,
            "22912" : 93,
            "23168" : 109,
            "23424" : 94,
            "23680" : 93,
            "23936" : 96,
            "24192" : 101,
            "24448" : 103,
            "24704" : 75,
            "24960" : 94,
            "25216" : 86,
            "25472" : 88,
            "25728" : 86,
            "25984" : 78,
            "26240" : 69,
            "26496" : 74,
            "26752" : 72,
            "27008" : 79,
            "27264" : 54,
            "27520" : 71,
            "27776" : 55,
            "28032" : 68,
            "28288" : 48,
            "28544" : 63,
            "28800" : 42,
            "29056" : 46,
            "29312" : 55,
            "29568" : 59,
            "29824" : 46,
            "30080" : 42,
            "30336" : 49,
            "30592" : 43,
            "30848" : 31,
            "31104" : 44,
            "31360" : 43,
            "31616" : 57,
            "31872" : 37,
            "32128" : 44,
            "32384" : 37,
            "32640" : 35,
            "33024" : 64,
            "33536" : 78,
            "34048" : 57,
            "34560" : 62,
            "35072" : 64,
            "35584" : 62,
            "36096" : 57,
            "36608" : 55,
            "37120" : 54,
            "37632" : 51,
            "38144" : 44,
            "38656" : 45,
            "39168" : 43,
            "39680" : 40,
            "40192" : 44,
            "40704" : 30,
            "41216" : 33,
            "41728" : 32,
            "42240" : 35,
            "42752" : 34,
            "43264" : 29,
            "43776" : 27,
            "44288" : 34,
            "44800" : 25,
            "45312" : 26,
            "45824" : 23,
            "46336" : 26,
            "46848" : 31,
            "47360" : 30,
            "47872" : 23,
            "48384" : 22,
            "48896" : 25,
            "49408" : 19,
            "49920" : 16,
            "50432" : 27,
            "50944" : 14,
            "51456" : 13,
            "51968" : 13,
            "52480" : 9,
            "52992" : 14,
            "53504" : 13,
            "54016" : 7,
            "54528" : 15,
            "55040" : 9,
            "55552" : 13,
            "56064" : 7,
            "56576" : 12,
            "57088" : 10,
            "57600" : 11,
            "58112" : 9,
            "58624" : 11,
            "59136" : 11,
            "59648" : 11,
            "60160" : 8,
            "60672" : 12,
            "61184" : 13,
            "61696" : 7,
            "62208" : 17,
            "62720" : 10,
            "63232" : 7,
            "63744" : 19,
            "64256" : 15,
            "64768" : 13,
            "65280" : 18,
            "66048" : 48,
            "67072" : 26,
            "68096" : 30,
            "69120" : 32,
            "70144" : 22,
            "71168" : 22,
            "72192" : 22,
            "73216" : 21,
            "74240" : 22,
            "75264" : 20,
            "76288" : 11,
            "77312" : 12,
            "78336" : 17,
            "79360" : 18,
            "80384" : 16,
            "81408" : 10,
            "82432" : 12,
            "83456" : 13,
            "84480" : 9,
            "85504" : 10,
            "86528" : 9,
            "87552" : 11,
            "88576" : 13,
            "89600" : 14,
            "90624" : 7,
            "91648" : 7,
            "92672" : 6,
            "93696" : 4,
            "94720" : 18,
            "95744" : 9,
            "96768" : 5,
            "97792" : 6,
            "98816" : 13,
            "99840" : 6,
            "100864" : 7,
            "101888" : 3,
            "102912" : 7,
            "103936" : 6,
            "104960" : 6,
            "105984" : 14,
            "107008" : 2,
            "108032" : 7,
            "109056" : 7,
            "110080" : 5,
            "111104" : 9,
            "112128" : 3,
            "113152" : 9,
            "114176" : 7,
            "115200" : 10,
            "116224" : 7,
            "117248" : 6,
            "118272" : 5,
            "119296" : 3,
            "120320" : 4,
            "121344" : 3,
            "122368" : 5,
            "123392" : 3,
            "124416" : 3,
            "125440" : 2,
            "126464" : 4,
            "127488" : 4,
            "128512" : 8,
            "129536" : 1,
            "130560" : 3,
            "132096" : 11,
            "134144" : 4,
            "136192" : 5,
            "138240" : 4,
            "140288" : 7,
            "142336" : 7,
            "144384" : 1,
            "146432" : 3,
            "148480" : 7,
            "150528" : 2,
            "152576" : 6,
            "154624" : 1,
            "156672" : 3,
            "158720" : 3,
            "160768" : 3,
            "162816" : 4,
            "164864" : 3,
            "166912" : 3,
            "175104" : 1,
            "177152" : 2,
            "179200" : 2,
            "181248" : 4,
            "187392" : 2,
            "189440" : 3,
            "191488" : 4,
            "193536" : 2,
            "195584" : 1,
            "197632" : 3,
            "199680" : 2,
            "201728" : 3,
            "203776" : 1,
            "205824" : 1,
            "207872" : 2,
            "209920" : 1,
            "211968" : 1,
            "214016" : 3,
            "216064" : 1,
            "218112" : 1,
            "220160" : 1,
            "222208" : 1,
            "224256" : 3,
            "226304" : 1,
            "228352" : 2,
            "230400" : 3,
            "232448" : 2,
            "234496" : 1,
            "236544" : 1,
            "238592" : 1,
            "240640" : 1,
            "242688" : 1,
            "244736" : 2,
            "246784" : 2,
            "248832" : 2,
            "250880" : 4,
            "252928" : 1,
            "259072" : 1,
            "261120" : 1,
            "264192" : 4,
            "268288" : 2,
            "272384" : 1,
            "276480" : 2,
            "280576" : 1,
            "284672" : 1,
            "288768" : 4,
            "292864" : 1,
            "296960" : 1,
            "301056" : 3,
            "305152" : 4,
            "309248" : 2,
            "313344" : 7,
            "317440" : 6,
            "321536" : 2,
            "325632" : 6,
            "329728" : 6,
            "333824" : 6,
            "337920" : 5,
            "342016" : 7,
            "346112" : 3,
            "350208" : 4,
            "354304" : 5,
            "358400" : 1,
            "362496" : 3,
            "366592" : 2,
            "370688" : 1,
            "378880" : 5,
            "382976" : 1,
            "387072" : 3,
            "395264" : 3,
            "399360" : 3,
            "403456" : 3,
            "407552" : 6,
            "411648" : 6,
            "415744" : 4,
            "419840" : 1,
            "423936" : 5,
            "428032" : 1,
            "432128" : 1,
            "440320" : 3,
            "444416" : 2,
            "452608" : 2,
            "464896" : 1,
            "477184" : 1,
            "481280" : 2,
            "505856" : 1,
            "509952" : 1,
            "514048" : 4,
            "528384" : 2,
            "536576" : 1,
            "552960" : 3,
            "561152" : 2,
            "569344" : 1,
            "577536" : 1,
            "585728" : 3,
            "602112" : 1,
            "610304" : 1,
            "618496" : 1,
            "626688" : 3,
            "634880" : 5,
            "643072" : 2,
            "659456" : 1,
            "667648" : 1,
            "692224" : 2,
            "708608" : 1,
            "716800" : 1,
            "724992" : 2,
            "733184" : 1,
            "774144" : 1,
            "782336" : 2,
            "839680" : 1,
            "856064" : 2,
            "864256" : 1,
            "872448" : 1,
            "880640" : 1,
            "905216" : 1,
            "921600" : 1,
            "929792" : 1,
            "954368" : 1,
            "962560" : 1,
            "978944" : 3,
            "987136" : 1,
            "995328" : 1,
            "1003520" : 1,
            "1028096" : 1,
            "1044480" : 1,
            "1089536" : 1,
            "1155072" : 1,
            "1171456" : 1,
            "1187840" : 1,
            "1204224" : 1,
            "1220608" : 1,
            "1236992" : 1,
            "1253376" : 1,
            "1286144" : 1,
            "1318912" : 1,
            "1335296" : 1,
            "1368064" : 3,
            "1433600" : 1,
            "1466368" : 1,
            "1597440" : 1,
            "1712128" : 1,
            "1728512" : 2,
            "1744896" : 2,
            "1875968" : 2,
            "1908736" : 2,
            "2023424" : 1,
            "2072576" : 2,
            "2801664" : 1,
            "2834432" : 3,
            "2867200" : 3,
            "2899968" : 4,
            "2932736" : 3,
            "2965504" : 2,
            "2998272" : 1,
            "3031040" : 1,
            "3129344" : 1,
            "3293184" : 1,
            "3325952" : 1,
            "3555328" : 1,
            "3850240" : 1,
            "4014080" : 1
          }
        },
        "lat_ns" : {
          "min" : 881,
          "max" : 4856857,
          "mean" : 2119.150499,
          "stddev" : 4672.587057,
          "N" : 19622002,
          "percentile" : {
            "1.000000" : 1128,
            "5.000000" : 1144,
            "10.000000" : 1176,
            "20.000000" : 1528,
            "30.000000" : 1560,
            "40.000000" : 1624,
            "50.000000" : 1784,
            "60.000000" : 2064,
            "70.000000" : 2256,
            "80.000000" : 2448,
            "90.000000" : 2800,
            "95.000000" : 3696,
            "99.000000" : 7328,
            "99.500000" : 9536,
            "99.900000" : 14528,
            "99.950000" : 17536,
            "99.990000" : 42240
          },
          "bins" : {
            "884" : 6,
            "892" : 68,
            "900" : 430,
            "908" : 1572,
            "916" : 3489,
            "924" : 5173,
            "932" : 5102,
            "940" : 3549,
            "948" : 1557,
            "956" : 542,
            "964" : 272,
            "972" : 150,
            "980" : 89,
            "988" : 67,
            "996" : 46,
            "1004" : 43,
            "1012" : 60,
            "1020" : 106,
            "1032" : 337,
            "1048" : 558,
            "1064" : 2081,
            "1080" : 2920,
            "1096" : 2385,
            "1112" : 19881,
            "1128" : 308347,
            "1144" : 682015,
            "1160" : 637786,
            "1176" : 386862,
            "1192" : 181360,
            "1208" : 96153,
            "1224" : 75817,
            "1240" : 79178,
            "1256" : 73832,
            "1272" : 63173,
            "1288" : 50703,
            "1304" : 36836,
            "1320" : 24446,
            "1336" : 17561,
            "1352" : 12714,
            "1368" : 10156,
            "1384" : 7205,
            "1400" : 5165,
            "1416" : 4498,
            "1432" : 6671,
            "1448" : 32052,
            "1464" : 126463,
            "1480" : 193059,
            "1496" : 177991,
            "1512" : 289357,
            "1528" : 715174,
            "1544" : 1025834,
            "1560" : 897860,
            "1576" : 683894,
            "1592" : 495234,
            "1608" : 372194,
            "1624" : 288350,
            "1640" : 239959,
            "1656" : 217735,
            "1672" : 195232,
            "1688" : 188413,
            "1704" : 178894,
            "1720" : 166928,
            "1736" : 168010,
            "1752" : 163307,
            "1768" : 169714,
            "1784" : 172897,
            "1800" : 168853,
            "1816" : 165133,
            "1832" : 148245,
            "1848" : 138800,
            "1864" : 132305,
            "1880" : 128180,
            "1896" : 131950,
            "1912" : 125972,
            "1928" : 123929,
            "1944" : 115955,
            "1960" : 102155,
            "1976" : 90254,
            "1992" : 72511,
            "2008" : 59236,
            "2024" : 46046,
            "2040" : 36859,
            "2064" : 65307,
            "2096" : 93823,
            "2128" : 188867,
            "2160" : 346258,
            "2192" : 503434,
            "2224" : 569863,
            "2256" : 548611,
            "2288" : 466233,
            "2320" : 383349,
            "2352" : 298548,
            "2384" : 221703,
            "2416" : 183987,
            "2448" : 182303,
            "2480" : 208761,
            "2512" : 236180,
            "2544" : 247583,
            "2576" : 242025,
            "2608" : 213782,
            "2640" : 183009,
            "2672" : 153901,
            "2704" : 131173,
            "2736" : 117442,
            "2768" : 103733,
            "2800" : 91839,
            "2832" : 82911,
            "2864" : 77601,
            "2896" : 79263,
            "2928" : 77007,
            "2960" : 71997,
            "2992" : 62363,
            "3024" : 51352,
            "3056" : 42381,
            "3088" : 34965,
            "3120" : 30388,
            "3152" : 26920,
            "3184" : 24662,
            "3216" : 22737,
            "3248" : 21357,
            "3280" : 19588,
            "3312" : 18643,
            "3344" : 17638,
            "3376" : 16659,
            "3408" : 15925,
            "3440" : 15426,
            "3472" : 14693,
            "3504" : 13867,
            "3536" : 13469,
            "3568" : 12905,
            "3600" : 12458,
            "3632" : 11850,
            "3664" : 11644,
            "3696" : 11597,
            "3728" : 11225,
            "3760" : 11397,
            "3792" : 10849,
            "3824" : 10887,
            "3856" : 11014,
            "3888" : 10713,
            "3920" : 10818,
            "3952" : 10813,
            "3984" : 10627,
            "4016" : 10638,
            "4048" : 10355,
            "4080" : 10232,
            "4128" : 19765,
            "4192" : 19866,
            "4256" : 19288,
            "4320" : 18858,
            "4384" : 17932,
            "4448" : 17620,
            "4512" : 17066,
            "4576" : 16676,
            "4640" : 16566,
            "4704" : 16098,
            "4768" : 15703,
            "4832" : 15352,
            "4896" : 14698,
            "4960" : 14263,
            "5024" : 13656,
            "5088" : 13610,
            "5152" : 13483,
            "5216" : 13125,
            "5280" : 12993,
            "5344" : 12514,
            "5408" : 12275,
            "5472" : 12210,
            "5536" : 12587,
            "5600" : 12159,
            "5664" : 11730,
            "5728" : 11353,
            "5792" : 11948,
            "5856" : 13721,
            "5920" : 14913,
            "5984" : 13970,
            "6048" : 12849,
            "6112" : 12140,
            "6176" : 13287,
            "6240" : 14536,
            "6304" : 14371,
            "6368" : 12513,
            "6432" : 11167,
            "6496" : 11858,
            "6560" : 12787,
            "6624" : 11926,
            "6688" : 9575,
            "6752" : 7196,
            "6816" : 6317,
            "6880" : 7169,
            "6944" : 8157,
            "7008" : 7928,
            "7072" : 6677,
            "7136" : 5429,
            "7200" : 4950,
            "7264" : 5121,
            "7328" : 4951,
            "7392" : 4548,
            "7456" : 3607,
            "7520" : 2701,
            "7584" : 2069,
            "7648" : 2047,
            "7712" : 2064,
            "7776" : 2165,
            "7840" : 2031,
            "7904" : 1924,
            "7968" : 1983,
            "8032" : 2144,
            "8096" : 2189,
            "8160" : 2368,
            "8256" : 4843,
            "8384" : 5583,
            "8512" : 6630,
            "8640" : 6703,
            "8768" : 6979,
            "8896" : 7142,
            "9024" : 6756,
            "9152" : 6297,
            "9280" : 5789,
            "9408" : 5088,
            "9536" : 4562,
            "9664" : 4342,
            "9792" : 3679,
            "9920" : 3246,
            "10048" : 3179,
            "10176" : 2959,
            "10304" : 2872,
            "10432" : 3026,
            "10560" : 2979,
            "10688" : 2864,
            "10816" : 2696,
            "10944" : 2767,
            "11072" : 2712,
            "11200" : 2874,
            "11328" : 2767,
            "11456" : 2760,
            "11584" : 2573,
            "11712" : 2391,
            "11840" : 2229,
            "11968" : 2098,
            "12096" : 1869,
            "12224" : 1826,
            "12352" : 1639,
            "12480" : 1523,
            "12608" : 1440,
            "12736" : 1345,
            "12864" : 1317,
            "12992" : 1211,
            "13120" : 1214,
            "13248" : 1078,
            "13376" : 1035,
            "13504" : 992,
            "13632" : 981,
            "13760" : 962,
            "13888" : 926,
            "14016" : 875,
            "14144" : 826,
            "14272" : 786,
            "14400" : 678,
            "14528" : 632,
            "14656" : 612,
            "14784" : 616,
            "14912" : 572,
            "15040" : 545,
            "15168" : 527,
            "15296" : 514,
            "15424" : 486,
            "15552" : 456,
            "15680" : 453,
            "15808" : 443,
            "15936" : 404,
            "16064" : 371,
            "16192" : 349,
            "16320" : 348,
            "16512" : 622,
            "16768" : 605,
            "17024" : 590,
            "17280" : 532,
            "17536" : 454,
            "17792" : 399,
            "18048" : 340,
            "18304" : 356,
            "18560" : 275,
            "18816" : 286,
            "19072" : 225,
            "19328" : 230,
            "19584" : 213,
            "19840" : 191,
            "20096" : 188,
            "20352" : 186,
            "20608" : 161,
            "20864" : 143,
            "21120" : 137,
            "21376" : 124,
            "21632" : 127,
            "21888" : 123,
            "22144" : 108,
            "22400" : 121,
            "22656" : 113,
            "22912" : 102,
            "23168" : 112,
            "23424" : 100,
            "23680" : 116,
            "23936" : 94,
            "24192" : 94,
            "24448" : 106,
            "24704" : 84,
            "24960" : 105,
            "25216" : 101,
            "25472" : 90,
            "25728" : 85,
            "25984" : 95,
            "26240" : 81,
            "26496" : 73,
            "26752" : 78,
            "27008" : 72,
            "27264" : 71,
            "27520" : 61,
            "27776" : 73,
            "28032" : 69,
            "28288" : 61,
            "28544" : 59,
            "28800" : 59,
            "29056" : 50,
            "29312" : 44,
            "29568" : 61,
            "29824" : 67,
            "30080" : 51,
            "30336" : 46,
            "30592" : 53,
            "30848" : 31,
            "31104" : 46,
            "31360" : 45,
            "31616" : 53,
            "31872" : 56,
            "32128" : 40,
            "32384" : 42,
            "32640" : 39,
            "33024" : 63,
            "33536" : 71,
            "34048" : 72,
            "34560" : 67,
            "35072" : 69,
            "35584" : 67,
            "36096" : 60,
            "36608" : 67,
            "37120" : 53,
            "37632" : 51,
            "38144" : 49,
            "38656" : 46,
            "39168" : 51,
            "39680" : 42,
            "40192" : 41,
            "40704" : 39,
            "41216" : 35,
            "41728" : 30,
            "42240" : 43,
            "42752" : 31,
            "43264" : 36,
            "43776" : 34,
            "44288" : 37,
            "44800" : 25,
            "45312" : 26,
            "45824" : 30,
            "46336" : 24,
            "46848" : 29,
            "47360" : 31,
            "47872" : 29,
            "48384" : 28,
            "48896" : 25,
            "49408" : 19,
            "49920" : 17,
            "50432" : 24,
            "50944" : 19,
            "51456" : 14,
            "51968" : 15,
            "52480" : 12,
            "52992" : 12,
            "53504" : 16,
            "54016" : 6,
            "54528" : 13,
            "55040" : 13,
            "55552" : 12,
            "56064" : 11,
            "56576" : 8,
            "57088" : 13,
            "57600" : 10,
            "58112" : 12,
            "58624" : 11,
            "59136" : 10,
            "59648" : 11,
            "60160" : 14,
            "60672" : 11,
            "61184" : 10,
            "61696" : 9,
            "62208" : 18,
            "62720" : 9,
            "63232" : 11,
            "63744" : 18,
            "64256" : 15,
            "64768" : 16,
            "65280" : 18,
            "66048" : 42,
            "67072" : 31,
            "68096" : 31,
            "69120" : 35,
            "70144" : 24,
            "71168" : 24,
            "72192" : 18,
            "73216" : 26,
            "74240" : 22,
            "75264" : 22,
            "76288" : 13,
            "77312" : 13,
            "78336" : 15,
            "79360" : 21,
            "80384" : 17,
            "81408" : 9,
            "82432" : 14,
            "83456" : 11,
            "84480" : 11,
            "85504" : 9,
            "86528" : 13,
            "87552" : 11,
            "88576" : 13,
            "89600" : 14,
            "90624" : 10,
            "91648" : 7,
            "92672" : 5,
            "93696" : 6,
            "94720" : 14,
            "95744" : 12,
            "96768" : 5,
            "97792" : 4,
            "98816" : 13,
            "99840" : 7,
            "100864" : 7,
            "101888" : 4,
            "102912" : 6,
            "103936" : 7,
            "104960" : 6,
            "105984" : 15,
            "107008" : 3,
            "108032" : 7,
            "109056" : 6,
            "110080" : 6,
            "111104" : 10,
            "112128" : 5,
            "113152" : 8,
            "114176" : 9,
            "115200" : 9,
            "116224" : 7,
            "117248" : 7,
            "118272" : 4,
            "119296" : 5,
            "120320" : 4,
            "121344" : 2,
            "122368" : 6,
            "123392" : 2,
            "124416" : 5,
            "125440" : 3,
            "126464" : 2,
            "127488" : 7,
            "128512" : 7,
            "129536" : 2,
            "130560" : 3,
            "132096" : 11,
            "134144" : 4,
            "136192" : 7,
            "138240" : 4,
            "140288" : 7,
            "142336" : 7,
            "144384" : 1,
            "146432" : 3,
            "148480" : 7,
            "150528" : 2,
            "152576" : 8,
            "154624" : 1,
            "156672" : 2,
            "158720" : 4,
            "160768" : 4,
            "162816" : 4,
            "164864" : 3,
            "166912" : 3,
            "175104" : 1,
            "177152" : 1,
            "179200" : 3,
            "181248" : 4,
            "185344" : 1,
            "187392" : 3,
            "189440" : 2,
            "191488" : 4,
            "193536" : 2,
            "195584" : 1,
            "197632" : 4,
            "199680" : 2,
            "201728" : 3,
            "203776" : 1,
            "205824" : 1,
            "207872" : 2,
            "209920" : 1,
            "211968" : 2,
            "214016" : 3,
            "216064" : 1,
            "218112" : 1,
            "220160" : 1,
            "222208" : 1,
            "224256" : 3,
            "228352" : 3,
            "230400" : 3,
            "232448" : 2,
            "234496" : 2,
            "236544" : 1,
            "238592" : 1,
            "240640" : 1,
            "242688" : 1,
            "244736" : 2,
            "246784" : 2,
            "248832" : 2,
            "250880" : 4,
            "252928" : 1,
            "259072" : 1,
            "261120" : 1,
            "264192" : 4,
            "268288" : 2,
            "272384" : 1,
            "276480" : 2,
            "280576" : 1,
            "284672" : 1,
            "288768" : 4,
            "292864" : 1,
            "296960" : 1,
            "301056" : 3,
            "305152" : 4,
            "309248" : 2,
            "313344" : 7,
            "317440" : 6,
            "321536" : 3,
            "325632" : 6,
            "329728" : 5,
            "333824" : 8,
            "337920" : 7,
            "342016" : 7,
            "346112" : 3,
            "350208" : 4,
            "354304" : 5,
            "358400" : 1,
            "362496" : 3,
            "366592" : 2,
            "370688" : 1,
            "378880" : 5,
            "382976" : 1,
            "387072" : 3,
            "395264" : 3,
            "399360" : 3,
            "403456" : 2,
            "407552" : 7,
            "411648" : 5,
            "415744" : 5,
            "419840" : 1,
            "423936" : 5,
            "428032" : 1,
            "432128" : 1,
            "440320" : 2,
            "444416" : 2,
            "452608" : 2,
            "464896" : 1,
            "477184" : 1,
            "481280" : 2,
            "505856" : 1,
            "509952" : 1,
            "514048" : 3,
            "518144" : 1,
            "522240" : 1,
            "528384" : 2,
            "536576" : 1,
            "552960" : 3,
            "561152" : 2,
            "569344" : 1,
            "577536" : 1,
            "585728" : 3,
            "602112" : 1,
            "610304" : 1,
            "618496" : 1,
            "626688" : 3,
            "634880" : 5,
            "643072" : 1,
            "659456" : 1,
            "667648" : 1,
            "692224" : 2,
            "708608" : 1,
            "716800" : 1,
            "724992" : 2,
            "774144" : 1,
            "782336" : 2,
            "839680" : 1,
            "856064" : 2,
            "864256" : 1,
            "872448" : 2,
            "880640" : 1,
            "905216" : 1,
            "921600" : 1,
            "929792" : 1,
            "937984" : 1,
            "954368" : 1,
            "962560" : 1,
            "978944" : 3,
            "987136" : 2,
            "995328" : 1,
            "1003520" : 1,
            "1028096" : 1,
            "1044480" : 1,
            "1089536" : 1,
            "1155072" : 1,
            "1171456" : 1,
            "1187840" : 1,
            "1204224" : 1,
            "1220608" : 1,
            "1236992" : 1,
            "1253376" : 1,
            "1286144" : 1,
            "1318912" : 1,
            "1335296" : 1,
            "1368064" : 2,
            "1384448" : 1,
            "1433600" : 1,
            "1466368" : 1,
            "1597440" : 1,
            "1712128" : 1,
            "1728512" : 2,
            "1744896" : 2,
            "1875968" : 2,
            "1908736" : 2,
            "2023424" : 1,
            "2072576" : 2,
            "2801664" : 1,
            "2834432" : 3,
            "2867200" : 3,
            "2899968" : 4,
            "2932736" : 3,
            "2965504" : 3,
            "2998272" : 1,
            "3031040" : 1,
            "3129344" : 1,
            "3293184" : 1,
            "3325952" : 1,
            "3555328" : 1,
            "3850240" : 1,
            "4014080" : 1,
            "4882432" : 1
          }
        },
        "bw_min" : 141072,
        "bw_max" : 319848,
        "bw_agg" : 100.000000,
        "bw_mean" : 261733.382304,
        "bw_dev" : 23348.271798,
        "bw_samples" : 599,
        "iops_min" : 35268,
        "iops_max" : 79962,
        "iops_mean" : 65433.348915,
        "iops_stddev" : 5837.064014,
        "iops_samples" : 599
      },
      "trim" : {
        "io_bytes" : 0,
        "io_kbytes" : 0,
        "bw_bytes" : 0,
        "bw" : 0,
        "iops" : 0.000000,
        "runtime" : 0,
        "total_ios" : 0,
        "short_ios" : 0,
        "drop_ios" : 0,
        "slat_ns" : {
          "min" : 0,
          "max" : 0,
          "mean" : 0.000000,
          "stddev" : 0.000000,
          "N" : 0
        },
        "clat_ns" : {
          "min" : 0,
          "max" : 0,
          "mean" : 0.000000,
          "stddev" : 0.000000,
          "N" : 0
        },
        "lat_ns" : {
          "min" : 0,
          "max" : 0,
          "mean" : 0.000000,
          "stddev" : 0.000000,
          "N" : 0
        },
        "bw_min" : 0,
        "bw_max" : 0,
        "bw_agg" : 0.000000,
        "bw_mean" : 0.000000,
        "bw_dev" : 0.000000,
        "bw_samples" : 0,
        "iops_min" : 0,
        "iops_max" : 0,
        "iops_mean" : 0.000000,
        "iops_stddev" : 0.000000,
        "iops_samples" : 0
      },
      "sync" : {
        "total_ios" : 0,
        "lat_ns" : {
          "min" : 0,
          "max" : 0,
          "mean" : 0.000000,
          "stddev" : 0.000000,
          "N" : 0
        }
      },
      "job_runtime" : 300000,
      "usr_cpu" : 13.822333,
      "sys_cpu" : 63.106667,
      "ctx" : 16644448,
      "majf" : 0,
      "minf" : 20,
      "iodepth_level" : {
        "1" : 100.000000,
        "2" : 0.000000,
        "4" : 0.000000,
        "8" : 0.000000,
        "16" : 0.000000,
        "32" : 0.000000,
        ">=64" : 0.000000
      },
      "iodepth_submit" : {
        "0" : 0.000000,
        "4" : 100.000000,
        "8" : 0.000000,
        "16" : 0.000000,
        "32" : 0.000000,
        "64" : 0.000000,
        ">=64" : 0.000000
      },
      "iodepth_complete" : {
        "0" : 0.000000,
        "4" : 100.000000,
        "8" : 0.000000,
        "16" : 0.000000,
        "32" : 0.000000,
        "64" : 0.000000,
        ">=64" : 0.000000
      },
      "latency_ns" : {
        "2" : 0.000000,
        "4" : 0.000000,
        "10" : 0.000000,
        "20" : 0.000000,
        "50" : 0.000000,
        "100" : 0.000000,
        "250" : 0.000000,
        "500" : 0.000000,
        "750" : 0.886351,
        "1000" : 10.874411
      },
      "latency_us" : {
        "2" : 31.926917,
        "4" : 17.893493,
        "10" : 18.301925,
        "20" : 19.352121,
        "50" : 0.726129,
        "100" : 0.025148,
        "250" : 0.010000,
        "500" : 0.010000,
        "750" : 0.010000,
        "1000" : 0.010000
      },
      "latency_ms" : {
        "2" : 0.010000,
        "4" : 0.010000,
        "10" : 0.010000,
        "20" : 0.010000,
        "50" : 0.000000,
        "100" : 0.000000,
        "250" : 0.000000,
        "500" : 0.000000,
        "750" : 0.000000,
        "1000" : 0.000000,
        "2000" : 0.000000,
        ">=2000" : 0.000000
      },
      "latency_depth" : 128,
      "latency_target" : 0,
      "latency_percentile" : 100.000000,
      "latency_window" : 0
    }
  ],
  "disk_util" : [
    {
      "name" : "loop25",
      "read_ios" : 14219501,
      "write_ios" : 19590850,
      "read_merges" : 0,
      "write_merges" : 0,
      "read_ticks" : 102380,
      "write_ticks" : 240654,
      "in_queue" : 44,
      "util" : 99.959652
    }
  ]
}
